[0.071s] Invoking command in '/home/ros2/ros2_learn/cartoros2_ws/build/absl': /usr/bin/cmake --build /home/ros2/ros2_learn/cartoros2_ws/build/absl -- -j4 -l4
[0.216s] [  2%] Built target dynamic_annotations
[0.219s] [  4%] Built target int128
[0.244s] [  6%] Built target civil_time
[0.320s] [  8%] Built target spinlock_wait
[0.330s] [ 11%] Built target strings_internal
[0.413s] [ 13%] Built target leak_check
[0.425s] [ 23%] Built target time_zone
[0.458s] [ 24%] Built target leak_check_disable
[0.491s] [ 26%] Built target city
[0.505s] [ 34%] Built target base
[0.573s] [ 36%] Built target throw_delegate
[0.575s] [ 38%] Built target malloc_internal
[0.586s] [ 40%] Built target scoped_set_env
[0.588s] [ 42%] Built target bad_optional_access
[0.625s] [ 44%] Built target bad_variant_access
[0.646s] [ 47%] Built target debugging_internal
[0.647s] [ 49%] Built target graphcycles_internal
[0.663s] [ 51%] Built target demangle_internal
[0.684s] [ 52%] Built target bad_any_cast_impl
[0.717s] [ 65%] Built target strings
[0.736s] [ 67%] Built target symbolize
[0.752s] [ 69%] Built target stacktrace
[0.795s] [ 71%] Built target hash
[0.813s] [ 78%] Built target str_format_internal
[0.822s] [ 84%] Built target time
[0.834s] [ 86%] Built target examine_stack
[0.890s] [ 93%] Built target synchronization
[0.937s] [ 96%] Built target hashtablez_sampler
[0.941s] [ 98%] Built target failure_signal_handler
[1.035s] [100%] Built target raw_hash_set
[1.080s] Invoked command in '/home/ros2/ros2_learn/cartoros2_ws/build/absl' returned '0': /usr/bin/cmake --build /home/ros2/ros2_learn/cartoros2_ws/build/absl -- -j4 -l4
[1.246s] Invoking command in '/home/ros2/ros2_learn/cartoros2_ws/build/absl': /usr/bin/cmake --install /home/ros2/ros2_learn/cartoros2_ws/build/absl
[1.265s] -- Install configuration: ""
[1.270s] -- Up-to-date: /home/ros2/ros2_learn/cartoros2_ws/install/absl/lib/cmake/absl/abslTargets.cmake
[1.271s] -- Up-to-date: /home/ros2/ros2_learn/cartoros2_ws/install/absl/lib/cmake/absl/abslTargets-noconfig.cmake
[1.271s] -- Up-to-date: /home/ros2/ros2_learn/cartoros2_ws/install/absl/lib/cmake/absl/abslConfig.cmake
[1.271s] -- Up-to-date: /home/ros2/ros2_learn/cartoros2_ws/install/absl/include/absl
[1.271s] -- Up-to-date: /home/ros2/ros2_learn/cartoros2_ws/install/absl/include/absl/strings
[1.271s] -- Up-to-date: /home/ros2/ros2_learn/cartoros2_ws/install/absl/include/absl/strings/internal
[1.272s] -- Up-to-date: /home/ros2/ros2_learn/cartoros2_ws/install/absl/include/absl/strings/internal/charconv_bigint.h
[1.272s] -- Up-to-date: /home/ros2/ros2_learn/cartoros2_ws/install/absl/include/absl/strings/internal/escaping_test_common.h
[1.272s] -- Up-to-date: /home/ros2/ros2_learn/cartoros2_ws/install/absl/include/absl/strings/internal/ostringstream.h
[1.272s] -- Up-to-date: /home/ros2/ros2_learn/cartoros2_ws/install/absl/include/absl/strings/internal/stl_type_traits.h
[1.272s] -- Up-to-date: /home/ros2/ros2_learn/cartoros2_ws/install/absl/include/absl/strings/internal/numbers_test_common.h
[1.273s] -- Up-to-date: /home/ros2/ros2_learn/cartoros2_ws/install/absl/include/absl/strings/internal/char_map.h
[1.273s] -- Up-to-date: /home/ros2/ros2_learn/cartoros2_ws/install/absl/include/absl/strings/internal/str_split_internal.h
[1.273s] -- Up-to-date: /home/ros2/ros2_learn/cartoros2_ws/install/absl/include/absl/strings/internal/pow10_helper.h
[1.273s] -- Up-to-date: /home/ros2/ros2_learn/cartoros2_ws/install/absl/include/absl/strings/internal/memutil.h
[1.273s] -- Up-to-date: /home/ros2/ros2_learn/cartoros2_ws/install/absl/include/absl/strings/internal/str_format
[1.273s] -- Up-to-date: /home/ros2/ros2_learn/cartoros2_ws/install/absl/include/absl/strings/internal/str_format/float_conversion.h
[1.273s] -- Up-to-date: /home/ros2/ros2_learn/cartoros2_ws/install/absl/include/absl/strings/internal/str_format/bind.h
[1.277s] -- Up-to-date: /home/ros2/ros2_learn/cartoros2_ws/install/absl/include/absl/strings/internal/str_format/output.h
[1.277s] -- Up-to-date: /home/ros2/ros2_learn/cartoros2_ws/install/absl/include/absl/strings/internal/str_format/extension.h
[1.278s] -- Up-to-date: /home/ros2/ros2_learn/cartoros2_ws/install/absl/include/absl/strings/internal/str_format/arg.h
[1.278s] -- Up-to-date: /home/ros2/ros2_learn/cartoros2_ws/install/absl/include/absl/strings/internal/str_format/parser.h
[1.278s] -- Up-to-date: /home/ros2/ros2_learn/cartoros2_ws/install/absl/include/absl/strings/internal/str_format/checker.h
[1.278s] -- Up-to-date: /home/ros2/ros2_learn/cartoros2_ws/install/absl/include/absl/strings/internal/str_join_internal.h
[1.278s] -- Up-to-date: /home/ros2/ros2_learn/cartoros2_ws/install/absl/include/absl/strings/internal/utf8.h
[1.278s] -- Up-to-date: /home/ros2/ros2_learn/cartoros2_ws/install/absl/include/absl/strings/internal/resize_uninitialized.h
[1.278s] -- Up-to-date: /home/ros2/ros2_learn/cartoros2_ws/install/absl/include/absl/strings/internal/charconv_parse.h
[1.278s] -- Up-to-date: /home/ros2/ros2_learn/cartoros2_ws/install/absl/include/absl/strings/str_replace.h
[1.278s] -- Up-to-date: /home/ros2/ros2_learn/cartoros2_ws/install/absl/include/absl/strings/ascii.h
[1.279s] -- Up-to-date: /home/ros2/ros2_learn/cartoros2_ws/install/absl/include/absl/strings/numbers.h
[1.279s] -- Up-to-date: /home/ros2/ros2_learn/cartoros2_ws/install/absl/include/absl/strings/str_cat.h
[1.279s] -- Up-to-date: /home/ros2/ros2_learn/cartoros2_ws/install/absl/include/absl/strings/match.h
[1.279s] -- Up-to-date: /home/ros2/ros2_learn/cartoros2_ws/install/absl/include/absl/strings/str_format.h
[1.279s] -- Up-to-date: /home/ros2/ros2_learn/cartoros2_ws/install/absl/include/absl/strings/string_view.h
[1.279s] -- Up-to-date: /home/ros2/ros2_learn/cartoros2_ws/install/absl/include/absl/strings/escaping.h
[1.279s] -- Up-to-date: /home/ros2/ros2_learn/cartoros2_ws/install/absl/include/absl/strings/testdata
[1.279s] -- Up-to-date: /home/ros2/ros2_learn/cartoros2_ws/install/absl/include/absl/strings/str_join.h
[1.279s] -- Up-to-date: /home/ros2/ros2_learn/cartoros2_ws/install/absl/include/absl/strings/str_split.h
[1.279s] -- Up-to-date: /home/ros2/ros2_learn/cartoros2_ws/install/absl/include/absl/strings/strip.h
[1.279s] -- Up-to-date: /home/ros2/ros2_learn/cartoros2_ws/install/absl/include/absl/strings/substitute.h
[1.280s] -- Up-to-date: /home/ros2/ros2_learn/cartoros2_ws/install/absl/include/absl/strings/charconv.h
[1.280s] -- Up-to-date: /home/ros2/ros2_learn/cartoros2_ws/install/absl/include/absl/algorithm
[1.281s] -- Up-to-date: /home/ros2/ros2_learn/cartoros2_ws/install/absl/include/absl/algorithm/container.h
[1.281s] -- Up-to-date: /home/ros2/ros2_learn/cartoros2_ws/install/absl/include/absl/algorithm/algorithm.h
[1.281s] -- Up-to-date: /home/ros2/ros2_learn/cartoros2_ws/install/absl/include/absl/base
[1.284s] -- Up-to-date: /home/ros2/ros2_learn/cartoros2_ws/install/absl/include/absl/base/config.h
[1.284s] -- Up-to-date: /home/ros2/ros2_learn/cartoros2_ws/install/absl/include/absl/base/internal
[1.284s] -- Up-to-date: /home/ros2/ros2_learn/cartoros2_ws/install/absl/include/absl/base/internal/tsan_mutex_interface.h
[1.284s] -- Up-to-date: /home/ros2/ros2_learn/cartoros2_ws/install/absl/include/absl/base/internal/spinlock_akaros.inc
[1.284s] -- Up-to-date: /home/ros2/ros2_learn/cartoros2_ws/install/absl/include/absl/base/internal/spinlock_linux.inc
[1.285s] -- Up-to-date: /home/ros2/ros2_learn/cartoros2_ws/install/absl/include/absl/base/internal/raw_logging.h
[1.285s] -- Up-to-date: /home/ros2/ros2_learn/cartoros2_ws/install/absl/include/absl/base/internal/low_level_scheduling.h
[1.285s] -- Up-to-date: /home/ros2/ros2_learn/cartoros2_ws/install/absl/include/absl/base/internal/low_level_alloc.h
[1.285s] -- Up-to-date: /home/ros2/ros2_learn/cartoros2_ws/install/absl/include/absl/base/internal/cycleclock.h
[1.285s] -- Up-to-date: /home/ros2/ros2_learn/cartoros2_ws/install/absl/include/absl/base/internal/spinlock.h
[1.285s] -- Up-to-date: /home/ros2/ros2_learn/cartoros2_ws/install/absl/include/absl/base/internal/throw_delegate.h
[1.285s] -- Up-to-date: /home/ros2/ros2_learn/cartoros2_ws/install/absl/include/absl/base/internal/exception_testing.h
[1.285s] -- Up-to-date: /home/ros2/ros2_learn/cartoros2_ws/install/absl/include/absl/base/internal/spinlock_win32.inc
[1.285s] -- Up-to-date: /home/ros2/ros2_learn/cartoros2_ws/install/absl/include/absl/base/internal/direct_mmap.h
[1.285s] -- Up-to-date: /home/ros2/ros2_learn/cartoros2_ws/install/absl/include/absl/base/internal/endian.h
[1.286s] -- Up-to-date: /home/ros2/ros2_learn/cartoros2_ws/install/absl/include/absl/base/internal/atomic_hook.h
[1.286s] -- Up-to-date: /home/ros2/ros2_learn/cartoros2_ws/install/absl/include/absl/base/internal/exception_safety_testing.h
[1.286s] -- Up-to-date: /home/ros2/ros2_learn/cartoros2_ws/install/absl/include/absl/base/internal/inline_variable.h
[1.286s] -- Up-to-date: /home/ros2/ros2_learn/cartoros2_ws/install/absl/include/absl/base/internal/identity.h
[1.286s] -- Up-to-date: /home/ros2/ros2_learn/cartoros2_ws/install/absl/include/absl/base/internal/unscaledcycleclock.h
[1.286s] -- Up-to-date: /home/ros2/ros2_learn/cartoros2_ws/install/absl/include/absl/base/internal/thread_identity.h
[1.286s] -- Up-to-date: /home/ros2/ros2_learn/cartoros2_ws/install/absl/include/absl/base/internal/spinlock_posix.inc
[1.286s] -- Up-to-date: /home/ros2/ros2_learn/cartoros2_ws/install/absl/include/absl/base/internal/bits.h
[1.286s] -- Up-to-date: /home/ros2/ros2_learn/cartoros2_ws/install/absl/include/absl/base/internal/spinlock_wait.h
[1.286s] -- Up-to-date: /home/ros2/ros2_learn/cartoros2_ws/install/absl/include/absl/base/internal/unaligned_access.h
[1.286s] -- Up-to-date: /home/ros2/ros2_learn/cartoros2_ws/install/absl/include/absl/base/internal/scheduling_mode.h
[1.286s] -- Up-to-date: /home/ros2/ros2_learn/cartoros2_ws/install/absl/include/absl/base/internal/scoped_set_env.h
[1.286s] -- Up-to-date: /home/ros2/ros2_learn/cartoros2_ws/install/absl/include/absl/base/internal/invoke.h
[1.286s] -- Up-to-date: /home/ros2/ros2_learn/cartoros2_ws/install/absl/include/absl/base/internal/per_thread_tls.h
[1.286s] -- Up-to-date: /home/ros2/ros2_learn/cartoros2_ws/install/absl/include/absl/base/internal/sysinfo.h
[1.286s] -- Up-to-date: /home/ros2/ros2_learn/cartoros2_ws/install/absl/include/absl/base/internal/hide_ptr.h
[1.286s] -- Up-to-date: /home/ros2/ros2_learn/cartoros2_ws/install/absl/include/absl/base/internal/inline_variable_testing.h
[1.286s] -- Up-to-date: /home/ros2/ros2_learn/cartoros2_ws/install/absl/include/absl/base/internal/pretty_function.h
[1.286s] -- Up-to-date: /home/ros2/ros2_learn/cartoros2_ws/install/absl/include/absl/base/macros.h
[1.287s] -- Up-to-date: /home/ros2/ros2_learn/cartoros2_ws/install/absl/include/absl/base/dynamic_annotations.h
[1.287s] -- Up-to-date: /home/ros2/ros2_learn/cartoros2_ws/install/absl/include/absl/base/casts.h
[1.287s] -- Up-to-date: /home/ros2/ros2_learn/cartoros2_ws/install/absl/include/absl/base/thread_annotations.h
[1.287s] -- Up-to-date: /home/ros2/ros2_learn/cartoros2_ws/install/absl/include/absl/base/attributes.h
[1.287s] -- Up-to-date: /home/ros2/ros2_learn/cartoros2_ws/install/absl/include/absl/base/port.h
[1.287s] -- Up-to-date: /home/ros2/ros2_learn/cartoros2_ws/install/absl/include/absl/base/policy_checks.h
[1.287s] -- Up-to-date: /home/ros2/ros2_learn/cartoros2_ws/install/absl/include/absl/base/call_once.h
[1.287s] -- Up-to-date: /home/ros2/ros2_learn/cartoros2_ws/install/absl/include/absl/base/log_severity.h
[1.287s] -- Up-to-date: /home/ros2/ros2_learn/cartoros2_ws/install/absl/include/absl/base/const_init.h
[1.287s] -- Up-to-date: /home/ros2/ros2_learn/cartoros2_ws/install/absl/include/absl/base/optimization.h
[1.287s] -- Up-to-date: /home/ros2/ros2_learn/cartoros2_ws/install/absl/include/absl/memory
[1.287s] -- Up-to-date: /home/ros2/ros2_learn/cartoros2_ws/install/absl/include/absl/memory/memory.h
[1.287s] -- Up-to-date: /home/ros2/ros2_learn/cartoros2_ws/install/absl/include/absl/time
[1.288s] -- Up-to-date: /home/ros2/ros2_learn/cartoros2_ws/install/absl/include/absl/time/internal
[1.288s] -- Up-to-date: /home/ros2/ros2_learn/cartoros2_ws/install/absl/include/absl/time/internal/test_util.h
[1.288s] -- Up-to-date: /home/ros2/ros2_learn/cartoros2_ws/install/absl/include/absl/time/internal/get_current_time_posix.inc
[1.288s] -- Up-to-date: /home/ros2/ros2_learn/cartoros2_ws/install/absl/include/absl/time/internal/zoneinfo.inc
[1.288s] -- Up-to-date: /home/ros2/ros2_learn/cartoros2_ws/install/absl/include/absl/time/internal/get_current_time_chrono.inc
[1.288s] -- Up-to-date: /home/ros2/ros2_learn/cartoros2_ws/install/absl/include/absl/time/internal/cctz
[1.288s] -- Up-to-date: /home/ros2/ros2_learn/cartoros2_ws/install/absl/include/absl/time/internal/cctz/src
[1.288s] -- Up-to-date: /home/ros2/ros2_learn/cartoros2_ws/install/absl/include/absl/time/internal/cctz/src/time_zone_impl.h
[1.288s] -- Up-to-date: /home/ros2/ros2_learn/cartoros2_ws/install/absl/include/absl/time/internal/cctz/src/time_zone_info.h
[1.288s] -- Up-to-date: /home/ros2/ros2_learn/cartoros2_ws/install/absl/include/absl/time/internal/cctz/src/tzfile.h
[1.288s] -- Up-to-date: /home/ros2/ros2_learn/cartoros2_ws/install/absl/include/absl/time/internal/cctz/src/time_zone_if.h
[1.288s] -- Up-to-date: /home/ros2/ros2_learn/cartoros2_ws/install/absl/include/absl/time/internal/cctz/src/time_zone_fixed.h
[1.289s] -- Up-to-date: /home/ros2/ros2_learn/cartoros2_ws/install/absl/include/absl/time/internal/cctz/src/time_zone_posix.h
[1.289s] -- Up-to-date: /home/ros2/ros2_learn/cartoros2_ws/install/absl/include/absl/time/internal/cctz/src/time_zone_libc.h
[1.289s] -- Up-to-date: /home/ros2/ros2_learn/cartoros2_ws/install/absl/include/absl/time/internal/cctz/testdata
[1.289s] -- Up-to-date: /home/ros2/ros2_learn/cartoros2_ws/install/absl/include/absl/time/internal/cctz/testdata/zoneinfo
[1.290s] -- Up-to-date: /home/ros2/ros2_learn/cartoros2_ws/install/absl/include/absl/time/internal/cctz/testdata/zoneinfo/Canada
[1.290s] -- Up-to-date: /home/ros2/ros2_learn/cartoros2_ws/install/absl/include/absl/time/internal/cctz/testdata/zoneinfo/Australia
[1.290s] -- Up-to-date: /home/ros2/ros2_learn/cartoros2_ws/install/absl/include/absl/time/internal/cctz/testdata/zoneinfo/Etc
[1.291s] -- Up-to-date: /home/ros2/ros2_learn/cartoros2_ws/install/absl/include/absl/time/internal/cctz/testdata/zoneinfo/America
[1.291s] -- Up-to-date: /home/ros2/ros2_learn/cartoros2_ws/install/absl/include/absl/time/internal/cctz/testdata/zoneinfo/America/Argentina
[1.291s] -- Up-to-date: /home/ros2/ros2_learn/cartoros2_ws/install/absl/include/absl/time/internal/cctz/testdata/zoneinfo/America/North_Dakota
[1.292s] -- Up-to-date: /home/ros2/ros2_learn/cartoros2_ws/install/absl/include/absl/time/internal/cctz/testdata/zoneinfo/America/Indiana
[1.292s] -- Up-to-date: /home/ros2/ros2_learn/cartoros2_ws/install/absl/include/absl/time/internal/cctz/testdata/zoneinfo/America/Kentucky
[1.292s] -- Up-to-date: /home/ros2/ros2_learn/cartoros2_ws/install/absl/include/absl/time/internal/cctz/testdata/zoneinfo/US
[1.292s] -- Up-to-date: /home/ros2/ros2_learn/cartoros2_ws/install/absl/include/absl/time/internal/cctz/testdata/zoneinfo/Antarctica
[1.292s] -- Up-to-date: /home/ros2/ros2_learn/cartoros2_ws/install/absl/include/absl/time/internal/cctz/testdata/zoneinfo/Mexico
[1.292s] -- Up-to-date: /home/ros2/ros2_learn/cartoros2_ws/install/absl/include/absl/time/internal/cctz/testdata/zoneinfo/Atlantic
[1.292s] -- Up-to-date: /home/ros2/ros2_learn/cartoros2_ws/install/absl/include/absl/time/internal/cctz/testdata/zoneinfo/Africa
[1.293s] -- Up-to-date: /home/ros2/ros2_learn/cartoros2_ws/install/absl/include/absl/time/internal/cctz/testdata/zoneinfo/Asia
[1.293s] -- Up-to-date: /home/ros2/ros2_learn/cartoros2_ws/install/absl/include/absl/time/internal/cctz/testdata/zoneinfo/Europe
[1.296s] -- Up-to-date: /home/ros2/ros2_learn/cartoros2_ws/install/absl/include/absl/time/internal/cctz/testdata/zoneinfo/Brazil
[1.296s] -- Up-to-date: /home/ros2/ros2_learn/cartoros2_ws/install/absl/include/absl/time/internal/cctz/testdata/zoneinfo/Chile
[1.297s] -- Up-to-date: /home/ros2/ros2_learn/cartoros2_ws/install/absl/include/absl/time/internal/cctz/testdata/zoneinfo/Arctic
[1.298s] -- Up-to-date: /home/ros2/ros2_learn/cartoros2_ws/install/absl/include/absl/time/internal/cctz/testdata/zoneinfo/Indian
[1.298s] -- Up-to-date: /home/ros2/ros2_learn/cartoros2_ws/install/absl/include/absl/time/internal/cctz/testdata/zoneinfo/Pacific
[1.299s] -- Up-to-date: /home/ros2/ros2_learn/cartoros2_ws/install/absl/include/absl/time/internal/cctz/include
[1.300s] -- Up-to-date: /home/ros2/ros2_learn/cartoros2_ws/install/absl/include/absl/time/internal/cctz/include/cctz
[1.301s] -- Up-to-date: /home/ros2/ros2_learn/cartoros2_ws/install/absl/include/absl/time/internal/cctz/include/cctz/time_zone.h
[1.301s] -- Up-to-date: /home/ros2/ros2_learn/cartoros2_ws/install/absl/include/absl/time/internal/cctz/include/cctz/civil_time_detail.h
[1.301s] -- Up-to-date: /home/ros2/ros2_learn/cartoros2_ws/install/absl/include/absl/time/internal/cctz/include/cctz/civil_time.h
[1.302s] -- Up-to-date: /home/ros2/ros2_learn/cartoros2_ws/install/absl/include/absl/time/internal/cctz/include/cctz/zone_info_source.h
[1.302s] -- Up-to-date: /home/ros2/ros2_learn/cartoros2_ws/install/absl/include/absl/time/civil_time.h
[1.302s] -- Up-to-date: /home/ros2/ros2_learn/cartoros2_ws/install/absl/include/absl/time/time.h
[1.305s] -- Up-to-date: /home/ros2/ros2_learn/cartoros2_ws/install/absl/include/absl/time/clock.h
[1.305s] -- Up-to-date: /home/ros2/ros2_learn/cartoros2_ws/install/absl/include/absl/synchronization
[1.305s] -- Up-to-date: /home/ros2/ros2_learn/cartoros2_ws/install/absl/include/absl/synchronization/internal
[1.306s] -- Up-to-date: /home/ros2/ros2_learn/cartoros2_ws/install/absl/include/absl/synchronization/internal/thread_pool.h
[1.306s] -- Up-to-date: /home/ros2/ros2_learn/cartoros2_ws/install/absl/include/absl/synchronization/internal/mutex_nonprod.inc
[1.307s] -- Up-to-date: /home/ros2/ros2_learn/cartoros2_ws/install/absl/include/absl/synchronization/internal/per_thread_sem.h
[1.307s] -- Up-to-date: /home/ros2/ros2_learn/cartoros2_ws/install/absl/include/absl/synchronization/internal/graphcycles.h
[1.307s] -- Up-to-date: /home/ros2/ros2_learn/cartoros2_ws/install/absl/include/absl/synchronization/internal/create_thread_identity.h
[1.307s] -- Up-to-date: /home/ros2/ros2_learn/cartoros2_ws/install/absl/include/absl/synchronization/internal/kernel_timeout.h
[1.308s] -- Up-to-date: /home/ros2/ros2_learn/cartoros2_ws/install/absl/include/absl/synchronization/internal/waiter.h
[1.308s] -- Up-to-date: /home/ros2/ros2_learn/cartoros2_ws/install/absl/include/absl/synchronization/barrier.h
[1.308s] -- Up-to-date: /home/ros2/ros2_learn/cartoros2_ws/install/absl/include/absl/synchronization/notification.h
[1.308s] -- Up-to-date: /home/ros2/ros2_learn/cartoros2_ws/install/absl/include/absl/synchronization/mutex.h
[1.308s] -- Up-to-date: /home/ros2/ros2_learn/cartoros2_ws/install/absl/include/absl/synchronization/blocking_counter.h
[1.308s] -- Up-to-date: /home/ros2/ros2_learn/cartoros2_ws/install/absl/include/absl/types
[1.308s] -- Up-to-date: /home/ros2/ros2_learn/cartoros2_ws/install/absl/include/absl/types/internal
[1.308s] -- Up-to-date: /home/ros2/ros2_learn/cartoros2_ws/install/absl/include/absl/types/internal/optional.h
[1.308s] -- Up-to-date: /home/ros2/ros2_learn/cartoros2_ws/install/absl/include/absl/types/internal/span.h
[1.309s] -- Up-to-date: /home/ros2/ros2_learn/cartoros2_ws/install/absl/include/absl/types/internal/variant.h
[1.309s] -- Up-to-date: /home/ros2/ros2_learn/cartoros2_ws/install/absl/include/absl/types/optional.h
[1.309s] -- Up-to-date: /home/ros2/ros2_learn/cartoros2_ws/install/absl/include/absl/types/bad_optional_access.h
[1.309s] -- Up-to-date: /home/ros2/ros2_learn/cartoros2_ws/install/absl/include/absl/types/span.h
[1.309s] -- Up-to-date: /home/ros2/ros2_learn/cartoros2_ws/install/absl/include/absl/types/variant.h
[1.310s] -- Up-to-date: /home/ros2/ros2_learn/cartoros2_ws/install/absl/include/absl/types/any.h
[1.310s] -- Up-to-date: /home/ros2/ros2_learn/cartoros2_ws/install/absl/include/absl/types/bad_any_cast.h
[1.310s] -- Up-to-date: /home/ros2/ros2_learn/cartoros2_ws/install/absl/include/absl/types/bad_variant_access.h
[1.310s] -- Up-to-date: /home/ros2/ros2_learn/cartoros2_ws/install/absl/include/absl/utility
[1.310s] -- Up-to-date: /home/ros2/ros2_learn/cartoros2_ws/install/absl/include/absl/utility/utility.h
[1.310s] -- Up-to-date: /home/ros2/ros2_learn/cartoros2_ws/install/absl/include/absl/copts
[1.311s] -- Up-to-date: /home/ros2/ros2_learn/cartoros2_ws/install/absl/include/absl/container
[1.311s] -- Up-to-date: /home/ros2/ros2_learn/cartoros2_ws/install/absl/include/absl/container/node_hash_set.h
[1.311s] -- Up-to-date: /home/ros2/ros2_learn/cartoros2_ws/install/absl/include/absl/container/internal
[1.311s] -- Up-to-date: /home/ros2/ros2_learn/cartoros2_ws/install/absl/include/absl/container/internal/counting_allocator.h
[1.311s] -- Up-to-date: /home/ros2/ros2_learn/cartoros2_ws/install/absl/include/absl/container/internal/compressed_tuple.h
[1.311s] -- Up-to-date: /home/ros2/ros2_learn/cartoros2_ws/install/absl/include/absl/container/internal/unordered_map_lookup_test.h
[1.312s] -- Up-to-date: /home/ros2/ros2_learn/cartoros2_ws/install/absl/include/absl/container/internal/have_sse.h
[1.312s] -- Up-to-date: /home/ros2/ros2_learn/cartoros2_ws/install/absl/include/absl/container/internal/hashtable_debug.h
[1.312s] -- Up-to-date: /home/ros2/ros2_learn/cartoros2_ws/install/absl/include/absl/container/internal/hash_policy_testing.h
[1.312s] -- Up-to-date: /home/ros2/ros2_learn/cartoros2_ws/install/absl/include/absl/container/internal/unordered_set_lookup_test.h
[1.312s] -- Up-to-date: /home/ros2/ros2_learn/cartoros2_ws/install/absl/include/absl/container/internal/unordered_map_modifiers_test.h
[1.313s] -- Up-to-date: /home/ros2/ros2_learn/cartoros2_ws/install/absl/include/absl/container/internal/raw_hash_map.h
[1.313s] -- Up-to-date: /home/ros2/ros2_learn/cartoros2_ws/install/absl/include/absl/container/internal/hash_generator_testing.h
[1.313s] -- Up-to-date: /home/ros2/ros2_learn/cartoros2_ws/install/absl/include/absl/container/internal/hashtablez_sampler.h
[1.313s] -- Up-to-date: /home/ros2/ros2_learn/cartoros2_ws/install/absl/include/absl/container/internal/unordered_map_constructor_test.h
[1.313s] -- Up-to-date: /home/ros2/ros2_learn/cartoros2_ws/install/absl/include/absl/container/internal/unordered_map_members_test.h
[1.313s] -- Up-to-date: /home/ros2/ros2_learn/cartoros2_ws/install/absl/include/absl/container/internal/node_hash_policy.h
[1.314s] -- Up-to-date: /home/ros2/ros2_learn/cartoros2_ws/install/absl/include/absl/container/internal/hash_policy_traits.h
[1.320s] -- Up-to-date: /home/ros2/ros2_learn/cartoros2_ws/install/absl/include/absl/container/internal/container_memory.h
[1.320s] -- Up-to-date: /home/ros2/ros2_learn/cartoros2_ws/install/absl/include/absl/container/internal/unordered_set_modifiers_test.h
[1.321s] -- Up-to-date: /home/ros2/ros2_learn/cartoros2_ws/install/absl/include/absl/container/internal/unordered_set_constructor_test.h
[1.321s] -- Up-to-date: /home/ros2/ros2_learn/cartoros2_ws/install/absl/include/absl/container/internal/common.h
[1.322s] -- Up-to-date: /home/ros2/ros2_learn/cartoros2_ws/install/absl/include/absl/container/internal/layout.h
[1.322s] -- Up-to-date: /home/ros2/ros2_learn/cartoros2_ws/install/absl/include/absl/container/internal/hashtable_debug_hooks.h
[1.322s] -- Up-to-date: /home/ros2/ros2_learn/cartoros2_ws/install/absl/include/absl/container/internal/inlined_vector.h
[1.322s] -- Up-to-date: /home/ros2/ros2_learn/cartoros2_ws/install/absl/include/absl/container/internal/unordered_set_members_test.h
[1.322s] -- Up-to-date: /home/ros2/ros2_learn/cartoros2_ws/install/absl/include/absl/container/internal/hash_function_defaults.h
[1.323s] -- Up-to-date: /home/ros2/ros2_learn/cartoros2_ws/install/absl/include/absl/container/internal/raw_hash_set.h
[1.323s] -- Up-to-date: /home/ros2/ros2_learn/cartoros2_ws/install/absl/include/absl/container/internal/test_instance_tracker.h
[1.323s] -- Up-to-date: /home/ros2/ros2_learn/cartoros2_ws/install/absl/include/absl/container/internal/tracked.h
[1.323s] -- Up-to-date: /home/ros2/ros2_learn/cartoros2_ws/install/absl/include/absl/container/flat_hash_map.h
[1.323s] -- Up-to-date: /home/ros2/ros2_learn/cartoros2_ws/install/absl/include/absl/container/flat_hash_set.h
[1.323s] -- Up-to-date: /home/ros2/ros2_learn/cartoros2_ws/install/absl/include/absl/container/fixed_array.h
[1.324s] -- Up-to-date: /home/ros2/ros2_learn/cartoros2_ws/install/absl/include/absl/container/node_hash_map.h
[1.324s] -- Up-to-date: /home/ros2/ros2_learn/cartoros2_ws/install/absl/include/absl/container/inlined_vector.h
[1.325s] -- Up-to-date: /home/ros2/ros2_learn/cartoros2_ws/install/absl/include/absl/debugging
[1.325s] -- Up-to-date: /home/ros2/ros2_learn/cartoros2_ws/install/absl/include/absl/debugging/internal
[1.325s] -- Up-to-date: /home/ros2/ros2_learn/cartoros2_ws/install/absl/include/absl/debugging/internal/stacktrace_generic-inl.inc
[1.325s] -- Up-to-date: /home/ros2/ros2_learn/cartoros2_ws/install/absl/include/absl/debugging/internal/stacktrace_x86-inl.inc
[1.326s] -- Up-to-date: /home/ros2/ros2_learn/cartoros2_ws/install/absl/include/absl/debugging/internal/stack_consumption.h
[1.326s] -- Up-to-date: /home/ros2/ros2_learn/cartoros2_ws/install/absl/include/absl/debugging/internal/stacktrace_aarch64-inl.inc
[1.326s] -- Up-to-date: /home/ros2/ros2_learn/cartoros2_ws/install/absl/include/absl/debugging/internal/elf_mem_image.h
[1.326s] -- Up-to-date: /home/ros2/ros2_learn/cartoros2_ws/install/absl/include/absl/debugging/internal/vdso_support.h
[1.326s] -- Up-to-date: /home/ros2/ros2_learn/cartoros2_ws/install/absl/include/absl/debugging/internal/stacktrace_unimplemented-inl.inc
[1.326s] -- Up-to-date: /home/ros2/ros2_learn/cartoros2_ws/install/absl/include/absl/debugging/internal/stacktrace_arm-inl.inc
[1.326s] -- Up-to-date: /home/ros2/ros2_learn/cartoros2_ws/install/absl/include/absl/debugging/internal/stacktrace_win32-inl.inc
[1.326s] -- Up-to-date: /home/ros2/ros2_learn/cartoros2_ws/install/absl/include/absl/debugging/internal/stacktrace_powerpc-inl.inc
[1.326s] -- Up-to-date: /home/ros2/ros2_learn/cartoros2_ws/install/absl/include/absl/debugging/internal/symbolize.h
[1.326s] -- Up-to-date: /home/ros2/ros2_learn/cartoros2_ws/install/absl/include/absl/debugging/internal/address_is_readable.h
[1.327s] -- Up-to-date: /home/ros2/ros2_learn/cartoros2_ws/install/absl/include/absl/debugging/internal/examine_stack.h
[1.327s] -- Up-to-date: /home/ros2/ros2_learn/cartoros2_ws/install/absl/include/absl/debugging/internal/stacktrace_config.h
[1.327s] -- Up-to-date: /home/ros2/ros2_learn/cartoros2_ws/install/absl/include/absl/debugging/internal/demangle.h
[1.327s] -- Up-to-date: /home/ros2/ros2_learn/cartoros2_ws/install/absl/include/absl/debugging/symbolize_win32.inc
[1.327s] -- Up-to-date: /home/ros2/ros2_learn/cartoros2_ws/install/absl/include/absl/debugging/leak_check.h
[1.327s] -- Up-to-date: /home/ros2/ros2_learn/cartoros2_ws/install/absl/include/absl/debugging/symbolize.h
[1.327s] -- Up-to-date: /home/ros2/ros2_learn/cartoros2_ws/install/absl/include/absl/debugging/symbolize_unimplemented.inc
[1.327s] -- Up-to-date: /home/ros2/ros2_learn/cartoros2_ws/install/absl/include/absl/debugging/stacktrace.h
[1.327s] -- Up-to-date: /home/ros2/ros2_learn/cartoros2_ws/install/absl/include/absl/debugging/failure_signal_handler.h
[1.327s] -- Up-to-date: /home/ros2/ros2_learn/cartoros2_ws/install/absl/include/absl/debugging/symbolize_elf.inc
[1.328s] -- Up-to-date: /home/ros2/ros2_learn/cartoros2_ws/install/absl/include/absl/numeric
[1.329s] -- Up-to-date: /home/ros2/ros2_learn/cartoros2_ws/install/absl/include/absl/numeric/int128_no_intrinsic.inc
[1.329s] -- Up-to-date: /home/ros2/ros2_learn/cartoros2_ws/install/absl/include/absl/numeric/int128_have_intrinsic.inc
[1.329s] -- Up-to-date: /home/ros2/ros2_learn/cartoros2_ws/install/absl/include/absl/numeric/int128.h
[1.329s] -- Up-to-date: /home/ros2/ros2_learn/cartoros2_ws/install/absl/include/absl/hash
[1.330s] -- Up-to-date: /home/ros2/ros2_learn/cartoros2_ws/install/absl/include/absl/hash/internal
[1.330s] -- Up-to-date: /home/ros2/ros2_learn/cartoros2_ws/install/absl/include/absl/hash/internal/hash.h
[1.330s] -- Up-to-date: /home/ros2/ros2_learn/cartoros2_ws/install/absl/include/absl/hash/internal/city.h
[1.330s] -- Up-to-date: /home/ros2/ros2_learn/cartoros2_ws/install/absl/include/absl/hash/internal/spy_hash_state.h
[1.331s] -- Up-to-date: /home/ros2/ros2_learn/cartoros2_ws/install/absl/include/absl/hash/hash.h
[1.331s] -- Up-to-date: /home/ros2/ros2_learn/cartoros2_ws/install/absl/include/absl/hash/hash_testing.h
[1.331s] -- Up-to-date: /home/ros2/ros2_learn/cartoros2_ws/install/absl/include/absl/meta
[1.336s] -- Up-to-date: /home/ros2/ros2_learn/cartoros2_ws/install/absl/include/absl/meta/type_traits.h
[1.337s] -- Up-to-date: /home/ros2/ros2_learn/cartoros2_ws/install/absl/lib/libabsl_spinlock_wait.a
[1.338s] -- Up-to-date: /home/ros2/ros2_learn/cartoros2_ws/install/absl/lib/libabsl_dynamic_annotations.a
[1.338s] -- Up-to-date: /home/ros2/ros2_learn/cartoros2_ws/install/absl/lib/libabsl_malloc_internal.a
[1.338s] -- Up-to-date: /home/ros2/ros2_learn/cartoros2_ws/install/absl/lib/libabsl_base.a
[1.339s] -- Up-to-date: /home/ros2/ros2_learn/cartoros2_ws/install/absl/lib/libabsl_throw_delegate.a
[1.339s] -- Up-to-date: /home/ros2/ros2_learn/cartoros2_ws/install/absl/lib/libabsl_scoped_set_env.a
[1.339s] -- Up-to-date: /home/ros2/ros2_learn/cartoros2_ws/install/absl/lib/libabsl_hashtablez_sampler.a
[1.339s] -- Up-to-date: /home/ros2/ros2_learn/cartoros2_ws/install/absl/lib/libabsl_raw_hash_set.a
[1.340s] -- Up-to-date: /home/ros2/ros2_learn/cartoros2_ws/install/absl/lib/libabsl_stacktrace.a
[1.340s] -- Up-to-date: /home/ros2/ros2_learn/cartoros2_ws/install/absl/lib/libabsl_symbolize.a
[1.346s] -- Up-to-date: /home/ros2/ros2_learn/cartoros2_ws/install/absl/lib/libabsl_examine_stack.a
[1.346s] -- Up-to-date: /home/ros2/ros2_learn/cartoros2_ws/install/absl/lib/libabsl_failure_signal_handler.a
[1.346s] -- Up-to-date: /home/ros2/ros2_learn/cartoros2_ws/install/absl/lib/libabsl_debugging_internal.a
[1.347s] -- Up-to-date: /home/ros2/ros2_learn/cartoros2_ws/install/absl/lib/libabsl_demangle_internal.a
[1.358s] -- Up-to-date: /home/ros2/ros2_learn/cartoros2_ws/install/absl/lib/libabsl_leak_check.a
[1.358s] -- Up-to-date: /home/ros2/ros2_learn/cartoros2_ws/install/absl/lib/libabsl_leak_check_disable.a
[1.358s] -- Up-to-date: /home/ros2/ros2_learn/cartoros2_ws/install/absl/lib/libabsl_hash.a
[1.358s] -- Up-to-date: /home/ros2/ros2_learn/cartoros2_ws/install/absl/lib/libabsl_city.a
[1.358s] -- Up-to-date: /home/ros2/ros2_learn/cartoros2_ws/install/absl/lib/libabsl_int128.a
[1.358s] -- Up-to-date: /home/ros2/ros2_learn/cartoros2_ws/install/absl/lib/libabsl_strings.a
[1.358s] -- Up-to-date: /home/ros2/ros2_learn/cartoros2_ws/install/absl/lib/libabsl_strings_internal.a
[1.359s] -- Up-to-date: /home/ros2/ros2_learn/cartoros2_ws/install/absl/lib/libabsl_str_format_internal.a
[1.359s] -- Up-to-date: /home/ros2/ros2_learn/cartoros2_ws/install/absl/lib/libabsl_graphcycles_internal.a
[1.359s] -- Up-to-date: /home/ros2/ros2_learn/cartoros2_ws/install/absl/lib/libabsl_synchronization.a
[1.359s] -- Up-to-date: /home/ros2/ros2_learn/cartoros2_ws/install/absl/lib/libabsl_time.a
[1.359s] -- Up-to-date: /home/ros2/ros2_learn/cartoros2_ws/install/absl/lib/libabsl_civil_time.a
[1.359s] -- Up-to-date: /home/ros2/ros2_learn/cartoros2_ws/install/absl/lib/libabsl_time_zone.a
[1.359s] -- Up-to-date: /home/ros2/ros2_learn/cartoros2_ws/install/absl/lib/libabsl_bad_any_cast_impl.a
[1.359s] -- Up-to-date: /home/ros2/ros2_learn/cartoros2_ws/install/absl/lib/libabsl_bad_optional_access.a
[1.359s] -- Up-to-date: /home/ros2/ros2_learn/cartoros2_ws/install/absl/lib/libabsl_bad_variant_access.a
[1.359s] Invoked command in '/home/ros2/ros2_learn/cartoros2_ws/build/absl' returned '0': /usr/bin/cmake --install /home/ros2/ros2_learn/cartoros2_ws/build/absl
