[0.025s] Invoking command in '/home/ros2/ros2_learn/fishbot_ws/build/nav2_voxel_grid': AMENT_PREFIX_PATH=/home/ros2/ros2_learn/fishbot_ws/install/nav2_common:${AMENT_PREFIX_PATH} CMAKE_PREFIX_PATH=/home/ros2/ros2_learn/fishbot_ws/install/nav2_common:/opt/ros/galactic PYTHONPATH=/home/ros2/ros2_learn/fishbot_ws/install/nav2_common/lib/python3.8/site-packages:${PYTHONPATH} /usr/bin/cmake /home/ros2/ros2_learn/fishbot_ws/src/navigation2/nav2_voxel_grid -DCMAKE_INSTALL_PREFIX=/home/ros2/ros2_learn/fishbot_ws/install/nav2_voxel_grid
[0.160s] -- The C compiler identification is GNU 9.4.0
[0.235s] -- The CXX compiler identification is GNU 9.4.0
[0.243s] -- Check for working C compiler: /usr/bin/cc
[0.354s] -- Check for working C compiler: /usr/bin/cc -- works
[0.354s] -- Detecting C compiler ABI info
[0.471s] -- Detecting C compiler ABI info - done
[0.488s] -- Detecting C compile features
[0.489s] -- Detecting C compile features - done
[0.491s] -- Check for working CXX compiler: /usr/bin/c++
[0.636s] -- Check for working CXX compiler: /usr/bin/c++ -- works
[0.638s] -- Detecting CXX compiler ABI info
[0.848s] -- Detecting CXX compiler ABI info - done
[0.871s] -- Detecting CXX compile features
[0.872s] -- Detecting CXX compile features - done
[0.877s] -- Found ament_cmake: 1.1.6 (/opt/ros/galactic/share/ament_cmake/cmake)
[0.958s] -- Found PythonInterp: /usr/bin/python3 (found suitable version "3.8.10", minimum required is "3") 
[0.958s] -- Using PYTHON_EXECUTABLE: /usr/bin/python3
[1.083s] -- Found nav2_common: 1.0.12 (/home/ros2/ros2_learn/fishbot_ws/install/nav2_common/share/nav2_common/cmake)
[1.085s] -- Found rclcpp: 9.2.2 (/opt/ros/galactic/share/rclcpp/cmake)
[1.153s] -- Using all available rosidl_typesupport_c: rosidl_typesupport_fastrtps_c;rosidl_typesupport_introspection_c
[1.164s] -- Found rosidl_adapter: 2.2.3 (/opt/ros/galactic/share/rosidl_adapter/cmake)
[1.347s] -- Found OpenSSL: /usr/lib/x86_64-linux-gnu/libcrypto.so (found version "1.1.1f")  
[1.450s] -- Found FastRTPS: /opt/ros/galactic/include  
[1.658s] -- Using all available rosidl_typesupport_cpp: rosidl_typesupport_fastrtps_cpp;rosidl_typesupport_introspection_cpp
[1.772s] -- Found rmw_implementation_cmake: 3.3.1 (/opt/ros/galactic/share/rmw_implementation_cmake/cmake)
[1.778s] -- Found rmw_cyclonedds_cpp: 0.22.6 (/opt/ros/galactic/share/rmw_cyclonedds_cpp/cmake)
[1.810s] -- Using RMW implementation 'rmw_cyclonedds_cpp' as default
[1.811s] -- Looking for pthread.h
[1.925s] -- Looking for pthread.h - found
[1.925s] -- Performing Test CMAKE_HAVE_LIBC_PTHREAD
[2.095s] -- Performing Test CMAKE_HAVE_LIBC_PTHREAD - Failed
[2.096s] -- Looking for pthread_create in pthreads
[2.248s] -- Looking for pthread_create in pthreads - not found
[2.249s] -- Looking for pthread_create in pthread
[2.355s] -- Looking for pthread_create in pthread - found
[2.357s] -- Found Threads: TRUE  
[2.581s] -- Setting build type to Release as none was specified.
[2.585s] -- Found ament_lint_auto: 0.10.7 (/opt/ros/galactic/share/ament_lint_auto/cmake)
[2.705s] -- Found gtest sources under '/opt/ros/galactic/src/gtest_vendor': C++ tests using 'Google Test' will be built
[2.711s] -- Check if compiler accepts -pthread
[2.858s] -- Check if compiler accepts -pthread - yes
[2.870s] -- Added test 'cppcheck' to perform static code analysis on C / C++ code
[2.870s] -- Configured cppcheck include dirs: /home/ros2/ros2_learn/fishbot_ws/src/navigation2/nav2_voxel_grid/include
[2.870s] -- Configured cppcheck exclude dirs and/or files: 
[2.872s] -- Added test 'cpplint' to check C / C++ code against the Google style
[2.872s] -- Configured cpplint exclude dirs and/or files: 
[2.875s] -- Added test 'lint_cmake' to check CMake code style
[2.877s] -- Added test 'uncrustify' to check C / C++ code style
[2.877s] -- Configured uncrustify additional arguments: 
[2.879s] -- Added test 'xmllint' to check XML markup files
[2.886s] -- Configuring done
[2.916s] -- Generating done
[2.920s] -- Build files have been written to: /home/ros2/ros2_learn/fishbot_ws/build/nav2_voxel_grid
[2.948s] Invoked command in '/home/ros2/ros2_learn/fishbot_ws/build/nav2_voxel_grid' returned '0': AMENT_PREFIX_PATH=/home/ros2/ros2_learn/fishbot_ws/install/nav2_common:${AMENT_PREFIX_PATH} CMAKE_PREFIX_PATH=/home/ros2/ros2_learn/fishbot_ws/install/nav2_common:/opt/ros/galactic PYTHONPATH=/home/ros2/ros2_learn/fishbot_ws/install/nav2_common/lib/python3.8/site-packages:${PYTHONPATH} /usr/bin/cmake /home/ros2/ros2_learn/fishbot_ws/src/navigation2/nav2_voxel_grid -DCMAKE_INSTALL_PREFIX=/home/ros2/ros2_learn/fishbot_ws/install/nav2_voxel_grid
[2.958s] Invoking command in '/home/ros2/ros2_learn/fishbot_ws/build/nav2_voxel_grid': AMENT_PREFIX_PATH=/home/ros2/ros2_learn/fishbot_ws/install/nav2_common:${AMENT_PREFIX_PATH} CMAKE_PREFIX_PATH=/home/ros2/ros2_learn/fishbot_ws/install/nav2_common:/opt/ros/galactic PYTHONPATH=/home/ros2/ros2_learn/fishbot_ws/install/nav2_common/lib/python3.8/site-packages:${PYTHONPATH} /usr/bin/cmake --build /home/ros2/ros2_learn/fishbot_ws/build/nav2_voxel_grid -- -j4 -l4
[3.078s] [35m[1mScanning dependencies of target voxel_grid[0m
[3.195s] [ 10%] [32mBuilding CXX object CMakeFiles/voxel_grid.dir/src/voxel_grid.cpp.o[0m
[7.893s] [ 20%] [32m[1mLinking CXX shared library libvoxel_grid.so[0m
[8.061s] [ 20%] Built target voxel_grid
[8.077s] [35m[1mScanning dependencies of target gtest_main[0m
[8.113s] [ 30%] [32mBuilding CXX object gtest/CMakeFiles/gtest_main.dir/src/gtest_main.cc.o[0m
[9.599s] [ 40%] [32m[1mLinking CXX static library libgtest_main.a[0m
[9.647s] [ 40%] Built target gtest_main
[9.661s] [35m[1mScanning dependencies of target gtest[0m
[9.691s] [ 50%] [32mBuilding CXX object gtest/CMakeFiles/gtest.dir/src/gtest-all.cc.o[0m
[21.917s] [ 60%] [32m[1mLinking CXX static library libgtest.a[0m
[21.967s] [ 60%] Built target gtest
[21.981s] [35m[1mScanning dependencies of target voxel_grid_bresenham_3d[0m
[22.036s] [ 70%] [32mBuilding CXX object test/CMakeFiles/voxel_grid_bresenham_3d.dir/voxel_grid_bresenham_3d.cpp.o[0m
[27.508s] [ 80%] [32m[1mLinking CXX executable voxel_grid_bresenham_3d[0m
[27.700s] [ 80%] Built target voxel_grid_bresenham_3d
[27.715s] [35m[1mScanning dependencies of target voxel_grid_tests[0m
[27.768s] [ 90%] [32mBuilding CXX object test/CMakeFiles/voxel_grid_tests.dir/voxel_grid_tests.cpp.o[0m
[32.701s] [100%] [32m[1mLinking CXX executable voxel_grid_tests[0m
[32.879s] [100%] Built target voxel_grid_tests
[32.898s] Invoked command in '/home/ros2/ros2_learn/fishbot_ws/build/nav2_voxel_grid' returned '0': AMENT_PREFIX_PATH=/home/ros2/ros2_learn/fishbot_ws/install/nav2_common:${AMENT_PREFIX_PATH} CMAKE_PREFIX_PATH=/home/ros2/ros2_learn/fishbot_ws/install/nav2_common:/opt/ros/galactic PYTHONPATH=/home/ros2/ros2_learn/fishbot_ws/install/nav2_common/lib/python3.8/site-packages:${PYTHONPATH} /usr/bin/cmake --build /home/ros2/ros2_learn/fishbot_ws/build/nav2_voxel_grid -- -j4 -l4
[32.941s] Invoking command in '/home/ros2/ros2_learn/fishbot_ws/build/nav2_voxel_grid': AMENT_PREFIX_PATH=/home/ros2/ros2_learn/fishbot_ws/install/nav2_common:${AMENT_PREFIX_PATH} CMAKE_PREFIX_PATH=/home/ros2/ros2_learn/fishbot_ws/install/nav2_common:/opt/ros/galactic PYTHONPATH=/home/ros2/ros2_learn/fishbot_ws/install/nav2_common/lib/python3.8/site-packages:${PYTHONPATH} /usr/bin/cmake --install /home/ros2/ros2_learn/fishbot_ws/build/nav2_voxel_grid
[32.953s] -- Install configuration: "Release"
[32.953s] -- Installing: /home/ros2/ros2_learn/fishbot_ws/install/nav2_voxel_grid/lib/libvoxel_grid.so
[32.953s] -- Set runtime path of "/home/ros2/ros2_learn/fishbot_ws/install/nav2_voxel_grid/lib/libvoxel_grid.so" to ""
[32.953s] -- Installing: /home/ros2/ros2_learn/fishbot_ws/install/nav2_voxel_grid/include
[32.954s] -- Installing: /home/ros2/ros2_learn/fishbot_ws/install/nav2_voxel_grid/include/nav2_voxel_grid
[32.954s] -- Installing: /home/ros2/ros2_learn/fishbot_ws/install/nav2_voxel_grid/include/nav2_voxel_grid/voxel_grid.hpp
[32.954s] -- Installing: /home/ros2/ros2_learn/fishbot_ws/install/nav2_voxel_grid/share/nav2_voxel_grid/environment/library_path.sh
[32.954s] -- Installing: /home/ros2/ros2_learn/fishbot_ws/install/nav2_voxel_grid/share/nav2_voxel_grid/environment/library_path.dsv
[32.954s] -- Installing: /home/ros2/ros2_learn/fishbot_ws/install/nav2_voxel_grid/share/ament_index/resource_index/package_run_dependencies/nav2_voxel_grid
[32.954s] -- Installing: /home/ros2/ros2_learn/fishbot_ws/install/nav2_voxel_grid/share/ament_index/resource_index/parent_prefix_path/nav2_voxel_grid
[32.955s] -- Installing: /home/ros2/ros2_learn/fishbot_ws/install/nav2_voxel_grid/share/nav2_voxel_grid/environment/ament_prefix_path.sh
[32.955s] -- Installing: /home/ros2/ros2_learn/fishbot_ws/install/nav2_voxel_grid/share/nav2_voxel_grid/environment/ament_prefix_path.dsv
[32.955s] -- Installing: /home/ros2/ros2_learn/fishbot_ws/install/nav2_voxel_grid/share/nav2_voxel_grid/environment/path.sh
[32.955s] -- Installing: /home/ros2/ros2_learn/fishbot_ws/install/nav2_voxel_grid/share/nav2_voxel_grid/environment/path.dsv
[32.955s] -- Installing: /home/ros2/ros2_learn/fishbot_ws/install/nav2_voxel_grid/share/nav2_voxel_grid/local_setup.bash
[32.956s] -- Installing: /home/ros2/ros2_learn/fishbot_ws/install/nav2_voxel_grid/share/nav2_voxel_grid/local_setup.sh
[32.956s] -- Installing: /home/ros2/ros2_learn/fishbot_ws/install/nav2_voxel_grid/share/nav2_voxel_grid/local_setup.zsh
[32.956s] -- Installing: /home/ros2/ros2_learn/fishbot_ws/install/nav2_voxel_grid/share/nav2_voxel_grid/local_setup.dsv
[32.956s] -- Installing: /home/ros2/ros2_learn/fishbot_ws/install/nav2_voxel_grid/share/nav2_voxel_grid/package.dsv
[32.956s] -- Installing: /home/ros2/ros2_learn/fishbot_ws/install/nav2_voxel_grid/share/ament_index/resource_index/packages/nav2_voxel_grid
[32.957s] -- Installing: /home/ros2/ros2_learn/fishbot_ws/install/nav2_voxel_grid/share/nav2_voxel_grid/cmake/ament_cmake_export_dependencies-extras.cmake
[32.957s] -- Installing: /home/ros2/ros2_learn/fishbot_ws/install/nav2_voxel_grid/share/nav2_voxel_grid/cmake/ament_cmake_export_include_directories-extras.cmake
[32.957s] -- Installing: /home/ros2/ros2_learn/fishbot_ws/install/nav2_voxel_grid/share/nav2_voxel_grid/cmake/ament_cmake_export_libraries-extras.cmake
[32.957s] -- Installing: /home/ros2/ros2_learn/fishbot_ws/install/nav2_voxel_grid/share/nav2_voxel_grid/cmake/nav2_voxel_gridConfig.cmake
[32.957s] -- Installing: /home/ros2/ros2_learn/fishbot_ws/install/nav2_voxel_grid/share/nav2_voxel_grid/cmake/nav2_voxel_gridConfig-version.cmake
[32.958s] -- Installing: /home/ros2/ros2_learn/fishbot_ws/install/nav2_voxel_grid/share/nav2_voxel_grid/package.xml
[32.962s] Invoked command in '/home/ros2/ros2_learn/fishbot_ws/build/nav2_voxel_grid' returned '0': AMENT_PREFIX_PATH=/home/ros2/ros2_learn/fishbot_ws/install/nav2_common:${AMENT_PREFIX_PATH} CMAKE_PREFIX_PATH=/home/ros2/ros2_learn/fishbot_ws/install/nav2_common:/opt/ros/galactic PYTHONPATH=/home/ros2/ros2_learn/fishbot_ws/install/nav2_common/lib/python3.8/site-packages:${PYTHONPATH} /usr/bin/cmake --install /home/ros2/ros2_learn/fishbot_ws/build/nav2_voxel_grid
