Performing C++ SOURCE FILE Test CMAKE_HAVE_LIBC_PTHREAD failed with the following output:
Change Dir: /home/ros2/ros2_learn/fishbot_ws/build/nav2_behavior_tree/CMakeFiles/CMakeTmp

Run Build Command(s):/usr/bin/make cmTC_3fa9c/fast && /usr/bin/make -f CMakeFiles/cmTC_3fa9c.dir/build.make CMakeFiles/cmTC_3fa9c.dir/build
make[1]: 进入目录“/home/ros2/ros2_learn/fishbot_ws/build/nav2_behavior_tree/CMakeFiles/CMakeTmp”
Building CXX object CMakeFiles/cmTC_3fa9c.dir/src.cxx.o
/usr/bin/c++    -DCMAKE_HAVE_LIBC_PTHREAD   -o CMakeFiles/cmTC_3fa9c.dir/src.cxx.o -c /home/ros2/ros2_learn/fishbot_ws/build/nav2_behavior_tree/CMakeFiles/CMakeTmp/src.cxx
Linking CXX executable cmTC_3fa9c
/usr/bin/cmake -E cmake_link_script CMakeFiles/cmTC_3fa9c.dir/link.txt --verbose=1
/usr/bin/c++   -DCMAKE_HAVE_LIBC_PTHREAD    CMakeFiles/cmTC_3fa9c.dir/src.cxx.o  -o cmTC_3fa9c 
/usr/bin/ld: CMakeFiles/cmTC_3fa9c.dir/src.cxx.o: in function `main':
src.cxx:(.text+0x46): undefined reference to `pthread_create'
/usr/bin/ld: src.cxx:(.text+0x52): undefined reference to `pthread_detach'
/usr/bin/ld: src.cxx:(.text+0x63): undefined reference to `pthread_join'
collect2: error: ld returned 1 exit status
make[1]: *** [CMakeFiles/cmTC_3fa9c.dir/build.make:87：cmTC_3fa9c] 错误 1
make[1]: 离开目录“/home/ros2/ros2_learn/fishbot_ws/build/nav2_behavior_tree/CMakeFiles/CMakeTmp”
make: *** [Makefile:121：cmTC_3fa9c/fast] 错误 2


Source file was:
#include <pthread.h>

void* test_func(void* data)
{
  return data;
}

int main(void)
{
  pthread_t thread;
  pthread_create(&thread, NULL, test_func, NULL);
  pthread_detach(thread);
  pthread_join(thread, NULL);
  pthread_atfork(NULL, NULL, NULL);
  pthread_exit(NULL);

  return 0;
}

Determining if the function pthread_create exists in the pthreads failed with the following output:
Change Dir: /home/ros2/ros2_learn/fishbot_ws/build/nav2_behavior_tree/CMakeFiles/CMakeTmp

Run Build Command(s):/usr/bin/make cmTC_fdb59/fast && /usr/bin/make -f CMakeFiles/cmTC_fdb59.dir/build.make CMakeFiles/cmTC_fdb59.dir/build
make[1]: 进入目录“/home/ros2/ros2_learn/fishbot_ws/build/nav2_behavior_tree/CMakeFiles/CMakeTmp”
Building CXX object CMakeFiles/cmTC_fdb59.dir/CheckFunctionExists.cxx.o
/usr/bin/c++    -DCHECK_FUNCTION_EXISTS=pthread_create   -o CMakeFiles/cmTC_fdb59.dir/CheckFunctionExists.cxx.o -c /home/ros2/ros2_learn/fishbot_ws/build/nav2_behavior_tree/CMakeFiles/CheckLibraryExists/CheckFunctionExists.cxx
Linking CXX executable cmTC_fdb59
/usr/bin/cmake -E cmake_link_script CMakeFiles/cmTC_fdb59.dir/link.txt --verbose=1
/usr/bin/c++   -DCHECK_FUNCTION_EXISTS=pthread_create    CMakeFiles/cmTC_fdb59.dir/CheckFunctionExists.cxx.o  -o cmTC_fdb59  -lpthreads 
/usr/bin/ld: 找不到 -lpthreads
collect2: error: ld returned 1 exit status
make[1]: *** [CMakeFiles/cmTC_fdb59.dir/build.make:87：cmTC_fdb59] 错误 1
make[1]: 离开目录“/home/ros2/ros2_learn/fishbot_ws/build/nav2_behavior_tree/CMakeFiles/CMakeTmp”
make: *** [Makefile:121：cmTC_fdb59/fast] 错误 2



