[0.055s] Invoking command in '/home/ros2/ros2_learn/fishbot_ws/build/cartographer_ros_msgs': CMAKE_PREFIX_PATH=/opt/ros/galactic /usr/bin/cmake /home/ros2/ros2_learn/fishbot_ws/src/cartographer_ros/cartographer_ros_msgs -DCMAKE_INSTALL_PREFIX=/home/ros2/ros2_learn/fishbot_ws/install/cartographer_ros_msgs
[0.154s] -- The C compiler identification is GNU 9.4.0
[0.240s] -- The CXX compiler identification is GNU 9.4.0
[0.246s] -- Check for working C compiler: /usr/bin/cc
[0.413s] -- Check for working C compiler: /usr/bin/cc -- works
[0.415s] -- Detecting C compiler ABI info
[0.662s] -- Detecting C compiler ABI info - done
[0.705s] -- Detecting C compile features
[0.707s] -- Detecting C compile features - done
[0.720s] -- Check for working CXX compiler: /usr/bin/c++
[0.992s] -- Check for working CXX compiler: /usr/bin/c++ -- works
[0.995s] -- Detecting CXX compiler ABI info
[1.182s] -- Detecting CXX compiler ABI info - done
[1.211s] -- Detecting CXX compile features
[1.214s] -- Detecting CXX compile features - done
[1.221s] -- Found ament_cmake: 1.1.6 (/opt/ros/galactic/share/ament_cmake/cmake)
[1.298s] -- Found PythonInterp: /usr/bin/python3 (found suitable version "3.8.10", minimum required is "3") 
[1.298s] -- Using PYTHON_EXECUTABLE: /usr/bin/python3
[1.540s] -- Found geometry_msgs: 2.2.4 (/opt/ros/galactic/share/geometry_msgs/cmake)
[1.598s] -- Using all available rosidl_typesupport_c: rosidl_typesupport_fastrtps_c;rosidl_typesupport_introspection_c
[1.608s] -- Found rosidl_adapter: 2.2.3 (/opt/ros/galactic/share/rosidl_adapter/cmake)
[1.799s] -- Found OpenSSL: /usr/lib/x86_64-linux-gnu/libcrypto.so (found version "1.1.1f")  
[1.896s] -- Found FastRTPS: /opt/ros/galactic/include  
[2.088s] -- Using all available rosidl_typesupport_cpp: rosidl_typesupport_fastrtps_cpp;rosidl_typesupport_introspection_cpp
[2.330s] -- Found rosidl_default_generators: 1.1.1 (/opt/ros/galactic/share/rosidl_default_generators/cmake)
[2.444s] -- Found PythonInterp: /usr/bin/python3 (found version "3.8.10") 
[2.962s] -- Found ament_cmake_cppcheck: 0.10.7 (/opt/ros/galactic/share/ament_cmake_cppcheck/cmake)
[2.971s] -- Found ament_cmake_cpplint: 0.10.7 (/opt/ros/galactic/share/ament_cmake_cpplint/cmake)
[2.978s] -- Found ament_cmake_uncrustify: 0.10.7 (/opt/ros/galactic/share/ament_cmake_uncrustify/cmake)
[2.983s] -- Found ament_cmake_ros: 0.9.2 (/opt/ros/galactic/share/ament_cmake_ros/cmake)
[3.766s] -- Using all available rosidl_typesupport_c: rosidl_typesupport_fastrtps_c;rosidl_typesupport_introspection_c
[4.005s] -- Using all available rosidl_typesupport_cpp: rosidl_typesupport_fastrtps_cpp;rosidl_typesupport_introspection_cpp
[4.056s] -- Found PythonInterp: /usr/bin/python3 (found suitable version "3.8.10", minimum required is "3.5") 
[4.058s] -- Found python_cmake_module: 0.8.1 (/opt/ros/galactic/share/python_cmake_module/cmake)
[4.128s] -- Found PythonLibs: /usr/lib/x86_64-linux-gnu/libpython3.8.so (found suitable version "3.8.10", minimum required is "3.5") 
[4.128s] -- Using PYTHON_EXECUTABLE: /usr/bin/python3
[4.128s] -- Using PYTHON_INCLUDE_DIRS: /usr/include/python3.8
[4.128s] -- Using PYTHON_LIBRARIES: /usr/lib/x86_64-linux-gnu/libpython3.8.so
[4.193s] -- Found PythonExtra: .so  
[4.526s] -- Found ament_cmake_flake8: 0.10.7 (/opt/ros/galactic/share/ament_cmake_flake8/cmake)
[4.530s] -- Found ament_cmake_pep257: 0.10.7 (/opt/ros/galactic/share/ament_cmake_pep257/cmake)
[4.562s] -- Configuring done
[4.762s] -- Generating done
[4.775s] -- Build files have been written to: /home/ros2/ros2_learn/fishbot_ws/build/cartographer_ros_msgs
[4.807s] Invoked command in '/home/ros2/ros2_learn/fishbot_ws/build/cartographer_ros_msgs' returned '0': CMAKE_PREFIX_PATH=/opt/ros/galactic /usr/bin/cmake /home/ros2/ros2_learn/fishbot_ws/src/cartographer_ros/cartographer_ros_msgs -DCMAKE_INSTALL_PREFIX=/home/ros2/ros2_learn/fishbot_ws/install/cartographer_ros_msgs
[4.809s] Invoking command in '/home/ros2/ros2_learn/fishbot_ws/build/cartographer_ros_msgs': CMAKE_PREFIX_PATH=/opt/ros/galactic /usr/bin/cmake --build /home/ros2/ros2_learn/fishbot_ws/build/cartographer_ros_msgs -- -j4 -l4
[5.053s] [35m[1mScanning dependencies of target cartographer_ros_msgs__cpp[0m
[5.076s] [  1%] [34m[1mGenerating C code for ROS interfaces[0m
[5.121s] [  1%] [34m[1mGenerating C++ code for ROS interfaces[0m
[12.052s] [  1%] Built target cartographer_ros_msgs__cpp
[12.070s] [35m[1mScanning dependencies of target cartographer_ros_msgs__rosidl_generator_c[0m
[12.084s] [  2%] [34m[1mGenerating C++ type support dispatch for ROS interfaces[0m
[12.140s] [  3%] [32mBuilding C object CMakeFiles/cartographer_ros_msgs__rosidl_generator_c.dir/rosidl_generator_c/cartographer_ros_msgs/msg/detail/landmark_entry__functions.c.o[0m
[12.142s] [  3%] [34m[1mGenerating C++ introspection for ROS interfaces[0m
[12.144s] [  4%] [34m[1mGenerating C++ type support for eProsima Fast-RTPS[0m
[12.377s] [  4%] [32mBuilding C object CMakeFiles/cartographer_ros_msgs__rosidl_generator_c.dir/rosidl_generator_c/cartographer_ros_msgs/msg/detail/landmark_list__functions.c.o[0m
[12.637s] [  5%] [32mBuilding C object CMakeFiles/cartographer_ros_msgs__rosidl_generator_c.dir/rosidl_generator_c/cartographer_ros_msgs/msg/detail/sensor_topics__functions.c.o[0m
[12.955s] [  6%] [32mBuilding C object CMakeFiles/cartographer_ros_msgs__rosidl_generator_c.dir/rosidl_generator_c/cartographer_ros_msgs/msg/detail/status_code__functions.c.o[0m
[13.214s] [  7%] [32mBuilding C object CMakeFiles/cartographer_ros_msgs__rosidl_generator_c.dir/rosidl_generator_c/cartographer_ros_msgs/msg/detail/status_response__functions.c.o[0m
[13.431s] [  8%] [32mBuilding C object CMakeFiles/cartographer_ros_msgs__rosidl_generator_c.dir/rosidl_generator_c/cartographer_ros_msgs/msg/detail/submap_entry__functions.c.o[0m
[13.648s] [  8%] [32mBuilding C object CMakeFiles/cartographer_ros_msgs__rosidl_generator_c.dir/rosidl_generator_c/cartographer_ros_msgs/msg/detail/submap_list__functions.c.o[0m
[13.842s] [  9%] [32mBuilding C object CMakeFiles/cartographer_ros_msgs__rosidl_generator_c.dir/rosidl_generator_c/cartographer_ros_msgs/msg/detail/submap_texture__functions.c.o[0m
[14.105s] [ 10%] [32mBuilding C object CMakeFiles/cartographer_ros_msgs__rosidl_generator_c.dir/rosidl_generator_c/cartographer_ros_msgs/msg/detail/trajectory_options__functions.c.o[0m
[14.381s] [ 11%] [32mBuilding C object CMakeFiles/cartographer_ros_msgs__rosidl_generator_c.dir/rosidl_generator_c/cartographer_ros_msgs/srv/detail/finish_trajectory__functions.c.o[0m
[14.680s] [ 12%] [32mBuilding C object CMakeFiles/cartographer_ros_msgs__rosidl_generator_c.dir/rosidl_generator_c/cartographer_ros_msgs/srv/detail/start_trajectory__functions.c.o[0m
[15.053s] [ 12%] [32mBuilding C object CMakeFiles/cartographer_ros_msgs__rosidl_generator_c.dir/rosidl_generator_c/cartographer_ros_msgs/srv/detail/submap_query__functions.c.o[0m
[15.309s] [ 13%] [32mBuilding C object CMakeFiles/cartographer_ros_msgs__rosidl_generator_c.dir/rosidl_generator_c/cartographer_ros_msgs/srv/detail/write_state__functions.c.o[0m
[15.612s] [ 14%] [32m[1mLinking C shared library libcartographer_ros_msgs__rosidl_generator_c.so[0m
[15.836s] [ 14%] Built target cartographer_ros_msgs__rosidl_generator_c
[15.920s] [ 15%] [34m[1mGenerating C introspection for ROS interfaces[0m
[16.888s] [35m[1mScanning dependencies of target cartographer_ros_msgs__rosidl_typesupport_cpp[0m
[17.020s] [ 16%] [32mBuilding CXX object CMakeFiles/cartographer_ros_msgs__rosidl_typesupport_cpp.dir/rosidl_typesupport_cpp/cartographer_ros_msgs/msg/landmark_entry__type_support.cpp.o[0m
[18.714s] [35m[1mScanning dependencies of target cartographer_ros_msgs__rosidl_typesupport_introspection_cpp[0m
[18.764s] [ 17%] [32mBuilding CXX object CMakeFiles/cartographer_ros_msgs__rosidl_typesupport_cpp.dir/rosidl_typesupport_cpp/cartographer_ros_msgs/msg/landmark_list__type_support.cpp.o[0m
[18.861s] [ 18%] [32mBuilding CXX object CMakeFiles/cartographer_ros_msgs__rosidl_typesupport_introspection_cpp.dir/rosidl_typesupport_introspection_cpp/cartographer_ros_msgs/msg/detail/landmark_entry__type_support.cpp.o[0m
[19.428s] [35m[1mScanning dependencies of target cartographer_ros_msgs__rosidl_typesupport_fastrtps_cpp[0m
[19.548s] [ 19%] [32mBuilding CXX object CMakeFiles/cartographer_ros_msgs__rosidl_typesupport_fastrtps_cpp.dir/rosidl_typesupport_fastrtps_cpp/cartographer_ros_msgs/msg/detail/dds_fastrtps/landmark_entry__type_support.cpp.o[0m
[20.040s] [ 19%] [32mBuilding CXX object CMakeFiles/cartographer_ros_msgs__rosidl_typesupport_cpp.dir/rosidl_typesupport_cpp/cartographer_ros_msgs/msg/sensor_topics__type_support.cpp.o[0m
[20.340s] [ 20%] [32mBuilding CXX object CMakeFiles/cartographer_ros_msgs__rosidl_typesupport_introspection_cpp.dir/rosidl_typesupport_introspection_cpp/cartographer_ros_msgs/msg/detail/landmark_list__type_support.cpp.o[0m
[21.658s] [ 21%] [32mBuilding CXX object CMakeFiles/cartographer_ros_msgs__rosidl_typesupport_cpp.dir/rosidl_typesupport_cpp/cartographer_ros_msgs/msg/status_code__type_support.cpp.o[0m
[21.717s] [ 22%] [32mBuilding CXX object CMakeFiles/cartographer_ros_msgs__rosidl_typesupport_fastrtps_cpp.dir/rosidl_typesupport_fastrtps_cpp/cartographer_ros_msgs/msg/detail/dds_fastrtps/landmark_list__type_support.cpp.o[0m
[21.979s] [ 23%] [32mBuilding CXX object CMakeFiles/cartographer_ros_msgs__rosidl_typesupport_introspection_cpp.dir/rosidl_typesupport_introspection_cpp/cartographer_ros_msgs/msg/detail/sensor_topics__type_support.cpp.o[0m
[22.500s] [35m[1mScanning dependencies of target cartographer_ros_msgs__rosidl_typesupport_introspection_c[0m
[22.661s] [ 24%] [32mBuilding C object CMakeFiles/cartographer_ros_msgs__rosidl_typesupport_introspection_c.dir/rosidl_typesupport_introspection_c/cartographer_ros_msgs/msg/detail/landmark_entry__type_support.c.o[0m
[22.915s] [ 25%] [32mBuilding C object CMakeFiles/cartographer_ros_msgs__rosidl_typesupport_introspection_c.dir/rosidl_typesupport_introspection_c/cartographer_ros_msgs/msg/detail/landmark_list__type_support.c.o[0m
[23.033s] [ 26%] [32mBuilding CXX object CMakeFiles/cartographer_ros_msgs__rosidl_typesupport_cpp.dir/rosidl_typesupport_cpp/cartographer_ros_msgs/msg/status_response__type_support.cpp.o[0m
[23.119s] [ 26%] [32mBuilding C object CMakeFiles/cartographer_ros_msgs__rosidl_typesupport_introspection_c.dir/rosidl_typesupport_introspection_c/cartographer_ros_msgs/msg/detail/sensor_topics__type_support.c.o[0m
[23.323s] [ 27%] [32mBuilding C object CMakeFiles/cartographer_ros_msgs__rosidl_typesupport_introspection_c.dir/rosidl_typesupport_introspection_c/cartographer_ros_msgs/msg/detail/status_code__type_support.c.o[0m
[23.480s] [ 28%] [32mBuilding C object CMakeFiles/cartographer_ros_msgs__rosidl_typesupport_introspection_c.dir/rosidl_typesupport_introspection_c/cartographer_ros_msgs/msg/detail/status_response__type_support.c.o[0m
[23.545s] [ 29%] [32mBuilding CXX object CMakeFiles/cartographer_ros_msgs__rosidl_typesupport_introspection_cpp.dir/rosidl_typesupport_introspection_cpp/cartographer_ros_msgs/msg/detail/status_code__type_support.cpp.o[0m
[23.752s] [ 30%] [32mBuilding C object CMakeFiles/cartographer_ros_msgs__rosidl_typesupport_introspection_c.dir/rosidl_typesupport_introspection_c/cartographer_ros_msgs/msg/detail/submap_entry__type_support.c.o[0m
[23.911s] [ 31%] [32mBuilding CXX object CMakeFiles/cartographer_ros_msgs__rosidl_typesupport_cpp.dir/rosidl_typesupport_cpp/cartographer_ros_msgs/msg/submap_entry__type_support.cpp.o[0m
[23.944s] [ 32%] [32mBuilding C object CMakeFiles/cartographer_ros_msgs__rosidl_typesupport_introspection_c.dir/rosidl_typesupport_introspection_c/cartographer_ros_msgs/msg/detail/submap_list__type_support.c.o[0m
[23.957s] [ 33%] [32mBuilding CXX object CMakeFiles/cartographer_ros_msgs__rosidl_typesupport_fastrtps_cpp.dir/rosidl_typesupport_fastrtps_cpp/cartographer_ros_msgs/msg/detail/dds_fastrtps/sensor_topics__type_support.cpp.o[0m
[24.107s] [ 33%] [32mBuilding C object CMakeFiles/cartographer_ros_msgs__rosidl_typesupport_introspection_c.dir/rosidl_typesupport_introspection_c/cartographer_ros_msgs/msg/detail/submap_texture__type_support.c.o[0m
[24.282s] [ 34%] [32mBuilding C object CMakeFiles/cartographer_ros_msgs__rosidl_typesupport_introspection_c.dir/rosidl_typesupport_introspection_c/cartographer_ros_msgs/msg/detail/trajectory_options__type_support.c.o[0m
[24.549s] [ 35%] [32mBuilding C object CMakeFiles/cartographer_ros_msgs__rosidl_typesupport_introspection_c.dir/rosidl_typesupport_introspection_c/cartographer_ros_msgs/srv/detail/finish_trajectory__type_support.c.o[0m
[24.729s] [ 36%] [32mBuilding C object CMakeFiles/cartographer_ros_msgs__rosidl_typesupport_introspection_c.dir/rosidl_typesupport_introspection_c/cartographer_ros_msgs/srv/detail/start_trajectory__type_support.c.o[0m
[24.877s] [ 36%] [32mBuilding CXX object CMakeFiles/cartographer_ros_msgs__rosidl_typesupport_introspection_cpp.dir/rosidl_typesupport_introspection_cpp/cartographer_ros_msgs/msg/detail/status_response__type_support.cpp.o[0m
[24.962s] [ 37%] [32mBuilding C object CMakeFiles/cartographer_ros_msgs__rosidl_typesupport_introspection_c.dir/rosidl_typesupport_introspection_c/cartographer_ros_msgs/srv/detail/submap_query__type_support.c.o[0m
[25.234s] [ 37%] [32mBuilding C object CMakeFiles/cartographer_ros_msgs__rosidl_typesupport_introspection_c.dir/rosidl_typesupport_introspection_c/cartographer_ros_msgs/srv/detail/write_state__type_support.c.o[0m
[25.319s] [ 38%] [32mBuilding CXX object CMakeFiles/cartographer_ros_msgs__rosidl_typesupport_cpp.dir/rosidl_typesupport_cpp/cartographer_ros_msgs/msg/submap_list__type_support.cpp.o[0m
[25.354s] [ 39%] [32m[1mLinking C shared library libcartographer_ros_msgs__rosidl_typesupport_introspection_c.so[0m
[25.512s] [ 39%] Built target cartographer_ros_msgs__rosidl_typesupport_introspection_c
[25.937s] [ 39%] [32mBuilding CXX object CMakeFiles/cartographer_ros_msgs__rosidl_typesupport_fastrtps_cpp.dir/rosidl_typesupport_fastrtps_cpp/cartographer_ros_msgs/msg/detail/dds_fastrtps/status_code__type_support.cpp.o[0m
[26.325s] [ 40%] [32mBuilding CXX object CMakeFiles/cartographer_ros_msgs__rosidl_typesupport_introspection_cpp.dir/rosidl_typesupport_introspection_cpp/cartographer_ros_msgs/msg/detail/submap_entry__type_support.cpp.o[0m
[26.424s] [ 40%] [32mBuilding CXX object CMakeFiles/cartographer_ros_msgs__rosidl_typesupport_cpp.dir/rosidl_typesupport_cpp/cartographer_ros_msgs/msg/submap_texture__type_support.cpp.o[0m
[27.508s] [ 41%] [32mBuilding CXX object CMakeFiles/cartographer_ros_msgs__rosidl_typesupport_introspection_cpp.dir/rosidl_typesupport_introspection_cpp/cartographer_ros_msgs/msg/detail/submap_list__type_support.cpp.o[0m
[27.554s] [ 42%] [32mBuilding CXX object CMakeFiles/cartographer_ros_msgs__rosidl_typesupport_cpp.dir/rosidl_typesupport_cpp/cartographer_ros_msgs/msg/trajectory_options__type_support.cpp.o[0m
[27.700s] [ 43%] [32mBuilding CXX object CMakeFiles/cartographer_ros_msgs__rosidl_typesupport_fastrtps_cpp.dir/rosidl_typesupport_fastrtps_cpp/cartographer_ros_msgs/msg/detail/dds_fastrtps/status_response__type_support.cpp.o[0m
[28.575s] [ 44%] [32mBuilding CXX object CMakeFiles/cartographer_ros_msgs__rosidl_typesupport_introspection_cpp.dir/rosidl_typesupport_introspection_cpp/cartographer_ros_msgs/msg/detail/submap_texture__type_support.cpp.o[0m
[28.687s] [ 45%] [32mBuilding CXX object CMakeFiles/cartographer_ros_msgs__rosidl_typesupport_cpp.dir/rosidl_typesupport_cpp/cartographer_ros_msgs/srv/finish_trajectory__type_support.cpp.o[0m
[29.665s] [ 46%] [32mBuilding CXX object CMakeFiles/cartographer_ros_msgs__rosidl_typesupport_fastrtps_cpp.dir/rosidl_typesupport_fastrtps_cpp/cartographer_ros_msgs/msg/detail/dds_fastrtps/submap_entry__type_support.cpp.o[0m
[29.669s] [ 47%] [32mBuilding CXX object CMakeFiles/cartographer_ros_msgs__rosidl_typesupport_cpp.dir/rosidl_typesupport_cpp/cartographer_ros_msgs/srv/start_trajectory__type_support.cpp.o[0m
[29.836s] [ 48%] [32mBuilding CXX object CMakeFiles/cartographer_ros_msgs__rosidl_typesupport_introspection_cpp.dir/rosidl_typesupport_introspection_cpp/cartographer_ros_msgs/msg/detail/trajectory_options__type_support.cpp.o[0m
[31.249s] [ 49%] [32mBuilding CXX object CMakeFiles/cartographer_ros_msgs__rosidl_typesupport_cpp.dir/rosidl_typesupport_cpp/cartographer_ros_msgs/srv/submap_query__type_support.cpp.o[0m
[31.300s] [ 49%] [32mBuilding CXX object CMakeFiles/cartographer_ros_msgs__rosidl_typesupport_introspection_cpp.dir/rosidl_typesupport_introspection_cpp/cartographer_ros_msgs/srv/detail/finish_trajectory__type_support.cpp.o[0m
[31.599s] [ 50%] [32mBuilding CXX object CMakeFiles/cartographer_ros_msgs__rosidl_typesupport_fastrtps_cpp.dir/rosidl_typesupport_fastrtps_cpp/cartographer_ros_msgs/msg/detail/dds_fastrtps/submap_list__type_support.cpp.o[0m
[32.220s] [ 50%] [32mBuilding CXX object CMakeFiles/cartographer_ros_msgs__rosidl_typesupport_cpp.dir/rosidl_typesupport_cpp/cartographer_ros_msgs/srv/write_state__type_support.cpp.o[0m
[32.230s] [ 51%] [32mBuilding CXX object CMakeFiles/cartographer_ros_msgs__rosidl_typesupport_introspection_cpp.dir/rosidl_typesupport_introspection_cpp/cartographer_ros_msgs/srv/detail/start_trajectory__type_support.cpp.o[0m
[33.042s] [ 52%] [32mBuilding CXX object CMakeFiles/cartographer_ros_msgs__rosidl_typesupport_introspection_cpp.dir/rosidl_typesupport_introspection_cpp/cartographer_ros_msgs/srv/detail/submap_query__type_support.cpp.o[0m
[33.243s] [ 53%] [32m[1mLinking CXX shared library libcartographer_ros_msgs__rosidl_typesupport_cpp.so[0m
[33.338s] [ 54%] [32mBuilding CXX object CMakeFiles/cartographer_ros_msgs__rosidl_typesupport_fastrtps_cpp.dir/rosidl_typesupport_fastrtps_cpp/cartographer_ros_msgs/msg/detail/dds_fastrtps/submap_texture__type_support.cpp.o[0m
[33.456s] [ 54%] Built target cartographer_ros_msgs__rosidl_typesupport_cpp
[34.106s] [ 55%] [32mBuilding CXX object CMakeFiles/cartographer_ros_msgs__rosidl_typesupport_introspection_cpp.dir/rosidl_typesupport_introspection_cpp/cartographer_ros_msgs/srv/detail/write_state__type_support.cpp.o[0m
[34.508s] [ 55%] [32mBuilding CXX object CMakeFiles/cartographer_ros_msgs__rosidl_typesupport_fastrtps_cpp.dir/rosidl_typesupport_fastrtps_cpp/cartographer_ros_msgs/msg/detail/dds_fastrtps/trajectory_options__type_support.cpp.o[0m
[34.759s] [ 56%] [32m[1mLinking CXX shared library libcartographer_ros_msgs__rosidl_typesupport_introspection_cpp.so[0m
[35.273s] [ 56%] Built target cartographer_ros_msgs__rosidl_typesupport_introspection_cpp
[35.604s] [ 57%] [32mBuilding CXX object CMakeFiles/cartographer_ros_msgs__rosidl_typesupport_fastrtps_cpp.dir/rosidl_typesupport_fastrtps_cpp/cartographer_ros_msgs/srv/detail/dds_fastrtps/start_trajectory__type_support.cpp.o[0m
[36.215s] [ 58%] [32mBuilding CXX object CMakeFiles/cartographer_ros_msgs__rosidl_typesupport_fastrtps_cpp.dir/rosidl_typesupport_fastrtps_cpp/cartographer_ros_msgs/srv/detail/dds_fastrtps/submap_query__type_support.cpp.o[0m
[37.258s] [ 59%] [32mBuilding CXX object CMakeFiles/cartographer_ros_msgs__rosidl_typesupport_fastrtps_cpp.dir/rosidl_typesupport_fastrtps_cpp/cartographer_ros_msgs/srv/detail/dds_fastrtps/write_state__type_support.cpp.o[0m
[38.098s] [ 60%] [32mBuilding CXX object CMakeFiles/cartographer_ros_msgs__rosidl_typesupport_fastrtps_cpp.dir/rosidl_typesupport_fastrtps_cpp/cartographer_ros_msgs/srv/detail/dds_fastrtps/finish_trajectory__type_support.cpp.o[0m
[38.850s] [ 60%] [32m[1mLinking CXX shared library libcartographer_ros_msgs__rosidl_typesupport_fastrtps_cpp.so[0m
[39.115s] [ 60%] Built target cartographer_ros_msgs__rosidl_typesupport_fastrtps_cpp
[39.134s] [ 61%] [34m[1mGenerating C type support dispatch for ROS interfaces[0m
[40.914s] [35m[1mScanning dependencies of target cartographer_ros_msgs__rosidl_typesupport_c[0m
[40.955s] [ 61%] [32mBuilding CXX object CMakeFiles/cartographer_ros_msgs__rosidl_typesupport_c.dir/rosidl_typesupport_c/cartographer_ros_msgs/msg/landmark_entry__type_support.cpp.o[0m
[41.015s] [ 62%] [32mBuilding CXX object CMakeFiles/cartographer_ros_msgs__rosidl_typesupport_c.dir/rosidl_typesupport_c/cartographer_ros_msgs/msg/sensor_topics__type_support.cpp.o[0m
[41.057s] [ 63%] [32mBuilding CXX object CMakeFiles/cartographer_ros_msgs__rosidl_typesupport_c.dir/rosidl_typesupport_c/cartographer_ros_msgs/msg/status_code__type_support.cpp.o[0m
[41.127s] [ 64%] [32mBuilding CXX object CMakeFiles/cartographer_ros_msgs__rosidl_typesupport_c.dir/rosidl_typesupport_c/cartographer_ros_msgs/msg/status_response__type_support.cpp.o[0m
[41.219s] [ 64%] [32mBuilding CXX object CMakeFiles/cartographer_ros_msgs__rosidl_typesupport_c.dir/rosidl_typesupport_c/cartographer_ros_msgs/msg/submap_entry__type_support.cpp.o[0m
[41.285s] [ 65%] [32mBuilding CXX object CMakeFiles/cartographer_ros_msgs__rosidl_typesupport_c.dir/rosidl_typesupport_c/cartographer_ros_msgs/msg/submap_list__type_support.cpp.o[0m
[41.337s] [ 66%] [32mBuilding CXX object CMakeFiles/cartographer_ros_msgs__rosidl_typesupport_c.dir/rosidl_typesupport_c/cartographer_ros_msgs/msg/submap_texture__type_support.cpp.o[0m
[41.386s] [ 67%] [32mBuilding CXX object CMakeFiles/cartographer_ros_msgs__rosidl_typesupport_c.dir/rosidl_typesupport_c/cartographer_ros_msgs/msg/trajectory_options__type_support.cpp.o[0m
[41.435s] [ 68%] [32mBuilding CXX object CMakeFiles/cartographer_ros_msgs__rosidl_typesupport_c.dir/rosidl_typesupport_c/cartographer_ros_msgs/srv/finish_trajectory__type_support.cpp.o[0m
[41.484s] [ 68%] [32mBuilding CXX object CMakeFiles/cartographer_ros_msgs__rosidl_typesupport_c.dir/rosidl_typesupport_c/cartographer_ros_msgs/srv/start_trajectory__type_support.cpp.o[0m
[41.536s] [ 69%] [32mBuilding CXX object CMakeFiles/cartographer_ros_msgs__rosidl_typesupport_c.dir/rosidl_typesupport_c/cartographer_ros_msgs/srv/submap_query__type_support.cpp.o[0m
[41.583s] [ 70%] [32mBuilding CXX object CMakeFiles/cartographer_ros_msgs__rosidl_typesupport_c.dir/rosidl_typesupport_c/cartographer_ros_msgs/srv/write_state__type_support.cpp.o[0m
[41.629s] [ 71%] [32mBuilding CXX object CMakeFiles/cartographer_ros_msgs__rosidl_typesupport_c.dir/rosidl_typesupport_c/cartographer_ros_msgs/msg/landmark_list__type_support.cpp.o[0m
[41.664s] [ 72%] [32m[1mLinking CXX shared library libcartographer_ros_msgs__rosidl_typesupport_c.so[0m
[41.712s] [ 72%] Built target cartographer_ros_msgs__rosidl_typesupport_c
[41.730s] [ 73%] [34m[1mGenerating C type support for eProsima Fast-RTPS[0m
[43.955s] [35m[1mScanning dependencies of target cartographer_ros_msgs__rosidl_typesupport_fastrtps_c[0m
[43.998s] [ 74%] [32mBuilding CXX object CMakeFiles/cartographer_ros_msgs__rosidl_typesupport_fastrtps_c.dir/rosidl_typesupport_fastrtps_c/cartographer_ros_msgs/msg/detail/landmark_entry__type_support_c.cpp.o[0m
[44.428s] [ 75%] [32mBuilding CXX object CMakeFiles/cartographer_ros_msgs__rosidl_typesupport_fastrtps_c.dir/rosidl_typesupport_fastrtps_c/cartographer_ros_msgs/msg/detail/status_code__type_support_c.cpp.o[0m
[44.880s] [ 76%] [32mBuilding CXX object CMakeFiles/cartographer_ros_msgs__rosidl_typesupport_fastrtps_c.dir/rosidl_typesupport_fastrtps_c/cartographer_ros_msgs/msg/detail/status_response__type_support_c.cpp.o[0m
[45.353s] [ 77%] [32mBuilding CXX object CMakeFiles/cartographer_ros_msgs__rosidl_typesupport_fastrtps_c.dir/rosidl_typesupport_fastrtps_c/cartographer_ros_msgs/msg/detail/submap_entry__type_support_c.cpp.o[0m
[45.804s] [ 77%] [32mBuilding CXX object CMakeFiles/cartographer_ros_msgs__rosidl_typesupport_fastrtps_c.dir/rosidl_typesupport_fastrtps_c/cartographer_ros_msgs/msg/detail/submap_list__type_support_c.cpp.o[0m
[46.266s] [ 78%] [32mBuilding CXX object CMakeFiles/cartographer_ros_msgs__rosidl_typesupport_fastrtps_c.dir/rosidl_typesupport_fastrtps_c/cartographer_ros_msgs/msg/detail/submap_texture__type_support_c.cpp.o[0m
[46.748s] [ 79%] [32mBuilding CXX object CMakeFiles/cartographer_ros_msgs__rosidl_typesupport_fastrtps_c.dir/rosidl_typesupport_fastrtps_c/cartographer_ros_msgs/msg/detail/trajectory_options__type_support_c.cpp.o[0m
[47.235s] [ 80%] [32mBuilding CXX object CMakeFiles/cartographer_ros_msgs__rosidl_typesupport_fastrtps_c.dir/rosidl_typesupport_fastrtps_c/cartographer_ros_msgs/srv/detail/finish_trajectory__type_support_c.cpp.o[0m
[47.720s] [ 81%] [32mBuilding CXX object CMakeFiles/cartographer_ros_msgs__rosidl_typesupport_fastrtps_c.dir/rosidl_typesupport_fastrtps_c/cartographer_ros_msgs/srv/detail/start_trajectory__type_support_c.cpp.o[0m
[48.327s] [ 81%] [32mBuilding CXX object CMakeFiles/cartographer_ros_msgs__rosidl_typesupport_fastrtps_c.dir/rosidl_typesupport_fastrtps_c/cartographer_ros_msgs/srv/detail/submap_query__type_support_c.cpp.o[0m
[48.793s] [ 82%] [32mBuilding CXX object CMakeFiles/cartographer_ros_msgs__rosidl_typesupport_fastrtps_c.dir/rosidl_typesupport_fastrtps_c/cartographer_ros_msgs/srv/detail/write_state__type_support_c.cpp.o[0m
[49.276s] [ 83%] [32mBuilding CXX object CMakeFiles/cartographer_ros_msgs__rosidl_typesupport_fastrtps_c.dir/rosidl_typesupport_fastrtps_c/cartographer_ros_msgs/msg/detail/sensor_topics__type_support_c.cpp.o[0m
[49.767s] [ 83%] [32mBuilding CXX object CMakeFiles/cartographer_ros_msgs__rosidl_typesupport_fastrtps_c.dir/rosidl_typesupport_fastrtps_c/cartographer_ros_msgs/msg/detail/landmark_list__type_support_c.cpp.o[0m
[50.569s] [ 84%] [32m[1mLinking CXX shared library libcartographer_ros_msgs__rosidl_typesupport_fastrtps_c.so[0m
[50.795s] [ 84%] Built target cartographer_ros_msgs__rosidl_typesupport_fastrtps_c
[50.816s] [35m[1mScanning dependencies of target cartographer_ros_msgs[0m
[50.832s] [ 84%] Built target cartographer_ros_msgs
[50.845s] [35m[1mScanning dependencies of target cartographer_ros_msgs__py[0m
[50.863s] [ 85%] [34m[1mGenerating Python code for ROS interfaces[0m
[55.411s] [ 85%] Built target cartographer_ros_msgs__py
[55.425s] [35m[1mScanning dependencies of target cartographer_ros_msgs__python[0m
[55.479s] [ 86%] [32mBuilding C object CMakeFiles/cartographer_ros_msgs__python.dir/rosidl_generator_py/cartographer_ros_msgs/msg/_landmark_entry_s.c.o[0m
[55.620s] [ 87%] [32mBuilding C object CMakeFiles/cartographer_ros_msgs__python.dir/rosidl_generator_py/cartographer_ros_msgs/msg/_status_code_s.c.o[0m
[55.735s] [ 88%] [32mBuilding C object CMakeFiles/cartographer_ros_msgs__python.dir/rosidl_generator_py/cartographer_ros_msgs/msg/_status_response_s.c.o[0m
[55.862s] [ 89%] [32mBuilding C object CMakeFiles/cartographer_ros_msgs__python.dir/rosidl_generator_py/cartographer_ros_msgs/msg/_submap_entry_s.c.o[0m
[55.991s] [ 90%] [32mBuilding C object CMakeFiles/cartographer_ros_msgs__python.dir/rosidl_generator_py/cartographer_ros_msgs/msg/_submap_list_s.c.o[0m
[56.124s] [ 90%] [32mBuilding C object CMakeFiles/cartographer_ros_msgs__python.dir/rosidl_generator_py/cartographer_ros_msgs/msg/_submap_texture_s.c.o[0m
[56.256s] [ 91%] [32mBuilding C object CMakeFiles/cartographer_ros_msgs__python.dir/rosidl_generator_py/cartographer_ros_msgs/msg/_trajectory_options_s.c.o[0m
[56.412s] [ 92%] [32mBuilding C object CMakeFiles/cartographer_ros_msgs__python.dir/rosidl_generator_py/cartographer_ros_msgs/srv/_finish_trajectory_s.c.o[0m
[56.539s] [ 93%] [32mBuilding C object CMakeFiles/cartographer_ros_msgs__python.dir/rosidl_generator_py/cartographer_ros_msgs/srv/_start_trajectory_s.c.o[0m
[56.680s] [ 94%] [32mBuilding C object CMakeFiles/cartographer_ros_msgs__python.dir/rosidl_generator_py/cartographer_ros_msgs/srv/_submap_query_s.c.o[0m
[56.819s] [ 94%] [32mBuilding C object CMakeFiles/cartographer_ros_msgs__python.dir/rosidl_generator_py/cartographer_ros_msgs/srv/_write_state_s.c.o[0m
[56.943s] [ 94%] [32mBuilding C object CMakeFiles/cartographer_ros_msgs__python.dir/rosidl_generator_py/cartographer_ros_msgs/msg/_sensor_topics_s.c.o[0m
[57.083s] [ 95%] [32mBuilding C object CMakeFiles/cartographer_ros_msgs__python.dir/rosidl_generator_py/cartographer_ros_msgs/msg/_landmark_list_s.c.o[0m
[57.208s] [ 96%] [32m[1mLinking C shared library rosidl_generator_py/cartographer_ros_msgs/libcartographer_ros_msgs__python.so[0m
[57.277s] [ 96%] Built target cartographer_ros_msgs__python
[57.297s] [35m[1mScanning dependencies of target cartographer_ros_msgs__rosidl_typesupport_c__pyext[0m
[57.332s] [ 97%] [32mBuilding C object CMakeFiles/cartographer_ros_msgs__rosidl_typesupport_c__pyext.dir/rosidl_generator_py/cartographer_ros_msgs/_cartographer_ros_msgs_s.ep.rosidl_typesupport_c.c.o[0m
[57.541s] [ 97%] [32m[1mLinking C shared library rosidl_generator_py/cartographer_ros_msgs/cartographer_ros_msgs_s__rosidl_typesupport_c.cpython-38-x86_64-linux-gnu.so[0m
[57.603s] [ 97%] Built target cartographer_ros_msgs__rosidl_typesupport_c__pyext
[57.620s] [35m[1mScanning dependencies of target cartographer_ros_msgs__rosidl_typesupport_fastrtps_c__pyext[0m
[57.652s] [ 98%] [32mBuilding C object CMakeFiles/cartographer_ros_msgs__rosidl_typesupport_fastrtps_c__pyext.dir/rosidl_generator_py/cartographer_ros_msgs/_cartographer_ros_msgs_s.ep.rosidl_typesupport_fastrtps_c.c.o[0m
[57.838s] [ 98%] [32m[1mLinking CXX shared library rosidl_generator_py/cartographer_ros_msgs/cartographer_ros_msgs_s__rosidl_typesupport_fastrtps_c.cpython-38-x86_64-linux-gnu.so[0m
[57.956s] [ 98%] Built target cartographer_ros_msgs__rosidl_typesupport_fastrtps_c__pyext
[57.973s] [35m[1mScanning dependencies of target cartographer_ros_msgs__rosidl_typesupport_introspection_c__pyext[0m
[58.004s] [ 99%] [32mBuilding C object CMakeFiles/cartographer_ros_msgs__rosidl_typesupport_introspection_c__pyext.dir/rosidl_generator_py/cartographer_ros_msgs/_cartographer_ros_msgs_s.ep.rosidl_typesupport_introspection_c.c.o[0m
[58.203s] [100%] [32m[1mLinking C shared library rosidl_generator_py/cartographer_ros_msgs/cartographer_ros_msgs_s__rosidl_typesupport_introspection_c.cpython-38-x86_64-linux-gnu.so[0m
[58.266s] [100%] Built target cartographer_ros_msgs__rosidl_typesupport_introspection_c__pyext
[58.282s] Invoked command in '/home/ros2/ros2_learn/fishbot_ws/build/cartographer_ros_msgs' returned '0': CMAKE_PREFIX_PATH=/opt/ros/galactic /usr/bin/cmake --build /home/ros2/ros2_learn/fishbot_ws/build/cartographer_ros_msgs -- -j4 -l4
[58.631s] Invoking command in '/home/ros2/ros2_learn/fishbot_ws/build/cartographer_ros_msgs': CMAKE_PREFIX_PATH=/opt/ros/galactic /usr/bin/cmake --install /home/ros2/ros2_learn/fishbot_ws/build/cartographer_ros_msgs
[58.648s] -- Install configuration: ""
[58.648s] -- Installing: /home/ros2/ros2_learn/fishbot_ws/install/cartographer_ros_msgs/share/ament_index/resource_index/rosidl_interfaces/cartographer_ros_msgs
[58.648s] -- Installing: /home/ros2/ros2_learn/fishbot_ws/install/cartographer_ros_msgs/include/cartographer_ros_msgs
[58.648s] -- Installing: /home/ros2/ros2_learn/fishbot_ws/install/cartographer_ros_msgs/include/cartographer_ros_msgs/msg
[58.648s] -- Installing: /home/ros2/ros2_learn/fishbot_ws/install/cartographer_ros_msgs/include/cartographer_ros_msgs/msg/submap_entry.h
[58.649s] -- Installing: /home/ros2/ros2_learn/fishbot_ws/install/cartographer_ros_msgs/include/cartographer_ros_msgs/msg/detail
[58.649s] -- Installing: /home/ros2/ros2_learn/fishbot_ws/install/cartographer_ros_msgs/include/cartographer_ros_msgs/msg/detail/submap_list__struct.h
[58.649s] -- Installing: /home/ros2/ros2_learn/fishbot_ws/install/cartographer_ros_msgs/include/cartographer_ros_msgs/msg/detail/status_code__functions.h
[58.656s] -- Installing: /home/ros2/ros2_learn/fishbot_ws/install/cartographer_ros_msgs/include/cartographer_ros_msgs/msg/detail/landmark_list__functions.h
[58.656s] -- Installing: /home/ros2/ros2_learn/fishbot_ws/install/cartographer_ros_msgs/include/cartographer_ros_msgs/msg/detail/landmark_list__functions.c
[58.656s] -- Installing: /home/ros2/ros2_learn/fishbot_ws/install/cartographer_ros_msgs/include/cartographer_ros_msgs/msg/detail/submap_list__functions.c
[58.656s] -- Installing: /home/ros2/ros2_learn/fishbot_ws/install/cartographer_ros_msgs/include/cartographer_ros_msgs/msg/detail/submap_entry__type_support.h
[58.656s] -- Installing: /home/ros2/ros2_learn/fishbot_ws/install/cartographer_ros_msgs/include/cartographer_ros_msgs/msg/detail/trajectory_options__functions.c
[58.658s] -- Installing: /home/ros2/ros2_learn/fishbot_ws/install/cartographer_ros_msgs/include/cartographer_ros_msgs/msg/detail/status_code__type_support.h
[58.658s] -- Installing: /home/ros2/ros2_learn/fishbot_ws/install/cartographer_ros_msgs/include/cartographer_ros_msgs/msg/detail/submap_list__type_support.h
[58.658s] -- Installing: /home/ros2/ros2_learn/fishbot_ws/install/cartographer_ros_msgs/include/cartographer_ros_msgs/msg/detail/landmark_entry__struct.h
[58.658s] -- Installing: /home/ros2/ros2_learn/fishbot_ws/install/cartographer_ros_msgs/include/cartographer_ros_msgs/msg/detail/submap_entry__functions.h
[58.658s] -- Installing: /home/ros2/ros2_learn/fishbot_ws/install/cartographer_ros_msgs/include/cartographer_ros_msgs/msg/detail/status_response__functions.c
[58.658s] -- Installing: /home/ros2/ros2_learn/fishbot_ws/install/cartographer_ros_msgs/include/cartographer_ros_msgs/msg/detail/landmark_entry__functions.c
[58.658s] -- Installing: /home/ros2/ros2_learn/fishbot_ws/install/cartographer_ros_msgs/include/cartographer_ros_msgs/msg/detail/trajectory_options__struct.h
[58.662s] -- Installing: /home/ros2/ros2_learn/fishbot_ws/install/cartographer_ros_msgs/include/cartographer_ros_msgs/msg/detail/submap_list__functions.h
[58.663s] -- Installing: /home/ros2/ros2_learn/fishbot_ws/install/cartographer_ros_msgs/include/cartographer_ros_msgs/msg/detail/trajectory_options__functions.h
[58.663s] -- Installing: /home/ros2/ros2_learn/fishbot_ws/install/cartographer_ros_msgs/include/cartographer_ros_msgs/msg/detail/submap_texture__struct.h
[58.664s] -- Installing: /home/ros2/ros2_learn/fishbot_ws/install/cartographer_ros_msgs/include/cartographer_ros_msgs/msg/detail/status_response__struct.h
[58.664s] -- Installing: /home/ros2/ros2_learn/fishbot_ws/install/cartographer_ros_msgs/include/cartographer_ros_msgs/msg/detail/submap_texture__type_support.h
[58.664s] -- Installing: /home/ros2/ros2_learn/fishbot_ws/install/cartographer_ros_msgs/include/cartographer_ros_msgs/msg/detail/status_response__type_support.h
[58.664s] -- Installing: /home/ros2/ros2_learn/fishbot_ws/install/cartographer_ros_msgs/include/cartographer_ros_msgs/msg/detail/sensor_topics__struct.h
[58.664s] -- Installing: /home/ros2/ros2_learn/fishbot_ws/install/cartographer_ros_msgs/include/cartographer_ros_msgs/msg/detail/landmark_list__type_support.h
[58.665s] -- Installing: /home/ros2/ros2_learn/fishbot_ws/install/cartographer_ros_msgs/include/cartographer_ros_msgs/msg/detail/submap_entry__functions.c
[58.665s] -- Installing: /home/ros2/ros2_learn/fishbot_ws/install/cartographer_ros_msgs/include/cartographer_ros_msgs/msg/detail/trajectory_options__type_support.h
[58.665s] -- Installing: /home/ros2/ros2_learn/fishbot_ws/install/cartographer_ros_msgs/include/cartographer_ros_msgs/msg/detail/landmark_entry__type_support.h
[58.666s] -- Installing: /home/ros2/ros2_learn/fishbot_ws/install/cartographer_ros_msgs/include/cartographer_ros_msgs/msg/detail/status_code__functions.c
[58.666s] -- Installing: /home/ros2/ros2_learn/fishbot_ws/install/cartographer_ros_msgs/include/cartographer_ros_msgs/msg/detail/submap_entry__struct.h
[58.666s] -- Installing: /home/ros2/ros2_learn/fishbot_ws/install/cartographer_ros_msgs/include/cartographer_ros_msgs/msg/detail/submap_texture__functions.c
[58.666s] -- Installing: /home/ros2/ros2_learn/fishbot_ws/install/cartographer_ros_msgs/include/cartographer_ros_msgs/msg/detail/sensor_topics__functions.h
[58.666s] -- Installing: /home/ros2/ros2_learn/fishbot_ws/install/cartographer_ros_msgs/include/cartographer_ros_msgs/msg/detail/sensor_topics__type_support.h
[58.666s] -- Installing: /home/ros2/ros2_learn/fishbot_ws/install/cartographer_ros_msgs/include/cartographer_ros_msgs/msg/detail/sensor_topics__functions.c
[58.666s] -- Installing: /home/ros2/ros2_learn/fishbot_ws/install/cartographer_ros_msgs/include/cartographer_ros_msgs/msg/detail/landmark_list__struct.h
[58.666s] -- Installing: /home/ros2/ros2_learn/fishbot_ws/install/cartographer_ros_msgs/include/cartographer_ros_msgs/msg/detail/landmark_entry__functions.h
[58.667s] -- Installing: /home/ros2/ros2_learn/fishbot_ws/install/cartographer_ros_msgs/include/cartographer_ros_msgs/msg/detail/submap_texture__functions.h
[58.667s] -- Installing: /home/ros2/ros2_learn/fishbot_ws/install/cartographer_ros_msgs/include/cartographer_ros_msgs/msg/detail/status_response__functions.h
[58.667s] -- Installing: /home/ros2/ros2_learn/fishbot_ws/install/cartographer_ros_msgs/include/cartographer_ros_msgs/msg/detail/status_code__struct.h
[58.667s] -- Installing: /home/ros2/ros2_learn/fishbot_ws/install/cartographer_ros_msgs/include/cartographer_ros_msgs/msg/sensor_topics.h
[58.667s] -- Installing: /home/ros2/ros2_learn/fishbot_ws/install/cartographer_ros_msgs/include/cartographer_ros_msgs/msg/status_response.h
[58.667s] -- Installing: /home/ros2/ros2_learn/fishbot_ws/install/cartographer_ros_msgs/include/cartographer_ros_msgs/msg/landmark_list.h
[58.668s] -- Installing: /home/ros2/ros2_learn/fishbot_ws/install/cartographer_ros_msgs/include/cartographer_ros_msgs/msg/rosidl_generator_c__visibility_control.h
[58.668s] -- Installing: /home/ros2/ros2_learn/fishbot_ws/install/cartographer_ros_msgs/include/cartographer_ros_msgs/msg/submap_texture.h
[58.668s] -- Installing: /home/ros2/ros2_learn/fishbot_ws/install/cartographer_ros_msgs/include/cartographer_ros_msgs/msg/landmark_entry.h
[58.668s] -- Installing: /home/ros2/ros2_learn/fishbot_ws/install/cartographer_ros_msgs/include/cartographer_ros_msgs/msg/status_code.h
[58.668s] -- Installing: /home/ros2/ros2_learn/fishbot_ws/install/cartographer_ros_msgs/include/cartographer_ros_msgs/msg/submap_list.h
[58.668s] -- Installing: /home/ros2/ros2_learn/fishbot_ws/install/cartographer_ros_msgs/include/cartographer_ros_msgs/msg/trajectory_options.h
[58.669s] -- Installing: /home/ros2/ros2_learn/fishbot_ws/install/cartographer_ros_msgs/include/cartographer_ros_msgs/srv
[58.669s] -- Installing: /home/ros2/ros2_learn/fishbot_ws/install/cartographer_ros_msgs/include/cartographer_ros_msgs/srv/finish_trajectory.h
[58.669s] -- Installing: /home/ros2/ros2_learn/fishbot_ws/install/cartographer_ros_msgs/include/cartographer_ros_msgs/srv/write_state.h
[58.669s] -- Installing: /home/ros2/ros2_learn/fishbot_ws/install/cartographer_ros_msgs/include/cartographer_ros_msgs/srv/detail
[58.669s] -- Installing: /home/ros2/ros2_learn/fishbot_ws/install/cartographer_ros_msgs/include/cartographer_ros_msgs/srv/detail/finish_trajectory__functions.c
[58.669s] -- Installing: /home/ros2/ros2_learn/fishbot_ws/install/cartographer_ros_msgs/include/cartographer_ros_msgs/srv/detail/submap_query__struct.h
[58.670s] -- Installing: /home/ros2/ros2_learn/fishbot_ws/install/cartographer_ros_msgs/include/cartographer_ros_msgs/srv/detail/start_trajectory__type_support.h
[58.670s] -- Installing: /home/ros2/ros2_learn/fishbot_ws/install/cartographer_ros_msgs/include/cartographer_ros_msgs/srv/detail/write_state__type_support.h
[58.670s] -- Installing: /home/ros2/ros2_learn/fishbot_ws/install/cartographer_ros_msgs/include/cartographer_ros_msgs/srv/detail/finish_trajectory__struct.h
[58.670s] -- Installing: /home/ros2/ros2_learn/fishbot_ws/install/cartographer_ros_msgs/include/cartographer_ros_msgs/srv/detail/write_state__functions.c
[58.670s] -- Installing: /home/ros2/ros2_learn/fishbot_ws/install/cartographer_ros_msgs/include/cartographer_ros_msgs/srv/detail/write_state__struct.h
[58.670s] -- Installing: /home/ros2/ros2_learn/fishbot_ws/install/cartographer_ros_msgs/include/cartographer_ros_msgs/srv/detail/finish_trajectory__type_support.h
[58.670s] -- Installing: /home/ros2/ros2_learn/fishbot_ws/install/cartographer_ros_msgs/include/cartographer_ros_msgs/srv/detail/write_state__functions.h
[58.671s] -- Installing: /home/ros2/ros2_learn/fishbot_ws/install/cartographer_ros_msgs/include/cartographer_ros_msgs/srv/detail/start_trajectory__struct.h
[58.671s] -- Installing: /home/ros2/ros2_learn/fishbot_ws/install/cartographer_ros_msgs/include/cartographer_ros_msgs/srv/detail/start_trajectory__functions.h
[58.671s] -- Installing: /home/ros2/ros2_learn/fishbot_ws/install/cartographer_ros_msgs/include/cartographer_ros_msgs/srv/detail/submap_query__type_support.h
[58.671s] -- Installing: /home/ros2/ros2_learn/fishbot_ws/install/cartographer_ros_msgs/include/cartographer_ros_msgs/srv/detail/finish_trajectory__functions.h
[58.671s] -- Installing: /home/ros2/ros2_learn/fishbot_ws/install/cartographer_ros_msgs/include/cartographer_ros_msgs/srv/detail/submap_query__functions.c
[58.672s] -- Installing: /home/ros2/ros2_learn/fishbot_ws/install/cartographer_ros_msgs/include/cartographer_ros_msgs/srv/detail/start_trajectory__functions.c
[58.672s] -- Installing: /home/ros2/ros2_learn/fishbot_ws/install/cartographer_ros_msgs/include/cartographer_ros_msgs/srv/detail/submap_query__functions.h
[58.672s] -- Installing: /home/ros2/ros2_learn/fishbot_ws/install/cartographer_ros_msgs/include/cartographer_ros_msgs/srv/submap_query.h
[58.672s] -- Installing: /home/ros2/ros2_learn/fishbot_ws/install/cartographer_ros_msgs/include/cartographer_ros_msgs/srv/start_trajectory.h
[58.673s] -- Installing: /home/ros2/ros2_learn/fishbot_ws/install/cartographer_ros_msgs/share/cartographer_ros_msgs/environment/library_path.sh
[58.673s] -- Installing: /home/ros2/ros2_learn/fishbot_ws/install/cartographer_ros_msgs/share/cartographer_ros_msgs/environment/library_path.dsv
[58.674s] -- Installing: /home/ros2/ros2_learn/fishbot_ws/install/cartographer_ros_msgs/lib/libcartographer_ros_msgs__rosidl_generator_c.so
[58.675s] -- Set runtime path of "/home/ros2/ros2_learn/fishbot_ws/install/cartographer_ros_msgs/lib/libcartographer_ros_msgs__rosidl_generator_c.so" to ""
[58.675s] -- Up-to-date: /home/ros2/ros2_learn/fishbot_ws/install/cartographer_ros_msgs/include/cartographer_ros_msgs
[58.675s] -- Up-to-date: /home/ros2/ros2_learn/fishbot_ws/install/cartographer_ros_msgs/include/cartographer_ros_msgs/msg
[58.676s] -- Installing: /home/ros2/ros2_learn/fishbot_ws/install/cartographer_ros_msgs/include/cartographer_ros_msgs/msg/rosidl_typesupport_fastrtps_c__visibility_control.h
[58.676s] -- Up-to-date: /home/ros2/ros2_learn/fishbot_ws/install/cartographer_ros_msgs/include/cartographer_ros_msgs/msg/detail
[58.676s] -- Installing: /home/ros2/ros2_learn/fishbot_ws/install/cartographer_ros_msgs/include/cartographer_ros_msgs/msg/detail/submap_list__rosidl_typesupport_fastrtps_c.h
[58.677s] -- Installing: /home/ros2/ros2_learn/fishbot_ws/install/cartographer_ros_msgs/include/cartographer_ros_msgs/msg/detail/status_response__rosidl_typesupport_fastrtps_c.h
[58.677s] -- Installing: /home/ros2/ros2_learn/fishbot_ws/install/cartographer_ros_msgs/include/cartographer_ros_msgs/msg/detail/landmark_entry__rosidl_typesupport_fastrtps_c.h
[58.677s] -- Installing: /home/ros2/ros2_learn/fishbot_ws/install/cartographer_ros_msgs/include/cartographer_ros_msgs/msg/detail/trajectory_options__rosidl_typesupport_fastrtps_c.h
[58.678s] -- Installing: /home/ros2/ros2_learn/fishbot_ws/install/cartographer_ros_msgs/include/cartographer_ros_msgs/msg/detail/submap_entry__rosidl_typesupport_fastrtps_c.h
[58.678s] -- Installing: /home/ros2/ros2_learn/fishbot_ws/install/cartographer_ros_msgs/include/cartographer_ros_msgs/msg/detail/submap_texture__rosidl_typesupport_fastrtps_c.h
[58.678s] -- Installing: /home/ros2/ros2_learn/fishbot_ws/install/cartographer_ros_msgs/include/cartographer_ros_msgs/msg/detail/status_code__rosidl_typesupport_fastrtps_c.h
[58.678s] -- Installing: /home/ros2/ros2_learn/fishbot_ws/install/cartographer_ros_msgs/include/cartographer_ros_msgs/msg/detail/sensor_topics__rosidl_typesupport_fastrtps_c.h
[58.678s] -- Installing: /home/ros2/ros2_learn/fishbot_ws/install/cartographer_ros_msgs/include/cartographer_ros_msgs/msg/detail/landmark_list__rosidl_typesupport_fastrtps_c.h
[58.679s] -- Up-to-date: /home/ros2/ros2_learn/fishbot_ws/install/cartographer_ros_msgs/include/cartographer_ros_msgs/srv
[58.679s] -- Up-to-date: /home/ros2/ros2_learn/fishbot_ws/install/cartographer_ros_msgs/include/cartographer_ros_msgs/srv/detail
[58.679s] -- Installing: /home/ros2/ros2_learn/fishbot_ws/install/cartographer_ros_msgs/include/cartographer_ros_msgs/srv/detail/finish_trajectory__rosidl_typesupport_fastrtps_c.h
[58.679s] -- Installing: /home/ros2/ros2_learn/fishbot_ws/install/cartographer_ros_msgs/include/cartographer_ros_msgs/srv/detail/submap_query__rosidl_typesupport_fastrtps_c.h
[58.680s] -- Installing: /home/ros2/ros2_learn/fishbot_ws/install/cartographer_ros_msgs/include/cartographer_ros_msgs/srv/detail/write_state__rosidl_typesupport_fastrtps_c.h
[58.680s] -- Installing: /home/ros2/ros2_learn/fishbot_ws/install/cartographer_ros_msgs/include/cartographer_ros_msgs/srv/detail/start_trajectory__rosidl_typesupport_fastrtps_c.h
[58.680s] -- Installing: /home/ros2/ros2_learn/fishbot_ws/install/cartographer_ros_msgs/lib/libcartographer_ros_msgs__rosidl_typesupport_fastrtps_c.so
[58.681s] -- Set runtime path of "/home/ros2/ros2_learn/fishbot_ws/install/cartographer_ros_msgs/lib/libcartographer_ros_msgs__rosidl_typesupport_fastrtps_c.so" to ""
[58.681s] -- Up-to-date: /home/ros2/ros2_learn/fishbot_ws/install/cartographer_ros_msgs/include/cartographer_ros_msgs
[58.681s] -- Up-to-date: /home/ros2/ros2_learn/fishbot_ws/install/cartographer_ros_msgs/include/cartographer_ros_msgs/msg
[58.682s] -- Up-to-date: /home/ros2/ros2_learn/fishbot_ws/install/cartographer_ros_msgs/include/cartographer_ros_msgs/msg/detail
[58.682s] -- Installing: /home/ros2/ros2_learn/fishbot_ws/install/cartographer_ros_msgs/include/cartographer_ros_msgs/msg/detail/submap_list__rosidl_typesupport_fastrtps_cpp.hpp
[58.683s] -- Installing: /home/ros2/ros2_learn/fishbot_ws/install/cartographer_ros_msgs/include/cartographer_ros_msgs/msg/detail/landmark_list__rosidl_typesupport_fastrtps_cpp.hpp
[58.683s] -- Installing: /home/ros2/ros2_learn/fishbot_ws/install/cartographer_ros_msgs/include/cartographer_ros_msgs/msg/detail/status_code__rosidl_typesupport_fastrtps_cpp.hpp
[58.684s] -- Installing: /home/ros2/ros2_learn/fishbot_ws/install/cartographer_ros_msgs/include/cartographer_ros_msgs/msg/detail/landmark_entry__rosidl_typesupport_fastrtps_cpp.hpp
[58.684s] -- Installing: /home/ros2/ros2_learn/fishbot_ws/install/cartographer_ros_msgs/include/cartographer_ros_msgs/msg/detail/sensor_topics__rosidl_typesupport_fastrtps_cpp.hpp
[58.685s] -- Installing: /home/ros2/ros2_learn/fishbot_ws/install/cartographer_ros_msgs/include/cartographer_ros_msgs/msg/detail/dds_fastrtps
[58.685s] -- Installing: /home/ros2/ros2_learn/fishbot_ws/install/cartographer_ros_msgs/include/cartographer_ros_msgs/msg/detail/status_response__rosidl_typesupport_fastrtps_cpp.hpp
[58.686s] -- Installing: /home/ros2/ros2_learn/fishbot_ws/install/cartographer_ros_msgs/include/cartographer_ros_msgs/msg/detail/trajectory_options__rosidl_typesupport_fastrtps_cpp.hpp
[58.686s] -- Installing: /home/ros2/ros2_learn/fishbot_ws/install/cartographer_ros_msgs/include/cartographer_ros_msgs/msg/detail/submap_texture__rosidl_typesupport_fastrtps_cpp.hpp
[58.687s] -- Installing: /home/ros2/ros2_learn/fishbot_ws/install/cartographer_ros_msgs/include/cartographer_ros_msgs/msg/detail/submap_entry__rosidl_typesupport_fastrtps_cpp.hpp
[58.687s] -- Installing: /home/ros2/ros2_learn/fishbot_ws/install/cartographer_ros_msgs/include/cartographer_ros_msgs/msg/rosidl_typesupport_fastrtps_cpp__visibility_control.h
[58.687s] -- Up-to-date: /home/ros2/ros2_learn/fishbot_ws/install/cartographer_ros_msgs/include/cartographer_ros_msgs/srv
[58.687s] -- Up-to-date: /home/ros2/ros2_learn/fishbot_ws/install/cartographer_ros_msgs/include/cartographer_ros_msgs/srv/detail
[58.687s] -- Installing: /home/ros2/ros2_learn/fishbot_ws/install/cartographer_ros_msgs/include/cartographer_ros_msgs/srv/detail/finish_trajectory__rosidl_typesupport_fastrtps_cpp.hpp
[58.687s] -- Installing: /home/ros2/ros2_learn/fishbot_ws/install/cartographer_ros_msgs/include/cartographer_ros_msgs/srv/detail/submap_query__rosidl_typesupport_fastrtps_cpp.hpp
[58.687s] -- Installing: /home/ros2/ros2_learn/fishbot_ws/install/cartographer_ros_msgs/include/cartographer_ros_msgs/srv/detail/dds_fastrtps
[58.688s] -- Installing: /home/ros2/ros2_learn/fishbot_ws/install/cartographer_ros_msgs/include/cartographer_ros_msgs/srv/detail/write_state__rosidl_typesupport_fastrtps_cpp.hpp
[58.689s] -- Installing: /home/ros2/ros2_learn/fishbot_ws/install/cartographer_ros_msgs/include/cartographer_ros_msgs/srv/detail/start_trajectory__rosidl_typesupport_fastrtps_cpp.hpp
[58.690s] -- Installing: /home/ros2/ros2_learn/fishbot_ws/install/cartographer_ros_msgs/lib/libcartographer_ros_msgs__rosidl_typesupport_fastrtps_cpp.so
[58.690s] -- Set runtime path of "/home/ros2/ros2_learn/fishbot_ws/install/cartographer_ros_msgs/lib/libcartographer_ros_msgs__rosidl_typesupport_fastrtps_cpp.so" to ""
[58.690s] -- Up-to-date: /home/ros2/ros2_learn/fishbot_ws/install/cartographer_ros_msgs/include/cartographer_ros_msgs
[58.691s] -- Up-to-date: /home/ros2/ros2_learn/fishbot_ws/install/cartographer_ros_msgs/include/cartographer_ros_msgs/msg
[58.691s] -- Installing: /home/ros2/ros2_learn/fishbot_ws/install/cartographer_ros_msgs/include/cartographer_ros_msgs/msg/rosidl_typesupport_introspection_c__visibility_control.h
[58.691s] -- Up-to-date: /home/ros2/ros2_learn/fishbot_ws/install/cartographer_ros_msgs/include/cartographer_ros_msgs/msg/detail
[58.691s] -- Installing: /home/ros2/ros2_learn/fishbot_ws/install/cartographer_ros_msgs/include/cartographer_ros_msgs/msg/detail/status_response__rosidl_typesupport_introspection_c.h
[58.692s] -- Installing: /home/ros2/ros2_learn/fishbot_ws/install/cartographer_ros_msgs/include/cartographer_ros_msgs/msg/detail/status_code__rosidl_typesupport_introspection_c.h
[58.692s] -- Installing: /home/ros2/ros2_learn/fishbot_ws/install/cartographer_ros_msgs/include/cartographer_ros_msgs/msg/detail/landmark_list__rosidl_typesupport_introspection_c.h
[58.692s] -- Installing: /home/ros2/ros2_learn/fishbot_ws/install/cartographer_ros_msgs/include/cartographer_ros_msgs/msg/detail/submap_texture__type_support.c
[58.692s] -- Installing: /home/ros2/ros2_learn/fishbot_ws/install/cartographer_ros_msgs/include/cartographer_ros_msgs/msg/detail/submap_entry__type_support.c
[58.692s] -- Installing: /home/ros2/ros2_learn/fishbot_ws/install/cartographer_ros_msgs/include/cartographer_ros_msgs/msg/detail/submap_entry__rosidl_typesupport_introspection_c.h
[58.692s] -- Installing: /home/ros2/ros2_learn/fishbot_ws/install/cartographer_ros_msgs/include/cartographer_ros_msgs/msg/detail/landmark_list__type_support.c
[58.704s] -- Installing: /home/ros2/ros2_learn/fishbot_ws/install/cartographer_ros_msgs/include/cartographer_ros_msgs/msg/detail/landmark_entry__type_support.c
[58.705s] -- Installing: /home/ros2/ros2_learn/fishbot_ws/install/cartographer_ros_msgs/include/cartographer_ros_msgs/msg/detail/trajectory_options__rosidl_typesupport_introspection_c.h
[58.705s] -- Installing: /home/ros2/ros2_learn/fishbot_ws/install/cartographer_ros_msgs/include/cartographer_ros_msgs/msg/detail/trajectory_options__type_support.c
[58.705s] -- Installing: /home/ros2/ros2_learn/fishbot_ws/install/cartographer_ros_msgs/include/cartographer_ros_msgs/msg/detail/sensor_topics__rosidl_typesupport_introspection_c.h
[58.705s] -- Installing: /home/ros2/ros2_learn/fishbot_ws/install/cartographer_ros_msgs/include/cartographer_ros_msgs/msg/detail/sensor_topics__type_support.c
[58.705s] -- Installing: /home/ros2/ros2_learn/fishbot_ws/install/cartographer_ros_msgs/include/cartographer_ros_msgs/msg/detail/submap_list__rosidl_typesupport_introspection_c.h
[58.705s] -- Installing: /home/ros2/ros2_learn/fishbot_ws/install/cartographer_ros_msgs/include/cartographer_ros_msgs/msg/detail/submap_list__type_support.c
[58.705s] -- Installing: /home/ros2/ros2_learn/fishbot_ws/install/cartographer_ros_msgs/include/cartographer_ros_msgs/msg/detail/status_response__type_support.c
[58.705s] -- Installing: /home/ros2/ros2_learn/fishbot_ws/install/cartographer_ros_msgs/include/cartographer_ros_msgs/msg/detail/status_code__type_support.c
[58.705s] -- Installing: /home/ros2/ros2_learn/fishbot_ws/install/cartographer_ros_msgs/include/cartographer_ros_msgs/msg/detail/submap_texture__rosidl_typesupport_introspection_c.h
[58.705s] -- Installing: /home/ros2/ros2_learn/fishbot_ws/install/cartographer_ros_msgs/include/cartographer_ros_msgs/msg/detail/landmark_entry__rosidl_typesupport_introspection_c.h
[58.706s] -- Up-to-date: /home/ros2/ros2_learn/fishbot_ws/install/cartographer_ros_msgs/include/cartographer_ros_msgs/srv
[58.706s] -- Up-to-date: /home/ros2/ros2_learn/fishbot_ws/install/cartographer_ros_msgs/include/cartographer_ros_msgs/srv/detail
[58.706s] -- Installing: /home/ros2/ros2_learn/fishbot_ws/install/cartographer_ros_msgs/include/cartographer_ros_msgs/srv/detail/start_trajectory__rosidl_typesupport_introspection_c.h
[58.706s] -- Installing: /home/ros2/ros2_learn/fishbot_ws/install/cartographer_ros_msgs/include/cartographer_ros_msgs/srv/detail/submap_query__rosidl_typesupport_introspection_c.h
[58.706s] -- Installing: /home/ros2/ros2_learn/fishbot_ws/install/cartographer_ros_msgs/include/cartographer_ros_msgs/srv/detail/start_trajectory__type_support.c
[58.706s] -- Installing: /home/ros2/ros2_learn/fishbot_ws/install/cartographer_ros_msgs/include/cartographer_ros_msgs/srv/detail/write_state__type_support.c
[58.706s] -- Installing: /home/ros2/ros2_learn/fishbot_ws/install/cartographer_ros_msgs/include/cartographer_ros_msgs/srv/detail/write_state__rosidl_typesupport_introspection_c.h
[58.706s] -- Installing: /home/ros2/ros2_learn/fishbot_ws/install/cartographer_ros_msgs/include/cartographer_ros_msgs/srv/detail/submap_query__type_support.c
[58.706s] -- Installing: /home/ros2/ros2_learn/fishbot_ws/install/cartographer_ros_msgs/include/cartographer_ros_msgs/srv/detail/finish_trajectory__rosidl_typesupport_introspection_c.h
[58.706s] -- Installing: /home/ros2/ros2_learn/fishbot_ws/install/cartographer_ros_msgs/include/cartographer_ros_msgs/srv/detail/finish_trajectory__type_support.c
[58.707s] -- Installing: /home/ros2/ros2_learn/fishbot_ws/install/cartographer_ros_msgs/lib/libcartographer_ros_msgs__rosidl_typesupport_introspection_c.so
[58.707s] -- Set runtime path of "/home/ros2/ros2_learn/fishbot_ws/install/cartographer_ros_msgs/lib/libcartographer_ros_msgs__rosidl_typesupport_introspection_c.so" to ""
[58.707s] -- Installing: /home/ros2/ros2_learn/fishbot_ws/install/cartographer_ros_msgs/lib/libcartographer_ros_msgs__rosidl_typesupport_c.so
[58.707s] -- Set runtime path of "/home/ros2/ros2_learn/fishbot_ws/install/cartographer_ros_msgs/lib/libcartographer_ros_msgs__rosidl_typesupport_c.so" to ""
[58.707s] -- Up-to-date: /home/ros2/ros2_learn/fishbot_ws/install/cartographer_ros_msgs/include/cartographer_ros_msgs
[58.707s] -- Up-to-date: /home/ros2/ros2_learn/fishbot_ws/install/cartographer_ros_msgs/include/cartographer_ros_msgs/msg
[58.707s] -- Installing: /home/ros2/ros2_learn/fishbot_ws/install/cartographer_ros_msgs/include/cartographer_ros_msgs/msg/submap_texture.hpp
[58.707s] -- Up-to-date: /home/ros2/ros2_learn/fishbot_ws/install/cartographer_ros_msgs/include/cartographer_ros_msgs/msg/detail
[58.707s] -- Installing: /home/ros2/ros2_learn/fishbot_ws/install/cartographer_ros_msgs/include/cartographer_ros_msgs/msg/detail/submap_list__traits.hpp
[58.708s] -- Installing: /home/ros2/ros2_learn/fishbot_ws/install/cartographer_ros_msgs/include/cartographer_ros_msgs/msg/detail/submap_entry__builder.hpp
[58.708s] -- Installing: /home/ros2/ros2_learn/fishbot_ws/install/cartographer_ros_msgs/include/cartographer_ros_msgs/msg/detail/status_response__traits.hpp
[58.708s] -- Installing: /home/ros2/ros2_learn/fishbot_ws/install/cartographer_ros_msgs/include/cartographer_ros_msgs/msg/detail/submap_list__builder.hpp
[58.708s] -- Installing: /home/ros2/ros2_learn/fishbot_ws/install/cartographer_ros_msgs/include/cartographer_ros_msgs/msg/detail/submap_list__struct.hpp
[58.708s] -- Installing: /home/ros2/ros2_learn/fishbot_ws/install/cartographer_ros_msgs/include/cartographer_ros_msgs/msg/detail/landmark_list__builder.hpp
[58.708s] -- Installing: /home/ros2/ros2_learn/fishbot_ws/install/cartographer_ros_msgs/include/cartographer_ros_msgs/msg/detail/trajectory_options__builder.hpp
[58.708s] -- Installing: /home/ros2/ros2_learn/fishbot_ws/install/cartographer_ros_msgs/include/cartographer_ros_msgs/msg/detail/submap_texture__struct.hpp
[58.708s] -- Installing: /home/ros2/ros2_learn/fishbot_ws/install/cartographer_ros_msgs/include/cartographer_ros_msgs/msg/detail/status_code__builder.hpp
[58.708s] -- Installing: /home/ros2/ros2_learn/fishbot_ws/install/cartographer_ros_msgs/include/cartographer_ros_msgs/msg/detail/trajectory_options__struct.hpp
[58.709s] -- Installing: /home/ros2/ros2_learn/fishbot_ws/install/cartographer_ros_msgs/include/cartographer_ros_msgs/msg/detail/sensor_topics__builder.hpp
[58.709s] -- Installing: /home/ros2/ros2_learn/fishbot_ws/install/cartographer_ros_msgs/include/cartographer_ros_msgs/msg/detail/landmark_entry__builder.hpp
[58.709s] -- Installing: /home/ros2/ros2_learn/fishbot_ws/install/cartographer_ros_msgs/include/cartographer_ros_msgs/msg/detail/landmark_list__traits.hpp
[58.709s] -- Installing: /home/ros2/ros2_learn/fishbot_ws/install/cartographer_ros_msgs/include/cartographer_ros_msgs/msg/detail/status_code__traits.hpp
[58.709s] -- Installing: /home/ros2/ros2_learn/fishbot_ws/install/cartographer_ros_msgs/include/cartographer_ros_msgs/msg/detail/submap_texture__traits.hpp
[58.709s] -- Installing: /home/ros2/ros2_learn/fishbot_ws/install/cartographer_ros_msgs/include/cartographer_ros_msgs/msg/detail/landmark_entry__struct.hpp
[58.709s] -- Installing: /home/ros2/ros2_learn/fishbot_ws/install/cartographer_ros_msgs/include/cartographer_ros_msgs/msg/detail/sensor_topics__struct.hpp
[58.709s] -- Installing: /home/ros2/ros2_learn/fishbot_ws/install/cartographer_ros_msgs/include/cartographer_ros_msgs/msg/detail/status_code__struct.hpp
[58.709s] -- Installing: /home/ros2/ros2_learn/fishbot_ws/install/cartographer_ros_msgs/include/cartographer_ros_msgs/msg/detail/status_response__builder.hpp
[58.709s] -- Installing: /home/ros2/ros2_learn/fishbot_ws/install/cartographer_ros_msgs/include/cartographer_ros_msgs/msg/detail/submap_entry__traits.hpp
[58.709s] -- Installing: /home/ros2/ros2_learn/fishbot_ws/install/cartographer_ros_msgs/include/cartographer_ros_msgs/msg/detail/landmark_list__struct.hpp
[58.709s] -- Installing: /home/ros2/ros2_learn/fishbot_ws/install/cartographer_ros_msgs/include/cartographer_ros_msgs/msg/detail/sensor_topics__traits.hpp
[58.710s] -- Installing: /home/ros2/ros2_learn/fishbot_ws/install/cartographer_ros_msgs/include/cartographer_ros_msgs/msg/detail/submap_entry__struct.hpp
[58.710s] -- Installing: /home/ros2/ros2_learn/fishbot_ws/install/cartographer_ros_msgs/include/cartographer_ros_msgs/msg/detail/trajectory_options__traits.hpp
[58.710s] -- Installing: /home/ros2/ros2_learn/fishbot_ws/install/cartographer_ros_msgs/include/cartographer_ros_msgs/msg/detail/status_response__struct.hpp
[58.710s] -- Installing: /home/ros2/ros2_learn/fishbot_ws/install/cartographer_ros_msgs/include/cartographer_ros_msgs/msg/detail/submap_texture__builder.hpp
[58.710s] -- Installing: /home/ros2/ros2_learn/fishbot_ws/install/cartographer_ros_msgs/include/cartographer_ros_msgs/msg/detail/landmark_entry__traits.hpp
[58.710s] -- Installing: /home/ros2/ros2_learn/fishbot_ws/install/cartographer_ros_msgs/include/cartographer_ros_msgs/msg/sensor_topics.hpp
[58.710s] -- Installing: /home/ros2/ros2_learn/fishbot_ws/install/cartographer_ros_msgs/include/cartographer_ros_msgs/msg/submap_entry.hpp
[58.710s] -- Installing: /home/ros2/ros2_learn/fishbot_ws/install/cartographer_ros_msgs/include/cartographer_ros_msgs/msg/status_code.hpp
[58.710s] -- Installing: /home/ros2/ros2_learn/fishbot_ws/install/cartographer_ros_msgs/include/cartographer_ros_msgs/msg/landmark_entry.hpp
[58.710s] -- Installing: /home/ros2/ros2_learn/fishbot_ws/install/cartographer_ros_msgs/include/cartographer_ros_msgs/msg/landmark_list.hpp
[58.710s] -- Installing: /home/ros2/ros2_learn/fishbot_ws/install/cartographer_ros_msgs/include/cartographer_ros_msgs/msg/status_response.hpp
[58.711s] -- Installing: /home/ros2/ros2_learn/fishbot_ws/install/cartographer_ros_msgs/include/cartographer_ros_msgs/msg/trajectory_options.hpp
[58.711s] -- Installing: /home/ros2/ros2_learn/fishbot_ws/install/cartographer_ros_msgs/include/cartographer_ros_msgs/msg/submap_list.hpp
[58.711s] -- Up-to-date: /home/ros2/ros2_learn/fishbot_ws/install/cartographer_ros_msgs/include/cartographer_ros_msgs/srv
[58.711s] -- Installing: /home/ros2/ros2_learn/fishbot_ws/install/cartographer_ros_msgs/include/cartographer_ros_msgs/srv/finish_trajectory.hpp
[58.711s] -- Up-to-date: /home/ros2/ros2_learn/fishbot_ws/install/cartographer_ros_msgs/include/cartographer_ros_msgs/srv/detail
[58.711s] -- Installing: /home/ros2/ros2_learn/fishbot_ws/install/cartographer_ros_msgs/include/cartographer_ros_msgs/srv/detail/finish_trajectory__traits.hpp
[58.711s] -- Installing: /home/ros2/ros2_learn/fishbot_ws/install/cartographer_ros_msgs/include/cartographer_ros_msgs/srv/detail/finish_trajectory__builder.hpp
[58.711s] -- Installing: /home/ros2/ros2_learn/fishbot_ws/install/cartographer_ros_msgs/include/cartographer_ros_msgs/srv/detail/write_state__traits.hpp
[58.711s] -- Installing: /home/ros2/ros2_learn/fishbot_ws/install/cartographer_ros_msgs/include/cartographer_ros_msgs/srv/detail/submap_query__struct.hpp
[58.711s] -- Installing: /home/ros2/ros2_learn/fishbot_ws/install/cartographer_ros_msgs/include/cartographer_ros_msgs/srv/detail/finish_trajectory__struct.hpp
[58.711s] -- Installing: /home/ros2/ros2_learn/fishbot_ws/install/cartographer_ros_msgs/include/cartographer_ros_msgs/srv/detail/submap_query__traits.hpp
[58.712s] -- Installing: /home/ros2/ros2_learn/fishbot_ws/install/cartographer_ros_msgs/include/cartographer_ros_msgs/srv/detail/submap_query__builder.hpp
[58.712s] -- Installing: /home/ros2/ros2_learn/fishbot_ws/install/cartographer_ros_msgs/include/cartographer_ros_msgs/srv/detail/write_state__builder.hpp
[58.712s] -- Installing: /home/ros2/ros2_learn/fishbot_ws/install/cartographer_ros_msgs/include/cartographer_ros_msgs/srv/detail/start_trajectory__traits.hpp
[58.712s] -- Installing: /home/ros2/ros2_learn/fishbot_ws/install/cartographer_ros_msgs/include/cartographer_ros_msgs/srv/detail/start_trajectory__struct.hpp
[58.712s] -- Installing: /home/ros2/ros2_learn/fishbot_ws/install/cartographer_ros_msgs/include/cartographer_ros_msgs/srv/detail/write_state__struct.hpp
[58.712s] -- Installing: /home/ros2/ros2_learn/fishbot_ws/install/cartographer_ros_msgs/include/cartographer_ros_msgs/srv/detail/start_trajectory__builder.hpp
[58.712s] -- Installing: /home/ros2/ros2_learn/fishbot_ws/install/cartographer_ros_msgs/include/cartographer_ros_msgs/srv/start_trajectory.hpp
[58.712s] -- Installing: /home/ros2/ros2_learn/fishbot_ws/install/cartographer_ros_msgs/include/cartographer_ros_msgs/srv/submap_query.hpp
[58.712s] -- Installing: /home/ros2/ros2_learn/fishbot_ws/install/cartographer_ros_msgs/include/cartographer_ros_msgs/srv/write_state.hpp
[58.713s] -- Up-to-date: /home/ros2/ros2_learn/fishbot_ws/install/cartographer_ros_msgs/include/cartographer_ros_msgs
[58.713s] -- Up-to-date: /home/ros2/ros2_learn/fishbot_ws/install/cartographer_ros_msgs/include/cartographer_ros_msgs/msg
[58.713s] -- Up-to-date: /home/ros2/ros2_learn/fishbot_ws/install/cartographer_ros_msgs/include/cartographer_ros_msgs/msg/detail
[58.713s] -- Installing: /home/ros2/ros2_learn/fishbot_ws/install/cartographer_ros_msgs/include/cartographer_ros_msgs/msg/detail/sensor_topics__rosidl_typesupport_introspection_cpp.hpp
[58.713s] -- Installing: /home/ros2/ros2_learn/fishbot_ws/install/cartographer_ros_msgs/include/cartographer_ros_msgs/msg/detail/trajectory_options__type_support.cpp
[58.713s] -- Installing: /home/ros2/ros2_learn/fishbot_ws/install/cartographer_ros_msgs/include/cartographer_ros_msgs/msg/detail/landmark_list__type_support.cpp
[58.713s] -- Installing: /home/ros2/ros2_learn/fishbot_ws/install/cartographer_ros_msgs/include/cartographer_ros_msgs/msg/detail/landmark_entry__rosidl_typesupport_introspection_cpp.hpp
[58.713s] -- Installing: /home/ros2/ros2_learn/fishbot_ws/install/cartographer_ros_msgs/include/cartographer_ros_msgs/msg/detail/submap_list__type_support.cpp
[58.713s] -- Installing: /home/ros2/ros2_learn/fishbot_ws/install/cartographer_ros_msgs/include/cartographer_ros_msgs/msg/detail/status_response__rosidl_typesupport_introspection_cpp.hpp
[58.713s] -- Installing: /home/ros2/ros2_learn/fishbot_ws/install/cartographer_ros_msgs/include/cartographer_ros_msgs/msg/detail/submap_list__rosidl_typesupport_introspection_cpp.hpp
[58.714s] -- Installing: /home/ros2/ros2_learn/fishbot_ws/install/cartographer_ros_msgs/include/cartographer_ros_msgs/msg/detail/submap_entry__rosidl_typesupport_introspection_cpp.hpp
[58.714s] -- Installing: /home/ros2/ros2_learn/fishbot_ws/install/cartographer_ros_msgs/include/cartographer_ros_msgs/msg/detail/submap_texture__type_support.cpp
[58.714s] -- Installing: /home/ros2/ros2_learn/fishbot_ws/install/cartographer_ros_msgs/include/cartographer_ros_msgs/msg/detail/status_code__rosidl_typesupport_introspection_cpp.hpp
[58.714s] -- Installing: /home/ros2/ros2_learn/fishbot_ws/install/cartographer_ros_msgs/include/cartographer_ros_msgs/msg/detail/landmark_entry__type_support.cpp
[58.714s] -- Installing: /home/ros2/ros2_learn/fishbot_ws/install/cartographer_ros_msgs/include/cartographer_ros_msgs/msg/detail/trajectory_options__rosidl_typesupport_introspection_cpp.hpp
[58.714s] -- Installing: /home/ros2/ros2_learn/fishbot_ws/install/cartographer_ros_msgs/include/cartographer_ros_msgs/msg/detail/status_response__type_support.cpp
[58.714s] -- Installing: /home/ros2/ros2_learn/fishbot_ws/install/cartographer_ros_msgs/include/cartographer_ros_msgs/msg/detail/status_code__type_support.cpp
[58.714s] -- Installing: /home/ros2/ros2_learn/fishbot_ws/install/cartographer_ros_msgs/include/cartographer_ros_msgs/msg/detail/submap_entry__type_support.cpp
[58.714s] -- Installing: /home/ros2/ros2_learn/fishbot_ws/install/cartographer_ros_msgs/include/cartographer_ros_msgs/msg/detail/sensor_topics__type_support.cpp
[58.714s] -- Installing: /home/ros2/ros2_learn/fishbot_ws/install/cartographer_ros_msgs/include/cartographer_ros_msgs/msg/detail/landmark_list__rosidl_typesupport_introspection_cpp.hpp
[58.714s] -- Installing: /home/ros2/ros2_learn/fishbot_ws/install/cartographer_ros_msgs/include/cartographer_ros_msgs/msg/detail/submap_texture__rosidl_typesupport_introspection_cpp.hpp
[58.714s] -- Up-to-date: /home/ros2/ros2_learn/fishbot_ws/install/cartographer_ros_msgs/include/cartographer_ros_msgs/srv
[58.715s] -- Up-to-date: /home/ros2/ros2_learn/fishbot_ws/install/cartographer_ros_msgs/include/cartographer_ros_msgs/srv/detail
[58.715s] -- Installing: /home/ros2/ros2_learn/fishbot_ws/install/cartographer_ros_msgs/include/cartographer_ros_msgs/srv/detail/finish_trajectory__type_support.cpp
[58.715s] -- Installing: /home/ros2/ros2_learn/fishbot_ws/install/cartographer_ros_msgs/include/cartographer_ros_msgs/srv/detail/start_trajectory__type_support.cpp
[58.715s] -- Installing: /home/ros2/ros2_learn/fishbot_ws/install/cartographer_ros_msgs/include/cartographer_ros_msgs/srv/detail/submap_query__rosidl_typesupport_introspection_cpp.hpp
[58.715s] -- Installing: /home/ros2/ros2_learn/fishbot_ws/install/cartographer_ros_msgs/include/cartographer_ros_msgs/srv/detail/start_trajectory__rosidl_typesupport_introspection_cpp.hpp
[58.715s] -- Installing: /home/ros2/ros2_learn/fishbot_ws/install/cartographer_ros_msgs/include/cartographer_ros_msgs/srv/detail/finish_trajectory__rosidl_typesupport_introspection_cpp.hpp
[58.715s] -- Installing: /home/ros2/ros2_learn/fishbot_ws/install/cartographer_ros_msgs/include/cartographer_ros_msgs/srv/detail/write_state__type_support.cpp
[58.715s] -- Installing: /home/ros2/ros2_learn/fishbot_ws/install/cartographer_ros_msgs/include/cartographer_ros_msgs/srv/detail/submap_query__type_support.cpp
[58.715s] -- Installing: /home/ros2/ros2_learn/fishbot_ws/install/cartographer_ros_msgs/include/cartographer_ros_msgs/srv/detail/write_state__rosidl_typesupport_introspection_cpp.hpp
[58.715s] -- Installing: /home/ros2/ros2_learn/fishbot_ws/install/cartographer_ros_msgs/lib/libcartographer_ros_msgs__rosidl_typesupport_introspection_cpp.so
[58.715s] -- Set runtime path of "/home/ros2/ros2_learn/fishbot_ws/install/cartographer_ros_msgs/lib/libcartographer_ros_msgs__rosidl_typesupport_introspection_cpp.so" to ""
[58.715s] -- Installing: /home/ros2/ros2_learn/fishbot_ws/install/cartographer_ros_msgs/lib/libcartographer_ros_msgs__rosidl_typesupport_cpp.so
[58.715s] -- Set runtime path of "/home/ros2/ros2_learn/fishbot_ws/install/cartographer_ros_msgs/lib/libcartographer_ros_msgs__rosidl_typesupport_cpp.so" to ""
[58.716s] -- Installing: /home/ros2/ros2_learn/fishbot_ws/install/cartographer_ros_msgs/share/cartographer_ros_msgs/environment/pythonpath.sh
[58.716s] -- Installing: /home/ros2/ros2_learn/fishbot_ws/install/cartographer_ros_msgs/share/cartographer_ros_msgs/environment/pythonpath.dsv
[58.716s] -- Installing: /home/ros2/ros2_learn/fishbot_ws/install/cartographer_ros_msgs/lib/python3.8/site-packages/cartographer_ros_msgs/__init__.py
[58.752s] Compiling '/home/ros2/ros2_learn/fishbot_ws/install/cartographer_ros_msgs/lib/python3.8/site-packages/cartographer_ros_msgs/__init__.py'...
[58.759s] -- Installing: /home/ros2/ros2_learn/fishbot_ws/install/cartographer_ros_msgs/lib/python3.8/site-packages/cartographer_ros_msgs/msg
[58.759s] -- Installing: /home/ros2/ros2_learn/fishbot_ws/install/cartographer_ros_msgs/lib/python3.8/site-packages/cartographer_ros_msgs/msg/_status_response_s.c
[58.759s] -- Installing: /home/ros2/ros2_learn/fishbot_ws/install/cartographer_ros_msgs/lib/python3.8/site-packages/cartographer_ros_msgs/msg/_trajectory_options_s.c
[58.759s] -- Installing: /home/ros2/ros2_learn/fishbot_ws/install/cartographer_ros_msgs/lib/python3.8/site-packages/cartographer_ros_msgs/msg/__init__.py
[58.760s] -- Installing: /home/ros2/ros2_learn/fishbot_ws/install/cartographer_ros_msgs/lib/python3.8/site-packages/cartographer_ros_msgs/msg/_status_code.py
[58.760s] -- Installing: /home/ros2/ros2_learn/fishbot_ws/install/cartographer_ros_msgs/lib/python3.8/site-packages/cartographer_ros_msgs/msg/_submap_list_s.c
[58.760s] -- Installing: /home/ros2/ros2_learn/fishbot_ws/install/cartographer_ros_msgs/lib/python3.8/site-packages/cartographer_ros_msgs/msg/_status_code_s.c
[58.760s] -- Installing: /home/ros2/ros2_learn/fishbot_ws/install/cartographer_ros_msgs/lib/python3.8/site-packages/cartographer_ros_msgs/msg/_sensor_topics.py
[58.760s] -- Installing: /home/ros2/ros2_learn/fishbot_ws/install/cartographer_ros_msgs/lib/python3.8/site-packages/cartographer_ros_msgs/msg/_submap_list.py
[58.760s] -- Installing: /home/ros2/ros2_learn/fishbot_ws/install/cartographer_ros_msgs/lib/python3.8/site-packages/cartographer_ros_msgs/msg/_sensor_topics_s.c
[58.760s] -- Installing: /home/ros2/ros2_learn/fishbot_ws/install/cartographer_ros_msgs/lib/python3.8/site-packages/cartographer_ros_msgs/msg/_landmark_entry_s.c
[58.761s] -- Installing: /home/ros2/ros2_learn/fishbot_ws/install/cartographer_ros_msgs/lib/python3.8/site-packages/cartographer_ros_msgs/msg/_submap_texture.py
[58.761s] -- Installing: /home/ros2/ros2_learn/fishbot_ws/install/cartographer_ros_msgs/lib/python3.8/site-packages/cartographer_ros_msgs/msg/_landmark_entry.py
[58.761s] -- Installing: /home/ros2/ros2_learn/fishbot_ws/install/cartographer_ros_msgs/lib/python3.8/site-packages/cartographer_ros_msgs/msg/_landmark_list_s.c
[58.761s] -- Installing: /home/ros2/ros2_learn/fishbot_ws/install/cartographer_ros_msgs/lib/python3.8/site-packages/cartographer_ros_msgs/msg/_submap_entry_s.c
[58.761s] -- Installing: /home/ros2/ros2_learn/fishbot_ws/install/cartographer_ros_msgs/lib/python3.8/site-packages/cartographer_ros_msgs/msg/_submap_texture_s.c
[58.761s] -- Installing: /home/ros2/ros2_learn/fishbot_ws/install/cartographer_ros_msgs/lib/python3.8/site-packages/cartographer_ros_msgs/msg/_status_response.py
[58.761s] -- Installing: /home/ros2/ros2_learn/fishbot_ws/install/cartographer_ros_msgs/lib/python3.8/site-packages/cartographer_ros_msgs/msg/_submap_entry.py
[58.761s] -- Installing: /home/ros2/ros2_learn/fishbot_ws/install/cartographer_ros_msgs/lib/python3.8/site-packages/cartographer_ros_msgs/msg/_landmark_list.py
[58.761s] -- Installing: /home/ros2/ros2_learn/fishbot_ws/install/cartographer_ros_msgs/lib/python3.8/site-packages/cartographer_ros_msgs/msg/_trajectory_options.py
[58.761s] -- Installing: /home/ros2/ros2_learn/fishbot_ws/install/cartographer_ros_msgs/lib/python3.8/site-packages/cartographer_ros_msgs/srv
[58.761s] -- Installing: /home/ros2/ros2_learn/fishbot_ws/install/cartographer_ros_msgs/lib/python3.8/site-packages/cartographer_ros_msgs/srv/_finish_trajectory.py
[58.761s] -- Installing: /home/ros2/ros2_learn/fishbot_ws/install/cartographer_ros_msgs/lib/python3.8/site-packages/cartographer_ros_msgs/srv/_submap_query.py
[58.762s] -- Installing: /home/ros2/ros2_learn/fishbot_ws/install/cartographer_ros_msgs/lib/python3.8/site-packages/cartographer_ros_msgs/srv/_write_state.py
[58.762s] -- Installing: /home/ros2/ros2_learn/fishbot_ws/install/cartographer_ros_msgs/lib/python3.8/site-packages/cartographer_ros_msgs/srv/__init__.py
[58.762s] -- Installing: /home/ros2/ros2_learn/fishbot_ws/install/cartographer_ros_msgs/lib/python3.8/site-packages/cartographer_ros_msgs/srv/_submap_query_s.c
[58.762s] -- Installing: /home/ros2/ros2_learn/fishbot_ws/install/cartographer_ros_msgs/lib/python3.8/site-packages/cartographer_ros_msgs/srv/_start_trajectory_s.c
[58.762s] -- Installing: /home/ros2/ros2_learn/fishbot_ws/install/cartographer_ros_msgs/lib/python3.8/site-packages/cartographer_ros_msgs/srv/_write_state_s.c
[58.762s] -- Installing: /home/ros2/ros2_learn/fishbot_ws/install/cartographer_ros_msgs/lib/python3.8/site-packages/cartographer_ros_msgs/srv/_start_trajectory.py
[58.762s] -- Installing: /home/ros2/ros2_learn/fishbot_ws/install/cartographer_ros_msgs/lib/python3.8/site-packages/cartographer_ros_msgs/srv/_finish_trajectory_s.c
[58.763s] -- Installing: /home/ros2/ros2_learn/fishbot_ws/install/cartographer_ros_msgs/lib/python3.8/site-packages/cartographer_ros_msgs/cartographer_ros_msgs_s__rosidl_typesupport_fastrtps_c.cpython-38-x86_64-linux-gnu.so
[58.763s] -- Set runtime path of "/home/ros2/ros2_learn/fishbot_ws/install/cartographer_ros_msgs/lib/python3.8/site-packages/cartographer_ros_msgs/cartographer_ros_msgs_s__rosidl_typesupport_fastrtps_c.cpython-38-x86_64-linux-gnu.so" to ""
[58.764s] -- Installing: /home/ros2/ros2_learn/fishbot_ws/install/cartographer_ros_msgs/lib/python3.8/site-packages/cartographer_ros_msgs/cartographer_ros_msgs_s__rosidl_typesupport_introspection_c.cpython-38-x86_64-linux-gnu.so
[58.764s] -- Set runtime path of "/home/ros2/ros2_learn/fishbot_ws/install/cartographer_ros_msgs/lib/python3.8/site-packages/cartographer_ros_msgs/cartographer_ros_msgs_s__rosidl_typesupport_introspection_c.cpython-38-x86_64-linux-gnu.so" to ""
[58.764s] -- Installing: /home/ros2/ros2_learn/fishbot_ws/install/cartographer_ros_msgs/lib/python3.8/site-packages/cartographer_ros_msgs/cartographer_ros_msgs_s__rosidl_typesupport_c.cpython-38-x86_64-linux-gnu.so
[58.765s] -- Set runtime path of "/home/ros2/ros2_learn/fishbot_ws/install/cartographer_ros_msgs/lib/python3.8/site-packages/cartographer_ros_msgs/cartographer_ros_msgs_s__rosidl_typesupport_c.cpython-38-x86_64-linux-gnu.so" to ""
[58.765s] -- Installing: /home/ros2/ros2_learn/fishbot_ws/install/cartographer_ros_msgs/lib/libcartographer_ros_msgs__python.so
[58.766s] -- Set runtime path of "/home/ros2/ros2_learn/fishbot_ws/install/cartographer_ros_msgs/lib/libcartographer_ros_msgs__python.so" to ""
[58.766s] -- Installing: /home/ros2/ros2_learn/fishbot_ws/install/cartographer_ros_msgs/share/cartographer_ros_msgs/msg/LandmarkEntry.idl
[58.766s] -- Installing: /home/ros2/ros2_learn/fishbot_ws/install/cartographer_ros_msgs/share/cartographer_ros_msgs/msg/LandmarkList.idl
[58.766s] -- Installing: /home/ros2/ros2_learn/fishbot_ws/install/cartographer_ros_msgs/share/cartographer_ros_msgs/msg/SensorTopics.idl
[58.767s] -- Installing: /home/ros2/ros2_learn/fishbot_ws/install/cartographer_ros_msgs/share/cartographer_ros_msgs/msg/StatusCode.idl
[58.767s] -- Installing: /home/ros2/ros2_learn/fishbot_ws/install/cartographer_ros_msgs/share/cartographer_ros_msgs/msg/StatusResponse.idl
[58.767s] -- Installing: /home/ros2/ros2_learn/fishbot_ws/install/cartographer_ros_msgs/share/cartographer_ros_msgs/msg/SubmapEntry.idl
[58.767s] -- Installing: /home/ros2/ros2_learn/fishbot_ws/install/cartographer_ros_msgs/share/cartographer_ros_msgs/msg/SubmapList.idl
[58.768s] -- Installing: /home/ros2/ros2_learn/fishbot_ws/install/cartographer_ros_msgs/share/cartographer_ros_msgs/msg/SubmapTexture.idl
[58.768s] -- Installing: /home/ros2/ros2_learn/fishbot_ws/install/cartographer_ros_msgs/share/cartographer_ros_msgs/msg/TrajectoryOptions.idl
[58.768s] -- Installing: /home/ros2/ros2_learn/fishbot_ws/install/cartographer_ros_msgs/share/cartographer_ros_msgs/srv/FinishTrajectory.idl
[58.768s] -- Installing: /home/ros2/ros2_learn/fishbot_ws/install/cartographer_ros_msgs/share/cartographer_ros_msgs/srv/StartTrajectory.idl
[58.769s] -- Installing: /home/ros2/ros2_learn/fishbot_ws/install/cartographer_ros_msgs/share/cartographer_ros_msgs/srv/SubmapQuery.idl
[58.769s] -- Installing: /home/ros2/ros2_learn/fishbot_ws/install/cartographer_ros_msgs/share/cartographer_ros_msgs/srv/WriteState.idl
[58.769s] -- Installing: /home/ros2/ros2_learn/fishbot_ws/install/cartographer_ros_msgs/share/cartographer_ros_msgs/msg/LandmarkEntry.msg
[58.769s] -- Installing: /home/ros2/ros2_learn/fishbot_ws/install/cartographer_ros_msgs/share/cartographer_ros_msgs/msg/LandmarkList.msg
[58.769s] -- Installing: /home/ros2/ros2_learn/fishbot_ws/install/cartographer_ros_msgs/share/cartographer_ros_msgs/msg/SensorTopics.msg
[58.770s] -- Installing: /home/ros2/ros2_learn/fishbot_ws/install/cartographer_ros_msgs/share/cartographer_ros_msgs/msg/StatusCode.msg
[58.770s] -- Installing: /home/ros2/ros2_learn/fishbot_ws/install/cartographer_ros_msgs/share/cartographer_ros_msgs/msg/StatusResponse.msg
[58.770s] -- Installing: /home/ros2/ros2_learn/fishbot_ws/install/cartographer_ros_msgs/share/cartographer_ros_msgs/msg/SubmapEntry.msg
[58.770s] -- Installing: /home/ros2/ros2_learn/fishbot_ws/install/cartographer_ros_msgs/share/cartographer_ros_msgs/msg/SubmapList.msg
[58.770s] -- Installing: /home/ros2/ros2_learn/fishbot_ws/install/cartographer_ros_msgs/share/cartographer_ros_msgs/msg/SubmapTexture.msg
[58.770s] -- Installing: /home/ros2/ros2_learn/fishbot_ws/install/cartographer_ros_msgs/share/cartographer_ros_msgs/msg/TrajectoryOptions.msg
[58.771s] -- Installing: /home/ros2/ros2_learn/fishbot_ws/install/cartographer_ros_msgs/share/cartographer_ros_msgs/srv/FinishTrajectory.srv
[58.771s] -- Installing: /home/ros2/ros2_learn/fishbot_ws/install/cartographer_ros_msgs/share/cartographer_ros_msgs/srv/FinishTrajectory_Request.msg
[58.771s] -- Installing: /home/ros2/ros2_learn/fishbot_ws/install/cartographer_ros_msgs/share/cartographer_ros_msgs/srv/FinishTrajectory_Response.msg
[58.771s] -- Installing: /home/ros2/ros2_learn/fishbot_ws/install/cartographer_ros_msgs/share/cartographer_ros_msgs/srv/StartTrajectory.srv
[58.771s] -- Installing: /home/ros2/ros2_learn/fishbot_ws/install/cartographer_ros_msgs/share/cartographer_ros_msgs/srv/StartTrajectory_Request.msg
[58.772s] -- Installing: /home/ros2/ros2_learn/fishbot_ws/install/cartographer_ros_msgs/share/cartographer_ros_msgs/srv/StartTrajectory_Response.msg
[58.772s] -- Installing: /home/ros2/ros2_learn/fishbot_ws/install/cartographer_ros_msgs/share/cartographer_ros_msgs/srv/SubmapQuery.srv
[58.772s] -- Installing: /home/ros2/ros2_learn/fishbot_ws/install/cartographer_ros_msgs/share/cartographer_ros_msgs/srv/SubmapQuery_Request.msg
[58.772s] -- Installing: /home/ros2/ros2_learn/fishbot_ws/install/cartographer_ros_msgs/share/cartographer_ros_msgs/srv/SubmapQuery_Response.msg
[58.773s] -- Installing: /home/ros2/ros2_learn/fishbot_ws/install/cartographer_ros_msgs/share/cartographer_ros_msgs/srv/WriteState.srv
[58.773s] -- Installing: /home/ros2/ros2_learn/fishbot_ws/install/cartographer_ros_msgs/share/cartographer_ros_msgs/srv/WriteState_Request.msg
[58.773s] -- Installing: /home/ros2/ros2_learn/fishbot_ws/install/cartographer_ros_msgs/share/cartographer_ros_msgs/srv/WriteState_Response.msg
[58.774s] -- Installing: /home/ros2/ros2_learn/fishbot_ws/install/cartographer_ros_msgs/share/ament_index/resource_index/package_run_dependencies/cartographer_ros_msgs
[58.774s] -- Installing: /home/ros2/ros2_learn/fishbot_ws/install/cartographer_ros_msgs/share/ament_index/resource_index/parent_prefix_path/cartographer_ros_msgs
[58.774s] -- Installing: /home/ros2/ros2_learn/fishbot_ws/install/cartographer_ros_msgs/share/cartographer_ros_msgs/environment/ament_prefix_path.sh
[58.775s] -- Installing: /home/ros2/ros2_learn/fishbot_ws/install/cartographer_ros_msgs/share/cartographer_ros_msgs/environment/ament_prefix_path.dsv
[58.775s] -- Installing: /home/ros2/ros2_learn/fishbot_ws/install/cartographer_ros_msgs/share/cartographer_ros_msgs/environment/path.sh
[58.776s] -- Installing: /home/ros2/ros2_learn/fishbot_ws/install/cartographer_ros_msgs/share/cartographer_ros_msgs/environment/path.dsv
[58.776s] -- Installing: /home/ros2/ros2_learn/fishbot_ws/install/cartographer_ros_msgs/share/cartographer_ros_msgs/local_setup.bash
[58.777s] -- Installing: /home/ros2/ros2_learn/fishbot_ws/install/cartographer_ros_msgs/share/cartographer_ros_msgs/local_setup.sh
[58.777s] -- Installing: /home/ros2/ros2_learn/fishbot_ws/install/cartographer_ros_msgs/share/cartographer_ros_msgs/local_setup.zsh
[58.778s] -- Installing: /home/ros2/ros2_learn/fishbot_ws/install/cartographer_ros_msgs/share/cartographer_ros_msgs/local_setup.dsv
[58.778s] -- Installing: /home/ros2/ros2_learn/fishbot_ws/install/cartographer_ros_msgs/share/cartographer_ros_msgs/package.dsv
[58.778s] -- Installing: /home/ros2/ros2_learn/fishbot_ws/install/cartographer_ros_msgs/share/ament_index/resource_index/packages/cartographer_ros_msgs
[58.778s] -- Installing: /home/ros2/ros2_learn/fishbot_ws/install/cartographer_ros_msgs/share/cartographer_ros_msgs/cmake/cartographer_ros_msgs__rosidl_generator_cExport.cmake
[58.779s] -- Installing: /home/ros2/ros2_learn/fishbot_ws/install/cartographer_ros_msgs/share/cartographer_ros_msgs/cmake/cartographer_ros_msgs__rosidl_generator_cExport-noconfig.cmake
[58.779s] -- Installing: /home/ros2/ros2_learn/fishbot_ws/install/cartographer_ros_msgs/share/cartographer_ros_msgs/cmake/cartographer_ros_msgs__rosidl_typesupport_introspection_cExport.cmake
[58.780s] -- Installing: /home/ros2/ros2_learn/fishbot_ws/install/cartographer_ros_msgs/share/cartographer_ros_msgs/cmake/cartographer_ros_msgs__rosidl_typesupport_introspection_cExport-noconfig.cmake
[58.780s] -- Installing: /home/ros2/ros2_learn/fishbot_ws/install/cartographer_ros_msgs/share/cartographer_ros_msgs/cmake/cartographer_ros_msgs__rosidl_typesupport_cExport.cmake
[58.780s] -- Installing: /home/ros2/ros2_learn/fishbot_ws/install/cartographer_ros_msgs/share/cartographer_ros_msgs/cmake/cartographer_ros_msgs__rosidl_typesupport_cExport-noconfig.cmake
[58.780s] -- Installing: /home/ros2/ros2_learn/fishbot_ws/install/cartographer_ros_msgs/share/cartographer_ros_msgs/cmake/cartographer_ros_msgs__rosidl_generator_cppExport.cmake
[58.781s] -- Installing: /home/ros2/ros2_learn/fishbot_ws/install/cartographer_ros_msgs/share/cartographer_ros_msgs/cmake/cartographer_ros_msgs__rosidl_typesupport_introspection_cppExport.cmake
[58.781s] -- Installing: /home/ros2/ros2_learn/fishbot_ws/install/cartographer_ros_msgs/share/cartographer_ros_msgs/cmake/cartographer_ros_msgs__rosidl_typesupport_introspection_cppExport-noconfig.cmake
[58.781s] -- Installing: /home/ros2/ros2_learn/fishbot_ws/install/cartographer_ros_msgs/share/cartographer_ros_msgs/cmake/cartographer_ros_msgs__rosidl_typesupport_cppExport.cmake
[58.782s] -- Installing: /home/ros2/ros2_learn/fishbot_ws/install/cartographer_ros_msgs/share/cartographer_ros_msgs/cmake/cartographer_ros_msgs__rosidl_typesupport_cppExport-noconfig.cmake
[58.782s] -- Installing: /home/ros2/ros2_learn/fishbot_ws/install/cartographer_ros_msgs/share/cartographer_ros_msgs/cmake/rosidl_cmake-extras.cmake
[58.782s] -- Installing: /home/ros2/ros2_learn/fishbot_ws/install/cartographer_ros_msgs/share/cartographer_ros_msgs/cmake/ament_cmake_export_dependencies-extras.cmake
[58.782s] -- Installing: /home/ros2/ros2_learn/fishbot_ws/install/cartographer_ros_msgs/share/cartographer_ros_msgs/cmake/ament_cmake_export_libraries-extras.cmake
[58.782s] -- Installing: /home/ros2/ros2_learn/fishbot_ws/install/cartographer_ros_msgs/share/cartographer_ros_msgs/cmake/ament_cmake_export_targets-extras.cmake
[58.783s] -- Installing: /home/ros2/ros2_learn/fishbot_ws/install/cartographer_ros_msgs/share/cartographer_ros_msgs/cmake/ament_cmake_export_include_directories-extras.cmake
[58.783s] -- Installing: /home/ros2/ros2_learn/fishbot_ws/install/cartographer_ros_msgs/share/cartographer_ros_msgs/cmake/rosidl_cmake_export_typesupport_libraries-extras.cmake
[58.783s] -- Installing: /home/ros2/ros2_learn/fishbot_ws/install/cartographer_ros_msgs/share/cartographer_ros_msgs/cmake/rosidl_cmake_export_typesupport_targets-extras.cmake
[58.783s] -- Installing: /home/ros2/ros2_learn/fishbot_ws/install/cartographer_ros_msgs/share/cartographer_ros_msgs/cmake/cartographer_ros_msgsConfig.cmake
[58.784s] -- Installing: /home/ros2/ros2_learn/fishbot_ws/install/cartographer_ros_msgs/share/cartographer_ros_msgs/cmake/cartographer_ros_msgsConfig-version.cmake
[58.784s] -- Installing: /home/ros2/ros2_learn/fishbot_ws/install/cartographer_ros_msgs/share/cartographer_ros_msgs/package.xml
[58.793s] Invoked command in '/home/ros2/ros2_learn/fishbot_ws/build/cartographer_ros_msgs' returned '0': CMAKE_PREFIX_PATH=/opt/ros/galactic /usr/bin/cmake --install /home/ros2/ros2_learn/fishbot_ws/build/cartographer_ros_msgs
