[0.036s] Invoking command in '/home/ros2/ros2_learn/turtle_ws/src/build/village_interfaces': CMAKE_PREFIX_PATH=${CMAKE_PREFIX_PATH}:/home/ros2/ros2_learn/turtle_ws/src/install/village_zhang:/home/ros2/ros2_learn/turtle_ws/src/install/village_wang:/home/ros2/ros2_learn/turtle_ws/src/install/village_li:/opt/ros/galactic /usr/bin/cmake --build /home/ros2/ros2_learn/turtle_ws/src/build/village_interfaces -- -j4 -l4
[0.133s] [  2%] Built target village_interfaces__cpp
[0.141s] [ 12%] Built target village_interfaces__rosidl_generator_c
[0.188s] [ 23%] Built target village_interfaces__rosidl_typesupport_cpp
[0.206s] [ 34%] Built target village_interfaces__rosidl_typesupport_introspection_c
[0.206s] [ 44%] Built target village_interfaces__rosidl_typesupport_fastrtps_cpp
[0.228s] [ 55%] Built target village_interfaces__rosidl_typesupport_introspection_cpp
[0.235s] [ 65%] Built target village_interfaces__rosidl_typesupport_c
[0.260s] [ 76%] Built target village_interfaces__rosidl_typesupport_fastrtps_c
[0.297s] [ 76%] Built target village_interfaces
[0.376s] [ 78%] Built target village_interfaces__py
[0.464s] [ 87%] Built target village_interfaces__python
[0.542s] [ 91%] Built target village_interfaces__rosidl_typesupport_introspection_c__pyext
[0.542s] [ 95%] Built target village_interfaces__rosidl_typesupport_fastrtps_c__pyext
[0.555s] [100%] Built target village_interfaces__rosidl_typesupport_c__pyext
[0.575s] Invoked command in '/home/ros2/ros2_learn/turtle_ws/src/build/village_interfaces' returned '0': CMAKE_PREFIX_PATH=${CMAKE_PREFIX_PATH}:/home/ros2/ros2_learn/turtle_ws/src/install/village_zhang:/home/ros2/ros2_learn/turtle_ws/src/install/village_wang:/home/ros2/ros2_learn/turtle_ws/src/install/village_li:/opt/ros/galactic /usr/bin/cmake --build /home/ros2/ros2_learn/turtle_ws/src/build/village_interfaces -- -j4 -l4
[0.827s] Invoking command in '/home/ros2/ros2_learn/turtle_ws/src/build/village_interfaces': CMAKE_PREFIX_PATH=${CMAKE_PREFIX_PATH}:/home/ros2/ros2_learn/turtle_ws/src/install/village_zhang:/home/ros2/ros2_learn/turtle_ws/src/install/village_wang:/home/ros2/ros2_learn/turtle_ws/src/install/village_li:/opt/ros/galactic /usr/bin/cmake --install /home/ros2/ros2_learn/turtle_ws/src/build/village_interfaces
[0.875s] -- Install configuration: ""
[0.876s] -- Up-to-date: /home/ros2/ros2_learn/turtle_ws/src/install/village_interfaces/share/ament_index/resource_index/rosidl_interfaces/village_interfaces
[0.877s] -- Up-to-date: /home/ros2/ros2_learn/turtle_ws/src/install/village_interfaces/include/village_interfaces
[0.878s] -- Up-to-date: /home/ros2/ros2_learn/turtle_ws/src/install/village_interfaces/include/village_interfaces/msg
[0.879s] -- Up-to-date: /home/ros2/ros2_learn/turtle_ws/src/install/village_interfaces/include/village_interfaces/msg/detail
[0.879s] -- Up-to-date: /home/ros2/ros2_learn/turtle_ws/src/install/village_interfaces/include/village_interfaces/msg/detail/novel__functions.h
[0.880s] -- Up-to-date: /home/ros2/ros2_learn/turtle_ws/src/install/village_interfaces/include/village_interfaces/msg/detail/novel__type_support.h
[0.881s] -- Up-to-date: /home/ros2/ros2_learn/turtle_ws/src/install/village_interfaces/include/village_interfaces/msg/detail/novel__functions.c
[0.881s] -- Up-to-date: /home/ros2/ros2_learn/turtle_ws/src/install/village_interfaces/include/village_interfaces/msg/detail/novel__struct.h
[0.882s] -- Up-to-date: /home/ros2/ros2_learn/turtle_ws/src/install/village_interfaces/include/village_interfaces/msg/novel.h
[0.883s] -- Up-to-date: /home/ros2/ros2_learn/turtle_ws/src/install/village_interfaces/include/village_interfaces/msg/rosidl_generator_c__visibility_control.h
[0.883s] -- Up-to-date: /home/ros2/ros2_learn/turtle_ws/src/install/village_interfaces/include/village_interfaces/srv
[0.884s] -- Up-to-date: /home/ros2/ros2_learn/turtle_ws/src/install/village_interfaces/include/village_interfaces/srv/detail
[0.885s] -- Up-to-date: /home/ros2/ros2_learn/turtle_ws/src/install/village_interfaces/include/village_interfaces/srv/detail/sell_novel__type_support.h
[0.885s] -- Up-to-date: /home/ros2/ros2_learn/turtle_ws/src/install/village_interfaces/include/village_interfaces/srv/detail/borrow_money__type_support.h
[0.887s] -- Up-to-date: /home/ros2/ros2_learn/turtle_ws/src/install/village_interfaces/include/village_interfaces/srv/detail/sell_novel__functions.h
[0.887s] -- Up-to-date: /home/ros2/ros2_learn/turtle_ws/src/install/village_interfaces/include/village_interfaces/srv/detail/borrow_money__functions.c
[0.888s] -- Up-to-date: /home/ros2/ros2_learn/turtle_ws/src/install/village_interfaces/include/village_interfaces/srv/detail/sell_novel__functions.c
[0.888s] -- Up-to-date: /home/ros2/ros2_learn/turtle_ws/src/install/village_interfaces/include/village_interfaces/srv/detail/sell_novel__struct.h
[0.889s] -- Up-to-date: /home/ros2/ros2_learn/turtle_ws/src/install/village_interfaces/include/village_interfaces/srv/detail/borrow_money__struct.h
[0.890s] -- Up-to-date: /home/ros2/ros2_learn/turtle_ws/src/install/village_interfaces/include/village_interfaces/srv/detail/borrow_money__functions.h
[0.891s] -- Up-to-date: /home/ros2/ros2_learn/turtle_ws/src/install/village_interfaces/include/village_interfaces/srv/borrow_money.h
[0.892s] -- Up-to-date: /home/ros2/ros2_learn/turtle_ws/src/install/village_interfaces/include/village_interfaces/srv/sell_novel.h
[0.892s] -- Up-to-date: /home/ros2/ros2_learn/turtle_ws/src/install/village_interfaces/share/village_interfaces/environment/library_path.sh
[0.892s] -- Up-to-date: /home/ros2/ros2_learn/turtle_ws/src/install/village_interfaces/share/village_interfaces/environment/library_path.dsv
[0.894s] -- Up-to-date: /home/ros2/ros2_learn/turtle_ws/src/install/village_interfaces/lib/libvillage_interfaces__rosidl_generator_c.so
[0.894s] -- Up-to-date: /home/ros2/ros2_learn/turtle_ws/src/install/village_interfaces/include/village_interfaces
[0.895s] -- Up-to-date: /home/ros2/ros2_learn/turtle_ws/src/install/village_interfaces/include/village_interfaces/msg
[0.895s] -- Up-to-date: /home/ros2/ros2_learn/turtle_ws/src/install/village_interfaces/include/village_interfaces/msg/rosidl_typesupport_fastrtps_c__visibility_control.h
[0.896s] -- Up-to-date: /home/ros2/ros2_learn/turtle_ws/src/install/village_interfaces/include/village_interfaces/msg/detail
[0.896s] -- Up-to-date: /home/ros2/ros2_learn/turtle_ws/src/install/village_interfaces/include/village_interfaces/msg/detail/novel__rosidl_typesupport_fastrtps_c.h
[0.906s] -- Up-to-date: /home/ros2/ros2_learn/turtle_ws/src/install/village_interfaces/include/village_interfaces/srv
[0.907s] -- Up-to-date: /home/ros2/ros2_learn/turtle_ws/src/install/village_interfaces/include/village_interfaces/srv/detail
[0.907s] -- Up-to-date: /home/ros2/ros2_learn/turtle_ws/src/install/village_interfaces/include/village_interfaces/srv/detail/sell_novel__rosidl_typesupport_fastrtps_c.h
[0.908s] -- Up-to-date: /home/ros2/ros2_learn/turtle_ws/src/install/village_interfaces/include/village_interfaces/srv/detail/borrow_money__rosidl_typesupport_fastrtps_c.h
[0.908s] -- Up-to-date: /home/ros2/ros2_learn/turtle_ws/src/install/village_interfaces/lib/libvillage_interfaces__rosidl_typesupport_fastrtps_c.so
[0.909s] -- Up-to-date: /home/ros2/ros2_learn/turtle_ws/src/install/village_interfaces/include/village_interfaces
[0.909s] -- Up-to-date: /home/ros2/ros2_learn/turtle_ws/src/install/village_interfaces/include/village_interfaces/msg
[0.909s] -- Up-to-date: /home/ros2/ros2_learn/turtle_ws/src/install/village_interfaces/include/village_interfaces/msg/detail
[0.910s] -- Up-to-date: /home/ros2/ros2_learn/turtle_ws/src/install/village_interfaces/include/village_interfaces/msg/detail/dds_fastrtps
[0.910s] -- Up-to-date: /home/ros2/ros2_learn/turtle_ws/src/install/village_interfaces/include/village_interfaces/msg/detail/novel__rosidl_typesupport_fastrtps_cpp.hpp
[0.910s] -- Up-to-date: /home/ros2/ros2_learn/turtle_ws/src/install/village_interfaces/include/village_interfaces/msg/rosidl_typesupport_fastrtps_cpp__visibility_control.h
[0.910s] -- Up-to-date: /home/ros2/ros2_learn/turtle_ws/src/install/village_interfaces/include/village_interfaces/srv
[0.910s] -- Up-to-date: /home/ros2/ros2_learn/turtle_ws/src/install/village_interfaces/include/village_interfaces/srv/detail
[0.911s] -- Up-to-date: /home/ros2/ros2_learn/turtle_ws/src/install/village_interfaces/include/village_interfaces/srv/detail/sell_novel__rosidl_typesupport_fastrtps_cpp.hpp
[0.911s] -- Up-to-date: /home/ros2/ros2_learn/turtle_ws/src/install/village_interfaces/include/village_interfaces/srv/detail/borrow_money__rosidl_typesupport_fastrtps_cpp.hpp
[0.911s] -- Up-to-date: /home/ros2/ros2_learn/turtle_ws/src/install/village_interfaces/include/village_interfaces/srv/detail/dds_fastrtps
[0.911s] -- Up-to-date: /home/ros2/ros2_learn/turtle_ws/src/install/village_interfaces/lib/libvillage_interfaces__rosidl_typesupport_fastrtps_cpp.so
[0.912s] -- Up-to-date: /home/ros2/ros2_learn/turtle_ws/src/install/village_interfaces/include/village_interfaces
[0.912s] -- Up-to-date: /home/ros2/ros2_learn/turtle_ws/src/install/village_interfaces/include/village_interfaces/msg
[0.913s] -- Up-to-date: /home/ros2/ros2_learn/turtle_ws/src/install/village_interfaces/include/village_interfaces/msg/rosidl_typesupport_introspection_c__visibility_control.h
[0.913s] -- Up-to-date: /home/ros2/ros2_learn/turtle_ws/src/install/village_interfaces/include/village_interfaces/msg/detail
[0.913s] -- Up-to-date: /home/ros2/ros2_learn/turtle_ws/src/install/village_interfaces/include/village_interfaces/msg/detail/novel__rosidl_typesupport_introspection_c.h
[0.913s] -- Up-to-date: /home/ros2/ros2_learn/turtle_ws/src/install/village_interfaces/include/village_interfaces/msg/detail/novel__type_support.c
[0.914s] -- Up-to-date: /home/ros2/ros2_learn/turtle_ws/src/install/village_interfaces/include/village_interfaces/srv
[0.914s] -- Up-to-date: /home/ros2/ros2_learn/turtle_ws/src/install/village_interfaces/include/village_interfaces/srv/detail
[0.914s] -- Up-to-date: /home/ros2/ros2_learn/turtle_ws/src/install/village_interfaces/include/village_interfaces/srv/detail/borrow_money__rosidl_typesupport_introspection_c.h
[0.914s] -- Up-to-date: /home/ros2/ros2_learn/turtle_ws/src/install/village_interfaces/include/village_interfaces/srv/detail/borrow_money__type_support.c
[0.915s] -- Up-to-date: /home/ros2/ros2_learn/turtle_ws/src/install/village_interfaces/include/village_interfaces/srv/detail/sell_novel__rosidl_typesupport_introspection_c.h
[0.924s] -- Up-to-date: /home/ros2/ros2_learn/turtle_ws/src/install/village_interfaces/include/village_interfaces/srv/detail/sell_novel__type_support.c
[0.925s] -- Up-to-date: /home/ros2/ros2_learn/turtle_ws/src/install/village_interfaces/lib/libvillage_interfaces__rosidl_typesupport_introspection_c.so
[0.925s] -- Up-to-date: /home/ros2/ros2_learn/turtle_ws/src/install/village_interfaces/lib/libvillage_interfaces__rosidl_typesupport_c.so
[0.925s] -- Up-to-date: /home/ros2/ros2_learn/turtle_ws/src/install/village_interfaces/include/village_interfaces
[0.925s] -- Up-to-date: /home/ros2/ros2_learn/turtle_ws/src/install/village_interfaces/include/village_interfaces/msg
[0.926s] -- Up-to-date: /home/ros2/ros2_learn/turtle_ws/src/install/village_interfaces/include/village_interfaces/msg/detail
[0.926s] -- Up-to-date: /home/ros2/ros2_learn/turtle_ws/src/install/village_interfaces/include/village_interfaces/msg/detail/novel__builder.hpp
[0.926s] -- Up-to-date: /home/ros2/ros2_learn/turtle_ws/src/install/village_interfaces/include/village_interfaces/msg/detail/novel__traits.hpp
[0.926s] -- Up-to-date: /home/ros2/ros2_learn/turtle_ws/src/install/village_interfaces/include/village_interfaces/msg/detail/novel__struct.hpp
[0.927s] -- Up-to-date: /home/ros2/ros2_learn/turtle_ws/src/install/village_interfaces/include/village_interfaces/msg/novel.hpp
[0.927s] -- Up-to-date: /home/ros2/ros2_learn/turtle_ws/src/install/village_interfaces/include/village_interfaces/srv
[0.927s] -- Up-to-date: /home/ros2/ros2_learn/turtle_ws/src/install/village_interfaces/include/village_interfaces/srv/sell_novel.hpp
[0.927s] -- Up-to-date: /home/ros2/ros2_learn/turtle_ws/src/install/village_interfaces/include/village_interfaces/srv/detail
[0.927s] -- Up-to-date: /home/ros2/ros2_learn/turtle_ws/src/install/village_interfaces/include/village_interfaces/srv/detail/sell_novel__builder.hpp
[0.928s] -- Up-to-date: /home/ros2/ros2_learn/turtle_ws/src/install/village_interfaces/include/village_interfaces/srv/detail/sell_novel__struct.hpp
[0.928s] -- Up-to-date: /home/ros2/ros2_learn/turtle_ws/src/install/village_interfaces/include/village_interfaces/srv/detail/borrow_money__struct.hpp
[0.928s] -- Up-to-date: /home/ros2/ros2_learn/turtle_ws/src/install/village_interfaces/include/village_interfaces/srv/detail/sell_novel__traits.hpp
[0.928s] -- Up-to-date: /home/ros2/ros2_learn/turtle_ws/src/install/village_interfaces/include/village_interfaces/srv/detail/borrow_money__traits.hpp
[0.929s] -- Up-to-date: /home/ros2/ros2_learn/turtle_ws/src/install/village_interfaces/include/village_interfaces/srv/detail/borrow_money__builder.hpp
[0.929s] -- Up-to-date: /home/ros2/ros2_learn/turtle_ws/src/install/village_interfaces/include/village_interfaces/srv/borrow_money.hpp
[0.929s] -- Up-to-date: /home/ros2/ros2_learn/turtle_ws/src/install/village_interfaces/include/village_interfaces
[0.929s] -- Up-to-date: /home/ros2/ros2_learn/turtle_ws/src/install/village_interfaces/include/village_interfaces/msg
[0.930s] -- Up-to-date: /home/ros2/ros2_learn/turtle_ws/src/install/village_interfaces/include/village_interfaces/msg/detail
[0.930s] -- Up-to-date: /home/ros2/ros2_learn/turtle_ws/src/install/village_interfaces/include/village_interfaces/msg/detail/novel__type_support.cpp
[0.930s] -- Up-to-date: /home/ros2/ros2_learn/turtle_ws/src/install/village_interfaces/include/village_interfaces/msg/detail/novel__rosidl_typesupport_introspection_cpp.hpp
[0.930s] -- Up-to-date: /home/ros2/ros2_learn/turtle_ws/src/install/village_interfaces/include/village_interfaces/srv
[0.931s] -- Up-to-date: /home/ros2/ros2_learn/turtle_ws/src/install/village_interfaces/include/village_interfaces/srv/detail
[0.931s] -- Up-to-date: /home/ros2/ros2_learn/turtle_ws/src/install/village_interfaces/include/village_interfaces/srv/detail/sell_novel__rosidl_typesupport_introspection_cpp.hpp
[0.931s] -- Up-to-date: /home/ros2/ros2_learn/turtle_ws/src/install/village_interfaces/include/village_interfaces/srv/detail/sell_novel__type_support.cpp
[0.931s] -- Up-to-date: /home/ros2/ros2_learn/turtle_ws/src/install/village_interfaces/include/village_interfaces/srv/detail/borrow_money__rosidl_typesupport_introspection_cpp.hpp
[0.932s] -- Up-to-date: /home/ros2/ros2_learn/turtle_ws/src/install/village_interfaces/include/village_interfaces/srv/detail/borrow_money__type_support.cpp
[0.932s] -- Up-to-date: /home/ros2/ros2_learn/turtle_ws/src/install/village_interfaces/lib/libvillage_interfaces__rosidl_typesupport_introspection_cpp.so
[0.932s] -- Up-to-date: /home/ros2/ros2_learn/turtle_ws/src/install/village_interfaces/lib/libvillage_interfaces__rosidl_typesupport_cpp.so
[0.933s] -- Up-to-date: /home/ros2/ros2_learn/turtle_ws/src/install/village_interfaces/share/village_interfaces/environment/pythonpath.sh
[0.933s] -- Up-to-date: /home/ros2/ros2_learn/turtle_ws/src/install/village_interfaces/share/village_interfaces/environment/pythonpath.dsv
[0.933s] -- Up-to-date: /home/ros2/ros2_learn/turtle_ws/src/install/village_interfaces/lib/python3.8/site-packages/village_interfaces/__init__.py
[1.049s] -- Up-to-date: /home/ros2/ros2_learn/turtle_ws/src/install/village_interfaces/lib/python3.8/site-packages/village_interfaces/msg
[1.049s] -- Up-to-date: /home/ros2/ros2_learn/turtle_ws/src/install/village_interfaces/lib/python3.8/site-packages/village_interfaces/msg/__init__.py
[1.049s] -- Up-to-date: /home/ros2/ros2_learn/turtle_ws/src/install/village_interfaces/lib/python3.8/site-packages/village_interfaces/msg/_novel.py
[1.050s] -- Up-to-date: /home/ros2/ros2_learn/turtle_ws/src/install/village_interfaces/lib/python3.8/site-packages/village_interfaces/msg/_novel_s.c
[1.050s] -- Up-to-date: /home/ros2/ros2_learn/turtle_ws/src/install/village_interfaces/lib/python3.8/site-packages/village_interfaces/srv
[1.050s] -- Up-to-date: /home/ros2/ros2_learn/turtle_ws/src/install/village_interfaces/lib/python3.8/site-packages/village_interfaces/srv/_sell_novel.py
[1.051s] -- Up-to-date: /home/ros2/ros2_learn/turtle_ws/src/install/village_interfaces/lib/python3.8/site-packages/village_interfaces/srv/__init__.py
[1.051s] -- Up-to-date: /home/ros2/ros2_learn/turtle_ws/src/install/village_interfaces/lib/python3.8/site-packages/village_interfaces/srv/_borrow_money.py
[1.051s] -- Up-to-date: /home/ros2/ros2_learn/turtle_ws/src/install/village_interfaces/lib/python3.8/site-packages/village_interfaces/srv/_borrow_money_s.c
[1.051s] -- Up-to-date: /home/ros2/ros2_learn/turtle_ws/src/install/village_interfaces/lib/python3.8/site-packages/village_interfaces/srv/_sell_novel_s.c
[1.052s] -- Up-to-date: /home/ros2/ros2_learn/turtle_ws/src/install/village_interfaces/lib/python3.8/site-packages/village_interfaces/village_interfaces_s__rosidl_typesupport_fastrtps_c.cpython-38-x86_64-linux-gnu.so
[1.053s] -- Up-to-date: /home/ros2/ros2_learn/turtle_ws/src/install/village_interfaces/lib/python3.8/site-packages/village_interfaces/village_interfaces_s__rosidl_typesupport_introspection_c.cpython-38-x86_64-linux-gnu.so
[1.056s] -- Up-to-date: /home/ros2/ros2_learn/turtle_ws/src/install/village_interfaces/lib/python3.8/site-packages/village_interfaces/village_interfaces_s__rosidl_typesupport_c.cpython-38-x86_64-linux-gnu.so
[1.058s] -- Up-to-date: /home/ros2/ros2_learn/turtle_ws/src/install/village_interfaces/lib/libvillage_interfaces__python.so
[1.059s] -- Up-to-date: /home/ros2/ros2_learn/turtle_ws/src/install/village_interfaces/share/village_interfaces/msg/Novel.idl
[1.059s] -- Up-to-date: /home/ros2/ros2_learn/turtle_ws/src/install/village_interfaces/share/village_interfaces/srv/BorrowMoney.idl
[1.060s] -- Up-to-date: /home/ros2/ros2_learn/turtle_ws/src/install/village_interfaces/share/village_interfaces/srv/SellNovel.idl
[1.061s] -- Up-to-date: /home/ros2/ros2_learn/turtle_ws/src/install/village_interfaces/share/village_interfaces/msg/Novel.msg
[1.061s] -- Up-to-date: /home/ros2/ros2_learn/turtle_ws/src/install/village_interfaces/share/village_interfaces/srv/BorrowMoney.srv
[1.062s] -- Up-to-date: /home/ros2/ros2_learn/turtle_ws/src/install/village_interfaces/share/village_interfaces/srv/BorrowMoney_Request.msg
[1.062s] -- Up-to-date: /home/ros2/ros2_learn/turtle_ws/src/install/village_interfaces/share/village_interfaces/srv/BorrowMoney_Response.msg
[1.062s] -- Up-to-date: /home/ros2/ros2_learn/turtle_ws/src/install/village_interfaces/share/village_interfaces/srv/SellNovel.srv
[1.063s] -- Up-to-date: /home/ros2/ros2_learn/turtle_ws/src/install/village_interfaces/share/village_interfaces/srv/SellNovel_Request.msg
[1.063s] -- Up-to-date: /home/ros2/ros2_learn/turtle_ws/src/install/village_interfaces/share/village_interfaces/srv/SellNovel_Response.msg
[1.063s] -- Up-to-date: /home/ros2/ros2_learn/turtle_ws/src/install/village_interfaces/share/ament_index/resource_index/package_run_dependencies/village_interfaces
[1.064s] -- Up-to-date: /home/ros2/ros2_learn/turtle_ws/src/install/village_interfaces/share/ament_index/resource_index/parent_prefix_path/village_interfaces
[1.064s] -- Up-to-date: /home/ros2/ros2_learn/turtle_ws/src/install/village_interfaces/share/village_interfaces/environment/ament_prefix_path.sh
[1.064s] -- Up-to-date: /home/ros2/ros2_learn/turtle_ws/src/install/village_interfaces/share/village_interfaces/environment/ament_prefix_path.dsv
[1.065s] -- Up-to-date: /home/ros2/ros2_learn/turtle_ws/src/install/village_interfaces/share/village_interfaces/environment/path.sh
[1.065s] -- Up-to-date: /home/ros2/ros2_learn/turtle_ws/src/install/village_interfaces/share/village_interfaces/environment/path.dsv
[1.066s] -- Up-to-date: /home/ros2/ros2_learn/turtle_ws/src/install/village_interfaces/share/village_interfaces/local_setup.bash
[1.066s] -- Up-to-date: /home/ros2/ros2_learn/turtle_ws/src/install/village_interfaces/share/village_interfaces/local_setup.sh
[1.066s] -- Up-to-date: /home/ros2/ros2_learn/turtle_ws/src/install/village_interfaces/share/village_interfaces/local_setup.zsh
[1.067s] -- Up-to-date: /home/ros2/ros2_learn/turtle_ws/src/install/village_interfaces/share/village_interfaces/local_setup.dsv
[1.067s] -- Installing: /home/ros2/ros2_learn/turtle_ws/src/install/village_interfaces/share/village_interfaces/package.dsv
[1.067s] -- Up-to-date: /home/ros2/ros2_learn/turtle_ws/src/install/village_interfaces/share/ament_index/resource_index/packages/village_interfaces
[1.068s] -- Up-to-date: /home/ros2/ros2_learn/turtle_ws/src/install/village_interfaces/share/village_interfaces/cmake/village_interfaces__rosidl_generator_cExport.cmake
[1.068s] -- Up-to-date: /home/ros2/ros2_learn/turtle_ws/src/install/village_interfaces/share/village_interfaces/cmake/village_interfaces__rosidl_generator_cExport-noconfig.cmake
[1.068s] -- Up-to-date: /home/ros2/ros2_learn/turtle_ws/src/install/village_interfaces/share/village_interfaces/cmake/village_interfaces__rosidl_typesupport_introspection_cExport.cmake
[1.069s] -- Up-to-date: /home/ros2/ros2_learn/turtle_ws/src/install/village_interfaces/share/village_interfaces/cmake/village_interfaces__rosidl_typesupport_introspection_cExport-noconfig.cmake
[1.069s] -- Up-to-date: /home/ros2/ros2_learn/turtle_ws/src/install/village_interfaces/share/village_interfaces/cmake/village_interfaces__rosidl_typesupport_cExport.cmake
[1.070s] -- Up-to-date: /home/ros2/ros2_learn/turtle_ws/src/install/village_interfaces/share/village_interfaces/cmake/village_interfaces__rosidl_typesupport_cExport-noconfig.cmake
[1.070s] -- Up-to-date: /home/ros2/ros2_learn/turtle_ws/src/install/village_interfaces/share/village_interfaces/cmake/village_interfaces__rosidl_generator_cppExport.cmake
[1.071s] -- Up-to-date: /home/ros2/ros2_learn/turtle_ws/src/install/village_interfaces/share/village_interfaces/cmake/village_interfaces__rosidl_typesupport_introspection_cppExport.cmake
[1.071s] -- Up-to-date: /home/ros2/ros2_learn/turtle_ws/src/install/village_interfaces/share/village_interfaces/cmake/village_interfaces__rosidl_typesupport_introspection_cppExport-noconfig.cmake
[1.071s] -- Up-to-date: /home/ros2/ros2_learn/turtle_ws/src/install/village_interfaces/share/village_interfaces/cmake/village_interfaces__rosidl_typesupport_cppExport.cmake
[1.071s] -- Up-to-date: /home/ros2/ros2_learn/turtle_ws/src/install/village_interfaces/share/village_interfaces/cmake/village_interfaces__rosidl_typesupport_cppExport-noconfig.cmake
[1.071s] -- Up-to-date: /home/ros2/ros2_learn/turtle_ws/src/install/village_interfaces/share/village_interfaces/cmake/rosidl_cmake-extras.cmake
[1.072s] -- Up-to-date: /home/ros2/ros2_learn/turtle_ws/src/install/village_interfaces/share/village_interfaces/cmake/ament_cmake_export_dependencies-extras.cmake
[1.072s] -- Up-to-date: /home/ros2/ros2_learn/turtle_ws/src/install/village_interfaces/share/village_interfaces/cmake/ament_cmake_export_libraries-extras.cmake
[1.072s] -- Up-to-date: /home/ros2/ros2_learn/turtle_ws/src/install/village_interfaces/share/village_interfaces/cmake/ament_cmake_export_targets-extras.cmake
[1.080s] -- Up-to-date: /home/ros2/ros2_learn/turtle_ws/src/install/village_interfaces/share/village_interfaces/cmake/ament_cmake_export_include_directories-extras.cmake
[1.080s] -- Up-to-date: /home/ros2/ros2_learn/turtle_ws/src/install/village_interfaces/share/village_interfaces/cmake/rosidl_cmake_export_typesupport_libraries-extras.cmake
[1.081s] -- Up-to-date: /home/ros2/ros2_learn/turtle_ws/src/install/village_interfaces/share/village_interfaces/cmake/rosidl_cmake_export_typesupport_targets-extras.cmake
[1.083s] -- Up-to-date: /home/ros2/ros2_learn/turtle_ws/src/install/village_interfaces/share/village_interfaces/cmake/village_interfacesConfig.cmake
[1.089s] -- Up-to-date: /home/ros2/ros2_learn/turtle_ws/src/install/village_interfaces/share/village_interfaces/cmake/village_interfacesConfig-version.cmake
[1.090s] -- Up-to-date: /home/ros2/ros2_learn/turtle_ws/src/install/village_interfaces/share/village_interfaces/package.xml
[1.090s] Invoked command in '/home/ros2/ros2_learn/turtle_ws/src/build/village_interfaces' returned '0': CMAKE_PREFIX_PATH=${CMAKE_PREFIX_PATH}:/home/ros2/ros2_learn/turtle_ws/src/install/village_zhang:/home/ros2/ros2_learn/turtle_ws/src/install/village_wang:/home/ros2/ros2_learn/turtle_ws/src/install/village_li:/opt/ros/galactic /usr/bin/cmake --install /home/ros2/ros2_learn/turtle_ws/src/build/village_interfaces
