[0.032s] Invoking command in '/home/ros2/ros2_learn/fishbot_ws/build/dwb_msgs': AMENT_PREFIX_PATH=/home/ros2/ros2_learn/fishbot_ws/install/nav_2d_msgs:${AMENT_PREFIX_PATH} CMAKE_PREFIX_PATH=/home/ros2/ros2_learn/fishbot_ws/install/nav_2d_msgs:/opt/ros/galactic LD_LIBRARY_PATH=/home/ros2/ros2_learn/fishbot_ws/install/nav_2d_msgs/lib:${LD_LIBRARY_PATH} PYTHONPATH=/home/ros2/ros2_learn/fishbot_ws/install/nav_2d_msgs/lib/python3.8/site-packages:${PYTHONPATH} /usr/bin/cmake /home/ros2/ros2_learn/fishbot_ws/src/navigation2/nav2_dwb_controller/dwb_msgs -DCMAKE_INSTALL_PREFIX=/home/ros2/ros2_learn/fishbot_ws/install/dwb_msgs
[0.119s] -- The C compiler identification is GNU 9.4.0
[0.206s] -- The CXX compiler identification is GNU 9.4.0
[0.213s] -- Check for working C compiler: /usr/bin/cc
[0.309s] -- Check for working C compiler: /usr/bin/cc -- works
[0.311s] -- Detecting C compiler ABI info
[0.407s] -- Detecting C compiler ABI info - done
[0.422s] -- Detecting C compile features
[0.423s] -- Detecting C compile features - done
[0.427s] -- Check for working CXX compiler: /usr/bin/c++
[0.543s] -- Check for working CXX compiler: /usr/bin/c++ -- works
[0.544s] -- Detecting CXX compiler ABI info
[0.673s] -- Detecting CXX compiler ABI info - done
[0.691s] -- Detecting CXX compile features
[0.691s] -- Detecting CXX compile features - done
[0.694s] -- Found builtin_interfaces: 1.0.3 (/opt/ros/galactic/share/builtin_interfaces/cmake)
[0.731s] -- Found PythonInterp: /usr/bin/python3 (found suitable version "3.8.10", minimum required is "3") 
[0.732s] -- Using PYTHON_EXECUTABLE: /usr/bin/python3
[0.905s] -- Using all available rosidl_typesupport_c: rosidl_typesupport_fastrtps_c;rosidl_typesupport_introspection_c
[0.917s] -- Found rosidl_adapter: 2.2.3 (/opt/ros/galactic/share/rosidl_adapter/cmake)
[1.053s] -- Found OpenSSL: /usr/lib/x86_64-linux-gnu/libcrypto.so (found version "1.1.1f")  
[1.095s] -- Found FastRTPS: /opt/ros/galactic/include  
[1.444s] -- Using all available rosidl_typesupport_cpp: rosidl_typesupport_fastrtps_cpp;rosidl_typesupport_introspection_cpp
[1.488s] -- Found geometry_msgs: 2.2.4 (/opt/ros/galactic/share/geometry_msgs/cmake)
[1.566s] -- Found nav_2d_msgs: 1.0.12 (/home/ros2/ros2_learn/fishbot_ws/install/nav_2d_msgs/share/nav_2d_msgs/cmake)
[1.651s] -- Found nav_msgs: 2.2.4 (/opt/ros/galactic/share/nav_msgs/cmake)
[1.761s] -- Found rosidl_default_generators: 1.1.1 (/opt/ros/galactic/share/rosidl_default_generators/cmake)
[1.813s] -- Found PythonInterp: /usr/bin/python3 (found version "3.8.10") 
[2.280s] -- Found ament_cmake_ros: 0.9.2 (/opt/ros/galactic/share/ament_cmake_ros/cmake)
[2.711s] -- Using all available rosidl_typesupport_c: rosidl_typesupport_fastrtps_c;rosidl_typesupport_introspection_c
[2.915s] -- Using all available rosidl_typesupport_cpp: rosidl_typesupport_fastrtps_cpp;rosidl_typesupport_introspection_cpp
[2.952s] -- Found PythonInterp: /usr/bin/python3 (found suitable version "3.8.10", minimum required is "3.5") 
[2.955s] -- Found python_cmake_module: 0.8.1 (/opt/ros/galactic/share/python_cmake_module/cmake)
[2.994s] -- Found PythonLibs: /usr/lib/x86_64-linux-gnu/libpython3.8.so (found suitable version "3.8.10", minimum required is "3.5") 
[2.995s] -- Using PYTHON_EXECUTABLE: /usr/bin/python3
[2.995s] -- Using PYTHON_INCLUDE_DIRS: /usr/include/python3.8
[2.995s] -- Using PYTHON_LIBRARIES: /usr/lib/x86_64-linux-gnu/libpython3.8.so
[3.029s] -- Found PythonExtra: .so  
[3.377s] -- Configuring done
[3.512s] -- Generating done
[3.516s] -- Build files have been written to: /home/ros2/ros2_learn/fishbot_ws/build/dwb_msgs
[3.533s] Invoked command in '/home/ros2/ros2_learn/fishbot_ws/build/dwb_msgs' returned '0': AMENT_PREFIX_PATH=/home/ros2/ros2_learn/fishbot_ws/install/nav_2d_msgs:${AMENT_PREFIX_PATH} CMAKE_PREFIX_PATH=/home/ros2/ros2_learn/fishbot_ws/install/nav_2d_msgs:/opt/ros/galactic LD_LIBRARY_PATH=/home/ros2/ros2_learn/fishbot_ws/install/nav_2d_msgs/lib:${LD_LIBRARY_PATH} PYTHONPATH=/home/ros2/ros2_learn/fishbot_ws/install/nav_2d_msgs/lib/python3.8/site-packages:${PYTHONPATH} /usr/bin/cmake /home/ros2/ros2_learn/fishbot_ws/src/navigation2/nav2_dwb_controller/dwb_msgs -DCMAKE_INSTALL_PREFIX=/home/ros2/ros2_learn/fishbot_ws/install/dwb_msgs
[3.538s] Invoking command in '/home/ros2/ros2_learn/fishbot_ws/build/dwb_msgs': AMENT_PREFIX_PATH=/home/ros2/ros2_learn/fishbot_ws/install/nav_2d_msgs:${AMENT_PREFIX_PATH} CMAKE_PREFIX_PATH=/home/ros2/ros2_learn/fishbot_ws/install/nav_2d_msgs:/opt/ros/galactic LD_LIBRARY_PATH=/home/ros2/ros2_learn/fishbot_ws/install/nav_2d_msgs/lib:${LD_LIBRARY_PATH} PYTHONPATH=/home/ros2/ros2_learn/fishbot_ws/install/nav_2d_msgs/lib/python3.8/site-packages:${PYTHONPATH} /usr/bin/cmake --build /home/ros2/ros2_learn/fishbot_ws/build/dwb_msgs -- -j4 -l4
[3.610s] [35m[1mScanning dependencies of target dwb_msgs__cpp[0m
[3.627s] [  1%] [34m[1mGenerating C++ code for ROS interfaces[0m
[5.352s] [  1%] Built target dwb_msgs__cpp
[5.370s] [  2%] [34m[1mGenerating C code for ROS interfaces[0m
[7.229s] [35m[1mScanning dependencies of target dwb_msgs__rosidl_generator_c[0m
[7.258s] [  3%] [32mBuilding C object CMakeFiles/dwb_msgs__rosidl_generator_c.dir/rosidl_generator_c/dwb_msgs/msg/detail/critic_score__functions.c.o[0m
[7.318s] [  4%] [32mBuilding C object CMakeFiles/dwb_msgs__rosidl_generator_c.dir/rosidl_generator_c/dwb_msgs/msg/detail/local_plan_evaluation__functions.c.o[0m
[7.384s] [  5%] [32mBuilding C object CMakeFiles/dwb_msgs__rosidl_generator_c.dir/rosidl_generator_c/dwb_msgs/msg/detail/trajectory2_d__functions.c.o[0m
[7.453s] [  6%] [32mBuilding C object CMakeFiles/dwb_msgs__rosidl_generator_c.dir/rosidl_generator_c/dwb_msgs/msg/detail/trajectory_score__functions.c.o[0m
[7.516s] [  7%] [32mBuilding C object CMakeFiles/dwb_msgs__rosidl_generator_c.dir/rosidl_generator_c/dwb_msgs/srv/detail/debug_local_plan__functions.c.o[0m
[7.590s] [  8%] [32mBuilding C object CMakeFiles/dwb_msgs__rosidl_generator_c.dir/rosidl_generator_c/dwb_msgs/srv/detail/generate_trajectory__functions.c.o[0m
[7.665s] [  9%] [32mBuilding C object CMakeFiles/dwb_msgs__rosidl_generator_c.dir/rosidl_generator_c/dwb_msgs/srv/detail/generate_twists__functions.c.o[0m
[7.742s] [ 10%] [32mBuilding C object CMakeFiles/dwb_msgs__rosidl_generator_c.dir/rosidl_generator_c/dwb_msgs/srv/detail/get_critic_score__functions.c.o[0m
[7.823s] [ 11%] [32mBuilding C object CMakeFiles/dwb_msgs__rosidl_generator_c.dir/rosidl_generator_c/dwb_msgs/srv/detail/score_trajectory__functions.c.o[0m
[7.900s] [ 12%] [32m[1mLinking C shared library libdwb_msgs__rosidl_generator_c.so[0m
[7.968s] [ 12%] Built target dwb_msgs__rosidl_generator_c
[7.983s] [ 13%] [34m[1mGenerating C++ type support for eProsima Fast-RTPS[0m
[9.439s] [35m[1mScanning dependencies of target dwb_msgs__rosidl_typesupport_fastrtps_cpp[0m
[9.477s] [ 14%] [32mBuilding CXX object CMakeFiles/dwb_msgs__rosidl_typesupport_fastrtps_cpp.dir/rosidl_typesupport_fastrtps_cpp/dwb_msgs/msg/detail/dds_fastrtps/critic_score__type_support.cpp.o[0m
[10.031s] [ 15%] [32mBuilding CXX object CMakeFiles/dwb_msgs__rosidl_typesupport_fastrtps_cpp.dir/rosidl_typesupport_fastrtps_cpp/dwb_msgs/msg/detail/dds_fastrtps/local_plan_evaluation__type_support.cpp.o[0m
[10.773s] [ 16%] [32mBuilding CXX object CMakeFiles/dwb_msgs__rosidl_typesupport_fastrtps_cpp.dir/rosidl_typesupport_fastrtps_cpp/dwb_msgs/msg/detail/dds_fastrtps/trajectory2_d__type_support.cpp.o[0m
[11.437s] [ 17%] [32mBuilding CXX object CMakeFiles/dwb_msgs__rosidl_typesupport_fastrtps_cpp.dir/rosidl_typesupport_fastrtps_cpp/dwb_msgs/msg/detail/dds_fastrtps/trajectory_score__type_support.cpp.o[0m
[12.081s] [ 18%] [32mBuilding CXX object CMakeFiles/dwb_msgs__rosidl_typesupport_fastrtps_cpp.dir/rosidl_typesupport_fastrtps_cpp/dwb_msgs/srv/detail/dds_fastrtps/debug_local_plan__type_support.cpp.o[0m
[12.749s] [ 20%] [32mBuilding CXX object CMakeFiles/dwb_msgs__rosidl_typesupport_fastrtps_cpp.dir/rosidl_typesupport_fastrtps_cpp/dwb_msgs/srv/detail/dds_fastrtps/generate_trajectory__type_support.cpp.o[0m
[13.370s] [ 21%] [32mBuilding CXX object CMakeFiles/dwb_msgs__rosidl_typesupport_fastrtps_cpp.dir/rosidl_typesupport_fastrtps_cpp/dwb_msgs/srv/detail/dds_fastrtps/generate_twists__type_support.cpp.o[0m
[14.058s] [ 22%] [32mBuilding CXX object CMakeFiles/dwb_msgs__rosidl_typesupport_fastrtps_cpp.dir/rosidl_typesupport_fastrtps_cpp/dwb_msgs/srv/detail/dds_fastrtps/get_critic_score__type_support.cpp.o[0m
[14.681s] [ 23%] [32mBuilding CXX object CMakeFiles/dwb_msgs__rosidl_typesupport_fastrtps_cpp.dir/rosidl_typesupport_fastrtps_cpp/dwb_msgs/srv/detail/dds_fastrtps/score_trajectory__type_support.cpp.o[0m
[15.316s] [ 24%] [32m[1mLinking CXX shared library libdwb_msgs__rosidl_typesupport_fastrtps_cpp.so[0m
[15.477s] [ 24%] Built target dwb_msgs__rosidl_typesupport_fastrtps_cpp
[15.496s] [ 25%] [34m[1mGenerating C introspection for ROS interfaces[0m
[16.775s] [35m[1mScanning dependencies of target dwb_msgs__rosidl_typesupport_introspection_c[0m
[16.808s] [ 26%] [32mBuilding C object CMakeFiles/dwb_msgs__rosidl_typesupport_introspection_c.dir/rosidl_typesupport_introspection_c/dwb_msgs/msg/detail/critic_score__type_support.c.o[0m
[16.852s] [ 27%] [32mBuilding C object CMakeFiles/dwb_msgs__rosidl_typesupport_introspection_c.dir/rosidl_typesupport_introspection_c/dwb_msgs/msg/detail/local_plan_evaluation__type_support.c.o[0m
[16.903s] [ 28%] [32mBuilding C object CMakeFiles/dwb_msgs__rosidl_typesupport_introspection_c.dir/rosidl_typesupport_introspection_c/dwb_msgs/msg/detail/trajectory2_d__type_support.c.o[0m
[16.950s] [ 29%] [32mBuilding C object CMakeFiles/dwb_msgs__rosidl_typesupport_introspection_c.dir/rosidl_typesupport_introspection_c/dwb_msgs/msg/detail/trajectory_score__type_support.c.o[0m
[17.003s] [ 30%] [32mBuilding C object CMakeFiles/dwb_msgs__rosidl_typesupport_introspection_c.dir/rosidl_typesupport_introspection_c/dwb_msgs/srv/detail/debug_local_plan__type_support.c.o[0m
[17.056s] [ 31%] [32mBuilding C object CMakeFiles/dwb_msgs__rosidl_typesupport_introspection_c.dir/rosidl_typesupport_introspection_c/dwb_msgs/srv/detail/generate_trajectory__type_support.c.o[0m
[17.127s] [ 32%] [32mBuilding C object CMakeFiles/dwb_msgs__rosidl_typesupport_introspection_c.dir/rosidl_typesupport_introspection_c/dwb_msgs/srv/detail/generate_twists__type_support.c.o[0m
[17.185s] [ 33%] [32mBuilding C object CMakeFiles/dwb_msgs__rosidl_typesupport_introspection_c.dir/rosidl_typesupport_introspection_c/dwb_msgs/srv/detail/get_critic_score__type_support.c.o[0m
[17.237s] [ 34%] [32mBuilding C object CMakeFiles/dwb_msgs__rosidl_typesupport_introspection_c.dir/rosidl_typesupport_introspection_c/dwb_msgs/srv/detail/score_trajectory__type_support.c.o[0m
[17.296s] [ 35%] [32m[1mLinking C shared library libdwb_msgs__rosidl_typesupport_introspection_c.so[0m
[17.355s] [ 35%] Built target dwb_msgs__rosidl_typesupport_introspection_c
[17.374s] [ 36%] [34m[1mGenerating C type support dispatch for ROS interfaces[0m
[18.352s] [35m[1mScanning dependencies of target dwb_msgs__rosidl_typesupport_c[0m
[18.378s] [ 37%] [32mBuilding CXX object CMakeFiles/dwb_msgs__rosidl_typesupport_c.dir/rosidl_typesupport_c/dwb_msgs/msg/critic_score__type_support.cpp.o[0m
[18.420s] [ 38%] [32mBuilding CXX object CMakeFiles/dwb_msgs__rosidl_typesupport_c.dir/rosidl_typesupport_c/dwb_msgs/msg/local_plan_evaluation__type_support.cpp.o[0m
[18.462s] [ 40%] [32mBuilding CXX object CMakeFiles/dwb_msgs__rosidl_typesupport_c.dir/rosidl_typesupport_c/dwb_msgs/msg/trajectory2_d__type_support.cpp.o[0m
[18.502s] [ 41%] [32mBuilding CXX object CMakeFiles/dwb_msgs__rosidl_typesupport_c.dir/rosidl_typesupport_c/dwb_msgs/msg/trajectory_score__type_support.cpp.o[0m
[18.538s] [ 42%] [32mBuilding CXX object CMakeFiles/dwb_msgs__rosidl_typesupport_c.dir/rosidl_typesupport_c/dwb_msgs/srv/debug_local_plan__type_support.cpp.o[0m
[18.589s] [ 43%] [32mBuilding CXX object CMakeFiles/dwb_msgs__rosidl_typesupport_c.dir/rosidl_typesupport_c/dwb_msgs/srv/generate_trajectory__type_support.cpp.o[0m
[18.635s] [ 44%] [32mBuilding CXX object CMakeFiles/dwb_msgs__rosidl_typesupport_c.dir/rosidl_typesupport_c/dwb_msgs/srv/generate_twists__type_support.cpp.o[0m
[18.679s] [ 45%] [32mBuilding CXX object CMakeFiles/dwb_msgs__rosidl_typesupport_c.dir/rosidl_typesupport_c/dwb_msgs/srv/get_critic_score__type_support.cpp.o[0m
[18.730s] [ 46%] [32mBuilding CXX object CMakeFiles/dwb_msgs__rosidl_typesupport_c.dir/rosidl_typesupport_c/dwb_msgs/srv/score_trajectory__type_support.cpp.o[0m
[18.773s] [ 47%] [32m[1mLinking CXX shared library libdwb_msgs__rosidl_typesupport_c.so[0m
[18.825s] [ 47%] Built target dwb_msgs__rosidl_typesupport_c
[18.839s] [ 48%] [34m[1mGenerating C type support for eProsima Fast-RTPS[0m
[20.274s] [35m[1mScanning dependencies of target dwb_msgs__rosidl_typesupport_fastrtps_c[0m
[20.324s] [ 49%] [32mBuilding CXX object CMakeFiles/dwb_msgs__rosidl_typesupport_fastrtps_c.dir/rosidl_typesupport_fastrtps_c/dwb_msgs/msg/detail/critic_score__type_support_c.cpp.o[0m
[20.806s] [ 50%] [32mBuilding CXX object CMakeFiles/dwb_msgs__rosidl_typesupport_fastrtps_c.dir/rosidl_typesupport_fastrtps_c/dwb_msgs/msg/detail/local_plan_evaluation__type_support_c.cpp.o[0m
[21.296s] [ 51%] [32mBuilding CXX object CMakeFiles/dwb_msgs__rosidl_typesupport_fastrtps_c.dir/rosidl_typesupport_fastrtps_c/dwb_msgs/msg/detail/trajectory2_d__type_support_c.cpp.o[0m
[21.778s] [ 52%] [32mBuilding CXX object CMakeFiles/dwb_msgs__rosidl_typesupport_fastrtps_c.dir/rosidl_typesupport_fastrtps_c/dwb_msgs/msg/detail/trajectory_score__type_support_c.cpp.o[0m
[22.295s] [ 53%] [32mBuilding CXX object CMakeFiles/dwb_msgs__rosidl_typesupport_fastrtps_c.dir/rosidl_typesupport_fastrtps_c/dwb_msgs/srv/detail/debug_local_plan__type_support_c.cpp.o[0m
[22.836s] [ 54%] [32mBuilding CXX object CMakeFiles/dwb_msgs__rosidl_typesupport_fastrtps_c.dir/rosidl_typesupport_fastrtps_c/dwb_msgs/srv/detail/generate_trajectory__type_support_c.cpp.o[0m
[23.351s] [ 55%] [32mBuilding CXX object CMakeFiles/dwb_msgs__rosidl_typesupport_fastrtps_c.dir/rosidl_typesupport_fastrtps_c/dwb_msgs/srv/detail/generate_twists__type_support_c.cpp.o[0m
[24.186s] [ 56%] [32mBuilding CXX object CMakeFiles/dwb_msgs__rosidl_typesupport_fastrtps_c.dir/rosidl_typesupport_fastrtps_c/dwb_msgs/srv/detail/get_critic_score__type_support_c.cpp.o[0m
[24.945s] [ 57%] [32mBuilding CXX object CMakeFiles/dwb_msgs__rosidl_typesupport_fastrtps_c.dir/rosidl_typesupport_fastrtps_c/dwb_msgs/srv/detail/score_trajectory__type_support_c.cpp.o[0m
[25.736s] [ 58%] [32m[1mLinking CXX shared library libdwb_msgs__rosidl_typesupport_fastrtps_c.so[0m
[25.970s] [ 58%] Built target dwb_msgs__rosidl_typesupport_fastrtps_c
[25.992s] [ 60%] [34m[1mGenerating C++ introspection for ROS interfaces[0m
[27.856s] [35m[1mScanning dependencies of target dwb_msgs__rosidl_typesupport_introspection_cpp[0m
[27.876s] [ 61%] [32mBuilding CXX object CMakeFiles/dwb_msgs__rosidl_typesupport_introspection_cpp.dir/rosidl_typesupport_introspection_cpp/dwb_msgs/msg/detail/critic_score__type_support.cpp.o[0m
[28.420s] [ 62%] [32mBuilding CXX object CMakeFiles/dwb_msgs__rosidl_typesupport_introspection_cpp.dir/rosidl_typesupport_introspection_cpp/dwb_msgs/msg/detail/trajectory2_d__type_support.cpp.o[0m
[29.153s] [ 63%] [32mBuilding CXX object CMakeFiles/dwb_msgs__rosidl_typesupport_introspection_cpp.dir/rosidl_typesupport_introspection_cpp/dwb_msgs/msg/detail/trajectory_score__type_support.cpp.o[0m
[29.828s] [ 64%] [32mBuilding CXX object CMakeFiles/dwb_msgs__rosidl_typesupport_introspection_cpp.dir/rosidl_typesupport_introspection_cpp/dwb_msgs/srv/detail/debug_local_plan__type_support.cpp.o[0m
[30.323s] [ 65%] [32mBuilding CXX object CMakeFiles/dwb_msgs__rosidl_typesupport_introspection_cpp.dir/rosidl_typesupport_introspection_cpp/dwb_msgs/srv/detail/generate_trajectory__type_support.cpp.o[0m
[31.048s] [ 66%] [32mBuilding CXX object CMakeFiles/dwb_msgs__rosidl_typesupport_introspection_cpp.dir/rosidl_typesupport_introspection_cpp/dwb_msgs/srv/detail/generate_twists__type_support.cpp.o[0m
[31.726s] [ 67%] [32mBuilding CXX object CMakeFiles/dwb_msgs__rosidl_typesupport_introspection_cpp.dir/rosidl_typesupport_introspection_cpp/dwb_msgs/srv/detail/get_critic_score__type_support.cpp.o[0m
[32.407s] [ 68%] [32mBuilding CXX object CMakeFiles/dwb_msgs__rosidl_typesupport_introspection_cpp.dir/rosidl_typesupport_introspection_cpp/dwb_msgs/srv/detail/score_trajectory__type_support.cpp.o[0m
[33.065s] [ 69%] [32mBuilding CXX object CMakeFiles/dwb_msgs__rosidl_typesupport_introspection_cpp.dir/rosidl_typesupport_introspection_cpp/dwb_msgs/msg/detail/local_plan_evaluation__type_support.cpp.o[0m
[33.817s] [ 70%] [32m[1mLinking CXX shared library libdwb_msgs__rosidl_typesupport_introspection_cpp.so[0m
[33.946s] [ 70%] Built target dwb_msgs__rosidl_typesupport_introspection_cpp
[33.963s] [ 71%] [34m[1mGenerating C++ type support dispatch for ROS interfaces[0m
[35.012s] [35m[1mScanning dependencies of target dwb_msgs__rosidl_typesupport_cpp[0m
[35.038s] [ 72%] [32mBuilding CXX object CMakeFiles/dwb_msgs__rosidl_typesupport_cpp.dir/rosidl_typesupport_cpp/dwb_msgs/msg/critic_score__type_support.cpp.o[0m
[35.425s] [ 73%] [32mBuilding CXX object CMakeFiles/dwb_msgs__rosidl_typesupport_cpp.dir/rosidl_typesupport_cpp/dwb_msgs/msg/trajectory_score__type_support.cpp.o[0m
[36.099s] [ 74%] [32mBuilding CXX object CMakeFiles/dwb_msgs__rosidl_typesupport_cpp.dir/rosidl_typesupport_cpp/dwb_msgs/srv/debug_local_plan__type_support.cpp.o[0m
[36.733s] [ 75%] [32mBuilding CXX object CMakeFiles/dwb_msgs__rosidl_typesupport_cpp.dir/rosidl_typesupport_cpp/dwb_msgs/srv/generate_trajectory__type_support.cpp.o[0m
[37.189s] [ 76%] [32mBuilding CXX object CMakeFiles/dwb_msgs__rosidl_typesupport_cpp.dir/rosidl_typesupport_cpp/dwb_msgs/srv/generate_twists__type_support.cpp.o[0m
[37.651s] [ 77%] [32mBuilding CXX object CMakeFiles/dwb_msgs__rosidl_typesupport_cpp.dir/rosidl_typesupport_cpp/dwb_msgs/srv/get_critic_score__type_support.cpp.o[0m
[38.139s] [ 78%] [32mBuilding CXX object CMakeFiles/dwb_msgs__rosidl_typesupport_cpp.dir/rosidl_typesupport_cpp/dwb_msgs/srv/score_trajectory__type_support.cpp.o[0m
[38.678s] [ 80%] [32mBuilding CXX object CMakeFiles/dwb_msgs__rosidl_typesupport_cpp.dir/rosidl_typesupport_cpp/dwb_msgs/msg/trajectory2_d__type_support.cpp.o[0m
[39.284s] [ 81%] [32mBuilding CXX object CMakeFiles/dwb_msgs__rosidl_typesupport_cpp.dir/rosidl_typesupport_cpp/dwb_msgs/msg/local_plan_evaluation__type_support.cpp.o[0m
[39.879s] [ 82%] [32m[1mLinking CXX shared library libdwb_msgs__rosidl_typesupport_cpp.so[0m
[39.954s] [ 82%] Built target dwb_msgs__rosidl_typesupport_cpp
[39.969s] [35m[1mScanning dependencies of target dwb_msgs[0m
[39.988s] [ 82%] Built target dwb_msgs
[40.011s] [35m[1mScanning dependencies of target dwb_msgs__py[0m
[40.036s] [ 83%] [34m[1mGenerating Python code for ROS interfaces[0m
[43.857s] [ 83%] Built target dwb_msgs__py
[43.873s] [35m[1mScanning dependencies of target dwb_msgs__python[0m
[43.967s] [ 84%] [32mBuilding C object CMakeFiles/dwb_msgs__python.dir/rosidl_generator_py/dwb_msgs/msg/_critic_score_s.c.o[0m
[44.152s] [ 85%] [32mBuilding C object CMakeFiles/dwb_msgs__python.dir/rosidl_generator_py/dwb_msgs/msg/_trajectory_score_s.c.o[0m
[44.326s] [ 86%] [32mBuilding C object CMakeFiles/dwb_msgs__python.dir/rosidl_generator_py/dwb_msgs/srv/_debug_local_plan_s.c.o[0m
[44.510s] [ 87%] [32mBuilding C object CMakeFiles/dwb_msgs__python.dir/rosidl_generator_py/dwb_msgs/srv/_generate_trajectory_s.c.o[0m
[44.672s] [ 88%] [32mBuilding C object CMakeFiles/dwb_msgs__python.dir/rosidl_generator_py/dwb_msgs/srv/_generate_twists_s.c.o[0m
[44.903s] [ 89%] [32mBuilding C object CMakeFiles/dwb_msgs__python.dir/rosidl_generator_py/dwb_msgs/srv/_get_critic_score_s.c.o[0m
[45.057s] [ 90%] [32mBuilding C object CMakeFiles/dwb_msgs__python.dir/rosidl_generator_py/dwb_msgs/srv/_score_trajectory_s.c.o[0m
[45.198s] [ 91%] [32mBuilding C object CMakeFiles/dwb_msgs__python.dir/rosidl_generator_py/dwb_msgs/msg/_trajectory2_d_s.c.o[0m
[45.402s] [ 92%] [32mBuilding C object CMakeFiles/dwb_msgs__python.dir/rosidl_generator_py/dwb_msgs/msg/_local_plan_evaluation_s.c.o[0m
[45.566s] [ 93%] [32m[1mLinking C shared library rosidl_generator_py/dwb_msgs/libdwb_msgs__python.so[0m
[45.715s] [ 93%] Built target dwb_msgs__python
[45.749s] [35m[1mScanning dependencies of target dwb_msgs__rosidl_typesupport_c__pyext[0m
[45.750s] [35m[1mScanning dependencies of target dwb_msgs__rosidl_typesupport_introspection_c__pyext[0m
[45.817s] [ 94%] [32mBuilding C object CMakeFiles/dwb_msgs__rosidl_typesupport_c__pyext.dir/rosidl_generator_py/dwb_msgs/_dwb_msgs_s.ep.rosidl_typesupport_c.c.o[0m
[45.819s] [ 95%] [32mBuilding C object CMakeFiles/dwb_msgs__rosidl_typesupport_introspection_c__pyext.dir/rosidl_generator_py/dwb_msgs/_dwb_msgs_s.ep.rosidl_typesupport_introspection_c.c.o[0m
[46.074s] [ 96%] [32m[1mLinking C shared library rosidl_generator_py/dwb_msgs/dwb_msgs_s__rosidl_typesupport_introspection_c.cpython-38-x86_64-linux-gnu.so[0m
[46.096s] [ 97%] [32m[1mLinking C shared library rosidl_generator_py/dwb_msgs/dwb_msgs_s__rosidl_typesupport_c.cpython-38-x86_64-linux-gnu.so[0m
[46.141s] [ 97%] Built target dwb_msgs__rosidl_typesupport_introspection_c__pyext
[46.162s] [35m[1mScanning dependencies of target dwb_msgs__rosidl_typesupport_fastrtps_c__pyext[0m
[46.183s] [ 97%] Built target dwb_msgs__rosidl_typesupport_c__pyext
[46.200s] [ 98%] [32mBuilding C object CMakeFiles/dwb_msgs__rosidl_typesupport_fastrtps_c__pyext.dir/rosidl_generator_py/dwb_msgs/_dwb_msgs_s.ep.rosidl_typesupport_fastrtps_c.c.o[0m
[46.437s] [100%] [32m[1mLinking CXX shared library rosidl_generator_py/dwb_msgs/dwb_msgs_s__rosidl_typesupport_fastrtps_c.cpython-38-x86_64-linux-gnu.so[0m
[46.576s] [100%] Built target dwb_msgs__rosidl_typesupport_fastrtps_c__pyext
[46.599s] Invoked command in '/home/ros2/ros2_learn/fishbot_ws/build/dwb_msgs' returned '0': AMENT_PREFIX_PATH=/home/ros2/ros2_learn/fishbot_ws/install/nav_2d_msgs:${AMENT_PREFIX_PATH} CMAKE_PREFIX_PATH=/home/ros2/ros2_learn/fishbot_ws/install/nav_2d_msgs:/opt/ros/galactic LD_LIBRARY_PATH=/home/ros2/ros2_learn/fishbot_ws/install/nav_2d_msgs/lib:${LD_LIBRARY_PATH} PYTHONPATH=/home/ros2/ros2_learn/fishbot_ws/install/nav_2d_msgs/lib/python3.8/site-packages:${PYTHONPATH} /usr/bin/cmake --build /home/ros2/ros2_learn/fishbot_ws/build/dwb_msgs -- -j4 -l4
[47.020s] Invoking command in '/home/ros2/ros2_learn/fishbot_ws/build/dwb_msgs': AMENT_PREFIX_PATH=/home/ros2/ros2_learn/fishbot_ws/install/nav_2d_msgs:${AMENT_PREFIX_PATH} CMAKE_PREFIX_PATH=/home/ros2/ros2_learn/fishbot_ws/install/nav_2d_msgs:/opt/ros/galactic LD_LIBRARY_PATH=/home/ros2/ros2_learn/fishbot_ws/install/nav_2d_msgs/lib:${LD_LIBRARY_PATH} PYTHONPATH=/home/ros2/ros2_learn/fishbot_ws/install/nav_2d_msgs/lib/python3.8/site-packages:${PYTHONPATH} /usr/bin/cmake --install /home/ros2/ros2_learn/fishbot_ws/build/dwb_msgs
[47.051s] -- Install configuration: ""
[47.051s] -- Installing: /home/ros2/ros2_learn/fishbot_ws/install/dwb_msgs/share/ament_index/resource_index/rosidl_interfaces/dwb_msgs
[47.051s] -- Installing: /home/ros2/ros2_learn/fishbot_ws/install/dwb_msgs/include/dwb_msgs
[47.052s] -- Installing: /home/ros2/ros2_learn/fishbot_ws/install/dwb_msgs/include/dwb_msgs/msg
[47.052s] -- Installing: /home/ros2/ros2_learn/fishbot_ws/install/dwb_msgs/include/dwb_msgs/msg/critic_score.h
[47.052s] -- Installing: /home/ros2/ros2_learn/fishbot_ws/install/dwb_msgs/include/dwb_msgs/msg/detail
[47.052s] -- Installing: /home/ros2/ros2_learn/fishbot_ws/install/dwb_msgs/include/dwb_msgs/msg/detail/trajectory_score__functions.c
[47.052s] -- Installing: /home/ros2/ros2_learn/fishbot_ws/install/dwb_msgs/include/dwb_msgs/msg/detail/trajectory2_d__functions.h
[47.052s] -- Installing: /home/ros2/ros2_learn/fishbot_ws/install/dwb_msgs/include/dwb_msgs/msg/detail/critic_score__functions.h
[47.053s] -- Installing: /home/ros2/ros2_learn/fishbot_ws/install/dwb_msgs/include/dwb_msgs/msg/detail/critic_score__functions.c
[47.053s] -- Installing: /home/ros2/ros2_learn/fishbot_ws/install/dwb_msgs/include/dwb_msgs/msg/detail/trajectory_score__functions.h
[47.054s] -- Installing: /home/ros2/ros2_learn/fishbot_ws/install/dwb_msgs/include/dwb_msgs/msg/detail/local_plan_evaluation__functions.c
[47.054s] -- Installing: /home/ros2/ros2_learn/fishbot_ws/install/dwb_msgs/include/dwb_msgs/msg/detail/trajectory_score__type_support.h
[47.054s] -- Installing: /home/ros2/ros2_learn/fishbot_ws/install/dwb_msgs/include/dwb_msgs/msg/detail/trajectory2_d__struct.h
[47.054s] -- Installing: /home/ros2/ros2_learn/fishbot_ws/install/dwb_msgs/include/dwb_msgs/msg/detail/local_plan_evaluation__type_support.h
[47.055s] -- Installing: /home/ros2/ros2_learn/fishbot_ws/install/dwb_msgs/include/dwb_msgs/msg/detail/trajectory2_d__type_support.h
[47.055s] -- Installing: /home/ros2/ros2_learn/fishbot_ws/install/dwb_msgs/include/dwb_msgs/msg/detail/trajectory_score__struct.h
[47.055s] -- Installing: /home/ros2/ros2_learn/fishbot_ws/install/dwb_msgs/include/dwb_msgs/msg/detail/critic_score__struct.h
[47.055s] -- Installing: /home/ros2/ros2_learn/fishbot_ws/install/dwb_msgs/include/dwb_msgs/msg/detail/critic_score__type_support.h
[47.056s] -- Installing: /home/ros2/ros2_learn/fishbot_ws/install/dwb_msgs/include/dwb_msgs/msg/detail/trajectory2_d__functions.c
[47.056s] -- Installing: /home/ros2/ros2_learn/fishbot_ws/install/dwb_msgs/include/dwb_msgs/msg/detail/local_plan_evaluation__struct.h
[47.056s] -- Installing: /home/ros2/ros2_learn/fishbot_ws/install/dwb_msgs/include/dwb_msgs/msg/detail/local_plan_evaluation__functions.h
[47.056s] -- Installing: /home/ros2/ros2_learn/fishbot_ws/install/dwb_msgs/include/dwb_msgs/msg/rosidl_generator_c__visibility_control.h
[47.057s] -- Installing: /home/ros2/ros2_learn/fishbot_ws/install/dwb_msgs/include/dwb_msgs/msg/trajectory2_d.h
[47.057s] -- Installing: /home/ros2/ros2_learn/fishbot_ws/install/dwb_msgs/include/dwb_msgs/msg/trajectory_score.h
[47.057s] -- Installing: /home/ros2/ros2_learn/fishbot_ws/install/dwb_msgs/include/dwb_msgs/msg/local_plan_evaluation.h
[47.058s] -- Installing: /home/ros2/ros2_learn/fishbot_ws/install/dwb_msgs/include/dwb_msgs/srv
[47.058s] -- Installing: /home/ros2/ros2_learn/fishbot_ws/install/dwb_msgs/include/dwb_msgs/srv/debug_local_plan.h
[47.058s] -- Installing: /home/ros2/ros2_learn/fishbot_ws/install/dwb_msgs/include/dwb_msgs/srv/detail
[47.058s] -- Installing: /home/ros2/ros2_learn/fishbot_ws/install/dwb_msgs/include/dwb_msgs/srv/detail/score_trajectory__functions.c
[47.059s] -- Installing: /home/ros2/ros2_learn/fishbot_ws/install/dwb_msgs/include/dwb_msgs/srv/detail/generate_trajectory__functions.h
[47.059s] -- Installing: /home/ros2/ros2_learn/fishbot_ws/install/dwb_msgs/include/dwb_msgs/srv/detail/generate_trajectory__struct.h
[47.059s] -- Installing: /home/ros2/ros2_learn/fishbot_ws/install/dwb_msgs/include/dwb_msgs/srv/detail/get_critic_score__struct.h
[47.059s] -- Installing: /home/ros2/ros2_learn/fishbot_ws/install/dwb_msgs/include/dwb_msgs/srv/detail/generate_trajectory__functions.c
[47.060s] -- Installing: /home/ros2/ros2_learn/fishbot_ws/install/dwb_msgs/include/dwb_msgs/srv/detail/generate_trajectory__type_support.h
[47.060s] -- Installing: /home/ros2/ros2_learn/fishbot_ws/install/dwb_msgs/include/dwb_msgs/srv/detail/score_trajectory__struct.h
[47.060s] -- Installing: /home/ros2/ros2_learn/fishbot_ws/install/dwb_msgs/include/dwb_msgs/srv/detail/get_critic_score__type_support.h
[47.060s] -- Installing: /home/ros2/ros2_learn/fishbot_ws/install/dwb_msgs/include/dwb_msgs/srv/detail/score_trajectory__functions.h
[47.061s] -- Installing: /home/ros2/ros2_learn/fishbot_ws/install/dwb_msgs/include/dwb_msgs/srv/detail/get_critic_score__functions.h
[47.061s] -- Installing: /home/ros2/ros2_learn/fishbot_ws/install/dwb_msgs/include/dwb_msgs/srv/detail/debug_local_plan__functions.c
[47.061s] -- Installing: /home/ros2/ros2_learn/fishbot_ws/install/dwb_msgs/include/dwb_msgs/srv/detail/score_trajectory__type_support.h
[47.061s] -- Installing: /home/ros2/ros2_learn/fishbot_ws/install/dwb_msgs/include/dwb_msgs/srv/detail/generate_twists__struct.h
[47.061s] -- Installing: /home/ros2/ros2_learn/fishbot_ws/install/dwb_msgs/include/dwb_msgs/srv/detail/generate_twists__type_support.h
[47.062s] -- Installing: /home/ros2/ros2_learn/fishbot_ws/install/dwb_msgs/include/dwb_msgs/srv/detail/get_critic_score__functions.c
[47.062s] -- Installing: /home/ros2/ros2_learn/fishbot_ws/install/dwb_msgs/include/dwb_msgs/srv/detail/debug_local_plan__type_support.h
[47.062s] -- Installing: /home/ros2/ros2_learn/fishbot_ws/install/dwb_msgs/include/dwb_msgs/srv/detail/generate_twists__functions.c
[47.062s] -- Installing: /home/ros2/ros2_learn/fishbot_ws/install/dwb_msgs/include/dwb_msgs/srv/detail/debug_local_plan__functions.h
[47.062s] -- Installing: /home/ros2/ros2_learn/fishbot_ws/install/dwb_msgs/include/dwb_msgs/srv/detail/debug_local_plan__struct.h
[47.062s] -- Installing: /home/ros2/ros2_learn/fishbot_ws/install/dwb_msgs/include/dwb_msgs/srv/detail/generate_twists__functions.h
[47.063s] -- Installing: /home/ros2/ros2_learn/fishbot_ws/install/dwb_msgs/include/dwb_msgs/srv/get_critic_score.h
[47.063s] -- Installing: /home/ros2/ros2_learn/fishbot_ws/install/dwb_msgs/include/dwb_msgs/srv/generate_trajectory.h
[47.066s] -- Installing: /home/ros2/ros2_learn/fishbot_ws/install/dwb_msgs/include/dwb_msgs/srv/score_trajectory.h
[47.067s] -- Installing: /home/ros2/ros2_learn/fishbot_ws/install/dwb_msgs/include/dwb_msgs/srv/generate_twists.h
[47.067s] -- Installing: /home/ros2/ros2_learn/fishbot_ws/install/dwb_msgs/share/dwb_msgs/environment/library_path.sh
[47.068s] -- Installing: /home/ros2/ros2_learn/fishbot_ws/install/dwb_msgs/share/dwb_msgs/environment/library_path.dsv
[47.068s] -- Installing: /home/ros2/ros2_learn/fishbot_ws/install/dwb_msgs/lib/libdwb_msgs__rosidl_generator_c.so
[47.080s] -- Set runtime path of "/home/ros2/ros2_learn/fishbot_ws/install/dwb_msgs/lib/libdwb_msgs__rosidl_generator_c.so" to ""
[47.080s] -- Up-to-date: /home/ros2/ros2_learn/fishbot_ws/install/dwb_msgs/include/dwb_msgs
[47.080s] -- Up-to-date: /home/ros2/ros2_learn/fishbot_ws/install/dwb_msgs/include/dwb_msgs/msg
[47.080s] -- Installing: /home/ros2/ros2_learn/fishbot_ws/install/dwb_msgs/include/dwb_msgs/msg/rosidl_typesupport_fastrtps_c__visibility_control.h
[47.080s] -- Up-to-date: /home/ros2/ros2_learn/fishbot_ws/install/dwb_msgs/include/dwb_msgs/msg/detail
[47.081s] -- Installing: /home/ros2/ros2_learn/fishbot_ws/install/dwb_msgs/include/dwb_msgs/msg/detail/trajectory2_d__rosidl_typesupport_fastrtps_c.h
[47.081s] -- Installing: /home/ros2/ros2_learn/fishbot_ws/install/dwb_msgs/include/dwb_msgs/msg/detail/critic_score__rosidl_typesupport_fastrtps_c.h
[47.081s] -- Installing: /home/ros2/ros2_learn/fishbot_ws/install/dwb_msgs/include/dwb_msgs/msg/detail/local_plan_evaluation__rosidl_typesupport_fastrtps_c.h
[47.081s] -- Installing: /home/ros2/ros2_learn/fishbot_ws/install/dwb_msgs/include/dwb_msgs/msg/detail/trajectory_score__rosidl_typesupport_fastrtps_c.h
[47.081s] -- Up-to-date: /home/ros2/ros2_learn/fishbot_ws/install/dwb_msgs/include/dwb_msgs/srv
[47.081s] -- Up-to-date: /home/ros2/ros2_learn/fishbot_ws/install/dwb_msgs/include/dwb_msgs/srv/detail
[47.081s] -- Installing: /home/ros2/ros2_learn/fishbot_ws/install/dwb_msgs/include/dwb_msgs/srv/detail/score_trajectory__rosidl_typesupport_fastrtps_c.h
[47.081s] -- Installing: /home/ros2/ros2_learn/fishbot_ws/install/dwb_msgs/include/dwb_msgs/srv/detail/generate_trajectory__rosidl_typesupport_fastrtps_c.h
[47.082s] -- Installing: /home/ros2/ros2_learn/fishbot_ws/install/dwb_msgs/include/dwb_msgs/srv/detail/get_critic_score__rosidl_typesupport_fastrtps_c.h
[47.082s] -- Installing: /home/ros2/ros2_learn/fishbot_ws/install/dwb_msgs/include/dwb_msgs/srv/detail/debug_local_plan__rosidl_typesupport_fastrtps_c.h
[47.082s] -- Installing: /home/ros2/ros2_learn/fishbot_ws/install/dwb_msgs/include/dwb_msgs/srv/detail/generate_twists__rosidl_typesupport_fastrtps_c.h
[47.082s] -- Installing: /home/ros2/ros2_learn/fishbot_ws/install/dwb_msgs/lib/libdwb_msgs__rosidl_typesupport_fastrtps_c.so
[47.083s] -- Set runtime path of "/home/ros2/ros2_learn/fishbot_ws/install/dwb_msgs/lib/libdwb_msgs__rosidl_typesupport_fastrtps_c.so" to ""
[47.083s] -- Up-to-date: /home/ros2/ros2_learn/fishbot_ws/install/dwb_msgs/include/dwb_msgs
[47.084s] -- Up-to-date: /home/ros2/ros2_learn/fishbot_ws/install/dwb_msgs/include/dwb_msgs/msg
[47.084s] -- Up-to-date: /home/ros2/ros2_learn/fishbot_ws/install/dwb_msgs/include/dwb_msgs/msg/detail
[47.084s] -- Installing: /home/ros2/ros2_learn/fishbot_ws/install/dwb_msgs/include/dwb_msgs/msg/detail/dds_fastrtps
[47.084s] -- Installing: /home/ros2/ros2_learn/fishbot_ws/install/dwb_msgs/include/dwb_msgs/msg/detail/trajectory_score__rosidl_typesupport_fastrtps_cpp.hpp
[47.084s] -- Installing: /home/ros2/ros2_learn/fishbot_ws/install/dwb_msgs/include/dwb_msgs/msg/detail/critic_score__rosidl_typesupport_fastrtps_cpp.hpp
[47.085s] -- Installing: /home/ros2/ros2_learn/fishbot_ws/install/dwb_msgs/include/dwb_msgs/msg/detail/trajectory2_d__rosidl_typesupport_fastrtps_cpp.hpp
[47.085s] -- Installing: /home/ros2/ros2_learn/fishbot_ws/install/dwb_msgs/include/dwb_msgs/msg/detail/local_plan_evaluation__rosidl_typesupport_fastrtps_cpp.hpp
[47.085s] -- Installing: /home/ros2/ros2_learn/fishbot_ws/install/dwb_msgs/include/dwb_msgs/msg/rosidl_typesupport_fastrtps_cpp__visibility_control.h
[47.085s] -- Up-to-date: /home/ros2/ros2_learn/fishbot_ws/install/dwb_msgs/include/dwb_msgs/srv
[47.085s] -- Up-to-date: /home/ros2/ros2_learn/fishbot_ws/install/dwb_msgs/include/dwb_msgs/srv/detail
[47.086s] -- Installing: /home/ros2/ros2_learn/fishbot_ws/install/dwb_msgs/include/dwb_msgs/srv/detail/generate_trajectory__rosidl_typesupport_fastrtps_cpp.hpp
[47.086s] -- Installing: /home/ros2/ros2_learn/fishbot_ws/install/dwb_msgs/include/dwb_msgs/srv/detail/generate_twists__rosidl_typesupport_fastrtps_cpp.hpp
[47.086s] -- Installing: /home/ros2/ros2_learn/fishbot_ws/install/dwb_msgs/include/dwb_msgs/srv/detail/score_trajectory__rosidl_typesupport_fastrtps_cpp.hpp
[47.086s] -- Installing: /home/ros2/ros2_learn/fishbot_ws/install/dwb_msgs/include/dwb_msgs/srv/detail/debug_local_plan__rosidl_typesupport_fastrtps_cpp.hpp
[47.086s] -- Installing: /home/ros2/ros2_learn/fishbot_ws/install/dwb_msgs/include/dwb_msgs/srv/detail/get_critic_score__rosidl_typesupport_fastrtps_cpp.hpp
[47.087s] -- Installing: /home/ros2/ros2_learn/fishbot_ws/install/dwb_msgs/include/dwb_msgs/srv/detail/dds_fastrtps
[47.087s] -- Installing: /home/ros2/ros2_learn/fishbot_ws/install/dwb_msgs/lib/libdwb_msgs__rosidl_typesupport_fastrtps_cpp.so
[47.087s] -- Set runtime path of "/home/ros2/ros2_learn/fishbot_ws/install/dwb_msgs/lib/libdwb_msgs__rosidl_typesupport_fastrtps_cpp.so" to ""
[47.088s] -- Up-to-date: /home/ros2/ros2_learn/fishbot_ws/install/dwb_msgs/include/dwb_msgs
[47.088s] -- Up-to-date: /home/ros2/ros2_learn/fishbot_ws/install/dwb_msgs/include/dwb_msgs/msg
[47.088s] -- Installing: /home/ros2/ros2_learn/fishbot_ws/install/dwb_msgs/include/dwb_msgs/msg/rosidl_typesupport_introspection_c__visibility_control.h
[47.088s] -- Up-to-date: /home/ros2/ros2_learn/fishbot_ws/install/dwb_msgs/include/dwb_msgs/msg/detail
[47.089s] -- Installing: /home/ros2/ros2_learn/fishbot_ws/install/dwb_msgs/include/dwb_msgs/msg/detail/trajectory_score__rosidl_typesupport_introspection_c.h
[47.089s] -- Installing: /home/ros2/ros2_learn/fishbot_ws/install/dwb_msgs/include/dwb_msgs/msg/detail/trajectory2_d__type_support.c
[47.089s] -- Installing: /home/ros2/ros2_learn/fishbot_ws/install/dwb_msgs/include/dwb_msgs/msg/detail/trajectory_score__type_support.c
[47.089s] -- Installing: /home/ros2/ros2_learn/fishbot_ws/install/dwb_msgs/include/dwb_msgs/msg/detail/critic_score__type_support.c
[47.089s] -- Installing: /home/ros2/ros2_learn/fishbot_ws/install/dwb_msgs/include/dwb_msgs/msg/detail/local_plan_evaluation__rosidl_typesupport_introspection_c.h
[47.090s] -- Installing: /home/ros2/ros2_learn/fishbot_ws/install/dwb_msgs/include/dwb_msgs/msg/detail/critic_score__rosidl_typesupport_introspection_c.h
[47.090s] -- Installing: /home/ros2/ros2_learn/fishbot_ws/install/dwb_msgs/include/dwb_msgs/msg/detail/local_plan_evaluation__type_support.c
[47.090s] -- Installing: /home/ros2/ros2_learn/fishbot_ws/install/dwb_msgs/include/dwb_msgs/msg/detail/trajectory2_d__rosidl_typesupport_introspection_c.h
[47.090s] -- Up-to-date: /home/ros2/ros2_learn/fishbot_ws/install/dwb_msgs/include/dwb_msgs/srv
[47.090s] -- Up-to-date: /home/ros2/ros2_learn/fishbot_ws/install/dwb_msgs/include/dwb_msgs/srv/detail
[47.091s] -- Installing: /home/ros2/ros2_learn/fishbot_ws/install/dwb_msgs/include/dwb_msgs/srv/detail/debug_local_plan__type_support.c
[47.091s] -- Installing: /home/ros2/ros2_learn/fishbot_ws/install/dwb_msgs/include/dwb_msgs/srv/detail/generate_twists__rosidl_typesupport_introspection_c.h
[47.091s] -- Installing: /home/ros2/ros2_learn/fishbot_ws/install/dwb_msgs/include/dwb_msgs/srv/detail/get_critic_score__type_support.c
[47.091s] -- Installing: /home/ros2/ros2_learn/fishbot_ws/install/dwb_msgs/include/dwb_msgs/srv/detail/get_critic_score__rosidl_typesupport_introspection_c.h
[47.091s] -- Installing: /home/ros2/ros2_learn/fishbot_ws/install/dwb_msgs/include/dwb_msgs/srv/detail/generate_trajectory__rosidl_typesupport_introspection_c.h
[47.092s] -- Installing: /home/ros2/ros2_learn/fishbot_ws/install/dwb_msgs/include/dwb_msgs/srv/detail/generate_trajectory__type_support.c
[47.092s] -- Installing: /home/ros2/ros2_learn/fishbot_ws/install/dwb_msgs/include/dwb_msgs/srv/detail/debug_local_plan__rosidl_typesupport_introspection_c.h
[47.092s] -- Installing: /home/ros2/ros2_learn/fishbot_ws/install/dwb_msgs/include/dwb_msgs/srv/detail/generate_twists__type_support.c
[47.092s] -- Installing: /home/ros2/ros2_learn/fishbot_ws/install/dwb_msgs/include/dwb_msgs/srv/detail/score_trajectory__type_support.c
[47.092s] -- Installing: /home/ros2/ros2_learn/fishbot_ws/install/dwb_msgs/include/dwb_msgs/srv/detail/score_trajectory__rosidl_typesupport_introspection_c.h
[47.093s] -- Installing: /home/ros2/ros2_learn/fishbot_ws/install/dwb_msgs/lib/libdwb_msgs__rosidl_typesupport_introspection_c.so
[47.093s] -- Set runtime path of "/home/ros2/ros2_learn/fishbot_ws/install/dwb_msgs/lib/libdwb_msgs__rosidl_typesupport_introspection_c.so" to ""
[47.093s] -- Installing: /home/ros2/ros2_learn/fishbot_ws/install/dwb_msgs/lib/libdwb_msgs__rosidl_typesupport_c.so
[47.093s] -- Set runtime path of "/home/ros2/ros2_learn/fishbot_ws/install/dwb_msgs/lib/libdwb_msgs__rosidl_typesupport_c.so" to ""
[47.093s] -- Up-to-date: /home/ros2/ros2_learn/fishbot_ws/install/dwb_msgs/include/dwb_msgs
[47.098s] -- Up-to-date: /home/ros2/ros2_learn/fishbot_ws/install/dwb_msgs/include/dwb_msgs/msg
[47.098s] -- Installing: /home/ros2/ros2_learn/fishbot_ws/install/dwb_msgs/include/dwb_msgs/msg/trajectory_score.hpp
[47.098s] -- Up-to-date: /home/ros2/ros2_learn/fishbot_ws/install/dwb_msgs/include/dwb_msgs/msg/detail
[47.098s] -- Installing: /home/ros2/ros2_learn/fishbot_ws/install/dwb_msgs/include/dwb_msgs/msg/detail/critic_score__traits.hpp
[47.098s] -- Installing: /home/ros2/ros2_learn/fishbot_ws/install/dwb_msgs/include/dwb_msgs/msg/detail/trajectory_score__builder.hpp
[47.098s] -- Installing: /home/ros2/ros2_learn/fishbot_ws/install/dwb_msgs/include/dwb_msgs/msg/detail/local_plan_evaluation__struct.hpp
[47.098s] -- Installing: /home/ros2/ros2_learn/fishbot_ws/install/dwb_msgs/include/dwb_msgs/msg/detail/local_plan_evaluation__traits.hpp
[47.099s] -- Installing: /home/ros2/ros2_learn/fishbot_ws/install/dwb_msgs/include/dwb_msgs/msg/detail/critic_score__builder.hpp
[47.099s] -- Installing: /home/ros2/ros2_learn/fishbot_ws/install/dwb_msgs/include/dwb_msgs/msg/detail/trajectory2_d__traits.hpp
[47.099s] -- Installing: /home/ros2/ros2_learn/fishbot_ws/install/dwb_msgs/include/dwb_msgs/msg/detail/critic_score__struct.hpp
[47.099s] -- Installing: /home/ros2/ros2_learn/fishbot_ws/install/dwb_msgs/include/dwb_msgs/msg/detail/trajectory_score__struct.hpp
[47.099s] -- Installing: /home/ros2/ros2_learn/fishbot_ws/install/dwb_msgs/include/dwb_msgs/msg/detail/trajectory2_d__struct.hpp
[47.099s] -- Installing: /home/ros2/ros2_learn/fishbot_ws/install/dwb_msgs/include/dwb_msgs/msg/detail/local_plan_evaluation__builder.hpp
[47.099s] -- Installing: /home/ros2/ros2_learn/fishbot_ws/install/dwb_msgs/include/dwb_msgs/msg/detail/trajectory2_d__builder.hpp
[47.099s] -- Installing: /home/ros2/ros2_learn/fishbot_ws/install/dwb_msgs/include/dwb_msgs/msg/detail/trajectory_score__traits.hpp
[47.099s] -- Installing: /home/ros2/ros2_learn/fishbot_ws/install/dwb_msgs/include/dwb_msgs/msg/critic_score.hpp
[47.099s] -- Installing: /home/ros2/ros2_learn/fishbot_ws/install/dwb_msgs/include/dwb_msgs/msg/local_plan_evaluation.hpp
[47.099s] -- Installing: /home/ros2/ros2_learn/fishbot_ws/install/dwb_msgs/include/dwb_msgs/msg/trajectory2_d.hpp
[47.099s] -- Up-to-date: /home/ros2/ros2_learn/fishbot_ws/install/dwb_msgs/include/dwb_msgs/srv
[47.099s] -- Installing: /home/ros2/ros2_learn/fishbot_ws/install/dwb_msgs/include/dwb_msgs/srv/score_trajectory.hpp
[47.099s] -- Up-to-date: /home/ros2/ros2_learn/fishbot_ws/install/dwb_msgs/include/dwb_msgs/srv/detail
[47.099s] -- Installing: /home/ros2/ros2_learn/fishbot_ws/install/dwb_msgs/include/dwb_msgs/srv/detail/score_trajectory__traits.hpp
[47.100s] -- Installing: /home/ros2/ros2_learn/fishbot_ws/install/dwb_msgs/include/dwb_msgs/srv/detail/generate_twists__builder.hpp
[47.100s] -- Installing: /home/ros2/ros2_learn/fishbot_ws/install/dwb_msgs/include/dwb_msgs/srv/detail/get_critic_score__builder.hpp
[47.100s] -- Installing: /home/ros2/ros2_learn/fishbot_ws/install/dwb_msgs/include/dwb_msgs/srv/detail/generate_trajectory__struct.hpp
[47.100s] -- Installing: /home/ros2/ros2_learn/fishbot_ws/install/dwb_msgs/include/dwb_msgs/srv/detail/score_trajectory__builder.hpp
[47.100s] -- Installing: /home/ros2/ros2_learn/fishbot_ws/install/dwb_msgs/include/dwb_msgs/srv/detail/get_critic_score__traits.hpp
[47.100s] -- Installing: /home/ros2/ros2_learn/fishbot_ws/install/dwb_msgs/include/dwb_msgs/srv/detail/generate_trajectory__builder.hpp
[47.100s] -- Installing: /home/ros2/ros2_learn/fishbot_ws/install/dwb_msgs/include/dwb_msgs/srv/detail/debug_local_plan__traits.hpp
[47.100s] -- Installing: /home/ros2/ros2_learn/fishbot_ws/install/dwb_msgs/include/dwb_msgs/srv/detail/generate_twists__struct.hpp
[47.101s] -- Installing: /home/ros2/ros2_learn/fishbot_ws/install/dwb_msgs/include/dwb_msgs/srv/detail/debug_local_plan__builder.hpp
[47.101s] -- Installing: /home/ros2/ros2_learn/fishbot_ws/install/dwb_msgs/include/dwb_msgs/srv/detail/generate_trajectory__traits.hpp
[47.101s] -- Installing: /home/ros2/ros2_learn/fishbot_ws/install/dwb_msgs/include/dwb_msgs/srv/detail/get_critic_score__struct.hpp
[47.101s] -- Installing: /home/ros2/ros2_learn/fishbot_ws/install/dwb_msgs/include/dwb_msgs/srv/detail/debug_local_plan__struct.hpp
[47.101s] -- Installing: /home/ros2/ros2_learn/fishbot_ws/install/dwb_msgs/include/dwb_msgs/srv/detail/generate_twists__traits.hpp
[47.102s] -- Installing: /home/ros2/ros2_learn/fishbot_ws/install/dwb_msgs/include/dwb_msgs/srv/detail/score_trajectory__struct.hpp
[47.102s] -- Installing: /home/ros2/ros2_learn/fishbot_ws/install/dwb_msgs/include/dwb_msgs/srv/debug_local_plan.hpp
[47.102s] -- Installing: /home/ros2/ros2_learn/fishbot_ws/install/dwb_msgs/include/dwb_msgs/srv/get_critic_score.hpp
[47.102s] -- Installing: /home/ros2/ros2_learn/fishbot_ws/install/dwb_msgs/include/dwb_msgs/srv/generate_trajectory.hpp
[47.102s] -- Installing: /home/ros2/ros2_learn/fishbot_ws/install/dwb_msgs/include/dwb_msgs/srv/generate_twists.hpp
[47.103s] -- Up-to-date: /home/ros2/ros2_learn/fishbot_ws/install/dwb_msgs/include/dwb_msgs
[47.103s] -- Up-to-date: /home/ros2/ros2_learn/fishbot_ws/install/dwb_msgs/include/dwb_msgs/msg
[47.103s] -- Up-to-date: /home/ros2/ros2_learn/fishbot_ws/install/dwb_msgs/include/dwb_msgs/msg/detail
[47.103s] -- Installing: /home/ros2/ros2_learn/fishbot_ws/install/dwb_msgs/include/dwb_msgs/msg/detail/local_plan_evaluation__type_support.cpp
[47.103s] -- Installing: /home/ros2/ros2_learn/fishbot_ws/install/dwb_msgs/include/dwb_msgs/msg/detail/local_plan_evaluation__rosidl_typesupport_introspection_cpp.hpp
[47.104s] -- Installing: /home/ros2/ros2_learn/fishbot_ws/install/dwb_msgs/include/dwb_msgs/msg/detail/trajectory_score__rosidl_typesupport_introspection_cpp.hpp
[47.104s] -- Installing: /home/ros2/ros2_learn/fishbot_ws/install/dwb_msgs/include/dwb_msgs/msg/detail/critic_score__rosidl_typesupport_introspection_cpp.hpp
[47.104s] -- Installing: /home/ros2/ros2_learn/fishbot_ws/install/dwb_msgs/include/dwb_msgs/msg/detail/trajectory2_d__rosidl_typesupport_introspection_cpp.hpp
[47.104s] -- Installing: /home/ros2/ros2_learn/fishbot_ws/install/dwb_msgs/include/dwb_msgs/msg/detail/trajectory_score__type_support.cpp
[47.104s] -- Installing: /home/ros2/ros2_learn/fishbot_ws/install/dwb_msgs/include/dwb_msgs/msg/detail/critic_score__type_support.cpp
[47.105s] -- Installing: /home/ros2/ros2_learn/fishbot_ws/install/dwb_msgs/include/dwb_msgs/msg/detail/trajectory2_d__type_support.cpp
[47.105s] -- Up-to-date: /home/ros2/ros2_learn/fishbot_ws/install/dwb_msgs/include/dwb_msgs/srv
[47.105s] -- Up-to-date: /home/ros2/ros2_learn/fishbot_ws/install/dwb_msgs/include/dwb_msgs/srv/detail
[47.105s] -- Installing: /home/ros2/ros2_learn/fishbot_ws/install/dwb_msgs/include/dwb_msgs/srv/detail/get_critic_score__type_support.cpp
[47.105s] -- Installing: /home/ros2/ros2_learn/fishbot_ws/install/dwb_msgs/include/dwb_msgs/srv/detail/score_trajectory__type_support.cpp
[47.106s] -- Installing: /home/ros2/ros2_learn/fishbot_ws/install/dwb_msgs/include/dwb_msgs/srv/detail/generate_twists__rosidl_typesupport_introspection_cpp.hpp
[47.106s] -- Installing: /home/ros2/ros2_learn/fishbot_ws/install/dwb_msgs/include/dwb_msgs/srv/detail/generate_twists__type_support.cpp
[47.106s] -- Installing: /home/ros2/ros2_learn/fishbot_ws/install/dwb_msgs/include/dwb_msgs/srv/detail/debug_local_plan__type_support.cpp
[47.106s] -- Installing: /home/ros2/ros2_learn/fishbot_ws/install/dwb_msgs/include/dwb_msgs/srv/detail/generate_trajectory__type_support.cpp
[47.118s] -- Installing: /home/ros2/ros2_learn/fishbot_ws/install/dwb_msgs/include/dwb_msgs/srv/detail/debug_local_plan__rosidl_typesupport_introspection_cpp.hpp
[47.119s] -- Installing: /home/ros2/ros2_learn/fishbot_ws/install/dwb_msgs/include/dwb_msgs/srv/detail/score_trajectory__rosidl_typesupport_introspection_cpp.hpp
[47.119s] -- Installing: /home/ros2/ros2_learn/fishbot_ws/install/dwb_msgs/include/dwb_msgs/srv/detail/generate_trajectory__rosidl_typesupport_introspection_cpp.hpp
[47.119s] -- Installing: /home/ros2/ros2_learn/fishbot_ws/install/dwb_msgs/include/dwb_msgs/srv/detail/get_critic_score__rosidl_typesupport_introspection_cpp.hpp
[47.119s] -- Installing: /home/ros2/ros2_learn/fishbot_ws/install/dwb_msgs/lib/libdwb_msgs__rosidl_typesupport_introspection_cpp.so
[47.119s] -- Set runtime path of "/home/ros2/ros2_learn/fishbot_ws/install/dwb_msgs/lib/libdwb_msgs__rosidl_typesupport_introspection_cpp.so" to ""
[47.120s] -- Installing: /home/ros2/ros2_learn/fishbot_ws/install/dwb_msgs/lib/libdwb_msgs__rosidl_typesupport_cpp.so
[47.120s] -- Set runtime path of "/home/ros2/ros2_learn/fishbot_ws/install/dwb_msgs/lib/libdwb_msgs__rosidl_typesupport_cpp.so" to ""
[47.120s] -- Installing: /home/ros2/ros2_learn/fishbot_ws/install/dwb_msgs/share/dwb_msgs/environment/pythonpath.sh
[47.120s] -- Installing: /home/ros2/ros2_learn/fishbot_ws/install/dwb_msgs/share/dwb_msgs/environment/pythonpath.dsv
[47.120s] -- Installing: /home/ros2/ros2_learn/fishbot_ws/install/dwb_msgs/lib/python3.8/site-packages/dwb_msgs/__init__.py
[47.161s] Compiling '/home/ros2/ros2_learn/fishbot_ws/install/dwb_msgs/lib/python3.8/site-packages/dwb_msgs/__init__.py'...
[47.168s] -- Installing: /home/ros2/ros2_learn/fishbot_ws/install/dwb_msgs/lib/python3.8/site-packages/dwb_msgs/msg
[47.168s] -- Installing: /home/ros2/ros2_learn/fishbot_ws/install/dwb_msgs/lib/python3.8/site-packages/dwb_msgs/msg/__init__.py
[47.168s] -- Installing: /home/ros2/ros2_learn/fishbot_ws/install/dwb_msgs/lib/python3.8/site-packages/dwb_msgs/msg/_critic_score.py
[47.168s] -- Installing: /home/ros2/ros2_learn/fishbot_ws/install/dwb_msgs/lib/python3.8/site-packages/dwb_msgs/msg/_local_plan_evaluation.py
[47.168s] -- Installing: /home/ros2/ros2_learn/fishbot_ws/install/dwb_msgs/lib/python3.8/site-packages/dwb_msgs/msg/_critic_score_s.c
[47.169s] -- Installing: /home/ros2/ros2_learn/fishbot_ws/install/dwb_msgs/lib/python3.8/site-packages/dwb_msgs/msg/_local_plan_evaluation_s.c
[47.169s] -- Installing: /home/ros2/ros2_learn/fishbot_ws/install/dwb_msgs/lib/python3.8/site-packages/dwb_msgs/msg/_trajectory_score.py
[47.170s] -- Installing: /home/ros2/ros2_learn/fishbot_ws/install/dwb_msgs/lib/python3.8/site-packages/dwb_msgs/msg/_trajectory2_d_s.c
[47.170s] -- Installing: /home/ros2/ros2_learn/fishbot_ws/install/dwb_msgs/lib/python3.8/site-packages/dwb_msgs/msg/_trajectory_score_s.c
[47.170s] -- Installing: /home/ros2/ros2_learn/fishbot_ws/install/dwb_msgs/lib/python3.8/site-packages/dwb_msgs/msg/_trajectory2_d.py
[47.170s] -- Installing: /home/ros2/ros2_learn/fishbot_ws/install/dwb_msgs/lib/python3.8/site-packages/dwb_msgs/srv
[47.170s] -- Installing: /home/ros2/ros2_learn/fishbot_ws/install/dwb_msgs/lib/python3.8/site-packages/dwb_msgs/srv/_debug_local_plan.py
[47.170s] -- Installing: /home/ros2/ros2_learn/fishbot_ws/install/dwb_msgs/lib/python3.8/site-packages/dwb_msgs/srv/_generate_twists.py
[47.171s] -- Installing: /home/ros2/ros2_learn/fishbot_ws/install/dwb_msgs/lib/python3.8/site-packages/dwb_msgs/srv/_debug_local_plan_s.c
[47.171s] -- Installing: /home/ros2/ros2_learn/fishbot_ws/install/dwb_msgs/lib/python3.8/site-packages/dwb_msgs/srv/__init__.py
[47.171s] -- Installing: /home/ros2/ros2_learn/fishbot_ws/install/dwb_msgs/lib/python3.8/site-packages/dwb_msgs/srv/_score_trajectory.py
[47.171s] -- Installing: /home/ros2/ros2_learn/fishbot_ws/install/dwb_msgs/lib/python3.8/site-packages/dwb_msgs/srv/_generate_twists_s.c
[47.171s] -- Installing: /home/ros2/ros2_learn/fishbot_ws/install/dwb_msgs/lib/python3.8/site-packages/dwb_msgs/srv/_generate_trajectory_s.c
[47.171s] -- Installing: /home/ros2/ros2_learn/fishbot_ws/install/dwb_msgs/lib/python3.8/site-packages/dwb_msgs/srv/_score_trajectory_s.c
[47.171s] -- Installing: /home/ros2/ros2_learn/fishbot_ws/install/dwb_msgs/lib/python3.8/site-packages/dwb_msgs/srv/_generate_trajectory.py
[47.171s] -- Installing: /home/ros2/ros2_learn/fishbot_ws/install/dwb_msgs/lib/python3.8/site-packages/dwb_msgs/srv/_get_critic_score_s.c
[47.171s] -- Installing: /home/ros2/ros2_learn/fishbot_ws/install/dwb_msgs/lib/python3.8/site-packages/dwb_msgs/srv/_get_critic_score.py
[47.172s] -- Installing: /home/ros2/ros2_learn/fishbot_ws/install/dwb_msgs/lib/python3.8/site-packages/dwb_msgs/dwb_msgs_s__rosidl_typesupport_fastrtps_c.cpython-38-x86_64-linux-gnu.so
[47.172s] -- Set runtime path of "/home/ros2/ros2_learn/fishbot_ws/install/dwb_msgs/lib/python3.8/site-packages/dwb_msgs/dwb_msgs_s__rosidl_typesupport_fastrtps_c.cpython-38-x86_64-linux-gnu.so" to ""
[47.172s] -- Installing: /home/ros2/ros2_learn/fishbot_ws/install/dwb_msgs/lib/python3.8/site-packages/dwb_msgs/dwb_msgs_s__rosidl_typesupport_introspection_c.cpython-38-x86_64-linux-gnu.so
[47.173s] -- Set runtime path of "/home/ros2/ros2_learn/fishbot_ws/install/dwb_msgs/lib/python3.8/site-packages/dwb_msgs/dwb_msgs_s__rosidl_typesupport_introspection_c.cpython-38-x86_64-linux-gnu.so" to ""
[47.173s] -- Installing: /home/ros2/ros2_learn/fishbot_ws/install/dwb_msgs/lib/python3.8/site-packages/dwb_msgs/dwb_msgs_s__rosidl_typesupport_c.cpython-38-x86_64-linux-gnu.so
[47.173s] -- Set runtime path of "/home/ros2/ros2_learn/fishbot_ws/install/dwb_msgs/lib/python3.8/site-packages/dwb_msgs/dwb_msgs_s__rosidl_typesupport_c.cpython-38-x86_64-linux-gnu.so" to ""
[47.174s] -- Installing: /home/ros2/ros2_learn/fishbot_ws/install/dwb_msgs/lib/libdwb_msgs__python.so
[47.174s] -- Set runtime path of "/home/ros2/ros2_learn/fishbot_ws/install/dwb_msgs/lib/libdwb_msgs__python.so" to ""
[47.174s] -- Installing: /home/ros2/ros2_learn/fishbot_ws/install/dwb_msgs/share/dwb_msgs/msg/CriticScore.idl
[47.174s] -- Installing: /home/ros2/ros2_learn/fishbot_ws/install/dwb_msgs/share/dwb_msgs/msg/LocalPlanEvaluation.idl
[47.174s] -- Installing: /home/ros2/ros2_learn/fishbot_ws/install/dwb_msgs/share/dwb_msgs/msg/Trajectory2D.idl
[47.174s] -- Installing: /home/ros2/ros2_learn/fishbot_ws/install/dwb_msgs/share/dwb_msgs/msg/TrajectoryScore.idl
[47.175s] -- Installing: /home/ros2/ros2_learn/fishbot_ws/install/dwb_msgs/share/dwb_msgs/srv/DebugLocalPlan.idl
[47.175s] -- Installing: /home/ros2/ros2_learn/fishbot_ws/install/dwb_msgs/share/dwb_msgs/srv/GenerateTrajectory.idl
[47.175s] -- Installing: /home/ros2/ros2_learn/fishbot_ws/install/dwb_msgs/share/dwb_msgs/srv/GenerateTwists.idl
[47.175s] -- Installing: /home/ros2/ros2_learn/fishbot_ws/install/dwb_msgs/share/dwb_msgs/srv/GetCriticScore.idl
[47.175s] -- Installing: /home/ros2/ros2_learn/fishbot_ws/install/dwb_msgs/share/dwb_msgs/srv/ScoreTrajectory.idl
[47.175s] -- Installing: /home/ros2/ros2_learn/fishbot_ws/install/dwb_msgs/share/dwb_msgs/msg/CriticScore.msg
[47.175s] -- Installing: /home/ros2/ros2_learn/fishbot_ws/install/dwb_msgs/share/dwb_msgs/msg/LocalPlanEvaluation.msg
[47.175s] -- Installing: /home/ros2/ros2_learn/fishbot_ws/install/dwb_msgs/share/dwb_msgs/msg/Trajectory2D.msg
[47.175s] -- Installing: /home/ros2/ros2_learn/fishbot_ws/install/dwb_msgs/share/dwb_msgs/msg/TrajectoryScore.msg
[47.175s] -- Installing: /home/ros2/ros2_learn/fishbot_ws/install/dwb_msgs/share/dwb_msgs/srv/DebugLocalPlan.srv
[47.176s] -- Installing: /home/ros2/ros2_learn/fishbot_ws/install/dwb_msgs/share/dwb_msgs/srv/DebugLocalPlan_Request.msg
[47.176s] -- Installing: /home/ros2/ros2_learn/fishbot_ws/install/dwb_msgs/share/dwb_msgs/srv/DebugLocalPlan_Response.msg
[47.176s] -- Installing: /home/ros2/ros2_learn/fishbot_ws/install/dwb_msgs/share/dwb_msgs/srv/GenerateTrajectory.srv
[47.176s] -- Installing: /home/ros2/ros2_learn/fishbot_ws/install/dwb_msgs/share/dwb_msgs/srv/GenerateTrajectory_Request.msg
[47.176s] -- Installing: /home/ros2/ros2_learn/fishbot_ws/install/dwb_msgs/share/dwb_msgs/srv/GenerateTrajectory_Response.msg
[47.176s] -- Installing: /home/ros2/ros2_learn/fishbot_ws/install/dwb_msgs/share/dwb_msgs/srv/GenerateTwists.srv
[47.176s] -- Installing: /home/ros2/ros2_learn/fishbot_ws/install/dwb_msgs/share/dwb_msgs/srv/GenerateTwists_Request.msg
[47.177s] -- Installing: /home/ros2/ros2_learn/fishbot_ws/install/dwb_msgs/share/dwb_msgs/srv/GenerateTwists_Response.msg
[47.177s] -- Installing: /home/ros2/ros2_learn/fishbot_ws/install/dwb_msgs/share/dwb_msgs/srv/GetCriticScore.srv
[47.177s] -- Installing: /home/ros2/ros2_learn/fishbot_ws/install/dwb_msgs/share/dwb_msgs/srv/GetCriticScore_Request.msg
[47.177s] -- Installing: /home/ros2/ros2_learn/fishbot_ws/install/dwb_msgs/share/dwb_msgs/srv/GetCriticScore_Response.msg
[47.177s] -- Installing: /home/ros2/ros2_learn/fishbot_ws/install/dwb_msgs/share/dwb_msgs/srv/ScoreTrajectory.srv
[47.177s] -- Installing: /home/ros2/ros2_learn/fishbot_ws/install/dwb_msgs/share/dwb_msgs/srv/ScoreTrajectory_Request.msg
[47.178s] -- Installing: /home/ros2/ros2_learn/fishbot_ws/install/dwb_msgs/share/dwb_msgs/srv/ScoreTrajectory_Response.msg
[47.178s] -- Installing: /home/ros2/ros2_learn/fishbot_ws/install/dwb_msgs/share/ament_index/resource_index/package_run_dependencies/dwb_msgs
[47.178s] -- Installing: /home/ros2/ros2_learn/fishbot_ws/install/dwb_msgs/share/ament_index/resource_index/parent_prefix_path/dwb_msgs
[47.178s] -- Installing: /home/ros2/ros2_learn/fishbot_ws/install/dwb_msgs/share/dwb_msgs/environment/ament_prefix_path.sh
[47.178s] -- Installing: /home/ros2/ros2_learn/fishbot_ws/install/dwb_msgs/share/dwb_msgs/environment/ament_prefix_path.dsv
[47.179s] -- Installing: /home/ros2/ros2_learn/fishbot_ws/install/dwb_msgs/share/dwb_msgs/environment/path.sh
[47.179s] -- Installing: /home/ros2/ros2_learn/fishbot_ws/install/dwb_msgs/share/dwb_msgs/environment/path.dsv
[47.179s] -- Installing: /home/ros2/ros2_learn/fishbot_ws/install/dwb_msgs/share/dwb_msgs/local_setup.bash
[47.180s] -- Installing: /home/ros2/ros2_learn/fishbot_ws/install/dwb_msgs/share/dwb_msgs/local_setup.sh
[47.180s] -- Installing: /home/ros2/ros2_learn/fishbot_ws/install/dwb_msgs/share/dwb_msgs/local_setup.zsh
[47.180s] -- Installing: /home/ros2/ros2_learn/fishbot_ws/install/dwb_msgs/share/dwb_msgs/local_setup.dsv
[47.180s] -- Installing: /home/ros2/ros2_learn/fishbot_ws/install/dwb_msgs/share/dwb_msgs/package.dsv
[47.180s] -- Installing: /home/ros2/ros2_learn/fishbot_ws/install/dwb_msgs/share/ament_index/resource_index/packages/dwb_msgs
[47.181s] -- Installing: /home/ros2/ros2_learn/fishbot_ws/install/dwb_msgs/share/dwb_msgs/cmake/dwb_msgs__rosidl_generator_cExport.cmake
[47.181s] -- Installing: /home/ros2/ros2_learn/fishbot_ws/install/dwb_msgs/share/dwb_msgs/cmake/dwb_msgs__rosidl_generator_cExport-noconfig.cmake
[47.181s] -- Installing: /home/ros2/ros2_learn/fishbot_ws/install/dwb_msgs/share/dwb_msgs/cmake/dwb_msgs__rosidl_typesupport_introspection_cExport.cmake
[47.181s] -- Installing: /home/ros2/ros2_learn/fishbot_ws/install/dwb_msgs/share/dwb_msgs/cmake/dwb_msgs__rosidl_typesupport_introspection_cExport-noconfig.cmake
[47.182s] -- Installing: /home/ros2/ros2_learn/fishbot_ws/install/dwb_msgs/share/dwb_msgs/cmake/dwb_msgs__rosidl_typesupport_cExport.cmake
[47.182s] -- Installing: /home/ros2/ros2_learn/fishbot_ws/install/dwb_msgs/share/dwb_msgs/cmake/dwb_msgs__rosidl_typesupport_cExport-noconfig.cmake
[47.182s] -- Installing: /home/ros2/ros2_learn/fishbot_ws/install/dwb_msgs/share/dwb_msgs/cmake/dwb_msgs__rosidl_generator_cppExport.cmake
[47.183s] -- Installing: /home/ros2/ros2_learn/fishbot_ws/install/dwb_msgs/share/dwb_msgs/cmake/dwb_msgs__rosidl_typesupport_introspection_cppExport.cmake
[47.183s] -- Installing: /home/ros2/ros2_learn/fishbot_ws/install/dwb_msgs/share/dwb_msgs/cmake/dwb_msgs__rosidl_typesupport_introspection_cppExport-noconfig.cmake
[47.183s] -- Installing: /home/ros2/ros2_learn/fishbot_ws/install/dwb_msgs/share/dwb_msgs/cmake/dwb_msgs__rosidl_typesupport_cppExport.cmake
[47.183s] -- Installing: /home/ros2/ros2_learn/fishbot_ws/install/dwb_msgs/share/dwb_msgs/cmake/dwb_msgs__rosidl_typesupport_cppExport-noconfig.cmake
[47.183s] -- Installing: /home/ros2/ros2_learn/fishbot_ws/install/dwb_msgs/share/dwb_msgs/cmake/rosidl_cmake-extras.cmake
[47.183s] -- Installing: /home/ros2/ros2_learn/fishbot_ws/install/dwb_msgs/share/dwb_msgs/cmake/ament_cmake_export_dependencies-extras.cmake
[47.183s] -- Installing: /home/ros2/ros2_learn/fishbot_ws/install/dwb_msgs/share/dwb_msgs/cmake/ament_cmake_export_libraries-extras.cmake
[47.183s] -- Installing: /home/ros2/ros2_learn/fishbot_ws/install/dwb_msgs/share/dwb_msgs/cmake/ament_cmake_export_targets-extras.cmake
[47.183s] -- Installing: /home/ros2/ros2_learn/fishbot_ws/install/dwb_msgs/share/dwb_msgs/cmake/ament_cmake_export_include_directories-extras.cmake
[47.183s] -- Installing: /home/ros2/ros2_learn/fishbot_ws/install/dwb_msgs/share/dwb_msgs/cmake/rosidl_cmake_export_typesupport_libraries-extras.cmake
[47.184s] -- Installing: /home/ros2/ros2_learn/fishbot_ws/install/dwb_msgs/share/dwb_msgs/cmake/rosidl_cmake_export_typesupport_targets-extras.cmake
[47.184s] -- Installing: /home/ros2/ros2_learn/fishbot_ws/install/dwb_msgs/share/dwb_msgs/cmake/dwb_msgsConfig.cmake
[47.184s] -- Installing: /home/ros2/ros2_learn/fishbot_ws/install/dwb_msgs/share/dwb_msgs/cmake/dwb_msgsConfig-version.cmake
[47.184s] -- Installing: /home/ros2/ros2_learn/fishbot_ws/install/dwb_msgs/share/dwb_msgs/package.xml
[47.194s] Invoked command in '/home/ros2/ros2_learn/fishbot_ws/build/dwb_msgs' returned '0': AMENT_PREFIX_PATH=/home/ros2/ros2_learn/fishbot_ws/install/nav_2d_msgs:${AMENT_PREFIX_PATH} CMAKE_PREFIX_PATH=/home/ros2/ros2_learn/fishbot_ws/install/nav_2d_msgs:/opt/ros/galactic LD_LIBRARY_PATH=/home/ros2/ros2_learn/fishbot_ws/install/nav_2d_msgs/lib:${LD_LIBRARY_PATH} PYTHONPATH=/home/ros2/ros2_learn/fishbot_ws/install/nav_2d_msgs/lib/python3.8/site-packages:${PYTHONPATH} /usr/bin/cmake --install /home/ros2/ros2_learn/fishbot_ws/build/dwb_msgs
