[0.608s] DEBUG:colcon:Command line arguments: ['/usr/bin/colcon', 'build', '--packages-select', 'village_wang']
[0.608s] DEBUG:colcon:Parsed command line arguments: Namespace(allow_overriding=[], ament_cmake_args=None, base_paths=['.'], build_base='build', catkin_cmake_args=None, catkin_skip_building_tests=False, cmake_args=None, cmake_clean_cache=False, cmake_clean_first=False, cmake_force_configure=False, cmake_target=None, cmake_target_skip_unavailable=False, continue_on_error=False, event_handlers=None, executor='parallel', ignore_user_meta=False, install_base='install', log_base=None, log_level=None, main=<bound method BuildVerb.main of <colcon_core.verb.build.BuildVerb object at 0x7f5f05a56d00>>, merge_install=False, metas=['./colcon.meta'], packages_above=None, packages_above_and_dependencies=None, packages_above_depth=None, packages_end=None, packages_ignore=None, packages_ignore_regex=None, packages_select=['village_wang'], packages_select_build_failed=False, packages_select_by_dep=None, packages_select_regex=None, packages_select_test_failures=False, packages_skip=None, packages_skip_build_finished=False, packages_skip_by_dep=None, packages_skip_regex=None, packages_skip_test_passed=False, packages_skip_up_to=None, packages_start=None, packages_up_to=None, packages_up_to_regex=None, parallel_workers=4, paths=None, symlink_install=False, test_result_base=None, verb_extension=<colcon_core.verb.build.BuildVerb object at 0x7f5f05a56d00>, verb_name='build', verb_parser=<colcon_defaults.argument_parser.defaults.DefaultArgumentsDecorator object at 0x7f5f05a602b0>)
[0.656s] Level 1:colcon.colcon_core.package_discovery:discover_packages(colcon_meta) check parameters
[0.656s] Level 1:colcon.colcon_core.package_discovery:discover_packages(recursive) check parameters
[0.657s] Level 1:colcon.colcon_core.package_discovery:discover_packages(ignore) check parameters
[0.657s] Level 1:colcon.colcon_core.package_discovery:discover_packages(path) check parameters
[0.657s] Level 1:colcon.colcon_core.package_discovery:discover_packages(colcon_meta) discover
[0.657s] Level 1:colcon.colcon_core.package_discovery:discover_packages(recursive) discover
[0.657s] INFO:colcon.colcon_core.package_discovery:Crawling recursively for packages in '/home/ros2/ros2_learn/turtle_ws/src'
[0.657s] Level 1:colcon.colcon_core.package_identification:_identify(.) by extensions ['ignore', 'ignore_ament_install']
[0.657s] Level 1:colcon.colcon_core.package_identification:_identify(.) by extension 'ignore'
[0.657s] Level 1:colcon.colcon_core.package_identification:_identify(.) by extension 'ignore_ament_install'
[0.657s] Level 1:colcon.colcon_core.package_identification:_identify(.) by extensions ['colcon_pkg']
[0.657s] Level 1:colcon.colcon_core.package_identification:_identify(.) by extension 'colcon_pkg'
[0.657s] Level 1:colcon.colcon_core.package_identification:_identify(.) by extensions ['colcon_meta']
[0.657s] Level 1:colcon.colcon_core.package_identification:_identify(.) by extension 'colcon_meta'
[0.657s] Level 1:colcon.colcon_core.package_identification:_identify(.) by extensions ['ros']
[0.658s] Level 1:colcon.colcon_core.package_identification:_identify(.) by extension 'ros'
[0.692s] Level 1:colcon.colcon_core.package_identification:_identify(.) by extensions ['cmake', 'python']
[0.692s] Level 1:colcon.colcon_core.package_identification:_identify(.) by extension 'cmake'
[0.692s] Level 1:colcon.colcon_core.package_identification:_identify(.) by extension 'python'
[0.693s] Level 1:colcon.colcon_core.package_identification:_identify(.) by extensions ['python_setup_py']
[0.693s] Level 1:colcon.colcon_core.package_identification:_identify(.) by extension 'python_setup_py'
[0.693s] Level 1:colcon.colcon_core.package_identification:_identify(build) by extensions ['ignore', 'ignore_ament_install']
[0.694s] Level 1:colcon.colcon_core.package_identification:_identify(build) by extension 'ignore'
[0.694s] Level 1:colcon.colcon_core.package_identification:_identify(build) ignored
[0.694s] Level 1:colcon.colcon_core.package_identification:_identify(install) by extensions ['ignore', 'ignore_ament_install']
[0.695s] Level 1:colcon.colcon_core.package_identification:_identify(install) by extension 'ignore'
[0.695s] Level 1:colcon.colcon_core.package_identification:_identify(install) ignored
[0.696s] Level 1:colcon.colcon_core.package_identification:_identify(log) by extensions ['ignore', 'ignore_ament_install']
[0.696s] Level 1:colcon.colcon_core.package_identification:_identify(log) by extension 'ignore'
[0.696s] Level 1:colcon.colcon_core.package_identification:_identify(log) ignored
[0.696s] Level 1:colcon.colcon_core.package_identification:_identify(village_li) by extensions ['ignore', 'ignore_ament_install']
[0.697s] Level 1:colcon.colcon_core.package_identification:_identify(village_li) by extension 'ignore'
[0.697s] Level 1:colcon.colcon_core.package_identification:_identify(village_li) by extension 'ignore_ament_install'
[0.697s] Level 1:colcon.colcon_core.package_identification:_identify(village_li) by extensions ['colcon_pkg']
[0.697s] Level 1:colcon.colcon_core.package_identification:_identify(village_li) by extension 'colcon_pkg'
[0.697s] Level 1:colcon.colcon_core.package_identification:_identify(village_li) by extensions ['colcon_meta']
[0.697s] Level 1:colcon.colcon_core.package_identification:_identify(village_li) by extension 'colcon_meta'
[0.697s] Level 1:colcon.colcon_core.package_identification:_identify(village_li) by extensions ['ros']
[0.697s] Level 1:colcon.colcon_core.package_identification:_identify(village_li) by extension 'ros'
[0.703s] DEBUG:colcon.colcon_core.package_identification:Package 'village_li' with type 'ros.ament_python' and name 'village_li'
[0.704s] Level 1:colcon.colcon_core.package_identification:_identify(village_wang) by extensions ['ignore', 'ignore_ament_install']
[0.704s] Level 1:colcon.colcon_core.package_identification:_identify(village_wang) by extension 'ignore'
[0.704s] Level 1:colcon.colcon_core.package_identification:_identify(village_wang) by extension 'ignore_ament_install'
[0.705s] Level 1:colcon.colcon_core.package_identification:_identify(village_wang) by extensions ['colcon_pkg']
[0.705s] Level 1:colcon.colcon_core.package_identification:_identify(village_wang) by extension 'colcon_pkg'
[0.705s] Level 1:colcon.colcon_core.package_identification:_identify(village_wang) by extensions ['colcon_meta']
[0.705s] Level 1:colcon.colcon_core.package_identification:_identify(village_wang) by extension 'colcon_meta'
[0.705s] Level 1:colcon.colcon_core.package_identification:_identify(village_wang) by extensions ['ros']
[0.705s] Level 1:colcon.colcon_core.package_identification:_identify(village_wang) by extension 'ros'
[0.707s] DEBUG:colcon.colcon_core.package_identification:Package 'village_wang' with type 'ros.ament_python' and name 'village_wang'
[0.707s] Level 1:colcon.colcon_core.package_discovery:discover_packages(recursive) using defaults
[0.708s] Level 1:colcon.colcon_core.package_discovery:discover_packages(ignore) discover
[0.708s] Level 1:colcon.colcon_core.package_discovery:discover_packages(ignore) using defaults
[0.708s] Level 1:colcon.colcon_core.package_discovery:discover_packages(path) discover
[0.708s] Level 1:colcon.colcon_core.package_discovery:discover_packages(path) using defaults
[0.742s] INFO:colcon.colcon_core.package_selection:Skipping not selected package 'village_li' in 'village_li'
[0.743s] Level 1:colcon.colcon_core.package_discovery:discover_packages(prefix_path) check parameters
[0.743s] Level 1:colcon.colcon_core.package_discovery:discover_packages(prefix_path) discover
[0.748s] DEBUG:colcon.colcon_installed_package_information.package_discovery:Found 2 installed packages in /home/ros2/ros2_learn/turtle_ws/src/install
[0.751s] DEBUG:colcon.colcon_installed_package_information.package_discovery:Found 268 installed packages in /opt/ros/galactic
[0.756s] Level 1:colcon.colcon_core.package_discovery:discover_packages(prefix_path) using defaults
[0.929s] Level 5:colcon.colcon_core.verb:set package 'village_wang' build argument 'cmake_args' from command line to 'None'
[0.929s] Level 5:colcon.colcon_core.verb:set package 'village_wang' build argument 'cmake_target' from command line to 'None'
[0.929s] Level 5:colcon.colcon_core.verb:set package 'village_wang' build argument 'cmake_target_skip_unavailable' from command line to 'False'
[0.929s] Level 5:colcon.colcon_core.verb:set package 'village_wang' build argument 'cmake_clean_cache' from command line to 'False'
[0.930s] Level 5:colcon.colcon_core.verb:set package 'village_wang' build argument 'cmake_clean_first' from command line to 'False'
[0.930s] Level 5:colcon.colcon_core.verb:set package 'village_wang' build argument 'cmake_force_configure' from command line to 'False'
[0.930s] Level 5:colcon.colcon_core.verb:set package 'village_wang' build argument 'ament_cmake_args' from command line to 'None'
[0.930s] Level 5:colcon.colcon_core.verb:set package 'village_wang' build argument 'catkin_cmake_args' from command line to 'None'
[0.930s] Level 5:colcon.colcon_core.verb:set package 'village_wang' build argument 'catkin_skip_building_tests' from command line to 'False'
[0.930s] DEBUG:colcon.colcon_core.verb:Building package 'village_wang' with the following arguments: {'ament_cmake_args': None, 'build_base': '/home/ros2/ros2_learn/turtle_ws/src/build/village_wang', 'catkin_cmake_args': None, 'catkin_skip_building_tests': False, 'cmake_args': None, 'cmake_clean_cache': False, 'cmake_clean_first': False, 'cmake_force_configure': False, 'cmake_target': None, 'cmake_target_skip_unavailable': False, 'install_base': '/home/ros2/ros2_learn/turtle_ws/src/install/village_wang', 'merge_install': False, 'path': '/home/ros2/ros2_learn/turtle_ws/src/village_wang', 'symlink_install': False, 'test_result_base': None}
[0.932s] INFO:colcon.colcon_core.executor:Executing jobs using 'parallel' executor
[0.938s] DEBUG:colcon.colcon_parallel_executor.executor.parallel:run_until_complete
[0.939s] INFO:colcon.colcon_ros.task.ament_python.build:Building ROS package in '/home/ros2/ros2_learn/turtle_ws/src/village_wang' with build type 'ament_python'
[0.939s] Level 1:colcon.colcon_core.shell:create_environment_hook('village_wang', 'ament_prefix_path')
[0.950s] INFO:colcon.colcon_core.plugin_system:Skipping extension 'colcon_core.shell.bat': Not used on non-Windows systems
[0.950s] INFO:colcon.colcon_core.shell:Creating environment hook '/home/ros2/ros2_learn/turtle_ws/src/install/village_wang/share/village_wang/hook/ament_prefix_path.ps1'
[0.952s] INFO:colcon.colcon_core.shell:Creating environment descriptor '/home/ros2/ros2_learn/turtle_ws/src/install/village_wang/share/village_wang/hook/ament_prefix_path.dsv'
[0.953s] INFO:colcon.colcon_core.shell:Creating environment hook '/home/ros2/ros2_learn/turtle_ws/src/install/village_wang/share/village_wang/hook/ament_prefix_path.sh'
[0.959s] INFO:colcon.colcon_core.shell:Skip shell extension 'powershell' for command environment: Not usable outside of PowerShell
[0.959s] DEBUG:colcon.colcon_core.shell:Skip shell extension 'dsv' for command environment
[1.435s] INFO:colcon.colcon_core.task.python.build:Building Python package in '/home/ros2/ros2_learn/turtle_ws/src/village_wang'
[1.438s] INFO:colcon.colcon_core.shell:Skip shell extension 'powershell' for command environment: Not usable outside of PowerShell
[1.438s] DEBUG:colcon.colcon_core.shell:Skip shell extension 'dsv' for command environment
[2.152s] DEBUG:colcon.colcon_core.event_handler.log_command:Invoking command in '/home/ros2/ros2_learn/turtle_ws/src/village_wang': PYTHONPATH=/home/ros2/ros2_learn/turtle_ws/src/build/village_wang/prefix_override:/home/ros2/ros2_learn/turtle_ws/src/install/village_wang/lib/python3.8/site-packages:${PYTHONPATH} /usr/bin/python3 setup.py egg_info --egg-base ../build/village_wang build --build-base /home/ros2/ros2_learn/turtle_ws/src/build/village_wang/build install --record /home/ros2/ros2_learn/turtle_ws/src/build/village_wang/install.log --single-version-externally-managed
[2.617s] DEBUG:colcon.colcon_core.event_handler.log_command:Invoked command in '/home/ros2/ros2_learn/turtle_ws/src/village_wang' returned '0': PYTHONPATH=/home/ros2/ros2_learn/turtle_ws/src/build/village_wang/prefix_override:/home/ros2/ros2_learn/turtle_ws/src/install/village_wang/lib/python3.8/site-packages:${PYTHONPATH} /usr/bin/python3 setup.py egg_info --egg-base ../build/village_wang build --build-base /home/ros2/ros2_learn/turtle_ws/src/build/village_wang/build install --record /home/ros2/ros2_learn/turtle_ws/src/build/village_wang/install.log --single-version-externally-managed
[2.627s] Level 1:colcon.colcon_core.environment:checking '/home/ros2/ros2_learn/turtle_ws/src/install/village_wang' for CMake module files
[2.628s] Level 1:colcon.colcon_core.environment:checking '/home/ros2/ros2_learn/turtle_ws/src/install/village_wang' for CMake config files
[2.630s] Level 1:colcon.colcon_core.environment:checking '/home/ros2/ros2_learn/turtle_ws/src/install/village_wang/lib'
[2.631s] Level 1:colcon.colcon_core.environment:checking '/home/ros2/ros2_learn/turtle_ws/src/install/village_wang/bin'
[2.631s] Level 1:colcon.colcon_core.environment:checking '/home/ros2/ros2_learn/turtle_ws/src/install/village_wang/lib/pkgconfig/village_wang.pc'
[2.632s] Level 1:colcon.colcon_core.environment:checking '/home/ros2/ros2_learn/turtle_ws/src/install/village_wang/lib/python3.8/site-packages'
[2.632s] Level 1:colcon.colcon_core.shell:create_environment_hook('village_wang', 'pythonpath')
[2.636s] INFO:colcon.colcon_core.shell:Creating environment hook '/home/ros2/ros2_learn/turtle_ws/src/install/village_wang/share/village_wang/hook/pythonpath.ps1'
[2.638s] INFO:colcon.colcon_core.shell:Creating environment descriptor '/home/ros2/ros2_learn/turtle_ws/src/install/village_wang/share/village_wang/hook/pythonpath.dsv'
[2.639s] INFO:colcon.colcon_core.shell:Creating environment hook '/home/ros2/ros2_learn/turtle_ws/src/install/village_wang/share/village_wang/hook/pythonpath.sh'
[2.642s] Level 1:colcon.colcon_core.environment:checking '/home/ros2/ros2_learn/turtle_ws/src/install/village_wang/bin'
[2.642s] Level 1:colcon.colcon_core.environment:create_environment_scripts_only(village_wang)
[2.647s] INFO:colcon.colcon_core.shell:Creating package script '/home/ros2/ros2_learn/turtle_ws/src/install/village_wang/share/village_wang/package.ps1'
[2.650s] INFO:colcon.colcon_core.shell:Creating package descriptor '/home/ros2/ros2_learn/turtle_ws/src/install/village_wang/share/village_wang/package.dsv'
[2.651s] INFO:colcon.colcon_core.shell:Creating package script '/home/ros2/ros2_learn/turtle_ws/src/install/village_wang/share/village_wang/package.sh'
[2.654s] INFO:colcon.colcon_core.shell:Creating package script '/home/ros2/ros2_learn/turtle_ws/src/install/village_wang/share/village_wang/package.bash'
[2.656s] INFO:colcon.colcon_core.shell:Creating package script '/home/ros2/ros2_learn/turtle_ws/src/install/village_wang/share/village_wang/package.zsh'
[2.658s] Level 1:colcon.colcon_core.environment:create_file_with_runtime_dependencies(/home/ros2/ros2_learn/turtle_ws/src/install/village_wang/share/colcon-core/packages/village_wang)
[2.661s] DEBUG:colcon.colcon_parallel_executor.executor.parallel:closing loop
[2.663s] DEBUG:colcon.colcon_parallel_executor.executor.parallel:loop closed
[2.663s] DEBUG:colcon.colcon_parallel_executor.executor.parallel:run_until_complete finished with '0'
[2.664s] DEBUG:colcon.colcon_core.event_reactor:joining thread
[2.675s] INFO:colcon.colcon_core.plugin_system:Skipping extension 'colcon_notification.desktop_notification.terminal_notifier': Not used on non-Darwin systems
[2.675s] INFO:colcon.colcon_core.plugin_system:Skipping extension 'colcon_notification.desktop_notification.win32': Not used on non-Windows systems
[2.675s] INFO:colcon.colcon_notification.desktop_notification:Sending desktop notification using 'notify2'
[2.717s] DEBUG:colcon.colcon_core.event_reactor:joined thread
[2.719s] INFO:colcon.colcon_core.shell:Creating prefix script '/home/ros2/ros2_learn/turtle_ws/src/install/local_setup.ps1'
[2.721s] INFO:colcon.colcon_core.shell:Creating prefix util module '/home/ros2/ros2_learn/turtle_ws/src/install/_local_setup_util_ps1.py'
[2.723s] INFO:colcon.colcon_core.shell:Creating prefix chain script '/home/ros2/ros2_learn/turtle_ws/src/install/setup.ps1'
[2.725s] INFO:colcon.colcon_core.shell:Creating prefix script '/home/ros2/ros2_learn/turtle_ws/src/install/local_setup.sh'
[2.726s] INFO:colcon.colcon_core.shell:Creating prefix util module '/home/ros2/ros2_learn/turtle_ws/src/install/_local_setup_util_sh.py'
[2.727s] INFO:colcon.colcon_core.shell:Creating prefix chain script '/home/ros2/ros2_learn/turtle_ws/src/install/setup.sh'
[2.728s] INFO:colcon.colcon_core.shell:Creating prefix script '/home/ros2/ros2_learn/turtle_ws/src/install/local_setup.bash'
[2.729s] INFO:colcon.colcon_core.shell:Creating prefix chain script '/home/ros2/ros2_learn/turtle_ws/src/install/setup.bash'
[2.731s] INFO:colcon.colcon_core.shell:Creating prefix script '/home/ros2/ros2_learn/turtle_ws/src/install/local_setup.zsh'
[2.732s] INFO:colcon.colcon_core.shell:Creating prefix chain script '/home/ros2/ros2_learn/turtle_ws/src/install/setup.zsh'
