[0.081s] Invoking command in '/home/ros2/ros2_learn/turtle_ws/src/build/village_interfaces': CMAKE_PREFIX_PATH=${CMAKE_PREFIX_PATH}:/home/ros2/ros2_learn/turtle_ws/src/install/village_wang:/home/ros2/ros2_learn/turtle_ws/src/install/village_li:/opt/ros/galactic /usr/bin/cmake --build /home/ros2/ros2_learn/turtle_ws/src/build/village_interfaces -- -j4 -l4
[0.204s] -- Found ament_cmake: 1.1.6 (/opt/ros/galactic/share/ament_cmake/cmake)
[0.292s] -- Found PythonInterp: /usr/bin/python3 (found suitable version "3.8.10", minimum required is "3") 
[0.293s] -- Using PYTHON_EXECUTABLE: /usr/bin/python3
[0.542s] -- Found sensor_msgs: 2.2.4 (/opt/ros/galactic/share/sensor_msgs/cmake)
[0.622s] -- Using all available rosidl_typesupport_c: rosidl_typesupport_fastrtps_c;rosidl_typesupport_introspection_c
[0.634s] -- Found rosidl_adapter: 2.2.3 (/opt/ros/galactic/share/rosidl_adapter/cmake)
[1.036s] -- Using all available rosidl_typesupport_cpp: rosidl_typesupport_fastrtps_cpp;rosidl_typesupport_introspection_cpp
[1.635s] -- Found rosidl_default_generators: 1.1.1 (/opt/ros/galactic/share/rosidl_default_generators/cmake)
[1.751s] -- Found PythonInterp: /usr/bin/python3 (found version "3.8.10") 
[2.448s] -- Found ament_cmake_ros: 0.9.2 (/opt/ros/galactic/share/ament_cmake_ros/cmake)
[3.370s] -- Using all available rosidl_typesupport_c: rosidl_typesupport_fastrtps_c;rosidl_typesupport_introspection_c
[3.853s] -- Using all available rosidl_typesupport_cpp: rosidl_typesupport_fastrtps_cpp;rosidl_typesupport_introspection_cpp
[3.946s] -- Found PythonInterp: /usr/bin/python3 (found suitable version "3.8.10", minimum required is "3.5") 
[3.948s] -- Found python_cmake_module: 0.8.1 (/opt/ros/galactic/share/python_cmake_module/cmake)
[4.027s] -- Using PYTHON_EXECUTABLE: /usr/bin/python3
[4.028s] -- Using PYTHON_INCLUDE_DIRS: /usr/include/python3.8
[4.028s] -- Using PYTHON_LIBRARIES: /usr/lib/x86_64-linux-gnu/libpython3.8.so
[4.280s] -- Found ament_lint_auto: 0.10.7 (/opt/ros/galactic/share/ament_lint_auto/cmake)
[4.312s] -- Added test 'copyright' to check source files copyright and LICENSE
[4.317s] -- Added test 'lint_cmake' to check CMake code style
[4.319s] -- Added test 'xmllint' to check XML markup files
[4.331s] -- Configuring done
[4.606s] -- Generating done
[4.627s] -- Build files have been written to: /home/ros2/ros2_learn/turtle_ws/src/build/village_interfaces
[4.746s] [35m[1mScanning dependencies of target village_interfaces__cpp[0m
[4.748s] [  2%] [34m[1mGenerating C code for ROS interfaces[0m
[4.813s] [  4%] [34m[1mGenerating C++ code for ROS interfaces[0m
[6.731s] [  4%] Built target village_interfaces__cpp
[6.816s] [  6%] [34m[1mGenerating C++ type support dispatch for ROS interfaces[0m
[6.853s] [  8%] [34m[1mGenerating C++ type support for eProsima Fast-RTPS[0m
[6.939s] [ 10%] [34m[1mGenerating C++ introspection for ROS interfaces[0m
[7.005s] [35m[1mScanning dependencies of target village_interfaces__rosidl_generator_c[0m
[7.172s] [ 12%] [32mBuilding C object CMakeFiles/village_interfaces__rosidl_generator_c.dir/rosidl_generator_c/village_interfaces/msg/detail/novel__functions.c.o[0m
[7.468s] [ 14%] [32mBuilding C object CMakeFiles/village_interfaces__rosidl_generator_c.dir/rosidl_generator_c/village_interfaces/srv/detail/borrow_money__functions.c.o[0m
[7.960s] [ 17%] [32mBuilding C object CMakeFiles/village_interfaces__rosidl_generator_c.dir/rosidl_generator_c/village_interfaces/srv/detail/sell_novel__functions.c.o[0m
[8.387s] [ 19%] [32m[1mLinking C shared library libvillage_interfaces__rosidl_generator_c.so[0m
[8.646s] [ 19%] Built target village_interfaces__rosidl_generator_c
[8.691s] [35m[1mScanning dependencies of target village_interfaces__rosidl_typesupport_cpp[0m
[8.760s] [ 21%] [34m[1mGenerating C introspection for ROS interfaces[0m
[8.804s] [ 23%] [32mBuilding CXX object CMakeFiles/village_interfaces__rosidl_typesupport_cpp.dir/rosidl_typesupport_cpp/village_interfaces/msg/novel__type_support.cpp.o[0m
[9.407s] [35m[1mScanning dependencies of target village_interfaces__rosidl_typesupport_introspection_cpp[0m
[9.527s] [ 25%] [32mBuilding CXX object CMakeFiles/village_interfaces__rosidl_typesupport_introspection_cpp.dir/rosidl_typesupport_introspection_cpp/village_interfaces/msg/detail/novel__type_support.cpp.o[0m
[10.213s] [35m[1mScanning dependencies of target village_interfaces__rosidl_typesupport_fastrtps_cpp[0m
[10.368s] [ 27%] [32mBuilding CXX object CMakeFiles/village_interfaces__rosidl_typesupport_fastrtps_cpp.dir/rosidl_typesupport_fastrtps_cpp/village_interfaces/msg/detail/dds_fastrtps/novel__type_support.cpp.o[0m
[10.565s] [ 29%] [32mBuilding CXX object CMakeFiles/village_interfaces__rosidl_typesupport_cpp.dir/rosidl_typesupport_cpp/village_interfaces/srv/borrow_money__type_support.cpp.o[0m
[11.792s] [ 31%] [32mBuilding CXX object CMakeFiles/village_interfaces__rosidl_typesupport_introspection_cpp.dir/rosidl_typesupport_introspection_cpp/village_interfaces/srv/detail/borrow_money__type_support.cpp.o[0m
[12.005s] [35m[1mScanning dependencies of target village_interfaces__rosidl_typesupport_introspection_c[0m
[12.183s] [ 34%] [32mBuilding C object CMakeFiles/village_interfaces__rosidl_typesupport_introspection_c.dir/rosidl_typesupport_introspection_c/village_interfaces/msg/detail/novel__type_support.c.o[0m
[12.329s] [ 36%] [32mBuilding CXX object CMakeFiles/village_interfaces__rosidl_typesupport_cpp.dir/rosidl_typesupport_cpp/village_interfaces/srv/sell_novel__type_support.cpp.o[0m
[12.370s] [ 38%] [32mBuilding C object CMakeFiles/village_interfaces__rosidl_typesupport_introspection_c.dir/rosidl_typesupport_introspection_c/village_interfaces/srv/detail/borrow_money__type_support.c.o[0m
[12.699s] [ 40%] [32mBuilding C object CMakeFiles/village_interfaces__rosidl_typesupport_introspection_c.dir/rosidl_typesupport_introspection_c/village_interfaces/srv/detail/sell_novel__type_support.c.o[0m
[13.036s] [ 42%] [32m[1mLinking C shared library libvillage_interfaces__rosidl_typesupport_introspection_c.so[0m
[13.324s] [ 44%] [32mBuilding CXX object CMakeFiles/village_interfaces__rosidl_typesupport_fastrtps_cpp.dir/rosidl_typesupport_fastrtps_cpp/village_interfaces/srv/detail/dds_fastrtps/borrow_money__type_support.cpp.o[0m
[13.346s] [ 44%] Built target village_interfaces__rosidl_typesupport_introspection_c
[13.487s] [ 46%] [34m[1mGenerating C type support dispatch for ROS interfaces[0m
[13.755s] [ 48%] [32mBuilding CXX object CMakeFiles/village_interfaces__rosidl_typesupport_introspection_cpp.dir/rosidl_typesupport_introspection_cpp/village_interfaces/srv/detail/sell_novel__type_support.cpp.o[0m
[14.308s] [ 51%] [32m[1mLinking CXX shared library libvillage_interfaces__rosidl_typesupport_cpp.so[0m
[14.646s] [ 51%] Built target village_interfaces__rosidl_typesupport_cpp
[14.739s] [ 53%] [32mBuilding CXX object CMakeFiles/village_interfaces__rosidl_typesupport_fastrtps_cpp.dir/rosidl_typesupport_fastrtps_cpp/village_interfaces/srv/detail/dds_fastrtps/sell_novel__type_support.cpp.o[0m
[15.552s] [35m[1mScanning dependencies of target village_interfaces__rosidl_typesupport_c[0m
[15.685s] [ 55%] [32mBuilding CXX object CMakeFiles/village_interfaces__rosidl_typesupport_c.dir/rosidl_typesupport_c/village_interfaces/msg/novel__type_support.cpp.o[0m
[15.948s] [ 57%] [32mBuilding CXX object CMakeFiles/village_interfaces__rosidl_typesupport_c.dir/rosidl_typesupport_c/village_interfaces/srv/borrow_money__type_support.cpp.o[0m
[16.099s] [ 59%] [32m[1mLinking CXX shared library libvillage_interfaces__rosidl_typesupport_introspection_cpp.so[0m
[16.236s] [ 61%] [32mBuilding CXX object CMakeFiles/village_interfaces__rosidl_typesupport_c.dir/rosidl_typesupport_c/village_interfaces/srv/sell_novel__type_support.cpp.o[0m
[16.466s] [ 63%] [32m[1mLinking CXX shared library libvillage_interfaces__rosidl_typesupport_c.so[0m
[16.502s] [ 63%] Built target village_interfaces__rosidl_typesupport_introspection_cpp
[16.709s] [ 63%] Built target village_interfaces__rosidl_typesupport_c
[17.196s] [ 65%] [32m[1mLinking CXX shared library libvillage_interfaces__rosidl_typesupport_fastrtps_cpp.so[0m
[17.577s] [ 65%] Built target village_interfaces__rosidl_typesupport_fastrtps_cpp
[17.617s] [ 68%] [34m[1mGenerating C type support for eProsima Fast-RTPS[0m
[18.984s] [35m[1mScanning dependencies of target village_interfaces__rosidl_typesupport_fastrtps_c[0m
[19.063s] [ 70%] [32mBuilding CXX object CMakeFiles/village_interfaces__rosidl_typesupport_fastrtps_c.dir/rosidl_typesupport_fastrtps_c/village_interfaces/msg/detail/novel__type_support_c.cpp.o[0m
[19.081s] [ 72%] [32mBuilding CXX object CMakeFiles/village_interfaces__rosidl_typesupport_fastrtps_c.dir/rosidl_typesupport_fastrtps_c/village_interfaces/srv/detail/sell_novel__type_support_c.cpp.o[0m
[19.099s] [ 74%] [32mBuilding CXX object CMakeFiles/village_interfaces__rosidl_typesupport_fastrtps_c.dir/rosidl_typesupport_fastrtps_c/village_interfaces/srv/detail/borrow_money__type_support_c.cpp.o[0m
[20.890s] [ 76%] [32m[1mLinking CXX shared library libvillage_interfaces__rosidl_typesupport_fastrtps_c.so[0m
[21.267s] [ 76%] Built target village_interfaces__rosidl_typesupport_fastrtps_c
[21.356s] [ 76%] Built target village_interfaces
[21.403s] [35m[1mScanning dependencies of target village_interfaces__py[0m
[21.456s] [ 78%] [34m[1mGenerating Python code for ROS interfaces[0m
[24.551s] [ 78%] Built target village_interfaces__py
[24.615s] [35m[1mScanning dependencies of target village_interfaces__python[0m
[24.736s] [ 80%] [32mBuilding C object CMakeFiles/village_interfaces__python.dir/rosidl_generator_py/village_interfaces/srv/_borrow_money_s.c.o[0m
[24.773s] [ 82%] [32mBuilding C object CMakeFiles/village_interfaces__python.dir/rosidl_generator_py/village_interfaces/msg/_novel_s.c.o[0m
[24.774s] [ 85%] [32mBuilding C object CMakeFiles/village_interfaces__python.dir/rosidl_generator_py/village_interfaces/srv/_sell_novel_s.c.o[0m
[25.472s] [ 87%] [32m[1mLinking C shared library rosidl_generator_py/village_interfaces/libvillage_interfaces__python.so[0m
[25.642s] [ 87%] Built target village_interfaces__python
[25.702s] [35m[1mScanning dependencies of target village_interfaces__rosidl_typesupport_introspection_c__pyext[0m
[25.727s] [35m[1mScanning dependencies of target village_interfaces__rosidl_typesupport_fastrtps_c__pyext[0m
[25.731s] [35m[1mScanning dependencies of target village_interfaces__rosidl_typesupport_c__pyext[0m
[25.830s] [ 89%] [32mBuilding C object CMakeFiles/village_interfaces__rosidl_typesupport_fastrtps_c__pyext.dir/rosidl_generator_py/village_interfaces/_village_interfaces_s.ep.rosidl_typesupport_fastrtps_c.c.o[0m
[25.831s] [ 91%] [32mBuilding C object CMakeFiles/village_interfaces__rosidl_typesupport_introspection_c__pyext.dir/rosidl_generator_py/village_interfaces/_village_interfaces_s.ep.rosidl_typesupport_introspection_c.c.o[0m
[25.873s] [ 93%] [32mBuilding C object CMakeFiles/village_interfaces__rosidl_typesupport_c__pyext.dir/rosidl_generator_py/village_interfaces/_village_interfaces_s.ep.rosidl_typesupport_c.c.o[0m
[26.277s] [ 95%] [32m[1mLinking CXX shared library rosidl_generator_py/village_interfaces/village_interfaces_s__rosidl_typesupport_fastrtps_c.cpython-38-x86_64-linux-gnu.so[0m
[26.307s] [ 97%] [32m[1mLinking C shared library rosidl_generator_py/village_interfaces/village_interfaces_s__rosidl_typesupport_introspection_c.cpython-38-x86_64-linux-gnu.so[0m
[26.471s] [100%] [32m[1mLinking C shared library rosidl_generator_py/village_interfaces/village_interfaces_s__rosidl_typesupport_c.cpython-38-x86_64-linux-gnu.so[0m
[26.541s] [100%] Built target village_interfaces__rosidl_typesupport_introspection_c__pyext
[26.693s] [100%] Built target village_interfaces__rosidl_typesupport_c__pyext
[26.703s] [100%] Built target village_interfaces__rosidl_typesupport_fastrtps_c__pyext
[26.772s] Invoked command in '/home/ros2/ros2_learn/turtle_ws/src/build/village_interfaces' returned '0': CMAKE_PREFIX_PATH=${CMAKE_PREFIX_PATH}:/home/ros2/ros2_learn/turtle_ws/src/install/village_wang:/home/ros2/ros2_learn/turtle_ws/src/install/village_li:/opt/ros/galactic /usr/bin/cmake --build /home/ros2/ros2_learn/turtle_ws/src/build/village_interfaces -- -j4 -l4
[27.149s] Invoking command in '/home/ros2/ros2_learn/turtle_ws/src/build/village_interfaces': CMAKE_PREFIX_PATH=${CMAKE_PREFIX_PATH}:/home/ros2/ros2_learn/turtle_ws/src/install/village_wang:/home/ros2/ros2_learn/turtle_ws/src/install/village_li:/opt/ros/galactic /usr/bin/cmake --install /home/ros2/ros2_learn/turtle_ws/src/build/village_interfaces
[27.183s] -- Install configuration: ""
[27.183s] -- Installing: /home/ros2/ros2_learn/turtle_ws/src/install/village_interfaces/share/ament_index/resource_index/rosidl_interfaces/village_interfaces
[27.185s] -- Up-to-date: /home/ros2/ros2_learn/turtle_ws/src/install/village_interfaces/include/village_interfaces
[27.186s] -- Up-to-date: /home/ros2/ros2_learn/turtle_ws/src/install/village_interfaces/include/village_interfaces/msg
[27.187s] -- Up-to-date: /home/ros2/ros2_learn/turtle_ws/src/install/village_interfaces/include/village_interfaces/msg/detail
[27.190s] -- Installing: /home/ros2/ros2_learn/turtle_ws/src/install/village_interfaces/include/village_interfaces/msg/detail/novel__functions.h
[27.191s] -- Installing: /home/ros2/ros2_learn/turtle_ws/src/install/village_interfaces/include/village_interfaces/msg/detail/novel__type_support.h
[27.193s] -- Installing: /home/ros2/ros2_learn/turtle_ws/src/install/village_interfaces/include/village_interfaces/msg/detail/novel__functions.c
[27.194s] -- Installing: /home/ros2/ros2_learn/turtle_ws/src/install/village_interfaces/include/village_interfaces/msg/detail/novel__struct.h
[27.199s] -- Installing: /home/ros2/ros2_learn/turtle_ws/src/install/village_interfaces/include/village_interfaces/msg/novel.h
[27.200s] -- Up-to-date: /home/ros2/ros2_learn/turtle_ws/src/install/village_interfaces/include/village_interfaces/msg/rosidl_generator_c__visibility_control.h
[27.201s] -- Up-to-date: /home/ros2/ros2_learn/turtle_ws/src/install/village_interfaces/include/village_interfaces/srv
[27.202s] -- Up-to-date: /home/ros2/ros2_learn/turtle_ws/src/install/village_interfaces/include/village_interfaces/srv/detail
[27.206s] -- Installing: /home/ros2/ros2_learn/turtle_ws/src/install/village_interfaces/include/village_interfaces/srv/detail/sell_novel__type_support.h
[27.207s] -- Installing: /home/ros2/ros2_learn/turtle_ws/src/install/village_interfaces/include/village_interfaces/srv/detail/borrow_money__type_support.h
[27.207s] -- Installing: /home/ros2/ros2_learn/turtle_ws/src/install/village_interfaces/include/village_interfaces/srv/detail/sell_novel__functions.h
[27.208s] -- Installing: /home/ros2/ros2_learn/turtle_ws/src/install/village_interfaces/include/village_interfaces/srv/detail/borrow_money__functions.c
[27.208s] -- Installing: /home/ros2/ros2_learn/turtle_ws/src/install/village_interfaces/include/village_interfaces/srv/detail/sell_novel__functions.c
[27.209s] -- Installing: /home/ros2/ros2_learn/turtle_ws/src/install/village_interfaces/include/village_interfaces/srv/detail/sell_novel__struct.h
[27.209s] -- Installing: /home/ros2/ros2_learn/turtle_ws/src/install/village_interfaces/include/village_interfaces/srv/detail/borrow_money__struct.h
[27.209s] -- Installing: /home/ros2/ros2_learn/turtle_ws/src/install/village_interfaces/include/village_interfaces/srv/detail/borrow_money__functions.h
[27.209s] -- Installing: /home/ros2/ros2_learn/turtle_ws/src/install/village_interfaces/include/village_interfaces/srv/borrow_money.h
[27.209s] -- Installing: /home/ros2/ros2_learn/turtle_ws/src/install/village_interfaces/include/village_interfaces/srv/sell_novel.h
[27.210s] -- Up-to-date: /home/ros2/ros2_learn/turtle_ws/src/install/village_interfaces/share/village_interfaces/environment/library_path.sh
[27.210s] -- Installing: /home/ros2/ros2_learn/turtle_ws/src/install/village_interfaces/share/village_interfaces/environment/library_path.dsv
[27.210s] -- Installing: /home/ros2/ros2_learn/turtle_ws/src/install/village_interfaces/lib/libvillage_interfaces__rosidl_generator_c.so
[27.210s] -- Set runtime path of "/home/ros2/ros2_learn/turtle_ws/src/install/village_interfaces/lib/libvillage_interfaces__rosidl_generator_c.so" to ""
[27.210s] -- Up-to-date: /home/ros2/ros2_learn/turtle_ws/src/install/village_interfaces/include/village_interfaces
[27.210s] -- Up-to-date: /home/ros2/ros2_learn/turtle_ws/src/install/village_interfaces/include/village_interfaces/msg
[27.211s] -- Up-to-date: /home/ros2/ros2_learn/turtle_ws/src/install/village_interfaces/include/village_interfaces/msg/rosidl_typesupport_fastrtps_c__visibility_control.h
[27.211s] -- Up-to-date: /home/ros2/ros2_learn/turtle_ws/src/install/village_interfaces/include/village_interfaces/msg/detail
[27.217s] -- Installing: /home/ros2/ros2_learn/turtle_ws/src/install/village_interfaces/include/village_interfaces/msg/detail/novel__rosidl_typesupport_fastrtps_c.h
[27.218s] -- Up-to-date: /home/ros2/ros2_learn/turtle_ws/src/install/village_interfaces/include/village_interfaces/srv
[27.219s] -- Up-to-date: /home/ros2/ros2_learn/turtle_ws/src/install/village_interfaces/include/village_interfaces/srv/detail
[27.219s] -- Installing: /home/ros2/ros2_learn/turtle_ws/src/install/village_interfaces/include/village_interfaces/srv/detail/sell_novel__rosidl_typesupport_fastrtps_c.h
[27.219s] -- Installing: /home/ros2/ros2_learn/turtle_ws/src/install/village_interfaces/include/village_interfaces/srv/detail/borrow_money__rosidl_typesupport_fastrtps_c.h
[27.220s] -- Installing: /home/ros2/ros2_learn/turtle_ws/src/install/village_interfaces/lib/libvillage_interfaces__rosidl_typesupport_fastrtps_c.so
[27.221s] -- Set runtime path of "/home/ros2/ros2_learn/turtle_ws/src/install/village_interfaces/lib/libvillage_interfaces__rosidl_typesupport_fastrtps_c.so" to ""
[27.222s] -- Up-to-date: /home/ros2/ros2_learn/turtle_ws/src/install/village_interfaces/include/village_interfaces
[27.224s] -- Up-to-date: /home/ros2/ros2_learn/turtle_ws/src/install/village_interfaces/include/village_interfaces/msg
[27.225s] -- Up-to-date: /home/ros2/ros2_learn/turtle_ws/src/install/village_interfaces/include/village_interfaces/msg/detail
[27.225s] -- Up-to-date: /home/ros2/ros2_learn/turtle_ws/src/install/village_interfaces/include/village_interfaces/msg/detail/dds_fastrtps
[27.225s] -- Installing: /home/ros2/ros2_learn/turtle_ws/src/install/village_interfaces/include/village_interfaces/msg/detail/novel__rosidl_typesupport_fastrtps_cpp.hpp
[27.226s] -- Up-to-date: /home/ros2/ros2_learn/turtle_ws/src/install/village_interfaces/include/village_interfaces/msg/rosidl_typesupport_fastrtps_cpp__visibility_control.h
[27.226s] -- Up-to-date: /home/ros2/ros2_learn/turtle_ws/src/install/village_interfaces/include/village_interfaces/srv
[27.226s] -- Up-to-date: /home/ros2/ros2_learn/turtle_ws/src/install/village_interfaces/include/village_interfaces/srv/detail
[27.226s] -- Installing: /home/ros2/ros2_learn/turtle_ws/src/install/village_interfaces/include/village_interfaces/srv/detail/sell_novel__rosidl_typesupport_fastrtps_cpp.hpp
[27.227s] -- Installing: /home/ros2/ros2_learn/turtle_ws/src/install/village_interfaces/include/village_interfaces/srv/detail/borrow_money__rosidl_typesupport_fastrtps_cpp.hpp
[27.227s] -- Up-to-date: /home/ros2/ros2_learn/turtle_ws/src/install/village_interfaces/include/village_interfaces/srv/detail/dds_fastrtps
[27.228s] -- Installing: /home/ros2/ros2_learn/turtle_ws/src/install/village_interfaces/lib/libvillage_interfaces__rosidl_typesupport_fastrtps_cpp.so
[27.228s] -- Set runtime path of "/home/ros2/ros2_learn/turtle_ws/src/install/village_interfaces/lib/libvillage_interfaces__rosidl_typesupport_fastrtps_cpp.so" to ""
[27.228s] -- Up-to-date: /home/ros2/ros2_learn/turtle_ws/src/install/village_interfaces/include/village_interfaces
[27.229s] -- Up-to-date: /home/ros2/ros2_learn/turtle_ws/src/install/village_interfaces/include/village_interfaces/msg
[27.229s] -- Up-to-date: /home/ros2/ros2_learn/turtle_ws/src/install/village_interfaces/include/village_interfaces/msg/rosidl_typesupport_introspection_c__visibility_control.h
[27.229s] -- Up-to-date: /home/ros2/ros2_learn/turtle_ws/src/install/village_interfaces/include/village_interfaces/msg/detail
[27.229s] -- Installing: /home/ros2/ros2_learn/turtle_ws/src/install/village_interfaces/include/village_interfaces/msg/detail/novel__rosidl_typesupport_introspection_c.h
[27.230s] -- Installing: /home/ros2/ros2_learn/turtle_ws/src/install/village_interfaces/include/village_interfaces/msg/detail/novel__type_support.c
[27.230s] -- Up-to-date: /home/ros2/ros2_learn/turtle_ws/src/install/village_interfaces/include/village_interfaces/srv
[27.230s] -- Up-to-date: /home/ros2/ros2_learn/turtle_ws/src/install/village_interfaces/include/village_interfaces/srv/detail
[27.230s] -- Installing: /home/ros2/ros2_learn/turtle_ws/src/install/village_interfaces/include/village_interfaces/srv/detail/borrow_money__rosidl_typesupport_introspection_c.h
[27.230s] -- Installing: /home/ros2/ros2_learn/turtle_ws/src/install/village_interfaces/include/village_interfaces/srv/detail/borrow_money__type_support.c
[27.230s] -- Installing: /home/ros2/ros2_learn/turtle_ws/src/install/village_interfaces/include/village_interfaces/srv/detail/sell_novel__rosidl_typesupport_introspection_c.h
[27.231s] -- Installing: /home/ros2/ros2_learn/turtle_ws/src/install/village_interfaces/include/village_interfaces/srv/detail/sell_novel__type_support.c
[27.231s] -- Installing: /home/ros2/ros2_learn/turtle_ws/src/install/village_interfaces/lib/libvillage_interfaces__rosidl_typesupport_introspection_c.so
[27.241s] -- Set runtime path of "/home/ros2/ros2_learn/turtle_ws/src/install/village_interfaces/lib/libvillage_interfaces__rosidl_typesupport_introspection_c.so" to ""
[27.241s] -- Installing: /home/ros2/ros2_learn/turtle_ws/src/install/village_interfaces/lib/libvillage_interfaces__rosidl_typesupport_c.so
[27.242s] -- Set runtime path of "/home/ros2/ros2_learn/turtle_ws/src/install/village_interfaces/lib/libvillage_interfaces__rosidl_typesupport_c.so" to ""
[27.242s] -- Up-to-date: /home/ros2/ros2_learn/turtle_ws/src/install/village_interfaces/include/village_interfaces
[27.242s] -- Up-to-date: /home/ros2/ros2_learn/turtle_ws/src/install/village_interfaces/include/village_interfaces/msg
[27.242s] -- Up-to-date: /home/ros2/ros2_learn/turtle_ws/src/install/village_interfaces/include/village_interfaces/msg/detail
[27.243s] -- Installing: /home/ros2/ros2_learn/turtle_ws/src/install/village_interfaces/include/village_interfaces/msg/detail/novel__builder.hpp
[27.243s] -- Installing: /home/ros2/ros2_learn/turtle_ws/src/install/village_interfaces/include/village_interfaces/msg/detail/novel__traits.hpp
[27.243s] -- Installing: /home/ros2/ros2_learn/turtle_ws/src/install/village_interfaces/include/village_interfaces/msg/detail/novel__struct.hpp
[27.244s] -- Installing: /home/ros2/ros2_learn/turtle_ws/src/install/village_interfaces/include/village_interfaces/msg/novel.hpp
[27.244s] -- Up-to-date: /home/ros2/ros2_learn/turtle_ws/src/install/village_interfaces/include/village_interfaces/srv
[27.244s] -- Installing: /home/ros2/ros2_learn/turtle_ws/src/install/village_interfaces/include/village_interfaces/srv/sell_novel.hpp
[27.245s] -- Up-to-date: /home/ros2/ros2_learn/turtle_ws/src/install/village_interfaces/include/village_interfaces/srv/detail
[27.245s] -- Installing: /home/ros2/ros2_learn/turtle_ws/src/install/village_interfaces/include/village_interfaces/srv/detail/sell_novel__builder.hpp
[27.246s] -- Installing: /home/ros2/ros2_learn/turtle_ws/src/install/village_interfaces/include/village_interfaces/srv/detail/sell_novel__struct.hpp
[27.246s] -- Installing: /home/ros2/ros2_learn/turtle_ws/src/install/village_interfaces/include/village_interfaces/srv/detail/borrow_money__struct.hpp
[27.246s] -- Installing: /home/ros2/ros2_learn/turtle_ws/src/install/village_interfaces/include/village_interfaces/srv/detail/sell_novel__traits.hpp
[27.246s] -- Installing: /home/ros2/ros2_learn/turtle_ws/src/install/village_interfaces/include/village_interfaces/srv/detail/borrow_money__traits.hpp
[27.246s] -- Installing: /home/ros2/ros2_learn/turtle_ws/src/install/village_interfaces/include/village_interfaces/srv/detail/borrow_money__builder.hpp
[27.246s] -- Installing: /home/ros2/ros2_learn/turtle_ws/src/install/village_interfaces/include/village_interfaces/srv/borrow_money.hpp
[27.247s] -- Up-to-date: /home/ros2/ros2_learn/turtle_ws/src/install/village_interfaces/include/village_interfaces
[27.247s] -- Up-to-date: /home/ros2/ros2_learn/turtle_ws/src/install/village_interfaces/include/village_interfaces/msg
[27.247s] -- Up-to-date: /home/ros2/ros2_learn/turtle_ws/src/install/village_interfaces/include/village_interfaces/msg/detail
[27.247s] -- Installing: /home/ros2/ros2_learn/turtle_ws/src/install/village_interfaces/include/village_interfaces/msg/detail/novel__type_support.cpp
[27.247s] -- Installing: /home/ros2/ros2_learn/turtle_ws/src/install/village_interfaces/include/village_interfaces/msg/detail/novel__rosidl_typesupport_introspection_cpp.hpp
[27.247s] -- Up-to-date: /home/ros2/ros2_learn/turtle_ws/src/install/village_interfaces/include/village_interfaces/srv
[27.248s] -- Up-to-date: /home/ros2/ros2_learn/turtle_ws/src/install/village_interfaces/include/village_interfaces/srv/detail
[27.248s] -- Installing: /home/ros2/ros2_learn/turtle_ws/src/install/village_interfaces/include/village_interfaces/srv/detail/sell_novel__rosidl_typesupport_introspection_cpp.hpp
[27.248s] -- Installing: /home/ros2/ros2_learn/turtle_ws/src/install/village_interfaces/include/village_interfaces/srv/detail/sell_novel__type_support.cpp
[27.248s] -- Installing: /home/ros2/ros2_learn/turtle_ws/src/install/village_interfaces/include/village_interfaces/srv/detail/borrow_money__rosidl_typesupport_introspection_cpp.hpp
[27.248s] -- Installing: /home/ros2/ros2_learn/turtle_ws/src/install/village_interfaces/include/village_interfaces/srv/detail/borrow_money__type_support.cpp
[27.248s] -- Installing: /home/ros2/ros2_learn/turtle_ws/src/install/village_interfaces/lib/libvillage_interfaces__rosidl_typesupport_introspection_cpp.so
[27.249s] -- Set runtime path of "/home/ros2/ros2_learn/turtle_ws/src/install/village_interfaces/lib/libvillage_interfaces__rosidl_typesupport_introspection_cpp.so" to ""
[27.249s] -- Installing: /home/ros2/ros2_learn/turtle_ws/src/install/village_interfaces/lib/libvillage_interfaces__rosidl_typesupport_cpp.so
[27.249s] -- Set runtime path of "/home/ros2/ros2_learn/turtle_ws/src/install/village_interfaces/lib/libvillage_interfaces__rosidl_typesupport_cpp.so" to ""
[27.249s] -- Up-to-date: /home/ros2/ros2_learn/turtle_ws/src/install/village_interfaces/share/village_interfaces/environment/pythonpath.sh
[27.249s] -- Installing: /home/ros2/ros2_learn/turtle_ws/src/install/village_interfaces/share/village_interfaces/environment/pythonpath.dsv
[27.249s] -- Installing: /home/ros2/ros2_learn/turtle_ws/src/install/village_interfaces/lib/python3.8/site-packages/village_interfaces/__init__.py
[27.361s] Compiling '/home/ros2/ros2_learn/turtle_ws/src/install/village_interfaces/lib/python3.8/site-packages/village_interfaces/__init__.py'...
[27.375s] -- Up-to-date: /home/ros2/ros2_learn/turtle_ws/src/install/village_interfaces/lib/python3.8/site-packages/village_interfaces/msg
[27.376s] -- Installing: /home/ros2/ros2_learn/turtle_ws/src/install/village_interfaces/lib/python3.8/site-packages/village_interfaces/msg/__init__.py
[27.376s] -- Installing: /home/ros2/ros2_learn/turtle_ws/src/install/village_interfaces/lib/python3.8/site-packages/village_interfaces/msg/_novel.py
[27.376s] -- Installing: /home/ros2/ros2_learn/turtle_ws/src/install/village_interfaces/lib/python3.8/site-packages/village_interfaces/msg/_novel_s.c
[27.377s] -- Up-to-date: /home/ros2/ros2_learn/turtle_ws/src/install/village_interfaces/lib/python3.8/site-packages/village_interfaces/srv
[27.378s] -- Installing: /home/ros2/ros2_learn/turtle_ws/src/install/village_interfaces/lib/python3.8/site-packages/village_interfaces/srv/_sell_novel.py
[27.378s] -- Installing: /home/ros2/ros2_learn/turtle_ws/src/install/village_interfaces/lib/python3.8/site-packages/village_interfaces/srv/__init__.py
[27.379s] -- Installing: /home/ros2/ros2_learn/turtle_ws/src/install/village_interfaces/lib/python3.8/site-packages/village_interfaces/srv/_borrow_money.py
[27.379s] -- Installing: /home/ros2/ros2_learn/turtle_ws/src/install/village_interfaces/lib/python3.8/site-packages/village_interfaces/srv/_borrow_money_s.c
[27.380s] -- Installing: /home/ros2/ros2_learn/turtle_ws/src/install/village_interfaces/lib/python3.8/site-packages/village_interfaces/srv/_sell_novel_s.c
[27.380s] -- Installing: /home/ros2/ros2_learn/turtle_ws/src/install/village_interfaces/lib/python3.8/site-packages/village_interfaces/village_interfaces_s__rosidl_typesupport_fastrtps_c.cpython-38-x86_64-linux-gnu.so
[27.381s] -- Set runtime path of "/home/ros2/ros2_learn/turtle_ws/src/install/village_interfaces/lib/python3.8/site-packages/village_interfaces/village_interfaces_s__rosidl_typesupport_fastrtps_c.cpython-38-x86_64-linux-gnu.so" to ""
[27.382s] -- Installing: /home/ros2/ros2_learn/turtle_ws/src/install/village_interfaces/lib/python3.8/site-packages/village_interfaces/village_interfaces_s__rosidl_typesupport_introspection_c.cpython-38-x86_64-linux-gnu.so
[27.384s] -- Set runtime path of "/home/ros2/ros2_learn/turtle_ws/src/install/village_interfaces/lib/python3.8/site-packages/village_interfaces/village_interfaces_s__rosidl_typesupport_introspection_c.cpython-38-x86_64-linux-gnu.so" to ""
[27.385s] -- Installing: /home/ros2/ros2_learn/turtle_ws/src/install/village_interfaces/lib/python3.8/site-packages/village_interfaces/village_interfaces_s__rosidl_typesupport_c.cpython-38-x86_64-linux-gnu.so
[27.386s] -- Set runtime path of "/home/ros2/ros2_learn/turtle_ws/src/install/village_interfaces/lib/python3.8/site-packages/village_interfaces/village_interfaces_s__rosidl_typesupport_c.cpython-38-x86_64-linux-gnu.so" to ""
[27.387s] -- Installing: /home/ros2/ros2_learn/turtle_ws/src/install/village_interfaces/lib/libvillage_interfaces__python.so
[27.388s] -- Set runtime path of "/home/ros2/ros2_learn/turtle_ws/src/install/village_interfaces/lib/libvillage_interfaces__python.so" to ""
[27.388s] -- Up-to-date: /home/ros2/ros2_learn/turtle_ws/src/install/village_interfaces/share/village_interfaces/msg/Novel.idl
[27.389s] -- Up-to-date: /home/ros2/ros2_learn/turtle_ws/src/install/village_interfaces/share/village_interfaces/srv/BorrowMoney.idl
[27.389s] -- Installing: /home/ros2/ros2_learn/turtle_ws/src/install/village_interfaces/share/village_interfaces/srv/SellNovel.idl
[27.390s] -- Up-to-date: /home/ros2/ros2_learn/turtle_ws/src/install/village_interfaces/share/village_interfaces/msg/Novel.msg
[27.390s] -- Up-to-date: /home/ros2/ros2_learn/turtle_ws/src/install/village_interfaces/share/village_interfaces/srv/BorrowMoney.srv
[27.391s] -- Up-to-date: /home/ros2/ros2_learn/turtle_ws/src/install/village_interfaces/share/village_interfaces/srv/BorrowMoney_Request.msg
[27.392s] -- Up-to-date: /home/ros2/ros2_learn/turtle_ws/src/install/village_interfaces/share/village_interfaces/srv/BorrowMoney_Response.msg
[27.393s] -- Installing: /home/ros2/ros2_learn/turtle_ws/src/install/village_interfaces/share/village_interfaces/srv/SellNovel.srv
[27.393s] -- Installing: /home/ros2/ros2_learn/turtle_ws/src/install/village_interfaces/share/village_interfaces/srv/SellNovel_Request.msg
[27.399s] -- Installing: /home/ros2/ros2_learn/turtle_ws/src/install/village_interfaces/share/village_interfaces/srv/SellNovel_Response.msg
[27.399s] -- Up-to-date: /home/ros2/ros2_learn/turtle_ws/src/install/village_interfaces/share/ament_index/resource_index/package_run_dependencies/village_interfaces
[27.400s] -- Up-to-date: /home/ros2/ros2_learn/turtle_ws/src/install/village_interfaces/share/ament_index/resource_index/parent_prefix_path/village_interfaces
[27.400s] -- Up-to-date: /home/ros2/ros2_learn/turtle_ws/src/install/village_interfaces/share/village_interfaces/environment/ament_prefix_path.sh
[27.401s] -- Installing: /home/ros2/ros2_learn/turtle_ws/src/install/village_interfaces/share/village_interfaces/environment/ament_prefix_path.dsv
[27.403s] -- Up-to-date: /home/ros2/ros2_learn/turtle_ws/src/install/village_interfaces/share/village_interfaces/environment/path.sh
[27.403s] -- Installing: /home/ros2/ros2_learn/turtle_ws/src/install/village_interfaces/share/village_interfaces/environment/path.dsv
[27.403s] -- Up-to-date: /home/ros2/ros2_learn/turtle_ws/src/install/village_interfaces/share/village_interfaces/local_setup.bash
[27.404s] -- Up-to-date: /home/ros2/ros2_learn/turtle_ws/src/install/village_interfaces/share/village_interfaces/local_setup.sh
[27.404s] -- Up-to-date: /home/ros2/ros2_learn/turtle_ws/src/install/village_interfaces/share/village_interfaces/local_setup.zsh
[27.404s] -- Installing: /home/ros2/ros2_learn/turtle_ws/src/install/village_interfaces/share/village_interfaces/local_setup.dsv
[27.404s] -- Installing: /home/ros2/ros2_learn/turtle_ws/src/install/village_interfaces/share/village_interfaces/package.dsv
[27.405s] -- Up-to-date: /home/ros2/ros2_learn/turtle_ws/src/install/village_interfaces/share/ament_index/resource_index/packages/village_interfaces
[27.405s] -- Up-to-date: /home/ros2/ros2_learn/turtle_ws/src/install/village_interfaces/share/village_interfaces/cmake/village_interfaces__rosidl_generator_cExport.cmake
[27.405s] -- Installing: /home/ros2/ros2_learn/turtle_ws/src/install/village_interfaces/share/village_interfaces/cmake/village_interfaces__rosidl_generator_cExport-noconfig.cmake
[27.405s] -- Up-to-date: /home/ros2/ros2_learn/turtle_ws/src/install/village_interfaces/share/village_interfaces/cmake/village_interfaces__rosidl_typesupport_introspection_cExport.cmake
[27.406s] -- Installing: /home/ros2/ros2_learn/turtle_ws/src/install/village_interfaces/share/village_interfaces/cmake/village_interfaces__rosidl_typesupport_introspection_cExport-noconfig.cmake
[27.406s] -- Up-to-date: /home/ros2/ros2_learn/turtle_ws/src/install/village_interfaces/share/village_interfaces/cmake/village_interfaces__rosidl_typesupport_cExport.cmake
[27.406s] -- Installing: /home/ros2/ros2_learn/turtle_ws/src/install/village_interfaces/share/village_interfaces/cmake/village_interfaces__rosidl_typesupport_cExport-noconfig.cmake
[27.407s] -- Up-to-date: /home/ros2/ros2_learn/turtle_ws/src/install/village_interfaces/share/village_interfaces/cmake/village_interfaces__rosidl_generator_cppExport.cmake
[27.407s] -- Up-to-date: /home/ros2/ros2_learn/turtle_ws/src/install/village_interfaces/share/village_interfaces/cmake/village_interfaces__rosidl_typesupport_introspection_cppExport.cmake
[27.407s] -- Installing: /home/ros2/ros2_learn/turtle_ws/src/install/village_interfaces/share/village_interfaces/cmake/village_interfaces__rosidl_typesupport_introspection_cppExport-noconfig.cmake
[27.408s] -- Up-to-date: /home/ros2/ros2_learn/turtle_ws/src/install/village_interfaces/share/village_interfaces/cmake/village_interfaces__rosidl_typesupport_cppExport.cmake
[27.408s] -- Installing: /home/ros2/ros2_learn/turtle_ws/src/install/village_interfaces/share/village_interfaces/cmake/village_interfaces__rosidl_typesupport_cppExport-noconfig.cmake
[27.408s] -- Installing: /home/ros2/ros2_learn/turtle_ws/src/install/village_interfaces/share/village_interfaces/cmake/rosidl_cmake-extras.cmake
[27.409s] -- Up-to-date: /home/ros2/ros2_learn/turtle_ws/src/install/village_interfaces/share/village_interfaces/cmake/ament_cmake_export_dependencies-extras.cmake
[27.409s] -- Up-to-date: /home/ros2/ros2_learn/turtle_ws/src/install/village_interfaces/share/village_interfaces/cmake/ament_cmake_export_libraries-extras.cmake
[27.409s] -- Up-to-date: /home/ros2/ros2_learn/turtle_ws/src/install/village_interfaces/share/village_interfaces/cmake/ament_cmake_export_targets-extras.cmake
[27.409s] -- Up-to-date: /home/ros2/ros2_learn/turtle_ws/src/install/village_interfaces/share/village_interfaces/cmake/ament_cmake_export_include_directories-extras.cmake
[27.410s] -- Up-to-date: /home/ros2/ros2_learn/turtle_ws/src/install/village_interfaces/share/village_interfaces/cmake/rosidl_cmake_export_typesupport_libraries-extras.cmake
[27.410s] -- Up-to-date: /home/ros2/ros2_learn/turtle_ws/src/install/village_interfaces/share/village_interfaces/cmake/rosidl_cmake_export_typesupport_targets-extras.cmake
[27.410s] -- Up-to-date: /home/ros2/ros2_learn/turtle_ws/src/install/village_interfaces/share/village_interfaces/cmake/village_interfacesConfig.cmake
[27.411s] -- Up-to-date: /home/ros2/ros2_learn/turtle_ws/src/install/village_interfaces/share/village_interfaces/cmake/village_interfacesConfig-version.cmake
[27.411s] -- Up-to-date: /home/ros2/ros2_learn/turtle_ws/src/install/village_interfaces/share/village_interfaces/package.xml
[27.420s] Invoked command in '/home/ros2/ros2_learn/turtle_ws/src/build/village_interfaces' returned '0': CMAKE_PREFIX_PATH=${CMAKE_PREFIX_PATH}:/home/ros2/ros2_learn/turtle_ws/src/install/village_wang:/home/ros2/ros2_learn/turtle_ws/src/install/village_li:/opt/ros/galactic /usr/bin/cmake --install /home/ros2/ros2_learn/turtle_ws/src/build/village_interfaces
