[0.595s] DEBUG:colcon:Command line arguments: ['/usr/bin/colcon', 'build', '--packages-select', 'village_wang']
[0.595s] DEBUG:colcon:Parsed command line arguments: Namespace(allow_overriding=[], ament_cmake_args=None, base_paths=['.'], build_base='build', catkin_cmake_args=None, catkin_skip_building_tests=False, cmake_args=None, cmake_clean_cache=False, cmake_clean_first=False, cmake_force_configure=False, cmake_target=None, cmake_target_skip_unavailable=False, continue_on_error=False, event_handlers=None, executor='parallel', ignore_user_meta=False, install_base='install', log_base=None, log_level=None, main=<bound method BuildVerb.main of <colcon_core.verb.build.BuildVerb object at 0x7f9cf32c27c0>>, merge_install=False, metas=['./colcon.meta'], packages_above=None, packages_above_and_dependencies=None, packages_above_depth=None, packages_end=None, packages_ignore=None, packages_ignore_regex=None, packages_select=['village_wang'], packages_select_build_failed=False, packages_select_by_dep=None, packages_select_regex=None, packages_select_test_failures=False, packages_skip=None, packages_skip_build_finished=False, packages_skip_by_dep=None, packages_skip_regex=None, packages_skip_test_passed=False, packages_skip_up_to=None, packages_start=None, packages_up_to=None, packages_up_to_regex=None, parallel_workers=4, paths=None, symlink_install=False, test_result_base=None, verb_extension=<colcon_core.verb.build.BuildVerb object at 0x7f9cf32c27c0>, verb_name='build', verb_parser=<colcon_defaults.argument_parser.defaults.DefaultArgumentsDecorator object at 0x7f9cf32cc4c0>)
[0.644s] Level 1:colcon.colcon_core.package_discovery:discover_packages(colcon_meta) check parameters
[0.644s] Level 1:colcon.colcon_core.package_discovery:discover_packages(recursive) check parameters
[0.644s] Level 1:colcon.colcon_core.package_discovery:discover_packages(ignore) check parameters
[0.644s] Level 1:colcon.colcon_core.package_discovery:discover_packages(path) check parameters
[0.644s] Level 1:colcon.colcon_core.package_discovery:discover_packages(colcon_meta) discover
[0.644s] Level 1:colcon.colcon_core.package_discovery:discover_packages(recursive) discover
[0.644s] INFO:colcon.colcon_core.package_discovery:Crawling recursively for packages in '/home/ros2/ros2_learn/turtle_ws/src'
[0.645s] Level 1:colcon.colcon_core.package_identification:_identify(.) by extensions ['ignore', 'ignore_ament_install']
[0.645s] Level 1:colcon.colcon_core.package_identification:_identify(.) by extension 'ignore'
[0.645s] Level 1:colcon.colcon_core.package_identification:_identify(.) by extension 'ignore_ament_install'
[0.645s] Level 1:colcon.colcon_core.package_identification:_identify(.) by extensions ['colcon_pkg']
[0.645s] Level 1:colcon.colcon_core.package_identification:_identify(.) by extension 'colcon_pkg'
[0.645s] Level 1:colcon.colcon_core.package_identification:_identify(.) by extensions ['colcon_meta']
[0.645s] Level 1:colcon.colcon_core.package_identification:_identify(.) by extension 'colcon_meta'
[0.645s] Level 1:colcon.colcon_core.package_identification:_identify(.) by extensions ['ros']
[0.645s] Level 1:colcon.colcon_core.package_identification:_identify(.) by extension 'ros'
[0.686s] Level 1:colcon.colcon_core.package_identification:_identify(.) by extensions ['cmake', 'python']
[0.686s] Level 1:colcon.colcon_core.package_identification:_identify(.) by extension 'cmake'
[0.686s] Level 1:colcon.colcon_core.package_identification:_identify(.) by extension 'python'
[0.686s] Level 1:colcon.colcon_core.package_identification:_identify(.) by extensions ['python_setup_py']
[0.686s] Level 1:colcon.colcon_core.package_identification:_identify(.) by extension 'python_setup_py'
[0.687s] Level 1:colcon.colcon_core.package_identification:_identify(build) by extensions ['ignore', 'ignore_ament_install']
[0.687s] Level 1:colcon.colcon_core.package_identification:_identify(build) by extension 'ignore'
[0.688s] Level 1:colcon.colcon_core.package_identification:_identify(build) ignored
[0.688s] Level 1:colcon.colcon_core.package_identification:_identify(install) by extensions ['ignore', 'ignore_ament_install']
[0.689s] Level 1:colcon.colcon_core.package_identification:_identify(install) by extension 'ignore'
[0.689s] Level 1:colcon.colcon_core.package_identification:_identify(install) ignored
[0.689s] Level 1:colcon.colcon_core.package_identification:_identify(log) by extensions ['ignore', 'ignore_ament_install']
[0.690s] Level 1:colcon.colcon_core.package_identification:_identify(log) by extension 'ignore'
[0.690s] Level 1:colcon.colcon_core.package_identification:_identify(log) ignored
[0.691s] Level 1:colcon.colcon_core.package_identification:_identify(village_li) by extensions ['ignore', 'ignore_ament_install']
[0.691s] Level 1:colcon.colcon_core.package_identification:_identify(village_li) by extension 'ignore'
[0.691s] Level 1:colcon.colcon_core.package_identification:_identify(village_li) by extension 'ignore_ament_install'
[0.691s] Level 1:colcon.colcon_core.package_identification:_identify(village_li) by extensions ['colcon_pkg']
[0.691s] Level 1:colcon.colcon_core.package_identification:_identify(village_li) by extension 'colcon_pkg'
[0.691s] Level 1:colcon.colcon_core.package_identification:_identify(village_li) by extensions ['colcon_meta']
[0.691s] Level 1:colcon.colcon_core.package_identification:_identify(village_li) by extension 'colcon_meta'
[0.691s] Level 1:colcon.colcon_core.package_identification:_identify(village_li) by extensions ['ros']
[0.691s] Level 1:colcon.colcon_core.package_identification:_identify(village_li) by extension 'ros'
[0.697s] DEBUG:colcon.colcon_core.package_identification:Package 'village_li' with type 'ros.ament_python' and name 'village_li'
[0.698s] Level 1:colcon.colcon_core.package_identification:_identify(village_wang) by extensions ['ignore', 'ignore_ament_install']
[0.698s] Level 1:colcon.colcon_core.package_identification:_identify(village_wang) by extension 'ignore'
[0.698s] Level 1:colcon.colcon_core.package_identification:_identify(village_wang) by extension 'ignore_ament_install'
[0.699s] Level 1:colcon.colcon_core.package_identification:_identify(village_wang) by extensions ['colcon_pkg']
[0.699s] Level 1:colcon.colcon_core.package_identification:_identify(village_wang) by extension 'colcon_pkg'
[0.699s] Level 1:colcon.colcon_core.package_identification:_identify(village_wang) by extensions ['colcon_meta']
[0.699s] Level 1:colcon.colcon_core.package_identification:_identify(village_wang) by extension 'colcon_meta'
[0.699s] Level 1:colcon.colcon_core.package_identification:_identify(village_wang) by extensions ['ros']
[0.699s] Level 1:colcon.colcon_core.package_identification:_identify(village_wang) by extension 'ros'
[0.701s] DEBUG:colcon.colcon_core.package_identification:Package 'village_wang' with type 'ros.ament_python' and name 'village_wang'
[0.701s] Level 1:colcon.colcon_core.package_discovery:discover_packages(recursive) using defaults
[0.702s] Level 1:colcon.colcon_core.package_discovery:discover_packages(ignore) discover
[0.702s] Level 1:colcon.colcon_core.package_discovery:discover_packages(ignore) using defaults
[0.702s] Level 1:colcon.colcon_core.package_discovery:discover_packages(path) discover
[0.702s] Level 1:colcon.colcon_core.package_discovery:discover_packages(path) using defaults
[0.736s] INFO:colcon.colcon_core.package_selection:Skipping not selected package 'village_li' in 'village_li'
[0.737s] Level 1:colcon.colcon_core.package_discovery:discover_packages(prefix_path) check parameters
[0.737s] Level 1:colcon.colcon_core.package_discovery:discover_packages(prefix_path) discover
[0.741s] DEBUG:colcon.colcon_installed_package_information.package_discovery:Found 2 installed packages in /home/ros2/ros2_learn/turtle_ws/src/install
[0.743s] DEBUG:colcon.colcon_installed_package_information.package_discovery:Found 268 installed packages in /opt/ros/galactic
[0.746s] Level 1:colcon.colcon_core.package_discovery:discover_packages(prefix_path) using defaults
[0.894s] Level 5:colcon.colcon_core.verb:set package 'village_wang' build argument 'cmake_args' from command line to 'None'
[0.894s] Level 5:colcon.colcon_core.verb:set package 'village_wang' build argument 'cmake_target' from command line to 'None'
[0.895s] Level 5:colcon.colcon_core.verb:set package 'village_wang' build argument 'cmake_target_skip_unavailable' from command line to 'False'
[0.895s] Level 5:colcon.colcon_core.verb:set package 'village_wang' build argument 'cmake_clean_cache' from command line to 'False'
[0.895s] Level 5:colcon.colcon_core.verb:set package 'village_wang' build argument 'cmake_clean_first' from command line to 'False'
[0.895s] Level 5:colcon.colcon_core.verb:set package 'village_wang' build argument 'cmake_force_configure' from command line to 'False'
[0.895s] Level 5:colcon.colcon_core.verb:set package 'village_wang' build argument 'ament_cmake_args' from command line to 'None'
[0.895s] Level 5:colcon.colcon_core.verb:set package 'village_wang' build argument 'catkin_cmake_args' from command line to 'None'
[0.895s] Level 5:colcon.colcon_core.verb:set package 'village_wang' build argument 'catkin_skip_building_tests' from command line to 'False'
[0.895s] DEBUG:colcon.colcon_core.verb:Building package 'village_wang' with the following arguments: {'ament_cmake_args': None, 'build_base': '/home/ros2/ros2_learn/turtle_ws/src/build/village_wang', 'catkin_cmake_args': None, 'catkin_skip_building_tests': False, 'cmake_args': None, 'cmake_clean_cache': False, 'cmake_clean_first': False, 'cmake_force_configure': False, 'cmake_target': None, 'cmake_target_skip_unavailable': False, 'install_base': '/home/ros2/ros2_learn/turtle_ws/src/install/village_wang', 'merge_install': False, 'path': '/home/ros2/ros2_learn/turtle_ws/src/village_wang', 'symlink_install': False, 'test_result_base': None}
[0.898s] INFO:colcon.colcon_core.executor:Executing jobs using 'parallel' executor
[0.909s] DEBUG:colcon.colcon_parallel_executor.executor.parallel:run_until_complete
[0.910s] INFO:colcon.colcon_ros.task.ament_python.build:Building ROS package in '/home/ros2/ros2_learn/turtle_ws/src/village_wang' with build type 'ament_python'
[0.911s] Level 1:colcon.colcon_core.shell:create_environment_hook('village_wang', 'ament_prefix_path')
[0.918s] INFO:colcon.colcon_core.plugin_system:Skipping extension 'colcon_core.shell.bat': Not used on non-Windows systems
[0.919s] INFO:colcon.colcon_core.shell:Creating environment hook '/home/ros2/ros2_learn/turtle_ws/src/install/village_wang/share/village_wang/hook/ament_prefix_path.ps1'
[0.920s] INFO:colcon.colcon_core.shell:Creating environment descriptor '/home/ros2/ros2_learn/turtle_ws/src/install/village_wang/share/village_wang/hook/ament_prefix_path.dsv'
[0.921s] INFO:colcon.colcon_core.shell:Creating environment hook '/home/ros2/ros2_learn/turtle_ws/src/install/village_wang/share/village_wang/hook/ament_prefix_path.sh'
[0.925s] INFO:colcon.colcon_core.shell:Skip shell extension 'powershell' for command environment: Not usable outside of PowerShell
[0.925s] DEBUG:colcon.colcon_core.shell:Skip shell extension 'dsv' for command environment
[1.388s] INFO:colcon.colcon_core.task.python.build:Building Python package in '/home/ros2/ros2_learn/turtle_ws/src/village_wang'
[1.391s] INFO:colcon.colcon_core.shell:Skip shell extension 'powershell' for command environment: Not usable outside of PowerShell
[1.391s] DEBUG:colcon.colcon_core.shell:Skip shell extension 'dsv' for command environment
[2.193s] DEBUG:colcon.colcon_core.event_handler.log_command:Invoking command in '/home/ros2/ros2_learn/turtle_ws/src/village_wang': PYTHONPATH=/home/ros2/ros2_learn/turtle_ws/src/build/village_wang/prefix_override:/home/ros2/ros2_learn/turtle_ws/src/install/village_wang/lib/python3.8/site-packages:${PYTHONPATH} /usr/bin/python3 setup.py egg_info --egg-base ../build/village_wang build --build-base /home/ros2/ros2_learn/turtle_ws/src/build/village_wang/build install --record /home/ros2/ros2_learn/turtle_ws/src/build/village_wang/install.log --single-version-externally-managed
[2.735s] DEBUG:colcon.colcon_core.event_handler.log_command:Invoked command in '/home/ros2/ros2_learn/turtle_ws/src/village_wang' returned '0': PYTHONPATH=/home/ros2/ros2_learn/turtle_ws/src/build/village_wang/prefix_override:/home/ros2/ros2_learn/turtle_ws/src/install/village_wang/lib/python3.8/site-packages:${PYTHONPATH} /usr/bin/python3 setup.py egg_info --egg-base ../build/village_wang build --build-base /home/ros2/ros2_learn/turtle_ws/src/build/village_wang/build install --record /home/ros2/ros2_learn/turtle_ws/src/build/village_wang/install.log --single-version-externally-managed
[2.744s] Level 1:colcon.colcon_core.environment:checking '/home/ros2/ros2_learn/turtle_ws/src/install/village_wang' for CMake module files
[2.745s] Level 1:colcon.colcon_core.environment:checking '/home/ros2/ros2_learn/turtle_ws/src/install/village_wang' for CMake config files
[2.747s] Level 1:colcon.colcon_core.environment:checking '/home/ros2/ros2_learn/turtle_ws/src/install/village_wang/lib'
[2.748s] Level 1:colcon.colcon_core.environment:checking '/home/ros2/ros2_learn/turtle_ws/src/install/village_wang/bin'
[2.748s] Level 1:colcon.colcon_core.environment:checking '/home/ros2/ros2_learn/turtle_ws/src/install/village_wang/lib/pkgconfig/village_wang.pc'
[2.749s] Level 1:colcon.colcon_core.environment:checking '/home/ros2/ros2_learn/turtle_ws/src/install/village_wang/lib/python3.8/site-packages'
[2.749s] Level 1:colcon.colcon_core.shell:create_environment_hook('village_wang', 'pythonpath')
[2.755s] INFO:colcon.colcon_core.shell:Creating environment hook '/home/ros2/ros2_learn/turtle_ws/src/install/village_wang/share/village_wang/hook/pythonpath.ps1'
[2.757s] INFO:colcon.colcon_core.shell:Creating environment descriptor '/home/ros2/ros2_learn/turtle_ws/src/install/village_wang/share/village_wang/hook/pythonpath.dsv'
[2.758s] INFO:colcon.colcon_core.shell:Creating environment hook '/home/ros2/ros2_learn/turtle_ws/src/install/village_wang/share/village_wang/hook/pythonpath.sh'
[2.759s] Level 1:colcon.colcon_core.environment:checking '/home/ros2/ros2_learn/turtle_ws/src/install/village_wang/bin'
[2.760s] Level 1:colcon.colcon_core.environment:create_environment_scripts_only(village_wang)
[2.764s] INFO:colcon.colcon_core.shell:Creating package script '/home/ros2/ros2_learn/turtle_ws/src/install/village_wang/share/village_wang/package.ps1'
[2.766s] INFO:colcon.colcon_core.shell:Creating package descriptor '/home/ros2/ros2_learn/turtle_ws/src/install/village_wang/share/village_wang/package.dsv'
[2.768s] INFO:colcon.colcon_core.shell:Creating package script '/home/ros2/ros2_learn/turtle_ws/src/install/village_wang/share/village_wang/package.sh'
[2.771s] INFO:colcon.colcon_core.shell:Creating package script '/home/ros2/ros2_learn/turtle_ws/src/install/village_wang/share/village_wang/package.bash'
[2.773s] INFO:colcon.colcon_core.shell:Creating package script '/home/ros2/ros2_learn/turtle_ws/src/install/village_wang/share/village_wang/package.zsh'
[2.775s] Level 1:colcon.colcon_core.environment:create_file_with_runtime_dependencies(/home/ros2/ros2_learn/turtle_ws/src/install/village_wang/share/colcon-core/packages/village_wang)
[2.776s] DEBUG:colcon.colcon_parallel_executor.executor.parallel:closing loop
[2.778s] DEBUG:colcon.colcon_parallel_executor.executor.parallel:loop closed
[2.778s] DEBUG:colcon.colcon_parallel_executor.executor.parallel:run_until_complete finished with '0'
[2.778s] DEBUG:colcon.colcon_core.event_reactor:joining thread
[2.795s] INFO:colcon.colcon_core.plugin_system:Skipping extension 'colcon_notification.desktop_notification.terminal_notifier': Not used on non-Darwin systems
[2.796s] INFO:colcon.colcon_core.plugin_system:Skipping extension 'colcon_notification.desktop_notification.win32': Not used on non-Windows systems
[2.796s] INFO:colcon.colcon_notification.desktop_notification:Sending desktop notification using 'notify2'
[2.830s] DEBUG:colcon.colcon_core.event_reactor:joined thread
[2.831s] INFO:colcon.colcon_core.shell:Creating prefix script '/home/ros2/ros2_learn/turtle_ws/src/install/local_setup.ps1'
[2.834s] INFO:colcon.colcon_core.shell:Creating prefix util module '/home/ros2/ros2_learn/turtle_ws/src/install/_local_setup_util_ps1.py'
[2.836s] INFO:colcon.colcon_core.shell:Creating prefix chain script '/home/ros2/ros2_learn/turtle_ws/src/install/setup.ps1'
[2.838s] INFO:colcon.colcon_core.shell:Creating prefix script '/home/ros2/ros2_learn/turtle_ws/src/install/local_setup.sh'
[2.840s] INFO:colcon.colcon_core.shell:Creating prefix util module '/home/ros2/ros2_learn/turtle_ws/src/install/_local_setup_util_sh.py'
[2.841s] INFO:colcon.colcon_core.shell:Creating prefix chain script '/home/ros2/ros2_learn/turtle_ws/src/install/setup.sh'
[2.843s] INFO:colcon.colcon_core.shell:Creating prefix script '/home/ros2/ros2_learn/turtle_ws/src/install/local_setup.bash'
[2.844s] INFO:colcon.colcon_core.shell:Creating prefix chain script '/home/ros2/ros2_learn/turtle_ws/src/install/setup.bash'
[2.849s] INFO:colcon.colcon_core.shell:Creating prefix script '/home/ros2/ros2_learn/turtle_ws/src/install/local_setup.zsh'
[2.852s] INFO:colcon.colcon_core.shell:Creating prefix chain script '/home/ros2/ros2_learn/turtle_ws/src/install/setup.zsh'
