[2.544s] Invoking command in '/home/ros2/ros2_learn/turtle_ws/src/village_li': PYTHONPATH=/home/ros2/ros2_learn/turtle_ws/src/build/village_li/prefix_override:/home/ros2/ros2_learn/turtle_ws/src/install/village_li/lib/python3.8/site-packages:${PYTHONPATH} /usr/bin/python3 setup.py egg_info --egg-base ../build/village_li build --build-base /home/ros2/ros2_learn/turtle_ws/src/build/village_li/build install --record /home/ros2/ros2_learn/turtle_ws/src/build/village_li/install.log --single-version-externally-managed
[3.434s] running egg_info
[3.436s] writing ../build/village_li/village_li.egg-info/PKG-INFO
[3.436s] writing dependency_links to ../build/village_li/village_li.egg-info/dependency_links.txt
[3.437s] writing entry points to ../build/village_li/village_li.egg-info/entry_points.txt
[3.439s] writing requirements to ../build/village_li/village_li.egg-info/requires.txt
[3.439s] writing top-level names to ../build/village_li/village_li.egg-info/top_level.txt
[3.579s] reading manifest file '../build/village_li/village_li.egg-info/SOURCES.txt'
[3.582s] writing manifest file '../build/village_li/village_li.egg-info/SOURCES.txt'
[3.583s] running build
[3.584s] running build_py
[3.585s] copying village_li/li4.py -> /home/ros2/ros2_learn/turtle_ws/src/build/village_li/build/lib/village_li
[3.587s] running install
[3.590s] running install_lib
[3.594s] copying /home/ros2/ros2_learn/turtle_ws/src/build/village_li/build/lib/village_li/li4.py -> /home/ros2/ros2_learn/turtle_ws/src/install/village_li/lib/python3.8/site-packages/village_li
[3.596s] byte-compiling /home/ros2/ros2_learn/turtle_ws/src/install/village_li/lib/python3.8/site-packages/village_li/li4.py to li4.cpython-38.pyc
[3.611s] running install_data
[3.612s] copying package.xml -> /home/ros2/ros2_learn/turtle_ws/src/install/village_li/share/village_li
[3.613s] running install_egg_info
[3.621s] removing '/home/ros2/ros2_learn/turtle_ws/src/install/village_li/lib/python3.8/site-packages/village_li-0.0.0-py3.8.egg-info' (and everything under it)
[3.621s] Copying ../build/village_li/village_li.egg-info to /home/ros2/ros2_learn/turtle_ws/src/install/village_li/lib/python3.8/site-packages/village_li-0.0.0-py3.8.egg-info
[3.624s] running install_scripts
[3.692s] Installing li4_node script to /home/ros2/ros2_learn/turtle_ws/src/install/village_li/lib/village_li
[3.696s] writing list of installed files to '/home/ros2/ros2_learn/turtle_ws/src/build/village_li/install.log'
[3.778s] Invoked command in '/home/ros2/ros2_learn/turtle_ws/src/village_li' returned '0': PYTHONPATH=/home/ros2/ros2_learn/turtle_ws/src/build/village_li/prefix_override:/home/ros2/ros2_learn/turtle_ws/src/install/village_li/lib/python3.8/site-packages:${PYTHONPATH} /usr/bin/python3 setup.py egg_info --egg-base ../build/village_li build --build-base /home/ros2/ros2_learn/turtle_ws/src/build/village_li/build install --record /home/ros2/ros2_learn/turtle_ws/src/build/village_li/install.log --single-version-externally-managed
