[1.425s] Invoking command in '/home/ros2/ros2_learn/turtle_ws/src/village_wang': PYTHONPATH=/home/ros2/ros2_learn/turtle_ws/src/build/village_wang/prefix_override:/home/ros2/ros2_learn/turtle_ws/src/install/village_wang/lib/python3.8/site-packages:${PYTHONPATH} /usr/bin/python3 setup.py egg_info --egg-base ../build/village_wang build --build-base /home/ros2/ros2_learn/turtle_ws/src/build/village_wang/build install --record /home/ros2/ros2_learn/turtle_ws/src/build/village_wang/install.log --single-version-externally-managed
[1.824s] running egg_info
[1.825s] writing ../build/village_wang/village_wang.egg-info/PKG-INFO
[1.825s] writing dependency_links to ../build/village_wang/village_wang.egg-info/dependency_links.txt
[1.826s] writing entry points to ../build/village_wang/village_wang.egg-info/entry_points.txt
[1.826s] writing requirements to ../build/village_wang/village_wang.egg-info/requires.txt
[1.826s] writing top-level names to ../build/village_wang/village_wang.egg-info/top_level.txt
[1.899s] reading manifest file '../build/village_wang/village_wang.egg-info/SOURCES.txt'
[1.901s] writing manifest file '../build/village_wang/village_wang.egg-info/SOURCES.txt'
[1.901s] running build
[1.901s] running build_py
[1.902s] copying village_wang/wang2.py -> /home/ros2/ros2_learn/turtle_ws/src/build/village_wang/build/lib/village_wang
[1.902s] running install
[1.902s] running install_lib
[1.905s] copying /home/ros2/ros2_learn/turtle_ws/src/build/village_wang/build/lib/village_wang/wang2.py -> /home/ros2/ros2_learn/turtle_ws/src/install/village_wang/lib/python3.8/site-packages/village_wang
[1.907s] byte-compiling /home/ros2/ros2_learn/turtle_ws/src/install/village_wang/lib/python3.8/site-packages/village_wang/wang2.py to wang2.cpython-38.pyc
[1.911s]   File "/home/ros2/ros2_learn/turtle_ws/src/install/village_wang/lib/python3.8/site-packages/village_wang/wang2.py", line 24
[1.911s]     def novels_callback(self， infor):
[1.911s]                             ^
[1.911s] SyntaxError: invalid character in identifier
[1.911s] 
[1.911s] running install_data
[1.912s] running install_egg_info
[1.917s] removing '/home/ros2/ros2_learn/turtle_ws/src/install/village_wang/lib/python3.8/site-packages/village_wang-0.0.0-py3.8.egg-info' (and everything under it)
[1.918s] Copying ../build/village_wang/village_wang.egg-info to /home/ros2/ros2_learn/turtle_ws/src/install/village_wang/lib/python3.8/site-packages/village_wang-0.0.0-py3.8.egg-info
[1.920s] running install_scripts
[1.960s] Installing wang2_node script to /home/ros2/ros2_learn/turtle_ws/src/install/village_wang/lib/village_wang
[1.961s] writing list of installed files to '/home/ros2/ros2_learn/turtle_ws/src/build/village_wang/install.log'
[2.009s] Invoked command in '/home/ros2/ros2_learn/turtle_ws/src/village_wang' returned '0': PYTHONPATH=/home/ros2/ros2_learn/turtle_ws/src/build/village_wang/prefix_override:/home/ros2/ros2_learn/turtle_ws/src/install/village_wang/lib/python3.8/site-packages:${PYTHONPATH} /usr/bin/python3 setup.py egg_info --egg-base ../build/village_wang build --build-base /home/ros2/ros2_learn/turtle_ws/src/build/village_wang/build install --record /home/ros2/ros2_learn/turtle_ws/src/build/village_wang/install.log --single-version-externally-managed
