[1.581s] Invoking command in '/home/ros2/ros2_learn/turtle_ws/src/village_zhang': PYTHONPATH=/home/ros2/ros2_learn/turtle_ws/src/build/village_zhang/prefix_override:/home/ros2/ros2_learn/turtle_ws/src/install/village_zhang/lib/python3.8/site-packages:/home/ros2/ros2_learn/turtle_ws/src/install/village_interfaces/lib/python3.8/site-packages:/home/ros2/ros2_learn/turtle_ws/src/install/village_zhang/lib/python3.8/site-packages:/home/ros2/ros2_learn/turtle_ws/src/install/village_wang/lib/python3.8/site-packages:/home/ros2/ros2_learn/turtle_ws/src/install/village_li/lib/python3.8/site-packages:/opt/ros/galactic/lib/python3.8/site-packages /usr/bin/python3 setup.py egg_info --egg-base ../build/village_zhang build --build-base /home/ros2/ros2_learn/turtle_ws/src/build/village_zhang/build install --record /home/ros2/ros2_learn/turtle_ws/src/build/village_zhang/install.log --single-version-externally-managed
[1.817s] running egg_info
[1.824s] writing ../build/village_zhang/village_zhang.egg-info/PKG-INFO
[1.825s] writing dependency_links to ../build/village_zhang/village_zhang.egg-info/dependency_links.txt
[1.825s] writing entry points to ../build/village_zhang/village_zhang.egg-info/entry_points.txt
[1.825s] writing requirements to ../build/village_zhang/village_zhang.egg-info/requires.txt
[1.825s] writing top-level names to ../build/village_zhang/village_zhang.egg-info/top_level.txt
[1.863s] reading manifest file '../build/village_zhang/village_zhang.egg-info/SOURCES.txt'
[1.870s] writing manifest file '../build/village_zhang/village_zhang.egg-info/SOURCES.txt'
[1.870s] running build
[1.870s] running build_py
[1.871s] running install
[1.871s] running install_lib
[1.871s] running install_data
[1.871s] running install_egg_info
[1.873s] removing '/home/ros2/ros2_learn/turtle_ws/src/install/village_zhang/lib/python3.8/site-packages/village_zhang-0.0.0-py3.8.egg-info' (and everything under it)
[1.873s] Copying ../build/village_zhang/village_zhang.egg-info to /home/ros2/ros2_learn/turtle_ws/src/install/village_zhang/lib/python3.8/site-packages/village_zhang-0.0.0-py3.8.egg-info
[1.879s] running install_scripts
[1.901s] Installing zhang3_node script to /home/ros2/ros2_learn/turtle_ws/src/install/village_zhang/lib/village_zhang
[1.907s] writing list of installed files to '/home/ros2/ros2_learn/turtle_ws/src/build/village_zhang/install.log'
[1.973s] Invoked command in '/home/ros2/ros2_learn/turtle_ws/src/village_zhang' returned '0': PYTHONPATH=/home/ros2/ros2_learn/turtle_ws/src/build/village_zhang/prefix_override:/home/ros2/ros2_learn/turtle_ws/src/install/village_zhang/lib/python3.8/site-packages:/home/ros2/ros2_learn/turtle_ws/src/install/village_interfaces/lib/python3.8/site-packages:/home/ros2/ros2_learn/turtle_ws/src/install/village_zhang/lib/python3.8/site-packages:/home/ros2/ros2_learn/turtle_ws/src/install/village_wang/lib/python3.8/site-packages:/home/ros2/ros2_learn/turtle_ws/src/install/village_li/lib/python3.8/site-packages:/opt/ros/galactic/lib/python3.8/site-packages /usr/bin/python3 setup.py egg_info --egg-base ../build/village_zhang build --build-base /home/ros2/ros2_learn/turtle_ws/src/build/village_zhang/build install --record /home/ros2/ros2_learn/turtle_ws/src/build/village_zhang/install.log --single-version-externally-managed
