[0.046s] Invoking command in '/home/ros2/ros2_learn/fishbot_ws/build/cartographer': CMAKE_PREFIX_PATH=/opt/ros/galactic /usr/bin/cmake /home/ros2/ros2_learn/fishbot_ws/src/cartographer -DCMAKE_INSTALL_PREFIX=/home/ros2/ros2_learn/fishbot_ws/install/cartographer
[0.158s] -- The C compiler identification is GNU 9.4.0
[0.316s] -- The CXX compiler identification is GNU 9.4.0
[0.326s] -- Check for working C compiler: /usr/bin/cc
[0.529s] -- Check for working C compiler: /usr/bin/cc -- works
[0.531s] -- Detecting C compiler ABI info
[0.772s] -- Detecting C compiler ABI info - done
[0.813s] -- Detecting C compile features
[0.814s] -- Detecting C compile features - done
[0.826s] -- Check for working CXX compiler: /usr/bin/c++
[1.029s] -- Check for working CXX compiler: /usr/bin/c++ -- works
[1.031s] -- Detecting CXX compiler ABI info
[1.226s] -- Detecting CXX compiler ABI info - done
[1.289s] -- Detecting CXX compile features
[1.292s] -- Detecting CXX compile features - done
[1.302s] -- Build type: Release
[1.337s] æ–‡ä»¶ /home/ros2/ros2_learn/fishbot_ws/build/cartographer/AllFiles.cmake å’Œ - ä¸åŒ
[1.519s] -- Found PythonInterp: /usr/bin/python3.8 (found version "3.8.10") 
[1.524s] -- Looking for pthread.h
[1.712s] -- Looking for pthread.h - found
[1.712s] -- Performing Test CMAKE_HAVE_LIBC_PTHREAD
[1.953s] -- Performing Test CMAKE_HAVE_LIBC_PTHREAD - Failed
[1.954s] -- Looking for pthread_create in pthreads
[2.091s] -- Looking for pthread_create in pthreads - not found
[2.091s] -- Looking for pthread_create in pthread
[2.246s] -- Looking for pthread_create in pthread - found
[2.250s] -- Found Threads: TRUE  
[2.277s] -- Found GMock: gmock_main;-lpthread  
[2.300s] -- Found Boost: /usr/lib/x86_64-linux-gnu/cmake/Boost-1.71.0/BoostConfig.cmake (found version "1.71.0") found components: iostreams 
[2.316s] -- Found installed version of Eigen: /usr/lib/cmake/eigen3
[2.320s] -- Found required Ceres dependency: Eigen version 3.3.7 in /usr/include/eigen3
[2.328s] -- Found required Ceres dependency: glog
[2.336s] -- Found installed version of gflags: /usr/lib/x86_64-linux-gnu/cmake/gflags
[2.336s] -- Detected gflags version: 2.2.2
[2.340s] -- Found required Ceres dependency: gflags
[2.342s] -- Found Ceres version: 1.14.0 installed in: /usr with components: [EigenSparse, SparseLinearAlgebraLibrary, LAPACK, SuiteSparse, CXSparse, SchurSpecializations, OpenMP, Multithreading]
[2.363s] -- Found Lua: /usr/lib/x86_64-linux-gnu/liblua5.3.so;/usr/lib/x86_64-linux-gnu/libm.so (found version "5.3.3") 
[2.441s] -- Found Protobuf: /usr/lib/x86_64-linux-gnu/libprotobuf.so;-lpthread (found suitable version "3.6.1", minimum required is "3.0.0") 
[2.459s] -- Found PkgConfig: /usr/bin/pkg-config (found version "0.29.1") 
[2.459s] -- Checking for one of the modules 'cairo>=1.12.16'
[2.608s] -- Found Sphinx: /usr/bin/sphinx-build  
[2.733s] -- Configuring done
[3.078s] -- Generating done
[3.096s] -- Build files have been written to: /home/ros2/ros2_learn/fishbot_ws/build/cartographer
[3.130s] Invoked command in '/home/ros2/ros2_learn/fishbot_ws/build/cartographer' returned '0': CMAKE_PREFIX_PATH=/opt/ros/galactic /usr/bin/cmake /home/ros2/ros2_learn/fishbot_ws/src/cartographer -DCMAKE_INSTALL_PREFIX=/home/ros2/ros2_learn/fishbot_ws/install/cartographer
[3.133s] Invoking command in '/home/ros2/ros2_learn/fishbot_ws/build/cartographer': CMAKE_PREFIX_PATH=/opt/ros/galactic /usr/bin/cmake --build /home/ros2/ros2_learn/fishbot_ws/build/cartographer -- -j4 -l4
[3.252s] [35m[1mScanning dependencies of target gtest[0m
[3.274s] [  1%] [34m[1mRunning C++ protocol buffer compiler on /home/ros2/ros2_learn/fishbot_ws/src/cartographer/cartographer/transform/proto/transform.proto[0m
[3.288s] [  1%] [34m[1mRunning C++ protocol buffer compiler on /home/ros2/ros2_learn/fishbot_ws/src/cartographer/cartographer/common/proto/ceres_solver_options.proto[0m
[3.300s] [35m[1mScanning dependencies of target cartographer_detect_changes[0m
[3.317s] [  2%] [32mBuilding CXX object googletest/CMakeFiles/gtest.dir/src/gtest-all.cc.o[0m
[3.349s] [  3%] [34m[1mRunning C++ protocol buffer compiler on /home/ros2/ros2_learn/fishbot_ws/src/cartographer/cartographer/mapping/proto/2d/cell_limits.proto[0m
[3.369s] [  3%] [34m[1mRunning C++ protocol buffer compiler on /home/ros2/ros2_learn/fishbot_ws/src/cartographer/cartographer/ground_truth/proto/relations.proto[0m
[3.395s] [  3%] Built target cartographer_detect_changes
[3.414s] [35m[1mScanning dependencies of target build_doc[0m
[3.423s] [  3%] [34m[1mRunning C++ protocol buffer compiler on /home/ros2/ros2_learn/fishbot_ws/src/cartographer/cartographer/mapping/proto/2d/grid_2d.proto[0m
[3.428s] [  3%] [34m[1mRunning C++ protocol buffer compiler on /home/ros2/ros2_learn/fishbot_ws/src/cartographer/cartographer/mapping/proto/2d/grid_2d_options.proto[0m
[3.429s] [  3%] [34m[1mBuilding documentation.[0m
[3.504s] [  3%] [34m[1mRunning C++ protocol buffer compiler on /home/ros2/ros2_learn/fishbot_ws/src/cartographer/cartographer/mapping/proto/2d/map_limits.proto[0m
[3.504s] [  4%] [34m[1mRunning C++ protocol buffer compiler on /home/ros2/ros2_learn/fishbot_ws/src/cartographer/cartographer/mapping/proto/2d/local_trajectory_builder_options_2d.proto[0m
[3.577s] [  4%] [34m[1mRunning C++ protocol buffer compiler on /home/ros2/ros2_learn/fishbot_ws/src/cartographer/cartographer/mapping/proto/2d/probability_grid.proto[0m
[3.614s] [  4%] [34m[1mRunning C++ protocol buffer compiler on /home/ros2/ros2_learn/fishbot_ws/src/cartographer/cartographer/mapping/proto/2d/probability_grid_range_data_inserter_options_2d.proto[0m
[3.654s] [  5%] [34m[1mRunning C++ protocol buffer compiler on /home/ros2/ros2_learn/fishbot_ws/src/cartographer/cartographer/mapping/proto/2d/submaps_options_2d.proto[0m
[3.680s] [  5%] [34m[1mRunning C++ protocol buffer compiler on /home/ros2/ros2_learn/fishbot_ws/src/cartographer/cartographer/mapping/proto/3d/hybrid_grid.proto[0m
[3.723s] [  5%] [34m[1mRunning C++ protocol buffer compiler on /home/ros2/ros2_learn/fishbot_ws/src/cartographer/cartographer/mapping/proto/3d/local_trajectory_builder_options_3d.proto[0m
[3.775s] [  6%] [34m[1mRunning C++ protocol buffer compiler on /home/ros2/ros2_learn/fishbot_ws/src/cartographer/cartographer/mapping/proto/3d/range_data_inserter_options_3d.proto[0m
[3.805s] [  6%] [34m[1mRunning C++ protocol buffer compiler on /home/ros2/ros2_learn/fishbot_ws/src/cartographer/cartographer/mapping/proto/3d/submaps_options_3d.proto[0m
[3.827s] [  6%] [34m[1mRunning C++ protocol buffer compiler on /home/ros2/ros2_learn/fishbot_ws/src/cartographer/cartographer/mapping/proto/connected_components.proto[0m
[3.859s] [  6%] [34m[1mRunning C++ protocol buffer compiler on /home/ros2/ros2_learn/fishbot_ws/src/cartographer/cartographer/mapping/proto/internal/legacy_serialized_data.proto[0m
[3.890s] [  7%] [34m[1mRunning C++ protocol buffer compiler on /home/ros2/ros2_learn/fishbot_ws/src/cartographer/cartographer/mapping/proto/map_builder_options.proto[0m
[3.954s] [  7%] [34m[1mRunning C++ protocol buffer compiler on /home/ros2/ros2_learn/fishbot_ws/src/cartographer/cartographer/mapping/proto/motion_filter_options.proto[0m
[3.979s] [  7%] [34m[1mRunning C++ protocol buffer compiler on /home/ros2/ros2_learn/fishbot_ws/src/cartographer/cartographer/mapping/proto/pose_graph.proto[0m
[4.024s] [  8%] [34m[1mRunning C++ protocol buffer compiler on /home/ros2/ros2_learn/fishbot_ws/src/cartographer/cartographer/mapping/proto/pose_graph/constraint_builder_options.proto[0m
[4.046s] [  8%] [34m[1mRunning C++ protocol buffer compiler on /home/ros2/ros2_learn/fishbot_ws/src/cartographer/cartographer/mapping/proto/pose_graph/optimization_problem_options.proto[0m
[4.084s] [  8%] [34m[1mRunning C++ protocol buffer compiler on /home/ros2/ros2_learn/fishbot_ws/src/cartographer/cartographer/mapping/proto/pose_graph_options.proto[0m
[4.105s] [  8%] [34m[1mRunning C++ protocol buffer compiler on /home/ros2/ros2_learn/fishbot_ws/src/cartographer/cartographer/mapping/proto/scan_matching/ceres_scan_matcher_options_2d.proto[0m
[4.112s] [  9%] [34m[1mRunning C++ protocol buffer compiler on /home/ros2/ros2_learn/fishbot_ws/src/cartographer/cartographer/mapping/proto/range_data_inserter_options.proto[0m
[4.125s] [  9%] [34m[1mRunning C++ protocol buffer compiler on /home/ros2/ros2_learn/fishbot_ws/src/cartographer/cartographer/mapping/proto/scan_matching/ceres_scan_matcher_options_3d.proto[0m
[4.143s] [01mRunning Sphinx v1.8.5[39;49;00m
[4.157s] [  9%] [34m[1mRunning C++ protocol buffer compiler on /home/ros2/ros2_learn/fishbot_ws/src/cartographer/cartographer/mapping/proto/scan_matching/fast_correlative_scan_matcher_options_2d.proto[0m
[4.165s] [ 10%] [34m[1mRunning C++ protocol buffer compiler on /home/ros2/ros2_learn/fishbot_ws/src/cartographer/cartographer/mapping/proto/scan_matching/fast_correlative_scan_matcher_options_3d.proto[0m
[4.183s] [ 10%] [34m[1mRunning C++ protocol buffer compiler on /home/ros2/ros2_learn/fishbot_ws/src/cartographer/cartographer/mapping/proto/scan_matching/real_time_correlative_scan_matcher_options.proto[0m
[4.202s] [ 10%] [34m[1mRunning C++ protocol buffer compiler on /home/ros2/ros2_learn/fishbot_ws/src/cartographer/cartographer/mapping/proto/serialization.proto[0m
[4.203s] [ 11%] [34m[1mRunning C++ protocol buffer compiler on /home/ros2/ros2_learn/fishbot_ws/src/cartographer/cartographer/mapping/proto/submap.proto[0m
[4.285s] [ 11%] [34m[1mRunning C++ protocol buffer compiler on /home/ros2/ros2_learn/fishbot_ws/src/cartographer/cartographer/mapping/proto/submap_visualization.proto[0m
[4.288s] [ 11%] [34m[1mRunning C++ protocol buffer compiler on /home/ros2/ros2_learn/fishbot_ws/src/cartographer/cartographer/mapping/proto/trajectory.proto[0m
[4.308s] [ 11%] [34m[1mRunning C++ protocol buffer compiler on /home/ros2/ros2_learn/fishbot_ws/src/cartographer/cartographer/mapping/proto/trajectory_builder_options.proto[0m
[4.365s] [ 12%] [34m[1mRunning C++ protocol buffer compiler on /home/ros2/ros2_learn/fishbot_ws/src/cartographer/cartographer/mapping/proto/trajectory_node_data.proto[0m
[4.385s] [ 12%] [34m[1mRunning C++ protocol buffer compiler on /home/ros2/ros2_learn/fishbot_ws/src/cartographer/cartographer/sensor/proto/adaptive_voxel_filter_options.proto[0m
[4.437s] [ 12%] [34m[1mRunning C++ protocol buffer compiler on /home/ros2/ros2_learn/fishbot_ws/src/cartographer/cartographer/sensor/proto/sensor.proto[0m
[4.608s] making output directory...
[4.615s] [01mbuilding [mo]: [39;49;00mtargets for 0 po files that are out of date
[4.615s] [01mbuilding [html][39;49;00m: targets for 5 source files that are out of date
[4.616s] [01mupdating environment: [39;49;00m5 added, 0 changed, 0 removed
[4.838s] [01mreading sources... [39;49;00m[ 20%] [35mconfiguration[39;49;00m                                        
[4.870s] [01mreading sources... [39;49;00m[ 40%] [35mcost_functions[39;49;00m                                       
[4.939s] [01mreading sources... [39;49;00m[ 60%] [35mevaluation[39;49;00m                                           
[5.008s] [01mreading sources... [39;49;00m[ 80%] [35mindex[39;49;00m                                                
[5.055s] [01mreading sources... [39;49;00m[100%] [35mterminology[39;49;00m                                          
[5.056s] 
[5.056s] [01mlooking for now-outdated files... [39;49;00mnone found
[5.060s] [01mpickling environment... [39;49;00mdone
[5.060s] [01mchecking consistency... [39;49;00mdone
[5.066s] [01mpreparing documents... [39;49;00mdone
[5.179s] [01mwriting output... [39;49;00m[ 20%] [32mconfiguration[39;49;00m                                         
[5.179s] [35m[1mScanning dependencies of target cartographer[0m
[5.368s] [01mwriting output... [39;49;00m[ 40%] [32mcost_functions[39;49;00m                                        
[5.422s] [01mwriting output... [39;49;00m[ 60%] [32mevaluation[39;49;00m                                            
[5.469s] [01mwriting output... [39;49;00m[ 80%] [32mindex[39;49;00m                                                 
[5.495s] [01mwriting output... [39;49;00m[100%] [32mterminology[39;49;00m                                           
[5.496s] 
[5.535s] [01mgenerating indices...[39;49;00m genindex
[5.550s] [01mwriting additional pages...[39;49;00m search
[5.561s] [01mcopying images... [39;49;00m[ 50%] [33mautogenerate_groundtruth.png[39;49;00m                          
[5.562s] [01mcopying images... [39;49;00m[100%] [33mhigh_level_system_overview.png[39;49;00m                        
[5.562s] 
[5.637s] [01mcopying static files... [39;49;00mdone
[5.638s] [01mcopying extra files... [39;49;00mdone
[5.642s] [01mdumping search index in English (code: en) ... [39;49;00mdone
[5.650s] [01mdumping object inventory... [39;49;00mdone
[5.650s] [01mbuild succeeded.[39;49;00m
[5.651s] 
[5.651s] The HTML pages are in html.
[6.084s] [ 12%] Built target build_doc
[6.675s] [ 12%] [32mBuilding CXX object CMakeFiles/cartographer.dir/cartographer/common/configuration_file_resolver.cc.o[0m
[6.697s] [ 12%] [32mBuilding CXX object CMakeFiles/cartographer.dir/cartographer/common/ceres_solver_options.cc.o[0m
[6.698s] [ 13%] [32mBuilding CXX object CMakeFiles/cartographer.dir/cartographer/common/fixed_ratio_sampler.cc.o[0m
[12.256s] [ 13%] [32mBuilding CXX object CMakeFiles/cartographer.dir/cartographer/common/histogram.cc.o[0m
[14.210s] [ 13%] [32mBuilding CXX object CMakeFiles/cartographer.dir/cartographer/common/internal/testing/thread_pool_for_testing.cc.o[0m
[17.911s] [ 13%] [32mBuilding CXX object CMakeFiles/cartographer.dir/cartographer/common/lua_parameter_dictionary.cc.o[0m
[19.206s] [ 14%] [32mBuilding CXX object CMakeFiles/cartographer.dir/cartographer/common/task.cc.o[0m
[23.807s] [ 14%] [32mBuilding CXX object CMakeFiles/cartographer.dir/cartographer/common/thread_pool.cc.o[0m
[32.321s] [ 15%] [32mBuilding CXX object CMakeFiles/cartographer.dir/cartographer/ground_truth/relations_text_file.cc.o[0m
[35.516s] [ 15%] [32m[1mLinking CXX static library ../lib/libgtest.a[0m
[35.599s] [ 15%] Built target gtest
[37.855s] [ 15%] [32mBuilding CXX object CMakeFiles/cartographer.dir/cartographer/io/coloring_points_processor.cc.o[0m
[41.593s] [ 15%] [32mBuilding CXX object CMakeFiles/cartographer.dir/cartographer/io/color.cc.o[0m
[44.436s] [ 15%] [32mBuilding CXX object CMakeFiles/cartographer.dir/cartographer/io/counting_points_processor.cc.o[0m
[47.302s] [ 16%] [32mBuilding CXX object CMakeFiles/cartographer.dir/cartographer/io/draw_trajectories.cc.o[0m
[51.059s] [ 16%] [32mBuilding CXX object CMakeFiles/cartographer.dir/cartographer/io/file_writer.cc.o[0m
[53.153s] [ 16%] [32mBuilding CXX object CMakeFiles/cartographer.dir/cartographer/io/fixed_ratio_sampling_points_processor.cc.o[0m
[56.509s] [ 17%] [32mBuilding CXX object CMakeFiles/cartographer.dir/cartographer/io/frame_id_filtering_points_processor.cc.o[0m
[59.658s] [ 17%] [32mBuilding CXX object CMakeFiles/cartographer.dir/cartographer/io/hybrid_grid_points_processor.cc.o[0m
[64.587s] [ 17%] [32mBuilding CXX object CMakeFiles/cartographer.dir/cartographer/io/image.cc.o[0m
[67.645s] [ 18%] [32mBuilding CXX object CMakeFiles/cartographer.dir/cartographer/io/intensity_to_color_points_processor.cc.o[0m
[70.679s] [ 18%] [32mBuilding CXX object CMakeFiles/cartographer.dir/cartographer/io/internal/in_memory_proto_stream.cc.o[0m
[72.695s] [ 18%] [32mBuilding CXX object CMakeFiles/cartographer.dir/cartographer/io/internal/mapping_state_serialization.cc.o[0m
[77.278s] [ 18%] [32mBuilding CXX object CMakeFiles/cartographer.dir/cartographer/io/min_max_range_filtering_points_processor.cc.o[0m
[80.296s] [ 19%] [32mBuilding CXX object CMakeFiles/cartographer.dir/cartographer/io/outlier_removing_points_processor.cc.o[0m
[86.356s] [ 19%] [32mBuilding CXX object CMakeFiles/cartographer.dir/cartographer/io/pcd_writing_points_processor.cc.o[0m
[90.504s] [ 19%] [32mBuilding CXX object CMakeFiles/cartographer.dir/cartographer/io/ply_writing_points_processor.cc.o[0m
[94.431s] [ 20%] [32mBuilding CXX object CMakeFiles/cartographer.dir/cartographer/io/points_batch.cc.o[0m
[98.515s] [ 20%] [32mBuilding CXX object CMakeFiles/cartographer.dir/cartographer/io/points_processor_pipeline_builder.cc.o[0m
[105.542s] [ 20%] [32mBuilding CXX object CMakeFiles/cartographer.dir/cartographer/io/probability_grid_points_processor.cc.o[0m
[106.140s] [ 20%] [32mBuilding CXX object CMakeFiles/cartographer.dir/cartographer/common/time.cc.o[0m
[108.160s] [ 20%] [32mBuilding CXX object CMakeFiles/cartographer.dir/cartographer/io/proto_stream.cc.o[0m
[108.534s] [ 21%] [32mBuilding CXX object CMakeFiles/cartographer.dir/cartographer/io/proto_stream_deserializer.cc.o[0m
[111.792s] [ 21%] [32mBuilding CXX object CMakeFiles/cartographer.dir/cartographer/io/serialization_format_migration.cc.o[0m
[113.487s] [ 21%] [32mBuilding CXX object CMakeFiles/cartographer.dir/cartographer/io/submap_painter.cc.o[0m
[113.647s] [ 22%] [32mBuilding CXX object CMakeFiles/cartographer.dir/cartographer/io/xray_points_processor.cc.o[0m
[115.235s] [ 22%] [32mBuilding CXX object CMakeFiles/cartographer.dir/cartographer/io/xyz_writing_points_processor.cc.o[0m
[125.180s] [ 22%] [32mBuilding CXX object CMakeFiles/cartographer.dir/cartographer/mapping/2d/probability_grid.cc.o[0m
[126.232s] [ 23%] [32mBuilding CXX object CMakeFiles/cartographer.dir/cartographer/mapping/2d/probability_grid_range_data_inserter_2d.cc.o[0m
[127.289s] [ 23%] [32mBuilding CXX object CMakeFiles/cartographer.dir/cartographer/mapping/2d/grid_2d.cc.o[0m
[135.179s] [ 23%] [32mBuilding CXX object CMakeFiles/cartographer.dir/cartographer/mapping/3d/range_data_inserter_3d.cc.o[0m
[140.200s] [ 24%] [32mBuilding CXX object CMakeFiles/cartographer.dir/cartographer/mapping/3d/submap_3d.cc.o[0m
[140.702s] [ 24%] [32mBuilding CXX object CMakeFiles/cartographer.dir/cartographer/mapping/2d/submap_2d.cc.o[0m
[142.733s] [ 24%] [32mBuilding CXX object CMakeFiles/cartographer.dir/cartographer/mapping/detect_floors.cc.o[0m
[146.552s] [ 24%] [32mBuilding CXX object CMakeFiles/cartographer.dir/cartographer/mapping/imu_tracker.cc.o[0m
[148.495s] [ 25%] [32mBuilding CXX object CMakeFiles/cartographer.dir/cartographer/mapping/internal/2d/local_slam_result_2d.cc.o[0m
[149.731s] [ 25%] [32mBuilding CXX object CMakeFiles/cartographer.dir/cartographer/mapping/internal/2d/local_trajectory_builder_2d.cc.o[0m
[155.402s] [ 25%] [32mBuilding CXX object CMakeFiles/cartographer.dir/cartographer/mapping/internal/2d/local_trajectory_builder_options_2d.cc.o[0m
[158.851s] [ 25%] [32mBuilding CXX object CMakeFiles/cartographer.dir/cartographer/mapping/internal/2d/overlapping_submaps_trimmer_2d.cc.o[0m
[160.594s] [ 26%] [32mBuilding CXX object CMakeFiles/cartographer.dir/cartographer/mapping/internal/2d/pose_graph_2d.cc.o[0m
[162.672s] [ 26%] [32mBuilding CXX object CMakeFiles/cartographer.dir/cartographer/mapping/internal/2d/ray_casting.cc.o[0m
[175.031s] [ 27%] [32mBuilding CXX object CMakeFiles/cartographer.dir/cartographer/mapping/internal/2d/scan_matching/correlative_scan_matcher_2d.cc.o[0m
[175.777s] [ 27%] [32mBuilding CXX object CMakeFiles/cartographer.dir/cartographer/mapping/internal/2d/scan_matching/ceres_scan_matcher_2d.cc.o[0m
[177.844s] [ 27%] [32mBuilding CXX object CMakeFiles/cartographer.dir/cartographer/mapping/internal/2d/scan_matching/fast_correlative_scan_matcher_2d.cc.o[0m
[184.367s] [ 27%] [32mBuilding CXX object CMakeFiles/cartographer.dir/cartographer/mapping/internal/3d/local_slam_result_3d.cc.o[0m
[186.387s] [ 28%] [32mBuilding CXX object CMakeFiles/cartographer.dir/cartographer/mapping/internal/3d/local_trajectory_builder_3d.cc.o[0m
[188.421s] [ 28%] [32mBuilding CXX object CMakeFiles/cartographer.dir/cartographer/mapping/internal/2d/scan_matching/real_time_correlative_scan_matcher_2d.cc.o[0m
[195.008s] [ 28%] [32mBuilding CXX object CMakeFiles/cartographer.dir/cartographer/mapping/internal/3d/pose_graph_3d.cc.o[0m
[197.323s] [ 29%] [32mBuilding CXX object CMakeFiles/cartographer.dir/cartographer/mapping/internal/3d/scan_matching/ceres_scan_matcher_3d.cc.o[0m
[199.369s] [ 29%] [32mBuilding CXX object CMakeFiles/cartographer.dir/cartographer/mapping/internal/3d/local_trajectory_builder_options_3d.cc.o[0m
[210.722s] [ 29%] [32mBuilding CXX object CMakeFiles/cartographer.dir/cartographer/mapping/internal/3d/scan_matching/low_resolution_matcher.cc.o[0m
[215.131s] [ 30%] [32mBuilding CXX object CMakeFiles/cartographer.dir/cartographer/mapping/internal/3d/scan_matching/precomputation_grid_3d.cc.o[0m
[216.145s] [ 30%] [32mBuilding CXX object CMakeFiles/cartographer.dir/cartographer/mapping/internal/3d/scan_matching/real_time_correlative_scan_matcher_3d.cc.o[0m
[217.161s] [ 30%] [32mBuilding CXX object CMakeFiles/cartographer.dir/cartographer/mapping/internal/3d/scan_matching/fast_correlative_scan_matcher_3d.cc.o[0m
[219.949s] [ 30%] [32mBuilding CXX object CMakeFiles/cartographer.dir/cartographer/mapping/internal/3d/scan_matching/rotational_scan_matcher.cc.o[0m
[222.501s] [ 30%] [32mBuilding CXX object CMakeFiles/cartographer.dir/cartographer/mapping/internal/collated_trajectory_builder.cc.o[0m
[229.520s] [ 30%] [32mBuilding CXX object CMakeFiles/cartographer.dir/cartographer/mapping/internal/constraints/constraint_builder.cc.o[0m
[230.533s] [ 30%] [32mBuilding CXX object CMakeFiles/cartographer.dir/cartographer/mapping/internal/constraints/constraint_builder_2d.cc.o[0m
[231.553s] [ 31%] [32mBuilding CXX object CMakeFiles/cartographer.dir/cartographer/mapping/internal/connected_components.cc.o[0m
[234.600s] [ 32%] [32mBuilding CXX object CMakeFiles/cartographer.dir/cartographer/mapping/internal/constraints/constraint_builder_3d.cc.o[0m
[237.773s] [ 32%] [32mBuilding CXX object CMakeFiles/cartographer.dir/cartographer/mapping/internal/global_trajectory_builder.cc.o[0m
[239.697s] [ 32%] [32mBuilding CXX object CMakeFiles/cartographer.dir/cartographer/mapping/internal/motion_filter.cc.o[0m
[249.676s] [ 33%] [32mBuilding CXX object CMakeFiles/cartographer.dir/cartographer/mapping/internal/optimization/cost_functions/spa_cost_function_2d.cc.o[0m
[255.294s] [ 33%] [32mBuilding CXX object CMakeFiles/cartographer.dir/cartographer/mapping/internal/optimization/optimization_problem_2d.cc.o[0m
[257.324s] [ 33%] [32mBuilding CXX object CMakeFiles/cartographer.dir/cartographer/mapping/internal/optimization/optimization_problem_3d.cc.o[0m
[259.387s] [ 33%] [32mBuilding CXX object CMakeFiles/cartographer.dir/cartographer/mapping/internal/optimization/ceres_pose.cc.o[0m
[280.368s] [ 33%] [32mBuilding CXX object CMakeFiles/cartographer.dir/cartographer/mapping/internal/range_data_collator.cc.o[0m
[282.384s] [ 34%] [32mBuilding CXX object CMakeFiles/cartographer.dir/cartographer/mapping/internal/optimization/optimization_problem_options.cc.o[0m
[284.294s] [ 34%] [32mBuilding CXX object CMakeFiles/cartographer.dir/cartographer/mapping/internal/scan_matching/real_time_correlative_scan_matcher.cc.o[0m
[285.534s] [ 35%] [32mBuilding CXX object CMakeFiles/cartographer.dir/cartographer/mapping/internal/submap_controller.cc.o[0m
[286.354s] [ 35%] [32mBuilding CXX object CMakeFiles/cartographer.dir/cartographer/mapping/internal/trajectory_connectivity_state.cc.o[0m
[286.932s] [ 35%] [32mBuilding CXX object CMakeFiles/cartographer.dir/cartographer/mapping/map_builder.cc.o[0m
[290.804s] [ 35%] [32mBuilding CXX object CMakeFiles/cartographer.dir/cartographer/mapping/pose_extrapolator.cc.o[0m
[290.805s] [ 36%] [32mBuilding CXX object CMakeFiles/cartographer.dir/cartographer/mapping/pose_graph.cc.o[0m
[297.703s] [ 36%] [32mBuilding CXX object CMakeFiles/cartographer.dir/cartographer/mapping/probability_values.cc.o[0m
[300.617s] [ 37%] [32mBuilding CXX object CMakeFiles/cartographer.dir/cartographer/mapping/range_data_inserter_interface.cc.o[0m
[301.633s] [ 37%] [32mBuilding CXX object CMakeFiles/cartographer.dir/cartographer/mapping/trajectory_builder_interface.cc.o[0m
[301.646s] [ 37%] [32mBuilding CXX object CMakeFiles/cartographer.dir/cartographer/mapping/pose_graph_trimmer.cc.o[0m
[307.718s] [ 37%] [32mBuilding CXX object CMakeFiles/cartographer.dir/cartographer/metrics/counter.cc.o[0m
[308.095s] [ 38%] [32mBuilding CXX object CMakeFiles/cartographer.dir/cartographer/metrics/gauge.cc.o[0m
[308.407s] [ 38%] [32mBuilding CXX object CMakeFiles/cartographer.dir/cartographer/metrics/histogram.cc.o[0m
[308.938s] [ 38%] [32mBuilding CXX object CMakeFiles/cartographer.dir/cartographer/metrics/register.cc.o[0m
[314.340s] [ 39%] [32mBuilding CXX object CMakeFiles/cartographer.dir/cartographer/sensor/compressed_point_cloud.cc.o[0m
[318.780s] [ 39%] [32mBuilding CXX object CMakeFiles/cartographer.dir/cartographer/sensor/fixed_frame_pose_data.cc.o[0m
[321.697s] [ 39%] [32mBuilding CXX object CMakeFiles/cartographer.dir/cartographer/sensor/imu_data.cc.o[0m
[324.965s] [ 40%] [32mBuilding CXX object CMakeFiles/cartographer.dir/cartographer/sensor/internal/collator.cc.o[0m
[329.202s] [ 40%] [32mBuilding CXX object CMakeFiles/cartographer.dir/cartographer/sensor/internal/ordered_multi_queue.cc.o[0m
[333.829s] [ 40%] [32mBuilding CXX object CMakeFiles/cartographer.dir/cartographer/sensor/internal/trajectory_collator.cc.o[0m
[338.361s] [ 40%] [32mBuilding CXX object CMakeFiles/cartographer.dir/cartographer/sensor/internal/voxel_filter.cc.o[0m
[342.637s] [ 41%] [32mBuilding CXX object CMakeFiles/cartographer.dir/cartographer/sensor/landmark_data.cc.o[0m
[346.224s] [ 41%] [32mBuilding CXX object CMakeFiles/cartographer.dir/cartographer/sensor/odometry_data.cc.o[0m
[349.866s] [ 41%] [32mBuilding CXX object CMakeFiles/cartographer.dir/cartographer/sensor/point_cloud.cc.o[0m
[354.061s] [ 42%] [32mBuilding CXX object CMakeFiles/cartographer.dir/cartographer/sensor/range_data.cc.o[0m
[358.125s] [ 42%] [32mBuilding CXX object CMakeFiles/cartographer.dir/cartographer/sensor/timed_point_cloud_data.cc.o[0m
[361.638s] [ 42%] [32mBuilding CXX object CMakeFiles/cartographer.dir/cartographer/transform/rigid_transform.cc.o[0m
[364.673s] [ 42%] [32mBuilding CXX object CMakeFiles/cartographer.dir/cartographer/transform/timestamped_transform.cc.o[0m
[367.752s] [ 43%] [32mBuilding CXX object CMakeFiles/cartographer.dir/cartographer/transform/transform.cc.o[0m
[370.978s] [ 43%] [32mBuilding CXX object CMakeFiles/cartographer.dir/cartographer/transform/transform_interpolation_buffer.cc.o[0m
[374.245s] [ 43%] [32mBuilding CXX object CMakeFiles/cartographer.dir/cartographer/common/proto/ceres_solver_options.pb.cc.o[0m
[375.388s] [ 44%] [32mBuilding CXX object CMakeFiles/cartographer.dir/cartographer/ground_truth/proto/relations.pb.cc.o[0m
[376.869s] [ 44%] [32mBuilding CXX object CMakeFiles/cartographer.dir/cartographer/mapping/proto/2d/cell_limits.pb.cc.o[0m
[377.933s] [ 44%] [32mBuilding CXX object CMakeFiles/cartographer.dir/cartographer/mapping/proto/2d/grid_2d.pb.cc.o[0m
[379.583s] [ 44%] [32mBuilding CXX object CMakeFiles/cartographer.dir/cartographer/mapping/proto/2d/grid_2d_options.pb.cc.o[0m
[380.948s] [ 45%] [32mBuilding CXX object CMakeFiles/cartographer.dir/cartographer/mapping/proto/2d/local_trajectory_builder_options_2d.pb.cc.o[0m
[382.731s] [ 45%] [32mBuilding CXX object CMakeFiles/cartographer.dir/cartographer/mapping/proto/2d/map_limits.pb.cc.o[0m
[384.102s] [ 45%] [32mBuilding CXX object CMakeFiles/cartographer.dir/cartographer/mapping/proto/2d/probability_grid.pb.cc.o[0m
[385.287s] [ 46%] [32mBuilding CXX object CMakeFiles/cartographer.dir/cartographer/mapping/proto/2d/probability_grid_range_data_inserter_options_2d.pb.cc.o[0m
[386.672s] [ 46%] [32mBuilding CXX object CMakeFiles/cartographer.dir/cartographer/mapping/proto/2d/submaps_options_2d.pb.cc.o[0m
[388.131s] [ 46%] [32mBuilding CXX object CMakeFiles/cartographer.dir/cartographer/mapping/proto/3d/hybrid_grid.pb.cc.o[0m
[389.450s] [ 47%] [32mBuilding CXX object CMakeFiles/cartographer.dir/cartographer/mapping/proto/3d/local_trajectory_builder_options_3d.pb.cc.o[0m
[390.810s] [ 47%] [32mBuilding CXX object CMakeFiles/cartographer.dir/cartographer/mapping/proto/3d/range_data_inserter_options_3d.pb.cc.o[0m
[392.119s] [ 47%] [32mBuilding CXX object CMakeFiles/cartographer.dir/cartographer/mapping/proto/3d/submaps_options_3d.pb.cc.o[0m
[393.372s] [ 47%] [32mBuilding CXX object CMakeFiles/cartographer.dir/cartographer/mapping/proto/connected_components.pb.cc.o[0m
[395.006s] [ 48%] [32mBuilding CXX object CMakeFiles/cartographer.dir/cartographer/mapping/proto/internal/legacy_serialized_data.pb.cc.o[0m
[396.575s] [ 48%] [32mBuilding CXX object CMakeFiles/cartographer.dir/cartographer/mapping/proto/map_builder_options.pb.cc.o[0m
[397.849s] [ 48%] [32mBuilding CXX object CMakeFiles/cartographer.dir/cartographer/mapping/proto/motion_filter_options.pb.cc.o[0m
[399.195s] [ 49%] [32mBuilding CXX object CMakeFiles/cartographer.dir/cartographer/mapping/proto/pose_graph.pb.cc.o[0m
[401.334s] [ 49%] [32mBuilding CXX object CMakeFiles/cartographer.dir/cartographer/mapping/proto/pose_graph/constraint_builder_options.pb.cc.o[0m
[402.873s] [ 49%] [32mBuilding CXX object CMakeFiles/cartographer.dir/cartographer/mapping/proto/pose_graph/optimization_problem_options.pb.cc.o[0m
[404.310s] [ 49%] [32mBuilding CXX object CMakeFiles/cartographer.dir/cartographer/mapping/proto/pose_graph_options.pb.cc.o[0m
[405.817s] [ 50%] [32mBuilding CXX object CMakeFiles/cartographer.dir/cartographer/mapping/proto/range_data_inserter_options.pb.cc.o[0m
[407.185s] [ 50%] [32mBuilding CXX object CMakeFiles/cartographer.dir/cartographer/mapping/proto/scan_matching/ceres_scan_matcher_options_2d.pb.cc.o[0m
[408.518s] [ 50%] [32mBuilding CXX object CMakeFiles/cartographer.dir/cartographer/mapping/proto/scan_matching/ceres_scan_matcher_options_3d.pb.cc.o[0m
[410.181s] [ 51%] [32mBuilding CXX object CMakeFiles/cartographer.dir/cartographer/mapping/proto/scan_matching/fast_correlative_scan_matcher_options_2d.pb.cc.o[0m
[411.521s] [ 51%] [32mBuilding CXX object CMakeFiles/cartographer.dir/cartographer/mapping/proto/scan_matching/fast_correlative_scan_matcher_options_3d.pb.cc.o[0m
[412.973s] [ 51%] [32mBuilding CXX object CMakeFiles/cartographer.dir/cartographer/mapping/proto/scan_matching/real_time_correlative_scan_matcher_options.pb.cc.o[0m
[414.357s] [ 52%] [32mBuilding CXX object CMakeFiles/cartographer.dir/cartographer/mapping/proto/serialization.pb.cc.o[0m
[417.986s] [ 52%] [32mBuilding CXX object CMakeFiles/cartographer.dir/cartographer/mapping/proto/submap.pb.cc.o[0m
[420.296s] [ 52%] [32mBuilding CXX object CMakeFiles/cartographer.dir/cartographer/mapping/proto/submap_visualization.pb.cc.o[0m
[423.337s] [ 52%] [32mBuilding CXX object CMakeFiles/cartographer.dir/cartographer/mapping/proto/trajectory.pb.cc.o[0m
[425.510s] [ 53%] [32mBuilding CXX object CMakeFiles/cartographer.dir/cartographer/mapping/proto/trajectory_builder_options.pb.cc.o[0m
[428.259s] [ 53%] [32mBuilding CXX object CMakeFiles/cartographer.dir/cartographer/mapping/proto/trajectory_node_data.pb.cc.o[0m
[430.070s] [ 53%] [32mBuilding CXX object CMakeFiles/cartographer.dir/cartographer/sensor/proto/adaptive_voxel_filter_options.pb.cc.o[0m
[431.323s] [ 54%] [32mBuilding CXX object CMakeFiles/cartographer.dir/cartographer/sensor/proto/sensor.pb.cc.o[0m
[434.471s] [ 54%] [32mBuilding CXX object CMakeFiles/cartographer.dir/cartographer/transform/proto/transform.pb.cc.o[0m
[437.481s] [ 54%] [32mBuilding CXX object CMakeFiles/cartographer.dir/cartographer/mapping/trajectory_node.cc.o[0m
[441.348s] [ 54%] [32m[1mLinking CXX static library libcartographer.a[0m
[441.526s] [ 54%] Built target cartographer
[441.545s] [35m[1mScanning dependencies of target gmock[0m
[441.611s] [ 54%] [32mBuilding CXX object gmock/CMakeFiles/gmock.dir/src/gmock-all.cc.o[0m
[446.115s] [ 55%] [32m[1mLinking CXX static library ../lib/libgmock.a[0m
[446.169s] [ 55%] Built target gmock
[446.182s] [35m[1mScanning dependencies of target cartographer_migrate_serialization_format[0m
[446.209s] [ 56%] [32mBuilding CXX object CMakeFiles/cartographer_migrate_serialization_format.dir/cartographer/io/migrate_serialization_format_main.cc.o[0m
[448.396s] [ 56%] [32m[1mLinking CXX executable cartographer_migrate_serialization_format[0m
[448.605s] [ 56%] Built target cartographer_migrate_serialization_format
[448.626s] [35m[1mScanning dependencies of target cartographer_autogenerate_ground_truth[0m
[448.699s] [ 57%] [32mBuilding CXX object CMakeFiles/cartographer_autogenerate_ground_truth.dir/cartographer/ground_truth/autogenerate_ground_truth_main.cc.o[0m
[453.595s] [ 57%] [32m[1mLinking CXX executable cartographer_autogenerate_ground_truth[0m
[453.814s] [ 57%] Built target cartographer_autogenerate_ground_truth
[453.832s] [35m[1mScanning dependencies of target gmock_main[0m
[453.858s] [ 57%] [32mBuilding CXX object gmock/CMakeFiles/gmock_main.dir/src/gmock_main.cc.o[0m
[455.396s] [ 57%] [32m[1mLinking CXX static library ../lib/libgmock_main.a[0m
[455.457s] [ 57%] Built target gmock_main
[455.472s] [35m[1mScanning dependencies of target cartographer_compute_relations_metrics[0m
[455.528s] [ 57%] [32mBuilding CXX object CMakeFiles/cartographer_compute_relations_metrics.dir/cartographer/ground_truth/compute_relations_metrics_main.cc.o[0m
[460.643s] [ 57%] [32m[1mLinking CXX executable cartographer_compute_relations_metrics[0m
[460.972s] [ 57%] Built target cartographer_compute_relations_metrics
[460.996s] [35m[1mScanning dependencies of target cartographer_test_library[0m
[461.048s] [ 57%] [32mBuilding CXX object CMakeFiles/cartographer_test_library.dir/cartographer/io/fake_file_writer.cc.o[0m
[463.812s] [ 57%] [32mBuilding CXX object CMakeFiles/cartographer_test_library.dir/cartographer/mapping/internal/testing/test_helpers.cc.o[0m
[469.635s] [ 58%] [32mBuilding CXX object CMakeFiles/cartographer_test_library.dir/cartographer/io/fake_file_writer_test.cc.o[0m
[473.397s] [ 58%] [32m[1mLinking CXX static library libcartographer_test_library.a[0m
[473.440s] [ 58%] Built target cartographer_test_library
[473.457s] [35m[1mScanning dependencies of target cartographer.transform.transform_test[0m
[473.528s] [ 58%] [32mBuilding CXX object CMakeFiles/cartographer.transform.transform_test.dir/cartographer/transform/transform_test.cc.o[0m
[480.453s] [ 58%] [32m[1mLinking CXX executable cartographer.transform.transform_test[0m
[480.629s] [ 58%] Built target cartographer.transform.transform_test
[480.643s] [35m[1mScanning dependencies of target cartographer.mapping.pose_graph_test[0m
[480.719s] [ 59%] [32mBuilding CXX object CMakeFiles/cartographer.mapping.pose_graph_test.dir/cartographer/mapping/pose_graph_test.cc.o[0m
[485.602s] [ 59%] [32m[1mLinking CXX executable cartographer.mapping.pose_graph_test[0m
[485.930s] [ 59%] Built target cartographer.mapping.pose_graph_test
[485.951s] [35m[1mScanning dependencies of target cartographer.mapping.3d.range_data_inserter_3d_test[0m
[486.042s] [ 59%] [32mBuilding CXX object CMakeFiles/cartographer.mapping.3d.range_data_inserter_3d_test.dir/cartographer/mapping/3d/range_data_inserter_3d_test.cc.o[0m
[492.166s] [ 60%] [32m[1mLinking CXX executable cartographer.mapping.3d.range_data_inserter_3d_test[0m
[492.366s] [ 60%] Built target cartographer.mapping.3d.range_data_inserter_3d_test
[492.390s] [35m[1mScanning dependencies of target cartographer.mapping.2d.probability_grid_test[0m
[492.449s] [ 60%] [32mBuilding CXX object CMakeFiles/cartographer.mapping.2d.probability_grid_test.dir/cartographer/mapping/2d/probability_grid_test.cc.o[0m
[499.287s] [ 61%] [32m[1mLinking CXX executable cartographer.mapping.2d.probability_grid_test[0m
[499.578s] [ 61%] Built target cartographer.mapping.2d.probability_grid_test
[499.614s] [35m[1mScanning dependencies of target cartographer.sensor.landmark_data_test[0m
[499.691s] [ 61%] [32mBuilding CXX object CMakeFiles/cartographer.sensor.landmark_data_test.dir/cartographer/sensor/landmark_data_test.cc.o[0m
[509.154s] [ 62%] [32m[1mLinking CXX executable cartographer.sensor.landmark_data_test[0m
[509.372s] [ 62%] Built target cartographer.sensor.landmark_data_test
[509.387s] [35m[1mScanning dependencies of target cartographer.mapping.3d.hybrid_grid_test[0m
[509.461s] [ 63%] [32mBuilding CXX object CMakeFiles/cartographer.mapping.3d.hybrid_grid_test.dir/cartographer/mapping/3d/hybrid_grid_test.cc.o[0m
[517.891s] [ 63%] [32m[1mLinking CXX executable cartographer.mapping.3d.hybrid_grid_test[0m
[518.039s] [ 63%] Built target cartographer.mapping.3d.hybrid_grid_test
[518.051s] [35m[1mScanning dependencies of target cartographer.io.points_processor_pipeline_builder_test[0m
[518.079s] [ 63%] [32mBuilding CXX object CMakeFiles/cartographer.io.points_processor_pipeline_builder_test.dir/cartographer/io/points_processor_pipeline_builder_test.cc.o[0m
[521.942s] [ 64%] [32m[1mLinking CXX executable cartographer.io.points_processor_pipeline_builder_test[0m
[522.181s] [ 64%] Built target cartographer.io.points_processor_pipeline_builder_test
[522.192s] [35m[1mScanning dependencies of target cartographer.common.fixed_ratio_sampler_test[0m
[522.214s] [ 65%] [32mBuilding CXX object CMakeFiles/cartographer.common.fixed_ratio_sampler_test.dir/cartographer/common/fixed_ratio_sampler_test.cc.o[0m
[525.281s] [ 65%] [32m[1mLinking CXX executable cartographer.common.fixed_ratio_sampler_test[0m
[525.430s] [ 65%] Built target cartographer.common.fixed_ratio_sampler_test
[525.441s] [35m[1mScanning dependencies of target cartographer.common.rate_timer_test[0m
[525.474s] [ 66%] [32mBuilding CXX object CMakeFiles/cartographer.common.rate_timer_test.dir/cartographer/common/rate_timer_test.cc.o[0m
[528.893s] [ 66%] [32m[1mLinking CXX executable cartographer.common.rate_timer_test[0m
[529.009s] [ 66%] Built target cartographer.common.rate_timer_test
[529.021s] [35m[1mScanning dependencies of target cartographer.io.serialization_format_migration_test[0m
[529.056s] [ 66%] [32mBuilding CXX object CMakeFiles/cartographer.io.serialization_format_migration_test.dir/cartographer/io/serialization_format_migration_test.cc.o[0m
[533.694s] [ 67%] [32m[1mLinking CXX executable cartographer.io.serialization_format_migration_test[0m
[533.972s] [ 67%] Built target cartographer.io.serialization_format_migration_test
[533.992s] [35m[1mScanning dependencies of target cartographer.mapping.2d.map_limits_test[0m
[534.089s] [ 67%] [32mBuilding CXX object CMakeFiles/cartographer.mapping.2d.map_limits_test.dir/cartographer/mapping/2d/map_limits_test.cc.o[0m
[536.108s] [35m[1mScanning dependencies of target cartographer.mapping.trajectory_node_test[0m
[536.283s] [ 67%] [32mBuilding CXX object CMakeFiles/cartographer.mapping.trajectory_node_test.dir/cartographer/mapping/trajectory_node_test.cc.o[0m
[538.302s] [35m[1mScanning dependencies of target cartographer.sensor.internal.voxel_filter_test[0m
[538.456s] [ 67%] [32mBuilding CXX object CMakeFiles/cartographer.sensor.internal.voxel_filter_test.dir/cartographer/sensor/internal/voxel_filter_test.cc.o[0m
[539.862s] [ 67%] [32m[1mLinking CXX executable cartographer.mapping.2d.map_limits_test[0m
[540.281s] [ 67%] Built target cartographer.mapping.2d.map_limits_test
[547.783s] [ 67%] [32m[1mLinking CXX executable cartographer.mapping.trajectory_node_test[0m
[548.203s] [ 67%] Built target cartographer.mapping.trajectory_node_test
[548.857s] [ 67%] [32m[1mLinking CXX executable cartographer.sensor.internal.voxel_filter_test[0m
[549.177s] [ 67%] Built target cartographer.sensor.internal.voxel_filter_test
[549.211s] [35m[1mScanning dependencies of target cartographer.mapping.3d.submap_3d_test[0m
[549.330s] [ 67%] [32mBuilding CXX object CMakeFiles/cartographer.mapping.3d.submap_3d_test.dir/cartographer/mapping/3d/submap_3d_test.cc.o[0m
[554.620s] [ 67%] [32m[1mLinking CXX executable cartographer.mapping.3d.submap_3d_test[0m
[554.878s] [ 67%] Built target cartographer.mapping.3d.submap_3d_test
[554.893s] [35m[1mScanning dependencies of target cartographer.mapping.internal.constraints.constraint_builder_3d_test[0m
[554.977s] [ 68%] [32mBuilding CXX object CMakeFiles/cartographer.mapping.internal.constraints.constraint_builder_3d_test.dir/cartographer/mapping/internal/constraints/constraint_builder_3d_test.cc.o[0m
[563.092s] [ 68%] [32m[1mLinking CXX executable cartographer.mapping.internal.constraints.constraint_builder_3d_test[0m
[563.402s] [ 68%] Built target cartographer.mapping.internal.constraints.constraint_builder_3d_test
[563.415s] [35m[1mScanning dependencies of target cartographer.io.proto_stream_deserializer_test[0m
[563.441s] [ 68%] [32mBuilding CXX object CMakeFiles/cartographer.io.proto_stream_deserializer_test.dir/cartographer/io/proto_stream_deserializer_test.cc.o[0m
[567.097s] [ 68%] [32m[1mLinking CXX executable cartographer.io.proto_stream_deserializer_test[0m
[567.292s] [ 68%] Built target cartographer.io.proto_stream_deserializer_test
[567.304s] [35m[1mScanning dependencies of target cartographer.common.lockless_queue_test[0m
[567.332s] [ 68%] [32mBuilding CXX object CMakeFiles/cartographer.common.lockless_queue_test.dir/cartographer/common/lockless_queue_test.cc.o[0m
[568.520s] [ 69%] [32m[1mLinking CXX executable cartographer.common.lockless_queue_test[0m
[568.702s] [ 69%] Built target cartographer.common.lockless_queue_test
[568.722s] [35m[1mScanning dependencies of target cartographer.mapping.2d.range_data_inserter_2d_test[0m
[568.806s] [ 69%] [32mBuilding CXX object CMakeFiles/cartographer.mapping.2d.range_data_inserter_2d_test.dir/cartographer/mapping/2d/range_data_inserter_2d_test.cc.o[0m
[573.706s] [ 69%] [32m[1mLinking CXX executable cartographer.mapping.2d.range_data_inserter_2d_test[0m
[573.910s] [ 69%] Built target cartographer.mapping.2d.range_data_inserter_2d_test
[573.926s] [35m[1mScanning dependencies of target cartographer.mapping.internal.2d.scan_matching.ceres_scan_matcher_2d_test[0m
[573.967s] [ 69%] [32mBuilding CXX object CMakeFiles/cartographer.mapping.internal.2d.scan_matching.ceres_scan_matcher_2d_test.dir/cartographer/mapping/internal/2d/scan_matching/ceres_scan_matcher_2d_test.cc.o[0m
[581.922s] [ 69%] [32m[1mLinking CXX executable cartographer.mapping.internal.2d.scan_matching.ceres_scan_matcher_2d_test[0m
[582.205s] [ 69%] Built target cartographer.mapping.internal.2d.scan_matching.ceres_scan_matcher_2d_test
[582.232s] [35m[1mScanning dependencies of target cartographer.common.blocking_queue_test[0m
[582.264s] [ 69%] [32mBuilding CXX object CMakeFiles/cartographer.common.blocking_queue_test.dir/cartographer/common/blocking_queue_test.cc.o[0m
[586.638s] [ 70%] [32m[1mLinking CXX executable cartographer.common.blocking_queue_test[0m
[586.815s] [ 70%] Built target cartographer.common.blocking_queue_test
[586.847s] [35m[1mScanning dependencies of target cartographer.mapping.internal.motion_filter_test[0m
[586.915s] [ 70%] [32mBuilding CXX object CMakeFiles/cartographer.mapping.internal.motion_filter_test.dir/cartographer/mapping/internal/motion_filter_test.cc.o[0m
[590.943s] [35m[1mScanning dependencies of target cartographer.sensor.point_cloud_test[0m
[591.013s] [ 71%] [32mBuilding CXX object CMakeFiles/cartographer.sensor.point_cloud_test.dir/cartographer/sensor/point_cloud_test.cc.o[0m
[591.576s] [ 72%] [32m[1mLinking CXX executable cartographer.mapping.internal.motion_filter_test[0m
[591.881s] [ 72%] Built target cartographer.mapping.internal.motion_filter_test
[592.932s] [35m[1mScanning dependencies of target cartographer.mapping.internal.optimization.cost_functions.spa_cost_function_2d_test[0m
[593.076s] [ 72%] [32mBuilding CXX object CMakeFiles/cartographer.mapping.internal.optimization.cost_functions.spa_cost_function_2d_test.dir/cartographer/mapping/internal/optimization/cost_functions/spa_cost_function_2d_test.cc.o[0m
[595.091s] [35m[1mScanning dependencies of target cartographer.mapping.submaps_test[0m
[595.249s] [ 72%] [32mBuilding CXX object CMakeFiles/cartographer.mapping.submaps_test.dir/cartographer/mapping/submaps_test.cc.o[0m
[599.249s] [ 72%] [32m[1mLinking CXX executable cartographer.sensor.point_cloud_test[0m
[599.722s] [ 72%] Built target cartographer.sensor.point_cloud_test
[604.662s] [ 73%] [32m[1mLinking CXX executable cartographer.mapping.submaps_test[0m
[604.929s] [ 73%] Built target cartographer.mapping.submaps_test
[607.289s] [ 73%] [32m[1mLinking CXX executable cartographer.mapping.internal.optimization.cost_functions.spa_cost_function_2d_test[0m
[607.669s] [ 73%] Built target cartographer.mapping.internal.optimization.cost_functions.spa_cost_function_2d_test
[607.727s] [35m[1mScanning dependencies of target cartographer.transform.transform_interpolation_buffer_test[0m
[607.878s] [ 73%] [32mBuilding CXX object CMakeFiles/cartographer.transform.transform_interpolation_buffer_test.dir/cartographer/transform/transform_interpolation_buffer_test.cc.o[0m
[617.026s] [ 74%] [32m[1mLinking CXX executable cartographer.transform.transform_interpolation_buffer_test[0m
[617.340s] [ 74%] Built target cartographer.transform.transform_interpolation_buffer_test
[617.392s] [35m[1mScanning dependencies of target cartographer.common.lua_parameter_dictionary_test[0m
[617.463s] [ 74%] [32mBuilding CXX object CMakeFiles/cartographer.common.lua_parameter_dictionary_test.dir/cartographer/common/lua_parameter_dictionary_test.cc.o[0m
[624.382s] [ 74%] [32m[1mLinking CXX executable cartographer.common.lua_parameter_dictionary_test[0m
[624.708s] [ 74%] Built target cartographer.common.lua_parameter_dictionary_test
[624.748s] [35m[1mScanning dependencies of target cartographer.io.fake_file_writer_test[0m
[624.841s] [ 74%] [32mBuilding CXX object CMakeFiles/cartographer.io.fake_file_writer_test.dir/cartographer/io/fake_file_writer_test.cc.o[0m
[631.520s] [ 75%] [32m[1mLinking CXX executable cartographer.io.fake_file_writer_test[0m
[632.004s] [ 75%] Built target cartographer.io.fake_file_writer_test
[632.064s] [35m[1mScanning dependencies of target cartographer.mapping.internal.3d.scan_matching.ceres_scan_matcher_3d_test[0m
[632.199s] [ 75%] [32mBuilding CXX object CMakeFiles/cartographer.mapping.internal.3d.scan_matching.ceres_scan_matcher_3d_test.dir/cartographer/mapping/internal/3d/scan_matching/ceres_scan_matcher_3d_test.cc.o[0m
[644.976s] [ 76%] [32m[1mLinking CXX executable cartographer.mapping.internal.3d.scan_matching.ceres_scan_matcher_3d_test[0m
[645.330s] [ 76%] Built target cartographer.mapping.internal.3d.scan_matching.ceres_scan_matcher_3d_test
[645.386s] [35m[1mScanning dependencies of target cartographer.common.math_test[0m
[645.499s] [ 76%] [32mBuilding CXX object CMakeFiles/cartographer.common.math_test.dir/cartographer/common/math_test.cc.o[0m
[649.969s] [ 77%] [32m[1mLinking CXX executable cartographer.common.math_test[0m
[650.157s] [ 77%] Built target cartographer.common.math_test
[650.175s] [35m[1mScanning dependencies of target cartographer.io.internal.in_memory_proto_stream_test[0m
[650.215s] [ 77%] [32mBuilding CXX object CMakeFiles/cartographer.io.internal.in_memory_proto_stream_test.dir/cartographer/io/internal/in_memory_proto_stream_test.cc.o[0m
[653.842s] [ 77%] [32m[1mLinking CXX executable cartographer.io.internal.in_memory_proto_stream_test[0m
[654.115s] [ 77%] Built target cartographer.io.internal.in_memory_proto_stream_test
[654.127s] [35m[1mScanning dependencies of target cartographer.mapping.internal.3d.scan_matching.fast_correlative_scan_matcher_3d_test[0m
[654.181s] [ 77%] [32mBuilding CXX object CMakeFiles/cartographer.mapping.internal.3d.scan_matching.fast_correlative_scan_matcher_3d_test.dir/cartographer/mapping/internal/3d/scan_matching/fast_correlative_scan_matcher_3d_test.cc.o[0m
[663.868s] [ 77%] [32m[1mLinking CXX executable cartographer.mapping.internal.3d.scan_matching.fast_correlative_scan_matcher_3d_test[0m
[664.118s] [ 77%] Built target cartographer.mapping.internal.3d.scan_matching.fast_correlative_scan_matcher_3d_test
[664.138s] [35m[1mScanning dependencies of target cartographer.common.optional_test[0m
[664.182s] [ 77%] [32mBuilding CXX object CMakeFiles/cartographer.common.optional_test.dir/cartographer/common/optional_test.cc.o[0m
[665.623s] [ 77%] [32m[1mLinking CXX executable cartographer.common.optional_test[0m
[665.842s] [ 77%] Built target cartographer.common.optional_test
[665.854s] [35m[1mScanning dependencies of target cartographer.mapping.id_test[0m
[665.881s] [ 78%] [32mBuilding CXX object CMakeFiles/cartographer.mapping.id_test.dir/cartographer/mapping/id_test.cc.o[0m
[669.209s] make[2]: *** [CMakeFiles/cartographer.mapping.id_test.dir/build.make:63: CMakeFiles/cartographer.mapping.id_test.dir/cartographer/mapping/id_test.cc.o] ä¸­æ–­
[669.209s] make[1]: *** [CMakeFiles/Makefile2:1509: CMakeFiles/cartographer.mapping.id_test.dir/all] ä¸­æ–­
[669.209s] make: *** [Makefile:141: all] ä¸­æ–­
[669.253s] Invoked command in '/home/ros2/ros2_learn/fishbot_ws/build/cartographer' returned '-2': CMAKE_PREFIX_PATH=/opt/ros/galactic /usr/bin/cmake --build /home/ros2/ros2_learn/fishbot_ws/build/cartographer -- -j4 -l4
