[0.126s] Invoking command in '/home/ros2/ros2_learn/cartoros2_ws/build/cartographer': CMAKE_PREFIX_PATH=/opt/ros/galactic /usr/bin/cmake --build /home/ros2/ros2_learn/cartoros2_ws/build/cartographer -- -j4 -l4
[0.346s] [  1%] Built target gtest
[0.378s] [  1%] [34m[1mBuilding documentation.[0m
[0.457s] [  1%] Built target cartographer_detect_changes
[0.485s] [  2%] Built target gmock
[0.571s] [  2%] Built target gmock_main
[0.883s] [  2%] [32mBuilding CXX object CMakeFiles/cartographer.dir/cartographer/mapping/internal/imu_based_pose_extrapolator.cc.o[0m
[0.921s] [  2%] [32mBuilding CXX object CMakeFiles/cartographer.dir/cartographer/mapping/internal/optimization/cost_functions/spa_cost_function_2d.cc.o[0m
[0.927s] [  2%] [32mBuilding CXX object CMakeFiles/cartographer.dir/cartographer/mapping/internal/optimization/optimization_problem_2d.cc.o[0m
[1.291s] [01mRunning Sphinx v1.8.5[39;49;00m
[1.643s] [01mloading pickled environment... [39;49;00mdone
[1.651s] [01mbuilding [mo]: [39;49;00mtargets for 0 po files that are out of date
[1.655s] [01mbuilding [html][39;49;00m: targets for 0 source files that are out of date
[1.657s] [01mupdating environment: [39;49;00m0 added, 0 changed, 0 removed
[1.657s] [01mlooking for now-outdated files... [39;49;00mnone found
[1.657s] [01mno targets are out of date.[39;49;00m
[1.658s] [01mbuild succeeded.[39;49;00m
[1.658s] 
[1.658s] The HTML pages are in html.
[1.806s] [  2%] Built target build_doc
[1.827s] [  3%] [32mBuilding CXX object CMakeFiles/cartographer.dir/cartographer/mapping/internal/optimization/optimization_problem_3d.cc.o[0m
[8.669s] [  3%] [32mBuilding CXX object CMakeFiles/cartographer.dir/cartographer/mapping/internal/optimization/optimization_problem_options.cc.o[0m
[13.448s] [  3%] [32mBuilding CXX object CMakeFiles/cartographer.dir/cartographer/mapping/internal/range_data_collator.cc.o[0m
[17.531s] [  4%] [32mBuilding CXX object CMakeFiles/cartographer.dir/cartographer/mapping/internal/scan_matching/real_time_correlative_scan_matcher.cc.o[0m
[20.484s] [  4%] [32mBuilding CXX object CMakeFiles/cartographer.dir/cartographer/mapping/internal/submap_controller.cc.o[0m
[20.766s] [  4%] [32mBuilding CXX object CMakeFiles/cartographer.dir/cartographer/mapping/internal/trajectory_connectivity_state.cc.o[0m
[21.043s] [  4%] [32mBuilding CXX object CMakeFiles/cartographer.dir/cartographer/mapping/map_builder.cc.o[0m
[26.553s] [  5%] [32mBuilding CXX object CMakeFiles/cartographer.dir/cartographer/mapping/map_builder_interface.cc.o[0m
[26.857s] [  5%] [32mBuilding CXX object CMakeFiles/cartographer.dir/cartographer/mapping/pose_extrapolator.cc.o[0m
[29.053s] [  5%] [32mBuilding CXX object CMakeFiles/cartographer.dir/cartographer/mapping/pose_extrapolator_interface.cc.o[0m
[31.034s] [  5%] [32mBuilding CXX object CMakeFiles/cartographer.dir/cartographer/mapping/pose_graph.cc.o[0m
[32.375s] [  6%] [32mBuilding CXX object CMakeFiles/cartographer.dir/cartographer/mapping/pose_graph_trimmer.cc.o[0m
[32.539s] [  6%] [32mBuilding CXX object CMakeFiles/cartographer.dir/cartographer/mapping/probability_values.cc.o[0m
[33.244s] [  6%] [32mBuilding CXX object CMakeFiles/cartographer.dir/cartographer/mapping/range_data_inserter_interface.cc.o[0m
[35.853s] [  6%] [32mBuilding CXX object CMakeFiles/cartographer.dir/cartographer/mapping/trajectory_builder_interface.cc.o[0m
[37.298s] [  7%] [32mBuilding CXX object CMakeFiles/cartographer.dir/cartographer/mapping/trajectory_node.cc.o[0m
[37.407s] [  7%] [32mBuilding CXX object CMakeFiles/cartographer.dir/cartographer/mapping/value_conversion_tables.cc.o[0m
[38.006s] [  7%] [32mBuilding CXX object CMakeFiles/cartographer.dir/cartographer/metrics/counter.cc.o[0m
[38.340s] [  7%] [32mBuilding CXX object CMakeFiles/cartographer.dir/cartographer/metrics/gauge.cc.o[0m
[38.740s] [  8%] [32mBuilding CXX object CMakeFiles/cartographer.dir/cartographer/metrics/histogram.cc.o[0m
[39.369s] [  8%] [32mBuilding CXX object CMakeFiles/cartographer.dir/cartographer/metrics/register.cc.o[0m
[39.660s] [  8%] [32mBuilding CXX object CMakeFiles/cartographer.dir/cartographer/sensor/compressed_point_cloud.cc.o[0m
[40.969s] [  8%] [32mBuilding CXX object CMakeFiles/cartographer.dir/cartographer/sensor/fixed_frame_pose_data.cc.o[0m
[41.483s] [  9%] [32mBuilding CXX object CMakeFiles/cartographer.dir/cartographer/sensor/imu_data.cc.o[0m
[45.673s] [  9%] [32mBuilding CXX object CMakeFiles/cartographer.dir/cartographer/sensor/internal/collator.cc.o[0m
[46.095s] [  9%] [32mBuilding CXX object CMakeFiles/cartographer.dir/cartographer/sensor/internal/trajectory_collator.cc.o[0m
[46.095s] [  9%] [32mBuilding CXX object CMakeFiles/cartographer.dir/cartographer/sensor/internal/ordered_multi_queue.cc.o[0m
[47.374s] [ 10%] [32mBuilding CXX object CMakeFiles/cartographer.dir/cartographer/sensor/internal/voxel_filter.cc.o[0m
[51.656s] [ 10%] [32mBuilding CXX object CMakeFiles/cartographer.dir/cartographer/sensor/landmark_data.cc.o[0m
[52.015s] [ 10%] [32mBuilding CXX object CMakeFiles/cartographer.dir/cartographer/sensor/odometry_data.cc.o[0m
[53.353s] [ 10%] [32mBuilding CXX object CMakeFiles/cartographer.dir/cartographer/sensor/point_cloud.cc.o[0m
[53.663s] [ 11%] [32mBuilding CXX object CMakeFiles/cartographer.dir/cartographer/sensor/range_data.cc.o[0m
[56.240s] [ 11%] [32mBuilding CXX object CMakeFiles/cartographer.dir/cartographer/sensor/timed_point_cloud_data.cc.o[0m
[56.409s] [ 11%] [32mBuilding CXX object CMakeFiles/cartographer.dir/cartographer/transform/rigid_transform.cc.o[0m
[58.516s] [ 12%] [32mBuilding CXX object CMakeFiles/cartographer.dir/cartographer/transform/timestamped_transform.cc.o[0m
[58.558s] [ 12%] [32mBuilding CXX object CMakeFiles/cartographer.dir/cartographer/transform/transform.cc.o[0m
[60.057s] [ 12%] [32mBuilding CXX object CMakeFiles/cartographer.dir/cartographer/transform/transform_interpolation_buffer.cc.o[0m
[60.720s] [ 12%] [32mBuilding CXX object CMakeFiles/cartographer.dir/cartographer/common/proto/ceres_solver_options.pb.cc.o[0m
[62.438s] [ 13%] [32mBuilding CXX object CMakeFiles/cartographer.dir/cartographer/ground_truth/proto/relations.pb.cc.o[0m
[62.676s] [ 13%] [32mBuilding CXX object CMakeFiles/cartographer.dir/cartographer/mapping/proto/cell_limits_2d.pb.cc.o[0m
[62.903s] [ 13%] [32mBuilding CXX object CMakeFiles/cartographer.dir/cartographer/mapping/proto/connected_components.pb.cc.o[0m
[63.889s] [ 13%] [32mBuilding CXX object CMakeFiles/cartographer.dir/cartographer/mapping/proto/grid_2d.pb.cc.o[0m
[64.029s] [ 14%] [32mBuilding CXX object CMakeFiles/cartographer.dir/cartographer/mapping/proto/grid_2d_options.pb.cc.o[0m
[64.367s] [ 14%] [32mBuilding CXX object CMakeFiles/cartographer.dir/cartographer/mapping/proto/hybrid_grid.pb.cc.o[0m
[64.455s] [ 14%] [32mBuilding CXX object CMakeFiles/cartographer.dir/cartographer/mapping/proto/local_trajectory_builder_options_2d.pb.cc.o[0m
[65.343s] [ 14%] [32mBuilding CXX object CMakeFiles/cartographer.dir/cartographer/mapping/proto/local_trajectory_builder_options_3d.pb.cc.o[0m
[65.690s] [ 15%] [32mBuilding CXX object CMakeFiles/cartographer.dir/cartographer/mapping/proto/map_builder_options.pb.cc.o[0m
[65.970s] [ 15%] [32mBuilding CXX object CMakeFiles/cartographer.dir/cartographer/mapping/proto/map_limits.pb.cc.o[0m
[66.240s] [ 15%] [32mBuilding CXX object CMakeFiles/cartographer.dir/cartographer/mapping/proto/motion_filter_options.pb.cc.o[0m
[67.486s] [ 15%] [32mBuilding CXX object CMakeFiles/cartographer.dir/cartographer/mapping/proto/normal_estimation_options_2d.pb.cc.o[0m
[67.650s] [ 16%] [32mBuilding CXX object CMakeFiles/cartographer.dir/cartographer/mapping/proto/pose_extrapolator_options.pb.cc.o[0m
[67.672s] [ 16%] [32mBuilding CXX object CMakeFiles/cartographer.dir/cartographer/mapping/proto/pose_graph.pb.cc.o[0m
[67.954s] [ 16%] [32mBuilding CXX object CMakeFiles/cartographer.dir/cartographer/mapping/proto/pose_graph/constraint_builder_options.pb.cc.o[0m
[69.016s] [ 16%] [32mBuilding CXX object CMakeFiles/cartographer.dir/cartographer/mapping/proto/pose_graph/optimization_problem_options.pb.cc.o[0m
[69.667s] [ 17%] [32mBuilding CXX object CMakeFiles/cartographer.dir/cartographer/mapping/proto/pose_graph_options.pb.cc.o[0m
[69.902s] [ 17%] [32mBuilding CXX object CMakeFiles/cartographer.dir/cartographer/mapping/proto/probability_grid.pb.cc.o[0m
[70.653s] [ 17%] [32mBuilding CXX object CMakeFiles/cartographer.dir/cartographer/mapping/proto/probability_grid_range_data_inserter_options_2d.pb.cc.o[0m
[70.810s] [ 17%] [32mBuilding CXX object CMakeFiles/cartographer.dir/cartographer/mapping/proto/range_data_inserter_options.pb.cc.o[0m
[71.580s] [ 18%] [32mBuilding CXX object CMakeFiles/cartographer.dir/cartographer/mapping/proto/range_data_inserter_options_3d.pb.cc.o[0m
[71.780s] [ 18%] [32mBuilding CXX object CMakeFiles/cartographer.dir/cartographer/mapping/proto/scan_matching/ceres_scan_matcher_options_2d.pb.cc.o[0m
[72.478s] [ 18%] [32mBuilding CXX object CMakeFiles/cartographer.dir/cartographer/mapping/proto/scan_matching/ceres_scan_matcher_options_3d.pb.cc.o[0m
[72.723s] [ 18%] [32mBuilding CXX object CMakeFiles/cartographer.dir/cartographer/mapping/proto/scan_matching/fast_correlative_scan_matcher_options_2d.pb.cc.o[0m
[73.257s] [ 19%] [32mBuilding CXX object CMakeFiles/cartographer.dir/cartographer/mapping/proto/scan_matching/fast_correlative_scan_matcher_options_3d.pb.cc.o[0m
[73.347s] [ 19%] [32mBuilding CXX object CMakeFiles/cartographer.dir/cartographer/mapping/proto/scan_matching/real_time_correlative_scan_matcher_options.pb.cc.o[0m
[74.218s] [ 19%] [32mBuilding CXX object CMakeFiles/cartographer.dir/cartographer/mapping/proto/serialization.pb.cc.o[0m
[74.352s] [ 20%] [32mBuilding CXX object CMakeFiles/cartographer.dir/cartographer/mapping/proto/submap.pb.cc.o[0m
[74.751s] [ 20%] [32mBuilding CXX object CMakeFiles/cartographer.dir/cartographer/mapping/proto/submap_visualization.pb.cc.o[0m
[74.796s] [ 20%] [32mBuilding CXX object CMakeFiles/cartographer.dir/cartographer/mapping/proto/submaps_options_2d.pb.cc.o[0m
[76.258s] [ 20%] [32mBuilding CXX object CMakeFiles/cartographer.dir/cartographer/mapping/proto/submaps_options_3d.pb.cc.o[0m
[76.283s] [ 21%] [32mBuilding CXX object CMakeFiles/cartographer.dir/cartographer/mapping/proto/trajectory.pb.cc.o[0m
[77.520s] [ 21%] [32mBuilding CXX object CMakeFiles/cartographer.dir/cartographer/mapping/proto/trajectory_builder_options.pb.cc.o[0m
[77.608s] [ 21%] [32mBuilding CXX object CMakeFiles/cartographer.dir/cartographer/mapping/proto/trajectory_node_data.pb.cc.o[0m
[77.912s] [ 21%] [32mBuilding CXX object CMakeFiles/cartographer.dir/cartographer/mapping/proto/tsdf_2d.pb.cc.o[0m
[78.208s] [ 22%] [32mBuilding CXX object CMakeFiles/cartographer.dir/cartographer/mapping/proto/tsdf_range_data_inserter_options_2d.pb.cc.o[0m
[79.208s] [ 22%] [32mBuilding CXX object CMakeFiles/cartographer.dir/cartographer/sensor/proto/adaptive_voxel_filter_options.pb.cc.o[0m
[79.218s] [ 22%] [32mBuilding CXX object CMakeFiles/cartographer.dir/cartographer/sensor/proto/sensor.pb.cc.o[0m
[79.530s] [ 22%] [32mBuilding CXX object CMakeFiles/cartographer.dir/cartographer/transform/proto/timestamped_transform.pb.cc.o[0m
[80.180s] [ 23%] [32mBuilding CXX object CMakeFiles/cartographer.dir/cartographer/transform/proto/transform.pb.cc.o[0m
[82.951s] [ 23%] [32m[1mLinking CXX static library libcartographer.a[0m
[83.150s] [ 55%] Built target cartographer
[83.169s] [35m[1mScanning dependencies of target cartographer_pbstream[0m
[83.170s] [35m[1mScanning dependencies of target cartographer_test_library[0m
[83.194s] [ 55%] [32mBuilding CXX object CMakeFiles/cartographer_pbstream.dir/cartographer/io/pbstream_main.cc.o[0m
[83.235s] [ 55%] [32mBuilding CXX object CMakeFiles/cartographer_test_library.dir/cartographer/io/fake_file_writer.cc.o[0m
[84.235s] [35m[1mScanning dependencies of target cartographer_autogenerate_ground_truth[0m
[84.284s] [ 55%] [32mBuilding CXX object CMakeFiles/cartographer_autogenerate_ground_truth.dir/cartographer/ground_truth/autogenerate_ground_truth_main.cc.o[0m
[84.378s] [ 56%] [32m[1mLinking CXX executable cartographer_pbstream[0m
[84.793s] [ 56%] Built target cartographer_pbstream
[84.804s] [ 57%] [32mBuilding CXX object CMakeFiles/cartographer_test_library.dir/cartographer/io/fake_file_writer_test.cc.o[0m
[84.813s] [35m[1mScanning dependencies of target cartographer_compute_relations_metrics[0m
[84.861s] [ 57%] [32mBuilding CXX object CMakeFiles/cartographer_compute_relations_metrics.dir/cartographer/ground_truth/compute_relations_metrics_main.cc.o[0m
[85.845s] [ 57%] [32mBuilding CXX object CMakeFiles/cartographer_test_library.dir/cartographer/io/internal/testing/test_helpers.cc.o[0m
[88.711s] [ 58%] [32m[1mLinking CXX executable cartographer_autogenerate_ground_truth[0m
[88.973s] [ 58%] Built target cartographer_autogenerate_ground_truth
[89.007s] [35m[1mScanning dependencies of target cartographer_print_configuration[0m
[89.036s] [ 58%] [32mBuilding CXX object CMakeFiles/cartographer_print_configuration.dir/cartographer/common/print_configuration_main.cc.o[0m
[89.080s] [ 58%] [32mBuilding CXX object CMakeFiles/cartographer_test_library.dir/cartographer/mapping/internal/testing/test_helpers.cc.o[0m
[90.670s] [ 58%] [32m[1mLinking CXX executable cartographer_compute_relations_metrics[0m
[90.919s] [ 58%] Built target cartographer_compute_relations_metrics
[91.760s] [ 58%] [32m[1mLinking CXX executable cartographer_print_configuration[0m
[91.923s] [ 58%] Built target cartographer_print_configuration
[94.344s] [ 58%] [32m[1mLinking CXX static library libcartographer_test_library.a[0m
[94.406s] [ 58%] Built target cartographer_test_library
[94.422s] [35m[1mScanning dependencies of target cartographer.sensor.range_data_test[0m
[94.423s] [35m[1mScanning dependencies of target cartographer.transform.timestamped_transform_test[0m
[94.423s] [35m[1mScanning dependencies of target cartographer.transform.transform_test[0m
[94.472s] [ 58%] [32mBuilding CXX object CMakeFiles/cartographer.transform.transform_test.dir/cartographer/transform/transform_test.cc.o[0m
[94.487s] [ 58%] [32mBuilding CXX object CMakeFiles/cartographer.transform.timestamped_transform_test.dir/cartographer/transform/timestamped_transform_test.cc.o[0m
[94.494s] [ 58%] [32mBuilding CXX object CMakeFiles/cartographer.sensor.range_data_test.dir/cartographer/sensor/range_data_test.cc.o[0m
[95.521s] [35m[1mScanning dependencies of target cartographer.sensor.internal.voxel_filter_test[0m
[95.610s] [ 59%] [32mBuilding CXX object CMakeFiles/cartographer.sensor.internal.voxel_filter_test.dir/cartographer/sensor/internal/voxel_filter_test.cc.o[0m
[100.867s] [ 59%] [32m[1mLinking CXX executable cartographer.sensor.range_data_test[0m
[101.066s] [ 59%] Built target cartographer.sensor.range_data_test
[101.097s] [35m[1mScanning dependencies of target cartographer.mapping.value_conversion_tables_test[0m
[101.135s] [ 59%] [32mBuilding CXX object CMakeFiles/cartographer.mapping.value_conversion_tables_test.dir/cartographer/mapping/value_conversion_tables_test.cc.o[0m
[101.278s] [ 59%] [32m[1mLinking CXX executable cartographer.transform.timestamped_transform_test[0m
[101.581s] [ 59%] Built target cartographer.transform.timestamped_transform_test
[101.607s] [35m[1mScanning dependencies of target cartographer.mapping.pose_graph_test[0m
[101.683s] [ 60%] [32mBuilding CXX object CMakeFiles/cartographer.mapping.pose_graph_test.dir/cartographer/mapping/pose_graph_test.cc.o[0m
[102.544s] [ 60%] [32m[1mLinking CXX executable cartographer.transform.transform_test[0m
[102.709s] [ 60%] Built target cartographer.transform.transform_test
[102.729s] [35m[1mScanning dependencies of target cartographer.mapping.pose_extrapolator_test[0m
[102.804s] [ 60%] [32mBuilding CXX object CMakeFiles/cartographer.mapping.pose_extrapolator_test.dir/cartographer/mapping/pose_extrapolator_test.cc.o[0m
[103.823s] [ 60%] [32m[1mLinking CXX executable cartographer.sensor.internal.voxel_filter_test[0m
[104.054s] [ 60%] Built target cartographer.sensor.internal.voxel_filter_test
[104.088s] [35m[1mScanning dependencies of target cartographer.mapping.probability_values_test[0m
[104.133s] [ 61%] [32mBuilding CXX object CMakeFiles/cartographer.mapping.probability_values_test.dir/cartographer/mapping/probability_values_test.cc.o[0m
[104.161s] [ 61%] [32m[1mLinking CXX executable cartographer.mapping.value_conversion_tables_test[0m
[104.376s] [ 61%] Built target cartographer.mapping.value_conversion_tables_test
[104.408s] [35m[1mScanning dependencies of target cartographer.mapping.map_builder_test[0m
[104.521s] [ 62%] [32mBuilding CXX object CMakeFiles/cartographer.mapping.map_builder_test.dir/cartographer/mapping/map_builder_test.cc.o[0m
[107.046s] [ 62%] [32m[1mLinking CXX executable cartographer.mapping.pose_graph_test[0m
[107.500s] [ 62%] Built target cartographer.mapping.pose_graph_test
[107.525s] [35m[1mScanning dependencies of target cartographer.mapping.internal.trajectory_connectivity_state_test[0m
[107.636s] [ 62%] [32mBuilding CXX object CMakeFiles/cartographer.mapping.internal.trajectory_connectivity_state_test.dir/cartographer/mapping/internal/trajectory_connectivity_state_test.cc.o[0m
[108.707s] [ 62%] [32m[1mLinking CXX executable cartographer.mapping.probability_values_test[0m
[108.907s] [ 62%] Built target cartographer.mapping.probability_values_test
[108.930s] [35m[1mScanning dependencies of target cartographer.mapping.internal.range_data_collator_test[0m
[109.013s] [ 62%] [32mBuilding CXX object CMakeFiles/cartographer.mapping.internal.range_data_collator_test.dir/cartographer/mapping/internal/range_data_collator_test.cc.o[0m
[112.373s] [ 62%] [32m[1mLinking CXX executable cartographer.mapping.pose_extrapolator_test[0m
[112.688s] [ 62%] Built target cartographer.mapping.pose_extrapolator_test
[112.720s] [35m[1mScanning dependencies of target cartographer.sensor.point_cloud_test[0m
[112.825s] [ 62%] [32mBuilding CXX object CMakeFiles/cartographer.sensor.point_cloud_test.dir/cartographer/sensor/point_cloud_test.cc.o[0m
[114.237s] [ 62%] [32m[1mLinking CXX executable cartographer.mapping.internal.trajectory_connectivity_state_test[0m
[114.494s] [ 62%] Built target cartographer.mapping.internal.trajectory_connectivity_state_test
[114.527s] [35m[1mScanning dependencies of target cartographer.mapping.internal.optimization.cost_functions.spa_cost_function_2d_test[0m
[114.594s] [ 62%] [32mBuilding CXX object CMakeFiles/cartographer.mapping.internal.optimization.cost_functions.spa_cost_function_2d_test.dir/cartographer/mapping/internal/optimization/cost_functions/spa_cost_function_2d_test.cc.o[0m
[117.114s] [ 63%] [32m[1mLinking CXX executable cartographer.mapping.internal.range_data_collator_test[0m
[117.329s] [ 63%] Built target cartographer.mapping.internal.range_data_collator_test
[117.351s] [35m[1mScanning dependencies of target cartographer.mapping.internal.motion_filter_test[0m
[117.422s] [ 63%] [32mBuilding CXX object CMakeFiles/cartographer.mapping.internal.motion_filter_test.dir/cartographer/mapping/internal/motion_filter_test.cc.o[0m
[119.046s] [ 63%] [32m[1mLinking CXX executable cartographer.mapping.map_builder_test[0m
[119.653s] [ 63%] Built target cartographer.mapping.map_builder_test
[119.680s] [35m[1mScanning dependencies of target cartographer.mapping.2d.range_data_inserter_2d_test[0m
[119.730s] [ 63%] [32mBuilding CXX object CMakeFiles/cartographer.mapping.2d.range_data_inserter_2d_test.dir/cartographer/mapping/2d/range_data_inserter_2d_test.cc.o[0m
[121.455s] [ 64%] [32m[1mLinking CXX executable cartographer.sensor.point_cloud_test[0m
[121.628s] [ 64%] Built target cartographer.sensor.point_cloud_test
[121.648s] [35m[1mScanning dependencies of target cartographer.mapping.internal.2d.scan_matching.ceres_scan_matcher_2d_test[0m
[121.740s] [ 64%] [32mBuilding CXX object CMakeFiles/cartographer.mapping.internal.2d.scan_matching.ceres_scan_matcher_2d_test.dir/cartographer/mapping/internal/2d/scan_matching/ceres_scan_matcher_2d_test.cc.o[0m
[123.458s] [ 64%] [32m[1mLinking CXX executable cartographer.mapping.internal.motion_filter_test[0m
[123.637s] [ 64%] Built target cartographer.mapping.internal.motion_filter_test
[123.668s] [35m[1mScanning dependencies of target cartographer.sensor.landmark_data_test[0m
[123.820s] [ 64%] [32mBuilding CXX object CMakeFiles/cartographer.sensor.landmark_data_test.dir/cartographer/sensor/landmark_data_test.cc.o[0m
[123.857s] [ 65%] [32m[1mLinking CXX executable cartographer.mapping.internal.optimization.cost_functions.spa_cost_function_2d_test[0m
[124.042s] [ 65%] Built target cartographer.mapping.internal.optimization.cost_functions.spa_cost_function_2d_test
[124.058s] [35m[1mScanning dependencies of target cartographer.mapping.3d.hybrid_grid_test[0m
[124.109s] [ 65%] [32mBuilding CXX object CMakeFiles/cartographer.mapping.3d.hybrid_grid_test.dir/cartographer/mapping/3d/hybrid_grid_test.cc.o[0m
[125.869s] [ 65%] [32m[1mLinking CXX executable cartographer.mapping.2d.range_data_inserter_2d_test[0m
[126.143s] [ 65%] Built target cartographer.mapping.2d.range_data_inserter_2d_test
[126.186s] [35m[1mScanning dependencies of target cartographer.mapping.2d.map_limits_test[0m
[126.240s] [ 65%] [32mBuilding CXX object CMakeFiles/cartographer.mapping.2d.map_limits_test.dir/cartographer/mapping/2d/map_limits_test.cc.o[0m
[129.176s] [ 65%] [32m[1mLinking CXX executable cartographer.mapping.internal.2d.scan_matching.ceres_scan_matcher_2d_test[0m
[129.486s] [ 65%] Built target cartographer.mapping.internal.2d.scan_matching.ceres_scan_matcher_2d_test
[129.508s] [35m[1mScanning dependencies of target cartographer.mapping.internal.constraints.constraint_builder_3d_test[0m
[129.604s] [ 65%] [32mBuilding CXX object CMakeFiles/cartographer.mapping.internal.constraints.constraint_builder_3d_test.dir/cartographer/mapping/internal/constraints/constraint_builder_3d_test.cc.o[0m
[131.765s] [ 65%] [32m[1mLinking CXX executable cartographer.mapping.2d.map_limits_test[0m
[131.985s] [ 65%] Built target cartographer.mapping.2d.map_limits_test
[132.014s] [35m[1mScanning dependencies of target cartographer.io.proto_stream_deserializer_test[0m
[132.060s] [ 65%] [32mBuilding CXX object CMakeFiles/cartographer.io.proto_stream_deserializer_test.dir/cartographer/io/proto_stream_deserializer_test.cc.o[0m
[134.015s] [ 66%] [32m[1mLinking CXX executable cartographer.mapping.3d.hybrid_grid_test[0m
[134.250s] [ 66%] Built target cartographer.mapping.3d.hybrid_grid_test
[134.282s] [35m[1mScanning dependencies of target cartographer.io.points_processor_pipeline_builder_test[0m
[134.393s] [ 66%] [32mBuilding CXX object CMakeFiles/cartographer.io.points_processor_pipeline_builder_test.dir/cartographer/io/points_processor_pipeline_builder_test.cc.o[0m
[134.543s] [ 66%] [32m[1mLinking CXX executable cartographer.sensor.landmark_data_test[0m
[134.774s] [ 66%] Built target cartographer.sensor.landmark_data_test
[137.118s] [ 67%] [32m[1mLinking CXX executable cartographer.io.proto_stream_deserializer_test[0m
[137.502s] [ 67%] Built target cartographer.io.proto_stream_deserializer_test
[140.029s] [ 68%] [32m[1mLinking CXX executable cartographer.io.points_processor_pipeline_builder_test[0m
[140.276s] [ 68%] Built target cartographer.io.points_processor_pipeline_builder_test
[140.583s] [ 69%] [32m[1mLinking CXX executable cartographer.mapping.internal.constraints.constraint_builder_3d_test[0m
[141.013s] [ 69%] Built target cartographer.mapping.internal.constraints.constraint_builder_3d_test
[141.037s] [35m[1mScanning dependencies of target cartographer.mapping.trajectory_node_test[0m
[141.100s] [ 70%] [32mBuilding CXX object CMakeFiles/cartographer.mapping.trajectory_node_test.dir/cartographer/mapping/trajectory_node_test.cc.o[0m
[145.106s] [35m[1mScanning dependencies of target cartographer.mapping.submaps_test[0m
[145.158s] [ 70%] [32mBuilding CXX object CMakeFiles/cartographer.mapping.submaps_test.dir/cartographer/mapping/submaps_test.cc.o[0m
[146.165s] [35m[1mScanning dependencies of target cartographer.common.internal.blocking_queue_test[0m
[146.189s] [35m[1mScanning dependencies of target cartographer.common.fixed_ratio_sampler_test[0m
[146.190s] [ 70%] [32mBuilding CXX object CMakeFiles/cartographer.common.internal.blocking_queue_test.dir/cartographer/common/internal/blocking_queue_test.cc.o[0m
[146.219s] [ 71%] [32mBuilding CXX object CMakeFiles/cartographer.common.fixed_ratio_sampler_test.dir/cartographer/common/fixed_ratio_sampler_test.cc.o[0m
[147.202s] [ 71%] [32m[1mLinking CXX executable cartographer.mapping.trajectory_node_test[0m
[147.493s] [ 71%] Built target cartographer.mapping.trajectory_node_test
[147.532s] [35m[1mScanning dependencies of target cartographer.mapping.3d.submap_3d_test[0m
[147.669s] [ 71%] [32mBuilding CXX object CMakeFiles/cartographer.mapping.3d.submap_3d_test.dir/cartographer/mapping/3d/submap_3d_test.cc.o[0m
[149.516s] [ 71%] [32m[1mLinking CXX executable cartographer.common.fixed_ratio_sampler_test[0m
[149.768s] [ 71%] Built target cartographer.common.fixed_ratio_sampler_test
[149.784s] [35m[1mScanning dependencies of target cartographer.io.serialization_format_migration_test[0m
[149.856s] [ 71%] [32mBuilding CXX object CMakeFiles/cartographer.io.serialization_format_migration_test.dir/cartographer/io/serialization_format_migration_test.cc.o[0m
[150.247s] [ 71%] [32m[1mLinking CXX executable cartographer.mapping.submaps_test[0m
[150.439s] [ 71%] Built target cartographer.mapping.submaps_test
[150.454s] [35m[1mScanning dependencies of target cartographer.io.proto_stream_test[0m
[150.482s] [ 71%] [32mBuilding CXX object CMakeFiles/cartographer.io.proto_stream_test.dir/cartographer/io/proto_stream_test.cc.o[0m
[151.389s] [ 71%] [32m[1mLinking CXX executable cartographer.common.internal.blocking_queue_test[0m
[151.621s] [ 71%] Built target cartographer.common.internal.blocking_queue_test
[151.656s] [35m[1mScanning dependencies of target cartographer.io.fake_file_writer_test[0m
[151.694s] [ 71%] [32mBuilding CXX object CMakeFiles/cartographer.io.fake_file_writer_test.dir/cartographer/io/fake_file_writer_test.cc.o[0m
[154.627s] [ 71%] [32m[1mLinking CXX executable cartographer.io.proto_stream_test[0m
[155.014s] [ 71%] Built target cartographer.io.proto_stream_test
[155.980s] [ 72%] [32m[1mLinking CXX executable cartographer.mapping.3d.submap_3d_test[0m
[156.409s] [ 72%] Built target cartographer.mapping.3d.submap_3d_test
[156.613s] [ 72%] [32m[1mLinking CXX executable cartographer.io.fake_file_writer_test[0m
[156.804s] [ 72%] Built target cartographer.io.fake_file_writer_test
[158.172s] [ 73%] [32m[1mLinking CXX executable cartographer.io.serialization_format_migration_test[0m
[158.838s] [ 73%] Built target cartographer.io.serialization_format_migration_test
[158.867s] [35m[1mScanning dependencies of target cartographer.common.lua_parameter_dictionary_test[0m
[158.898s] [ 73%] [32mBuilding CXX object CMakeFiles/cartographer.common.lua_parameter_dictionary_test.dir/cartographer/common/lua_parameter_dictionary_test.cc.o[0m
[163.776s] [ 73%] [32m[1mLinking CXX executable cartographer.common.lua_parameter_dictionary_test[0m
[163.942s] [ 73%] Built target cartographer.common.lua_parameter_dictionary_test
[163.963s] [35m[1mScanning dependencies of target cartographer.common.math_test[0m
[164.008s] [ 74%] [32mBuilding CXX object CMakeFiles/cartographer.common.math_test.dir/cartographer/common/math_test.cc.o[0m
[165.010s] [35m[1mScanning dependencies of target cartographer.io.internal.in_memory_proto_stream_test[0m
[165.057s] [ 75%] [32mBuilding CXX object CMakeFiles/cartographer.io.internal.in_memory_proto_stream_test.dir/cartographer/io/internal/in_memory_proto_stream_test.cc.o[0m
[166.057s] [35m[1mScanning dependencies of target cartographer.transform.transform_interpolation_buffer_test[0m
[166.115s] [ 75%] [32mBuilding CXX object CMakeFiles/cartographer.transform.transform_interpolation_buffer_test.dir/cartographer/transform/transform_interpolation_buffer_test.cc.o[0m
[167.171s] [35m[1mScanning dependencies of target cartographer.mapping.internal.3d.scan_matching.ceres_scan_matcher_3d_test[0m
[167.300s] [ 75%] [32mBuilding CXX object CMakeFiles/cartographer.mapping.internal.3d.scan_matching.ceres_scan_matcher_3d_test.dir/cartographer/mapping/internal/3d/scan_matching/ceres_scan_matcher_3d_test.cc.o[0m
[168.198s] [ 75%] [32m[1mLinking CXX executable cartographer.common.math_test[0m
[168.737s] [ 75%] Built target cartographer.common.math_test
[168.801s] [35m[1mScanning dependencies of target cartographer.mapping.internal.3d.scan_matching.fast_correlative_scan_matcher_3d_test[0m
[168.983s] [ 75%] [32mBuilding CXX object CMakeFiles/cartographer.mapping.internal.3d.scan_matching.fast_correlative_scan_matcher_3d_test.dir/cartographer/mapping/internal/3d/scan_matching/fast_correlative_scan_matcher_3d_test.cc.o[0m
[169.840s] [ 75%] [32m[1mLinking CXX executable cartographer.io.internal.in_memory_proto_stream_test[0m
[170.228s] [ 75%] Built target cartographer.io.internal.in_memory_proto_stream_test
[170.243s] [35m[1mScanning dependencies of target cartographer.mapping.3d.range_data_inserter_3d_test[0m
[170.322s] [ 75%] [32mBuilding CXX object CMakeFiles/cartographer.mapping.3d.range_data_inserter_3d_test.dir/cartographer/mapping/3d/range_data_inserter_3d_test.cc.o[0m
[175.356s] [ 76%] [32m[1mLinking CXX executable cartographer.transform.transform_interpolation_buffer_test[0m
[175.579s] [ 76%] Built target cartographer.transform.transform_interpolation_buffer_test
[175.600s] [35m[1mScanning dependencies of target cartographer.common.internal.rate_timer_test[0m
[175.637s] [ 77%] [32mBuilding CXX object CMakeFiles/cartographer.common.internal.rate_timer_test.dir/cartographer/common/internal/rate_timer_test.cc.o[0m
[178.414s] [ 77%] [32m[1mLinking CXX executable cartographer.mapping.3d.range_data_inserter_3d_test[0m
[178.677s] [ 77%] Built target cartographer.mapping.3d.range_data_inserter_3d_test
[178.710s] [ 78%] [32m[1mLinking CXX executable cartographer.mapping.internal.3d.scan_matching.ceres_scan_matcher_3d_test[0m
[178.720s] [35m[1mScanning dependencies of target cartographer.mapping.id_test[0m
[178.767s] [ 78%] [32mBuilding CXX object CMakeFiles/cartographer.mapping.id_test.dir/cartographer/mapping/id_test.cc.o[0m
[179.021s] [ 78%] Built target cartographer.mapping.internal.3d.scan_matching.ceres_scan_matcher_3d_test
[179.040s] [35m[1mScanning dependencies of target cartographer.transform.rigid_transform_test[0m
[179.104s] [ 78%] [32mBuilding CXX object CMakeFiles/cartographer.transform.rigid_transform_test.dir/cartographer/transform/rigid_transform_test.cc.o[0m
[179.648s] [ 78%] [32m[1mLinking CXX executable cartographer.common.internal.rate_timer_test[0m
[179.828s] [ 78%] Built target cartographer.common.internal.rate_timer_test
[179.845s] [35m[1mScanning dependencies of target cartographer.mapping.internal.optimization.cost_functions.landmark_cost_function_2d_test[0m
[179.917s] [ 78%] [32mBuilding CXX object CMakeFiles/cartographer.mapping.internal.optimization.cost_functions.landmark_cost_function_2d_test.dir/cartographer/mapping/internal/optimization/cost_functions/landmark_cost_function_2d_test.cc.o[0m
[180.845s] [ 78%] [32m[1mLinking CXX executable cartographer.mapping.internal.3d.scan_matching.fast_correlative_scan_matcher_3d_test[0m
[181.156s] [ 78%] Built target cartographer.mapping.internal.3d.scan_matching.fast_correlative_scan_matcher_3d_test
[181.175s] [35m[1mScanning dependencies of target cartographer.common.task_test[0m
[181.207s] [ 78%] [32mBuilding CXX object CMakeFiles/cartographer.common.task_test.dir/cartographer/common/task_test.cc.o[0m
[186.252s] [ 78%] [32m[1mLinking CXX executable cartographer.mapping.id_test[0m
[186.460s] [ 78%] Built target cartographer.mapping.id_test
[186.489s] [35m[1mScanning dependencies of target cartographer.mapping.imu_tracker_test[0m
[186.570s] [ 78%] [32mBuilding CXX object CMakeFiles/cartographer.mapping.imu_tracker_test.dir/cartographer/mapping/imu_tracker_test.cc.o[0m
[186.786s] [ 78%] [32m[1mLinking CXX executable cartographer.common.task_test[0m
[187.038s] [ 78%] Built target cartographer.common.task_test
[187.072s] [35m[1mScanning dependencies of target cartographer.mapping.internal.2d.normal_estimation_2d_test[0m
[187.152s] [ 78%] [32mBuilding CXX object CMakeFiles/cartographer.mapping.internal.2d.normal_estimation_2d_test.dir/cartographer/mapping/internal/2d/normal_estimation_2d_test.cc.o[0m
[191.517s] [ 79%] [32m[1mLinking CXX executable cartographer.mapping.imu_tracker_test[0m
[191.519s] [ 80%] [32m[1mLinking CXX executable cartographer.mapping.internal.optimization.cost_functions.landmark_cost_function_2d_test[0m
[191.704s] [ 80%] Built target cartographer.mapping.imu_tracker_test
[191.721s] [ 80%] Built target cartographer.mapping.internal.optimization.cost_functions.landmark_cost_function_2d_test
[193.740s] [ 81%] [32m[1mLinking CXX executable cartographer.transform.rigid_transform_test[0m
[193.949s] [ 81%] Built target cartographer.transform.rigid_transform_test
[194.370s] [ 81%] [32m[1mLinking CXX executable cartographer.mapping.internal.2d.normal_estimation_2d_test[0m
[194.580s] [ 81%] Built target cartographer.mapping.internal.2d.normal_estimation_2d_test
[194.604s] [35m[1mScanning dependencies of target cartographer.mapping.internal.2d.overlapping_submaps_trimmer_2d_test[0m
[194.671s] [ 82%] [32mBuilding CXX object CMakeFiles/cartographer.mapping.internal.2d.overlapping_submaps_trimmer_2d_test.dir/cartographer/mapping/internal/2d/overlapping_submaps_trimmer_2d_test.cc.o[0m
[195.663s] [35m[1mScanning dependencies of target cartographer.mapping.internal.3d.scan_matching.intensity_cost_function_3d_test[0m
[195.735s] [ 82%] [32mBuilding CXX object CMakeFiles/cartographer.mapping.internal.3d.scan_matching.intensity_cost_function_3d_test.dir/cartographer/mapping/internal/3d/scan_matching/intensity_cost_function_3d_test.cc.o[0m
[196.736s] [35m[1mScanning dependencies of target cartographer.mapping.2d.submap_2d_test[0m
[196.806s] [ 82%] [32mBuilding CXX object CMakeFiles/cartographer.mapping.2d.submap_2d_test.dir/cartographer/mapping/2d/submap_2d_test.cc.o[0m
[197.804s] [35m[1mScanning dependencies of target cartographer.mapping.internal.optimization.optimization_problem_3d_test[0m
[197.894s] [ 82%] [32mBuilding CXX object CMakeFiles/cartographer.mapping.internal.optimization.optimization_problem_3d_test.dir/cartographer/mapping/internal/optimization/optimization_problem_3d_test.cc.o[0m
[203.222s] [ 83%] [32m[1mLinking CXX executable cartographer.mapping.internal.3d.scan_matching.intensity_cost_function_3d_test[0m
[203.466s] [ 83%] Built target cartographer.mapping.internal.3d.scan_matching.intensity_cost_function_3d_test
[203.499s] [35m[1mScanning dependencies of target cartographer.mapping.internal.2d.ray_to_pixel_mask_test[0m
[203.579s] [ 84%] [32mBuilding CXX object CMakeFiles/cartographer.mapping.internal.2d.ray_to_pixel_mask_test.dir/cartographer/mapping/internal/2d/ray_to_pixel_mask_test.cc.o[0m
[204.516s] [ 85%] [32m[1mLinking CXX executable cartographer.mapping.2d.submap_2d_test[0m
[204.889s] [ 85%] Built target cartographer.mapping.2d.submap_2d_test
[204.917s] [35m[1mScanning dependencies of target cartographer.common.configuration_files_test[0m
[205.035s] [ 85%] [32mBuilding CXX object CMakeFiles/cartographer.common.configuration_files_test.dir/cartographer/common/configuration_files_test.cc.o[0m
[205.389s] [ 85%] [32m[1mLinking CXX executable cartographer.mapping.internal.2d.overlapping_submaps_trimmer_2d_test[0m
[205.746s] [ 85%] Built target cartographer.mapping.internal.2d.overlapping_submaps_trimmer_2d_test
[205.774s] [35m[1mScanning dependencies of target cartographer.mapping.internal.2d.scan_matching.correlative_scan_matcher_test[0m
[205.849s] [ 86%] [32mBuilding CXX object CMakeFiles/cartographer.mapping.internal.2d.scan_matching.correlative_scan_matcher_test.dir/cartographer/mapping/internal/2d/scan_matching/correlative_scan_matcher_test.cc.o[0m
[206.621s] [ 86%] [32m[1mLinking CXX executable cartographer.mapping.internal.optimization.optimization_problem_3d_test[0m
[207.023s] [ 86%] Built target cartographer.mapping.internal.optimization.optimization_problem_3d_test
[207.052s] [35m[1mScanning dependencies of target cartographer.common.thread_pool_test[0m
[207.109s] [ 87%] [32mBuilding CXX object CMakeFiles/cartographer.common.thread_pool_test.dir/cartographer/common/thread_pool_test.cc.o[0m
[210.904s] [ 87%] [32m[1mLinking CXX executable cartographer.common.thread_pool_test[0m
[211.066s] [ 87%] [32m[1mLinking CXX executable cartographer.common.configuration_files_test[0m
[211.167s] [ 87%] Built target cartographer.common.thread_pool_test
[211.184s] [35m[1mScanning dependencies of target cartographer.mapping.internal.2d.pose_graph_2d_test[0m
[211.262s] [ 87%] [32mBuilding CXX object CMakeFiles/cartographer.mapping.internal.2d.pose_graph_2d_test.dir/cartographer/mapping/internal/2d/pose_graph_2d_test.cc.o[0m
[211.554s] [ 87%] Built target cartographer.common.configuration_files_test
[211.584s] [35m[1mScanning dependencies of target cartographer.mapping.internal.3d.pose_graph_3d_test[0m
[211.681s] [ 88%] [32mBuilding CXX object CMakeFiles/cartographer.mapping.internal.3d.pose_graph_3d_test.dir/cartographer/mapping/internal/3d/pose_graph_3d_test.cc.o[0m
[212.928s] [ 88%] [32m[1mLinking CXX executable cartographer.mapping.internal.2d.ray_to_pixel_mask_test[0m
[213.106s] [ 88%] [32m[1mLinking CXX executable cartographer.mapping.internal.2d.scan_matching.correlative_scan_matcher_test[0m
[213.225s] [ 88%] Built target cartographer.mapping.internal.2d.ray_to_pixel_mask_test
[213.245s] [35m[1mScanning dependencies of target cartographer.mapping.internal.constraints.constraint_builder_2d_test[0m
[213.321s] [ 88%] Built target cartographer.mapping.internal.2d.scan_matching.correlative_scan_matcher_test
[213.337s] [ 88%] [32mBuilding CXX object CMakeFiles/cartographer.mapping.internal.constraints.constraint_builder_2d_test.dir/cartographer/mapping/internal/constraints/constraint_builder_2d_test.cc.o[0m
[213.350s] [35m[1mScanning dependencies of target cartographer.mapping.internal.2d.scan_matching.fast_correlative_scan_matcher_2d_test[0m
[213.431s] [ 88%] [32mBuilding CXX object CMakeFiles/cartographer.mapping.internal.2d.scan_matching.fast_correlative_scan_matcher_2d_test.dir/cartographer/mapping/internal/2d/scan_matching/fast_correlative_scan_matcher_2d_test.cc.o[0m
[224.125s] [ 88%] [32m[1mLinking CXX executable cartographer.mapping.internal.2d.scan_matching.fast_correlative_scan_matcher_2d_test[0m
[224.337s] [ 88%] [32m[1mLinking CXX executable cartographer.mapping.internal.3d.pose_graph_3d_test[0m
[224.379s] [ 88%] Built target cartographer.mapping.internal.2d.scan_matching.fast_correlative_scan_matcher_2d_test
[224.795s] [ 88%] Built target cartographer.mapping.internal.3d.pose_graph_3d_test
[224.824s] [ 88%] [32m[1mLinking CXX executable cartographer.mapping.internal.constraints.constraint_builder_2d_test[0m
[225.287s] [ 88%] Built target cartographer.mapping.internal.constraints.constraint_builder_2d_test
[225.293s] [35m[1mScanning dependencies of target cartographer.mapping.2d.probability_grid_test[0m
[225.300s] [35m[1mScanning dependencies of target cartographer.mapping.internal.2d.scan_matching.interpolated_tsdf_2d_test[0m
[225.335s] [ 88%] [32mBuilding CXX object CMakeFiles/cartographer.mapping.2d.probability_grid_test.dir/cartographer/mapping/2d/probability_grid_test.cc.o[0m
[225.356s] [ 89%] [32mBuilding CXX object CMakeFiles/cartographer.mapping.internal.2d.scan_matching.interpolated_tsdf_2d_test.dir/cartographer/mapping/internal/2d/scan_matching/interpolated_tsdf_2d_test.cc.o[0m
[226.366s] [35m[1mScanning dependencies of target cartographer.mapping.internal.2d.scan_matching.occupied_space_cost_function_2d_test[0m
[226.462s] [ 89%] [32mBuilding CXX object CMakeFiles/cartographer.mapping.internal.2d.scan_matching.occupied_space_cost_function_2d_test.dir/cartographer/mapping/internal/2d/scan_matching/occupied_space_cost_function_2d_test.cc.o[0m
[226.888s] [ 89%] [32m[1mLinking CXX executable cartographer.mapping.internal.2d.pose_graph_2d_test[0m
[227.392s] [ 89%] Built target cartographer.mapping.internal.2d.pose_graph_2d_test
[227.425s] [35m[1mScanning dependencies of target cartographer.mapping.internal.3d.local_trajectory_builder_3d_test[0m
[227.547s] [ 89%] [32mBuilding CXX object CMakeFiles/cartographer.mapping.internal.3d.local_trajectory_builder_3d_test.dir/cartographer/mapping/internal/3d/local_trajectory_builder_3d_test.cc.o[0m
[231.488s] [ 89%] [32m[1mLinking CXX executable cartographer.mapping.internal.2d.scan_matching.interpolated_tsdf_2d_test[0m
[231.780s] [ 89%] Built target cartographer.mapping.internal.2d.scan_matching.interpolated_tsdf_2d_test
[231.811s] [35m[1mScanning dependencies of target cartographer.mapping.pose_graph_trimmer_test[0m
[231.898s] [ 89%] [32mBuilding CXX object CMakeFiles/cartographer.mapping.pose_graph_trimmer_test.dir/cartographer/mapping/pose_graph_trimmer_test.cc.o[0m
[232.799s] [ 90%] [32m[1mLinking CXX executable cartographer.mapping.2d.probability_grid_test[0m
[233.052s] [ 90%] Built target cartographer.mapping.2d.probability_grid_test
[233.078s] [35m[1mScanning dependencies of target cartographer.mapping.internal.2d.scan_matching.real_time_correlative_scan_matcher_2d_test[0m
[233.138s] [ 91%] [32mBuilding CXX object CMakeFiles/cartographer.mapping.internal.2d.scan_matching.real_time_correlative_scan_matcher_2d_test.dir/cartographer/mapping/internal/2d/scan_matching/real_time_correlative_scan_matcher_2d_test.cc.o[0m
[233.483s] [ 91%] [32m[1mLinking CXX executable cartographer.mapping.internal.2d.scan_matching.occupied_space_cost_function_2d_test[0m
[233.761s] [ 91%] Built target cartographer.mapping.internal.2d.scan_matching.occupied_space_cost_function_2d_test
[233.776s] [35m[1mScanning dependencies of target cartographer.sensor.internal.collator_test[0m
[233.850s] [ 91%] [32mBuilding CXX object CMakeFiles/cartographer.sensor.internal.collator_test.dir/cartographer/sensor/internal/collator_test.cc.o[0m
[238.332s] [ 91%] [32m[1mLinking CXX executable cartographer.mapping.pose_graph_trimmer_test[0m
[238.512s] [ 91%] Built target cartographer.mapping.pose_graph_trimmer_test
[239.328s] [ 91%] [32m[1mLinking CXX executable cartographer.mapping.internal.3d.local_trajectory_builder_3d_test[0m
[239.926s] [ 91%] Built target cartographer.mapping.internal.3d.local_trajectory_builder_3d_test
[240.480s] [ 91%] [32m[1mLinking CXX executable cartographer.mapping.internal.2d.scan_matching.real_time_correlative_scan_matcher_2d_test[0m
[240.716s] [ 91%] Built target cartographer.mapping.internal.2d.scan_matching.real_time_correlative_scan_matcher_2d_test
[241.788s] [ 91%] [32m[1mLinking CXX executable cartographer.sensor.internal.collator_test[0m
[241.932s] [ 91%] Built target cartographer.sensor.internal.collator_test
[241.948s] [35m[1mScanning dependencies of target cartographer.mapping.internal.2d.scan_matching.tsdf_match_cost_function_2d_test[0m
[242.012s] [ 91%] [32mBuilding CXX object CMakeFiles/cartographer.mapping.internal.2d.scan_matching.tsdf_match_cost_function_2d_test.dir/cartographer/mapping/internal/2d/scan_matching/tsdf_match_cost_function_2d_test.cc.o[0m
[245.029s] [35m[1mScanning dependencies of target cartographer.mapping.internal.2d.tsd_value_converter_test[0m
[245.068s] [ 92%] [32mBuilding CXX object CMakeFiles/cartographer.mapping.internal.2d.tsd_value_converter_test.dir/cartographer/mapping/internal/2d/tsd_value_converter_test.cc.o[0m
[246.069s] [35m[1mScanning dependencies of target cartographer.mapping.2d.xy_index_test[0m
[246.106s] [ 92%] [32mBuilding CXX object CMakeFiles/cartographer.mapping.2d.xy_index_test.dir/cartographer/mapping/2d/xy_index_test.cc.o[0m
[247.104s] [35m[1mScanning dependencies of target cartographer.mapping.internal.optimization.cost_functions.landmark_cost_function_3d_test[0m
[247.185s] [ 92%] [32mBuilding CXX object CMakeFiles/cartographer.mapping.internal.optimization.cost_functions.landmark_cost_function_3d_test.dir/cartographer/mapping/internal/optimization/cost_functions/landmark_cost_function_3d_test.cc.o[0m
[248.913s] [ 92%] [32m[1mLinking CXX executable cartographer.mapping.internal.2d.scan_matching.tsdf_match_cost_function_2d_test[0m
[249.167s] [ 92%] Built target cartographer.mapping.internal.2d.scan_matching.tsdf_match_cost_function_2d_test
[249.185s] [35m[1mScanning dependencies of target cartographer.mapping.internal.2d.tsdf_2d_test[0m
[249.244s] [ 92%] [32mBuilding CXX object CMakeFiles/cartographer.mapping.internal.2d.tsdf_2d_test.dir/cartographer/mapping/internal/2d/tsdf_2d_test.cc.o[0m
[249.521s] [ 92%] [32m[1mLinking CXX executable cartographer.mapping.internal.2d.tsd_value_converter_test[0m
[249.688s] [ 92%] Built target cartographer.mapping.internal.2d.tsd_value_converter_test
[249.708s] [35m[1mScanning dependencies of target cartographer.sensor.map_by_time_test[0m
[249.734s] [ 93%] [32mBuilding CXX object CMakeFiles/cartographer.sensor.map_by_time_test.dir/cartographer/sensor/map_by_time_test.cc.o[0m
[251.109s] [ 93%] [32m[1mLinking CXX executable cartographer.mapping.2d.xy_index_test[0m
[251.368s] [ 93%] Built target cartographer.mapping.2d.xy_index_test
[251.400s] [35m[1mScanning dependencies of target cartographer.sensor.internal.ordered_multi_queue_test[0m
[251.508s] [ 94%] [32mBuilding CXX object CMakeFiles/cartographer.sensor.internal.ordered_multi_queue_test.dir/cartographer/sensor/internal/ordered_multi_queue_test.cc.o[0m
[254.737s] [ 94%] [32m[1mLinking CXX executable cartographer.sensor.map_by_time_test[0m
[254.910s] [ 94%] Built target cartographer.sensor.map_by_time_test
[254.929s] [35m[1mScanning dependencies of target cartographer.mapping.internal.3d.scan_matching.rotational_scan_matcher_test[0m
[255.010s] [ 94%] [32mBuilding CXX object CMakeFiles/cartographer.mapping.internal.3d.scan_matching.rotational_scan_matcher_test.dir/cartographer/mapping/internal/3d/scan_matching/rotational_scan_matcher_test.cc.o[0m
[256.090s] [ 94%] [32m[1mLinking CXX executable cartographer.mapping.internal.2d.tsdf_2d_test[0m
[256.360s] [ 94%] Built target cartographer.mapping.internal.2d.tsdf_2d_test
[256.382s] [35m[1mScanning dependencies of target cartographer.mapping.internal.2d.tsdf_range_data_inserter_2d_test[0m
[256.445s] [ 95%] [32mBuilding CXX object CMakeFiles/cartographer.mapping.internal.2d.tsdf_range_data_inserter_2d_test.dir/cartographer/mapping/internal/2d/tsdf_range_data_inserter_2d_test.cc.o[0m
[258.712s] [ 95%] [32m[1mLinking CXX executable cartographer.mapping.internal.optimization.cost_functions.landmark_cost_function_3d_test[0m
[258.944s] [ 95%] [32m[1mLinking CXX executable cartographer.sensor.internal.ordered_multi_queue_test[0m
[258.995s] [ 95%] Built target cartographer.mapping.internal.optimization.cost_functions.landmark_cost_function_3d_test
[259.028s] [35m[1mScanning dependencies of target cartographer.mapping.internal.3d.scan_matching.rotation_delta_cost_functor_3d_test[0m
[259.081s] [ 95%] [32mBuilding CXX object CMakeFiles/cartographer.mapping.internal.3d.scan_matching.rotation_delta_cost_functor_3d_test.dir/cartographer/mapping/internal/3d/scan_matching/rotation_delta_cost_functor_3d_test.cc.o[0m
[259.170s] [ 95%] Built target cartographer.sensor.internal.ordered_multi_queue_test
[259.190s] [35m[1mScanning dependencies of target cartographer.mapping.internal.3d.scan_matching.interpolated_grid_test[0m
[259.276s] [ 95%] [32mBuilding CXX object CMakeFiles/cartographer.mapping.internal.3d.scan_matching.interpolated_grid_test.dir/cartographer/mapping/internal/3d/scan_matching/interpolated_grid_test.cc.o[0m
[260.842s] [ 95%] [32m[1mLinking CXX executable cartographer.mapping.internal.3d.scan_matching.rotational_scan_matcher_test[0m
[261.052s] [ 95%] Built target cartographer.mapping.internal.3d.scan_matching.rotational_scan_matcher_test
[261.096s] [35m[1mScanning dependencies of target cartographer.io.probability_grid_points_processor_test[0m
[261.298s] [ 95%] [32mBuilding CXX object CMakeFiles/cartographer.io.probability_grid_points_processor_test.dir/cartographer/io/probability_grid_points_processor_test.cc.o[0m
[265.388s] [ 96%] [32m[1mLinking CXX executable cartographer.mapping.internal.3d.scan_matching.rotation_delta_cost_functor_3d_test[0m
[265.590s] [ 96%] Built target cartographer.mapping.internal.3d.scan_matching.rotation_delta_cost_functor_3d_test
[265.609s] [35m[1mScanning dependencies of target cartographer.mapping.internal.3d.scan_matching.real_time_correlative_scan_matcher_3d_test[0m
[265.693s] [ 96%] [32mBuilding CXX object CMakeFiles/cartographer.mapping.internal.3d.scan_matching.real_time_correlative_scan_matcher_3d_test.dir/cartographer/mapping/internal/3d/scan_matching/real_time_correlative_scan_matcher_3d_test.cc.o[0m
[265.958s] [ 96%] [32m[1mLinking CXX executable cartographer.mapping.internal.2d.tsdf_range_data_inserter_2d_test[0m
[266.250s] [ 96%] Built target cartographer.mapping.internal.2d.tsdf_range_data_inserter_2d_test
[266.269s] [35m[1mScanning dependencies of target cartographer.sensor.internal.trajectory_collator_test[0m
[266.364s] [ 96%] [32mBuilding CXX object CMakeFiles/cartographer.sensor.internal.trajectory_collator_test.dir/cartographer/sensor/internal/trajectory_collator_test.cc.o[0m
[267.388s] [ 96%] [32m[1mLinking CXX executable cartographer.mapping.internal.3d.scan_matching.interpolated_grid_test[0m
[267.602s] [ 96%] Built target cartographer.mapping.internal.3d.scan_matching.interpolated_grid_test
[267.638s] [35m[1mScanning dependencies of target cartographer.mapping.internal.3d.scan_matching.precomputation_grid_3d_test[0m
[267.749s] [ 96%] [32mBuilding CXX object CMakeFiles/cartographer.mapping.internal.3d.scan_matching.precomputation_grid_3d_test.dir/cartographer/mapping/internal/3d/scan_matching/precomputation_grid_3d_test.cc.o[0m
[270.485s] [ 96%] [32m[1mLinking CXX executable cartographer.io.probability_grid_points_processor_test[0m
[270.803s] [ 96%] Built target cartographer.io.probability_grid_points_processor_test
[274.933s] [ 97%] [32m[1mLinking CXX executable cartographer.mapping.internal.3d.scan_matching.precomputation_grid_3d_test[0m
[275.104s] [ 97%] [32m[1mLinking CXX executable cartographer.sensor.internal.trajectory_collator_test[0m
[275.171s] [ 97%] Built target cartographer.mapping.internal.3d.scan_matching.precomputation_grid_3d_test
[275.292s] [ 97%] Built target cartographer.sensor.internal.trajectory_collator_test
[275.759s] [ 97%] [32m[1mLinking CXX executable cartographer.mapping.internal.3d.scan_matching.real_time_correlative_scan_matcher_3d_test[0m
[275.973s] [ 97%] Built target cartographer.mapping.internal.3d.scan_matching.real_time_correlative_scan_matcher_3d_test
[276.002s] [35m[1mScanning dependencies of target cartographer.mapping.internal.connected_components_test[0m
[276.071s] [ 97%] [32mBuilding CXX object CMakeFiles/cartographer.mapping.internal.connected_components_test.dir/cartographer/mapping/internal/connected_components_test.cc.o[0m
[280.450s] [ 98%] [32m[1mLinking CXX executable cartographer.mapping.internal.connected_components_test[0m
[280.623s] [ 98%] Built target cartographer.mapping.internal.connected_components_test
[280.639s] [35m[1mScanning dependencies of target cartographer.sensor.compressed_point_cloud_test[0m
[280.696s] [100%] [32mBuilding CXX object CMakeFiles/cartographer.sensor.compressed_point_cloud_test.dir/cartographer/sensor/compressed_point_cloud_test.cc.o[0m
[285.985s] [100%] [32m[1mLinking CXX executable cartographer.sensor.compressed_point_cloud_test[0m
[286.173s] [100%] Built target cartographer.sensor.compressed_point_cloud_test
[286.197s] Invoked command in '/home/ros2/ros2_learn/cartoros2_ws/build/cartographer' returned '0': CMAKE_PREFIX_PATH=/opt/ros/galactic /usr/bin/cmake --build /home/ros2/ros2_learn/cartoros2_ws/build/cartographer -- -j4 -l4
[286.888s] Invoking command in '/home/ros2/ros2_learn/cartoros2_ws/build/cartographer': CMAKE_PREFIX_PATH=/opt/ros/galactic /usr/bin/cmake --install /home/ros2/ros2_learn/cartoros2_ws/build/cartographer
[286.906s] -- Install configuration: "Release"
[286.909s] -- Installing: /home/ros2/ros2_learn/cartoros2_ws/install/cartographer/share/cartographer/package.xml
[286.909s] -- Installing: /home/ros2/ros2_learn/cartoros2_ws/install/cartographer/share/cartographer//configuration_files
[286.909s] -- Installing: /home/ros2/ros2_learn/cartoros2_ws/install/cartographer/share/cartographer//configuration_files/trajectory_builder_2d.lua
[286.910s] -- Installing: /home/ros2/ros2_learn/cartoros2_ws/install/cartographer/share/cartographer//configuration_files/pose_graph.lua
[286.910s] -- Installing: /home/ros2/ros2_learn/cartoros2_ws/install/cartographer/share/cartographer//configuration_files/map_builder_server.lua
[286.911s] -- Installing: /home/ros2/ros2_learn/cartoros2_ws/install/cartographer/share/cartographer//configuration_files/trajectory_builder.lua
[286.912s] -- Installing: /home/ros2/ros2_learn/cartoros2_ws/install/cartographer/share/cartographer//configuration_files/trajectory_builder_3d.lua
[286.913s] -- Installing: /home/ros2/ros2_learn/cartoros2_ws/install/cartographer/share/cartographer//configuration_files/map_builder.lua
[286.914s] -- Installing: /home/ros2/ros2_learn/cartoros2_ws/install/cartographer/share/cartographer//cmake
[286.914s] -- Installing: /home/ros2/ros2_learn/cartoros2_ws/install/cartographer/share/cartographer//cmake/functions.cmake
[286.915s] -- Installing: /home/ros2/ros2_learn/cartoros2_ws/install/cartographer/share/cartographer//cmake/modules
[286.916s] -- Installing: /home/ros2/ros2_learn/cartoros2_ws/install/cartographer/share/cartographer//cmake/modules/FindLuaGoogle.cmake
[286.916s] -- Installing: /home/ros2/ros2_learn/cartoros2_ws/install/cartographer/share/cartographer//cmake/modules/FindEigen3.cmake
[286.917s] -- Installing: /home/ros2/ros2_learn/cartoros2_ws/install/cartographer/share/cartographer//cmake/modules/FindGMock.cmake
[286.918s] -- Installing: /home/ros2/ros2_learn/cartoros2_ws/install/cartographer/share/cartographer//cmake/modules/FindSphinx.cmake
[286.919s] -- Installing: /home/ros2/ros2_learn/cartoros2_ws/install/cartographer/bin/cartographer_autogenerate_ground_truth
[286.922s] -- Installing: /home/ros2/ros2_learn/cartoros2_ws/install/cartographer/bin/cartographer_compute_relations_metrics
[286.924s] -- Installing: /home/ros2/ros2_learn/cartoros2_ws/install/cartographer/bin/cartographer_pbstream
[286.928s] -- Installing: /home/ros2/ros2_learn/cartoros2_ws/install/cartographer/bin/cartographer_print_configuration
[286.929s] -- Installing: /home/ros2/ros2_learn/cartoros2_ws/install/cartographer/lib/libcartographer.a
[286.951s] -- Installing: /home/ros2/ros2_learn/cartoros2_ws/install/cartographer/include/cartographer/common/configuration_file_resolver.h
[286.952s] -- Installing: /home/ros2/ros2_learn/cartoros2_ws/install/cartographer/include/cartographer/common/fixed_ratio_sampler.h
[286.953s] -- Installing: /home/ros2/ros2_learn/cartoros2_ws/install/cartographer/include/cartographer/common/histogram.h
[286.953s] -- Installing: /home/ros2/ros2_learn/cartoros2_ws/install/cartographer/include/cartographer/common/lua.h
[286.953s] -- Installing: /home/ros2/ros2_learn/cartoros2_ws/install/cartographer/include/cartographer/common/lua_parameter_dictionary.h
[286.953s] -- Installing: /home/ros2/ros2_learn/cartoros2_ws/install/cartographer/include/cartographer/common/math.h
[286.954s] -- Installing: /home/ros2/ros2_learn/cartoros2_ws/install/cartographer/include/cartographer/common/port.h
[286.954s] -- Installing: /home/ros2/ros2_learn/cartoros2_ws/install/cartographer/include/cartographer/common/task.h
[286.955s] -- Installing: /home/ros2/ros2_learn/cartoros2_ws/install/cartographer/include/cartographer/common/thread_pool.h
[286.955s] -- Installing: /home/ros2/ros2_learn/cartoros2_ws/install/cartographer/include/cartographer/common/time.h
[286.955s] -- Installing: /home/ros2/ros2_learn/cartoros2_ws/install/cartographer/include/cartographer/ground_truth/autogenerate_ground_truth.h
[286.955s] -- Installing: /home/ros2/ros2_learn/cartoros2_ws/install/cartographer/include/cartographer/ground_truth/relations_text_file.h
[286.957s] -- Installing: /home/ros2/ros2_learn/cartoros2_ws/install/cartographer/include/cartographer/io/color.h
[286.958s] -- Installing: /home/ros2/ros2_learn/cartoros2_ws/install/cartographer/include/cartographer/io/coloring_points_processor.h
[286.958s] -- Installing: /home/ros2/ros2_learn/cartoros2_ws/install/cartographer/include/cartographer/io/counting_points_processor.h
[286.959s] -- Installing: /home/ros2/ros2_learn/cartoros2_ws/install/cartographer/include/cartographer/io/draw_trajectories.h
[286.960s] -- Installing: /home/ros2/ros2_learn/cartoros2_ws/install/cartographer/include/cartographer/io/file_writer.h
[286.960s] -- Installing: /home/ros2/ros2_learn/cartoros2_ws/install/cartographer/include/cartographer/io/fixed_ratio_sampling_points_processor.h
[286.961s] -- Installing: /home/ros2/ros2_learn/cartoros2_ws/install/cartographer/include/cartographer/io/frame_id_filtering_points_processor.h
[286.961s] -- Installing: /home/ros2/ros2_learn/cartoros2_ws/install/cartographer/include/cartographer/io/hybrid_grid_points_processor.h
[286.961s] -- Installing: /home/ros2/ros2_learn/cartoros2_ws/install/cartographer/include/cartographer/io/image.h
[286.962s] -- Installing: /home/ros2/ros2_learn/cartoros2_ws/install/cartographer/include/cartographer/io/intensity_to_color_points_processor.h
[286.962s] -- Installing: /home/ros2/ros2_learn/cartoros2_ws/install/cartographer/include/cartographer/io/min_max_range_filtering_points_processor.h
[286.963s] -- Installing: /home/ros2/ros2_learn/cartoros2_ws/install/cartographer/include/cartographer/io/null_points_processor.h
[286.963s] -- Installing: /home/ros2/ros2_learn/cartoros2_ws/install/cartographer/include/cartographer/io/outlier_removing_points_processor.h
[286.964s] -- Installing: /home/ros2/ros2_learn/cartoros2_ws/install/cartographer/include/cartographer/io/pcd_writing_points_processor.h
[286.964s] -- Installing: /home/ros2/ros2_learn/cartoros2_ws/install/cartographer/include/cartographer/io/ply_writing_points_processor.h
[286.965s] -- Installing: /home/ros2/ros2_learn/cartoros2_ws/install/cartographer/include/cartographer/io/points_batch.h
[286.965s] -- Installing: /home/ros2/ros2_learn/cartoros2_ws/install/cartographer/include/cartographer/io/points_processor.h
[286.965s] -- Installing: /home/ros2/ros2_learn/cartoros2_ws/install/cartographer/include/cartographer/io/points_processor_pipeline_builder.h
[286.965s] -- Installing: /home/ros2/ros2_learn/cartoros2_ws/install/cartographer/include/cartographer/io/probability_grid_points_processor.h
[286.965s] -- Installing: /home/ros2/ros2_learn/cartoros2_ws/install/cartographer/include/cartographer/io/proto_stream.h
[286.965s] -- Installing: /home/ros2/ros2_learn/cartoros2_ws/install/cartographer/include/cartographer/io/proto_stream_deserializer.h
[286.965s] -- Installing: /home/ros2/ros2_learn/cartoros2_ws/install/cartographer/include/cartographer/io/proto_stream_interface.h
[286.965s] -- Installing: /home/ros2/ros2_learn/cartoros2_ws/install/cartographer/include/cartographer/io/serialization_format_migration.h
[286.965s] -- Installing: /home/ros2/ros2_learn/cartoros2_ws/install/cartographer/include/cartographer/io/submap_painter.h
[286.966s] -- Installing: /home/ros2/ros2_learn/cartoros2_ws/install/cartographer/include/cartographer/io/vertical_range_filtering_points_processor.h
[286.966s] -- Installing: /home/ros2/ros2_learn/cartoros2_ws/install/cartographer/include/cartographer/io/xray_points_processor.h
[286.967s] -- Installing: /home/ros2/ros2_learn/cartoros2_ws/install/cartographer/include/cartographer/io/xyz_writing_points_processor.h
[286.967s] -- Installing: /home/ros2/ros2_learn/cartoros2_ws/install/cartographer/include/cartographer/mapping/2d/grid_2d.h
[286.967s] -- Installing: /home/ros2/ros2_learn/cartoros2_ws/install/cartographer/include/cartographer/mapping/2d/map_limits.h
[286.967s] -- Installing: /home/ros2/ros2_learn/cartoros2_ws/install/cartographer/include/cartographer/mapping/2d/probability_grid.h
[286.967s] -- Installing: /home/ros2/ros2_learn/cartoros2_ws/install/cartographer/include/cartographer/mapping/2d/probability_grid_range_data_inserter_2d.h
[286.967s] -- Installing: /home/ros2/ros2_learn/cartoros2_ws/install/cartographer/include/cartographer/mapping/2d/submap_2d.h
[286.967s] -- Installing: /home/ros2/ros2_learn/cartoros2_ws/install/cartographer/include/cartographer/mapping/2d/xy_index.h
[286.967s] -- Installing: /home/ros2/ros2_learn/cartoros2_ws/install/cartographer/include/cartographer/mapping/3d/hybrid_grid.h
[286.968s] -- Installing: /home/ros2/ros2_learn/cartoros2_ws/install/cartographer/include/cartographer/mapping/3d/range_data_inserter_3d.h
[286.968s] -- Installing: /home/ros2/ros2_learn/cartoros2_ws/install/cartographer/include/cartographer/mapping/3d/submap_3d.h
[286.968s] -- Installing: /home/ros2/ros2_learn/cartoros2_ws/install/cartographer/include/cartographer/mapping/detect_floors.h
[286.968s] -- Installing: /home/ros2/ros2_learn/cartoros2_ws/install/cartographer/include/cartographer/mapping/grid_interface.h
[286.969s] -- Installing: /home/ros2/ros2_learn/cartoros2_ws/install/cartographer/include/cartographer/mapping/id.h
[286.969s] -- Installing: /home/ros2/ros2_learn/cartoros2_ws/install/cartographer/include/cartographer/mapping/imu_tracker.h
[286.969s] -- Installing: /home/ros2/ros2_learn/cartoros2_ws/install/cartographer/include/cartographer/mapping/map_builder.h
[286.969s] -- Installing: /home/ros2/ros2_learn/cartoros2_ws/install/cartographer/include/cartographer/mapping/map_builder_interface.h
[286.970s] -- Installing: /home/ros2/ros2_learn/cartoros2_ws/install/cartographer/include/cartographer/mapping/pose_extrapolator.h
[286.970s] -- Installing: /home/ros2/ros2_learn/cartoros2_ws/install/cartographer/include/cartographer/mapping/pose_extrapolator_interface.h
[286.970s] -- Installing: /home/ros2/ros2_learn/cartoros2_ws/install/cartographer/include/cartographer/mapping/pose_graph.h
[286.970s] -- Installing: /home/ros2/ros2_learn/cartoros2_ws/install/cartographer/include/cartographer/mapping/pose_graph_interface.h
[286.971s] -- Installing: /home/ros2/ros2_learn/cartoros2_ws/install/cartographer/include/cartographer/mapping/pose_graph_trimmer.h
[286.971s] -- Installing: /home/ros2/ros2_learn/cartoros2_ws/install/cartographer/include/cartographer/mapping/probability_values.h
[286.971s] -- Installing: /home/ros2/ros2_learn/cartoros2_ws/install/cartographer/include/cartographer/mapping/range_data_inserter_interface.h
[286.971s] -- Installing: /home/ros2/ros2_learn/cartoros2_ws/install/cartographer/include/cartographer/mapping/submaps.h
[286.971s] -- Installing: /home/ros2/ros2_learn/cartoros2_ws/install/cartographer/include/cartographer/mapping/trajectory_builder_interface.h
[286.971s] -- Installing: /home/ros2/ros2_learn/cartoros2_ws/install/cartographer/include/cartographer/mapping/trajectory_node.h
[286.971s] -- Installing: /home/ros2/ros2_learn/cartoros2_ws/install/cartographer/include/cartographer/mapping/value_conversion_tables.h
[286.971s] -- Installing: /home/ros2/ros2_learn/cartoros2_ws/install/cartographer/include/cartographer/metrics/counter.h
[286.971s] -- Installing: /home/ros2/ros2_learn/cartoros2_ws/install/cartographer/include/cartographer/metrics/family_factory.h
[286.971s] -- Installing: /home/ros2/ros2_learn/cartoros2_ws/install/cartographer/include/cartographer/metrics/gauge.h
[286.971s] -- Installing: /home/ros2/ros2_learn/cartoros2_ws/install/cartographer/include/cartographer/metrics/histogram.h
[286.972s] -- Installing: /home/ros2/ros2_learn/cartoros2_ws/install/cartographer/include/cartographer/metrics/register.h
[286.972s] -- Installing: /home/ros2/ros2_learn/cartoros2_ws/install/cartographer/include/cartographer/sensor/collator_interface.h
[286.972s] -- Installing: /home/ros2/ros2_learn/cartoros2_ws/install/cartographer/include/cartographer/sensor/compressed_point_cloud.h
[286.972s] -- Installing: /home/ros2/ros2_learn/cartoros2_ws/install/cartographer/include/cartographer/sensor/data.h
[286.972s] -- Installing: /home/ros2/ros2_learn/cartoros2_ws/install/cartographer/include/cartographer/sensor/fixed_frame_pose_data.h
[286.972s] -- Installing: /home/ros2/ros2_learn/cartoros2_ws/install/cartographer/include/cartographer/sensor/imu_data.h
[286.972s] -- Installing: /home/ros2/ros2_learn/cartoros2_ws/install/cartographer/include/cartographer/sensor/landmark_data.h
[286.972s] -- Installing: /home/ros2/ros2_learn/cartoros2_ws/install/cartographer/include/cartographer/sensor/map_by_time.h
[286.972s] -- Installing: /home/ros2/ros2_learn/cartoros2_ws/install/cartographer/include/cartographer/sensor/odometry_data.h
[286.972s] -- Installing: /home/ros2/ros2_learn/cartoros2_ws/install/cartographer/include/cartographer/sensor/point_cloud.h
[286.972s] -- Installing: /home/ros2/ros2_learn/cartoros2_ws/install/cartographer/include/cartographer/sensor/range_data.h
[286.972s] -- Installing: /home/ros2/ros2_learn/cartoros2_ws/install/cartographer/include/cartographer/sensor/rangefinder_point.h
[286.973s] -- Installing: /home/ros2/ros2_learn/cartoros2_ws/install/cartographer/include/cartographer/sensor/timed_point_cloud_data.h
[286.973s] -- Installing: /home/ros2/ros2_learn/cartoros2_ws/install/cartographer/include/cartographer/transform/rigid_transform.h
[286.974s] -- Installing: /home/ros2/ros2_learn/cartoros2_ws/install/cartographer/include/cartographer/transform/timestamped_transform.h
[286.974s] -- Installing: /home/ros2/ros2_learn/cartoros2_ws/install/cartographer/include/cartographer/transform/transform.h
[286.974s] -- Installing: /home/ros2/ros2_learn/cartoros2_ws/install/cartographer/include/cartographer/transform/transform_interpolation_buffer.h
[286.974s] -- Installing: /home/ros2/ros2_learn/cartoros2_ws/install/cartographer/include/cartographer/io/fake_file_writer.h
[286.974s] -- Installing: /home/ros2/ros2_learn/cartoros2_ws/install/cartographer/include/cartographer/transform/rigid_transform_test_helpers.h
[286.974s] -- Installing: /home/ros2/ros2_learn/cartoros2_ws/install/cartographer/include/cartographer/common/proto/ceres_solver_options.pb.h
[286.974s] -- Installing: /home/ros2/ros2_learn/cartoros2_ws/install/cartographer/include/cartographer/ground_truth/proto/relations.pb.h
[286.975s] -- Installing: /home/ros2/ros2_learn/cartoros2_ws/install/cartographer/include/cartographer/mapping/proto/cell_limits_2d.pb.h
[286.975s] -- Installing: /home/ros2/ros2_learn/cartoros2_ws/install/cartographer/include/cartographer/mapping/proto/connected_components.pb.h
[286.975s] -- Installing: /home/ros2/ros2_learn/cartoros2_ws/install/cartographer/include/cartographer/mapping/proto/grid_2d.pb.h
[286.975s] -- Installing: /home/ros2/ros2_learn/cartoros2_ws/install/cartographer/include/cartographer/mapping/proto/grid_2d_options.pb.h
[286.975s] -- Installing: /home/ros2/ros2_learn/cartoros2_ws/install/cartographer/include/cartographer/mapping/proto/hybrid_grid.pb.h
[286.975s] -- Installing: /home/ros2/ros2_learn/cartoros2_ws/install/cartographer/include/cartographer/mapping/proto/local_trajectory_builder_options_2d.pb.h
[286.975s] -- Installing: /home/ros2/ros2_learn/cartoros2_ws/install/cartographer/include/cartographer/mapping/proto/local_trajectory_builder_options_3d.pb.h
[286.975s] -- Installing: /home/ros2/ros2_learn/cartoros2_ws/install/cartographer/include/cartographer/mapping/proto/map_builder_options.pb.h
[286.975s] -- Installing: /home/ros2/ros2_learn/cartoros2_ws/install/cartographer/include/cartographer/mapping/proto/map_limits.pb.h
[286.976s] -- Installing: /home/ros2/ros2_learn/cartoros2_ws/install/cartographer/include/cartographer/mapping/proto/motion_filter_options.pb.h
[286.976s] -- Installing: /home/ros2/ros2_learn/cartoros2_ws/install/cartographer/include/cartographer/mapping/proto/normal_estimation_options_2d.pb.h
[286.976s] -- Installing: /home/ros2/ros2_learn/cartoros2_ws/install/cartographer/include/cartographer/mapping/proto/pose_extrapolator_options.pb.h
[286.976s] -- Installing: /home/ros2/ros2_learn/cartoros2_ws/install/cartographer/include/cartographer/mapping/proto/pose_graph.pb.h
[286.976s] -- Installing: /home/ros2/ros2_learn/cartoros2_ws/install/cartographer/include/cartographer/mapping/proto/pose_graph/constraint_builder_options.pb.h
[286.976s] -- Installing: /home/ros2/ros2_learn/cartoros2_ws/install/cartographer/include/cartographer/mapping/proto/pose_graph/optimization_problem_options.pb.h
[286.977s] -- Installing: /home/ros2/ros2_learn/cartoros2_ws/install/cartographer/include/cartographer/mapping/proto/pose_graph_options.pb.h
[286.977s] -- Installing: /home/ros2/ros2_learn/cartoros2_ws/install/cartographer/include/cartographer/mapping/proto/probability_grid.pb.h
[286.977s] -- Installing: /home/ros2/ros2_learn/cartoros2_ws/install/cartographer/include/cartographer/mapping/proto/probability_grid_range_data_inserter_options_2d.pb.h
[286.977s] -- Installing: /home/ros2/ros2_learn/cartoros2_ws/install/cartographer/include/cartographer/mapping/proto/range_data_inserter_options.pb.h
[286.977s] -- Installing: /home/ros2/ros2_learn/cartoros2_ws/install/cartographer/include/cartographer/mapping/proto/range_data_inserter_options_3d.pb.h
[286.978s] -- Installing: /home/ros2/ros2_learn/cartoros2_ws/install/cartographer/include/cartographer/mapping/proto/scan_matching/ceres_scan_matcher_options_2d.pb.h
[286.978s] -- Installing: /home/ros2/ros2_learn/cartoros2_ws/install/cartographer/include/cartographer/mapping/proto/scan_matching/ceres_scan_matcher_options_3d.pb.h
[286.978s] -- Installing: /home/ros2/ros2_learn/cartoros2_ws/install/cartographer/include/cartographer/mapping/proto/scan_matching/fast_correlative_scan_matcher_options_2d.pb.h
[286.978s] -- Installing: /home/ros2/ros2_learn/cartoros2_ws/install/cartographer/include/cartographer/mapping/proto/scan_matching/fast_correlative_scan_matcher_options_3d.pb.h
[286.978s] -- Installing: /home/ros2/ros2_learn/cartoros2_ws/install/cartographer/include/cartographer/mapping/proto/scan_matching/real_time_correlative_scan_matcher_options.pb.h
[286.979s] -- Installing: /home/ros2/ros2_learn/cartoros2_ws/install/cartographer/include/cartographer/mapping/proto/serialization.pb.h
[286.979s] -- Installing: /home/ros2/ros2_learn/cartoros2_ws/install/cartographer/include/cartographer/mapping/proto/submap.pb.h
[286.979s] -- Installing: /home/ros2/ros2_learn/cartoros2_ws/install/cartographer/include/cartographer/mapping/proto/submap_visualization.pb.h
[286.979s] -- Installing: /home/ros2/ros2_learn/cartoros2_ws/install/cartographer/include/cartographer/mapping/proto/submaps_options_2d.pb.h
[286.979s] -- Installing: /home/ros2/ros2_learn/cartoros2_ws/install/cartographer/include/cartographer/mapping/proto/submaps_options_3d.pb.h
[286.980s] -- Installing: /home/ros2/ros2_learn/cartoros2_ws/install/cartographer/include/cartographer/mapping/proto/trajectory.pb.h
[286.980s] -- Installing: /home/ros2/ros2_learn/cartoros2_ws/install/cartographer/include/cartographer/mapping/proto/trajectory_builder_options.pb.h
[286.980s] -- Installing: /home/ros2/ros2_learn/cartoros2_ws/install/cartographer/include/cartographer/mapping/proto/trajectory_node_data.pb.h
[286.980s] -- Installing: /home/ros2/ros2_learn/cartoros2_ws/install/cartographer/include/cartographer/mapping/proto/tsdf_2d.pb.h
[286.980s] -- Installing: /home/ros2/ros2_learn/cartoros2_ws/install/cartographer/include/cartographer/mapping/proto/tsdf_range_data_inserter_options_2d.pb.h
[286.981s] -- Installing: /home/ros2/ros2_learn/cartoros2_ws/install/cartographer/include/cartographer/sensor/proto/adaptive_voxel_filter_options.pb.h
[286.981s] -- Installing: /home/ros2/ros2_learn/cartoros2_ws/install/cartographer/include/cartographer/sensor/proto/sensor.pb.h
[286.981s] -- Installing: /home/ros2/ros2_learn/cartoros2_ws/install/cartographer/include/cartographer/transform/proto/timestamped_transform.pb.h
[286.982s] -- Installing: /home/ros2/ros2_learn/cartoros2_ws/install/cartographer/include/cartographer/transform/proto/transform.pb.h
[286.983s] -- Installing: /home/ros2/ros2_learn/cartoros2_ws/install/cartographer/share/cartographer/cmake/CartographerTargets.cmake
[286.984s] -- Installing: /home/ros2/ros2_learn/cartoros2_ws/install/cartographer/share/cartographer/cmake/CartographerTargets-release.cmake
[286.984s] -- Installing: /home/ros2/ros2_learn/cartoros2_ws/install/cartographer/share/cartographer/cartographer-config.cmake
[286.988s] Invoked command in '/home/ros2/ros2_learn/cartoros2_ws/build/cartographer' returned '0': CMAKE_PREFIX_PATH=/opt/ros/galactic /usr/bin/cmake --install /home/ros2/ros2_learn/cartoros2_ws/build/cartographer
