[0.033s] Invoking command in '/home/ros2/ros2_learn/fishbot_ws/build/fishbot_cartographer': CMAKE_PREFIX_PATH=/opt/ros/galactic /usr/bin/cmake /home/ros2/ros2_learn/fishbot_ws/src/fishbot_cartographer -DCMAKE_INSTALL_PREFIX=/home/ros2/ros2_learn/fishbot_ws/install/fishbot_cartographer
[0.119s] -- The C compiler identification is GNU 9.4.0
[0.180s] -- The CXX compiler identification is GNU 9.4.0
[0.180s] -- Check for working C compiler: /usr/bin/cc
[0.275s] -- Check for working C compiler: /usr/bin/cc -- works
[0.275s] -- Detecting C compiler ABI info
[0.371s] -- Detecting C compiler ABI info - done
[0.385s] -- Detecting C compile features
[0.386s] -- Detecting C compile features - done
[0.389s] -- Check for working CXX compiler: /usr/bin/c++
[0.492s] -- Check for working CXX compiler: /usr/bin/c++ -- works
[0.492s] -- Detecting CXX compiler ABI info
[0.591s] -- Detecting CXX compiler ABI info - done
[0.607s] -- Detecting CXX compile features
[0.608s] -- Detecting CXX compile features - done
[0.611s] -- Found ament_cmake: 1.1.6 (/opt/ros/galactic/share/ament_cmake/cmake)
[0.648s] -- Found PythonInterp: /usr/bin/python3 (found suitable version "3.8.10", minimum required is "3") 
[0.648s] -- Using PYTHON_EXECUTABLE: /usr/bin/python3
[0.762s] -- Found ament_lint_auto: 0.10.7 (/opt/ros/galactic/share/ament_lint_auto/cmake)
[0.875s] -- Added test 'copyright' to check source files copyright and LICENSE
[0.885s] -- Added test 'cppcheck' to perform static code analysis on C / C++ code
[0.886s] -- Configured cppcheck include dirs: 
[0.886s] -- Configured cppcheck exclude dirs and/or files: 
[0.898s] -- Added test 'cpplint' to check C / C++ code against the Google style
[0.899s] -- Configured cpplint exclude dirs and/or files: 
[0.912s] -- Added test 'flake8' to check Python code syntax and style conventions
[0.916s] -- Added test 'lint_cmake' to check CMake code style
[0.919s] -- Added test 'pep257' to check Python code against some of the style conventions in PEP 257
[0.929s] -- Added test 'uncrustify' to check C / C++ code style
[0.933s] -- Configured uncrustify additional arguments: 
[0.935s] -- Added test 'xmllint' to check XML markup files
[0.938s] -- Configuring done
[0.941s] -- Generating done
[0.943s] -- Build files have been written to: /home/ros2/ros2_learn/fishbot_ws/build/fishbot_cartographer
[0.953s] Invoked command in '/home/ros2/ros2_learn/fishbot_ws/build/fishbot_cartographer' returned '0': CMAKE_PREFIX_PATH=/opt/ros/galactic /usr/bin/cmake /home/ros2/ros2_learn/fishbot_ws/src/fishbot_cartographer -DCMAKE_INSTALL_PREFIX=/home/ros2/ros2_learn/fishbot_ws/install/fishbot_cartographer
[0.954s] Invoking command in '/home/ros2/ros2_learn/fishbot_ws/build/fishbot_cartographer': CMAKE_PREFIX_PATH=/opt/ros/galactic /usr/bin/cmake --build /home/ros2/ros2_learn/fishbot_ws/build/fishbot_cartographer -- -j4 -l4
[1.018s] Invoked command in '/home/ros2/ros2_learn/fishbot_ws/build/fishbot_cartographer' returned '0': CMAKE_PREFIX_PATH=/opt/ros/galactic /usr/bin/cmake --build /home/ros2/ros2_learn/fishbot_ws/build/fishbot_cartographer -- -j4 -l4
[1.060s] Invoking command in '/home/ros2/ros2_learn/fishbot_ws/build/fishbot_cartographer': CMAKE_PREFIX_PATH=/opt/ros/galactic /usr/bin/cmake --install /home/ros2/ros2_learn/fishbot_ws/build/fishbot_cartographer
[1.074s] -- Install configuration: ""
[1.074s] -- Installing: /home/ros2/ros2_learn/fishbot_ws/install/fishbot_cartographer/share/fishbot_cartographer/config
[1.075s] -- Installing: /home/ros2/ros2_learn/fishbot_ws/install/fishbot_cartographer/share/fishbot_cartographer/config/fishbot_2d.lua
[1.076s] -- Installing: /home/ros2/ros2_learn/fishbot_ws/install/fishbot_cartographer/share/fishbot_cartographer/launch
[1.076s] -- Installing: /home/ros2/ros2_learn/fishbot_ws/install/fishbot_cartographer/share/fishbot_cartographer/launch/cartographer.launch.py
[1.076s] -- Installing: /home/ros2/ros2_learn/fishbot_ws/install/fishbot_cartographer/share/fishbot_cartographer/rviz
[1.077s] -- Installing: /home/ros2/ros2_learn/fishbot_ws/install/fishbot_cartographer/share/ament_index/resource_index/package_run_dependencies/fishbot_cartographer
[1.077s] -- Installing: /home/ros2/ros2_learn/fishbot_ws/install/fishbot_cartographer/share/ament_index/resource_index/parent_prefix_path/fishbot_cartographer
[1.078s] -- Installing: /home/ros2/ros2_learn/fishbot_ws/install/fishbot_cartographer/share/fishbot_cartographer/environment/ament_prefix_path.sh
[1.078s] -- Installing: /home/ros2/ros2_learn/fishbot_ws/install/fishbot_cartographer/share/fishbot_cartographer/environment/ament_prefix_path.dsv
[1.079s] -- Installing: /home/ros2/ros2_learn/fishbot_ws/install/fishbot_cartographer/share/fishbot_cartographer/environment/path.sh
[1.079s] -- Installing: /home/ros2/ros2_learn/fishbot_ws/install/fishbot_cartographer/share/fishbot_cartographer/environment/path.dsv
[1.079s] -- Installing: /home/ros2/ros2_learn/fishbot_ws/install/fishbot_cartographer/share/fishbot_cartographer/local_setup.bash
[1.080s] -- Installing: /home/ros2/ros2_learn/fishbot_ws/install/fishbot_cartographer/share/fishbot_cartographer/local_setup.sh
[1.080s] -- Installing: /home/ros2/ros2_learn/fishbot_ws/install/fishbot_cartographer/share/fishbot_cartographer/local_setup.zsh
[1.080s] -- Installing: /home/ros2/ros2_learn/fishbot_ws/install/fishbot_cartographer/share/fishbot_cartographer/local_setup.dsv
[1.081s] -- Installing: /home/ros2/ros2_learn/fishbot_ws/install/fishbot_cartographer/share/fishbot_cartographer/package.dsv
[1.081s] -- Installing: /home/ros2/ros2_learn/fishbot_ws/install/fishbot_cartographer/share/ament_index/resource_index/packages/fishbot_cartographer
[1.081s] -- Installing: /home/ros2/ros2_learn/fishbot_ws/install/fishbot_cartographer/share/fishbot_cartographer/cmake/fishbot_cartographerConfig.cmake
[1.082s] -- Installing: /home/ros2/ros2_learn/fishbot_ws/install/fishbot_cartographer/share/fishbot_cartographer/cmake/fishbot_cartographerConfig-version.cmake
[1.082s] -- Installing: /home/ros2/ros2_learn/fishbot_ws/install/fishbot_cartographer/share/fishbot_cartographer/package.xml
[1.100s] Invoked command in '/home/ros2/ros2_learn/fishbot_ws/build/fishbot_cartographer' returned '0': CMAKE_PREFIX_PATH=/opt/ros/galactic /usr/bin/cmake --install /home/ros2/ros2_learn/fishbot_ws/build/fishbot_cartographer
