[1.295s] Invoking command in '/home/ros2/ros2_learn/fishbot_ws/src/village_li': PYTHONPATH=/home/ros2/ros2_learn/fishbot_ws/build/village_li/prefix_override:/home/ros2/ros2_learn/fishbot_ws/install/village_li/lib/python3.8/site-packages:${PYTHONPATH} /usr/bin/python3 setup.py egg_info --egg-base ../../build/village_li build --build-base /home/ros2/ros2_learn/fishbot_ws/build/village_li/build install --record /home/ros2/ros2_learn/fishbot_ws/build/village_li/install.log --single-version-externally-managed
[1.618s] running egg_info
[1.618s] creating ../../build/village_li/village_li.egg-info
[1.640s] writing ../../build/village_li/village_li.egg-info/PKG-INFO
[1.640s] writing dependency_links to ../../build/village_li/village_li.egg-info/dependency_links.txt
[1.641s] writing entry points to ../../build/village_li/village_li.egg-info/entry_points.txt
[1.641s] writing requirements to ../../build/village_li/village_li.egg-info/requires.txt
[1.642s] writing top-level names to ../../build/village_li/village_li.egg-info/top_level.txt
[1.759s] writing manifest file '../../build/village_li/village_li.egg-info/SOURCES.txt'
[1.792s] reading manifest file '../../build/village_li/village_li.egg-info/SOURCES.txt'
[1.793s] writing manifest file '../../build/village_li/village_li.egg-info/SOURCES.txt'
[1.793s] running build
[1.793s] running build_py
[1.794s] creating /home/ros2/ros2_learn/fishbot_ws/build/village_li/build
[1.794s] creating /home/ros2/ros2_learn/fishbot_ws/build/village_li/build/lib
[1.794s] creating /home/ros2/ros2_learn/fishbot_ws/build/village_li/build/lib/village_li
[1.794s] copying village_li/li2.py -> /home/ros2/ros2_learn/fishbot_ws/build/village_li/build/lib/village_li
[1.795s] copying village_li/__init__.py -> /home/ros2/ros2_learn/fishbot_ws/build/village_li/build/lib/village_li
[1.795s] copying village_li/li4.py -> /home/ros2/ros2_learn/fishbot_ws/build/village_li/build/lib/village_li
[1.796s] running install
[1.797s] /home/ros2/.local/lib/python3.8/site-packages/setuptools/command/install.py:34: SetuptoolsDeprecationWarning: setup.py install is deprecated. Use build and pip and other standards-based tools.
[1.797s]   warnings.warn(
[1.807s] running install_lib
[1.830s] creating /home/ros2/ros2_learn/fishbot_ws/install/village_li/lib/python3.8/site-packages/village_li
[1.830s] copying /home/ros2/ros2_learn/fishbot_ws/build/village_li/build/lib/village_li/li2.py -> /home/ros2/ros2_learn/fishbot_ws/install/village_li/lib/python3.8/site-packages/village_li
[1.831s] copying /home/ros2/ros2_learn/fishbot_ws/build/village_li/build/lib/village_li/__init__.py -> /home/ros2/ros2_learn/fishbot_ws/install/village_li/lib/python3.8/site-packages/village_li
[1.831s] copying /home/ros2/ros2_learn/fishbot_ws/build/village_li/build/lib/village_li/li4.py -> /home/ros2/ros2_learn/fishbot_ws/install/village_li/lib/python3.8/site-packages/village_li
[1.833s] byte-compiling /home/ros2/ros2_learn/fishbot_ws/install/village_li/lib/python3.8/site-packages/village_li/li2.py to li2.cpython-38.pyc
[1.834s] byte-compiling /home/ros2/ros2_learn/fishbot_ws/install/village_li/lib/python3.8/site-packages/village_li/__init__.py to __init__.cpython-38.pyc
[1.834s] byte-compiling /home/ros2/ros2_learn/fishbot_ws/install/village_li/lib/python3.8/site-packages/village_li/li4.py to li4.cpython-38.pyc
[1.835s] running install_data
[1.858s] creating /home/ros2/ros2_learn/fishbot_ws/install/village_li/share/ament_index
[1.859s] creating /home/ros2/ros2_learn/fishbot_ws/install/village_li/share/ament_index/resource_index
[1.859s] creating /home/ros2/ros2_learn/fishbot_ws/install/village_li/share/ament_index/resource_index/packages
[1.859s] copying resource/village_li -> /home/ros2/ros2_learn/fishbot_ws/install/village_li/share/ament_index/resource_index/packages
[1.860s] copying package.xml -> /home/ros2/ros2_learn/fishbot_ws/install/village_li/share/village_li
[1.860s] creating /home/ros2/ros2_learn/fishbot_ws/install/village_li/share/village_li/launch
[1.861s] copying launch/village.launch.py -> /home/ros2/ros2_learn/fishbot_ws/install/village_li/share/village_li/launch
[1.862s] running install_egg_info
[1.888s] Copying ../../build/village_li/village_li.egg-info to /home/ros2/ros2_learn/fishbot_ws/install/village_li/lib/python3.8/site-packages/village_li-0.0.0-py3.8.egg-info
[1.889s] running install_scripts
[1.984s] Installing li3_node script to /home/ros2/ros2_learn/fishbot_ws/install/village_li/lib/village_li
[1.984s] Installing li4_node script to /home/ros2/ros2_learn/fishbot_ws/install/village_li/lib/village_li
[1.985s] writing list of installed files to '/home/ros2/ros2_learn/fishbot_ws/build/village_li/install.log'
[2.041s] Invoked command in '/home/ros2/ros2_learn/fishbot_ws/src/village_li' returned '0': PYTHONPATH=/home/ros2/ros2_learn/fishbot_ws/build/village_li/prefix_override:/home/ros2/ros2_learn/fishbot_ws/install/village_li/lib/python3.8/site-packages:${PYTHONPATH} /usr/bin/python3 setup.py egg_info --egg-base ../../build/village_li build --build-base /home/ros2/ros2_learn/fishbot_ws/build/village_li/build install --record /home/ros2/ros2_learn/fishbot_ws/build/village_li/install.log --single-version-externally-managed
