[0.082s] Invoking command in '/home/ros2/ros2_learn/cartoros2_ws/build/absl': /usr/bin/cmake --build /home/ros2/ros2_learn/cartoros2_ws/build/absl -- -j4 -l4
[0.277s] [  2%] Built target spinlock_wait
[0.278s] [  4%] Built target dynamic_annotations
[0.351s] [  6%] Built target civil_time
[0.360s] [  8%] Built target int128
[0.381s] [ 18%] Built target time_zone
[0.458s] [ 21%] Built target strings_internal
[0.487s] [ 23%] Built target leak_check
[0.571s] [ 31%] Built target base
[0.585s] [ 33%] Built target city
[0.594s] [ 34%] Built target leak_check_disable
[0.658s] [ 36%] Built target scoped_set_env
[0.684s] [ 39%] Built target malloc_internal
[0.685s] [ 40%] Built target throw_delegate
[0.722s] [ 42%] Built target bad_optional_access
[0.744s] [ 45%] Built target debugging_internal
[0.760s] [ 47%] Built target demangle_internal
[0.888s] [ 49%] Built target graphcycles_internal
[0.955s] [ 50%] Built target bad_any_cast_impl
[0.985s] [ 52%] Built target bad_variant_access
[1.024s] [ 65%] Built target strings
[1.041s] [ 67%] Built target symbolize
[1.074s] [ 69%] Built target stacktrace
[1.126s] [ 71%] Built target hash
[1.142s] [ 77%] Built target time
[1.268s] [ 79%] Built target examine_stack
[1.289s] [ 93%] Built target synchronization
[1.290s] [ 93%] Built target str_format_internal
[1.413s] [ 95%] Built target failure_signal_handler
[1.444s] [ 98%] Built target hashtablez_sampler
[1.501s] [100%] Built target raw_hash_set
[1.524s] Invoked command in '/home/ros2/ros2_learn/cartoros2_ws/build/absl' returned '0': /usr/bin/cmake --build /home/ros2/ros2_learn/cartoros2_ws/build/absl -- -j4 -l4
[1.930s] Invoking command in '/home/ros2/ros2_learn/cartoros2_ws/build/absl': /usr/bin/cmake --install /home/ros2/ros2_learn/cartoros2_ws/build/absl
[1.966s] -- Install configuration: ""
[1.967s] -- Up-to-date: /home/ros2/ros2_learn/cartoros2_ws/install/absl/lib/cmake/absl/abslTargets.cmake
[1.967s] -- Up-to-date: /home/ros2/ros2_learn/cartoros2_ws/install/absl/lib/cmake/absl/abslTargets-noconfig.cmake
[1.968s] -- Up-to-date: /home/ros2/ros2_learn/cartoros2_ws/install/absl/lib/cmake/absl/abslConfig.cmake
[1.968s] -- Up-to-date: /home/ros2/ros2_learn/cartoros2_ws/install/absl/include/absl
[1.968s] -- Up-to-date: /home/ros2/ros2_learn/cartoros2_ws/install/absl/include/absl/strings
[1.969s] -- Up-to-date: /home/ros2/ros2_learn/cartoros2_ws/install/absl/include/absl/strings/internal
[1.969s] -- Up-to-date: /home/ros2/ros2_learn/cartoros2_ws/install/absl/include/absl/strings/internal/charconv_bigint.h
[1.969s] -- Up-to-date: /home/ros2/ros2_learn/cartoros2_ws/install/absl/include/absl/strings/internal/escaping_test_common.h
[1.970s] -- Up-to-date: /home/ros2/ros2_learn/cartoros2_ws/install/absl/include/absl/strings/internal/ostringstream.h
[1.970s] -- Up-to-date: /home/ros2/ros2_learn/cartoros2_ws/install/absl/include/absl/strings/internal/stl_type_traits.h
[1.971s] -- Up-to-date: /home/ros2/ros2_learn/cartoros2_ws/install/absl/include/absl/strings/internal/numbers_test_common.h
[1.971s] -- Up-to-date: /home/ros2/ros2_learn/cartoros2_ws/install/absl/include/absl/strings/internal/char_map.h
[1.971s] -- Up-to-date: /home/ros2/ros2_learn/cartoros2_ws/install/absl/include/absl/strings/internal/str_split_internal.h
[1.972s] -- Up-to-date: /home/ros2/ros2_learn/cartoros2_ws/install/absl/include/absl/strings/internal/pow10_helper.h
[1.972s] -- Up-to-date: /home/ros2/ros2_learn/cartoros2_ws/install/absl/include/absl/strings/internal/memutil.h
[1.972s] -- Up-to-date: /home/ros2/ros2_learn/cartoros2_ws/install/absl/include/absl/strings/internal/str_format
[1.973s] -- Up-to-date: /home/ros2/ros2_learn/cartoros2_ws/install/absl/include/absl/strings/internal/str_format/float_conversion.h
[1.973s] -- Up-to-date: /home/ros2/ros2_learn/cartoros2_ws/install/absl/include/absl/strings/internal/str_format/bind.h
[1.973s] -- Up-to-date: /home/ros2/ros2_learn/cartoros2_ws/install/absl/include/absl/strings/internal/str_format/output.h
[1.974s] -- Up-to-date: /home/ros2/ros2_learn/cartoros2_ws/install/absl/include/absl/strings/internal/str_format/extension.h
[1.974s] -- Up-to-date: /home/ros2/ros2_learn/cartoros2_ws/install/absl/include/absl/strings/internal/str_format/arg.h
[1.975s] -- Up-to-date: /home/ros2/ros2_learn/cartoros2_ws/install/absl/include/absl/strings/internal/str_format/parser.h
[1.975s] -- Up-to-date: /home/ros2/ros2_learn/cartoros2_ws/install/absl/include/absl/strings/internal/str_format/checker.h
[1.975s] -- Up-to-date: /home/ros2/ros2_learn/cartoros2_ws/install/absl/include/absl/strings/internal/str_join_internal.h
[1.975s] -- Up-to-date: /home/ros2/ros2_learn/cartoros2_ws/install/absl/include/absl/strings/internal/utf8.h
[1.976s] -- Up-to-date: /home/ros2/ros2_learn/cartoros2_ws/install/absl/include/absl/strings/internal/resize_uninitialized.h
[1.976s] -- Up-to-date: /home/ros2/ros2_learn/cartoros2_ws/install/absl/include/absl/strings/internal/charconv_parse.h
[1.977s] -- Up-to-date: /home/ros2/ros2_learn/cartoros2_ws/install/absl/include/absl/strings/str_replace.h
[1.977s] -- Up-to-date: /home/ros2/ros2_learn/cartoros2_ws/install/absl/include/absl/strings/ascii.h
[1.978s] -- Up-to-date: /home/ros2/ros2_learn/cartoros2_ws/install/absl/include/absl/strings/numbers.h
[1.978s] -- Up-to-date: /home/ros2/ros2_learn/cartoros2_ws/install/absl/include/absl/strings/str_cat.h
[1.978s] -- Up-to-date: /home/ros2/ros2_learn/cartoros2_ws/install/absl/include/absl/strings/match.h
[1.978s] -- Up-to-date: /home/ros2/ros2_learn/cartoros2_ws/install/absl/include/absl/strings/str_format.h
[1.978s] -- Up-to-date: /home/ros2/ros2_learn/cartoros2_ws/install/absl/include/absl/strings/string_view.h
[1.978s] -- Up-to-date: /home/ros2/ros2_learn/cartoros2_ws/install/absl/include/absl/strings/escaping.h
[1.979s] -- Up-to-date: /home/ros2/ros2_learn/cartoros2_ws/install/absl/include/absl/strings/testdata
[1.979s] -- Up-to-date: /home/ros2/ros2_learn/cartoros2_ws/install/absl/include/absl/strings/str_join.h
[1.980s] -- Up-to-date: /home/ros2/ros2_learn/cartoros2_ws/install/absl/include/absl/strings/str_split.h
[1.980s] -- Up-to-date: /home/ros2/ros2_learn/cartoros2_ws/install/absl/include/absl/strings/strip.h
[1.983s] -- Up-to-date: /home/ros2/ros2_learn/cartoros2_ws/install/absl/include/absl/strings/substitute.h
[1.983s] -- Up-to-date: /home/ros2/ros2_learn/cartoros2_ws/install/absl/include/absl/strings/charconv.h
[1.983s] -- Up-to-date: /home/ros2/ros2_learn/cartoros2_ws/install/absl/include/absl/algorithm
[1.983s] -- Up-to-date: /home/ros2/ros2_learn/cartoros2_ws/install/absl/include/absl/algorithm/container.h
[1.983s] -- Up-to-date: /home/ros2/ros2_learn/cartoros2_ws/install/absl/include/absl/algorithm/algorithm.h
[1.983s] -- Up-to-date: /home/ros2/ros2_learn/cartoros2_ws/install/absl/include/absl/base
[1.984s] -- Up-to-date: /home/ros2/ros2_learn/cartoros2_ws/install/absl/include/absl/base/config.h
[1.985s] -- Up-to-date: /home/ros2/ros2_learn/cartoros2_ws/install/absl/include/absl/base/internal
[1.985s] -- Up-to-date: /home/ros2/ros2_learn/cartoros2_ws/install/absl/include/absl/base/internal/tsan_mutex_interface.h
[1.992s] -- Up-to-date: /home/ros2/ros2_learn/cartoros2_ws/install/absl/include/absl/base/internal/spinlock_akaros.inc
[1.993s] -- Up-to-date: /home/ros2/ros2_learn/cartoros2_ws/install/absl/include/absl/base/internal/spinlock_linux.inc
[1.994s] -- Up-to-date: /home/ros2/ros2_learn/cartoros2_ws/install/absl/include/absl/base/internal/raw_logging.h
[1.994s] -- Up-to-date: /home/ros2/ros2_learn/cartoros2_ws/install/absl/include/absl/base/internal/low_level_scheduling.h
[1.994s] -- Up-to-date: /home/ros2/ros2_learn/cartoros2_ws/install/absl/include/absl/base/internal/low_level_alloc.h
[1.994s] -- Up-to-date: /home/ros2/ros2_learn/cartoros2_ws/install/absl/include/absl/base/internal/cycleclock.h
[1.994s] -- Up-to-date: /home/ros2/ros2_learn/cartoros2_ws/install/absl/include/absl/base/internal/spinlock.h
[1.994s] -- Up-to-date: /home/ros2/ros2_learn/cartoros2_ws/install/absl/include/absl/base/internal/throw_delegate.h
[1.995s] -- Up-to-date: /home/ros2/ros2_learn/cartoros2_ws/install/absl/include/absl/base/internal/exception_testing.h
[1.995s] -- Up-to-date: /home/ros2/ros2_learn/cartoros2_ws/install/absl/include/absl/base/internal/spinlock_win32.inc
[1.995s] -- Up-to-date: /home/ros2/ros2_learn/cartoros2_ws/install/absl/include/absl/base/internal/direct_mmap.h
[1.996s] -- Up-to-date: /home/ros2/ros2_learn/cartoros2_ws/install/absl/include/absl/base/internal/endian.h
[1.996s] -- Up-to-date: /home/ros2/ros2_learn/cartoros2_ws/install/absl/include/absl/base/internal/atomic_hook.h
[1.996s] -- Up-to-date: /home/ros2/ros2_learn/cartoros2_ws/install/absl/include/absl/base/internal/exception_safety_testing.h
[1.996s] -- Up-to-date: /home/ros2/ros2_learn/cartoros2_ws/install/absl/include/absl/base/internal/inline_variable.h
[1.996s] -- Up-to-date: /home/ros2/ros2_learn/cartoros2_ws/install/absl/include/absl/base/internal/identity.h
[1.996s] -- Up-to-date: /home/ros2/ros2_learn/cartoros2_ws/install/absl/include/absl/base/internal/unscaledcycleclock.h
[1.996s] -- Up-to-date: /home/ros2/ros2_learn/cartoros2_ws/install/absl/include/absl/base/internal/thread_identity.h
[1.997s] -- Up-to-date: /home/ros2/ros2_learn/cartoros2_ws/install/absl/include/absl/base/internal/spinlock_posix.inc
[1.997s] -- Up-to-date: /home/ros2/ros2_learn/cartoros2_ws/install/absl/include/absl/base/internal/bits.h
[1.997s] -- Up-to-date: /home/ros2/ros2_learn/cartoros2_ws/install/absl/include/absl/base/internal/spinlock_wait.h
[1.998s] -- Up-to-date: /home/ros2/ros2_learn/cartoros2_ws/install/absl/include/absl/base/internal/unaligned_access.h
[1.998s] -- Up-to-date: /home/ros2/ros2_learn/cartoros2_ws/install/absl/include/absl/base/internal/scheduling_mode.h
[1.998s] -- Up-to-date: /home/ros2/ros2_learn/cartoros2_ws/install/absl/include/absl/base/internal/scoped_set_env.h
[1.998s] -- Up-to-date: /home/ros2/ros2_learn/cartoros2_ws/install/absl/include/absl/base/internal/invoke.h
[1.999s] -- Up-to-date: /home/ros2/ros2_learn/cartoros2_ws/install/absl/include/absl/base/internal/per_thread_tls.h
[1.999s] -- Up-to-date: /home/ros2/ros2_learn/cartoros2_ws/install/absl/include/absl/base/internal/sysinfo.h
[1.999s] -- Up-to-date: /home/ros2/ros2_learn/cartoros2_ws/install/absl/include/absl/base/internal/hide_ptr.h
[1.999s] -- Up-to-date: /home/ros2/ros2_learn/cartoros2_ws/install/absl/include/absl/base/internal/inline_variable_testing.h
[1.999s] -- Up-to-date: /home/ros2/ros2_learn/cartoros2_ws/install/absl/include/absl/base/internal/pretty_function.h
[2.000s] -- Up-to-date: /home/ros2/ros2_learn/cartoros2_ws/install/absl/include/absl/base/macros.h
[2.000s] -- Up-to-date: /home/ros2/ros2_learn/cartoros2_ws/install/absl/include/absl/base/dynamic_annotations.h
[2.000s] -- Up-to-date: /home/ros2/ros2_learn/cartoros2_ws/install/absl/include/absl/base/casts.h
[2.000s] -- Up-to-date: /home/ros2/ros2_learn/cartoros2_ws/install/absl/include/absl/base/thread_annotations.h
[2.000s] -- Up-to-date: /home/ros2/ros2_learn/cartoros2_ws/install/absl/include/absl/base/attributes.h
[2.001s] -- Up-to-date: /home/ros2/ros2_learn/cartoros2_ws/install/absl/include/absl/base/port.h
[2.001s] -- Up-to-date: /home/ros2/ros2_learn/cartoros2_ws/install/absl/include/absl/base/policy_checks.h
[2.001s] -- Up-to-date: /home/ros2/ros2_learn/cartoros2_ws/install/absl/include/absl/base/call_once.h
[2.001s] -- Up-to-date: /home/ros2/ros2_learn/cartoros2_ws/install/absl/include/absl/base/log_severity.h
[2.001s] -- Up-to-date: /home/ros2/ros2_learn/cartoros2_ws/install/absl/include/absl/base/const_init.h
[2.002s] -- Up-to-date: /home/ros2/ros2_learn/cartoros2_ws/install/absl/include/absl/base/optimization.h
[2.002s] -- Up-to-date: /home/ros2/ros2_learn/cartoros2_ws/install/absl/include/absl/memory
[2.002s] -- Up-to-date: /home/ros2/ros2_learn/cartoros2_ws/install/absl/include/absl/memory/memory.h
[2.002s] -- Up-to-date: /home/ros2/ros2_learn/cartoros2_ws/install/absl/include/absl/time
[2.002s] -- Up-to-date: /home/ros2/ros2_learn/cartoros2_ws/install/absl/include/absl/time/internal
[2.005s] -- Up-to-date: /home/ros2/ros2_learn/cartoros2_ws/install/absl/include/absl/time/internal/test_util.h
[2.005s] -- Up-to-date: /home/ros2/ros2_learn/cartoros2_ws/install/absl/include/absl/time/internal/get_current_time_posix.inc
[2.005s] -- Up-to-date: /home/ros2/ros2_learn/cartoros2_ws/install/absl/include/absl/time/internal/zoneinfo.inc
[2.005s] -- Up-to-date: /home/ros2/ros2_learn/cartoros2_ws/install/absl/include/absl/time/internal/get_current_time_chrono.inc
[2.006s] -- Up-to-date: /home/ros2/ros2_learn/cartoros2_ws/install/absl/include/absl/time/internal/cctz
[2.006s] -- Up-to-date: /home/ros2/ros2_learn/cartoros2_ws/install/absl/include/absl/time/internal/cctz/src
[2.006s] -- Up-to-date: /home/ros2/ros2_learn/cartoros2_ws/install/absl/include/absl/time/internal/cctz/src/time_zone_impl.h
[2.006s] -- Up-to-date: /home/ros2/ros2_learn/cartoros2_ws/install/absl/include/absl/time/internal/cctz/src/time_zone_info.h
[2.006s] -- Up-to-date: /home/ros2/ros2_learn/cartoros2_ws/install/absl/include/absl/time/internal/cctz/src/tzfile.h
[2.006s] -- Up-to-date: /home/ros2/ros2_learn/cartoros2_ws/install/absl/include/absl/time/internal/cctz/src/time_zone_if.h
[2.006s] -- Up-to-date: /home/ros2/ros2_learn/cartoros2_ws/install/absl/include/absl/time/internal/cctz/src/time_zone_fixed.h
[2.007s] -- Up-to-date: /home/ros2/ros2_learn/cartoros2_ws/install/absl/include/absl/time/internal/cctz/src/time_zone_posix.h
[2.007s] -- Up-to-date: /home/ros2/ros2_learn/cartoros2_ws/install/absl/include/absl/time/internal/cctz/src/time_zone_libc.h
[2.007s] -- Up-to-date: /home/ros2/ros2_learn/cartoros2_ws/install/absl/include/absl/time/internal/cctz/testdata
[2.007s] -- Up-to-date: /home/ros2/ros2_learn/cartoros2_ws/install/absl/include/absl/time/internal/cctz/testdata/zoneinfo
[2.007s] -- Up-to-date: /home/ros2/ros2_learn/cartoros2_ws/install/absl/include/absl/time/internal/cctz/testdata/zoneinfo/Canada
[2.007s] -- Up-to-date: /home/ros2/ros2_learn/cartoros2_ws/install/absl/include/absl/time/internal/cctz/testdata/zoneinfo/Australia
[2.007s] -- Up-to-date: /home/ros2/ros2_learn/cartoros2_ws/install/absl/include/absl/time/internal/cctz/testdata/zoneinfo/Etc
[2.007s] -- Up-to-date: /home/ros2/ros2_learn/cartoros2_ws/install/absl/include/absl/time/internal/cctz/testdata/zoneinfo/America
[2.008s] -- Up-to-date: /home/ros2/ros2_learn/cartoros2_ws/install/absl/include/absl/time/internal/cctz/testdata/zoneinfo/America/Argentina
[2.008s] -- Up-to-date: /home/ros2/ros2_learn/cartoros2_ws/install/absl/include/absl/time/internal/cctz/testdata/zoneinfo/America/North_Dakota
[2.008s] -- Up-to-date: /home/ros2/ros2_learn/cartoros2_ws/install/absl/include/absl/time/internal/cctz/testdata/zoneinfo/America/Indiana
[2.008s] -- Up-to-date: /home/ros2/ros2_learn/cartoros2_ws/install/absl/include/absl/time/internal/cctz/testdata/zoneinfo/America/Kentucky
[2.008s] -- Up-to-date: /home/ros2/ros2_learn/cartoros2_ws/install/absl/include/absl/time/internal/cctz/testdata/zoneinfo/US
[2.008s] -- Up-to-date: /home/ros2/ros2_learn/cartoros2_ws/install/absl/include/absl/time/internal/cctz/testdata/zoneinfo/Antarctica
[2.009s] -- Up-to-date: /home/ros2/ros2_learn/cartoros2_ws/install/absl/include/absl/time/internal/cctz/testdata/zoneinfo/Mexico
[2.009s] -- Up-to-date: /home/ros2/ros2_learn/cartoros2_ws/install/absl/include/absl/time/internal/cctz/testdata/zoneinfo/Atlantic
[2.009s] -- Up-to-date: /home/ros2/ros2_learn/cartoros2_ws/install/absl/include/absl/time/internal/cctz/testdata/zoneinfo/Africa
[2.009s] -- Up-to-date: /home/ros2/ros2_learn/cartoros2_ws/install/absl/include/absl/time/internal/cctz/testdata/zoneinfo/Asia
[2.010s] -- Up-to-date: /home/ros2/ros2_learn/cartoros2_ws/install/absl/include/absl/time/internal/cctz/testdata/zoneinfo/Europe
[2.012s] -- Up-to-date: /home/ros2/ros2_learn/cartoros2_ws/install/absl/include/absl/time/internal/cctz/testdata/zoneinfo/Brazil
[2.012s] -- Up-to-date: /home/ros2/ros2_learn/cartoros2_ws/install/absl/include/absl/time/internal/cctz/testdata/zoneinfo/Chile
[2.012s] -- Up-to-date: /home/ros2/ros2_learn/cartoros2_ws/install/absl/include/absl/time/internal/cctz/testdata/zoneinfo/Arctic
[2.013s] -- Up-to-date: /home/ros2/ros2_learn/cartoros2_ws/install/absl/include/absl/time/internal/cctz/testdata/zoneinfo/Indian
[2.013s] -- Up-to-date: /home/ros2/ros2_learn/cartoros2_ws/install/absl/include/absl/time/internal/cctz/testdata/zoneinfo/Pacific
[2.013s] -- Up-to-date: /home/ros2/ros2_learn/cartoros2_ws/install/absl/include/absl/time/internal/cctz/include
[2.014s] -- Up-to-date: /home/ros2/ros2_learn/cartoros2_ws/install/absl/include/absl/time/internal/cctz/include/cctz
[2.014s] -- Up-to-date: /home/ros2/ros2_learn/cartoros2_ws/install/absl/include/absl/time/internal/cctz/include/cctz/time_zone.h
[2.014s] -- Up-to-date: /home/ros2/ros2_learn/cartoros2_ws/install/absl/include/absl/time/internal/cctz/include/cctz/civil_time_detail.h
[2.015s] -- Up-to-date: /home/ros2/ros2_learn/cartoros2_ws/install/absl/include/absl/time/internal/cctz/include/cctz/civil_time.h
[2.015s] -- Up-to-date: /home/ros2/ros2_learn/cartoros2_ws/install/absl/include/absl/time/internal/cctz/include/cctz/zone_info_source.h
[2.016s] -- Up-to-date: /home/ros2/ros2_learn/cartoros2_ws/install/absl/include/absl/time/civil_time.h
[2.016s] -- Up-to-date: /home/ros2/ros2_learn/cartoros2_ws/install/absl/include/absl/time/time.h
[2.016s] -- Up-to-date: /home/ros2/ros2_learn/cartoros2_ws/install/absl/include/absl/time/clock.h
[2.016s] -- Up-to-date: /home/ros2/ros2_learn/cartoros2_ws/install/absl/include/absl/synchronization
[2.017s] -- Up-to-date: /home/ros2/ros2_learn/cartoros2_ws/install/absl/include/absl/synchronization/internal
[2.017s] -- Up-to-date: /home/ros2/ros2_learn/cartoros2_ws/install/absl/include/absl/synchronization/internal/thread_pool.h
[2.017s] -- Up-to-date: /home/ros2/ros2_learn/cartoros2_ws/install/absl/include/absl/synchronization/internal/mutex_nonprod.inc
[2.017s] -- Up-to-date: /home/ros2/ros2_learn/cartoros2_ws/install/absl/include/absl/synchronization/internal/per_thread_sem.h
[2.018s] -- Up-to-date: /home/ros2/ros2_learn/cartoros2_ws/install/absl/include/absl/synchronization/internal/graphcycles.h
[2.021s] -- Up-to-date: /home/ros2/ros2_learn/cartoros2_ws/install/absl/include/absl/synchronization/internal/create_thread_identity.h
[2.022s] -- Up-to-date: /home/ros2/ros2_learn/cartoros2_ws/install/absl/include/absl/synchronization/internal/kernel_timeout.h
[2.022s] -- Up-to-date: /home/ros2/ros2_learn/cartoros2_ws/install/absl/include/absl/synchronization/internal/waiter.h
[2.022s] -- Up-to-date: /home/ros2/ros2_learn/cartoros2_ws/install/absl/include/absl/synchronization/barrier.h
[2.023s] -- Up-to-date: /home/ros2/ros2_learn/cartoros2_ws/install/absl/include/absl/synchronization/notification.h
[2.023s] -- Up-to-date: /home/ros2/ros2_learn/cartoros2_ws/install/absl/include/absl/synchronization/mutex.h
[2.023s] -- Up-to-date: /home/ros2/ros2_learn/cartoros2_ws/install/absl/include/absl/synchronization/blocking_counter.h
[2.024s] -- Up-to-date: /home/ros2/ros2_learn/cartoros2_ws/install/absl/include/absl/types
[2.024s] -- Up-to-date: /home/ros2/ros2_learn/cartoros2_ws/install/absl/include/absl/types/internal
[2.024s] -- Up-to-date: /home/ros2/ros2_learn/cartoros2_ws/install/absl/include/absl/types/internal/optional.h
[2.024s] -- Up-to-date: /home/ros2/ros2_learn/cartoros2_ws/install/absl/include/absl/types/internal/span.h
[2.025s] -- Up-to-date: /home/ros2/ros2_learn/cartoros2_ws/install/absl/include/absl/types/internal/variant.h
[2.027s] -- Up-to-date: /home/ros2/ros2_learn/cartoros2_ws/install/absl/include/absl/types/optional.h
[2.029s] -- Up-to-date: /home/ros2/ros2_learn/cartoros2_ws/install/absl/include/absl/types/bad_optional_access.h
[2.029s] -- Up-to-date: /home/ros2/ros2_learn/cartoros2_ws/install/absl/include/absl/types/span.h
[2.029s] -- Up-to-date: /home/ros2/ros2_learn/cartoros2_ws/install/absl/include/absl/types/variant.h
[2.030s] -- Up-to-date: /home/ros2/ros2_learn/cartoros2_ws/install/absl/include/absl/types/any.h
[2.031s] -- Up-to-date: /home/ros2/ros2_learn/cartoros2_ws/install/absl/include/absl/types/bad_any_cast.h
[2.031s] -- Up-to-date: /home/ros2/ros2_learn/cartoros2_ws/install/absl/include/absl/types/bad_variant_access.h
[2.031s] -- Up-to-date: /home/ros2/ros2_learn/cartoros2_ws/install/absl/include/absl/utility
[2.031s] -- Up-to-date: /home/ros2/ros2_learn/cartoros2_ws/install/absl/include/absl/utility/utility.h
[2.031s] -- Up-to-date: /home/ros2/ros2_learn/cartoros2_ws/install/absl/include/absl/copts
[2.031s] -- Up-to-date: /home/ros2/ros2_learn/cartoros2_ws/install/absl/include/absl/container
[2.032s] -- Up-to-date: /home/ros2/ros2_learn/cartoros2_ws/install/absl/include/absl/container/node_hash_set.h
[2.032s] -- Up-to-date: /home/ros2/ros2_learn/cartoros2_ws/install/absl/include/absl/container/internal
[2.032s] -- Up-to-date: /home/ros2/ros2_learn/cartoros2_ws/install/absl/include/absl/container/internal/counting_allocator.h
[2.032s] -- Up-to-date: /home/ros2/ros2_learn/cartoros2_ws/install/absl/include/absl/container/internal/compressed_tuple.h
[2.032s] -- Up-to-date: /home/ros2/ros2_learn/cartoros2_ws/install/absl/include/absl/container/internal/unordered_map_lookup_test.h
[2.033s] -- Up-to-date: /home/ros2/ros2_learn/cartoros2_ws/install/absl/include/absl/container/internal/have_sse.h
[2.033s] -- Up-to-date: /home/ros2/ros2_learn/cartoros2_ws/install/absl/include/absl/container/internal/hashtable_debug.h
[2.033s] -- Up-to-date: /home/ros2/ros2_learn/cartoros2_ws/install/absl/include/absl/container/internal/hash_policy_testing.h
[2.036s] -- Up-to-date: /home/ros2/ros2_learn/cartoros2_ws/install/absl/include/absl/container/internal/unordered_set_lookup_test.h
[2.037s] -- Up-to-date: /home/ros2/ros2_learn/cartoros2_ws/install/absl/include/absl/container/internal/unordered_map_modifiers_test.h
[2.037s] -- Up-to-date: /home/ros2/ros2_learn/cartoros2_ws/install/absl/include/absl/container/internal/raw_hash_map.h
[2.037s] -- Up-to-date: /home/ros2/ros2_learn/cartoros2_ws/install/absl/include/absl/container/internal/hash_generator_testing.h
[2.037s] -- Up-to-date: /home/ros2/ros2_learn/cartoros2_ws/install/absl/include/absl/container/internal/hashtablez_sampler.h
[2.037s] -- Up-to-date: /home/ros2/ros2_learn/cartoros2_ws/install/absl/include/absl/container/internal/unordered_map_constructor_test.h
[2.037s] -- Up-to-date: /home/ros2/ros2_learn/cartoros2_ws/install/absl/include/absl/container/internal/unordered_map_members_test.h
[2.037s] -- Up-to-date: /home/ros2/ros2_learn/cartoros2_ws/install/absl/include/absl/container/internal/node_hash_policy.h
[2.037s] -- Up-to-date: /home/ros2/ros2_learn/cartoros2_ws/install/absl/include/absl/container/internal/hash_policy_traits.h
[2.038s] -- Up-to-date: /home/ros2/ros2_learn/cartoros2_ws/install/absl/include/absl/container/internal/container_memory.h
[2.038s] -- Up-to-date: /home/ros2/ros2_learn/cartoros2_ws/install/absl/include/absl/container/internal/unordered_set_modifiers_test.h
[2.038s] -- Up-to-date: /home/ros2/ros2_learn/cartoros2_ws/install/absl/include/absl/container/internal/unordered_set_constructor_test.h
[2.038s] -- Up-to-date: /home/ros2/ros2_learn/cartoros2_ws/install/absl/include/absl/container/internal/common.h
[2.038s] -- Up-to-date: /home/ros2/ros2_learn/cartoros2_ws/install/absl/include/absl/container/internal/layout.h
[2.038s] -- Up-to-date: /home/ros2/ros2_learn/cartoros2_ws/install/absl/include/absl/container/internal/hashtable_debug_hooks.h
[2.038s] -- Up-to-date: /home/ros2/ros2_learn/cartoros2_ws/install/absl/include/absl/container/internal/inlined_vector.h
[2.038s] -- Up-to-date: /home/ros2/ros2_learn/cartoros2_ws/install/absl/include/absl/container/internal/unordered_set_members_test.h
[2.038s] -- Up-to-date: /home/ros2/ros2_learn/cartoros2_ws/install/absl/include/absl/container/internal/hash_function_defaults.h
[2.039s] -- Up-to-date: /home/ros2/ros2_learn/cartoros2_ws/install/absl/include/absl/container/internal/raw_hash_set.h
[2.039s] -- Up-to-date: /home/ros2/ros2_learn/cartoros2_ws/install/absl/include/absl/container/internal/test_instance_tracker.h
[2.039s] -- Up-to-date: /home/ros2/ros2_learn/cartoros2_ws/install/absl/include/absl/container/internal/tracked.h
[2.039s] -- Up-to-date: /home/ros2/ros2_learn/cartoros2_ws/install/absl/include/absl/container/flat_hash_map.h
[2.039s] -- Up-to-date: /home/ros2/ros2_learn/cartoros2_ws/install/absl/include/absl/container/flat_hash_set.h
[2.040s] -- Up-to-date: /home/ros2/ros2_learn/cartoros2_ws/install/absl/include/absl/container/fixed_array.h
[2.040s] -- Up-to-date: /home/ros2/ros2_learn/cartoros2_ws/install/absl/include/absl/container/node_hash_map.h
[2.044s] -- Up-to-date: /home/ros2/ros2_learn/cartoros2_ws/install/absl/include/absl/container/inlined_vector.h
[2.045s] -- Up-to-date: /home/ros2/ros2_learn/cartoros2_ws/install/absl/include/absl/debugging
[2.045s] -- Up-to-date: /home/ros2/ros2_learn/cartoros2_ws/install/absl/include/absl/debugging/internal
[2.045s] -- Up-to-date: /home/ros2/ros2_learn/cartoros2_ws/install/absl/include/absl/debugging/internal/stacktrace_generic-inl.inc
[2.045s] -- Up-to-date: /home/ros2/ros2_learn/cartoros2_ws/install/absl/include/absl/debugging/internal/stacktrace_x86-inl.inc
[2.045s] -- Up-to-date: /home/ros2/ros2_learn/cartoros2_ws/install/absl/include/absl/debugging/internal/stack_consumption.h
[2.045s] -- Up-to-date: /home/ros2/ros2_learn/cartoros2_ws/install/absl/include/absl/debugging/internal/stacktrace_aarch64-inl.inc
[2.045s] -- Up-to-date: /home/ros2/ros2_learn/cartoros2_ws/install/absl/include/absl/debugging/internal/elf_mem_image.h
[2.046s] -- Up-to-date: /home/ros2/ros2_learn/cartoros2_ws/install/absl/include/absl/debugging/internal/vdso_support.h
[2.047s] -- Up-to-date: /home/ros2/ros2_learn/cartoros2_ws/install/absl/include/absl/debugging/internal/stacktrace_unimplemented-inl.inc
[2.047s] -- Up-to-date: /home/ros2/ros2_learn/cartoros2_ws/install/absl/include/absl/debugging/internal/stacktrace_arm-inl.inc
[2.047s] -- Up-to-date: /home/ros2/ros2_learn/cartoros2_ws/install/absl/include/absl/debugging/internal/stacktrace_win32-inl.inc
[2.047s] -- Up-to-date: /home/ros2/ros2_learn/cartoros2_ws/install/absl/include/absl/debugging/internal/stacktrace_powerpc-inl.inc
[2.047s] -- Up-to-date: /home/ros2/ros2_learn/cartoros2_ws/install/absl/include/absl/debugging/internal/symbolize.h
[2.047s] -- Up-to-date: /home/ros2/ros2_learn/cartoros2_ws/install/absl/include/absl/debugging/internal/address_is_readable.h
[2.047s] -- Up-to-date: /home/ros2/ros2_learn/cartoros2_ws/install/absl/include/absl/debugging/internal/examine_stack.h
[2.048s] -- Up-to-date: /home/ros2/ros2_learn/cartoros2_ws/install/absl/include/absl/debugging/internal/stacktrace_config.h
[2.048s] -- Up-to-date: /home/ros2/ros2_learn/cartoros2_ws/install/absl/include/absl/debugging/internal/demangle.h
[2.048s] -- Up-to-date: /home/ros2/ros2_learn/cartoros2_ws/install/absl/include/absl/debugging/symbolize_win32.inc
[2.048s] -- Up-to-date: /home/ros2/ros2_learn/cartoros2_ws/install/absl/include/absl/debugging/leak_check.h
[2.049s] -- Up-to-date: /home/ros2/ros2_learn/cartoros2_ws/install/absl/include/absl/debugging/symbolize.h
[2.050s] -- Up-to-date: /home/ros2/ros2_learn/cartoros2_ws/install/absl/include/absl/debugging/symbolize_unimplemented.inc
[2.051s] -- Up-to-date: /home/ros2/ros2_learn/cartoros2_ws/install/absl/include/absl/debugging/stacktrace.h
[2.051s] -- Up-to-date: /home/ros2/ros2_learn/cartoros2_ws/install/absl/include/absl/debugging/failure_signal_handler.h
[2.051s] -- Up-to-date: /home/ros2/ros2_learn/cartoros2_ws/install/absl/include/absl/debugging/symbolize_elf.inc
[2.051s] -- Up-to-date: /home/ros2/ros2_learn/cartoros2_ws/install/absl/include/absl/numeric
[2.051s] -- Up-to-date: /home/ros2/ros2_learn/cartoros2_ws/install/absl/include/absl/numeric/int128_no_intrinsic.inc
[2.067s] -- Up-to-date: /home/ros2/ros2_learn/cartoros2_ws/install/absl/include/absl/numeric/int128_have_intrinsic.inc
[2.068s] -- Up-to-date: /home/ros2/ros2_learn/cartoros2_ws/install/absl/include/absl/numeric/int128.h
[2.068s] -- Up-to-date: /home/ros2/ros2_learn/cartoros2_ws/install/absl/include/absl/hash
[2.068s] -- Up-to-date: /home/ros2/ros2_learn/cartoros2_ws/install/absl/include/absl/hash/internal
[2.068s] -- Up-to-date: /home/ros2/ros2_learn/cartoros2_ws/install/absl/include/absl/hash/internal/hash.h
[2.069s] -- Up-to-date: /home/ros2/ros2_learn/cartoros2_ws/install/absl/include/absl/hash/internal/city.h
[2.069s] -- Up-to-date: /home/ros2/ros2_learn/cartoros2_ws/install/absl/include/absl/hash/internal/spy_hash_state.h
[2.070s] -- Up-to-date: /home/ros2/ros2_learn/cartoros2_ws/install/absl/include/absl/hash/hash.h
[2.070s] -- Up-to-date: /home/ros2/ros2_learn/cartoros2_ws/install/absl/include/absl/hash/hash_testing.h
[2.070s] -- Up-to-date: /home/ros2/ros2_learn/cartoros2_ws/install/absl/include/absl/meta
[2.070s] -- Up-to-date: /home/ros2/ros2_learn/cartoros2_ws/install/absl/include/absl/meta/type_traits.h
[2.070s] -- Up-to-date: /home/ros2/ros2_learn/cartoros2_ws/install/absl/lib/libabsl_spinlock_wait.a
[2.070s] -- Up-to-date: /home/ros2/ros2_learn/cartoros2_ws/install/absl/lib/libabsl_dynamic_annotations.a
[2.071s] -- Up-to-date: /home/ros2/ros2_learn/cartoros2_ws/install/absl/lib/libabsl_malloc_internal.a
[2.071s] -- Up-to-date: /home/ros2/ros2_learn/cartoros2_ws/install/absl/lib/libabsl_base.a
[2.071s] -- Up-to-date: /home/ros2/ros2_learn/cartoros2_ws/install/absl/lib/libabsl_throw_delegate.a
[2.071s] -- Up-to-date: /home/ros2/ros2_learn/cartoros2_ws/install/absl/lib/libabsl_scoped_set_env.a
[2.071s] -- Up-to-date: /home/ros2/ros2_learn/cartoros2_ws/install/absl/lib/libabsl_hashtablez_sampler.a
[2.072s] -- Up-to-date: /home/ros2/ros2_learn/cartoros2_ws/install/absl/lib/libabsl_raw_hash_set.a
[2.072s] -- Up-to-date: /home/ros2/ros2_learn/cartoros2_ws/install/absl/lib/libabsl_stacktrace.a
[2.072s] -- Up-to-date: /home/ros2/ros2_learn/cartoros2_ws/install/absl/lib/libabsl_symbolize.a
[2.072s] -- Up-to-date: /home/ros2/ros2_learn/cartoros2_ws/install/absl/lib/libabsl_examine_stack.a
[2.072s] -- Up-to-date: /home/ros2/ros2_learn/cartoros2_ws/install/absl/lib/libabsl_failure_signal_handler.a
[2.072s] -- Up-to-date: /home/ros2/ros2_learn/cartoros2_ws/install/absl/lib/libabsl_debugging_internal.a
[2.072s] -- Up-to-date: /home/ros2/ros2_learn/cartoros2_ws/install/absl/lib/libabsl_demangle_internal.a
[2.073s] -- Up-to-date: /home/ros2/ros2_learn/cartoros2_ws/install/absl/lib/libabsl_leak_check.a
[2.091s] -- Up-to-date: /home/ros2/ros2_learn/cartoros2_ws/install/absl/lib/libabsl_leak_check_disable.a
[2.091s] -- Up-to-date: /home/ros2/ros2_learn/cartoros2_ws/install/absl/lib/libabsl_hash.a
[2.091s] -- Up-to-date: /home/ros2/ros2_learn/cartoros2_ws/install/absl/lib/libabsl_city.a
[2.092s] -- Up-to-date: /home/ros2/ros2_learn/cartoros2_ws/install/absl/lib/libabsl_int128.a
[2.092s] -- Up-to-date: /home/ros2/ros2_learn/cartoros2_ws/install/absl/lib/libabsl_strings.a
[2.092s] -- Up-to-date: /home/ros2/ros2_learn/cartoros2_ws/install/absl/lib/libabsl_strings_internal.a
[2.092s] -- Up-to-date: /home/ros2/ros2_learn/cartoros2_ws/install/absl/lib/libabsl_str_format_internal.a
[2.093s] -- Up-to-date: /home/ros2/ros2_learn/cartoros2_ws/install/absl/lib/libabsl_graphcycles_internal.a
[2.105s] -- Up-to-date: /home/ros2/ros2_learn/cartoros2_ws/install/absl/lib/libabsl_synchronization.a
[2.105s] -- Up-to-date: /home/ros2/ros2_learn/cartoros2_ws/install/absl/lib/libabsl_time.a
[2.105s] -- Up-to-date: /home/ros2/ros2_learn/cartoros2_ws/install/absl/lib/libabsl_civil_time.a
[2.105s] -- Up-to-date: /home/ros2/ros2_learn/cartoros2_ws/install/absl/lib/libabsl_time_zone.a
[2.105s] -- Up-to-date: /home/ros2/ros2_learn/cartoros2_ws/install/absl/lib/libabsl_bad_any_cast_impl.a
[2.105s] -- Up-to-date: /home/ros2/ros2_learn/cartoros2_ws/install/absl/lib/libabsl_bad_optional_access.a
[2.106s] -- Up-to-date: /home/ros2/ros2_learn/cartoros2_ws/install/absl/lib/libabsl_bad_variant_access.a
[2.106s] Invoked command in '/home/ros2/ros2_learn/cartoros2_ws/build/absl' returned '0': /usr/bin/cmake --install /home/ros2/ros2_learn/cartoros2_ws/build/absl
