[2.321s] Invoking command in '/home/ros2/ros2_learn/turtle_ws/src/village_li': AMENT_PREFIX_PATH=/home/ros2/ros2_learn/turtle_ws/src/install/village_interfaces:${AMENT_PREFIX_PATH} CMAKE_PREFIX_PATH=/home/ros2/ros2_learn/turtle_ws/src/install/village_interfaces LD_LIBRARY_PATH=/home/ros2/ros2_learn/turtle_ws/src/install/village_interfaces/lib:${LD_LIBRARY_PATH} PYTHONPATH=/home/ros2/ros2_learn/turtle_ws/src/build/village_li/prefix_override:/home/ros2/ros2_learn/turtle_ws/src/install/village_li/lib/python3.8/site-packages:/home/ros2/ros2_learn/turtle_ws/src/install/village_interfaces/lib/python3.8/site-packages:${PYTHONPATH} /usr/bin/python3 setup.py egg_info --egg-base ../build/village_li build --build-base /home/ros2/ros2_learn/turtle_ws/src/build/village_li/build install --record /home/ros2/ros2_learn/turtle_ws/src/build/village_li/install.log --single-version-externally-managed
[3.159s] running egg_info
[3.162s] writing ../build/village_li/village_li.egg-info/PKG-INFO
[3.163s] writing dependency_links to ../build/village_li/village_li.egg-info/dependency_links.txt
[3.164s] writing entry points to ../build/village_li/village_li.egg-info/entry_points.txt
[3.166s] writing requirements to ../build/village_li/village_li.egg-info/requires.txt
[3.167s] writing top-level names to ../build/village_li/village_li.egg-info/top_level.txt
[3.315s] reading manifest file '../build/village_li/village_li.egg-info/SOURCES.txt'
[3.318s] writing manifest file '../build/village_li/village_li.egg-info/SOURCES.txt'
[3.319s] running build
[3.319s] running build_py
[3.320s] copying village_li/li4.py -> /home/ros2/ros2_learn/turtle_ws/src/build/village_li/build/lib/village_li
[3.321s] running install
[3.324s] running install_lib
[3.328s] copying /home/ros2/ros2_learn/turtle_ws/src/build/village_li/build/lib/village_li/li4.py -> /home/ros2/ros2_learn/turtle_ws/src/install/village_li/lib/python3.8/site-packages/village_li
[3.330s] byte-compiling /home/ros2/ros2_learn/turtle_ws/src/install/village_li/lib/python3.8/site-packages/village_li/li4.py to li4.cpython-38.pyc
[3.339s] running install_data
[3.341s] running install_egg_info
[3.346s] removing '/home/ros2/ros2_learn/turtle_ws/src/install/village_li/lib/python3.8/site-packages/village_li-0.0.0-py3.8.egg-info' (and everything under it)
[3.347s] Copying ../build/village_li/village_li.egg-info to /home/ros2/ros2_learn/turtle_ws/src/install/village_li/lib/python3.8/site-packages/village_li-0.0.0-py3.8.egg-info
[3.350s] running install_scripts
[3.418s] Installing li3_node script to /home/ros2/ros2_learn/turtle_ws/src/install/village_li/lib/village_li
[3.419s] Installing li4_node script to /home/ros2/ros2_learn/turtle_ws/src/install/village_li/lib/village_li
[3.421s] writing list of installed files to '/home/ros2/ros2_learn/turtle_ws/src/build/village_li/install.log'
[3.487s] Invoked command in '/home/ros2/ros2_learn/turtle_ws/src/village_li' returned '0': AMENT_PREFIX_PATH=/home/ros2/ros2_learn/turtle_ws/src/install/village_interfaces:${AMENT_PREFIX_PATH} CMAKE_PREFIX_PATH=/home/ros2/ros2_learn/turtle_ws/src/install/village_interfaces LD_LIBRARY_PATH=/home/ros2/ros2_learn/turtle_ws/src/install/village_interfaces/lib:${LD_LIBRARY_PATH} PYTHONPATH=/home/ros2/ros2_learn/turtle_ws/src/build/village_li/prefix_override:/home/ros2/ros2_learn/turtle_ws/src/install/village_li/lib/python3.8/site-packages:/home/ros2/ros2_learn/turtle_ws/src/install/village_interfaces/lib/python3.8/site-packages:${PYTHONPATH} /usr/bin/python3 setup.py egg_info --egg-base ../build/village_li build --build-base /home/ros2/ros2_learn/turtle_ws/src/build/village_li/build install --record /home/ros2/ros2_learn/turtle_ws/src/build/village_li/install.log --single-version-externally-managed
