[3.259s] Invoking command in '/home/ros2/ros2_learn/turtle_ws/src/village_zhang': PYTHONPATH=/home/ros2/ros2_learn/turtle_ws/src/build/village_zhang/prefix_override:/home/ros2/ros2_learn/turtle_ws/src/install/village_zhang/lib/python3.8/site-packages:/home/ros2/ros2_learn/turtle_ws/src/install/village_interfaces/lib/python3.8/site-packages:/home/ros2/ros2_learn/turtle_ws/src/install/village_zhang/lib/python3.8/site-packages:/home/ros2/ros2_learn/turtle_ws/src/install/village_wang/lib/python3.8/site-packages:/home/ros2/ros2_learn/turtle_ws/src/install/village_li/lib/python3.8/site-packages:/opt/ros/galactic/lib/python3.8/site-packages /usr/bin/python3 setup.py egg_info --egg-base ../build/village_zhang build --build-base /home/ros2/ros2_learn/turtle_ws/src/build/village_zhang/build install --record /home/ros2/ros2_learn/turtle_ws/src/build/village_zhang/install.log --single-version-externally-managed
[3.999s] running egg_info
[4.009s] writing ../build/village_zhang/village_zhang.egg-info/PKG-INFO
[4.012s] writing dependency_links to ../build/village_zhang/village_zhang.egg-info/dependency_links.txt
[4.014s] writing entry points to ../build/village_zhang/village_zhang.egg-info/entry_points.txt
[4.015s] writing requirements to ../build/village_zhang/village_zhang.egg-info/requires.txt
[4.017s] writing top-level names to ../build/village_zhang/village_zhang.egg-info/top_level.txt
[4.192s] reading manifest file '../build/village_zhang/village_zhang.egg-info/SOURCES.txt'
[4.201s] writing manifest file '../build/village_zhang/village_zhang.egg-info/SOURCES.txt'
[4.201s] running build
[4.201s] running build_py
[4.201s] running install
[4.206s] running install_lib
[4.208s] running install_data
[4.210s] running install_egg_info
[4.213s] removing '/home/ros2/ros2_learn/turtle_ws/src/install/village_zhang/lib/python3.8/site-packages/village_zhang-0.0.0-py3.8.egg-info' (and everything under it)
[4.217s] Copying ../build/village_zhang/village_zhang.egg-info to /home/ros2/ros2_learn/turtle_ws/src/install/village_zhang/lib/python3.8/site-packages/village_zhang-0.0.0-py3.8.egg-info
[4.217s] running install_scripts
[4.262s] Installing zhang3_node script to /home/ros2/ros2_learn/turtle_ws/src/install/village_zhang/lib/village_zhang
[4.263s] writing list of installed files to '/home/ros2/ros2_learn/turtle_ws/src/build/village_zhang/install.log'
[4.364s] Invoked command in '/home/ros2/ros2_learn/turtle_ws/src/village_zhang' returned '0': PYTHONPATH=/home/ros2/ros2_learn/turtle_ws/src/build/village_zhang/prefix_override:/home/ros2/ros2_learn/turtle_ws/src/install/village_zhang/lib/python3.8/site-packages:/home/ros2/ros2_learn/turtle_ws/src/install/village_interfaces/lib/python3.8/site-packages:/home/ros2/ros2_learn/turtle_ws/src/install/village_zhang/lib/python3.8/site-packages:/home/ros2/ros2_learn/turtle_ws/src/install/village_wang/lib/python3.8/site-packages:/home/ros2/ros2_learn/turtle_ws/src/install/village_li/lib/python3.8/site-packages:/opt/ros/galactic/lib/python3.8/site-packages /usr/bin/python3 setup.py egg_info --egg-base ../build/village_zhang build --build-base /home/ros2/ros2_learn/turtle_ws/src/build/village_zhang/build install --record /home/ros2/ros2_learn/turtle_ws/src/build/village_zhang/install.log --single-version-externally-managed
