[0.043s] Invoking command in '/home/ros2/ros2_learn/cartoros2_ws/build/cartographer_rviz': AMENT_PREFIX_PATH=/home/ros2/ros2_learn/cartoros2_ws/install/cartographer_ros:/home/ros2/ros2_learn/cartoros2_ws/install/cartographer_ros_msgs:${AMENT_PREFIX_PATH} CMAKE_PREFIX_PATH=/home/ros2/ros2_learn/cartoros2_ws/install/cartographer_ros:/home/ros2/ros2_learn/cartoros2_ws/install/cartographer_ros_msgs:/home/ros2/ros2_learn/cartoros2_ws/install/cartographer:/opt/ros/galactic LD_LIBRARY_PATH=/home/ros2/ros2_learn/cartoros2_ws/install/cartographer_ros/lib:/home/ros2/ros2_learn/cartoros2_ws/install/cartographer_ros_msgs/lib:${LD_LIBRARY_PATH} PATH=/home/ros2/ros2_learn/cartoros2_ws/install/cartographer/bin:${PATH} PKG_CONFIG_PATH=/home/ros2/ros2_learn/cartoros2_ws/install/cartographer/lib/x86_64-linux-gnu/pkgconfig:/home/ros2/ros2_learn/cartoros2_ws/install/cartographer/lib/pkgconfig PYTHONPATH=/home/ros2/ros2_learn/cartoros2_ws/install/cartographer_ros_msgs/lib/python3.8/site-packages:${PYTHONPATH} /usr/bin/cmake --build /home/ros2/ros2_learn/cartoros2_ws/build/cartographer_rviz -- -j4 -l4
[0.158s] [ 16%] [34m[1mAutomatic MOC for target cartographer_rviz[0m
[0.163s] [ 16%] Built target cartographer_rviz_detect_changes
[0.196s] [ 16%] Built target cartographer_rviz_autogen
[0.305s] [100%] Built target cartographer_rviz
[0.327s] Invoked command in '/home/ros2/ros2_learn/cartoros2_ws/build/cartographer_rviz' returned '0': AMENT_PREFIX_PATH=/home/ros2/ros2_learn/cartoros2_ws/install/cartographer_ros:/home/ros2/ros2_learn/cartoros2_ws/install/cartographer_ros_msgs:${AMENT_PREFIX_PATH} CMAKE_PREFIX_PATH=/home/ros2/ros2_learn/cartoros2_ws/install/cartographer_ros:/home/ros2/ros2_learn/cartoros2_ws/install/cartographer_ros_msgs:/home/ros2/ros2_learn/cartoros2_ws/install/cartographer:/opt/ros/galactic LD_LIBRARY_PATH=/home/ros2/ros2_learn/cartoros2_ws/install/cartographer_ros/lib:/home/ros2/ros2_learn/cartoros2_ws/install/cartographer_ros_msgs/lib:${LD_LIBRARY_PATH} PATH=/home/ros2/ros2_learn/cartoros2_ws/install/cartographer/bin:${PATH} PKG_CONFIG_PATH=/home/ros2/ros2_learn/cartoros2_ws/install/cartographer/lib/x86_64-linux-gnu/pkgconfig:/home/ros2/ros2_learn/cartoros2_ws/install/cartographer/lib/pkgconfig PYTHONPATH=/home/ros2/ros2_learn/cartoros2_ws/install/cartographer_ros_msgs/lib/python3.8/site-packages:${PYTHONPATH} /usr/bin/cmake --build /home/ros2/ros2_learn/cartoros2_ws/build/cartographer_rviz -- -j4 -l4
[0.392s] Invoking command in '/home/ros2/ros2_learn/cartoros2_ws/build/cartographer_rviz': AMENT_PREFIX_PATH=/home/ros2/ros2_learn/cartoros2_ws/install/cartographer_ros:/home/ros2/ros2_learn/cartoros2_ws/install/cartographer_ros_msgs:${AMENT_PREFIX_PATH} CMAKE_PREFIX_PATH=/home/ros2/ros2_learn/cartoros2_ws/install/cartographer_ros:/home/ros2/ros2_learn/cartoros2_ws/install/cartographer_ros_msgs:/home/ros2/ros2_learn/cartoros2_ws/install/cartographer:/opt/ros/galactic LD_LIBRARY_PATH=/home/ros2/ros2_learn/cartoros2_ws/install/cartographer_ros/lib:/home/ros2/ros2_learn/cartoros2_ws/install/cartographer_ros_msgs/lib:${LD_LIBRARY_PATH} PATH=/home/ros2/ros2_learn/cartoros2_ws/install/cartographer/bin:${PATH} PKG_CONFIG_PATH=/home/ros2/ros2_learn/cartoros2_ws/install/cartographer/lib/x86_64-linux-gnu/pkgconfig:/home/ros2/ros2_learn/cartoros2_ws/install/cartographer/lib/pkgconfig PYTHONPATH=/home/ros2/ros2_learn/cartoros2_ws/install/cartographer_ros_msgs/lib/python3.8/site-packages:${PYTHONPATH} /usr/bin/cmake --install /home/ros2/ros2_learn/cartoros2_ws/build/cartographer_rviz
[0.408s] -- Install configuration: "Release"
[0.408s] -- Up-to-date: /home/ros2/ros2_learn/cartoros2_ws/install/cartographer_rviz/share/cartographer_rviz/rviz_plugin_description.xml
[0.409s] -- Up-to-date: /home/ros2/ros2_learn/cartoros2_ws/install/cartographer_rviz/lib/libcartographer_rviz.so
[0.410s] -- Up-to-date: /home/ros2/ros2_learn/cartoros2_ws/install/cartographer_rviz/include/
[0.410s] -- Up-to-date: /home/ros2/ros2_learn/cartoros2_ws/install/cartographer_rviz/include//cartographer_rviz
[0.410s] -- Up-to-date: /home/ros2/ros2_learn/cartoros2_ws/install/cartographer_rviz/include//cartographer_rviz/drawable_submap.h
[0.410s] -- Up-to-date: /home/ros2/ros2_learn/cartoros2_ws/install/cartographer_rviz/include//cartographer_rviz/submaps_display.h
[0.411s] -- Up-to-date: /home/ros2/ros2_learn/cartoros2_ws/install/cartographer_rviz/include//cartographer_rviz/ogre_slice.h
[0.411s] -- Up-to-date: /home/ros2/ros2_learn/cartoros2_ws/install/cartographer_rviz/share/cartographer_rviz/environment/library_path.sh
[0.411s] -- Up-to-date: /home/ros2/ros2_learn/cartoros2_ws/install/cartographer_rviz/share/cartographer_rviz/environment/library_path.dsv
[0.411s] -- Up-to-date: /home/ros2/ros2_learn/cartoros2_ws/install/cartographer_rviz/share/ament_index/resource_index/package_run_dependencies/cartographer_rviz
[0.412s] -- Up-to-date: /home/ros2/ros2_learn/cartoros2_ws/install/cartographer_rviz/share/ament_index/resource_index/parent_prefix_path/cartographer_rviz
[0.412s] -- Up-to-date: /home/ros2/ros2_learn/cartoros2_ws/install/cartographer_rviz/share/cartographer_rviz/environment/ament_prefix_path.sh
[0.412s] -- Up-to-date: /home/ros2/ros2_learn/cartoros2_ws/install/cartographer_rviz/share/cartographer_rviz/environment/ament_prefix_path.dsv
[0.412s] -- Up-to-date: /home/ros2/ros2_learn/cartoros2_ws/install/cartographer_rviz/share/cartographer_rviz/environment/path.sh
[0.413s] -- Up-to-date: /home/ros2/ros2_learn/cartoros2_ws/install/cartographer_rviz/share/cartographer_rviz/environment/path.dsv
[0.413s] -- Up-to-date: /home/ros2/ros2_learn/cartoros2_ws/install/cartographer_rviz/share/cartographer_rviz/local_setup.bash
[0.413s] -- Up-to-date: /home/ros2/ros2_learn/cartoros2_ws/install/cartographer_rviz/share/cartographer_rviz/local_setup.sh
[0.413s] -- Up-to-date: /home/ros2/ros2_learn/cartoros2_ws/install/cartographer_rviz/share/cartographer_rviz/local_setup.zsh
[0.413s] -- Up-to-date: /home/ros2/ros2_learn/cartoros2_ws/install/cartographer_rviz/share/cartographer_rviz/local_setup.dsv
[0.413s] -- Installing: /home/ros2/ros2_learn/cartoros2_ws/install/cartographer_rviz/share/cartographer_rviz/package.dsv
[0.413s] -- Up-to-date: /home/ros2/ros2_learn/cartoros2_ws/install/cartographer_rviz/share/ament_index/resource_index/packages/cartographer_rviz
[0.413s] -- Up-to-date: /home/ros2/ros2_learn/cartoros2_ws/install/cartographer_rviz/share/ament_index/resource_index/rviz_common__pluginlib__plugin/cartographer_rviz
[0.414s] -- Up-to-date: /home/ros2/ros2_learn/cartoros2_ws/install/cartographer_rviz/share/cartographer_rviz/ogre_media/materials/glsl120
[0.414s] -- Up-to-date: /home/ros2/ros2_learn/cartoros2_ws/install/cartographer_rviz/share/cartographer_rviz/ogre_media/materials/glsl120/submap.frag
[0.414s] -- Up-to-date: /home/ros2/ros2_learn/cartoros2_ws/install/cartographer_rviz/share/cartographer_rviz/ogre_media/materials/glsl120/glsl120.program
[0.414s] -- Up-to-date: /home/ros2/ros2_learn/cartoros2_ws/install/cartographer_rviz/share/cartographer_rviz/ogre_media/materials/glsl120/submap.vert
[0.414s] -- Up-to-date: /home/ros2/ros2_learn/cartoros2_ws/install/cartographer_rviz/share/cartographer_rviz/ogre_media/materials/scripts
[0.415s] -- Up-to-date: /home/ros2/ros2_learn/cartoros2_ws/install/cartographer_rviz/share/cartographer_rviz/ogre_media/materials/scripts/submap.material
[0.415s] -- Up-to-date: /home/ros2/ros2_learn/cartoros2_ws/install/cartographer_rviz/share/ament_index/resource_index/rviz_ogre_media_exports/cartographer_rviz
[0.415s] -- Up-to-date: /home/ros2/ros2_learn/cartoros2_ws/install/cartographer_rviz/share/cartographer_rviz/cmake/cartographer_rvizExport.cmake
[0.415s] -- Up-to-date: /home/ros2/ros2_learn/cartoros2_ws/install/cartographer_rviz/share/cartographer_rviz/cmake/cartographer_rvizExport-release.cmake
[0.415s] -- Up-to-date: /home/ros2/ros2_learn/cartoros2_ws/install/cartographer_rviz/share/cartographer_rviz/cmake/ament_cmake_export_include_directories-extras.cmake
[0.416s] -- Up-to-date: /home/ros2/ros2_learn/cartoros2_ws/install/cartographer_rviz/share/cartographer_rviz/cmake/ament_cmake_export_targets-extras.cmake
[0.416s] -- Up-to-date: /home/ros2/ros2_learn/cartoros2_ws/install/cartographer_rviz/share/cartographer_rviz/cmake/ament_cmake_export_dependencies-extras.cmake
[0.416s] -- Up-to-date: /home/ros2/ros2_learn/cartoros2_ws/install/cartographer_rviz/share/cartographer_rviz/cmake/cartographer_rvizConfig.cmake
[0.417s] -- Up-to-date: /home/ros2/ros2_learn/cartoros2_ws/install/cartographer_rviz/share/cartographer_rviz/cmake/cartographer_rvizConfig-version.cmake
[0.417s] -- Up-to-date: /home/ros2/ros2_learn/cartoros2_ws/install/cartographer_rviz/share/cartographer_rviz/package.xml
[0.430s] Invoked command in '/home/ros2/ros2_learn/cartoros2_ws/build/cartographer_rviz' returned '0': AMENT_PREFIX_PATH=/home/ros2/ros2_learn/cartoros2_ws/install/cartographer_ros:/home/ros2/ros2_learn/cartoros2_ws/install/cartographer_ros_msgs:${AMENT_PREFIX_PATH} CMAKE_PREFIX_PATH=/home/ros2/ros2_learn/cartoros2_ws/install/cartographer_ros:/home/ros2/ros2_learn/cartoros2_ws/install/cartographer_ros_msgs:/home/ros2/ros2_learn/cartoros2_ws/install/cartographer:/opt/ros/galactic LD_LIBRARY_PATH=/home/ros2/ros2_learn/cartoros2_ws/install/cartographer_ros/lib:/home/ros2/ros2_learn/cartoros2_ws/install/cartographer_ros_msgs/lib:${LD_LIBRARY_PATH} PATH=/home/ros2/ros2_learn/cartoros2_ws/install/cartographer/bin:${PATH} PKG_CONFIG_PATH=/home/ros2/ros2_learn/cartoros2_ws/install/cartographer/lib/x86_64-linux-gnu/pkgconfig:/home/ros2/ros2_learn/cartoros2_ws/install/cartographer/lib/pkgconfig PYTHONPATH=/home/ros2/ros2_learn/cartoros2_ws/install/cartographer_ros_msgs/lib/python3.8/site-packages:${PYTHONPATH} /usr/bin/cmake --install /home/ros2/ros2_learn/cartoros2_ws/build/cartographer_rviz
