[0.048s] Invoking command in '/home/ros2/ros2_learn/fishbot_ws/build/nav2_rviz_plugins': AMENT_PREFIX_PATH=/home/ros2/ros2_learn/fishbot_ws/install/nav2_lifecycle_manager:/home/ros2/ros2_learn/fishbot_ws/install/nav2_util:/home/ros2/ros2_learn/fishbot_ws/install/nav2_msgs:/home/ros2/ros2_learn/fishbot_ws/install/nav2_common:${AMENT_PREFIX_PATH} CMAKE_PREFIX_PATH=/home/ros2/ros2_learn/fishbot_ws/install/nav2_lifecycle_manager:/home/ros2/ros2_learn/fishbot_ws/install/nav2_util:/home/ros2/ros2_learn/fishbot_ws/install/nav2_msgs:/home/ros2/ros2_learn/fishbot_ws/install/nav2_common:/opt/ros/galactic LD_LIBRARY_PATH=/home/ros2/ros2_learn/fishbot_ws/install/nav2_lifecycle_manager/lib:/home/ros2/ros2_learn/fishbot_ws/install/nav2_util/lib:/home/ros2/ros2_learn/fishbot_ws/install/nav2_msgs/lib:${LD_LIBRARY_PATH} PYTHONPATH=/home/ros2/ros2_learn/fishbot_ws/install/nav2_msgs/lib/python3.8/site-packages:/home/ros2/ros2_learn/fishbot_ws/install/nav2_common/lib/python3.8/site-packages:${PYTHONPATH} /usr/bin/cmake /home/ros2/ros2_learn/fishbot_ws/src/navigation2/nav2_rviz_plugins -DCMAKE_INSTALL_PREFIX=/home/ros2/ros2_learn/fishbot_ws/install/nav2_rviz_plugins
[0.146s] -- The C compiler identification is GNU 9.4.0
[0.231s] -- The CXX compiler identification is GNU 9.4.0
[0.231s] -- Check for working C compiler: /usr/bin/cc
[0.371s] -- Check for working C compiler: /usr/bin/cc -- works
[0.371s] -- Detecting C compiler ABI info
[0.511s] -- Detecting C compiler ABI info - done
[0.518s] -- Detecting C compile features
[0.520s] -- Detecting C compile features - done
[0.523s] -- Check for working CXX compiler: /usr/bin/c++
[0.682s] -- Check for working CXX compiler: /usr/bin/c++ -- works
[0.682s] -- Detecting CXX compiler ABI info
[0.803s] -- Detecting CXX compiler ABI info - done
[0.817s] -- Detecting CXX compile features
[0.818s] -- Detecting CXX compile features - done
[0.822s] -- Found ament_cmake: 1.1.6 (/opt/ros/galactic/share/ament_cmake/cmake)
[0.864s] -- Found PythonInterp: /usr/bin/python3 (found suitable version "3.8.10", minimum required is "3") 
[0.864s] -- Using PYTHON_EXECUTABLE: /usr/bin/python3
[0.989s] -- Found geometry_msgs: 2.2.4 (/opt/ros/galactic/share/geometry_msgs/cmake)
[1.039s] -- Using all available rosidl_typesupport_c: rosidl_typesupport_fastrtps_c;rosidl_typesupport_introspection_c
[1.050s] -- Found rosidl_adapter: 2.2.3 (/opt/ros/galactic/share/rosidl_adapter/cmake)
[1.175s] -- Found OpenSSL: /usr/lib/x86_64-linux-gnu/libcrypto.so (found version "1.1.1f")  
[1.228s] -- Found FastRTPS: /opt/ros/galactic/include  
[1.355s] -- Using all available rosidl_typesupport_cpp: rosidl_typesupport_fastrtps_cpp;rosidl_typesupport_introspection_cpp
[1.500s] -- Found nav2_util: 1.0.12 (/home/ros2/ros2_learn/fishbot_ws/install/nav2_util/share/nav2_util/cmake)
[2.268s] -- Found rmw_implementation_cmake: 3.3.1 (/opt/ros/galactic/share/rmw_implementation_cmake/cmake)
[2.273s] -- Found rmw_cyclonedds_cpp: 0.22.6 (/opt/ros/galactic/share/rmw_cyclonedds_cpp/cmake)
[2.316s] -- Using RMW implementation 'rmw_cyclonedds_cpp' as default
[2.318s] -- Looking for pthread.h
[2.452s] -- Looking for pthread.h - found
[2.452s] -- Performing Test CMAKE_HAVE_LIBC_PTHREAD
[2.566s] -- Performing Test CMAKE_HAVE_LIBC_PTHREAD - Failed
[2.567s] -- Looking for pthread_create in pthreads
[2.672s] -- Looking for pthread_create in pthreads - not found
[2.672s] -- Looking for pthread_create in pthread
[2.807s] -- Looking for pthread_create in pthread - found
[2.810s] -- Found Threads: TRUE  
[3.555s] -- Found eigen3_cmake_module: 0.1.1 (/opt/ros/galactic/share/eigen3_cmake_module/cmake)
[3.559s] -- Found Eigen3: TRUE (found version "3.3.7") 
[3.854s] -- Found nav2_lifecycle_manager: 1.0.12 (/home/ros2/ros2_learn/fishbot_ws/install/nav2_lifecycle_manager/share/nav2_lifecycle_manager/cmake)
[4.323s] -- Found pluginlib: 5.0.1 (/opt/ros/galactic/share/pluginlib/cmake)
[4.375s] -- Found rviz_common: 8.5.2 (/opt/ros/galactic/share/rviz_common/cmake)
[4.387s] -- Setting OGRE_DIR to: '/opt/ros/galactic/share/rviz_ogre_vendor/cmake/../../../opt/rviz_ogre_vendor/lib/OGRE/cmake'
[4.391s] -- Found OGRE
[4.392s] --   static     : OFF
[4.392s] --   components : HLMS;MeshLodGenerator;Overlay;Paging;Property;RTShaderSystem;Terrain;Volume
[4.392s] --   plugins    : Plugin_BSPSceneManager;Plugin_OctreeSceneManager;Plugin_PCZSceneManager;Plugin_ParticleFX;RenderSystem_GL;RenderSystem_GL3Plus;Codec_STBI
[4.393s] --   media      : /opt/ros/galactic/opt/rviz_ogre_vendor/share/OGRE/Media
[4.393s] -- OGRE_LIBRARIES: OgreHLMS;OgreMeshLodGenerator;OgreOverlay;OgrePaging;OgreProperty;OgreRTShaderSystem;OgreTerrain;OgreVolume;OgreMain
[4.393s] -- OGRE_LIBRARY_DIRS: /opt/ros/galactic/opt/rviz_ogre_vendor/lib
[4.394s] -- OGRE_PLUGINS: Plugin_BSPSceneManager;Plugin_OctreeSceneManager;Plugin_PCZSceneManager;Plugin_ParticleFX;RenderSystem_GL;RenderSystem_GL3Plus;Codec_STBI
[4.394s] -- OGRE_PLUGIN_DIR: /opt/ros/galactic/opt/rviz_ogre_vendor/lib/OGRE
[4.394s] -- rviz_ogre_vendor::OgreOverlay for IMPORTED_LOCATION_RELEASE: /opt/ros/galactic/opt/rviz_ogre_vendor/lib/libOgreOverlay.so
[4.394s] -- rviz_ogre_vendor::OgreOverlay for IMPORTED_LOCATION_DEBUG: /opt/ros/galactic/opt/rviz_ogre_vendor/lib/libOgreOverlay.so
[4.395s] -- rviz_ogre_vendor::OgreMain for IMPORTED_LOCATION_RELEASE: /opt/ros/galactic/opt/rviz_ogre_vendor/lib/libOgreMain.so
[4.395s] -- rviz_ogre_vendor::OgreMain for IMPORTED_LOCATION_DEBUG: /opt/ros/galactic/opt/rviz_ogre_vendor/lib/libOgreMain.so
[4.443s] -- Found ZLIB: /usr/lib/x86_64-linux-gnu/libz.so (found version "1.2.11") 
[4.452s] -- Found OpenGL: /usr/lib/x86_64-linux-gnu/libOpenGL.so   
[4.671s] -- Found X11: /usr/include   
[4.672s] -- Looking for XOpenDisplay in /usr/lib/x86_64-linux-gnu/libX11.so;/usr/lib/x86_64-linux-gnu/libXext.so
[4.837s] -- Looking for XOpenDisplay in /usr/lib/x86_64-linux-gnu/libX11.so;/usr/lib/x86_64-linux-gnu/libXext.so - found
[4.838s] -- Looking for gethostbyname
[4.955s] -- Looking for gethostbyname - found
[4.956s] -- Looking for connect
[5.071s] -- Looking for connect - found
[5.071s] -- Looking for remove
[5.211s] -- Looking for remove - found
[5.212s] -- Looking for shmat
[5.316s] -- Looking for shmat - found
[5.316s] -- Looking for IceConnectionNumber in ICE
[5.419s] -- Looking for IceConnectionNumber in ICE - found
[5.426s] -- rviz_ogre_vendor::RenderSystem_GL for IMPORTED_LOCATION_RELEASE: _render_system_gl_static_library_abs-NOTFOUND
[5.426s] -- rviz_ogre_vendor::RenderSystem_GL for IMPORTED_LOCATION_DEBUG: _render_system_gl_static_library_abs-NOTFOUND
[5.431s] -- library: libassimp.so.5
[5.572s] -- library: /usr/lib/x86_64-linux-gnu/libcurl.so
[5.825s] -- Found rviz_default_plugins: 8.5.2 (/opt/ros/galactic/share/rviz_default_plugins/cmake)
[7.935s] -- Found ament_lint_auto: 0.10.7 (/opt/ros/galactic/share/ament_lint_auto/cmake)
[8.097s] -- Added test 'copyright' to check source files copyright and LICENSE
[8.099s] -- Added test 'cppcheck' to perform static code analysis on C / C++ code
[8.100s] -- Configured cppcheck include dirs: /home/ros2/ros2_learn/fishbot_ws/src/navigation2/nav2_rviz_plugins/include
[8.100s] -- Configured cppcheck exclude dirs and/or files: 
[8.102s] -- Added test 'cpplint' to check C / C++ code against the Google style
[8.102s] -- Configured cpplint exclude dirs and/or files: 
[8.103s] -- Added test 'lint_cmake' to check CMake code style
[8.105s] -- Added test 'uncrustify' to check C / C++ code style
[8.105s] -- Configured uncrustify additional arguments: 
[8.106s] -- Added test 'xmllint' to check XML markup files
[8.117s] -- Configuring done
[8.192s] -- Generating done
[8.195s] -- Build files have been written to: /home/ros2/ros2_learn/fishbot_ws/build/nav2_rviz_plugins
[8.210s] Invoked command in '/home/ros2/ros2_learn/fishbot_ws/build/nav2_rviz_plugins' returned '0': AMENT_PREFIX_PATH=/home/ros2/ros2_learn/fishbot_ws/install/nav2_lifecycle_manager:/home/ros2/ros2_learn/fishbot_ws/install/nav2_util:/home/ros2/ros2_learn/fishbot_ws/install/nav2_msgs:/home/ros2/ros2_learn/fishbot_ws/install/nav2_common:${AMENT_PREFIX_PATH} CMAKE_PREFIX_PATH=/home/ros2/ros2_learn/fishbot_ws/install/nav2_lifecycle_manager:/home/ros2/ros2_learn/fishbot_ws/install/nav2_util:/home/ros2/ros2_learn/fishbot_ws/install/nav2_msgs:/home/ros2/ros2_learn/fishbot_ws/install/nav2_common:/opt/ros/galactic LD_LIBRARY_PATH=/home/ros2/ros2_learn/fishbot_ws/install/nav2_lifecycle_manager/lib:/home/ros2/ros2_learn/fishbot_ws/install/nav2_util/lib:/home/ros2/ros2_learn/fishbot_ws/install/nav2_msgs/lib:${LD_LIBRARY_PATH} PYTHONPATH=/home/ros2/ros2_learn/fishbot_ws/install/nav2_msgs/lib/python3.8/site-packages:/home/ros2/ros2_learn/fishbot_ws/install/nav2_common/lib/python3.8/site-packages:${PYTHONPATH} /usr/bin/cmake /home/ros2/ros2_learn/fishbot_ws/src/navigation2/nav2_rviz_plugins -DCMAKE_INSTALL_PREFIX=/home/ros2/ros2_learn/fishbot_ws/install/nav2_rviz_plugins
[8.215s] Invoking command in '/home/ros2/ros2_learn/fishbot_ws/build/nav2_rviz_plugins': AMENT_PREFIX_PATH=/home/ros2/ros2_learn/fishbot_ws/install/nav2_lifecycle_manager:/home/ros2/ros2_learn/fishbot_ws/install/nav2_util:/home/ros2/ros2_learn/fishbot_ws/install/nav2_msgs:/home/ros2/ros2_learn/fishbot_ws/install/nav2_common:${AMENT_PREFIX_PATH} CMAKE_PREFIX_PATH=/home/ros2/ros2_learn/fishbot_ws/install/nav2_lifecycle_manager:/home/ros2/ros2_learn/fishbot_ws/install/nav2_util:/home/ros2/ros2_learn/fishbot_ws/install/nav2_msgs:/home/ros2/ros2_learn/fishbot_ws/install/nav2_common:/opt/ros/galactic LD_LIBRARY_PATH=/home/ros2/ros2_learn/fishbot_ws/install/nav2_lifecycle_manager/lib:/home/ros2/ros2_learn/fishbot_ws/install/nav2_util/lib:/home/ros2/ros2_learn/fishbot_ws/install/nav2_msgs/lib:${LD_LIBRARY_PATH} PYTHONPATH=/home/ros2/ros2_learn/fishbot_ws/install/nav2_msgs/lib/python3.8/site-packages:/home/ros2/ros2_learn/fishbot_ws/install/nav2_common/lib/python3.8/site-packages:${PYTHONPATH} /usr/bin/cmake --build /home/ros2/ros2_learn/fishbot_ws/build/nav2_rviz_plugins -- -j4 -l4
[8.287s] [35m[1mScanning dependencies of target nav2_rviz_plugins_autogen[0m
[8.302s] [ 14%] [34m[1mAutomatic MOC for target nav2_rviz_plugins[0m
[9.409s] [ 14%] Built target nav2_rviz_plugins_autogen
[9.429s] [35m[1mScanning dependencies of target nav2_rviz_plugins[0m
[9.780s] [ 28%] [32mBuilding CXX object CMakeFiles/nav2_rviz_plugins.dir/nav2_rviz_plugins_autogen/mocs_compilation.cpp.o[0m
[32.119s] [ 42%] [32mBuilding CXX object CMakeFiles/nav2_rviz_plugins.dir/src/particle_cloud_display/flat_weighted_arrows_array.cpp.o[0m
[40.024s] [ 57%] [32mBuilding CXX object CMakeFiles/nav2_rviz_plugins.dir/src/particle_cloud_display/particle_cloud_display.cpp.o[0m
[58.246s] [ 71%] [32mBuilding CXX object CMakeFiles/nav2_rviz_plugins.dir/src/nav2_panel.cpp.o[0m
[90.203s] [ 85%] [32mBuilding CXX object CMakeFiles/nav2_rviz_plugins.dir/src/goal_tool.cpp.o[0m
[95.298s] [100%] [32m[1mLinking CXX shared library libnav2_rviz_plugins.so[0m
[101.440s] [100%] Built target nav2_rviz_plugins
[101.461s] Invoked command in '/home/ros2/ros2_learn/fishbot_ws/build/nav2_rviz_plugins' returned '0': AMENT_PREFIX_PATH=/home/ros2/ros2_learn/fishbot_ws/install/nav2_lifecycle_manager:/home/ros2/ros2_learn/fishbot_ws/install/nav2_util:/home/ros2/ros2_learn/fishbot_ws/install/nav2_msgs:/home/ros2/ros2_learn/fishbot_ws/install/nav2_common:${AMENT_PREFIX_PATH} CMAKE_PREFIX_PATH=/home/ros2/ros2_learn/fishbot_ws/install/nav2_lifecycle_manager:/home/ros2/ros2_learn/fishbot_ws/install/nav2_util:/home/ros2/ros2_learn/fishbot_ws/install/nav2_msgs:/home/ros2/ros2_learn/fishbot_ws/install/nav2_common:/opt/ros/galactic LD_LIBRARY_PATH=/home/ros2/ros2_learn/fishbot_ws/install/nav2_lifecycle_manager/lib:/home/ros2/ros2_learn/fishbot_ws/install/nav2_util/lib:/home/ros2/ros2_learn/fishbot_ws/install/nav2_msgs/lib:${LD_LIBRARY_PATH} PYTHONPATH=/home/ros2/ros2_learn/fishbot_ws/install/nav2_msgs/lib/python3.8/site-packages:/home/ros2/ros2_learn/fishbot_ws/install/nav2_common/lib/python3.8/site-packages:${PYTHONPATH} /usr/bin/cmake --build /home/ros2/ros2_learn/fishbot_ws/build/nav2_rviz_plugins -- -j4 -l4
[101.520s] Invoking command in '/home/ros2/ros2_learn/fishbot_ws/build/nav2_rviz_plugins': AMENT_PREFIX_PATH=/home/ros2/ros2_learn/fishbot_ws/install/nav2_lifecycle_manager:/home/ros2/ros2_learn/fishbot_ws/install/nav2_util:/home/ros2/ros2_learn/fishbot_ws/install/nav2_msgs:/home/ros2/ros2_learn/fishbot_ws/install/nav2_common:${AMENT_PREFIX_PATH} CMAKE_PREFIX_PATH=/home/ros2/ros2_learn/fishbot_ws/install/nav2_lifecycle_manager:/home/ros2/ros2_learn/fishbot_ws/install/nav2_util:/home/ros2/ros2_learn/fishbot_ws/install/nav2_msgs:/home/ros2/ros2_learn/fishbot_ws/install/nav2_common:/opt/ros/galactic LD_LIBRARY_PATH=/home/ros2/ros2_learn/fishbot_ws/install/nav2_lifecycle_manager/lib:/home/ros2/ros2_learn/fishbot_ws/install/nav2_util/lib:/home/ros2/ros2_learn/fishbot_ws/install/nav2_msgs/lib:${LD_LIBRARY_PATH} PYTHONPATH=/home/ros2/ros2_learn/fishbot_ws/install/nav2_msgs/lib/python3.8/site-packages:/home/ros2/ros2_learn/fishbot_ws/install/nav2_common/lib/python3.8/site-packages:${PYTHONPATH} /usr/bin/cmake --install /home/ros2/ros2_learn/fishbot_ws/build/nav2_rviz_plugins
[101.537s] -- Install configuration: ""
[101.538s] -- Installing: /home/ros2/ros2_learn/fishbot_ws/install/nav2_rviz_plugins/share/nav2_rviz_plugins/plugins_description.xml
[101.541s] -- Installing: /home/ros2/ros2_learn/fishbot_ws/install/nav2_rviz_plugins/lib/libnav2_rviz_plugins.so
[101.556s] -- Set runtime path of "/home/ros2/ros2_learn/fishbot_ws/install/nav2_rviz_plugins/lib/libnav2_rviz_plugins.so" to ""
[101.556s] -- Installing: /home/ros2/ros2_learn/fishbot_ws/install/nav2_rviz_plugins/include/
[101.556s] -- Installing: /home/ros2/ros2_learn/fishbot_ws/install/nav2_rviz_plugins/include//nav2_rviz_plugins
[101.557s] -- Installing: /home/ros2/ros2_learn/fishbot_ws/install/nav2_rviz_plugins/include//nav2_rviz_plugins/ros_action_qevent.hpp
[101.557s] -- Installing: /home/ros2/ros2_learn/fishbot_ws/install/nav2_rviz_plugins/include//nav2_rviz_plugins/particle_cloud_display
[101.557s] -- Installing: /home/ros2/ros2_learn/fishbot_ws/install/nav2_rviz_plugins/include//nav2_rviz_plugins/particle_cloud_display/flat_weighted_arrows_array.hpp
[101.557s] -- Installing: /home/ros2/ros2_learn/fishbot_ws/install/nav2_rviz_plugins/include//nav2_rviz_plugins/particle_cloud_display/particle_cloud_display.hpp
[101.558s] -- Installing: /home/ros2/ros2_learn/fishbot_ws/install/nav2_rviz_plugins/include//nav2_rviz_plugins/goal_tool.hpp
[101.558s] -- Installing: /home/ros2/ros2_learn/fishbot_ws/install/nav2_rviz_plugins/include//nav2_rviz_plugins/goal_pose_updater.hpp
[101.558s] -- Installing: /home/ros2/ros2_learn/fishbot_ws/install/nav2_rviz_plugins/include//nav2_rviz_plugins/goal_common.hpp
[101.558s] -- Installing: /home/ros2/ros2_learn/fishbot_ws/install/nav2_rviz_plugins/include//nav2_rviz_plugins/nav2_panel.hpp
[101.559s] -- Installing: /home/ros2/ros2_learn/fishbot_ws/install/nav2_rviz_plugins/share/nav2_rviz_plugins/environment/library_path.sh
[101.559s] -- Installing: /home/ros2/ros2_learn/fishbot_ws/install/nav2_rviz_plugins/share/nav2_rviz_plugins/environment/library_path.dsv
[101.559s] -- Installing: /home/ros2/ros2_learn/fishbot_ws/install/nav2_rviz_plugins/share/ament_index/resource_index/package_run_dependencies/nav2_rviz_plugins
[101.559s] -- Installing: /home/ros2/ros2_learn/fishbot_ws/install/nav2_rviz_plugins/share/ament_index/resource_index/parent_prefix_path/nav2_rviz_plugins
[101.560s] -- Installing: /home/ros2/ros2_learn/fishbot_ws/install/nav2_rviz_plugins/share/nav2_rviz_plugins/environment/ament_prefix_path.sh
[101.560s] -- Installing: /home/ros2/ros2_learn/fishbot_ws/install/nav2_rviz_plugins/share/nav2_rviz_plugins/environment/ament_prefix_path.dsv
[101.560s] -- Installing: /home/ros2/ros2_learn/fishbot_ws/install/nav2_rviz_plugins/share/nav2_rviz_plugins/environment/path.sh
[101.560s] -- Installing: /home/ros2/ros2_learn/fishbot_ws/install/nav2_rviz_plugins/share/nav2_rviz_plugins/environment/path.dsv
[101.561s] -- Installing: /home/ros2/ros2_learn/fishbot_ws/install/nav2_rviz_plugins/share/nav2_rviz_plugins/local_setup.bash
[101.561s] -- Installing: /home/ros2/ros2_learn/fishbot_ws/install/nav2_rviz_plugins/share/nav2_rviz_plugins/local_setup.sh
[101.561s] -- Installing: /home/ros2/ros2_learn/fishbot_ws/install/nav2_rviz_plugins/share/nav2_rviz_plugins/local_setup.zsh
[101.561s] -- Installing: /home/ros2/ros2_learn/fishbot_ws/install/nav2_rviz_plugins/share/nav2_rviz_plugins/local_setup.dsv
[101.561s] -- Installing: /home/ros2/ros2_learn/fishbot_ws/install/nav2_rviz_plugins/share/nav2_rviz_plugins/package.dsv
[101.562s] -- Installing: /home/ros2/ros2_learn/fishbot_ws/install/nav2_rviz_plugins/share/ament_index/resource_index/packages/nav2_rviz_plugins
[101.562s] -- Installing: /home/ros2/ros2_learn/fishbot_ws/install/nav2_rviz_plugins/share/ament_index/resource_index/rviz_common__pluginlib__plugin/nav2_rviz_plugins
[101.562s] -- Installing: /home/ros2/ros2_learn/fishbot_ws/install/nav2_rviz_plugins/share/nav2_rviz_plugins/cmake/nav2_rviz_pluginsExport.cmake
[101.562s] -- Installing: /home/ros2/ros2_learn/fishbot_ws/install/nav2_rviz_plugins/share/nav2_rviz_plugins/cmake/nav2_rviz_pluginsExport-noconfig.cmake
[101.563s] -- Installing: /home/ros2/ros2_learn/fishbot_ws/install/nav2_rviz_plugins/share/nav2_rviz_plugins/cmake/ament_cmake_export_include_directories-extras.cmake
[101.563s] -- Installing: /home/ros2/ros2_learn/fishbot_ws/install/nav2_rviz_plugins/share/nav2_rviz_plugins/cmake/ament_cmake_export_targets-extras.cmake
[101.563s] -- Installing: /home/ros2/ros2_learn/fishbot_ws/install/nav2_rviz_plugins/share/nav2_rviz_plugins/cmake/ament_cmake_export_dependencies-extras.cmake
[101.563s] -- Installing: /home/ros2/ros2_learn/fishbot_ws/install/nav2_rviz_plugins/share/nav2_rviz_plugins/cmake/nav2_rviz_pluginsConfig.cmake
[101.563s] -- Installing: /home/ros2/ros2_learn/fishbot_ws/install/nav2_rviz_plugins/share/nav2_rviz_plugins/cmake/nav2_rviz_pluginsConfig-version.cmake
[101.564s] -- Installing: /home/ros2/ros2_learn/fishbot_ws/install/nav2_rviz_plugins/share/nav2_rviz_plugins/package.xml
[101.571s] Invoked command in '/home/ros2/ros2_learn/fishbot_ws/build/nav2_rviz_plugins' returned '0': AMENT_PREFIX_PATH=/home/ros2/ros2_learn/fishbot_ws/install/nav2_lifecycle_manager:/home/ros2/ros2_learn/fishbot_ws/install/nav2_util:/home/ros2/ros2_learn/fishbot_ws/install/nav2_msgs:/home/ros2/ros2_learn/fishbot_ws/install/nav2_common:${AMENT_PREFIX_PATH} CMAKE_PREFIX_PATH=/home/ros2/ros2_learn/fishbot_ws/install/nav2_lifecycle_manager:/home/ros2/ros2_learn/fishbot_ws/install/nav2_util:/home/ros2/ros2_learn/fishbot_ws/install/nav2_msgs:/home/ros2/ros2_learn/fishbot_ws/install/nav2_common:/opt/ros/galactic LD_LIBRARY_PATH=/home/ros2/ros2_learn/fishbot_ws/install/nav2_lifecycle_manager/lib:/home/ros2/ros2_learn/fishbot_ws/install/nav2_util/lib:/home/ros2/ros2_learn/fishbot_ws/install/nav2_msgs/lib:${LD_LIBRARY_PATH} PYTHONPATH=/home/ros2/ros2_learn/fishbot_ws/install/nav2_msgs/lib/python3.8/site-packages:/home/ros2/ros2_learn/fishbot_ws/install/nav2_common/lib/python3.8/site-packages:${PYTHONPATH} /usr/bin/cmake --install /home/ros2/ros2_learn/fishbot_ws/build/nav2_rviz_plugins
