[1.383s] Invoking command in '/home/ros2/ros2_learn/fishbot_ws/src/fishbot_description': PYTHONPATH=/home/ros2/ros2_learn/fishbot_ws/build/fishbot_description/prefix_override:/home/ros2/ros2_learn/fishbot_ws/install/fishbot_description/lib/python3.8/site-packages:${PYTHONPATH} /usr/bin/python3 setup.py egg_info --egg-base ../../build/fishbot_description build --build-base /home/ros2/ros2_learn/fishbot_ws/build/fishbot_description/build install --record /home/ros2/ros2_learn/fishbot_ws/build/fishbot_description/install.log --single-version-externally-managed
[1.706s] running egg_info
[1.707s] creating ../../build/fishbot_description/fishbot_description.egg-info
[1.728s] writing ../../build/fishbot_description/fishbot_description.egg-info/PKG-INFO
[1.729s] writing dependency_links to ../../build/fishbot_description/fishbot_description.egg-info/dependency_links.txt
[1.730s] writing entry points to ../../build/fishbot_description/fishbot_description.egg-info/entry_points.txt
[1.730s] writing requirements to ../../build/fishbot_description/fishbot_description.egg-info/requires.txt
[1.730s] writing top-level names to ../../build/fishbot_description/fishbot_description.egg-info/top_level.txt
[1.884s] writing manifest file '../../build/fishbot_description/fishbot_description.egg-info/SOURCES.txt'
[1.928s] reading manifest file '../../build/fishbot_description/fishbot_description.egg-info/SOURCES.txt'
[1.930s] writing manifest file '../../build/fishbot_description/fishbot_description.egg-info/SOURCES.txt'
[1.930s] running build
[1.931s] running build_py
[1.931s] creating /home/ros2/ros2_learn/fishbot_ws/build/fishbot_description/build
[1.931s] creating /home/ros2/ros2_learn/fishbot_ws/build/fishbot_description/build/lib
[1.932s] creating /home/ros2/ros2_learn/fishbot_ws/build/fishbot_description/build/lib/fishbot_description
[1.932s] copying fishbot_description/__init__.py -> /home/ros2/ros2_learn/fishbot_ws/build/fishbot_description/build/lib/fishbot_description
[1.933s] copying fishbot_description/rotate_wheel.py -> /home/ros2/ros2_learn/fishbot_ws/build/fishbot_description/build/lib/fishbot_description
[1.933s] running install
[1.935s] /home/ros2/.local/lib/python3.8/site-packages/setuptools/command/install.py:34: SetuptoolsDeprecationWarning: setup.py install is deprecated. Use build and pip and other standards-based tools.
[1.935s]   warnings.warn(
[1.944s] running install_lib
[1.965s] creating /home/ros2/ros2_learn/fishbot_ws/install/fishbot_description/lib/python3.8/site-packages/fishbot_description
[1.966s] copying /home/ros2/ros2_learn/fishbot_ws/build/fishbot_description/build/lib/fishbot_description/__init__.py -> /home/ros2/ros2_learn/fishbot_ws/install/fishbot_description/lib/python3.8/site-packages/fishbot_description
[1.966s] copying /home/ros2/ros2_learn/fishbot_ws/build/fishbot_description/build/lib/fishbot_description/rotate_wheel.py -> /home/ros2/ros2_learn/fishbot_ws/install/fishbot_description/lib/python3.8/site-packages/fishbot_description
[1.967s] byte-compiling /home/ros2/ros2_learn/fishbot_ws/install/fishbot_description/lib/python3.8/site-packages/fishbot_description/__init__.py to __init__.cpython-38.pyc
[1.967s] byte-compiling /home/ros2/ros2_learn/fishbot_ws/install/fishbot_description/lib/python3.8/site-packages/fishbot_description/rotate_wheel.py to rotate_wheel.cpython-38.pyc
[1.968s] running install_data
[1.991s] creating /home/ros2/ros2_learn/fishbot_ws/install/fishbot_description/share/ament_index
[1.991s] creating /home/ros2/ros2_learn/fishbot_ws/install/fishbot_description/share/ament_index/resource_index
[1.991s] creating /home/ros2/ros2_learn/fishbot_ws/install/fishbot_description/share/ament_index/resource_index/packages
[1.992s] copying resource/fishbot_description -> /home/ros2/ros2_learn/fishbot_ws/install/fishbot_description/share/ament_index/resource_index/packages
[1.992s] copying package.xml -> /home/ros2/ros2_learn/fishbot_ws/install/fishbot_description/share/fishbot_description
[1.993s] creating /home/ros2/ros2_learn/fishbot_ws/install/fishbot_description/share/fishbot_description/launch
[1.993s] copying launch/gazebo.launch.py -> /home/ros2/ros2_learn/fishbot_ws/install/fishbot_description/share/fishbot_description/launch
[1.994s] copying launch/display_rviz2.launch.py -> /home/ros2/ros2_learn/fishbot_ws/install/fishbot_description/share/fishbot_description/launch
[1.995s] creating /home/ros2/ros2_learn/fishbot_ws/install/fishbot_description/share/fishbot_description/urdf
[1.995s] copying urdf/fishbot_base.urdf -> /home/ros2/ros2_learn/fishbot_ws/install/fishbot_description/share/fishbot_description/urdf
[1.996s] creating /home/ros2/ros2_learn/fishbot_ws/install/fishbot_description/share/fishbot_description/world
[1.997s] copying world/world2.world -> /home/ros2/ros2_learn/fishbot_ws/install/fishbot_description/share/fishbot_description/world
[1.998s] running install_egg_info
[2.019s] Copying ../../build/fishbot_description/fishbot_description.egg-info to /home/ros2/ros2_learn/fishbot_ws/install/fishbot_description/lib/python3.8/site-packages/fishbot_description-0.0.0-py3.8.egg-info
[2.021s] running install_scripts
[2.102s] Installing rotate_wheel script to /home/ros2/ros2_learn/fishbot_ws/install/fishbot_description/lib/fishbot_description
[2.102s] writing list of installed files to '/home/ros2/ros2_learn/fishbot_ws/build/fishbot_description/install.log'
[2.154s] Invoked command in '/home/ros2/ros2_learn/fishbot_ws/src/fishbot_description' returned '0': PYTHONPATH=/home/ros2/ros2_learn/fishbot_ws/build/fishbot_description/prefix_override:/home/ros2/ros2_learn/fishbot_ws/install/fishbot_description/lib/python3.8/site-packages:${PYTHONPATH} /usr/bin/python3 setup.py egg_info --egg-base ../../build/fishbot_description build --build-base /home/ros2/ros2_learn/fishbot_ws/build/fishbot_description/build install --record /home/ros2/ros2_learn/fishbot_ws/build/fishbot_description/install.log --single-version-externally-managed
