[5.026s] Invoking command in '/home/ros2/ros2_learn/turtle_ws/src/village_li': PYTHONPATH=/home/ros2/ros2_learn/turtle_ws/src/build/village_li/prefix_override:/home/ros2/ros2_learn/turtle_ws/src/install/village_li/lib/python3.8/site-packages:${PYTHONPATH} /usr/bin/python3 setup.py egg_info --egg-base ../build/village_li build --build-base /home/ros2/ros2_learn/turtle_ws/src/build/village_li/build install --record /home/ros2/ros2_learn/turtle_ws/src/build/village_li/install.log --single-version-externally-managed
[6.116s] running egg_info
[6.118s] writing ../build/village_li/village_li.egg-info/PKG-INFO
[6.118s] writing dependency_links to ../build/village_li/village_li.egg-info/dependency_links.txt
[6.119s] writing entry points to ../build/village_li/village_li.egg-info/entry_points.txt
[6.120s] writing requirements to ../build/village_li/village_li.egg-info/requires.txt
[6.120s] writing top-level names to ../build/village_li/village_li.egg-info/top_level.txt
[6.315s] reading manifest file '../build/village_li/village_li.egg-info/SOURCES.txt'
[6.323s] writing manifest file '../build/village_li/village_li.egg-info/SOURCES.txt'
[6.323s] running build
[6.323s] running build_py
[6.329s] running install
[6.329s] running install_lib
[6.340s] running install_data
[6.343s] running install_egg_info
[6.354s] removing '/home/ros2/ros2_learn/turtle_ws/src/install/village_li/lib/python3.8/site-packages/village_li-0.0.0-py3.8.egg-info' (and everything under it)
[6.355s] Copying ../build/village_li/village_li.egg-info to /home/ros2/ros2_learn/turtle_ws/src/install/village_li/lib/python3.8/site-packages/village_li-0.0.0-py3.8.egg-info
[6.357s] running install_scripts
[6.466s] Installing li4_node script to /home/ros2/ros2_learn/turtle_ws/src/install/village_li/lib/village_li
[6.468s] writing list of installed files to '/home/ros2/ros2_learn/turtle_ws/src/build/village_li/install.log'
[6.580s] Invoked command in '/home/ros2/ros2_learn/turtle_ws/src/village_li' returned '0': PYTHONPATH=/home/ros2/ros2_learn/turtle_ws/src/build/village_li/prefix_override:/home/ros2/ros2_learn/turtle_ws/src/install/village_li/lib/python3.8/site-packages:${PYTHONPATH} /usr/bin/python3 setup.py egg_info --egg-base ../build/village_li build --build-base /home/ros2/ros2_learn/turtle_ws/src/build/village_li/build install --record /home/ros2/ros2_learn/turtle_ws/src/build/village_li/install.log --single-version-externally-managed
