running egg_info
creating ../build/village_zhang/village_zhang.egg-info
writing ../build/village_zhang/village_zhang.egg-info/PKG-INFO
writing dependency_links to ../build/village_zhang/village_zhang.egg-info/dependency_links.txt
writing entry points to ../build/village_zhang/village_zhang.egg-info/entry_points.txt
writing requirements to ../build/village_zhang/village_zhang.egg-info/requires.txt
writing top-level names to ../build/village_zhang/village_zhang.egg-info/top_level.txt
writing manifest file '../build/village_zhang/village_zhang.egg-info/SOURCES.txt'
reading manifest file '../build/village_zhang/village_zhang.egg-info/SOURCES.txt'
writing manifest file '../build/village_zhang/village_zhang.egg-info/SOURCES.txt'
running build
running build_py
creating /home/ros2/ros2_learn/turtle_ws/src/build/village_zhang/build
creating /home/ros2/ros2_learn/turtle_ws/src/build/village_zhang/build/lib
creating /home/ros2/ros2_learn/turtle_ws/src/build/village_zhang/build/lib/village_zhang
copying village_zhang/zhang3.py -> /home/ros2/ros2_learn/turtle_ws/src/build/village_zhang/build/lib/village_zhang
copying village_zhang/__init__.py -> /home/ros2/ros2_learn/turtle_ws/src/build/village_zhang/build/lib/village_zhang
running install
running install_lib
creating /home/ros2/ros2_learn/turtle_ws/src/install/village_zhang/lib/python3.8/site-packages/village_zhang
copying /home/ros2/ros2_learn/turtle_ws/src/build/village_zhang/build/lib/village_zhang/zhang3.py -> /home/ros2/ros2_learn/turtle_ws/src/install/village_zhang/lib/python3.8/site-packages/village_zhang
copying /home/ros2/ros2_learn/turtle_ws/src/build/village_zhang/build/lib/village_zhang/__init__.py -> /home/ros2/ros2_learn/turtle_ws/src/install/village_zhang/lib/python3.8/site-packages/village_zhang
byte-compiling /home/ros2/ros2_learn/turtle_ws/src/install/village_zhang/lib/python3.8/site-packages/village_zhang/zhang3.py to zhang3.cpython-38.pyc
byte-compiling /home/ros2/ros2_learn/turtle_ws/src/install/village_zhang/lib/python3.8/site-packages/village_zhang/__init__.py to __init__.cpython-38.pyc
running install_data
creating /home/ros2/ros2_learn/turtle_ws/src/install/village_zhang/share/ament_index
creating /home/ros2/ros2_learn/turtle_ws/src/install/village_zhang/share/ament_index/resource_index
creating /home/ros2/ros2_learn/turtle_ws/src/install/village_zhang/share/ament_index/resource_index/packages
copying resource/village_zhang -> /home/ros2/ros2_learn/turtle_ws/src/install/village_zhang/share/ament_index/resource_index/packages
copying package.xml -> /home/ros2/ros2_learn/turtle_ws/src/install/village_zhang/share/village_zhang
running install_egg_info
Copying ../build/village_zhang/village_zhang.egg-info to /home/ros2/ros2_learn/turtle_ws/src/install/village_zhang/lib/python3.8/site-packages/village_zhang-0.0.0-py3.8.egg-info
running install_scripts
Installing zhang3_node script to /home/ros2/ros2_learn/turtle_ws/src/install/village_zhang/lib/village_zhang
writing list of installed files to '/home/ros2/ros2_learn/turtle_ws/src/build/village_zhang/install.log'
