[5.065s] Invoking command in '/home/ros2/ros2_learn/turtle_ws/src/village_wang': PYTHONPATH=/home/ros2/ros2_learn/turtle_ws/src/build/village_wang/prefix_override:/home/ros2/ros2_learn/turtle_ws/src/install/village_wang/lib/python3.8/site-packages:${PYTHONPATH} /usr/bin/python3 setup.py egg_info --egg-base ../build/village_wang build --build-base /home/ros2/ros2_learn/turtle_ws/src/build/village_wang/build install --record /home/ros2/ros2_learn/turtle_ws/src/build/village_wang/install.log --single-version-externally-managed
[6.168s] running egg_info
[6.171s] writing ../build/village_wang/village_wang.egg-info/PKG-INFO
[6.175s] writing dependency_links to ../build/village_wang/village_wang.egg-info/dependency_links.txt
[6.175s] writing entry points to ../build/village_wang/village_wang.egg-info/entry_points.txt
[6.178s] writing requirements to ../build/village_wang/village_wang.egg-info/requires.txt
[6.178s] writing top-level names to ../build/village_wang/village_wang.egg-info/top_level.txt
[6.360s] reading manifest file '../build/village_wang/village_wang.egg-info/SOURCES.txt'
[6.363s] writing manifest file '../build/village_wang/village_wang.egg-info/SOURCES.txt'
[6.364s] running build
[6.364s] running build_py
[6.369s] running install
[6.372s] running install_lib
[6.376s] running install_data
[6.379s] running install_egg_info
[6.390s] removing '/home/ros2/ros2_learn/turtle_ws/src/install/village_wang/lib/python3.8/site-packages/village_wang-0.0.0-py3.8.egg-info' (and everything under it)
[6.393s] Copying ../build/village_wang/village_wang.egg-info to /home/ros2/ros2_learn/turtle_ws/src/install/village_wang/lib/python3.8/site-packages/village_wang-0.0.0-py3.8.egg-info
[6.399s] running install_scripts
[6.515s] Installing wang2_node script to /home/ros2/ros2_learn/turtle_ws/src/install/village_wang/lib/village_wang
[6.516s] writing list of installed files to '/home/ros2/ros2_learn/turtle_ws/src/build/village_wang/install.log'
[6.609s] Invoked command in '/home/ros2/ros2_learn/turtle_ws/src/village_wang' returned '0': PYTHONPATH=/home/ros2/ros2_learn/turtle_ws/src/build/village_wang/prefix_override:/home/ros2/ros2_learn/turtle_ws/src/install/village_wang/lib/python3.8/site-packages:${PYTHONPATH} /usr/bin/python3 setup.py egg_info --egg-base ../build/village_wang build --build-base /home/ros2/ros2_learn/turtle_ws/src/build/village_wang/build install --record /home/ros2/ros2_learn/turtle_ws/src/build/village_wang/install.log --single-version-externally-managed
