[0.057s] Invoking command in '/home/ros2/ros2_learn/fishbot_ws/build/nav_2d_msgs': CMAKE_PREFIX_PATH=/opt/ros/galactic /usr/bin/cmake /home/ros2/ros2_learn/fishbot_ws/src/navigation2/nav2_dwb_controller/nav_2d_msgs -DCMAKE_INSTALL_PREFIX=/home/ros2/ros2_learn/fishbot_ws/install/nav_2d_msgs
[0.149s] -- The C compiler identification is GNU 9.4.0
[0.242s] -- The CXX compiler identification is GNU 9.4.0
[0.249s] -- Check for working C compiler: /usr/bin/cc
[0.404s] -- Check for working C compiler: /usr/bin/cc -- works
[0.407s] -- Detecting C compiler ABI info
[0.641s] -- Detecting C compiler ABI info - done
[0.680s] -- Detecting C compile features
[0.682s] -- Detecting C compile features - done
[0.688s] -- Check for working CXX compiler: /usr/bin/c++
[0.978s] -- Check for working CXX compiler: /usr/bin/c++ -- works
[0.983s] -- Detecting CXX compiler ABI info
[1.202s] -- Detecting CXX compiler ABI info - done
[1.228s] -- Detecting CXX compile features
[1.230s] -- Detecting CXX compile features - done
[1.233s] -- Found geometry_msgs: 2.2.4 (/opt/ros/galactic/share/geometry_msgs/cmake)
[1.321s] -- Found PythonInterp: /usr/bin/python3 (found suitable version "3.8.10", minimum required is "3") 
[1.321s] -- Using PYTHON_EXECUTABLE: /usr/bin/python3
[1.620s] -- Using all available rosidl_typesupport_c: rosidl_typesupport_fastrtps_c;rosidl_typesupport_introspection_c
[1.630s] -- Found rosidl_adapter: 2.2.3 (/opt/ros/galactic/share/rosidl_adapter/cmake)
[1.853s] -- Found OpenSSL: /usr/lib/x86_64-linux-gnu/libcrypto.so (found version "1.1.1f")  
[1.951s] -- Found FastRTPS: /opt/ros/galactic/include  
[2.139s] -- Using all available rosidl_typesupport_cpp: rosidl_typesupport_fastrtps_cpp;rosidl_typesupport_introspection_cpp
[2.358s] -- Found rosidl_default_generators: 1.1.1 (/opt/ros/galactic/share/rosidl_default_generators/cmake)
[2.464s] -- Found PythonInterp: /usr/bin/python3 (found version "3.8.10") 
[2.837s] -- Found ament_cmake_ros: 0.9.2 (/opt/ros/galactic/share/ament_cmake_ros/cmake)
[3.472s] -- Using all available rosidl_typesupport_c: rosidl_typesupport_fastrtps_c;rosidl_typesupport_introspection_c
[3.791s] -- Using all available rosidl_typesupport_cpp: rosidl_typesupport_fastrtps_cpp;rosidl_typesupport_introspection_cpp
[3.844s] -- Found PythonInterp: /usr/bin/python3 (found suitable version "3.8.10", minimum required is "3.5") 
[3.845s] -- Found python_cmake_module: 0.8.1 (/opt/ros/galactic/share/python_cmake_module/cmake)
[3.935s] -- Found PythonLibs: /usr/lib/x86_64-linux-gnu/libpython3.8.so (found suitable version "3.8.10", minimum required is "3.5") 
[3.935s] -- Using PYTHON_EXECUTABLE: /usr/bin/python3
[3.935s] -- Using PYTHON_INCLUDE_DIRS: /usr/include/python3.8
[3.935s] -- Using PYTHON_LIBRARIES: /usr/lib/x86_64-linux-gnu/libpython3.8.so
[3.972s] -- Found PythonExtra: .so  
[4.352s] -- Configuring done
[4.473s] -- Generating done
[4.478s] -- Build files have been written to: /home/ros2/ros2_learn/fishbot_ws/build/nav_2d_msgs
[4.499s] Invoked command in '/home/ros2/ros2_learn/fishbot_ws/build/nav_2d_msgs' returned '0': CMAKE_PREFIX_PATH=/opt/ros/galactic /usr/bin/cmake /home/ros2/ros2_learn/fishbot_ws/src/navigation2/nav2_dwb_controller/nav_2d_msgs -DCMAKE_INSTALL_PREFIX=/home/ros2/ros2_learn/fishbot_ws/install/nav_2d_msgs
[4.501s] Invoking command in '/home/ros2/ros2_learn/fishbot_ws/build/nav_2d_msgs': CMAKE_PREFIX_PATH=/opt/ros/galactic /usr/bin/cmake --build /home/ros2/ros2_learn/fishbot_ws/build/nav_2d_msgs -- -j4 -l4
[4.660s] [  1%] [34m[1mGenerating C code for ROS interfaces[0m
[4.679s] [35m[1mScanning dependencies of target nav_2d_msgs__cpp[0m
[4.735s] [  2%] [34m[1mGenerating C++ code for ROS interfaces[0m
[7.006s] [  2%] Built target nav_2d_msgs__cpp
[7.054s] [  4%] [34m[1mGenerating C++ type support dispatch for ROS interfaces[0m
[7.092s] [  5%] [34m[1mGenerating C++ introspection for ROS interfaces[0m
[7.111s] [  7%] [34m[1mGenerating C++ type support for eProsima Fast-RTPS[0m
[7.125s] [35m[1mScanning dependencies of target nav_2d_msgs__rosidl_generator_c[0m
[7.239s] [  8%] [32mBuilding C object CMakeFiles/nav_2d_msgs__rosidl_generator_c.dir/rosidl_generator_c/nav_2d_msgs/msg/detail/path2_d__functions.c.o[0m
[7.595s] [  9%] [32mBuilding C object CMakeFiles/nav_2d_msgs__rosidl_generator_c.dir/rosidl_generator_c/nav_2d_msgs/msg/detail/pose2_d32__functions.c.o[0m
[7.915s] [ 11%] [32mBuilding C object CMakeFiles/nav_2d_msgs__rosidl_generator_c.dir/rosidl_generator_c/nav_2d_msgs/msg/detail/pose2_d_stamped__functions.c.o[0m
[8.268s] [ 12%] [32mBuilding C object CMakeFiles/nav_2d_msgs__rosidl_generator_c.dir/rosidl_generator_c/nav_2d_msgs/msg/detail/twist2_d__functions.c.o[0m
[8.531s] [ 14%] [32mBuilding C object CMakeFiles/nav_2d_msgs__rosidl_generator_c.dir/rosidl_generator_c/nav_2d_msgs/msg/detail/twist2_d32__functions.c.o[0m
[8.770s] [ 15%] [32mBuilding C object CMakeFiles/nav_2d_msgs__rosidl_generator_c.dir/rosidl_generator_c/nav_2d_msgs/msg/detail/twist2_d_stamped__functions.c.o[0m
[8.793s] [35m[1mScanning dependencies of target nav_2d_msgs__rosidl_typesupport_cpp[0m
[8.876s] [ 16%] [32mBuilding CXX object CMakeFiles/nav_2d_msgs__rosidl_typesupport_cpp.dir/rosidl_typesupport_cpp/nav_2d_msgs/msg/path2_d__type_support.cpp.o[0m
[8.961s] [ 18%] [32m[1mLinking C shared library libnav_2d_msgs__rosidl_generator_c.so[0m
[9.150s] [35m[1mScanning dependencies of target nav_2d_msgs__rosidl_typesupport_introspection_cpp[0m
[9.194s] [ 18%] Built target nav_2d_msgs__rosidl_generator_c
[9.242s] [ 19%] [32mBuilding CXX object CMakeFiles/nav_2d_msgs__rosidl_typesupport_introspection_cpp.dir/rosidl_typesupport_introspection_cpp/nav_2d_msgs/msg/detail/path2_d__type_support.cpp.o[0m
[9.275s] [ 21%] [34m[1mGenerating C type support dispatch for ROS interfaces[0m
[9.342s] [35m[1mScanning dependencies of target nav_2d_msgs__rosidl_typesupport_fastrtps_cpp[0m
[9.430s] [ 22%] [32mBuilding CXX object CMakeFiles/nav_2d_msgs__rosidl_typesupport_fastrtps_cpp.dir/rosidl_typesupport_fastrtps_cpp/nav_2d_msgs/msg/detail/dds_fastrtps/path2_d__type_support.cpp.o[0m
[9.996s] [ 23%] [32mBuilding CXX object CMakeFiles/nav_2d_msgs__rosidl_typesupport_cpp.dir/rosidl_typesupport_cpp/nav_2d_msgs/msg/pose2_d32__type_support.cpp.o[0m
[10.563s] [ 25%] [32mBuilding CXX object CMakeFiles/nav_2d_msgs__rosidl_typesupport_introspection_cpp.dir/rosidl_typesupport_introspection_cpp/nav_2d_msgs/msg/detail/pose2_d32__type_support.cpp.o[0m
[10.868s] [35m[1mScanning dependencies of target nav_2d_msgs__rosidl_typesupport_c[0m
[10.987s] [ 26%] [32mBuilding CXX object CMakeFiles/nav_2d_msgs__rosidl_typesupport_c.dir/rosidl_typesupport_c/nav_2d_msgs/msg/path2_d__type_support.cpp.o[0m
[11.197s] [ 28%] [32mBuilding CXX object CMakeFiles/nav_2d_msgs__rosidl_typesupport_c.dir/rosidl_typesupport_c/nav_2d_msgs/msg/pose2_d32__type_support.cpp.o[0m
[11.241s] [ 29%] [32mBuilding CXX object CMakeFiles/nav_2d_msgs__rosidl_typesupport_cpp.dir/rosidl_typesupport_cpp/nav_2d_msgs/msg/pose2_d_stamped__type_support.cpp.o[0m
[11.343s] [ 30%] [32mBuilding CXX object CMakeFiles/nav_2d_msgs__rosidl_typesupport_c.dir/rosidl_typesupport_c/nav_2d_msgs/msg/pose2_d_stamped__type_support.cpp.o[0m
[11.364s] [ 32%] [32mBuilding CXX object CMakeFiles/nav_2d_msgs__rosidl_typesupport_fastrtps_cpp.dir/rosidl_typesupport_fastrtps_cpp/nav_2d_msgs/msg/detail/dds_fastrtps/pose2_d32__type_support.cpp.o[0m
[11.524s] [ 33%] [32mBuilding CXX object CMakeFiles/nav_2d_msgs__rosidl_typesupport_c.dir/rosidl_typesupport_c/nav_2d_msgs/msg/twist2_d__type_support.cpp.o[0m
[11.658s] [ 35%] [32mBuilding CXX object CMakeFiles/nav_2d_msgs__rosidl_typesupport_c.dir/rosidl_typesupport_c/nav_2d_msgs/msg/twist2_d32__type_support.cpp.o[0m
[11.726s] [ 36%] [32mBuilding CXX object CMakeFiles/nav_2d_msgs__rosidl_typesupport_introspection_cpp.dir/rosidl_typesupport_introspection_cpp/nav_2d_msgs/msg/detail/pose2_d_stamped__type_support.cpp.o[0m
[11.825s] [ 38%] [32mBuilding CXX object CMakeFiles/nav_2d_msgs__rosidl_typesupport_c.dir/rosidl_typesupport_c/nav_2d_msgs/msg/twist2_d_stamped__type_support.cpp.o[0m
[11.951s] [ 39%] [32m[1mLinking CXX shared library libnav_2d_msgs__rosidl_typesupport_c.so[0m
[12.103s] [ 39%] Built target nav_2d_msgs__rosidl_typesupport_c
[12.164s] [ 40%] [32mBuilding CXX object CMakeFiles/nav_2d_msgs__rosidl_typesupport_introspection_cpp.dir/rosidl_typesupport_introspection_cpp/nav_2d_msgs/msg/detail/twist2_d__type_support.cpp.o[0m
[12.556s] [ 42%] [32mBuilding CXX object CMakeFiles/nav_2d_msgs__rosidl_typesupport_cpp.dir/rosidl_typesupport_cpp/nav_2d_msgs/msg/twist2_d__type_support.cpp.o[0m
[13.122s] [ 43%] [32mBuilding CXX object CMakeFiles/nav_2d_msgs__rosidl_typesupport_introspection_cpp.dir/rosidl_typesupport_introspection_cpp/nav_2d_msgs/msg/detail/twist2_d32__type_support.cpp.o[0m
[13.231s] [ 45%] [32mBuilding CXX object CMakeFiles/nav_2d_msgs__rosidl_typesupport_fastrtps_cpp.dir/rosidl_typesupport_fastrtps_cpp/nav_2d_msgs/msg/detail/dds_fastrtps/pose2_d_stamped__type_support.cpp.o[0m
[13.520s] [ 46%] [32mBuilding CXX object CMakeFiles/nav_2d_msgs__rosidl_typesupport_fastrtps_cpp.dir/rosidl_typesupport_fastrtps_cpp/nav_2d_msgs/msg/detail/dds_fastrtps/twist2_d__type_support.cpp.o[0m
[13.648s] [ 47%] [32mBuilding CXX object CMakeFiles/nav_2d_msgs__rosidl_typesupport_cpp.dir/rosidl_typesupport_cpp/nav_2d_msgs/msg/twist2_d32__type_support.cpp.o[0m
[14.615s] [ 49%] [32mBuilding CXX object CMakeFiles/nav_2d_msgs__rosidl_typesupport_introspection_cpp.dir/rosidl_typesupport_introspection_cpp/nav_2d_msgs/msg/detail/twist2_d_stamped__type_support.cpp.o[0m
[15.002s] [ 50%] [32mBuilding CXX object CMakeFiles/nav_2d_msgs__rosidl_typesupport_cpp.dir/rosidl_typesupport_cpp/nav_2d_msgs/msg/twist2_d_stamped__type_support.cpp.o[0m
[15.048s] [ 52%] [32mBuilding CXX object CMakeFiles/nav_2d_msgs__rosidl_typesupport_fastrtps_cpp.dir/rosidl_typesupport_fastrtps_cpp/nav_2d_msgs/msg/detail/dds_fastrtps/twist2_d32__type_support.cpp.o[0m
[15.706s] [ 53%] [32mBuilding CXX object CMakeFiles/nav_2d_msgs__rosidl_typesupport_fastrtps_cpp.dir/rosidl_typesupport_fastrtps_cpp/nav_2d_msgs/msg/detail/dds_fastrtps/twist2_d_stamped__type_support.cpp.o[0m
[15.943s] [ 54%] [32m[1mLinking CXX shared library libnav_2d_msgs__rosidl_typesupport_introspection_cpp.so[0m
[16.093s] [ 56%] [32m[1mLinking CXX shared library libnav_2d_msgs__rosidl_typesupport_cpp.so[0m
[16.364s] [ 56%] Built target nav_2d_msgs__rosidl_typesupport_cpp
[16.390s] [ 56%] Built target nav_2d_msgs__rosidl_typesupport_introspection_cpp
[16.444s] [ 57%] [34m[1mGenerating C introspection for ROS interfaces[0m
[17.948s] [ 59%] [32m[1mLinking CXX shared library libnav_2d_msgs__rosidl_typesupport_fastrtps_cpp.so[0m
[18.525s] [ 59%] Built target nav_2d_msgs__rosidl_typesupport_fastrtps_cpp
[18.596s] [ 60%] [34m[1mGenerating C type support for eProsima Fast-RTPS[0m
[18.698s] [35m[1mScanning dependencies of target nav_2d_msgs__rosidl_typesupport_introspection_c[0m
[18.794s] [ 61%] [32mBuilding C object CMakeFiles/nav_2d_msgs__rosidl_typesupport_introspection_c.dir/rosidl_typesupport_introspection_c/nav_2d_msgs/msg/detail/path2_d__type_support.c.o[0m
[18.811s] [ 63%] [32mBuilding C object CMakeFiles/nav_2d_msgs__rosidl_typesupport_introspection_c.dir/rosidl_typesupport_introspection_c/nav_2d_msgs/msg/detail/pose2_d32__type_support.c.o[0m
[18.819s] [ 64%] [32mBuilding C object CMakeFiles/nav_2d_msgs__rosidl_typesupport_introspection_c.dir/rosidl_typesupport_introspection_c/nav_2d_msgs/msg/detail/pose2_d_stamped__type_support.c.o[0m
[18.997s] [ 66%] [32mBuilding C object CMakeFiles/nav_2d_msgs__rosidl_typesupport_introspection_c.dir/rosidl_typesupport_introspection_c/nav_2d_msgs/msg/detail/twist2_d__type_support.c.o[0m
[19.035s] [ 67%] [32mBuilding C object CMakeFiles/nav_2d_msgs__rosidl_typesupport_introspection_c.dir/rosidl_typesupport_introspection_c/nav_2d_msgs/msg/detail/twist2_d32__type_support.c.o[0m
[19.081s] [ 69%] [32mBuilding C object CMakeFiles/nav_2d_msgs__rosidl_typesupport_introspection_c.dir/rosidl_typesupport_introspection_c/nav_2d_msgs/msg/detail/twist2_d_stamped__type_support.c.o[0m
[19.278s] [ 70%] [32m[1mLinking C shared library libnav_2d_msgs__rosidl_typesupport_introspection_c.so[0m
[19.515s] [ 70%] Built target nav_2d_msgs__rosidl_typesupport_introspection_c
[20.849s] [35m[1mScanning dependencies of target nav_2d_msgs__rosidl_typesupport_fastrtps_c[0m
[20.989s] [ 71%] [32mBuilding CXX object CMakeFiles/nav_2d_msgs__rosidl_typesupport_fastrtps_c.dir/rosidl_typesupport_fastrtps_c/nav_2d_msgs/msg/detail/pose2_d32__type_support_c.cpp.o[0m
[20.990s] [ 73%] [32mBuilding CXX object CMakeFiles/nav_2d_msgs__rosidl_typesupport_fastrtps_c.dir/rosidl_typesupport_fastrtps_c/nav_2d_msgs/msg/detail/path2_d__type_support_c.cpp.o[0m
[21.025s] [ 74%] [32mBuilding CXX object CMakeFiles/nav_2d_msgs__rosidl_typesupport_fastrtps_c.dir/rosidl_typesupport_fastrtps_c/nav_2d_msgs/msg/detail/pose2_d_stamped__type_support_c.cpp.o[0m
[21.035s] [ 76%] [32mBuilding CXX object CMakeFiles/nav_2d_msgs__rosidl_typesupport_fastrtps_c.dir/rosidl_typesupport_fastrtps_c/nav_2d_msgs/msg/detail/twist2_d__type_support_c.cpp.o[0m
[22.623s] [ 77%] [32mBuilding CXX object CMakeFiles/nav_2d_msgs__rosidl_typesupport_fastrtps_c.dir/rosidl_typesupport_fastrtps_c/nav_2d_msgs/msg/detail/twist2_d32__type_support_c.cpp.o[0m
[22.823s] [ 78%] [32mBuilding CXX object CMakeFiles/nav_2d_msgs__rosidl_typesupport_fastrtps_c.dir/rosidl_typesupport_fastrtps_c/nav_2d_msgs/msg/detail/twist2_d_stamped__type_support_c.cpp.o[0m
[24.537s] [ 80%] [32m[1mLinking CXX shared library libnav_2d_msgs__rosidl_typesupport_fastrtps_c.so[0m
[25.078s] [ 80%] Built target nav_2d_msgs__rosidl_typesupport_fastrtps_c
[25.159s] [35m[1mScanning dependencies of target nav_2d_msgs[0m
[25.219s] [ 80%] Built target nav_2d_msgs
[25.304s] [35m[1mScanning dependencies of target nav_2d_msgs__py[0m
[25.355s] [ 81%] [34m[1mGenerating Python code for ROS interfaces[0m
[29.737s] [ 81%] Built target nav_2d_msgs__py
[29.813s] [35m[1mScanning dependencies of target nav_2d_msgs__python[0m
[29.949s] [ 83%] [32mBuilding C object CMakeFiles/nav_2d_msgs__python.dir/rosidl_generator_py/nav_2d_msgs/msg/_path2_d_s.c.o[0m
[30.320s] [ 84%] [32mBuilding C object CMakeFiles/nav_2d_msgs__python.dir/rosidl_generator_py/nav_2d_msgs/msg/_twist2_d_s.c.o[0m
[30.884s] [ 85%] [32mBuilding C object CMakeFiles/nav_2d_msgs__python.dir/rosidl_generator_py/nav_2d_msgs/msg/_twist2_d32_s.c.o[0m
[31.280s] [ 87%] [32mBuilding C object CMakeFiles/nav_2d_msgs__python.dir/rosidl_generator_py/nav_2d_msgs/msg/_twist2_d_stamped_s.c.o[0m
[31.456s] [ 88%] [32mBuilding C object CMakeFiles/nav_2d_msgs__python.dir/rosidl_generator_py/nav_2d_msgs/msg/_pose2_d_stamped_s.c.o[0m
[31.626s] [ 90%] [32mBuilding C object CMakeFiles/nav_2d_msgs__python.dir/rosidl_generator_py/nav_2d_msgs/msg/_pose2_d32_s.c.o[0m
[31.926s] [ 91%] [32m[1mLinking C shared library rosidl_generator_py/nav_2d_msgs/libnav_2d_msgs__python.so[0m
[32.144s] [ 91%] Built target nav_2d_msgs__python
[32.202s] [35m[1mScanning dependencies of target nav_2d_msgs__rosidl_typesupport_introspection_c__pyext[0m
[32.299s] [ 92%] [32mBuilding C object CMakeFiles/nav_2d_msgs__rosidl_typesupport_introspection_c__pyext.dir/rosidl_generator_py/nav_2d_msgs/_nav_2d_msgs_s.ep.rosidl_typesupport_introspection_c.c.o[0m
[32.628s] [ 94%] [32m[1mLinking C shared library rosidl_generator_py/nav_2d_msgs/nav_2d_msgs_s__rosidl_typesupport_introspection_c.cpython-38-x86_64-linux-gnu.so[0m
[32.799s] [ 94%] Built target nav_2d_msgs__rosidl_typesupport_introspection_c__pyext
[32.912s] [35m[1mScanning dependencies of target nav_2d_msgs__rosidl_typesupport_c__pyext[0m
[33.020s] [ 95%] [32mBuilding C object CMakeFiles/nav_2d_msgs__rosidl_typesupport_c__pyext.dir/rosidl_generator_py/nav_2d_msgs/_nav_2d_msgs_s.ep.rosidl_typesupport_c.c.o[0m
[33.338s] [ 97%] [32m[1mLinking C shared library rosidl_generator_py/nav_2d_msgs/nav_2d_msgs_s__rosidl_typesupport_c.cpython-38-x86_64-linux-gnu.so[0m
[33.525s] [ 97%] Built target nav_2d_msgs__rosidl_typesupport_c__pyext
[33.540s] [35m[1mScanning dependencies of target nav_2d_msgs__rosidl_typesupport_fastrtps_c__pyext[0m
[33.612s] [ 98%] [32mBuilding C object CMakeFiles/nav_2d_msgs__rosidl_typesupport_fastrtps_c__pyext.dir/rosidl_generator_py/nav_2d_msgs/_nav_2d_msgs_s.ep.rosidl_typesupport_fastrtps_c.c.o[0m
[33.894s] [100%] [32m[1mLinking CXX shared library rosidl_generator_py/nav_2d_msgs/nav_2d_msgs_s__rosidl_typesupport_fastrtps_c.cpython-38-x86_64-linux-gnu.so[0m
[34.074s] [100%] Built target nav_2d_msgs__rosidl_typesupport_fastrtps_c__pyext
[34.105s] Invoked command in '/home/ros2/ros2_learn/fishbot_ws/build/nav_2d_msgs' returned '0': CMAKE_PREFIX_PATH=/opt/ros/galactic /usr/bin/cmake --build /home/ros2/ros2_learn/fishbot_ws/build/nav_2d_msgs -- -j4 -l4
[34.359s] Invoking command in '/home/ros2/ros2_learn/fishbot_ws/build/nav_2d_msgs': CMAKE_PREFIX_PATH=/opt/ros/galactic /usr/bin/cmake --install /home/ros2/ros2_learn/fishbot_ws/build/nav_2d_msgs
[34.382s] -- Install configuration: ""
[34.383s] -- Installing: /home/ros2/ros2_learn/fishbot_ws/install/nav_2d_msgs/share/ament_index/resource_index/rosidl_interfaces/nav_2d_msgs
[34.383s] -- Installing: /home/ros2/ros2_learn/fishbot_ws/install/nav_2d_msgs/include/nav_2d_msgs
[34.383s] -- Installing: /home/ros2/ros2_learn/fishbot_ws/install/nav_2d_msgs/include/nav_2d_msgs/msg
[34.383s] -- Installing: /home/ros2/ros2_learn/fishbot_ws/install/nav_2d_msgs/include/nav_2d_msgs/msg/path2_d.h
[34.384s] -- Installing: /home/ros2/ros2_learn/fishbot_ws/install/nav_2d_msgs/include/nav_2d_msgs/msg/detail
[34.384s] -- Installing: /home/ros2/ros2_learn/fishbot_ws/install/nav_2d_msgs/include/nav_2d_msgs/msg/detail/twist2_d32__struct.h
[34.384s] -- Installing: /home/ros2/ros2_learn/fishbot_ws/install/nav_2d_msgs/include/nav_2d_msgs/msg/detail/pose2_d_stamped__struct.h
[34.384s] -- Installing: /home/ros2/ros2_learn/fishbot_ws/install/nav_2d_msgs/include/nav_2d_msgs/msg/detail/path2_d__functions.h
[34.384s] -- Installing: /home/ros2/ros2_learn/fishbot_ws/install/nav_2d_msgs/include/nav_2d_msgs/msg/detail/path2_d__functions.c
[34.384s] -- Installing: /home/ros2/ros2_learn/fishbot_ws/install/nav_2d_msgs/include/nav_2d_msgs/msg/detail/pose2_d_stamped__functions.h
[34.384s] -- Installing: /home/ros2/ros2_learn/fishbot_ws/install/nav_2d_msgs/include/nav_2d_msgs/msg/detail/pose2_d32__functions.h
[34.384s] -- Installing: /home/ros2/ros2_learn/fishbot_ws/install/nav_2d_msgs/include/nav_2d_msgs/msg/detail/twist2_d_stamped__functions.c
[34.385s] -- Installing: /home/ros2/ros2_learn/fishbot_ws/install/nav_2d_msgs/include/nav_2d_msgs/msg/detail/twist2_d_stamped__struct.h
[34.385s] -- Installing: /home/ros2/ros2_learn/fishbot_ws/install/nav_2d_msgs/include/nav_2d_msgs/msg/detail/pose2_d_stamped__type_support.h
[34.385s] -- Installing: /home/ros2/ros2_learn/fishbot_ws/install/nav_2d_msgs/include/nav_2d_msgs/msg/detail/twist2_d__type_support.h
[34.385s] -- Installing: /home/ros2/ros2_learn/fishbot_ws/install/nav_2d_msgs/include/nav_2d_msgs/msg/detail/twist2_d32__type_support.h
[34.385s] -- Installing: /home/ros2/ros2_learn/fishbot_ws/install/nav_2d_msgs/include/nav_2d_msgs/msg/detail/twist2_d32__functions.c
[34.385s] -- Installing: /home/ros2/ros2_learn/fishbot_ws/install/nav_2d_msgs/include/nav_2d_msgs/msg/detail/path2_d__struct.h
[34.385s] -- Installing: /home/ros2/ros2_learn/fishbot_ws/install/nav_2d_msgs/include/nav_2d_msgs/msg/detail/pose2_d_stamped__functions.c
[34.386s] -- Installing: /home/ros2/ros2_learn/fishbot_ws/install/nav_2d_msgs/include/nav_2d_msgs/msg/detail/twist2_d__functions.h
[34.386s] -- Installing: /home/ros2/ros2_learn/fishbot_ws/install/nav_2d_msgs/include/nav_2d_msgs/msg/detail/twist2_d__functions.c
[34.386s] -- Installing: /home/ros2/ros2_learn/fishbot_ws/install/nav_2d_msgs/include/nav_2d_msgs/msg/detail/path2_d__type_support.h
[34.386s] -- Installing: /home/ros2/ros2_learn/fishbot_ws/install/nav_2d_msgs/include/nav_2d_msgs/msg/detail/pose2_d32__struct.h
[34.386s] -- Installing: /home/ros2/ros2_learn/fishbot_ws/install/nav_2d_msgs/include/nav_2d_msgs/msg/detail/pose2_d32__type_support.h
[34.386s] -- Installing: /home/ros2/ros2_learn/fishbot_ws/install/nav_2d_msgs/include/nav_2d_msgs/msg/detail/pose2_d32__functions.c
[34.386s] -- Installing: /home/ros2/ros2_learn/fishbot_ws/install/nav_2d_msgs/include/nav_2d_msgs/msg/detail/twist2_d__struct.h
[34.387s] -- Installing: /home/ros2/ros2_learn/fishbot_ws/install/nav_2d_msgs/include/nav_2d_msgs/msg/detail/twist2_d_stamped__functions.h
[34.387s] -- Installing: /home/ros2/ros2_learn/fishbot_ws/install/nav_2d_msgs/include/nav_2d_msgs/msg/detail/twist2_d32__functions.h
[34.387s] -- Installing: /home/ros2/ros2_learn/fishbot_ws/install/nav_2d_msgs/include/nav_2d_msgs/msg/detail/twist2_d_stamped__type_support.h
[34.387s] -- Installing: /home/ros2/ros2_learn/fishbot_ws/install/nav_2d_msgs/include/nav_2d_msgs/msg/twist2_d32.h
[34.387s] -- Installing: /home/ros2/ros2_learn/fishbot_ws/install/nav_2d_msgs/include/nav_2d_msgs/msg/pose2_d32.h
[34.387s] -- Installing: /home/ros2/ros2_learn/fishbot_ws/install/nav_2d_msgs/include/nav_2d_msgs/msg/rosidl_generator_c__visibility_control.h
[34.388s] -- Installing: /home/ros2/ros2_learn/fishbot_ws/install/nav_2d_msgs/include/nav_2d_msgs/msg/twist2_d.h
[34.388s] -- Installing: /home/ros2/ros2_learn/fishbot_ws/install/nav_2d_msgs/include/nav_2d_msgs/msg/twist2_d_stamped.h
[34.388s] -- Installing: /home/ros2/ros2_learn/fishbot_ws/install/nav_2d_msgs/include/nav_2d_msgs/msg/pose2_d_stamped.h
[34.388s] -- Installing: /home/ros2/ros2_learn/fishbot_ws/install/nav_2d_msgs/share/nav_2d_msgs/environment/library_path.sh
[34.389s] -- Installing: /home/ros2/ros2_learn/fishbot_ws/install/nav_2d_msgs/share/nav_2d_msgs/environment/library_path.dsv
[34.389s] -- Installing: /home/ros2/ros2_learn/fishbot_ws/install/nav_2d_msgs/lib/libnav_2d_msgs__rosidl_generator_c.so
[34.389s] -- Set runtime path of "/home/ros2/ros2_learn/fishbot_ws/install/nav_2d_msgs/lib/libnav_2d_msgs__rosidl_generator_c.so" to ""
[34.389s] -- Up-to-date: /home/ros2/ros2_learn/fishbot_ws/install/nav_2d_msgs/include/nav_2d_msgs
[34.389s] -- Up-to-date: /home/ros2/ros2_learn/fishbot_ws/install/nav_2d_msgs/include/nav_2d_msgs/msg
[34.389s] -- Installing: /home/ros2/ros2_learn/fishbot_ws/install/nav_2d_msgs/include/nav_2d_msgs/msg/rosidl_typesupport_fastrtps_c__visibility_control.h
[34.390s] -- Up-to-date: /home/ros2/ros2_learn/fishbot_ws/install/nav_2d_msgs/include/nav_2d_msgs/msg/detail
[34.390s] -- Installing: /home/ros2/ros2_learn/fishbot_ws/install/nav_2d_msgs/include/nav_2d_msgs/msg/detail/twist2_d32__rosidl_typesupport_fastrtps_c.h
[34.390s] -- Installing: /home/ros2/ros2_learn/fishbot_ws/install/nav_2d_msgs/include/nav_2d_msgs/msg/detail/pose2_d32__rosidl_typesupport_fastrtps_c.h
[34.390s] -- Installing: /home/ros2/ros2_learn/fishbot_ws/install/nav_2d_msgs/include/nav_2d_msgs/msg/detail/pose2_d_stamped__rosidl_typesupport_fastrtps_c.h
[34.390s] -- Installing: /home/ros2/ros2_learn/fishbot_ws/install/nav_2d_msgs/include/nav_2d_msgs/msg/detail/twist2_d__rosidl_typesupport_fastrtps_c.h
[34.391s] -- Installing: /home/ros2/ros2_learn/fishbot_ws/install/nav_2d_msgs/include/nav_2d_msgs/msg/detail/twist2_d_stamped__rosidl_typesupport_fastrtps_c.h
[34.391s] -- Installing: /home/ros2/ros2_learn/fishbot_ws/install/nav_2d_msgs/include/nav_2d_msgs/msg/detail/path2_d__rosidl_typesupport_fastrtps_c.h
[34.391s] -- Installing: /home/ros2/ros2_learn/fishbot_ws/install/nav_2d_msgs/lib/libnav_2d_msgs__rosidl_typesupport_fastrtps_c.so
[34.391s] -- Set runtime path of "/home/ros2/ros2_learn/fishbot_ws/install/nav_2d_msgs/lib/libnav_2d_msgs__rosidl_typesupport_fastrtps_c.so" to ""
[34.392s] -- Up-to-date: /home/ros2/ros2_learn/fishbot_ws/install/nav_2d_msgs/include/nav_2d_msgs
[34.392s] -- Up-to-date: /home/ros2/ros2_learn/fishbot_ws/install/nav_2d_msgs/include/nav_2d_msgs/msg
[34.392s] -- Up-to-date: /home/ros2/ros2_learn/fishbot_ws/install/nav_2d_msgs/include/nav_2d_msgs/msg/detail
[34.392s] -- Installing: /home/ros2/ros2_learn/fishbot_ws/install/nav_2d_msgs/include/nav_2d_msgs/msg/detail/twist2_d32__rosidl_typesupport_fastrtps_cpp.hpp
[34.392s] -- Installing: /home/ros2/ros2_learn/fishbot_ws/install/nav_2d_msgs/include/nav_2d_msgs/msg/detail/pose2_d_stamped__rosidl_typesupport_fastrtps_cpp.hpp
[34.392s] -- Installing: /home/ros2/ros2_learn/fishbot_ws/install/nav_2d_msgs/include/nav_2d_msgs/msg/detail/pose2_d32__rosidl_typesupport_fastrtps_cpp.hpp
[34.395s] -- Installing: /home/ros2/ros2_learn/fishbot_ws/install/nav_2d_msgs/include/nav_2d_msgs/msg/detail/dds_fastrtps
[34.399s] -- Installing: /home/ros2/ros2_learn/fishbot_ws/install/nav_2d_msgs/include/nav_2d_msgs/msg/detail/twist2_d__rosidl_typesupport_fastrtps_cpp.hpp
[34.400s] -- Installing: /home/ros2/ros2_learn/fishbot_ws/install/nav_2d_msgs/include/nav_2d_msgs/msg/detail/twist2_d_stamped__rosidl_typesupport_fastrtps_cpp.hpp
[34.400s] -- Installing: /home/ros2/ros2_learn/fishbot_ws/install/nav_2d_msgs/include/nav_2d_msgs/msg/detail/path2_d__rosidl_typesupport_fastrtps_cpp.hpp
[34.400s] -- Installing: /home/ros2/ros2_learn/fishbot_ws/install/nav_2d_msgs/include/nav_2d_msgs/msg/rosidl_typesupport_fastrtps_cpp__visibility_control.h
[34.400s] -- Installing: /home/ros2/ros2_learn/fishbot_ws/install/nav_2d_msgs/lib/libnav_2d_msgs__rosidl_typesupport_fastrtps_cpp.so
[34.401s] -- Set runtime path of "/home/ros2/ros2_learn/fishbot_ws/install/nav_2d_msgs/lib/libnav_2d_msgs__rosidl_typesupport_fastrtps_cpp.so" to ""
[34.401s] -- Up-to-date: /home/ros2/ros2_learn/fishbot_ws/install/nav_2d_msgs/include/nav_2d_msgs
[34.401s] -- Up-to-date: /home/ros2/ros2_learn/fishbot_ws/install/nav_2d_msgs/include/nav_2d_msgs/msg
[34.401s] -- Installing: /home/ros2/ros2_learn/fishbot_ws/install/nav_2d_msgs/include/nav_2d_msgs/msg/rosidl_typesupport_introspection_c__visibility_control.h
[34.401s] -- Up-to-date: /home/ros2/ros2_learn/fishbot_ws/install/nav_2d_msgs/include/nav_2d_msgs/msg/detail
[34.401s] -- Installing: /home/ros2/ros2_learn/fishbot_ws/install/nav_2d_msgs/include/nav_2d_msgs/msg/detail/pose2_d_stamped__rosidl_typesupport_introspection_c.h
[34.401s] -- Installing: /home/ros2/ros2_learn/fishbot_ws/install/nav_2d_msgs/include/nav_2d_msgs/msg/detail/twist2_d32__type_support.c
[34.407s] -- Installing: /home/ros2/ros2_learn/fishbot_ws/install/nav_2d_msgs/include/nav_2d_msgs/msg/detail/pose2_d32__type_support.c
[34.407s] -- Installing: /home/ros2/ros2_learn/fishbot_ws/install/nav_2d_msgs/include/nav_2d_msgs/msg/detail/path2_d__rosidl_typesupport_introspection_c.h
[34.407s] -- Installing: /home/ros2/ros2_learn/fishbot_ws/install/nav_2d_msgs/include/nav_2d_msgs/msg/detail/twist2_d_stamped__type_support.c
[34.408s] -- Installing: /home/ros2/ros2_learn/fishbot_ws/install/nav_2d_msgs/include/nav_2d_msgs/msg/detail/twist2_d__rosidl_typesupport_introspection_c.h
[34.408s] -- Installing: /home/ros2/ros2_learn/fishbot_ws/install/nav_2d_msgs/include/nav_2d_msgs/msg/detail/twist2_d32__rosidl_typesupport_introspection_c.h
[34.408s] -- Installing: /home/ros2/ros2_learn/fishbot_ws/install/nav_2d_msgs/include/nav_2d_msgs/msg/detail/twist2_d__type_support.c
[34.408s] -- Installing: /home/ros2/ros2_learn/fishbot_ws/install/nav_2d_msgs/include/nav_2d_msgs/msg/detail/pose2_d_stamped__type_support.c
[34.408s] -- Installing: /home/ros2/ros2_learn/fishbot_ws/install/nav_2d_msgs/include/nav_2d_msgs/msg/detail/twist2_d_stamped__rosidl_typesupport_introspection_c.h
[34.408s] -- Installing: /home/ros2/ros2_learn/fishbot_ws/install/nav_2d_msgs/include/nav_2d_msgs/msg/detail/path2_d__type_support.c
[34.409s] -- Installing: /home/ros2/ros2_learn/fishbot_ws/install/nav_2d_msgs/include/nav_2d_msgs/msg/detail/pose2_d32__rosidl_typesupport_introspection_c.h
[34.409s] -- Installing: /home/ros2/ros2_learn/fishbot_ws/install/nav_2d_msgs/lib/libnav_2d_msgs__rosidl_typesupport_introspection_c.so
[34.409s] -- Set runtime path of "/home/ros2/ros2_learn/fishbot_ws/install/nav_2d_msgs/lib/libnav_2d_msgs__rosidl_typesupport_introspection_c.so" to ""
[34.409s] -- Installing: /home/ros2/ros2_learn/fishbot_ws/install/nav_2d_msgs/lib/libnav_2d_msgs__rosidl_typesupport_c.so
[34.409s] -- Set runtime path of "/home/ros2/ros2_learn/fishbot_ws/install/nav_2d_msgs/lib/libnav_2d_msgs__rosidl_typesupport_c.so" to ""
[34.409s] -- Up-to-date: /home/ros2/ros2_learn/fishbot_ws/install/nav_2d_msgs/include/nav_2d_msgs
[34.410s] -- Up-to-date: /home/ros2/ros2_learn/fishbot_ws/install/nav_2d_msgs/include/nav_2d_msgs/msg
[34.410s] -- Installing: /home/ros2/ros2_learn/fishbot_ws/install/nav_2d_msgs/include/nav_2d_msgs/msg/pose2_d32.hpp
[34.410s] -- Installing: /home/ros2/ros2_learn/fishbot_ws/install/nav_2d_msgs/include/nav_2d_msgs/msg/twist2_d32.hpp
[34.410s] -- Up-to-date: /home/ros2/ros2_learn/fishbot_ws/install/nav_2d_msgs/include/nav_2d_msgs/msg/detail
[34.410s] -- Installing: /home/ros2/ros2_learn/fishbot_ws/install/nav_2d_msgs/include/nav_2d_msgs/msg/detail/path2_d__traits.hpp
[34.410s] -- Installing: /home/ros2/ros2_learn/fishbot_ws/install/nav_2d_msgs/include/nav_2d_msgs/msg/detail/pose2_d32__builder.hpp
[34.410s] -- Installing: /home/ros2/ros2_learn/fishbot_ws/install/nav_2d_msgs/include/nav_2d_msgs/msg/detail/pose2_d32__struct.hpp
[34.410s] -- Installing: /home/ros2/ros2_learn/fishbot_ws/install/nav_2d_msgs/include/nav_2d_msgs/msg/detail/path2_d__builder.hpp
[34.410s] -- Installing: /home/ros2/ros2_learn/fishbot_ws/install/nav_2d_msgs/include/nav_2d_msgs/msg/detail/pose2_d_stamped__struct.hpp
[34.411s] -- Installing: /home/ros2/ros2_learn/fishbot_ws/install/nav_2d_msgs/include/nav_2d_msgs/msg/detail/twist2_d_stamped__struct.hpp
[34.411s] -- Installing: /home/ros2/ros2_learn/fishbot_ws/install/nav_2d_msgs/include/nav_2d_msgs/msg/detail/twist2_d_stamped__traits.hpp
[34.411s] -- Installing: /home/ros2/ros2_learn/fishbot_ws/install/nav_2d_msgs/include/nav_2d_msgs/msg/detail/pose2_d_stamped__builder.hpp
[34.411s] -- Installing: /home/ros2/ros2_learn/fishbot_ws/install/nav_2d_msgs/include/nav_2d_msgs/msg/detail/twist2_d__traits.hpp
[34.411s] -- Installing: /home/ros2/ros2_learn/fishbot_ws/install/nav_2d_msgs/include/nav_2d_msgs/msg/detail/twist2_d__struct.hpp
[34.412s] -- Installing: /home/ros2/ros2_learn/fishbot_ws/install/nav_2d_msgs/include/nav_2d_msgs/msg/detail/twist2_d32__traits.hpp
[34.412s] -- Installing: /home/ros2/ros2_learn/fishbot_ws/install/nav_2d_msgs/include/nav_2d_msgs/msg/detail/pose2_d_stamped__traits.hpp
[34.412s] -- Installing: /home/ros2/ros2_learn/fishbot_ws/install/nav_2d_msgs/include/nav_2d_msgs/msg/detail/twist2_d__builder.hpp
[34.412s] -- Installing: /home/ros2/ros2_learn/fishbot_ws/install/nav_2d_msgs/include/nav_2d_msgs/msg/detail/pose2_d32__traits.hpp
[34.412s] -- Installing: /home/ros2/ros2_learn/fishbot_ws/install/nav_2d_msgs/include/nav_2d_msgs/msg/detail/twist2_d_stamped__builder.hpp
[34.412s] -- Installing: /home/ros2/ros2_learn/fishbot_ws/install/nav_2d_msgs/include/nav_2d_msgs/msg/detail/path2_d__struct.hpp
[34.412s] -- Installing: /home/ros2/ros2_learn/fishbot_ws/install/nav_2d_msgs/include/nav_2d_msgs/msg/detail/twist2_d32__struct.hpp
[34.412s] -- Installing: /home/ros2/ros2_learn/fishbot_ws/install/nav_2d_msgs/include/nav_2d_msgs/msg/detail/twist2_d32__builder.hpp
[34.412s] -- Installing: /home/ros2/ros2_learn/fishbot_ws/install/nav_2d_msgs/include/nav_2d_msgs/msg/pose2_d_stamped.hpp
[34.412s] -- Installing: /home/ros2/ros2_learn/fishbot_ws/install/nav_2d_msgs/include/nav_2d_msgs/msg/path2_d.hpp
[34.415s] -- Installing: /home/ros2/ros2_learn/fishbot_ws/install/nav_2d_msgs/include/nav_2d_msgs/msg/twist2_d_stamped.hpp
[34.415s] -- Installing: /home/ros2/ros2_learn/fishbot_ws/install/nav_2d_msgs/include/nav_2d_msgs/msg/twist2_d.hpp
[34.415s] -- Up-to-date: /home/ros2/ros2_learn/fishbot_ws/install/nav_2d_msgs/include/nav_2d_msgs
[34.415s] -- Up-to-date: /home/ros2/ros2_learn/fishbot_ws/install/nav_2d_msgs/include/nav_2d_msgs/msg
[34.415s] -- Up-to-date: /home/ros2/ros2_learn/fishbot_ws/install/nav_2d_msgs/include/nav_2d_msgs/msg/detail
[34.415s] -- Installing: /home/ros2/ros2_learn/fishbot_ws/install/nav_2d_msgs/include/nav_2d_msgs/msg/detail/twist2_d__rosidl_typesupport_introspection_cpp.hpp
[34.417s] -- Installing: /home/ros2/ros2_learn/fishbot_ws/install/nav_2d_msgs/include/nav_2d_msgs/msg/detail/twist2_d_stamped__type_support.cpp
[34.418s] -- Installing: /home/ros2/ros2_learn/fishbot_ws/install/nav_2d_msgs/include/nav_2d_msgs/msg/detail/twist2_d_stamped__rosidl_typesupport_introspection_cpp.hpp
[34.418s] -- Installing: /home/ros2/ros2_learn/fishbot_ws/install/nav_2d_msgs/include/nav_2d_msgs/msg/detail/pose2_d_stamped__type_support.cpp
[34.418s] -- Installing: /home/ros2/ros2_learn/fishbot_ws/install/nav_2d_msgs/include/nav_2d_msgs/msg/detail/twist2_d__type_support.cpp
[34.418s] -- Installing: /home/ros2/ros2_learn/fishbot_ws/install/nav_2d_msgs/include/nav_2d_msgs/msg/detail/pose2_d32__rosidl_typesupport_introspection_cpp.hpp
[34.418s] -- Installing: /home/ros2/ros2_learn/fishbot_ws/install/nav_2d_msgs/include/nav_2d_msgs/msg/detail/pose2_d_stamped__rosidl_typesupport_introspection_cpp.hpp
[34.418s] -- Installing: /home/ros2/ros2_learn/fishbot_ws/install/nav_2d_msgs/include/nav_2d_msgs/msg/detail/pose2_d32__type_support.cpp
[34.418s] -- Installing: /home/ros2/ros2_learn/fishbot_ws/install/nav_2d_msgs/include/nav_2d_msgs/msg/detail/path2_d__type_support.cpp
[34.421s] -- Installing: /home/ros2/ros2_learn/fishbot_ws/install/nav_2d_msgs/include/nav_2d_msgs/msg/detail/twist2_d32__type_support.cpp
[34.421s] -- Installing: /home/ros2/ros2_learn/fishbot_ws/install/nav_2d_msgs/include/nav_2d_msgs/msg/detail/twist2_d32__rosidl_typesupport_introspection_cpp.hpp
[34.421s] -- Installing: /home/ros2/ros2_learn/fishbot_ws/install/nav_2d_msgs/include/nav_2d_msgs/msg/detail/path2_d__rosidl_typesupport_introspection_cpp.hpp
[34.424s] -- Installing: /home/ros2/ros2_learn/fishbot_ws/install/nav_2d_msgs/lib/libnav_2d_msgs__rosidl_typesupport_introspection_cpp.so
[34.430s] -- Set runtime path of "/home/ros2/ros2_learn/fishbot_ws/install/nav_2d_msgs/lib/libnav_2d_msgs__rosidl_typesupport_introspection_cpp.so" to ""
[34.430s] -- Installing: /home/ros2/ros2_learn/fishbot_ws/install/nav_2d_msgs/lib/libnav_2d_msgs__rosidl_typesupport_cpp.so
[34.430s] -- Set runtime path of "/home/ros2/ros2_learn/fishbot_ws/install/nav_2d_msgs/lib/libnav_2d_msgs__rosidl_typesupport_cpp.so" to ""
[34.430s] -- Installing: /home/ros2/ros2_learn/fishbot_ws/install/nav_2d_msgs/share/nav_2d_msgs/environment/pythonpath.sh
[34.431s] -- Installing: /home/ros2/ros2_learn/fishbot_ws/install/nav_2d_msgs/share/nav_2d_msgs/environment/pythonpath.dsv
[34.431s] -- Installing: /home/ros2/ros2_learn/fishbot_ws/install/nav_2d_msgs/lib/python3.8/site-packages/nav_2d_msgs/__init__.py
[34.455s] Compiling '/home/ros2/ros2_learn/fishbot_ws/install/nav_2d_msgs/lib/python3.8/site-packages/nav_2d_msgs/__init__.py'...
[34.459s] -- Installing: /home/ros2/ros2_learn/fishbot_ws/install/nav_2d_msgs/lib/python3.8/site-packages/nav_2d_msgs/msg
[34.460s] -- Installing: /home/ros2/ros2_learn/fishbot_ws/install/nav_2d_msgs/lib/python3.8/site-packages/nav_2d_msgs/msg/_pose2_d_stamped.py
[34.460s] -- Installing: /home/ros2/ros2_learn/fishbot_ws/install/nav_2d_msgs/lib/python3.8/site-packages/nav_2d_msgs/msg/_pose2_d32_s.c
[34.460s] -- Installing: /home/ros2/ros2_learn/fishbot_ws/install/nav_2d_msgs/lib/python3.8/site-packages/nav_2d_msgs/msg/_twist2_d_s.c
[34.460s] -- Installing: /home/ros2/ros2_learn/fishbot_ws/install/nav_2d_msgs/lib/python3.8/site-packages/nav_2d_msgs/msg/__init__.py
[34.460s] -- Installing: /home/ros2/ros2_learn/fishbot_ws/install/nav_2d_msgs/lib/python3.8/site-packages/nav_2d_msgs/msg/_twist2_d.py
[34.461s] -- Installing: /home/ros2/ros2_learn/fishbot_ws/install/nav_2d_msgs/lib/python3.8/site-packages/nav_2d_msgs/msg/_twist2_d_stamped.py
[34.461s] -- Installing: /home/ros2/ros2_learn/fishbot_ws/install/nav_2d_msgs/lib/python3.8/site-packages/nav_2d_msgs/msg/_pose2_d_stamped_s.c
[34.461s] -- Installing: /home/ros2/ros2_learn/fishbot_ws/install/nav_2d_msgs/lib/python3.8/site-packages/nav_2d_msgs/msg/_path2_d_s.c
[34.461s] -- Installing: /home/ros2/ros2_learn/fishbot_ws/install/nav_2d_msgs/lib/python3.8/site-packages/nav_2d_msgs/msg/_path2_d.py
[34.461s] -- Installing: /home/ros2/ros2_learn/fishbot_ws/install/nav_2d_msgs/lib/python3.8/site-packages/nav_2d_msgs/msg/_twist2_d32.py
[34.462s] -- Installing: /home/ros2/ros2_learn/fishbot_ws/install/nav_2d_msgs/lib/python3.8/site-packages/nav_2d_msgs/msg/_pose2_d32.py
[34.462s] -- Installing: /home/ros2/ros2_learn/fishbot_ws/install/nav_2d_msgs/lib/python3.8/site-packages/nav_2d_msgs/msg/_twist2_d_stamped_s.c
[34.462s] -- Installing: /home/ros2/ros2_learn/fishbot_ws/install/nav_2d_msgs/lib/python3.8/site-packages/nav_2d_msgs/msg/_twist2_d32_s.c
[34.462s] -- Installing: /home/ros2/ros2_learn/fishbot_ws/install/nav_2d_msgs/lib/python3.8/site-packages/nav_2d_msgs/nav_2d_msgs_s__rosidl_typesupport_fastrtps_c.cpython-38-x86_64-linux-gnu.so
[34.462s] -- Set runtime path of "/home/ros2/ros2_learn/fishbot_ws/install/nav_2d_msgs/lib/python3.8/site-packages/nav_2d_msgs/nav_2d_msgs_s__rosidl_typesupport_fastrtps_c.cpython-38-x86_64-linux-gnu.so" to ""
[34.462s] -- Installing: /home/ros2/ros2_learn/fishbot_ws/install/nav_2d_msgs/lib/python3.8/site-packages/nav_2d_msgs/nav_2d_msgs_s__rosidl_typesupport_introspection_c.cpython-38-x86_64-linux-gnu.so
[34.463s] -- Set runtime path of "/home/ros2/ros2_learn/fishbot_ws/install/nav_2d_msgs/lib/python3.8/site-packages/nav_2d_msgs/nav_2d_msgs_s__rosidl_typesupport_introspection_c.cpython-38-x86_64-linux-gnu.so" to ""
[34.463s] -- Installing: /home/ros2/ros2_learn/fishbot_ws/install/nav_2d_msgs/lib/python3.8/site-packages/nav_2d_msgs/nav_2d_msgs_s__rosidl_typesupport_c.cpython-38-x86_64-linux-gnu.so
[34.463s] -- Set runtime path of "/home/ros2/ros2_learn/fishbot_ws/install/nav_2d_msgs/lib/python3.8/site-packages/nav_2d_msgs/nav_2d_msgs_s__rosidl_typesupport_c.cpython-38-x86_64-linux-gnu.so" to ""
[34.463s] -- Installing: /home/ros2/ros2_learn/fishbot_ws/install/nav_2d_msgs/lib/libnav_2d_msgs__python.so
[34.463s] -- Set runtime path of "/home/ros2/ros2_learn/fishbot_ws/install/nav_2d_msgs/lib/libnav_2d_msgs__python.so" to ""
[34.464s] -- Installing: /home/ros2/ros2_learn/fishbot_ws/install/nav_2d_msgs/share/nav_2d_msgs/msg/Path2D.idl
[34.464s] -- Installing: /home/ros2/ros2_learn/fishbot_ws/install/nav_2d_msgs/share/nav_2d_msgs/msg/Pose2D32.idl
[34.464s] -- Installing: /home/ros2/ros2_learn/fishbot_ws/install/nav_2d_msgs/share/nav_2d_msgs/msg/Pose2DStamped.idl
[34.464s] -- Installing: /home/ros2/ros2_learn/fishbot_ws/install/nav_2d_msgs/share/nav_2d_msgs/msg/Twist2D.idl
[34.464s] -- Installing: /home/ros2/ros2_learn/fishbot_ws/install/nav_2d_msgs/share/nav_2d_msgs/msg/Twist2D32.idl
[34.464s] -- Installing: /home/ros2/ros2_learn/fishbot_ws/install/nav_2d_msgs/share/nav_2d_msgs/msg/Twist2DStamped.idl
[34.465s] -- Installing: /home/ros2/ros2_learn/fishbot_ws/install/nav_2d_msgs/share/nav_2d_msgs/msg/Path2D.msg
[34.465s] -- Installing: /home/ros2/ros2_learn/fishbot_ws/install/nav_2d_msgs/share/nav_2d_msgs/msg/Pose2D32.msg
[34.465s] -- Installing: /home/ros2/ros2_learn/fishbot_ws/install/nav_2d_msgs/share/nav_2d_msgs/msg/Pose2DStamped.msg
[34.465s] -- Installing: /home/ros2/ros2_learn/fishbot_ws/install/nav_2d_msgs/share/nav_2d_msgs/msg/Twist2D.msg
[34.465s] -- Installing: /home/ros2/ros2_learn/fishbot_ws/install/nav_2d_msgs/share/nav_2d_msgs/msg/Twist2D32.msg
[34.465s] -- Installing: /home/ros2/ros2_learn/fishbot_ws/install/nav_2d_msgs/share/nav_2d_msgs/msg/Twist2DStamped.msg
[34.466s] -- Installing: /home/ros2/ros2_learn/fishbot_ws/install/nav_2d_msgs/share/ament_index/resource_index/package_run_dependencies/nav_2d_msgs
[34.466s] -- Installing: /home/ros2/ros2_learn/fishbot_ws/install/nav_2d_msgs/share/ament_index/resource_index/parent_prefix_path/nav_2d_msgs
[34.466s] -- Installing: /home/ros2/ros2_learn/fishbot_ws/install/nav_2d_msgs/share/nav_2d_msgs/environment/ament_prefix_path.sh
[34.466s] -- Installing: /home/ros2/ros2_learn/fishbot_ws/install/nav_2d_msgs/share/nav_2d_msgs/environment/ament_prefix_path.dsv
[34.466s] -- Installing: /home/ros2/ros2_learn/fishbot_ws/install/nav_2d_msgs/share/nav_2d_msgs/environment/path.sh
[34.468s] -- Installing: /home/ros2/ros2_learn/fishbot_ws/install/nav_2d_msgs/share/nav_2d_msgs/environment/path.dsv
[34.468s] -- Installing: /home/ros2/ros2_learn/fishbot_ws/install/nav_2d_msgs/share/nav_2d_msgs/local_setup.bash
[34.468s] -- Installing: /home/ros2/ros2_learn/fishbot_ws/install/nav_2d_msgs/share/nav_2d_msgs/local_setup.sh
[34.468s] -- Installing: /home/ros2/ros2_learn/fishbot_ws/install/nav_2d_msgs/share/nav_2d_msgs/local_setup.zsh
[34.468s] -- Installing: /home/ros2/ros2_learn/fishbot_ws/install/nav_2d_msgs/share/nav_2d_msgs/local_setup.dsv
[34.469s] -- Installing: /home/ros2/ros2_learn/fishbot_ws/install/nav_2d_msgs/share/nav_2d_msgs/package.dsv
[34.469s] -- Installing: /home/ros2/ros2_learn/fishbot_ws/install/nav_2d_msgs/share/ament_index/resource_index/packages/nav_2d_msgs
[34.469s] -- Installing: /home/ros2/ros2_learn/fishbot_ws/install/nav_2d_msgs/share/nav_2d_msgs/cmake/nav_2d_msgs__rosidl_generator_cExport.cmake
[34.469s] -- Installing: /home/ros2/ros2_learn/fishbot_ws/install/nav_2d_msgs/share/nav_2d_msgs/cmake/nav_2d_msgs__rosidl_generator_cExport-noconfig.cmake
[34.469s] -- Installing: /home/ros2/ros2_learn/fishbot_ws/install/nav_2d_msgs/share/nav_2d_msgs/cmake/nav_2d_msgs__rosidl_typesupport_introspection_cExport.cmake
[34.469s] -- Installing: /home/ros2/ros2_learn/fishbot_ws/install/nav_2d_msgs/share/nav_2d_msgs/cmake/nav_2d_msgs__rosidl_typesupport_introspection_cExport-noconfig.cmake
[34.469s] -- Installing: /home/ros2/ros2_learn/fishbot_ws/install/nav_2d_msgs/share/nav_2d_msgs/cmake/nav_2d_msgs__rosidl_typesupport_cExport.cmake
[34.470s] -- Installing: /home/ros2/ros2_learn/fishbot_ws/install/nav_2d_msgs/share/nav_2d_msgs/cmake/nav_2d_msgs__rosidl_typesupport_cExport-noconfig.cmake
[34.470s] -- Installing: /home/ros2/ros2_learn/fishbot_ws/install/nav_2d_msgs/share/nav_2d_msgs/cmake/nav_2d_msgs__rosidl_generator_cppExport.cmake
[34.470s] -- Installing: /home/ros2/ros2_learn/fishbot_ws/install/nav_2d_msgs/share/nav_2d_msgs/cmake/nav_2d_msgs__rosidl_typesupport_introspection_cppExport.cmake
[34.470s] -- Installing: /home/ros2/ros2_learn/fishbot_ws/install/nav_2d_msgs/share/nav_2d_msgs/cmake/nav_2d_msgs__rosidl_typesupport_introspection_cppExport-noconfig.cmake
[34.471s] -- Installing: /home/ros2/ros2_learn/fishbot_ws/install/nav_2d_msgs/share/nav_2d_msgs/cmake/nav_2d_msgs__rosidl_typesupport_cppExport.cmake
[34.471s] -- Installing: /home/ros2/ros2_learn/fishbot_ws/install/nav_2d_msgs/share/nav_2d_msgs/cmake/nav_2d_msgs__rosidl_typesupport_cppExport-noconfig.cmake
[34.471s] -- Installing: /home/ros2/ros2_learn/fishbot_ws/install/nav_2d_msgs/share/nav_2d_msgs/cmake/rosidl_cmake-extras.cmake
[34.472s] -- Installing: /home/ros2/ros2_learn/fishbot_ws/install/nav_2d_msgs/share/nav_2d_msgs/cmake/ament_cmake_export_dependencies-extras.cmake
[34.472s] -- Installing: /home/ros2/ros2_learn/fishbot_ws/install/nav_2d_msgs/share/nav_2d_msgs/cmake/ament_cmake_export_libraries-extras.cmake
[34.472s] -- Installing: /home/ros2/ros2_learn/fishbot_ws/install/nav_2d_msgs/share/nav_2d_msgs/cmake/ament_cmake_export_targets-extras.cmake
[34.473s] -- Installing: /home/ros2/ros2_learn/fishbot_ws/install/nav_2d_msgs/share/nav_2d_msgs/cmake/ament_cmake_export_include_directories-extras.cmake
[34.477s] -- Installing: /home/ros2/ros2_learn/fishbot_ws/install/nav_2d_msgs/share/nav_2d_msgs/cmake/rosidl_cmake_export_typesupport_libraries-extras.cmake
[34.477s] -- Installing: /home/ros2/ros2_learn/fishbot_ws/install/nav_2d_msgs/share/nav_2d_msgs/cmake/rosidl_cmake_export_typesupport_targets-extras.cmake
[34.477s] -- Installing: /home/ros2/ros2_learn/fishbot_ws/install/nav_2d_msgs/share/nav_2d_msgs/cmake/nav_2d_msgsConfig.cmake
[34.489s] -- Installing: /home/ros2/ros2_learn/fishbot_ws/install/nav_2d_msgs/share/nav_2d_msgs/cmake/nav_2d_msgsConfig-version.cmake
[34.489s] -- Installing: /home/ros2/ros2_learn/fishbot_ws/install/nav_2d_msgs/share/nav_2d_msgs/package.xml
[34.490s] Invoked command in '/home/ros2/ros2_learn/fishbot_ws/build/nav_2d_msgs' returned '0': CMAKE_PREFIX_PATH=/opt/ros/galactic /usr/bin/cmake --install /home/ros2/ros2_learn/fishbot_ws/build/nav_2d_msgs
