[0.162s] Invoking command in '/home/ros2/ros2_learn/fishbot_ws/build/nav_2d_utils': AMENT_PREFIX_PATH=/home/ros2/ros2_learn/fishbot_ws/install/nav2_util:/home/ros2/ros2_learn/fishbot_ws/install/nav2_msgs:/home/ros2/ros2_learn/fishbot_ws/install/nav_2d_msgs:/home/ros2/ros2_learn/fishbot_ws/install/nav2_common:${AMENT_PREFIX_PATH} CMAKE_PREFIX_PATH=/home/ros2/ros2_learn/fishbot_ws/install/nav2_util:/home/ros2/ros2_learn/fishbot_ws/install/nav2_msgs:/home/ros2/ros2_learn/fishbot_ws/install/nav_2d_msgs:/home/ros2/ros2_learn/fishbot_ws/install/nav2_common:/opt/ros/galactic LD_LIBRARY_PATH=/home/ros2/ros2_learn/fishbot_ws/install/nav2_util/lib:/home/ros2/ros2_learn/fishbot_ws/install/nav2_msgs/lib:/home/ros2/ros2_learn/fishbot_ws/install/nav_2d_msgs/lib:${LD_LIBRARY_PATH} PYTHONPATH=/home/ros2/ros2_learn/fishbot_ws/install/nav2_msgs/lib/python3.8/site-packages:/home/ros2/ros2_learn/fishbot_ws/install/nav_2d_msgs/lib/python3.8/site-packages:/home/ros2/ros2_learn/fishbot_ws/install/nav2_common/lib/python3.8/site-packages:${PYTHONPATH} /usr/bin/cmake /home/ros2/ros2_learn/fishbot_ws/src/navigation2/nav2_dwb_controller/nav_2d_utils -DCMAKE_INSTALL_PREFIX=/home/ros2/ros2_learn/fishbot_ws/install/nav_2d_utils
[0.393s] -- The C compiler identification is GNU 9.4.0
[0.585s] -- The CXX compiler identification is GNU 9.4.0
[0.594s] -- Check for working C compiler: /usr/bin/cc
[0.876s] -- Check for working C compiler: /usr/bin/cc -- works
[0.877s] -- Detecting C compiler ABI info
[1.155s] -- Detecting C compiler ABI info - done
[1.167s] -- Detecting C compile features
[1.169s] -- Detecting C compile features - done
[1.182s] -- Check for working CXX compiler: /usr/bin/c++
[1.467s] -- Check for working CXX compiler: /usr/bin/c++ -- works
[1.467s] -- Detecting CXX compiler ABI info
[1.904s] -- Detecting CXX compiler ABI info - done
[1.948s] -- Detecting CXX compile features
[1.956s] -- Detecting CXX compile features - done
[1.966s] -- Found ament_cmake: 1.1.6 (/opt/ros/galactic/share/ament_cmake/cmake)
[2.069s] -- Found PythonInterp: /usr/bin/python3 (found suitable version "3.8.10", minimum required is "3") 
[2.069s] -- Using PYTHON_EXECUTABLE: /usr/bin/python3
[2.273s] -- Found nav2_common: 1.0.12 (/home/ros2/ros2_learn/fishbot_ws/install/nav2_common/share/nav2_common/cmake)
[2.276s] -- Found geometry_msgs: 2.2.4 (/opt/ros/galactic/share/geometry_msgs/cmake)
[2.323s] -- Using all available rosidl_typesupport_c: rosidl_typesupport_fastrtps_c;rosidl_typesupport_introspection_c
[2.335s] -- Found rosidl_adapter: 2.2.3 (/opt/ros/galactic/share/rosidl_adapter/cmake)
[2.584s] -- Found OpenSSL: /usr/lib/x86_64-linux-gnu/libcrypto.so (found version "1.1.1f")  
[2.683s] -- Found FastRTPS: /opt/ros/galactic/include  
[2.944s] -- Using all available rosidl_typesupport_cpp: rosidl_typesupport_fastrtps_cpp;rosidl_typesupport_introspection_cpp
[3.275s] -- Found nav_2d_msgs: 1.0.12 (/home/ros2/ros2_learn/fishbot_ws/install/nav_2d_msgs/share/nav_2d_msgs/cmake)
[3.388s] -- Found nav_msgs: 2.2.4 (/opt/ros/galactic/share/nav_msgs/cmake)
[3.521s] -- Found rclcpp: 9.2.2 (/opt/ros/galactic/share/rclcpp/cmake)
[3.664s] -- Found rmw_implementation_cmake: 3.3.1 (/opt/ros/galactic/share/rmw_implementation_cmake/cmake)
[3.677s] -- Found rmw_cyclonedds_cpp: 0.22.6 (/opt/ros/galactic/share/rmw_cyclonedds_cpp/cmake)
[3.725s] -- Using RMW implementation 'rmw_cyclonedds_cpp' as default
[3.726s] -- Looking for pthread.h
[4.030s] -- Looking for pthread.h - found
[4.031s] -- Performing Test CMAKE_HAVE_LIBC_PTHREAD
[4.372s] -- Performing Test CMAKE_HAVE_LIBC_PTHREAD - Failed
[4.373s] -- Looking for pthread_create in pthreads
[4.690s] -- Looking for pthread_create in pthreads - not found
[4.690s] -- Looking for pthread_create in pthread
[4.978s] -- Looking for pthread_create in pthread - found
[4.980s] -- Found Threads: TRUE  
[5.287s] -- Found tf2: 0.17.5 (/opt/ros/galactic/share/tf2/cmake)
[5.308s] -- Found tf2_geometry_msgs: 0.17.5 (/opt/ros/galactic/share/tf2_geometry_msgs/cmake)
[5.328s] -- Found eigen3_cmake_module: 0.1.1 (/opt/ros/galactic/share/eigen3_cmake_module/cmake)
[5.332s] -- Found Eigen3: TRUE (found version "3.3.7") 
[6.015s] -- Found nav2_msgs: 1.0.12 (/home/ros2/ros2_learn/fishbot_ws/install/nav2_msgs/share/nav2_msgs/cmake)
[6.374s] -- Found nav2_util: 1.0.12 (/home/ros2/ros2_learn/fishbot_ws/install/nav2_util/share/nav2_util/cmake)
[6.678s] -- Setting build type to Release as none was specified.
[7.351s] -- Found ament_lint_auto: 0.10.7 (/opt/ros/galactic/share/ament_lint_auto/cmake)
[7.478s] -- Found gtest sources under '/opt/ros/galactic/src/gtest_vendor': C++ tests using 'Google Test' will be built
[7.480s] -- Check if compiler accepts -pthread
[7.585s] -- Check if compiler accepts -pthread - yes
[7.598s] -- Added test 'cppcheck' to perform static code analysis on C / C++ code
[7.598s] -- Configured cppcheck include dirs: /home/ros2/ros2_learn/fishbot_ws/src/navigation2/nav2_dwb_controller/nav_2d_utils/include
[7.599s] -- Configured cppcheck exclude dirs and/or files: 
[7.600s] -- Added test 'cpplint' to check C / C++ code against the Google style
[7.600s] -- Configured cpplint exclude dirs and/or files: 
[7.601s] -- Added test 'lint_cmake' to check CMake code style
[7.603s] -- Added test 'uncrustify' to check C / C++ code style
[7.603s] -- Configured uncrustify additional arguments: 
[7.603s] -- Added test 'xmllint' to check XML markup files
[7.611s] -- Configuring done
[7.808s] -- Generating done
[7.812s] -- Build files have been written to: /home/ros2/ros2_learn/fishbot_ws/build/nav_2d_utils
[7.836s] Invoked command in '/home/ros2/ros2_learn/fishbot_ws/build/nav_2d_utils' returned '0': AMENT_PREFIX_PATH=/home/ros2/ros2_learn/fishbot_ws/install/nav2_util:/home/ros2/ros2_learn/fishbot_ws/install/nav2_msgs:/home/ros2/ros2_learn/fishbot_ws/install/nav_2d_msgs:/home/ros2/ros2_learn/fishbot_ws/install/nav2_common:${AMENT_PREFIX_PATH} CMAKE_PREFIX_PATH=/home/ros2/ros2_learn/fishbot_ws/install/nav2_util:/home/ros2/ros2_learn/fishbot_ws/install/nav2_msgs:/home/ros2/ros2_learn/fishbot_ws/install/nav_2d_msgs:/home/ros2/ros2_learn/fishbot_ws/install/nav2_common:/opt/ros/galactic LD_LIBRARY_PATH=/home/ros2/ros2_learn/fishbot_ws/install/nav2_util/lib:/home/ros2/ros2_learn/fishbot_ws/install/nav2_msgs/lib:/home/ros2/ros2_learn/fishbot_ws/install/nav_2d_msgs/lib:${LD_LIBRARY_PATH} PYTHONPATH=/home/ros2/ros2_learn/fishbot_ws/install/nav2_msgs/lib/python3.8/site-packages:/home/ros2/ros2_learn/fishbot_ws/install/nav_2d_msgs/lib/python3.8/site-packages:/home/ros2/ros2_learn/fishbot_ws/install/nav2_common/lib/python3.8/site-packages:${PYTHONPATH} /usr/bin/cmake /home/ros2/ros2_learn/fishbot_ws/src/navigation2/nav2_dwb_controller/nav_2d_utils -DCMAKE_INSTALL_PREFIX=/home/ros2/ros2_learn/fishbot_ws/install/nav_2d_utils
[7.843s] Invoking command in '/home/ros2/ros2_learn/fishbot_ws/build/nav_2d_utils': AMENT_PREFIX_PATH=/home/ros2/ros2_learn/fishbot_ws/install/nav2_util:/home/ros2/ros2_learn/fishbot_ws/install/nav2_msgs:/home/ros2/ros2_learn/fishbot_ws/install/nav_2d_msgs:/home/ros2/ros2_learn/fishbot_ws/install/nav2_common:${AMENT_PREFIX_PATH} CMAKE_PREFIX_PATH=/home/ros2/ros2_learn/fishbot_ws/install/nav2_util:/home/ros2/ros2_learn/fishbot_ws/install/nav2_msgs:/home/ros2/ros2_learn/fishbot_ws/install/nav_2d_msgs:/home/ros2/ros2_learn/fishbot_ws/install/nav2_common:/opt/ros/galactic LD_LIBRARY_PATH=/home/ros2/ros2_learn/fishbot_ws/install/nav2_util/lib:/home/ros2/ros2_learn/fishbot_ws/install/nav2_msgs/lib:/home/ros2/ros2_learn/fishbot_ws/install/nav_2d_msgs/lib:${LD_LIBRARY_PATH} PYTHONPATH=/home/ros2/ros2_learn/fishbot_ws/install/nav2_msgs/lib/python3.8/site-packages:/home/ros2/ros2_learn/fishbot_ws/install/nav_2d_msgs/lib/python3.8/site-packages:/home/ros2/ros2_learn/fishbot_ws/install/nav2_common/lib/python3.8/site-packages:${PYTHONPATH} /usr/bin/cmake --build /home/ros2/ros2_learn/fishbot_ws/build/nav_2d_utils -- -j4 -l4
[7.928s] [35m[1mScanning dependencies of target conversions[0m
[8.017s] [  6%] [32mBuilding CXX object CMakeFiles/conversions.dir/src/conversions.cpp.o[0m
[12.249s] [ 12%] [32m[1mLinking CXX shared library libconversions.so[0m
[12.481s] [ 12%] Built target conversions
[12.496s] [35m[1mScanning dependencies of target gtest_main[0m
[12.517s] [ 18%] [32mBuilding CXX object gtest/CMakeFiles/gtest_main.dir/src/gtest_main.cc.o[0m
[13.837s] [ 25%] [32m[1mLinking CXX static library libgtest_main.a[0m
[13.882s] [ 25%] Built target gtest_main
[13.901s] [35m[1mScanning dependencies of target tf_help[0m
[13.972s] [ 31%] [32mBuilding CXX object CMakeFiles/tf_help.dir/src/tf_help.cpp.o[0m
[17.740s] [ 37%] [32m[1mLinking CXX shared library libtf_help.so[0m
[18.010s] [ 37%] Built target tf_help
[18.025s] [35m[1mScanning dependencies of target gtest[0m
[18.049s] [ 43%] [32mBuilding CXX object gtest/CMakeFiles/gtest.dir/src/gtest-all.cc.o[0m
[29.316s] [ 50%] [32m[1mLinking CXX static library libgtest.a[0m
[29.360s] [ 50%] Built target gtest
[29.374s] [35m[1mScanning dependencies of target path_ops[0m
[29.412s] [ 56%] [32mBuilding CXX object CMakeFiles/path_ops.dir/src/path_ops.cpp.o[0m
[30.504s] [ 62%] [32m[1mLinking CXX shared library libpath_ops.so[0m
[31.077s] [ 62%] Built target path_ops
[31.093s] [35m[1mScanning dependencies of target 2d_utils_tests[0m
[31.170s] [ 68%] [32mBuilding CXX object test/CMakeFiles/2d_utils_tests.dir/2d_utils_test.cpp.o[0m
[37.364s] [ 75%] [32m[1mLinking CXX executable 2d_utils_tests[0m
[37.623s] [ 75%] Built target 2d_utils_tests
[37.641s] [35m[1mScanning dependencies of target path_ops_tests[0m
[37.667s] [ 81%] [32mBuilding CXX object test/CMakeFiles/path_ops_tests.dir/path_ops_test.cpp.o[0m
[39.811s] [ 87%] [32m[1mLinking CXX executable path_ops_tests[0m
[40.033s] [ 87%] Built target path_ops_tests
[40.049s] [35m[1mScanning dependencies of target tf_help_tests[0m
[40.129s] [ 93%] [32mBuilding CXX object test/CMakeFiles/tf_help_tests.dir/tf_help_test.cpp.o[0m
[46.264s] [100%] [32m[1mLinking CXX executable tf_help_tests[0m
[46.581s] [100%] Built target tf_help_tests
[46.600s] Invoked command in '/home/ros2/ros2_learn/fishbot_ws/build/nav_2d_utils' returned '0': AMENT_PREFIX_PATH=/home/ros2/ros2_learn/fishbot_ws/install/nav2_util:/home/ros2/ros2_learn/fishbot_ws/install/nav2_msgs:/home/ros2/ros2_learn/fishbot_ws/install/nav_2d_msgs:/home/ros2/ros2_learn/fishbot_ws/install/nav2_common:${AMENT_PREFIX_PATH} CMAKE_PREFIX_PATH=/home/ros2/ros2_learn/fishbot_ws/install/nav2_util:/home/ros2/ros2_learn/fishbot_ws/install/nav2_msgs:/home/ros2/ros2_learn/fishbot_ws/install/nav_2d_msgs:/home/ros2/ros2_learn/fishbot_ws/install/nav2_common:/opt/ros/galactic LD_LIBRARY_PATH=/home/ros2/ros2_learn/fishbot_ws/install/nav2_util/lib:/home/ros2/ros2_learn/fishbot_ws/install/nav2_msgs/lib:/home/ros2/ros2_learn/fishbot_ws/install/nav_2d_msgs/lib:${LD_LIBRARY_PATH} PYTHONPATH=/home/ros2/ros2_learn/fishbot_ws/install/nav2_msgs/lib/python3.8/site-packages:/home/ros2/ros2_learn/fishbot_ws/install/nav_2d_msgs/lib/python3.8/site-packages:/home/ros2/ros2_learn/fishbot_ws/install/nav2_common/lib/python3.8/site-packages:${PYTHONPATH} /usr/bin/cmake --build /home/ros2/ros2_learn/fishbot_ws/build/nav_2d_utils -- -j4 -l4
[46.670s] Invoking command in '/home/ros2/ros2_learn/fishbot_ws/build/nav_2d_utils': AMENT_PREFIX_PATH=/home/ros2/ros2_learn/fishbot_ws/install/nav2_util:/home/ros2/ros2_learn/fishbot_ws/install/nav2_msgs:/home/ros2/ros2_learn/fishbot_ws/install/nav_2d_msgs:/home/ros2/ros2_learn/fishbot_ws/install/nav2_common:${AMENT_PREFIX_PATH} CMAKE_PREFIX_PATH=/home/ros2/ros2_learn/fishbot_ws/install/nav2_util:/home/ros2/ros2_learn/fishbot_ws/install/nav2_msgs:/home/ros2/ros2_learn/fishbot_ws/install/nav_2d_msgs:/home/ros2/ros2_learn/fishbot_ws/install/nav2_common:/opt/ros/galactic LD_LIBRARY_PATH=/home/ros2/ros2_learn/fishbot_ws/install/nav2_util/lib:/home/ros2/ros2_learn/fishbot_ws/install/nav2_msgs/lib:/home/ros2/ros2_learn/fishbot_ws/install/nav_2d_msgs/lib:${LD_LIBRARY_PATH} PYTHONPATH=/home/ros2/ros2_learn/fishbot_ws/install/nav2_msgs/lib/python3.8/site-packages:/home/ros2/ros2_learn/fishbot_ws/install/nav_2d_msgs/lib/python3.8/site-packages:/home/ros2/ros2_learn/fishbot_ws/install/nav2_common/lib/python3.8/site-packages:${PYTHONPATH} /usr/bin/cmake --install /home/ros2/ros2_learn/fishbot_ws/build/nav_2d_utils
[46.684s] -- Install configuration: "Release"
[46.684s] -- Installing: /home/ros2/ros2_learn/fishbot_ws/install/nav_2d_utils/lib/libconversions.so
[46.684s] -- Set runtime path of "/home/ros2/ros2_learn/fishbot_ws/install/nav_2d_utils/lib/libconversions.so" to ""
[46.685s] -- Installing: /home/ros2/ros2_learn/fishbot_ws/install/nav_2d_utils/lib/libpath_ops.so
[46.685s] -- Set runtime path of "/home/ros2/ros2_learn/fishbot_ws/install/nav_2d_utils/lib/libpath_ops.so" to ""
[46.685s] -- Installing: /home/ros2/ros2_learn/fishbot_ws/install/nav_2d_utils/lib/libtf_help.so
[46.686s] -- Set runtime path of "/home/ros2/ros2_learn/fishbot_ws/install/nav_2d_utils/lib/libtf_help.so" to ""
[46.686s] -- Installing: /home/ros2/ros2_learn/fishbot_ws/install/nav_2d_utils/include/
[46.686s] -- Installing: /home/ros2/ros2_learn/fishbot_ws/install/nav_2d_utils/include//nav_2d_utils
[46.686s] -- Installing: /home/ros2/ros2_learn/fishbot_ws/install/nav_2d_utils/include//nav_2d_utils/tf_help.hpp
[46.686s] -- Installing: /home/ros2/ros2_learn/fishbot_ws/install/nav_2d_utils/include//nav_2d_utils/path_ops.hpp
[46.686s] -- Installing: /home/ros2/ros2_learn/fishbot_ws/install/nav_2d_utils/include//nav_2d_utils/odom_subscriber.hpp
[46.687s] -- Installing: /home/ros2/ros2_learn/fishbot_ws/install/nav_2d_utils/include//nav_2d_utils/parameters.hpp
[46.688s] -- Installing: /home/ros2/ros2_learn/fishbot_ws/install/nav_2d_utils/include//nav_2d_utils/conversions.hpp
[46.688s] -- Installing: /home/ros2/ros2_learn/fishbot_ws/install/nav_2d_utils/share/nav_2d_utils/environment/library_path.sh
[46.688s] -- Installing: /home/ros2/ros2_learn/fishbot_ws/install/nav_2d_utils/share/nav_2d_utils/environment/library_path.dsv
[46.688s] -- Installing: /home/ros2/ros2_learn/fishbot_ws/install/nav_2d_utils/share/ament_index/resource_index/package_run_dependencies/nav_2d_utils
[46.689s] -- Installing: /home/ros2/ros2_learn/fishbot_ws/install/nav_2d_utils/share/ament_index/resource_index/parent_prefix_path/nav_2d_utils
[46.689s] -- Installing: /home/ros2/ros2_learn/fishbot_ws/install/nav_2d_utils/share/nav_2d_utils/environment/ament_prefix_path.sh
[46.689s] -- Installing: /home/ros2/ros2_learn/fishbot_ws/install/nav_2d_utils/share/nav_2d_utils/environment/ament_prefix_path.dsv
[46.689s] -- Installing: /home/ros2/ros2_learn/fishbot_ws/install/nav_2d_utils/share/nav_2d_utils/environment/path.sh
[46.689s] -- Installing: /home/ros2/ros2_learn/fishbot_ws/install/nav_2d_utils/share/nav_2d_utils/environment/path.dsv
[46.690s] -- Installing: /home/ros2/ros2_learn/fishbot_ws/install/nav_2d_utils/share/nav_2d_utils/local_setup.bash
[46.690s] -- Installing: /home/ros2/ros2_learn/fishbot_ws/install/nav_2d_utils/share/nav_2d_utils/local_setup.sh
[46.690s] -- Installing: /home/ros2/ros2_learn/fishbot_ws/install/nav_2d_utils/share/nav_2d_utils/local_setup.zsh
[46.690s] -- Installing: /home/ros2/ros2_learn/fishbot_ws/install/nav_2d_utils/share/nav_2d_utils/local_setup.dsv
[46.690s] -- Installing: /home/ros2/ros2_learn/fishbot_ws/install/nav_2d_utils/share/nav_2d_utils/package.dsv
[46.690s] -- Installing: /home/ros2/ros2_learn/fishbot_ws/install/nav_2d_utils/share/ament_index/resource_index/packages/nav_2d_utils
[46.691s] -- Installing: /home/ros2/ros2_learn/fishbot_ws/install/nav_2d_utils/share/nav_2d_utils/cmake/ament_cmake_export_include_directories-extras.cmake
[46.691s] -- Installing: /home/ros2/ros2_learn/fishbot_ws/install/nav_2d_utils/share/nav_2d_utils/cmake/ament_cmake_export_libraries-extras.cmake
[46.691s] -- Installing: /home/ros2/ros2_learn/fishbot_ws/install/nav_2d_utils/share/nav_2d_utils/cmake/ament_cmake_export_dependencies-extras.cmake
[46.692s] -- Installing: /home/ros2/ros2_learn/fishbot_ws/install/nav_2d_utils/share/nav_2d_utils/cmake/nav_2d_utilsConfig.cmake
[46.692s] -- Installing: /home/ros2/ros2_learn/fishbot_ws/install/nav_2d_utils/share/nav_2d_utils/cmake/nav_2d_utilsConfig-version.cmake
[46.692s] -- Installing: /home/ros2/ros2_learn/fishbot_ws/install/nav_2d_utils/share/nav_2d_utils/package.xml
[46.695s] Invoked command in '/home/ros2/ros2_learn/fishbot_ws/build/nav_2d_utils' returned '0': AMENT_PREFIX_PATH=/home/ros2/ros2_learn/fishbot_ws/install/nav2_util:/home/ros2/ros2_learn/fishbot_ws/install/nav2_msgs:/home/ros2/ros2_learn/fishbot_ws/install/nav_2d_msgs:/home/ros2/ros2_learn/fishbot_ws/install/nav2_common:${AMENT_PREFIX_PATH} CMAKE_PREFIX_PATH=/home/ros2/ros2_learn/fishbot_ws/install/nav2_util:/home/ros2/ros2_learn/fishbot_ws/install/nav2_msgs:/home/ros2/ros2_learn/fishbot_ws/install/nav_2d_msgs:/home/ros2/ros2_learn/fishbot_ws/install/nav2_common:/opt/ros/galactic LD_LIBRARY_PATH=/home/ros2/ros2_learn/fishbot_ws/install/nav2_util/lib:/home/ros2/ros2_learn/fishbot_ws/install/nav2_msgs/lib:/home/ros2/ros2_learn/fishbot_ws/install/nav_2d_msgs/lib:${LD_LIBRARY_PATH} PYTHONPATH=/home/ros2/ros2_learn/fishbot_ws/install/nav2_msgs/lib/python3.8/site-packages:/home/ros2/ros2_learn/fishbot_ws/install/nav_2d_msgs/lib/python3.8/site-packages:/home/ros2/ros2_learn/fishbot_ws/install/nav2_common/lib/python3.8/site-packages:${PYTHONPATH} /usr/bin/cmake --install /home/ros2/ros2_learn/fishbot_ws/build/nav_2d_utils
