-- The C compiler identification is GNU 9.4.0
-- The CXX compiler identification is GNU 9.4.0
-- Check for working C compiler: /usr/bin/cc
-- Check for working C compiler: /usr/bin/cc -- works
-- Detecting C compiler ABI info
-- Detecting C compiler ABI info - done
-- Detecting C compile features
-- Detecting C compile features - done
-- Check for working CXX compiler: /usr/bin/c++
-- Check for working CXX compiler: /usr/bin/c++ -- works
-- Detecting CXX compiler ABI info
-- Detecting CXX compiler ABI info - done
-- Detecting CXX compile features
-- Detecting CXX compile features - done
-- No CMAKE_CXX_STANDARD set, assuming 11
-- Looking for pthread.h
-- Looking for pthread.h - found
-- Performing Test CMAKE_HAVE_LIBC_PTHREAD
-- Performing Test CMAKE_HAVE_LIBC_PTHREAD - Failed
-- Looking for pthread_create in pthreads
-- Looking for pthread_create in pthreads - not found
-- Looking for pthread_create in pthread
-- Looking for pthread_create in pthread - found
-- Found Threads: TRUE  
-- Configuring done
-- Generating done
-- Build files have been written to: /home/ros2/ros2_learn/cartoros2_ws/build/absl
[35m[1mScanning dependencies of target civil_time[0m
[35m[1mScanning dependencies of target spinlock_wait[0m
[35m[1mScanning dependencies of target dynamic_annotations[0m
[  1%] [32mBuilding CXX object absl/time/CMakeFiles/civil_time.dir/internal/cctz/src/civil_time_detail.cc.o[0m
[  2%] [32mBuilding CXX object absl/base/CMakeFiles/dynamic_annotations.dir/dynamic_annotations.cc.o[0m
[  3%] [32mBuilding CXX object absl/base/CMakeFiles/spinlock_wait.dir/internal/spinlock_wait.cc.o[0m
[  4%] [32m[1mLinking CXX static library libabsl_dynamic_annotations.a[0m
[  4%] Built target dynamic_annotations
[  5%] [32m[1mLinking CXX static library libabsl_spinlock_wait.a[0m
[  5%] Built target spinlock_wait
[  6%] [32m[1mLinking CXX static library libabsl_civil_time.a[0m
[  6%] Built target civil_time
[35m[1mScanning dependencies of target time_zone[0m
[  7%] [32mBuilding CXX object absl/time/CMakeFiles/time_zone.dir/internal/cctz/src/time_zone_fixed.cc.o[0m
[  8%] [32mBuilding CXX object absl/time/CMakeFiles/time_zone.dir/internal/cctz/src/time_zone_format.cc.o[0m
[  9%] [32mBuilding CXX object absl/time/CMakeFiles/time_zone.dir/internal/cctz/src/time_zone_if.cc.o[0m
[ 10%] [32mBuilding CXX object absl/time/CMakeFiles/time_zone.dir/internal/cctz/src/time_zone_impl.cc.o[0m
[ 11%] [32mBuilding CXX object absl/time/CMakeFiles/time_zone.dir/internal/cctz/src/time_zone_info.cc.o[0m
[ 12%] [32mBuilding CXX object absl/time/CMakeFiles/time_zone.dir/internal/cctz/src/time_zone_libc.cc.o[0m
[ 13%] [32mBuilding CXX object absl/time/CMakeFiles/time_zone.dir/internal/cctz/src/time_zone_lookup.cc.o[0m
[ 14%] [32mBuilding CXX object absl/time/CMakeFiles/time_zone.dir/internal/cctz/src/time_zone_posix.cc.o[0m
[ 15%] [32mBuilding CXX object absl/time/CMakeFiles/time_zone.dir/internal/cctz/src/zone_info_source.cc.o[0m
[ 16%] [32m[1mLinking CXX static library libabsl_time_zone.a[0m
[ 16%] Built target time_zone
[35m[1mScanning dependencies of target leak_check[0m
[ 17%] [32mBuilding CXX object absl/debugging/CMakeFiles/leak_check.dir/leak_check.cc.o[0m
[ 18%] [32m[1mLinking CXX static library libabsl_leak_check.a[0m
[ 18%] Built target leak_check
[35m[1mScanning dependencies of target leak_check_disable[0m
[ 19%] [32mBuilding CXX object absl/debugging/CMakeFiles/leak_check_disable.dir/leak_check_disable.cc.o[0m
[ 19%] [32m[1mLinking CXX static library libabsl_leak_check_disable.a[0m
[ 19%] Built target leak_check_disable
[35m[1mScanning dependencies of target city[0m
[ 20%] [32mBuilding CXX object absl/hash/CMakeFiles/city.dir/internal/city.cc.o[0m
[ 21%] [32m[1mLinking CXX static library libabsl_city.a[0m
[ 21%] Built target city
[35m[1mScanning dependencies of target base[0m
[ 22%] [32mBuilding CXX object absl/base/CMakeFiles/base.dir/internal/cycleclock.cc.o[0m
[ 23%] [32mBuilding CXX object absl/base/CMakeFiles/base.dir/internal/raw_logging.cc.o[0m
[ 24%] [32mBuilding CXX object absl/base/CMakeFiles/base.dir/internal/spinlock.cc.o[0m
[ 25%] [32mBuilding CXX object absl/base/CMakeFiles/base.dir/internal/sysinfo.cc.o[0m
[ 26%] [32mBuilding CXX object absl/base/CMakeFiles/base.dir/internal/thread_identity.cc.o[0m
[ 27%] [32mBuilding CXX object absl/base/CMakeFiles/base.dir/internal/unscaledcycleclock.cc.o[0m
[ 28%] [32mBuilding CXX object absl/base/CMakeFiles/base.dir/log_severity.cc.o[0m
[ 29%] [32m[1mLinking CXX static library libabsl_base.a[0m
[ 29%] Built target base
[35m[1mScanning dependencies of target strings_internal[0m
[ 30%] [32mBuilding CXX object absl/strings/CMakeFiles/strings_internal.dir/internal/ostringstream.cc.o[0m
[ 31%] [32mBuilding CXX object absl/strings/CMakeFiles/strings_internal.dir/internal/utf8.cc.o[0m
[ 32%] [32m[1mLinking CXX static library libabsl_strings_internal.a[0m
[ 32%] Built target strings_internal
[35m[1mScanning dependencies of target throw_delegate[0m
[ 33%] [32mBuilding CXX object absl/base/CMakeFiles/throw_delegate.dir/internal/throw_delegate.cc.o[0m
[ 34%] [32m[1mLinking CXX static library libabsl_throw_delegate.a[0m
[ 34%] Built target throw_delegate
[35m[1mScanning dependencies of target scoped_set_env[0m
[ 35%] [32mBuilding CXX object absl/base/CMakeFiles/scoped_set_env.dir/internal/scoped_set_env.cc.o[0m
[ 36%] [32m[1mLinking CXX static library libabsl_scoped_set_env.a[0m
[ 36%] Built target scoped_set_env
[35m[1mScanning dependencies of target bad_optional_access[0m
[ 37%] [32mBuilding CXX object absl/types/CMakeFiles/bad_optional_access.dir/bad_optional_access.cc.o[0m
[ 38%] [32m[1mLinking CXX static library libabsl_bad_optional_access.a[0m
[ 38%] Built target bad_optional_access
[35m[1mScanning dependencies of target debugging_internal[0m
[ 39%] [32mBuilding CXX object absl/debugging/CMakeFiles/debugging_internal.dir/internal/address_is_readable.cc.o[0m
[ 40%] [32mBuilding CXX object absl/debugging/CMakeFiles/debugging_internal.dir/internal/elf_mem_image.cc.o[0m
[ 41%] [32mBuilding CXX object absl/debugging/CMakeFiles/debugging_internal.dir/internal/vdso_support.cc.o[0m
[ 41%] [32m[1mLinking CXX static library libabsl_debugging_internal.a[0m
[ 41%] Built target debugging_internal
[35m[1mScanning dependencies of target demangle_internal[0m
[ 42%] [32mBuilding CXX object absl/debugging/CMakeFiles/demangle_internal.dir/internal/demangle.cc.o[0m
[ 43%] [32m[1mLinking CXX static library libabsl_demangle_internal.a[0m
[ 43%] Built target demangle_internal
[35m[1mScanning dependencies of target bad_variant_access[0m
[ 44%] [32mBuilding CXX object absl/types/CMakeFiles/bad_variant_access.dir/bad_variant_access.cc.o[0m
[ 45%] [32m[1mLinking CXX static library libabsl_bad_variant_access.a[0m
[ 45%] Built target bad_variant_access
[35m[1mScanning dependencies of target bad_any_cast_impl[0m
[ 45%] [32mBuilding CXX object absl/types/CMakeFiles/bad_any_cast_impl.dir/bad_any_cast.cc.o[0m
[ 46%] [32m[1mLinking CXX static library libabsl_bad_any_cast_impl.a[0m
[ 46%] Built target bad_any_cast_impl
[35m[1mScanning dependencies of target stacktrace[0m
[ 47%] [32mBuilding CXX object absl/debugging/CMakeFiles/stacktrace.dir/stacktrace.cc.o[0m
[ 48%] [32m[1mLinking CXX static library libabsl_stacktrace.a[0m
[ 48%] Built target stacktrace
[35m[1mScanning dependencies of target malloc_internal[0m
[ 49%] [32mBuilding CXX object absl/base/CMakeFiles/malloc_internal.dir/internal/low_level_alloc.cc.o[0m
[ 50%] [32m[1mLinking CXX static library libabsl_malloc_internal.a[0m
[ 50%] Built target malloc_internal
[35m[1mScanning dependencies of target int128[0m
[ 51%] [32mBuilding CXX object absl/numeric/CMakeFiles/int128.dir/int128.cc.o[0m
[ 52%] [32m[1mLinking CXX static library libabsl_int128.a[0m
[ 52%] Built target int128
[35m[1mScanning dependencies of target graphcycles_internal[0m
[ 53%] [32mBuilding CXX object absl/synchronization/CMakeFiles/graphcycles_internal.dir/internal/graphcycles.cc.o[0m
[ 54%] [32m[1mLinking CXX static library libabsl_graphcycles_internal.a[0m
[ 54%] Built target graphcycles_internal
[35m[1mScanning dependencies of target strings[0m
[ 55%] [32mBuilding CXX object absl/strings/CMakeFiles/strings.dir/ascii.cc.o[0m
[ 56%] [32mBuilding CXX object absl/strings/CMakeFiles/strings.dir/escaping.cc.o[0m
[ 56%] [32mBuilding CXX object absl/strings/CMakeFiles/strings.dir/internal/charconv_bigint.cc.o[0m
[ 57%] [32mBuilding CXX object absl/strings/CMakeFiles/strings.dir/internal/charconv_parse.cc.o[0m
[ 58%] [32mBuilding CXX object absl/strings/CMakeFiles/strings.dir/internal/memutil.cc.o[0m
[ 59%] [32mBuilding CXX object absl/strings/CMakeFiles/strings.dir/match.cc.o[0m
[ 60%] [32mBuilding CXX object absl/strings/CMakeFiles/strings.dir/numbers.cc.o[0m
[ 61%] [32mBuilding CXX object absl/strings/CMakeFiles/strings.dir/str_cat.cc.o[0m
[ 62%] [32mBuilding CXX object absl/strings/CMakeFiles/strings.dir/str_replace.cc.o[0m
[ 63%] [32mBuilding CXX object absl/strings/CMakeFiles/strings.dir/str_split.cc.o[0m
[ 64%] [32mBuilding CXX object absl/strings/CMakeFiles/strings.dir/string_view.cc.o[0m
[ 65%] [32mBuilding CXX object absl/strings/CMakeFiles/strings.dir/substitute.cc.o[0m
[ 66%] [32mBuilding CXX object absl/strings/CMakeFiles/strings.dir/charconv.cc.o[0m
[ 67%] [32m[1mLinking CXX static library libabsl_strings.a[0m
[ 67%] Built target strings
[35m[1mScanning dependencies of target symbolize[0m
[ 68%] [32mBuilding CXX object absl/debugging/CMakeFiles/symbolize.dir/symbolize.cc.o[0m
[ 69%] [32m[1mLinking CXX static library libabsl_symbolize.a[0m
[ 69%] Built target symbolize
[35m[1mScanning dependencies of target str_format_internal[0m
[ 70%] [32mBuilding CXX object absl/strings/CMakeFiles/str_format_internal.dir/internal/str_format/arg.cc.o[0m
[ 71%] [32mBuilding CXX object absl/strings/CMakeFiles/str_format_internal.dir/internal/str_format/bind.cc.o[0m
[ 72%] [32mBuilding CXX object absl/strings/CMakeFiles/str_format_internal.dir/internal/str_format/extension.cc.o[0m
[ 73%] [32mBuilding CXX object absl/strings/CMakeFiles/str_format_internal.dir/internal/str_format/float_conversion.cc.o[0m
[ 74%] [32mBuilding CXX object absl/strings/CMakeFiles/str_format_internal.dir/internal/str_format/output.cc.o[0m
[ 75%] [32mBuilding CXX object absl/strings/CMakeFiles/str_format_internal.dir/internal/str_format/parser.cc.o[0m
[ 76%] [32m[1mLinking CXX static library libabsl_str_format_internal.a[0m
[ 76%] Built target str_format_internal
[35m[1mScanning dependencies of target examine_stack[0m
[ 77%] [32mBuilding CXX object absl/debugging/CMakeFiles/examine_stack.dir/internal/examine_stack.cc.o[0m
[ 78%] [32m[1mLinking CXX static library libabsl_examine_stack.a[0m
[ 78%] Built target examine_stack
[35m[1mScanning dependencies of target hash[0m
[ 79%] [32mBuilding CXX object absl/hash/CMakeFiles/hash.dir/internal/hash.cc.o[0m
[ 80%] [32m[1mLinking CXX static library libabsl_hash.a[0m
[ 80%] Built target hash
[35m[1mScanning dependencies of target failure_signal_handler[0m
[ 81%] [32mBuilding CXX object absl/debugging/CMakeFiles/failure_signal_handler.dir/failure_signal_handler.cc.o[0m
[ 82%] [32m[1mLinking CXX static library libabsl_failure_signal_handler.a[0m
[ 82%] Built target failure_signal_handler
[35m[1mScanning dependencies of target time[0m
[ 83%] [32mBuilding CXX object absl/time/CMakeFiles/time.dir/civil_time.cc.o[0m
[ 84%] [32mBuilding CXX object absl/time/CMakeFiles/time.dir/format.cc.o[0m
[ 85%] [32mBuilding CXX object absl/time/CMakeFiles/time.dir/time.cc.o[0m
[ 86%] [32mBuilding CXX object absl/time/CMakeFiles/time.dir/duration.cc.o[0m
[ 87%] [32mBuilding CXX object absl/time/CMakeFiles/time.dir/clock.cc.o[0m
[ 88%] [32m[1mLinking CXX static library libabsl_time.a[0m
[ 88%] Built target time
[35m[1mScanning dependencies of target synchronization[0m
[ 89%] [32mBuilding CXX object absl/synchronization/CMakeFiles/synchronization.dir/barrier.cc.o[0m
[ 90%] [32mBuilding CXX object absl/synchronization/CMakeFiles/synchronization.dir/internal/per_thread_sem.cc.o[0m
[ 91%] [32mBuilding CXX object absl/synchronization/CMakeFiles/synchronization.dir/internal/waiter.cc.o[0m
[ 91%] [32mBuilding CXX object absl/synchronization/CMakeFiles/synchronization.dir/notification.cc.o[0m
[ 92%] [32mBuilding CXX object absl/synchronization/CMakeFiles/synchronization.dir/mutex.cc.o[0m
[ 93%] [32mBuilding CXX object absl/synchronization/CMakeFiles/synchronization.dir/internal/create_thread_identity.cc.o[0m
[ 94%] [32mBuilding CXX object absl/synchronization/CMakeFiles/synchronization.dir/blocking_counter.cc.o[0m
[ 95%] [32m[1mLinking CXX static library libabsl_synchronization.a[0m
[ 95%] Built target synchronization
[35m[1mScanning dependencies of target hashtablez_sampler[0m
[ 96%] [32mBuilding CXX object absl/container/CMakeFiles/hashtablez_sampler.dir/internal/hashtablez_sampler.cc.o[0m
[ 97%] [32mBuilding CXX object absl/container/CMakeFiles/hashtablez_sampler.dir/internal/hashtablez_sampler_force_weak_definition.cc.o[0m
[ 98%] [32m[1mLinking CXX static library libabsl_hashtablez_sampler.a[0m
[ 98%] Built target hashtablez_sampler
[35m[1mScanning dependencies of target raw_hash_set[0m
[ 99%] [32mBuilding CXX object absl/container/CMakeFiles/raw_hash_set.dir/internal/raw_hash_set.cc.o[0m
[100%] [32m[1mLinking CXX static library libabsl_raw_hash_set.a[0m
[100%] Built target raw_hash_set
-- Install configuration: ""
-- Installing: /home/ros2/ros2_learn/cartoros2_ws/install/absl/lib/cmake/absl/abslTargets.cmake
-- Installing: /home/ros2/ros2_learn/cartoros2_ws/install/absl/lib/cmake/absl/abslTargets-noconfig.cmake
-- Installing: /home/ros2/ros2_learn/cartoros2_ws/install/absl/lib/cmake/absl/abslConfig.cmake
-- Installing: /home/ros2/ros2_learn/cartoros2_ws/install/absl/include/absl
-- Installing: /home/ros2/ros2_learn/cartoros2_ws/install/absl/include/absl/strings
-- Installing: /home/ros2/ros2_learn/cartoros2_ws/install/absl/include/absl/strings/internal
-- Installing: /home/ros2/ros2_learn/cartoros2_ws/install/absl/include/absl/strings/internal/charconv_bigint.h
-- Installing: /home/ros2/ros2_learn/cartoros2_ws/install/absl/include/absl/strings/internal/escaping_test_common.h
-- Installing: /home/ros2/ros2_learn/cartoros2_ws/install/absl/include/absl/strings/internal/ostringstream.h
-- Installing: /home/ros2/ros2_learn/cartoros2_ws/install/absl/include/absl/strings/internal/stl_type_traits.h
-- Installing: /home/ros2/ros2_learn/cartoros2_ws/install/absl/include/absl/strings/internal/numbers_test_common.h
-- Installing: /home/ros2/ros2_learn/cartoros2_ws/install/absl/include/absl/strings/internal/char_map.h
-- Installing: /home/ros2/ros2_learn/cartoros2_ws/install/absl/include/absl/strings/internal/str_split_internal.h
-- Installing: /home/ros2/ros2_learn/cartoros2_ws/install/absl/include/absl/strings/internal/pow10_helper.h
-- Installing: /home/ros2/ros2_learn/cartoros2_ws/install/absl/include/absl/strings/internal/memutil.h
-- Installing: /home/ros2/ros2_learn/cartoros2_ws/install/absl/include/absl/strings/internal/str_format
-- Installing: /home/ros2/ros2_learn/cartoros2_ws/install/absl/include/absl/strings/internal/str_format/float_conversion.h
-- Installing: /home/ros2/ros2_learn/cartoros2_ws/install/absl/include/absl/strings/internal/str_format/bind.h
-- Installing: /home/ros2/ros2_learn/cartoros2_ws/install/absl/include/absl/strings/internal/str_format/output.h
-- Installing: /home/ros2/ros2_learn/cartoros2_ws/install/absl/include/absl/strings/internal/str_format/extension.h
-- Installing: /home/ros2/ros2_learn/cartoros2_ws/install/absl/include/absl/strings/internal/str_format/arg.h
-- Installing: /home/ros2/ros2_learn/cartoros2_ws/install/absl/include/absl/strings/internal/str_format/parser.h
-- Installing: /home/ros2/ros2_learn/cartoros2_ws/install/absl/include/absl/strings/internal/str_format/checker.h
-- Installing: /home/ros2/ros2_learn/cartoros2_ws/install/absl/include/absl/strings/internal/str_join_internal.h
-- Installing: /home/ros2/ros2_learn/cartoros2_ws/install/absl/include/absl/strings/internal/utf8.h
-- Installing: /home/ros2/ros2_learn/cartoros2_ws/install/absl/include/absl/strings/internal/resize_uninitialized.h
-- Installing: /home/ros2/ros2_learn/cartoros2_ws/install/absl/include/absl/strings/internal/charconv_parse.h
-- Installing: /home/ros2/ros2_learn/cartoros2_ws/install/absl/include/absl/strings/str_replace.h
-- Installing: /home/ros2/ros2_learn/cartoros2_ws/install/absl/include/absl/strings/ascii.h
-- Installing: /home/ros2/ros2_learn/cartoros2_ws/install/absl/include/absl/strings/numbers.h
-- Installing: /home/ros2/ros2_learn/cartoros2_ws/install/absl/include/absl/strings/str_cat.h
-- Installing: /home/ros2/ros2_learn/cartoros2_ws/install/absl/include/absl/strings/match.h
-- Installing: /home/ros2/ros2_learn/cartoros2_ws/install/absl/include/absl/strings/str_format.h
-- Installing: /home/ros2/ros2_learn/cartoros2_ws/install/absl/include/absl/strings/string_view.h
-- Installing: /home/ros2/ros2_learn/cartoros2_ws/install/absl/include/absl/strings/escaping.h
-- Installing: /home/ros2/ros2_learn/cartoros2_ws/install/absl/include/absl/strings/testdata
-- Installing: /home/ros2/ros2_learn/cartoros2_ws/install/absl/include/absl/strings/str_join.h
-- Installing: /home/ros2/ros2_learn/cartoros2_ws/install/absl/include/absl/strings/str_split.h
-- Installing: /home/ros2/ros2_learn/cartoros2_ws/install/absl/include/absl/strings/strip.h
-- Installing: /home/ros2/ros2_learn/cartoros2_ws/install/absl/include/absl/strings/substitute.h
-- Installing: /home/ros2/ros2_learn/cartoros2_ws/install/absl/include/absl/strings/charconv.h
-- Installing: /home/ros2/ros2_learn/cartoros2_ws/install/absl/include/absl/algorithm
-- Installing: /home/ros2/ros2_learn/cartoros2_ws/install/absl/include/absl/algorithm/container.h
-- Installing: /home/ros2/ros2_learn/cartoros2_ws/install/absl/include/absl/algorithm/algorithm.h
-- Installing: /home/ros2/ros2_learn/cartoros2_ws/install/absl/include/absl/base
-- Installing: /home/ros2/ros2_learn/cartoros2_ws/install/absl/include/absl/base/config.h
-- Installing: /home/ros2/ros2_learn/cartoros2_ws/install/absl/include/absl/base/internal
-- Installing: /home/ros2/ros2_learn/cartoros2_ws/install/absl/include/absl/base/internal/tsan_mutex_interface.h
-- Installing: /home/ros2/ros2_learn/cartoros2_ws/install/absl/include/absl/base/internal/spinlock_akaros.inc
-- Installing: /home/ros2/ros2_learn/cartoros2_ws/install/absl/include/absl/base/internal/spinlock_linux.inc
-- Installing: /home/ros2/ros2_learn/cartoros2_ws/install/absl/include/absl/base/internal/raw_logging.h
-- Installing: /home/ros2/ros2_learn/cartoros2_ws/install/absl/include/absl/base/internal/low_level_scheduling.h
-- Installing: /home/ros2/ros2_learn/cartoros2_ws/install/absl/include/absl/base/internal/low_level_alloc.h
-- Installing: /home/ros2/ros2_learn/cartoros2_ws/install/absl/include/absl/base/internal/cycleclock.h
-- Installing: /home/ros2/ros2_learn/cartoros2_ws/install/absl/include/absl/base/internal/spinlock.h
-- Installing: /home/ros2/ros2_learn/cartoros2_ws/install/absl/include/absl/base/internal/throw_delegate.h
-- Installing: /home/ros2/ros2_learn/cartoros2_ws/install/absl/include/absl/base/internal/exception_testing.h
-- Installing: /home/ros2/ros2_learn/cartoros2_ws/install/absl/include/absl/base/internal/spinlock_win32.inc
-- Installing: /home/ros2/ros2_learn/cartoros2_ws/install/absl/include/absl/base/internal/direct_mmap.h
-- Installing: /home/ros2/ros2_learn/cartoros2_ws/install/absl/include/absl/base/internal/endian.h
-- Installing: /home/ros2/ros2_learn/cartoros2_ws/install/absl/include/absl/base/internal/atomic_hook.h
-- Installing: /home/ros2/ros2_learn/cartoros2_ws/install/absl/include/absl/base/internal/exception_safety_testing.h
-- Installing: /home/ros2/ros2_learn/cartoros2_ws/install/absl/include/absl/base/internal/inline_variable.h
-- Installing: /home/ros2/ros2_learn/cartoros2_ws/install/absl/include/absl/base/internal/identity.h
-- Installing: /home/ros2/ros2_learn/cartoros2_ws/install/absl/include/absl/base/internal/unscaledcycleclock.h
-- Installing: /home/ros2/ros2_learn/cartoros2_ws/install/absl/include/absl/base/internal/thread_identity.h
-- Installing: /home/ros2/ros2_learn/cartoros2_ws/install/absl/include/absl/base/internal/spinlock_posix.inc
-- Installing: /home/ros2/ros2_learn/cartoros2_ws/install/absl/include/absl/base/internal/bits.h
-- Installing: /home/ros2/ros2_learn/cartoros2_ws/install/absl/include/absl/base/internal/spinlock_wait.h
-- Installing: /home/ros2/ros2_learn/cartoros2_ws/install/absl/include/absl/base/internal/unaligned_access.h
-- Installing: /home/ros2/ros2_learn/cartoros2_ws/install/absl/include/absl/base/internal/scheduling_mode.h
-- Installing: /home/ros2/ros2_learn/cartoros2_ws/install/absl/include/absl/base/internal/scoped_set_env.h
-- Installing: /home/ros2/ros2_learn/cartoros2_ws/install/absl/include/absl/base/internal/invoke.h
-- Installing: /home/ros2/ros2_learn/cartoros2_ws/install/absl/include/absl/base/internal/per_thread_tls.h
-- Installing: /home/ros2/ros2_learn/cartoros2_ws/install/absl/include/absl/base/internal/sysinfo.h
-- Installing: /home/ros2/ros2_learn/cartoros2_ws/install/absl/include/absl/base/internal/hide_ptr.h
-- Installing: /home/ros2/ros2_learn/cartoros2_ws/install/absl/include/absl/base/internal/inline_variable_testing.h
-- Installing: /home/ros2/ros2_learn/cartoros2_ws/install/absl/include/absl/base/internal/pretty_function.h
-- Installing: /home/ros2/ros2_learn/cartoros2_ws/install/absl/include/absl/base/macros.h
-- Installing: /home/ros2/ros2_learn/cartoros2_ws/install/absl/include/absl/base/dynamic_annotations.h
-- Installing: /home/ros2/ros2_learn/cartoros2_ws/install/absl/include/absl/base/casts.h
-- Installing: /home/ros2/ros2_learn/cartoros2_ws/install/absl/include/absl/base/thread_annotations.h
-- Installing: /home/ros2/ros2_learn/cartoros2_ws/install/absl/include/absl/base/attributes.h
-- Installing: /home/ros2/ros2_learn/cartoros2_ws/install/absl/include/absl/base/port.h
-- Installing: /home/ros2/ros2_learn/cartoros2_ws/install/absl/include/absl/base/policy_checks.h
-- Installing: /home/ros2/ros2_learn/cartoros2_ws/install/absl/include/absl/base/call_once.h
-- Installing: /home/ros2/ros2_learn/cartoros2_ws/install/absl/include/absl/base/log_severity.h
-- Installing: /home/ros2/ros2_learn/cartoros2_ws/install/absl/include/absl/base/const_init.h
-- Installing: /home/ros2/ros2_learn/cartoros2_ws/install/absl/include/absl/base/optimization.h
-- Installing: /home/ros2/ros2_learn/cartoros2_ws/install/absl/include/absl/memory
-- Installing: /home/ros2/ros2_learn/cartoros2_ws/install/absl/include/absl/memory/memory.h
-- Installing: /home/ros2/ros2_learn/cartoros2_ws/install/absl/include/absl/time
-- Installing: /home/ros2/ros2_learn/cartoros2_ws/install/absl/include/absl/time/internal
-- Installing: /home/ros2/ros2_learn/cartoros2_ws/install/absl/include/absl/time/internal/test_util.h
-- Installing: /home/ros2/ros2_learn/cartoros2_ws/install/absl/include/absl/time/internal/get_current_time_posix.inc
-- Installing: /home/ros2/ros2_learn/cartoros2_ws/install/absl/include/absl/time/internal/zoneinfo.inc
-- Installing: /home/ros2/ros2_learn/cartoros2_ws/install/absl/include/absl/time/internal/get_current_time_chrono.inc
-- Installing: /home/ros2/ros2_learn/cartoros2_ws/install/absl/include/absl/time/internal/cctz
-- Installing: /home/ros2/ros2_learn/cartoros2_ws/install/absl/include/absl/time/internal/cctz/src
-- Installing: /home/ros2/ros2_learn/cartoros2_ws/install/absl/include/absl/time/internal/cctz/src/time_zone_impl.h
-- Installing: /home/ros2/ros2_learn/cartoros2_ws/install/absl/include/absl/time/internal/cctz/src/time_zone_info.h
-- Installing: /home/ros2/ros2_learn/cartoros2_ws/install/absl/include/absl/time/internal/cctz/src/tzfile.h
-- Installing: /home/ros2/ros2_learn/cartoros2_ws/install/absl/include/absl/time/internal/cctz/src/time_zone_if.h
-- Installing: /home/ros2/ros2_learn/cartoros2_ws/install/absl/include/absl/time/internal/cctz/src/time_zone_fixed.h
-- Installing: /home/ros2/ros2_learn/cartoros2_ws/install/absl/include/absl/time/internal/cctz/src/time_zone_posix.h
-- Installing: /home/ros2/ros2_learn/cartoros2_ws/install/absl/include/absl/time/internal/cctz/src/time_zone_libc.h
-- Installing: /home/ros2/ros2_learn/cartoros2_ws/install/absl/include/absl/time/internal/cctz/testdata
-- Installing: /home/ros2/ros2_learn/cartoros2_ws/install/absl/include/absl/time/internal/cctz/testdata/zoneinfo
-- Installing: /home/ros2/ros2_learn/cartoros2_ws/install/absl/include/absl/time/internal/cctz/testdata/zoneinfo/Canada
-- Installing: /home/ros2/ros2_learn/cartoros2_ws/install/absl/include/absl/time/internal/cctz/testdata/zoneinfo/Australia
-- Installing: /home/ros2/ros2_learn/cartoros2_ws/install/absl/include/absl/time/internal/cctz/testdata/zoneinfo/Etc
-- Installing: /home/ros2/ros2_learn/cartoros2_ws/install/absl/include/absl/time/internal/cctz/testdata/zoneinfo/America
-- Installing: /home/ros2/ros2_learn/cartoros2_ws/install/absl/include/absl/time/internal/cctz/testdata/zoneinfo/America/Argentina
-- Installing: /home/ros2/ros2_learn/cartoros2_ws/install/absl/include/absl/time/internal/cctz/testdata/zoneinfo/America/North_Dakota
-- Installing: /home/ros2/ros2_learn/cartoros2_ws/install/absl/include/absl/time/internal/cctz/testdata/zoneinfo/America/Indiana
-- Installing: /home/ros2/ros2_learn/cartoros2_ws/install/absl/include/absl/time/internal/cctz/testdata/zoneinfo/America/Kentucky
-- Installing: /home/ros2/ros2_learn/cartoros2_ws/install/absl/include/absl/time/internal/cctz/testdata/zoneinfo/US
-- Installing: /home/ros2/ros2_learn/cartoros2_ws/install/absl/include/absl/time/internal/cctz/testdata/zoneinfo/Antarctica
-- Installing: /home/ros2/ros2_learn/cartoros2_ws/install/absl/include/absl/time/internal/cctz/testdata/zoneinfo/Mexico
-- Installing: /home/ros2/ros2_learn/cartoros2_ws/install/absl/include/absl/time/internal/cctz/testdata/zoneinfo/Atlantic
-- Installing: /home/ros2/ros2_learn/cartoros2_ws/install/absl/include/absl/time/internal/cctz/testdata/zoneinfo/Africa
-- Installing: /home/ros2/ros2_learn/cartoros2_ws/install/absl/include/absl/time/internal/cctz/testdata/zoneinfo/Asia
-- Installing: /home/ros2/ros2_learn/cartoros2_ws/install/absl/include/absl/time/internal/cctz/testdata/zoneinfo/Europe
-- Installing: /home/ros2/ros2_learn/cartoros2_ws/install/absl/include/absl/time/internal/cctz/testdata/zoneinfo/Brazil
-- Installing: /home/ros2/ros2_learn/cartoros2_ws/install/absl/include/absl/time/internal/cctz/testdata/zoneinfo/Chile
-- Installing: /home/ros2/ros2_learn/cartoros2_ws/install/absl/include/absl/time/internal/cctz/testdata/zoneinfo/Arctic
-- Installing: /home/ros2/ros2_learn/cartoros2_ws/install/absl/include/absl/time/internal/cctz/testdata/zoneinfo/Indian
-- Installing: /home/ros2/ros2_learn/cartoros2_ws/install/absl/include/absl/time/internal/cctz/testdata/zoneinfo/Pacific
-- Installing: /home/ros2/ros2_learn/cartoros2_ws/install/absl/include/absl/time/internal/cctz/include
-- Installing: /home/ros2/ros2_learn/cartoros2_ws/install/absl/include/absl/time/internal/cctz/include/cctz
-- Installing: /home/ros2/ros2_learn/cartoros2_ws/install/absl/include/absl/time/internal/cctz/include/cctz/time_zone.h
-- Installing: /home/ros2/ros2_learn/cartoros2_ws/install/absl/include/absl/time/internal/cctz/include/cctz/civil_time_detail.h
-- Installing: /home/ros2/ros2_learn/cartoros2_ws/install/absl/include/absl/time/internal/cctz/include/cctz/civil_time.h
-- Installing: /home/ros2/ros2_learn/cartoros2_ws/install/absl/include/absl/time/internal/cctz/include/cctz/zone_info_source.h
-- Installing: /home/ros2/ros2_learn/cartoros2_ws/install/absl/include/absl/time/civil_time.h
-- Installing: /home/ros2/ros2_learn/cartoros2_ws/install/absl/include/absl/time/time.h
-- Installing: /home/ros2/ros2_learn/cartoros2_ws/install/absl/include/absl/time/clock.h
-- Installing: /home/ros2/ros2_learn/cartoros2_ws/install/absl/include/absl/synchronization
-- Installing: /home/ros2/ros2_learn/cartoros2_ws/install/absl/include/absl/synchronization/internal
-- Installing: /home/ros2/ros2_learn/cartoros2_ws/install/absl/include/absl/synchronization/internal/thread_pool.h
-- Installing: /home/ros2/ros2_learn/cartoros2_ws/install/absl/include/absl/synchronization/internal/mutex_nonprod.inc
-- Installing: /home/ros2/ros2_learn/cartoros2_ws/install/absl/include/absl/synchronization/internal/per_thread_sem.h
-- Installing: /home/ros2/ros2_learn/cartoros2_ws/install/absl/include/absl/synchronization/internal/graphcycles.h
-- Installing: /home/ros2/ros2_learn/cartoros2_ws/install/absl/include/absl/synchronization/internal/create_thread_identity.h
-- Installing: /home/ros2/ros2_learn/cartoros2_ws/install/absl/include/absl/synchronization/internal/kernel_timeout.h
-- Installing: /home/ros2/ros2_learn/cartoros2_ws/install/absl/include/absl/synchronization/internal/waiter.h
-- Installing: /home/ros2/ros2_learn/cartoros2_ws/install/absl/include/absl/synchronization/barrier.h
-- Installing: /home/ros2/ros2_learn/cartoros2_ws/install/absl/include/absl/synchronization/notification.h
-- Installing: /home/ros2/ros2_learn/cartoros2_ws/install/absl/include/absl/synchronization/mutex.h
-- Installing: /home/ros2/ros2_learn/cartoros2_ws/install/absl/include/absl/synchronization/blocking_counter.h
-- Installing: /home/ros2/ros2_learn/cartoros2_ws/install/absl/include/absl/types
-- Installing: /home/ros2/ros2_learn/cartoros2_ws/install/absl/include/absl/types/internal
-- Installing: /home/ros2/ros2_learn/cartoros2_ws/install/absl/include/absl/types/internal/optional.h
-- Installing: /home/ros2/ros2_learn/cartoros2_ws/install/absl/include/absl/types/internal/span.h
-- Installing: /home/ros2/ros2_learn/cartoros2_ws/install/absl/include/absl/types/internal/variant.h
-- Installing: /home/ros2/ros2_learn/cartoros2_ws/install/absl/include/absl/types/optional.h
-- Installing: /home/ros2/ros2_learn/cartoros2_ws/install/absl/include/absl/types/bad_optional_access.h
-- Installing: /home/ros2/ros2_learn/cartoros2_ws/install/absl/include/absl/types/span.h
-- Installing: /home/ros2/ros2_learn/cartoros2_ws/install/absl/include/absl/types/variant.h
-- Installing: /home/ros2/ros2_learn/cartoros2_ws/install/absl/include/absl/types/any.h
-- Installing: /home/ros2/ros2_learn/cartoros2_ws/install/absl/include/absl/types/bad_any_cast.h
-- Installing: /home/ros2/ros2_learn/cartoros2_ws/install/absl/include/absl/types/bad_variant_access.h
-- Installing: /home/ros2/ros2_learn/cartoros2_ws/install/absl/include/absl/utility
-- Installing: /home/ros2/ros2_learn/cartoros2_ws/install/absl/include/absl/utility/utility.h
-- Installing: /home/ros2/ros2_learn/cartoros2_ws/install/absl/include/absl/copts
-- Installing: /home/ros2/ros2_learn/cartoros2_ws/install/absl/include/absl/container
-- Installing: /home/ros2/ros2_learn/cartoros2_ws/install/absl/include/absl/container/node_hash_set.h
-- Installing: /home/ros2/ros2_learn/cartoros2_ws/install/absl/include/absl/container/internal
-- Installing: /home/ros2/ros2_learn/cartoros2_ws/install/absl/include/absl/container/internal/counting_allocator.h
-- Installing: /home/ros2/ros2_learn/cartoros2_ws/install/absl/include/absl/container/internal/compressed_tuple.h
-- Installing: /home/ros2/ros2_learn/cartoros2_ws/install/absl/include/absl/container/internal/unordered_map_lookup_test.h
-- Installing: /home/ros2/ros2_learn/cartoros2_ws/install/absl/include/absl/container/internal/have_sse.h
-- Installing: /home/ros2/ros2_learn/cartoros2_ws/install/absl/include/absl/container/internal/hashtable_debug.h
-- Installing: /home/ros2/ros2_learn/cartoros2_ws/install/absl/include/absl/container/internal/hash_policy_testing.h
-- Installing: /home/ros2/ros2_learn/cartoros2_ws/install/absl/include/absl/container/internal/unordered_set_lookup_test.h
-- Installing: /home/ros2/ros2_learn/cartoros2_ws/install/absl/include/absl/container/internal/unordered_map_modifiers_test.h
-- Installing: /home/ros2/ros2_learn/cartoros2_ws/install/absl/include/absl/container/internal/raw_hash_map.h
-- Installing: /home/ros2/ros2_learn/cartoros2_ws/install/absl/include/absl/container/internal/hash_generator_testing.h
-- Installing: /home/ros2/ros2_learn/cartoros2_ws/install/absl/include/absl/container/internal/hashtablez_sampler.h
-- Installing: /home/ros2/ros2_learn/cartoros2_ws/install/absl/include/absl/container/internal/unordered_map_constructor_test.h
-- Installing: /home/ros2/ros2_learn/cartoros2_ws/install/absl/include/absl/container/internal/unordered_map_members_test.h
-- Installing: /home/ros2/ros2_learn/cartoros2_ws/install/absl/include/absl/container/internal/node_hash_policy.h
-- Installing: /home/ros2/ros2_learn/cartoros2_ws/install/absl/include/absl/container/internal/hash_policy_traits.h
-- Installing: /home/ros2/ros2_learn/cartoros2_ws/install/absl/include/absl/container/internal/container_memory.h
-- Installing: /home/ros2/ros2_learn/cartoros2_ws/install/absl/include/absl/container/internal/unordered_set_modifiers_test.h
-- Installing: /home/ros2/ros2_learn/cartoros2_ws/install/absl/include/absl/container/internal/unordered_set_constructor_test.h
-- Installing: /home/ros2/ros2_learn/cartoros2_ws/install/absl/include/absl/container/internal/common.h
-- Installing: /home/ros2/ros2_learn/cartoros2_ws/install/absl/include/absl/container/internal/layout.h
-- Installing: /home/ros2/ros2_learn/cartoros2_ws/install/absl/include/absl/container/internal/hashtable_debug_hooks.h
-- Installing: /home/ros2/ros2_learn/cartoros2_ws/install/absl/include/absl/container/internal/inlined_vector.h
-- Installing: /home/ros2/ros2_learn/cartoros2_ws/install/absl/include/absl/container/internal/unordered_set_members_test.h
-- Installing: /home/ros2/ros2_learn/cartoros2_ws/install/absl/include/absl/container/internal/hash_function_defaults.h
-- Installing: /home/ros2/ros2_learn/cartoros2_ws/install/absl/include/absl/container/internal/raw_hash_set.h
-- Installing: /home/ros2/ros2_learn/cartoros2_ws/install/absl/include/absl/container/internal/test_instance_tracker.h
-- Installing: /home/ros2/ros2_learn/cartoros2_ws/install/absl/include/absl/container/internal/tracked.h
-- Installing: /home/ros2/ros2_learn/cartoros2_ws/install/absl/include/absl/container/flat_hash_map.h
-- Installing: /home/ros2/ros2_learn/cartoros2_ws/install/absl/include/absl/container/flat_hash_set.h
-- Installing: /home/ros2/ros2_learn/cartoros2_ws/install/absl/include/absl/container/fixed_array.h
-- Installing: /home/ros2/ros2_learn/cartoros2_ws/install/absl/include/absl/container/node_hash_map.h
-- Installing: /home/ros2/ros2_learn/cartoros2_ws/install/absl/include/absl/container/inlined_vector.h
-- Installing: /home/ros2/ros2_learn/cartoros2_ws/install/absl/include/absl/debugging
-- Installing: /home/ros2/ros2_learn/cartoros2_ws/install/absl/include/absl/debugging/internal
-- Installing: /home/ros2/ros2_learn/cartoros2_ws/install/absl/include/absl/debugging/internal/stacktrace_generic-inl.inc
-- Installing: /home/ros2/ros2_learn/cartoros2_ws/install/absl/include/absl/debugging/internal/stacktrace_x86-inl.inc
-- Installing: /home/ros2/ros2_learn/cartoros2_ws/install/absl/include/absl/debugging/internal/stack_consumption.h
-- Installing: /home/ros2/ros2_learn/cartoros2_ws/install/absl/include/absl/debugging/internal/stacktrace_aarch64-inl.inc
-- Installing: /home/ros2/ros2_learn/cartoros2_ws/install/absl/include/absl/debugging/internal/elf_mem_image.h
-- Installing: /home/ros2/ros2_learn/cartoros2_ws/install/absl/include/absl/debugging/internal/vdso_support.h
-- Installing: /home/ros2/ros2_learn/cartoros2_ws/install/absl/include/absl/debugging/internal/stacktrace_unimplemented-inl.inc
-- Installing: /home/ros2/ros2_learn/cartoros2_ws/install/absl/include/absl/debugging/internal/stacktrace_arm-inl.inc
-- Installing: /home/ros2/ros2_learn/cartoros2_ws/install/absl/include/absl/debugging/internal/stacktrace_win32-inl.inc
-- Installing: /home/ros2/ros2_learn/cartoros2_ws/install/absl/include/absl/debugging/internal/stacktrace_powerpc-inl.inc
-- Installing: /home/ros2/ros2_learn/cartoros2_ws/install/absl/include/absl/debugging/internal/symbolize.h
-- Installing: /home/ros2/ros2_learn/cartoros2_ws/install/absl/include/absl/debugging/internal/address_is_readable.h
-- Installing: /home/ros2/ros2_learn/cartoros2_ws/install/absl/include/absl/debugging/internal/examine_stack.h
-- Installing: /home/ros2/ros2_learn/cartoros2_ws/install/absl/include/absl/debugging/internal/stacktrace_config.h
-- Installing: /home/ros2/ros2_learn/cartoros2_ws/install/absl/include/absl/debugging/internal/demangle.h
-- Installing: /home/ros2/ros2_learn/cartoros2_ws/install/absl/include/absl/debugging/symbolize_win32.inc
-- Installing: /home/ros2/ros2_learn/cartoros2_ws/install/absl/include/absl/debugging/leak_check.h
-- Installing: /home/ros2/ros2_learn/cartoros2_ws/install/absl/include/absl/debugging/symbolize.h
-- Installing: /home/ros2/ros2_learn/cartoros2_ws/install/absl/include/absl/debugging/symbolize_unimplemented.inc
-- Installing: /home/ros2/ros2_learn/cartoros2_ws/install/absl/include/absl/debugging/stacktrace.h
-- Installing: /home/ros2/ros2_learn/cartoros2_ws/install/absl/include/absl/debugging/failure_signal_handler.h
-- Installing: /home/ros2/ros2_learn/cartoros2_ws/install/absl/include/absl/debugging/symbolize_elf.inc
-- Installing: /home/ros2/ros2_learn/cartoros2_ws/install/absl/include/absl/numeric
-- Installing: /home/ros2/ros2_learn/cartoros2_ws/install/absl/include/absl/numeric/int128_no_intrinsic.inc
-- Installing: /home/ros2/ros2_learn/cartoros2_ws/install/absl/include/absl/numeric/int128_have_intrinsic.inc
-- Installing: /home/ros2/ros2_learn/cartoros2_ws/install/absl/include/absl/numeric/int128.h
-- Installing: /home/ros2/ros2_learn/cartoros2_ws/install/absl/include/absl/hash
-- Installing: /home/ros2/ros2_learn/cartoros2_ws/install/absl/include/absl/hash/internal
-- Installing: /home/ros2/ros2_learn/cartoros2_ws/install/absl/include/absl/hash/internal/hash.h
-- Installing: /home/ros2/ros2_learn/cartoros2_ws/install/absl/include/absl/hash/internal/city.h
-- Installing: /home/ros2/ros2_learn/cartoros2_ws/install/absl/include/absl/hash/internal/spy_hash_state.h
-- Installing: /home/ros2/ros2_learn/cartoros2_ws/install/absl/include/absl/hash/hash.h
-- Installing: /home/ros2/ros2_learn/cartoros2_ws/install/absl/include/absl/hash/hash_testing.h
-- Installing: /home/ros2/ros2_learn/cartoros2_ws/install/absl/include/absl/meta
-- Installing: /home/ros2/ros2_learn/cartoros2_ws/install/absl/include/absl/meta/type_traits.h
-- Installing: /home/ros2/ros2_learn/cartoros2_ws/install/absl/lib/libabsl_spinlock_wait.a
-- Installing: /home/ros2/ros2_learn/cartoros2_ws/install/absl/lib/libabsl_dynamic_annotations.a
-- Installing: /home/ros2/ros2_learn/cartoros2_ws/install/absl/lib/libabsl_malloc_internal.a
-- Installing: /home/ros2/ros2_learn/cartoros2_ws/install/absl/lib/libabsl_base.a
-- Installing: /home/ros2/ros2_learn/cartoros2_ws/install/absl/lib/libabsl_throw_delegate.a
-- Installing: /home/ros2/ros2_learn/cartoros2_ws/install/absl/lib/libabsl_scoped_set_env.a
-- Installing: /home/ros2/ros2_learn/cartoros2_ws/install/absl/lib/libabsl_hashtablez_sampler.a
-- Installing: /home/ros2/ros2_learn/cartoros2_ws/install/absl/lib/libabsl_raw_hash_set.a
-- Installing: /home/ros2/ros2_learn/cartoros2_ws/install/absl/lib/libabsl_stacktrace.a
-- Installing: /home/ros2/ros2_learn/cartoros2_ws/install/absl/lib/libabsl_symbolize.a
-- Installing: /home/ros2/ros2_learn/cartoros2_ws/install/absl/lib/libabsl_examine_stack.a
-- Installing: /home/ros2/ros2_learn/cartoros2_ws/install/absl/lib/libabsl_failure_signal_handler.a
-- Installing: /home/ros2/ros2_learn/cartoros2_ws/install/absl/lib/libabsl_debugging_internal.a
-- Installing: /home/ros2/ros2_learn/cartoros2_ws/install/absl/lib/libabsl_demangle_internal.a
-- Installing: /home/ros2/ros2_learn/cartoros2_ws/install/absl/lib/libabsl_leak_check.a
-- Installing: /home/ros2/ros2_learn/cartoros2_ws/install/absl/lib/libabsl_leak_check_disable.a
-- Installing: /home/ros2/ros2_learn/cartoros2_ws/install/absl/lib/libabsl_hash.a
-- Installing: /home/ros2/ros2_learn/cartoros2_ws/install/absl/lib/libabsl_city.a
-- Installing: /home/ros2/ros2_learn/cartoros2_ws/install/absl/lib/libabsl_int128.a
-- Installing: /home/ros2/ros2_learn/cartoros2_ws/install/absl/lib/libabsl_strings.a
-- Installing: /home/ros2/ros2_learn/cartoros2_ws/install/absl/lib/libabsl_strings_internal.a
-- Installing: /home/ros2/ros2_learn/cartoros2_ws/install/absl/lib/libabsl_str_format_internal.a
-- Installing: /home/ros2/ros2_learn/cartoros2_ws/install/absl/lib/libabsl_graphcycles_internal.a
-- Installing: /home/ros2/ros2_learn/cartoros2_ws/install/absl/lib/libabsl_synchronization.a
-- Installing: /home/ros2/ros2_learn/cartoros2_ws/install/absl/lib/libabsl_time.a
-- Installing: /home/ros2/ros2_learn/cartoros2_ws/install/absl/lib/libabsl_civil_time.a
-- Installing: /home/ros2/ros2_learn/cartoros2_ws/install/absl/lib/libabsl_time_zone.a
-- Installing: /home/ros2/ros2_learn/cartoros2_ws/install/absl/lib/libabsl_bad_any_cast_impl.a
-- Installing: /home/ros2/ros2_learn/cartoros2_ws/install/absl/lib/libabsl_bad_optional_access.a
-- Installing: /home/ros2/ros2_learn/cartoros2_ws/install/absl/lib/libabsl_bad_variant_access.a
