[0.113s] Invoking command in '/home/ros2/ros2_learn/cartoros2_ws/build/absl': /usr/bin/cmake /home/ros2/ros2_learn/cartoros2_ws/abseil-cpp -DCMAKE_INSTALL_PREFIX=/home/ros2/ros2_learn/cartoros2_ws/install/absl
[0.573s] -- The C compiler identification is GNU 9.4.0
[0.955s] -- The CXX compiler identification is GNU 9.4.0
[0.999s] -- Check for working C compiler: /usr/bin/cc
[1.300s] -- Check for working C compiler: /usr/bin/cc -- works
[1.301s] -- Detecting C compiler ABI info
[1.622s] -- Detecting C compiler ABI info - done
[1.698s] -- Detecting C compile features
[1.704s] -- Detecting C compile features - done
[1.739s] -- Check for working CXX compiler: /usr/bin/c++
[2.196s] -- Check for working CXX compiler: /usr/bin/c++ -- works
[2.198s] -- Detecting CXX compiler ABI info
[2.505s] -- Detecting CXX compiler ABI info - done
[2.539s] -- Detecting CXX compile features
[2.540s] -- Detecting CXX compile features - done
[2.587s] -- No CMAKE_CXX_STANDARD set, assuming 11
[2.596s] -- Looking for pthread.h
[3.022s] -- Looking for pthread.h - found
[3.024s] -- Performing Test CMAKE_HAVE_LIBC_PTHREAD
[3.307s] -- Performing Test CMAKE_HAVE_LIBC_PTHREAD - Failed
[3.314s] -- Looking for pthread_create in pthreads
[3.577s] -- Looking for pthread_create in pthreads - not found
[3.580s] -- Looking for pthread_create in pthread
[3.883s] -- Looking for pthread_create in pthread - found
[3.888s] -- Found Threads: TRUE  
[4.058s] -- Configuring done
[4.321s] -- Generating done
[4.336s] -- Build files have been written to: /home/ros2/ros2_learn/cartoros2_ws/build/absl
[4.367s] Invoked command in '/home/ros2/ros2_learn/cartoros2_ws/build/absl' returned '0': /usr/bin/cmake /home/ros2/ros2_learn/cartoros2_ws/abseil-cpp -DCMAKE_INSTALL_PREFIX=/home/ros2/ros2_learn/cartoros2_ws/install/absl
[4.392s] Invoking command in '/home/ros2/ros2_learn/cartoros2_ws/build/absl': /usr/bin/cmake --build /home/ros2/ros2_learn/cartoros2_ws/build/absl -- -j4 -l4
[4.673s] [35m[1mScanning dependencies of target civil_time[0m
[4.693s] [35m[1mScanning dependencies of target spinlock_wait[0m
[4.698s] [35m[1mScanning dependencies of target dynamic_annotations[0m
[4.718s] [  1%] [32mBuilding CXX object absl/time/CMakeFiles/civil_time.dir/internal/cctz/src/civil_time_detail.cc.o[0m
[4.783s] [  2%] [32mBuilding CXX object absl/base/CMakeFiles/dynamic_annotations.dir/dynamic_annotations.cc.o[0m
[4.817s] [  3%] [32mBuilding CXX object absl/base/CMakeFiles/spinlock_wait.dir/internal/spinlock_wait.cc.o[0m
[5.280s] [  4%] [32m[1mLinking CXX static library libabsl_dynamic_annotations.a[0m
[5.658s] [  4%] Built target dynamic_annotations
[5.773s] [  5%] [32m[1mLinking CXX static library libabsl_spinlock_wait.a[0m
[6.021s] [  5%] Built target spinlock_wait
[7.317s] [  6%] [32m[1mLinking CXX static library libabsl_civil_time.a[0m
[7.516s] [  6%] Built target civil_time
[7.595s] [35m[1mScanning dependencies of target time_zone[0m
[7.671s] [  7%] [32mBuilding CXX object absl/time/CMakeFiles/time_zone.dir/internal/cctz/src/time_zone_fixed.cc.o[0m
[9.163s] [  8%] [32mBuilding CXX object absl/time/CMakeFiles/time_zone.dir/internal/cctz/src/time_zone_format.cc.o[0m
[11.894s] [  9%] [32mBuilding CXX object absl/time/CMakeFiles/time_zone.dir/internal/cctz/src/time_zone_if.cc.o[0m
[13.974s] [ 10%] [32mBuilding CXX object absl/time/CMakeFiles/time_zone.dir/internal/cctz/src/time_zone_impl.cc.o[0m
[17.754s] [ 11%] [32mBuilding CXX object absl/time/CMakeFiles/time_zone.dir/internal/cctz/src/time_zone_info.cc.o[0m
[22.853s] [ 12%] [32mBuilding CXX object absl/time/CMakeFiles/time_zone.dir/internal/cctz/src/time_zone_libc.cc.o[0m
[24.512s] [ 13%] [32mBuilding CXX object absl/time/CMakeFiles/time_zone.dir/internal/cctz/src/time_zone_lookup.cc.o[0m
[25.932s] [ 14%] [32mBuilding CXX object absl/time/CMakeFiles/time_zone.dir/internal/cctz/src/time_zone_posix.cc.o[0m
[26.721s] [ 15%] [32mBuilding CXX object absl/time/CMakeFiles/time_zone.dir/internal/cctz/src/zone_info_source.cc.o[0m
[27.841s] [ 16%] [32m[1mLinking CXX static library libabsl_time_zone.a[0m
[28.152s] [ 16%] Built target time_zone
[28.243s] [35m[1mScanning dependencies of target leak_check[0m
[28.316s] [ 17%] [32mBuilding CXX object absl/debugging/CMakeFiles/leak_check.dir/leak_check.cc.o[0m
[28.586s] [ 18%] [32m[1mLinking CXX static library libabsl_leak_check.a[0m
[28.780s] [ 18%] Built target leak_check
[28.877s] [35m[1mScanning dependencies of target leak_check_disable[0m
[28.945s] [ 19%] [32mBuilding CXX object absl/debugging/CMakeFiles/leak_check_disable.dir/leak_check_disable.cc.o[0m
[29.050s] [ 19%] [32m[1mLinking CXX static library libabsl_leak_check_disable.a[0m
[29.236s] [ 19%] Built target leak_check_disable
[29.293s] [35m[1mScanning dependencies of target city[0m
[29.344s] [ 20%] [32mBuilding CXX object absl/hash/CMakeFiles/city.dir/internal/city.cc.o[0m
[30.022s] [ 21%] [32m[1mLinking CXX static library libabsl_city.a[0m
[30.175s] [ 21%] Built target city
[30.236s] [35m[1mScanning dependencies of target base[0m
[30.339s] [ 22%] [32mBuilding CXX object absl/base/CMakeFiles/base.dir/internal/cycleclock.cc.o[0m
[30.747s] [ 23%] [32mBuilding CXX object absl/base/CMakeFiles/base.dir/internal/raw_logging.cc.o[0m
[31.926s] [ 24%] [32mBuilding CXX object absl/base/CMakeFiles/base.dir/internal/spinlock.cc.o[0m
[32.996s] [ 25%] [32mBuilding CXX object absl/base/CMakeFiles/base.dir/internal/sysinfo.cc.o[0m
[34.752s] [ 26%] [32mBuilding CXX object absl/base/CMakeFiles/base.dir/internal/thread_identity.cc.o[0m
[36.782s] [ 27%] [32mBuilding CXX object absl/base/CMakeFiles/base.dir/internal/unscaledcycleclock.cc.o[0m
[36.952s] [ 28%] [32mBuilding CXX object absl/base/CMakeFiles/base.dir/log_severity.cc.o[0m
[37.890s] [ 29%] [32m[1mLinking CXX static library libabsl_base.a[0m
[38.178s] [ 29%] Built target base
[38.219s] [35m[1mScanning dependencies of target strings_internal[0m
[38.291s] [ 30%] [32mBuilding CXX object absl/strings/CMakeFiles/strings_internal.dir/internal/ostringstream.cc.o[0m
[39.346s] [ 31%] [32mBuilding CXX object absl/strings/CMakeFiles/strings_internal.dir/internal/utf8.cc.o[0m
[39.584s] [ 32%] [32m[1mLinking CXX static library libabsl_strings_internal.a[0m
[39.799s] [ 32%] Built target strings_internal
[39.913s] [35m[1mScanning dependencies of target throw_delegate[0m
[40.034s] [ 33%] [32mBuilding CXX object absl/base/CMakeFiles/throw_delegate.dir/internal/throw_delegate.cc.o[0m
[40.916s] [ 34%] [32m[1mLinking CXX static library libabsl_throw_delegate.a[0m
[40.988s] [ 34%] Built target throw_delegate
[41.007s] [35m[1mScanning dependencies of target scoped_set_env[0m
[41.039s] [ 35%] [32mBuilding CXX object absl/base/CMakeFiles/scoped_set_env.dir/internal/scoped_set_env.cc.o[0m
[41.801s] [ 36%] [32m[1mLinking CXX static library libabsl_scoped_set_env.a[0m
[41.994s] [ 36%] Built target scoped_set_env
[42.056s] [35m[1mScanning dependencies of target bad_optional_access[0m
[42.128s] [ 37%] [32mBuilding CXX object absl/types/CMakeFiles/bad_optional_access.dir/bad_optional_access.cc.o[0m
[42.822s] [ 38%] [32m[1mLinking CXX static library libabsl_bad_optional_access.a[0m
[42.988s] [ 38%] Built target bad_optional_access
[43.054s] [35m[1mScanning dependencies of target debugging_internal[0m
[43.106s] [ 39%] [32mBuilding CXX object absl/debugging/CMakeFiles/debugging_internal.dir/internal/address_is_readable.cc.o[0m
[44.081s] [ 40%] [32mBuilding CXX object absl/debugging/CMakeFiles/debugging_internal.dir/internal/elf_mem_image.cc.o[0m
[45.637s] [ 41%] [32mBuilding CXX object absl/debugging/CMakeFiles/debugging_internal.dir/internal/vdso_support.cc.o[0m
[46.945s] [ 41%] [32m[1mLinking CXX static library libabsl_debugging_internal.a[0m
[47.161s] [ 41%] Built target debugging_internal
[47.189s] [35m[1mScanning dependencies of target demangle_internal[0m
[47.205s] [ 42%] [32mBuilding CXX object absl/debugging/CMakeFiles/demangle_internal.dir/internal/demangle.cc.o[0m
[47.945s] [ 43%] [32m[1mLinking CXX static library libabsl_demangle_internal.a[0m
[48.124s] [ 43%] Built target demangle_internal
[48.203s] [35m[1mScanning dependencies of target bad_variant_access[0m
[48.253s] [ 44%] [32mBuilding CXX object absl/types/CMakeFiles/bad_variant_access.dir/bad_variant_access.cc.o[0m
[48.923s] [ 45%] [32m[1mLinking CXX static library libabsl_bad_variant_access.a[0m
[49.154s] [ 45%] Built target bad_variant_access
[49.217s] [35m[1mScanning dependencies of target bad_any_cast_impl[0m
[49.267s] [ 45%] [32mBuilding CXX object absl/types/CMakeFiles/bad_any_cast_impl.dir/bad_any_cast.cc.o[0m
[50.297s] [ 46%] [32m[1mLinking CXX static library libabsl_bad_any_cast_impl.a[0m
[50.571s] [ 46%] Built target bad_any_cast_impl
[50.600s] [35m[1mScanning dependencies of target stacktrace[0m
[50.646s] [ 47%] [32mBuilding CXX object absl/debugging/CMakeFiles/stacktrace.dir/stacktrace.cc.o[0m
[52.174s] [ 48%] [32m[1mLinking CXX static library libabsl_stacktrace.a[0m
[52.289s] [ 48%] Built target stacktrace
[52.348s] [35m[1mScanning dependencies of target malloc_internal[0m
[52.456s] [ 49%] [32mBuilding CXX object absl/base/CMakeFiles/malloc_internal.dir/internal/low_level_alloc.cc.o[0m
[53.734s] [ 50%] [32m[1mLinking CXX static library libabsl_malloc_internal.a[0m
[54.001s] [ 50%] Built target malloc_internal
[54.089s] [35m[1mScanning dependencies of target int128[0m
[54.160s] [ 51%] [32mBuilding CXX object absl/numeric/CMakeFiles/int128.dir/int128.cc.o[0m
[56.070s] [ 52%] [32m[1mLinking CXX static library libabsl_int128.a[0m
[56.359s] [ 52%] Built target int128
[56.418s] [35m[1mScanning dependencies of target graphcycles_internal[0m
[56.516s] [ 53%] [32mBuilding CXX object absl/synchronization/CMakeFiles/graphcycles_internal.dir/internal/graphcycles.cc.o[0m
[58.414s] [ 54%] [32m[1mLinking CXX static library libabsl_graphcycles_internal.a[0m
[58.625s] [ 54%] Built target graphcycles_internal
[58.640s] [35m[1mScanning dependencies of target strings[0m
[58.683s] [ 55%] [32mBuilding CXX object absl/strings/CMakeFiles/strings.dir/ascii.cc.o[0m
[59.653s] [ 56%] [32mBuilding CXX object absl/strings/CMakeFiles/strings.dir/escaping.cc.o[0m
[62.545s] [ 56%] [32mBuilding CXX object absl/strings/CMakeFiles/strings.dir/internal/charconv_bigint.cc.o[0m
[65.469s] [ 57%] [32mBuilding CXX object absl/strings/CMakeFiles/strings.dir/internal/charconv_parse.cc.o[0m
[67.041s] [ 58%] [32mBuilding CXX object absl/strings/CMakeFiles/strings.dir/internal/memutil.cc.o[0m
[68.240s] [ 59%] [32mBuilding CXX object absl/strings/CMakeFiles/strings.dir/match.cc.o[0m
[69.580s] [ 60%] [32mBuilding CXX object absl/strings/CMakeFiles/strings.dir/numbers.cc.o[0m
[72.285s] [ 61%] [32mBuilding CXX object absl/strings/CMakeFiles/strings.dir/str_cat.cc.o[0m
[74.498s] [ 62%] [32mBuilding CXX object absl/strings/CMakeFiles/strings.dir/str_replace.cc.o[0m
[77.019s] [ 63%] [32mBuilding CXX object absl/strings/CMakeFiles/strings.dir/str_split.cc.o[0m
[78.847s] [ 64%] [32mBuilding CXX object absl/strings/CMakeFiles/strings.dir/string_view.cc.o[0m
[80.583s] [ 65%] [32mBuilding CXX object absl/strings/CMakeFiles/strings.dir/substitute.cc.o[0m
[83.128s] [ 66%] [32mBuilding CXX object absl/strings/CMakeFiles/strings.dir/charconv.cc.o[0m
[86.235s] [ 67%] [32m[1mLinking CXX static library libabsl_strings.a[0m
[86.449s] [ 67%] Built target strings
[86.517s] [35m[1mScanning dependencies of target symbolize[0m
[86.602s] [ 68%] [32mBuilding CXX object absl/debugging/CMakeFiles/symbolize.dir/symbolize.cc.o[0m
[88.188s] [ 69%] [32m[1mLinking CXX static library libabsl_symbolize.a[0m
[88.391s] [ 69%] Built target symbolize
[88.420s] [35m[1mScanning dependencies of target str_format_internal[0m
[88.469s] [ 70%] [32mBuilding CXX object absl/strings/CMakeFiles/str_format_internal.dir/internal/str_format/arg.cc.o[0m
[91.442s] [ 71%] [32mBuilding CXX object absl/strings/CMakeFiles/str_format_internal.dir/internal/str_format/bind.cc.o[0m
[93.951s] [ 72%] [32mBuilding CXX object absl/strings/CMakeFiles/str_format_internal.dir/internal/str_format/extension.cc.o[0m
[94.872s] [ 73%] [32mBuilding CXX object absl/strings/CMakeFiles/str_format_internal.dir/internal/str_format/float_conversion.cc.o[0m
[96.251s] [ 74%] [32mBuilding CXX object absl/strings/CMakeFiles/str_format_internal.dir/internal/str_format/output.cc.o[0m
[97.142s] [ 75%] [32mBuilding CXX object absl/strings/CMakeFiles/str_format_internal.dir/internal/str_format/parser.cc.o[0m
[99.902s] [ 76%] [32m[1mLinking CXX static library libabsl_str_format_internal.a[0m
[100.097s] [ 76%] Built target str_format_internal
[100.142s] [35m[1mScanning dependencies of target examine_stack[0m
[100.185s] [ 77%] [32mBuilding CXX object absl/debugging/CMakeFiles/examine_stack.dir/internal/examine_stack.cc.o[0m
[101.086s] [ 78%] [32m[1mLinking CXX static library libabsl_examine_stack.a[0m
[101.200s] [ 78%] Built target examine_stack
[101.269s] [35m[1mScanning dependencies of target hash[0m
[101.334s] [ 79%] [32mBuilding CXX object absl/hash/CMakeFiles/hash.dir/internal/hash.cc.o[0m
[103.137s] [ 80%] [32m[1mLinking CXX static library libabsl_hash.a[0m
[103.254s] [ 80%] Built target hash
[103.295s] [35m[1mScanning dependencies of target failure_signal_handler[0m
[103.377s] [ 81%] [32mBuilding CXX object absl/debugging/CMakeFiles/failure_signal_handler.dir/failure_signal_handler.cc.o[0m
[105.297s] [ 82%] [32m[1mLinking CXX static library libabsl_failure_signal_handler.a[0m
[105.523s] [ 82%] Built target failure_signal_handler
[105.585s] [35m[1mScanning dependencies of target time[0m
[105.618s] [ 83%] [32mBuilding CXX object absl/time/CMakeFiles/time.dir/civil_time.cc.o[0m
[108.086s] [ 84%] [32mBuilding CXX object absl/time/CMakeFiles/time.dir/format.cc.o[0m
[108.995s] [ 85%] [32mBuilding CXX object absl/time/CMakeFiles/time.dir/time.cc.o[0m
[110.556s] [ 86%] [32mBuilding CXX object absl/time/CMakeFiles/time.dir/duration.cc.o[0m
[113.133s] [ 87%] [32mBuilding CXX object absl/time/CMakeFiles/time.dir/clock.cc.o[0m
[114.513s] [ 88%] [32m[1mLinking CXX static library libabsl_time.a[0m
[114.653s] [ 88%] Built target time
[114.696s] [35m[1mScanning dependencies of target synchronization[0m
[114.791s] [ 89%] [32mBuilding CXX object absl/synchronization/CMakeFiles/synchronization.dir/barrier.cc.o[0m
[116.377s] [ 90%] [32mBuilding CXX object absl/synchronization/CMakeFiles/synchronization.dir/internal/per_thread_sem.cc.o[0m
[117.843s] [ 91%] [32mBuilding CXX object absl/synchronization/CMakeFiles/synchronization.dir/internal/waiter.cc.o[0m
[119.329s] [ 91%] [32mBuilding CXX object absl/synchronization/CMakeFiles/synchronization.dir/notification.cc.o[0m
[120.960s] [ 92%] [32mBuilding CXX object absl/synchronization/CMakeFiles/synchronization.dir/mutex.cc.o[0m
[122.301s] [ 93%] [32mBuilding CXX object absl/synchronization/CMakeFiles/synchronization.dir/internal/create_thread_identity.cc.o[0m
[122.918s] [ 94%] [32mBuilding CXX object absl/synchronization/CMakeFiles/synchronization.dir/blocking_counter.cc.o[0m
[123.458s] [ 95%] [32m[1mLinking CXX static library libabsl_synchronization.a[0m
[123.552s] [ 95%] Built target synchronization
[123.580s] [35m[1mScanning dependencies of target hashtablez_sampler[0m
[123.631s] [ 96%] [32mBuilding CXX object absl/container/CMakeFiles/hashtablez_sampler.dir/internal/hashtablez_sampler.cc.o[0m
[124.435s] [ 97%] [32mBuilding CXX object absl/container/CMakeFiles/hashtablez_sampler.dir/internal/hashtablez_sampler_force_weak_definition.cc.o[0m
[125.324s] [ 98%] [32m[1mLinking CXX static library libabsl_hashtablez_sampler.a[0m
[125.394s] [ 98%] Built target hashtablez_sampler
[125.410s] [35m[1mScanning dependencies of target raw_hash_set[0m
[125.436s] [ 99%] [32mBuilding CXX object absl/container/CMakeFiles/raw_hash_set.dir/internal/raw_hash_set.cc.o[0m
[126.327s] [100%] [32m[1mLinking CXX static library libabsl_raw_hash_set.a[0m
[126.407s] [100%] Built target raw_hash_set
[126.436s] Invoked command in '/home/ros2/ros2_learn/cartoros2_ws/build/absl' returned '0': /usr/bin/cmake --build /home/ros2/ros2_learn/cartoros2_ws/build/absl -- -j4 -l4
[126.514s] Invoking command in '/home/ros2/ros2_learn/cartoros2_ws/build/absl': /usr/bin/cmake --install /home/ros2/ros2_learn/cartoros2_ws/build/absl
[126.527s] -- Install configuration: ""
[126.527s] -- Installing: /home/ros2/ros2_learn/cartoros2_ws/install/absl/lib/cmake/absl/abslTargets.cmake
[126.528s] -- Installing: /home/ros2/ros2_learn/cartoros2_ws/install/absl/lib/cmake/absl/abslTargets-noconfig.cmake
[126.529s] -- Installing: /home/ros2/ros2_learn/cartoros2_ws/install/absl/lib/cmake/absl/abslConfig.cmake
[126.530s] -- Installing: /home/ros2/ros2_learn/cartoros2_ws/install/absl/include/absl
[126.530s] -- Installing: /home/ros2/ros2_learn/cartoros2_ws/install/absl/include/absl/strings
[126.532s] -- Installing: /home/ros2/ros2_learn/cartoros2_ws/install/absl/include/absl/strings/internal
[126.533s] -- Installing: /home/ros2/ros2_learn/cartoros2_ws/install/absl/include/absl/strings/internal/charconv_bigint.h
[126.533s] -- Installing: /home/ros2/ros2_learn/cartoros2_ws/install/absl/include/absl/strings/internal/escaping_test_common.h
[126.534s] -- Installing: /home/ros2/ros2_learn/cartoros2_ws/install/absl/include/absl/strings/internal/ostringstream.h
[126.534s] -- Installing: /home/ros2/ros2_learn/cartoros2_ws/install/absl/include/absl/strings/internal/stl_type_traits.h
[126.535s] -- Installing: /home/ros2/ros2_learn/cartoros2_ws/install/absl/include/absl/strings/internal/numbers_test_common.h
[126.535s] -- Installing: /home/ros2/ros2_learn/cartoros2_ws/install/absl/include/absl/strings/internal/char_map.h
[126.536s] -- Installing: /home/ros2/ros2_learn/cartoros2_ws/install/absl/include/absl/strings/internal/str_split_internal.h
[126.536s] -- Installing: /home/ros2/ros2_learn/cartoros2_ws/install/absl/include/absl/strings/internal/pow10_helper.h
[126.537s] -- Installing: /home/ros2/ros2_learn/cartoros2_ws/install/absl/include/absl/strings/internal/memutil.h
[126.537s] -- Installing: /home/ros2/ros2_learn/cartoros2_ws/install/absl/include/absl/strings/internal/str_format
[126.537s] -- Installing: /home/ros2/ros2_learn/cartoros2_ws/install/absl/include/absl/strings/internal/str_format/float_conversion.h
[126.537s] -- Installing: /home/ros2/ros2_learn/cartoros2_ws/install/absl/include/absl/strings/internal/str_format/bind.h
[126.537s] -- Installing: /home/ros2/ros2_learn/cartoros2_ws/install/absl/include/absl/strings/internal/str_format/output.h
[126.537s] -- Installing: /home/ros2/ros2_learn/cartoros2_ws/install/absl/include/absl/strings/internal/str_format/extension.h
[126.538s] -- Installing: /home/ros2/ros2_learn/cartoros2_ws/install/absl/include/absl/strings/internal/str_format/arg.h
[126.538s] -- Installing: /home/ros2/ros2_learn/cartoros2_ws/install/absl/include/absl/strings/internal/str_format/parser.h
[126.538s] -- Installing: /home/ros2/ros2_learn/cartoros2_ws/install/absl/include/absl/strings/internal/str_format/checker.h
[126.538s] -- Installing: /home/ros2/ros2_learn/cartoros2_ws/install/absl/include/absl/strings/internal/str_join_internal.h
[126.538s] -- Installing: /home/ros2/ros2_learn/cartoros2_ws/install/absl/include/absl/strings/internal/utf8.h
[126.538s] -- Installing: /home/ros2/ros2_learn/cartoros2_ws/install/absl/include/absl/strings/internal/resize_uninitialized.h
[126.539s] -- Installing: /home/ros2/ros2_learn/cartoros2_ws/install/absl/include/absl/strings/internal/charconv_parse.h
[126.539s] -- Installing: /home/ros2/ros2_learn/cartoros2_ws/install/absl/include/absl/strings/str_replace.h
[126.540s] -- Installing: /home/ros2/ros2_learn/cartoros2_ws/install/absl/include/absl/strings/ascii.h
[126.540s] -- Installing: /home/ros2/ros2_learn/cartoros2_ws/install/absl/include/absl/strings/numbers.h
[126.541s] -- Installing: /home/ros2/ros2_learn/cartoros2_ws/install/absl/include/absl/strings/str_cat.h
[126.541s] -- Installing: /home/ros2/ros2_learn/cartoros2_ws/install/absl/include/absl/strings/match.h
[126.541s] -- Installing: /home/ros2/ros2_learn/cartoros2_ws/install/absl/include/absl/strings/str_format.h
[126.542s] -- Installing: /home/ros2/ros2_learn/cartoros2_ws/install/absl/include/absl/strings/string_view.h
[126.542s] -- Installing: /home/ros2/ros2_learn/cartoros2_ws/install/absl/include/absl/strings/escaping.h
[126.543s] -- Installing: /home/ros2/ros2_learn/cartoros2_ws/install/absl/include/absl/strings/testdata
[126.544s] -- Installing: /home/ros2/ros2_learn/cartoros2_ws/install/absl/include/absl/strings/str_join.h
[126.545s] -- Installing: /home/ros2/ros2_learn/cartoros2_ws/install/absl/include/absl/strings/str_split.h
[126.545s] -- Installing: /home/ros2/ros2_learn/cartoros2_ws/install/absl/include/absl/strings/strip.h
[126.546s] -- Installing: /home/ros2/ros2_learn/cartoros2_ws/install/absl/include/absl/strings/substitute.h
[126.547s] -- Installing: /home/ros2/ros2_learn/cartoros2_ws/install/absl/include/absl/strings/charconv.h
[126.548s] -- Installing: /home/ros2/ros2_learn/cartoros2_ws/install/absl/include/absl/algorithm
[126.550s] -- Installing: /home/ros2/ros2_learn/cartoros2_ws/install/absl/include/absl/algorithm/container.h
[126.550s] -- Installing: /home/ros2/ros2_learn/cartoros2_ws/install/absl/include/absl/algorithm/algorithm.h
[126.551s] -- Installing: /home/ros2/ros2_learn/cartoros2_ws/install/absl/include/absl/base
[126.551s] -- Installing: /home/ros2/ros2_learn/cartoros2_ws/install/absl/include/absl/base/config.h
[126.552s] -- Installing: /home/ros2/ros2_learn/cartoros2_ws/install/absl/include/absl/base/internal
[126.553s] -- Installing: /home/ros2/ros2_learn/cartoros2_ws/install/absl/include/absl/base/internal/tsan_mutex_interface.h
[126.553s] -- Installing: /home/ros2/ros2_learn/cartoros2_ws/install/absl/include/absl/base/internal/spinlock_akaros.inc
[126.553s] -- Installing: /home/ros2/ros2_learn/cartoros2_ws/install/absl/include/absl/base/internal/spinlock_linux.inc
[126.553s] -- Installing: /home/ros2/ros2_learn/cartoros2_ws/install/absl/include/absl/base/internal/raw_logging.h
[126.553s] -- Installing: /home/ros2/ros2_learn/cartoros2_ws/install/absl/include/absl/base/internal/low_level_scheduling.h
[126.553s] -- Installing: /home/ros2/ros2_learn/cartoros2_ws/install/absl/include/absl/base/internal/low_level_alloc.h
[126.553s] -- Installing: /home/ros2/ros2_learn/cartoros2_ws/install/absl/include/absl/base/internal/cycleclock.h
[126.553s] -- Installing: /home/ros2/ros2_learn/cartoros2_ws/install/absl/include/absl/base/internal/spinlock.h
[126.553s] -- Installing: /home/ros2/ros2_learn/cartoros2_ws/install/absl/include/absl/base/internal/throw_delegate.h
[126.553s] -- Installing: /home/ros2/ros2_learn/cartoros2_ws/install/absl/include/absl/base/internal/exception_testing.h
[126.553s] -- Installing: /home/ros2/ros2_learn/cartoros2_ws/install/absl/include/absl/base/internal/spinlock_win32.inc
[126.553s] -- Installing: /home/ros2/ros2_learn/cartoros2_ws/install/absl/include/absl/base/internal/direct_mmap.h
[126.554s] -- Installing: /home/ros2/ros2_learn/cartoros2_ws/install/absl/include/absl/base/internal/endian.h
[126.554s] -- Installing: /home/ros2/ros2_learn/cartoros2_ws/install/absl/include/absl/base/internal/atomic_hook.h
[126.554s] -- Installing: /home/ros2/ros2_learn/cartoros2_ws/install/absl/include/absl/base/internal/exception_safety_testing.h
[126.554s] -- Installing: /home/ros2/ros2_learn/cartoros2_ws/install/absl/include/absl/base/internal/inline_variable.h
[126.554s] -- Installing: /home/ros2/ros2_learn/cartoros2_ws/install/absl/include/absl/base/internal/identity.h
[126.554s] -- Installing: /home/ros2/ros2_learn/cartoros2_ws/install/absl/include/absl/base/internal/unscaledcycleclock.h
[126.554s] -- Installing: /home/ros2/ros2_learn/cartoros2_ws/install/absl/include/absl/base/internal/thread_identity.h
[126.554s] -- Installing: /home/ros2/ros2_learn/cartoros2_ws/install/absl/include/absl/base/internal/spinlock_posix.inc
[126.554s] -- Installing: /home/ros2/ros2_learn/cartoros2_ws/install/absl/include/absl/base/internal/bits.h
[126.554s] -- Installing: /home/ros2/ros2_learn/cartoros2_ws/install/absl/include/absl/base/internal/spinlock_wait.h
[126.554s] -- Installing: /home/ros2/ros2_learn/cartoros2_ws/install/absl/include/absl/base/internal/unaligned_access.h
[126.554s] -- Installing: /home/ros2/ros2_learn/cartoros2_ws/install/absl/include/absl/base/internal/scheduling_mode.h
[126.554s] -- Installing: /home/ros2/ros2_learn/cartoros2_ws/install/absl/include/absl/base/internal/scoped_set_env.h
[126.554s] -- Installing: /home/ros2/ros2_learn/cartoros2_ws/install/absl/include/absl/base/internal/invoke.h
[126.554s] -- Installing: /home/ros2/ros2_learn/cartoros2_ws/install/absl/include/absl/base/internal/per_thread_tls.h
[126.554s] -- Installing: /home/ros2/ros2_learn/cartoros2_ws/install/absl/include/absl/base/internal/sysinfo.h
[126.555s] -- Installing: /home/ros2/ros2_learn/cartoros2_ws/install/absl/include/absl/base/internal/hide_ptr.h
[126.555s] -- Installing: /home/ros2/ros2_learn/cartoros2_ws/install/absl/include/absl/base/internal/inline_variable_testing.h
[126.555s] -- Installing: /home/ros2/ros2_learn/cartoros2_ws/install/absl/include/absl/base/internal/pretty_function.h
[126.555s] -- Installing: /home/ros2/ros2_learn/cartoros2_ws/install/absl/include/absl/base/macros.h
[126.555s] -- Installing: /home/ros2/ros2_learn/cartoros2_ws/install/absl/include/absl/base/dynamic_annotations.h
[126.556s] -- Installing: /home/ros2/ros2_learn/cartoros2_ws/install/absl/include/absl/base/casts.h
[126.556s] -- Installing: /home/ros2/ros2_learn/cartoros2_ws/install/absl/include/absl/base/thread_annotations.h
[126.557s] -- Installing: /home/ros2/ros2_learn/cartoros2_ws/install/absl/include/absl/base/attributes.h
[126.557s] -- Installing: /home/ros2/ros2_learn/cartoros2_ws/install/absl/include/absl/base/port.h
[126.557s] -- Installing: /home/ros2/ros2_learn/cartoros2_ws/install/absl/include/absl/base/policy_checks.h
[126.557s] -- Installing: /home/ros2/ros2_learn/cartoros2_ws/install/absl/include/absl/base/call_once.h
[126.557s] -- Installing: /home/ros2/ros2_learn/cartoros2_ws/install/absl/include/absl/base/log_severity.h
[126.557s] -- Installing: /home/ros2/ros2_learn/cartoros2_ws/install/absl/include/absl/base/const_init.h
[126.557s] -- Installing: /home/ros2/ros2_learn/cartoros2_ws/install/absl/include/absl/base/optimization.h
[126.557s] -- Installing: /home/ros2/ros2_learn/cartoros2_ws/install/absl/include/absl/memory
[126.558s] -- Installing: /home/ros2/ros2_learn/cartoros2_ws/install/absl/include/absl/memory/memory.h
[126.558s] -- Installing: /home/ros2/ros2_learn/cartoros2_ws/install/absl/include/absl/time
[126.558s] -- Installing: /home/ros2/ros2_learn/cartoros2_ws/install/absl/include/absl/time/internal
[126.558s] -- Installing: /home/ros2/ros2_learn/cartoros2_ws/install/absl/include/absl/time/internal/test_util.h
[126.558s] -- Installing: /home/ros2/ros2_learn/cartoros2_ws/install/absl/include/absl/time/internal/get_current_time_posix.inc
[126.558s] -- Installing: /home/ros2/ros2_learn/cartoros2_ws/install/absl/include/absl/time/internal/zoneinfo.inc
[126.558s] -- Installing: /home/ros2/ros2_learn/cartoros2_ws/install/absl/include/absl/time/internal/get_current_time_chrono.inc
[126.558s] -- Installing: /home/ros2/ros2_learn/cartoros2_ws/install/absl/include/absl/time/internal/cctz
[126.558s] -- Installing: /home/ros2/ros2_learn/cartoros2_ws/install/absl/include/absl/time/internal/cctz/src
[126.559s] -- Installing: /home/ros2/ros2_learn/cartoros2_ws/install/absl/include/absl/time/internal/cctz/src/time_zone_impl.h
[126.559s] -- Installing: /home/ros2/ros2_learn/cartoros2_ws/install/absl/include/absl/time/internal/cctz/src/time_zone_info.h
[126.559s] -- Installing: /home/ros2/ros2_learn/cartoros2_ws/install/absl/include/absl/time/internal/cctz/src/tzfile.h
[126.559s] -- Installing: /home/ros2/ros2_learn/cartoros2_ws/install/absl/include/absl/time/internal/cctz/src/time_zone_if.h
[126.559s] -- Installing: /home/ros2/ros2_learn/cartoros2_ws/install/absl/include/absl/time/internal/cctz/src/time_zone_fixed.h
[126.559s] -- Installing: /home/ros2/ros2_learn/cartoros2_ws/install/absl/include/absl/time/internal/cctz/src/time_zone_posix.h
[126.559s] -- Installing: /home/ros2/ros2_learn/cartoros2_ws/install/absl/include/absl/time/internal/cctz/src/time_zone_libc.h
[126.559s] -- Installing: /home/ros2/ros2_learn/cartoros2_ws/install/absl/include/absl/time/internal/cctz/testdata
[126.559s] -- Installing: /home/ros2/ros2_learn/cartoros2_ws/install/absl/include/absl/time/internal/cctz/testdata/zoneinfo
[126.559s] -- Installing: /home/ros2/ros2_learn/cartoros2_ws/install/absl/include/absl/time/internal/cctz/testdata/zoneinfo/Canada
[126.559s] -- Installing: /home/ros2/ros2_learn/cartoros2_ws/install/absl/include/absl/time/internal/cctz/testdata/zoneinfo/Australia
[126.559s] -- Installing: /home/ros2/ros2_learn/cartoros2_ws/install/absl/include/absl/time/internal/cctz/testdata/zoneinfo/Etc
[126.560s] -- Installing: /home/ros2/ros2_learn/cartoros2_ws/install/absl/include/absl/time/internal/cctz/testdata/zoneinfo/America
[126.560s] -- Installing: /home/ros2/ros2_learn/cartoros2_ws/install/absl/include/absl/time/internal/cctz/testdata/zoneinfo/America/Argentina
[126.560s] -- Installing: /home/ros2/ros2_learn/cartoros2_ws/install/absl/include/absl/time/internal/cctz/testdata/zoneinfo/America/North_Dakota
[126.560s] -- Installing: /home/ros2/ros2_learn/cartoros2_ws/install/absl/include/absl/time/internal/cctz/testdata/zoneinfo/America/Indiana
[126.560s] -- Installing: /home/ros2/ros2_learn/cartoros2_ws/install/absl/include/absl/time/internal/cctz/testdata/zoneinfo/America/Kentucky
[126.560s] -- Installing: /home/ros2/ros2_learn/cartoros2_ws/install/absl/include/absl/time/internal/cctz/testdata/zoneinfo/US
[126.560s] -- Installing: /home/ros2/ros2_learn/cartoros2_ws/install/absl/include/absl/time/internal/cctz/testdata/zoneinfo/Antarctica
[126.561s] -- Installing: /home/ros2/ros2_learn/cartoros2_ws/install/absl/include/absl/time/internal/cctz/testdata/zoneinfo/Mexico
[126.561s] -- Installing: /home/ros2/ros2_learn/cartoros2_ws/install/absl/include/absl/time/internal/cctz/testdata/zoneinfo/Atlantic
[126.561s] -- Installing: /home/ros2/ros2_learn/cartoros2_ws/install/absl/include/absl/time/internal/cctz/testdata/zoneinfo/Africa
[126.561s] -- Installing: /home/ros2/ros2_learn/cartoros2_ws/install/absl/include/absl/time/internal/cctz/testdata/zoneinfo/Asia
[126.562s] -- Installing: /home/ros2/ros2_learn/cartoros2_ws/install/absl/include/absl/time/internal/cctz/testdata/zoneinfo/Europe
[126.562s] -- Installing: /home/ros2/ros2_learn/cartoros2_ws/install/absl/include/absl/time/internal/cctz/testdata/zoneinfo/Brazil
[126.562s] -- Installing: /home/ros2/ros2_learn/cartoros2_ws/install/absl/include/absl/time/internal/cctz/testdata/zoneinfo/Chile
[126.563s] -- Installing: /home/ros2/ros2_learn/cartoros2_ws/install/absl/include/absl/time/internal/cctz/testdata/zoneinfo/Arctic
[126.563s] -- Installing: /home/ros2/ros2_learn/cartoros2_ws/install/absl/include/absl/time/internal/cctz/testdata/zoneinfo/Indian
[126.563s] -- Installing: /home/ros2/ros2_learn/cartoros2_ws/install/absl/include/absl/time/internal/cctz/testdata/zoneinfo/Pacific
[126.563s] -- Installing: /home/ros2/ros2_learn/cartoros2_ws/install/absl/include/absl/time/internal/cctz/include
[126.563s] -- Installing: /home/ros2/ros2_learn/cartoros2_ws/install/absl/include/absl/time/internal/cctz/include/cctz
[126.563s] -- Installing: /home/ros2/ros2_learn/cartoros2_ws/install/absl/include/absl/time/internal/cctz/include/cctz/time_zone.h
[126.563s] -- Installing: /home/ros2/ros2_learn/cartoros2_ws/install/absl/include/absl/time/internal/cctz/include/cctz/civil_time_detail.h
[126.563s] -- Installing: /home/ros2/ros2_learn/cartoros2_ws/install/absl/include/absl/time/internal/cctz/include/cctz/civil_time.h
[126.563s] -- Installing: /home/ros2/ros2_learn/cartoros2_ws/install/absl/include/absl/time/internal/cctz/include/cctz/zone_info_source.h
[126.563s] -- Installing: /home/ros2/ros2_learn/cartoros2_ws/install/absl/include/absl/time/civil_time.h
[126.564s] -- Installing: /home/ros2/ros2_learn/cartoros2_ws/install/absl/include/absl/time/time.h
[126.564s] -- Installing: /home/ros2/ros2_learn/cartoros2_ws/install/absl/include/absl/time/clock.h
[126.564s] -- Installing: /home/ros2/ros2_learn/cartoros2_ws/install/absl/include/absl/synchronization
[126.564s] -- Installing: /home/ros2/ros2_learn/cartoros2_ws/install/absl/include/absl/synchronization/internal
[126.564s] -- Installing: /home/ros2/ros2_learn/cartoros2_ws/install/absl/include/absl/synchronization/internal/thread_pool.h
[126.564s] -- Installing: /home/ros2/ros2_learn/cartoros2_ws/install/absl/include/absl/synchronization/internal/mutex_nonprod.inc
[126.564s] -- Installing: /home/ros2/ros2_learn/cartoros2_ws/install/absl/include/absl/synchronization/internal/per_thread_sem.h
[126.564s] -- Installing: /home/ros2/ros2_learn/cartoros2_ws/install/absl/include/absl/synchronization/internal/graphcycles.h
[126.564s] -- Installing: /home/ros2/ros2_learn/cartoros2_ws/install/absl/include/absl/synchronization/internal/create_thread_identity.h
[126.565s] -- Installing: /home/ros2/ros2_learn/cartoros2_ws/install/absl/include/absl/synchronization/internal/kernel_timeout.h
[126.565s] -- Installing: /home/ros2/ros2_learn/cartoros2_ws/install/absl/include/absl/synchronization/internal/waiter.h
[126.565s] -- Installing: /home/ros2/ros2_learn/cartoros2_ws/install/absl/include/absl/synchronization/barrier.h
[126.565s] -- Installing: /home/ros2/ros2_learn/cartoros2_ws/install/absl/include/absl/synchronization/notification.h
[126.565s] -- Installing: /home/ros2/ros2_learn/cartoros2_ws/install/absl/include/absl/synchronization/mutex.h
[126.565s] -- Installing: /home/ros2/ros2_learn/cartoros2_ws/install/absl/include/absl/synchronization/blocking_counter.h
[126.565s] -- Installing: /home/ros2/ros2_learn/cartoros2_ws/install/absl/include/absl/types
[126.565s] -- Installing: /home/ros2/ros2_learn/cartoros2_ws/install/absl/include/absl/types/internal
[126.565s] -- Installing: /home/ros2/ros2_learn/cartoros2_ws/install/absl/include/absl/types/internal/optional.h
[126.565s] -- Installing: /home/ros2/ros2_learn/cartoros2_ws/install/absl/include/absl/types/internal/span.h
[126.565s] -- Installing: /home/ros2/ros2_learn/cartoros2_ws/install/absl/include/absl/types/internal/variant.h
[126.565s] -- Installing: /home/ros2/ros2_learn/cartoros2_ws/install/absl/include/absl/types/optional.h
[126.565s] -- Installing: /home/ros2/ros2_learn/cartoros2_ws/install/absl/include/absl/types/bad_optional_access.h
[126.565s] -- Installing: /home/ros2/ros2_learn/cartoros2_ws/install/absl/include/absl/types/span.h
[126.565s] -- Installing: /home/ros2/ros2_learn/cartoros2_ws/install/absl/include/absl/types/variant.h
[126.566s] -- Installing: /home/ros2/ros2_learn/cartoros2_ws/install/absl/include/absl/types/any.h
[126.566s] -- Installing: /home/ros2/ros2_learn/cartoros2_ws/install/absl/include/absl/types/bad_any_cast.h
[126.566s] -- Installing: /home/ros2/ros2_learn/cartoros2_ws/install/absl/include/absl/types/bad_variant_access.h
[126.566s] -- Installing: /home/ros2/ros2_learn/cartoros2_ws/install/absl/include/absl/utility
[126.567s] -- Installing: /home/ros2/ros2_learn/cartoros2_ws/install/absl/include/absl/utility/utility.h
[126.567s] -- Installing: /home/ros2/ros2_learn/cartoros2_ws/install/absl/include/absl/copts
[126.567s] -- Installing: /home/ros2/ros2_learn/cartoros2_ws/install/absl/include/absl/container
[126.568s] -- Installing: /home/ros2/ros2_learn/cartoros2_ws/install/absl/include/absl/container/node_hash_set.h
[126.568s] -- Installing: /home/ros2/ros2_learn/cartoros2_ws/install/absl/include/absl/container/internal
[126.568s] -- Installing: /home/ros2/ros2_learn/cartoros2_ws/install/absl/include/absl/container/internal/counting_allocator.h
[126.568s] -- Installing: /home/ros2/ros2_learn/cartoros2_ws/install/absl/include/absl/container/internal/compressed_tuple.h
[126.568s] -- Installing: /home/ros2/ros2_learn/cartoros2_ws/install/absl/include/absl/container/internal/unordered_map_lookup_test.h
[126.568s] -- Installing: /home/ros2/ros2_learn/cartoros2_ws/install/absl/include/absl/container/internal/have_sse.h
[126.568s] -- Installing: /home/ros2/ros2_learn/cartoros2_ws/install/absl/include/absl/container/internal/hashtable_debug.h
[126.568s] -- Installing: /home/ros2/ros2_learn/cartoros2_ws/install/absl/include/absl/container/internal/hash_policy_testing.h
[126.568s] -- Installing: /home/ros2/ros2_learn/cartoros2_ws/install/absl/include/absl/container/internal/unordered_set_lookup_test.h
[126.569s] -- Installing: /home/ros2/ros2_learn/cartoros2_ws/install/absl/include/absl/container/internal/unordered_map_modifiers_test.h
[126.569s] -- Installing: /home/ros2/ros2_learn/cartoros2_ws/install/absl/include/absl/container/internal/raw_hash_map.h
[126.569s] -- Installing: /home/ros2/ros2_learn/cartoros2_ws/install/absl/include/absl/container/internal/hash_generator_testing.h
[126.569s] -- Installing: /home/ros2/ros2_learn/cartoros2_ws/install/absl/include/absl/container/internal/hashtablez_sampler.h
[126.569s] -- Installing: /home/ros2/ros2_learn/cartoros2_ws/install/absl/include/absl/container/internal/unordered_map_constructor_test.h
[126.569s] -- Installing: /home/ros2/ros2_learn/cartoros2_ws/install/absl/include/absl/container/internal/unordered_map_members_test.h
[126.569s] -- Installing: /home/ros2/ros2_learn/cartoros2_ws/install/absl/include/absl/container/internal/node_hash_policy.h
[126.569s] -- Installing: /home/ros2/ros2_learn/cartoros2_ws/install/absl/include/absl/container/internal/hash_policy_traits.h
[126.569s] -- Installing: /home/ros2/ros2_learn/cartoros2_ws/install/absl/include/absl/container/internal/container_memory.h
[126.570s] -- Installing: /home/ros2/ros2_learn/cartoros2_ws/install/absl/include/absl/container/internal/unordered_set_modifiers_test.h
[126.570s] -- Installing: /home/ros2/ros2_learn/cartoros2_ws/install/absl/include/absl/container/internal/unordered_set_constructor_test.h
[126.570s] -- Installing: /home/ros2/ros2_learn/cartoros2_ws/install/absl/include/absl/container/internal/common.h
[126.570s] -- Installing: /home/ros2/ros2_learn/cartoros2_ws/install/absl/include/absl/container/internal/layout.h
[126.570s] -- Installing: /home/ros2/ros2_learn/cartoros2_ws/install/absl/include/absl/container/internal/hashtable_debug_hooks.h
[126.570s] -- Installing: /home/ros2/ros2_learn/cartoros2_ws/install/absl/include/absl/container/internal/inlined_vector.h
[126.570s] -- Installing: /home/ros2/ros2_learn/cartoros2_ws/install/absl/include/absl/container/internal/unordered_set_members_test.h
[126.570s] -- Installing: /home/ros2/ros2_learn/cartoros2_ws/install/absl/include/absl/container/internal/hash_function_defaults.h
[126.571s] -- Installing: /home/ros2/ros2_learn/cartoros2_ws/install/absl/include/absl/container/internal/raw_hash_set.h
[126.571s] -- Installing: /home/ros2/ros2_learn/cartoros2_ws/install/absl/include/absl/container/internal/test_instance_tracker.h
[126.571s] -- Installing: /home/ros2/ros2_learn/cartoros2_ws/install/absl/include/absl/container/internal/tracked.h
[126.571s] -- Installing: /home/ros2/ros2_learn/cartoros2_ws/install/absl/include/absl/container/flat_hash_map.h
[126.571s] -- Installing: /home/ros2/ros2_learn/cartoros2_ws/install/absl/include/absl/container/flat_hash_set.h
[126.571s] -- Installing: /home/ros2/ros2_learn/cartoros2_ws/install/absl/include/absl/container/fixed_array.h
[126.571s] -- Installing: /home/ros2/ros2_learn/cartoros2_ws/install/absl/include/absl/container/node_hash_map.h
[126.571s] -- Installing: /home/ros2/ros2_learn/cartoros2_ws/install/absl/include/absl/container/inlined_vector.h
[126.571s] -- Installing: /home/ros2/ros2_learn/cartoros2_ws/install/absl/include/absl/debugging
[126.571s] -- Installing: /home/ros2/ros2_learn/cartoros2_ws/install/absl/include/absl/debugging/internal
[126.571s] -- Installing: /home/ros2/ros2_learn/cartoros2_ws/install/absl/include/absl/debugging/internal/stacktrace_generic-inl.inc
[126.571s] -- Installing: /home/ros2/ros2_learn/cartoros2_ws/install/absl/include/absl/debugging/internal/stacktrace_x86-inl.inc
[126.572s] -- Installing: /home/ros2/ros2_learn/cartoros2_ws/install/absl/include/absl/debugging/internal/stack_consumption.h
[126.572s] -- Installing: /home/ros2/ros2_learn/cartoros2_ws/install/absl/include/absl/debugging/internal/stacktrace_aarch64-inl.inc
[126.572s] -- Installing: /home/ros2/ros2_learn/cartoros2_ws/install/absl/include/absl/debugging/internal/elf_mem_image.h
[126.572s] -- Installing: /home/ros2/ros2_learn/cartoros2_ws/install/absl/include/absl/debugging/internal/vdso_support.h
[126.572s] -- Installing: /home/ros2/ros2_learn/cartoros2_ws/install/absl/include/absl/debugging/internal/stacktrace_unimplemented-inl.inc
[126.573s] -- Installing: /home/ros2/ros2_learn/cartoros2_ws/install/absl/include/absl/debugging/internal/stacktrace_arm-inl.inc
[126.573s] -- Installing: /home/ros2/ros2_learn/cartoros2_ws/install/absl/include/absl/debugging/internal/stacktrace_win32-inl.inc
[126.573s] -- Installing: /home/ros2/ros2_learn/cartoros2_ws/install/absl/include/absl/debugging/internal/stacktrace_powerpc-inl.inc
[126.573s] -- Installing: /home/ros2/ros2_learn/cartoros2_ws/install/absl/include/absl/debugging/internal/symbolize.h
[126.573s] -- Installing: /home/ros2/ros2_learn/cartoros2_ws/install/absl/include/absl/debugging/internal/address_is_readable.h
[126.574s] -- Installing: /home/ros2/ros2_learn/cartoros2_ws/install/absl/include/absl/debugging/internal/examine_stack.h
[126.574s] -- Installing: /home/ros2/ros2_learn/cartoros2_ws/install/absl/include/absl/debugging/internal/stacktrace_config.h
[126.574s] -- Installing: /home/ros2/ros2_learn/cartoros2_ws/install/absl/include/absl/debugging/internal/demangle.h
[126.574s] -- Installing: /home/ros2/ros2_learn/cartoros2_ws/install/absl/include/absl/debugging/symbolize_win32.inc
[126.575s] -- Installing: /home/ros2/ros2_learn/cartoros2_ws/install/absl/include/absl/debugging/leak_check.h
[126.576s] -- Installing: /home/ros2/ros2_learn/cartoros2_ws/install/absl/include/absl/debugging/symbolize.h
[126.576s] -- Installing: /home/ros2/ros2_learn/cartoros2_ws/install/absl/include/absl/debugging/symbolize_unimplemented.inc
[126.576s] -- Installing: /home/ros2/ros2_learn/cartoros2_ws/install/absl/include/absl/debugging/stacktrace.h
[126.577s] -- Installing: /home/ros2/ros2_learn/cartoros2_ws/install/absl/include/absl/debugging/failure_signal_handler.h
[126.577s] -- Installing: /home/ros2/ros2_learn/cartoros2_ws/install/absl/include/absl/debugging/symbolize_elf.inc
[126.577s] -- Installing: /home/ros2/ros2_learn/cartoros2_ws/install/absl/include/absl/numeric
[126.577s] -- Installing: /home/ros2/ros2_learn/cartoros2_ws/install/absl/include/absl/numeric/int128_no_intrinsic.inc
[126.577s] -- Installing: /home/ros2/ros2_learn/cartoros2_ws/install/absl/include/absl/numeric/int128_have_intrinsic.inc
[126.577s] -- Installing: /home/ros2/ros2_learn/cartoros2_ws/install/absl/include/absl/numeric/int128.h
[126.577s] -- Installing: /home/ros2/ros2_learn/cartoros2_ws/install/absl/include/absl/hash
[126.578s] -- Installing: /home/ros2/ros2_learn/cartoros2_ws/install/absl/include/absl/hash/internal
[126.579s] -- Installing: /home/ros2/ros2_learn/cartoros2_ws/install/absl/include/absl/hash/internal/hash.h
[126.579s] -- Installing: /home/ros2/ros2_learn/cartoros2_ws/install/absl/include/absl/hash/internal/city.h
[126.579s] -- Installing: /home/ros2/ros2_learn/cartoros2_ws/install/absl/include/absl/hash/internal/spy_hash_state.h
[126.579s] -- Installing: /home/ros2/ros2_learn/cartoros2_ws/install/absl/include/absl/hash/hash.h
[126.579s] -- Installing: /home/ros2/ros2_learn/cartoros2_ws/install/absl/include/absl/hash/hash_testing.h
[126.579s] -- Installing: /home/ros2/ros2_learn/cartoros2_ws/install/absl/include/absl/meta
[126.579s] -- Installing: /home/ros2/ros2_learn/cartoros2_ws/install/absl/include/absl/meta/type_traits.h
[126.580s] -- Installing: /home/ros2/ros2_learn/cartoros2_ws/install/absl/lib/libabsl_spinlock_wait.a
[126.580s] -- Installing: /home/ros2/ros2_learn/cartoros2_ws/install/absl/lib/libabsl_dynamic_annotations.a
[126.580s] -- Installing: /home/ros2/ros2_learn/cartoros2_ws/install/absl/lib/libabsl_malloc_internal.a
[126.580s] -- Installing: /home/ros2/ros2_learn/cartoros2_ws/install/absl/lib/libabsl_base.a
[126.580s] -- Installing: /home/ros2/ros2_learn/cartoros2_ws/install/absl/lib/libabsl_throw_delegate.a
[126.581s] -- Installing: /home/ros2/ros2_learn/cartoros2_ws/install/absl/lib/libabsl_scoped_set_env.a
[126.581s] -- Installing: /home/ros2/ros2_learn/cartoros2_ws/install/absl/lib/libabsl_hashtablez_sampler.a
[126.582s] -- Installing: /home/ros2/ros2_learn/cartoros2_ws/install/absl/lib/libabsl_raw_hash_set.a
[126.583s] -- Installing: /home/ros2/ros2_learn/cartoros2_ws/install/absl/lib/libabsl_stacktrace.a
[126.583s] -- Installing: /home/ros2/ros2_learn/cartoros2_ws/install/absl/lib/libabsl_symbolize.a
[126.583s] -- Installing: /home/ros2/ros2_learn/cartoros2_ws/install/absl/lib/libabsl_examine_stack.a
[126.583s] -- Installing: /home/ros2/ros2_learn/cartoros2_ws/install/absl/lib/libabsl_failure_signal_handler.a
[126.584s] -- Installing: /home/ros2/ros2_learn/cartoros2_ws/install/absl/lib/libabsl_debugging_internal.a
[126.584s] -- Installing: /home/ros2/ros2_learn/cartoros2_ws/install/absl/lib/libabsl_demangle_internal.a
[126.584s] -- Installing: /home/ros2/ros2_learn/cartoros2_ws/install/absl/lib/libabsl_leak_check.a
[126.584s] -- Installing: /home/ros2/ros2_learn/cartoros2_ws/install/absl/lib/libabsl_leak_check_disable.a
[126.584s] -- Installing: /home/ros2/ros2_learn/cartoros2_ws/install/absl/lib/libabsl_hash.a
[126.584s] -- Installing: /home/ros2/ros2_learn/cartoros2_ws/install/absl/lib/libabsl_city.a
[126.584s] -- Installing: /home/ros2/ros2_learn/cartoros2_ws/install/absl/lib/libabsl_int128.a
[126.584s] -- Installing: /home/ros2/ros2_learn/cartoros2_ws/install/absl/lib/libabsl_strings.a
[126.584s] -- Installing: /home/ros2/ros2_learn/cartoros2_ws/install/absl/lib/libabsl_strings_internal.a
[126.584s] -- Installing: /home/ros2/ros2_learn/cartoros2_ws/install/absl/lib/libabsl_str_format_internal.a
[126.584s] -- Installing: /home/ros2/ros2_learn/cartoros2_ws/install/absl/lib/libabsl_graphcycles_internal.a
[126.584s] -- Installing: /home/ros2/ros2_learn/cartoros2_ws/install/absl/lib/libabsl_synchronization.a
[126.584s] -- Installing: /home/ros2/ros2_learn/cartoros2_ws/install/absl/lib/libabsl_time.a
[126.584s] -- Installing: /home/ros2/ros2_learn/cartoros2_ws/install/absl/lib/libabsl_civil_time.a
[126.584s] -- Installing: /home/ros2/ros2_learn/cartoros2_ws/install/absl/lib/libabsl_time_zone.a
[126.584s] -- Installing: /home/ros2/ros2_learn/cartoros2_ws/install/absl/lib/libabsl_bad_any_cast_impl.a
[126.585s] -- Installing: /home/ros2/ros2_learn/cartoros2_ws/install/absl/lib/libabsl_bad_optional_access.a
[126.585s] -- Installing: /home/ros2/ros2_learn/cartoros2_ws/install/absl/lib/libabsl_bad_variant_access.a
[126.603s] Invoked command in '/home/ros2/ros2_learn/cartoros2_ws/build/absl' returned '0': /usr/bin/cmake --install /home/ros2/ros2_learn/cartoros2_ws/build/absl
