[0.905s] Invoking command in '/home/ros2/ros2_learn/turtle_ws/src/village_li': PYTHONPATH=/home/ros2/ros2_learn/turtle_ws/src/build/village_li/prefix_override:/home/ros2/ros2_learn/turtle_ws/src/install/village_li/lib/python3.8/site-packages:${PYTHONPATH} /usr/bin/python3 setup.py egg_info --egg-base ../build/village_li build --build-base /home/ros2/ros2_learn/turtle_ws/src/build/village_li/build install --record /home/ros2/ros2_learn/turtle_ws/src/build/village_li/install.log --single-version-externally-managed
[1.256s] running egg_info
[1.258s] writing ../build/village_li/village_li.egg-info/PKG-INFO
[1.259s] writing dependency_links to ../build/village_li/village_li.egg-info/dependency_links.txt
[1.260s] writing entry points to ../build/village_li/village_li.egg-info/entry_points.txt
[1.261s] writing requirements to ../build/village_li/village_li.egg-info/requires.txt
[1.261s] writing top-level names to ../build/village_li/village_li.egg-info/top_level.txt
[1.360s] reading manifest file '../build/village_li/village_li.egg-info/SOURCES.txt'
[1.362s] writing manifest file '../build/village_li/village_li.egg-info/SOURCES.txt'
[1.363s] running build
[1.363s] running build_py
[1.363s] copying village_li/li4.py -> /home/ros2/ros2_learn/turtle_ws/src/build/village_li/build/lib/village_li
[1.363s] running install
[1.364s] running install_lib
[1.366s] copying /home/ros2/ros2_learn/turtle_ws/src/build/village_li/build/lib/village_li/li4.py -> /home/ros2/ros2_learn/turtle_ws/src/install/village_li/lib/python3.8/site-packages/village_li
[1.368s] byte-compiling /home/ros2/ros2_learn/turtle_ws/src/install/village_li/lib/python3.8/site-packages/village_li/li4.py to li4.cpython-38.pyc
[1.372s] running install_data
[1.374s] running install_egg_info
[1.380s] removing '/home/ros2/ros2_learn/turtle_ws/src/install/village_li/lib/python3.8/site-packages/village_li-0.0.0-py3.8.egg-info' (and everything under it)
[1.381s] Copying ../build/village_li/village_li.egg-info to /home/ros2/ros2_learn/turtle_ws/src/install/village_li/lib/python3.8/site-packages/village_li-0.0.0-py3.8.egg-info
[1.383s] running install_scripts
[1.437s] Installing li4_node script to /home/ros2/ros2_learn/turtle_ws/src/install/village_li/lib/village_li
[1.438s] writing list of installed files to '/home/ros2/ros2_learn/turtle_ws/src/build/village_li/install.log'
[1.498s] Invoked command in '/home/ros2/ros2_learn/turtle_ws/src/village_li' returned '0': PYTHONPATH=/home/ros2/ros2_learn/turtle_ws/src/build/village_li/prefix_override:/home/ros2/ros2_learn/turtle_ws/src/install/village_li/lib/python3.8/site-packages:${PYTHONPATH} /usr/bin/python3 setup.py egg_info --egg-base ../build/village_li build --build-base /home/ros2/ros2_learn/turtle_ws/src/build/village_li/build install --record /home/ros2/ros2_learn/turtle_ws/src/build/village_li/install.log --single-version-externally-managed
