[1.250s] DEBUG:colcon:Command line arguments: ['/usr/bin/colcon', 'build']
[1.250s] DEBUG:colcon:Parsed command line arguments: Namespace(allow_overriding=[], ament_cmake_args=None, base_paths=['.'], build_base='build', catkin_cmake_args=None, catkin_skip_building_tests=False, cmake_args=None, cmake_clean_cache=False, cmake_clean_first=False, cmake_force_configure=False, cmake_target=None, cmake_target_skip_unavailable=False, continue_on_error=False, event_handlers=None, executor='parallel', ignore_user_meta=False, install_base='install', log_base=None, log_level=None, main=<bound method BuildVerb.main of <colcon_core.verb.build.BuildVerb object at 0x7f5d32ccfe50>>, merge_install=False, metas=['./colcon.meta'], packages_above=None, packages_above_and_dependencies=None, packages_above_depth=None, packages_end=None, packages_ignore=None, packages_ignore_regex=None, packages_select=None, packages_select_build_failed=False, packages_select_by_dep=None, packages_select_regex=None, packages_select_test_failures=False, packages_skip=None, packages_skip_build_finished=False, packages_skip_by_dep=None, packages_skip_regex=None, packages_skip_test_passed=False, packages_skip_up_to=None, packages_start=None, packages_up_to=None, packages_up_to_regex=None, parallel_workers=4, paths=None, symlink_install=False, test_result_base=None, verb_extension=<colcon_core.verb.build.BuildVerb object at 0x7f5d32ccfe50>, verb_name='build', verb_parser=<colcon_defaults.argument_parser.defaults.DefaultArgumentsDecorator object at 0x7f5d32cd9400>)
[1.341s] Level 1:colcon.colcon_core.package_discovery:discover_packages(colcon_meta) check parameters
[1.341s] Level 1:colcon.colcon_core.package_discovery:discover_packages(recursive) check parameters
[1.342s] Level 1:colcon.colcon_core.package_discovery:discover_packages(ignore) check parameters
[1.342s] Level 1:colcon.colcon_core.package_discovery:discover_packages(path) check parameters
[1.342s] Level 1:colcon.colcon_core.package_discovery:discover_packages(colcon_meta) discover
[1.343s] Level 1:colcon.colcon_core.package_discovery:discover_packages(recursive) discover
[1.343s] INFO:colcon.colcon_core.package_discovery:Crawling recursively for packages in '/home/ros2/ros2_learn/turtle_ws/src'
[1.343s] Level 1:colcon.colcon_core.package_identification:_identify(.) by extensions ['ignore', 'ignore_ament_install']
[1.344s] Level 1:colcon.colcon_core.package_identification:_identify(.) by extension 'ignore'
[1.344s] Level 1:colcon.colcon_core.package_identification:_identify(.) by extension 'ignore_ament_install'
[1.344s] Level 1:colcon.colcon_core.package_identification:_identify(.) by extensions ['colcon_pkg']
[1.344s] Level 1:colcon.colcon_core.package_identification:_identify(.) by extension 'colcon_pkg'
[1.345s] Level 1:colcon.colcon_core.package_identification:_identify(.) by extensions ['colcon_meta']
[1.345s] Level 1:colcon.colcon_core.package_identification:_identify(.) by extension 'colcon_meta'
[1.345s] Level 1:colcon.colcon_core.package_identification:_identify(.) by extensions ['ros']
[1.345s] Level 1:colcon.colcon_core.package_identification:_identify(.) by extension 'ros'
[1.411s] Level 1:colcon.colcon_core.package_identification:_identify(.) by extensions ['cmake', 'python']
[1.411s] Level 1:colcon.colcon_core.package_identification:_identify(.) by extension 'cmake'
[1.411s] Level 1:colcon.colcon_core.package_identification:_identify(.) by extension 'python'
[1.412s] Level 1:colcon.colcon_core.package_identification:_identify(.) by extensions ['python_setup_py']
[1.412s] Level 1:colcon.colcon_core.package_identification:_identify(.) by extension 'python_setup_py'
[1.412s] Level 1:colcon.colcon_core.package_identification:_identify(build) by extensions ['ignore', 'ignore_ament_install']
[1.413s] Level 1:colcon.colcon_core.package_identification:_identify(build) by extension 'ignore'
[1.413s] Level 1:colcon.colcon_core.package_identification:_identify(build) ignored
[1.413s] Level 1:colcon.colcon_core.package_identification:_identify(install) by extensions ['ignore', 'ignore_ament_install']
[1.414s] Level 1:colcon.colcon_core.package_identification:_identify(install) by extension 'ignore'
[1.414s] Level 1:colcon.colcon_core.package_identification:_identify(install) ignored
[1.414s] Level 1:colcon.colcon_core.package_identification:_identify(log) by extensions ['ignore', 'ignore_ament_install']
[1.415s] Level 1:colcon.colcon_core.package_identification:_identify(log) by extension 'ignore'
[1.415s] Level 1:colcon.colcon_core.package_identification:_identify(log) ignored
[1.415s] Level 1:colcon.colcon_core.package_identification:_identify(village_interfaces) by extensions ['ignore', 'ignore_ament_install']
[1.416s] Level 1:colcon.colcon_core.package_identification:_identify(village_interfaces) by extension 'ignore'
[1.416s] Level 1:colcon.colcon_core.package_identification:_identify(village_interfaces) by extension 'ignore_ament_install'
[1.416s] Level 1:colcon.colcon_core.package_identification:_identify(village_interfaces) by extensions ['colcon_pkg']
[1.416s] Level 1:colcon.colcon_core.package_identification:_identify(village_interfaces) by extension 'colcon_pkg'
[1.417s] Level 1:colcon.colcon_core.package_identification:_identify(village_interfaces) by extensions ['colcon_meta']
[1.417s] Level 1:colcon.colcon_core.package_identification:_identify(village_interfaces) by extension 'colcon_meta'
[1.417s] Level 1:colcon.colcon_core.package_identification:_identify(village_interfaces) by extensions ['ros']
[1.417s] Level 1:colcon.colcon_core.package_identification:_identify(village_interfaces) by extension 'ros'
[1.428s] DEBUG:colcon.colcon_core.package_identification:Package 'village_interfaces' with type 'ros.ament_cmake' and name 'village_interfaces'
[1.429s] Level 1:colcon.colcon_core.package_identification:_identify(village_li) by extensions ['ignore', 'ignore_ament_install']
[1.430s] Level 1:colcon.colcon_core.package_identification:_identify(village_li) by extension 'ignore'
[1.430s] Level 1:colcon.colcon_core.package_identification:_identify(village_li) by extension 'ignore_ament_install'
[1.431s] Level 1:colcon.colcon_core.package_identification:_identify(village_li) by extensions ['colcon_pkg']
[1.431s] Level 1:colcon.colcon_core.package_identification:_identify(village_li) by extension 'colcon_pkg'
[1.431s] Level 1:colcon.colcon_core.package_identification:_identify(village_li) by extensions ['colcon_meta']
[1.431s] Level 1:colcon.colcon_core.package_identification:_identify(village_li) by extension 'colcon_meta'
[1.431s] Level 1:colcon.colcon_core.package_identification:_identify(village_li) by extensions ['ros']
[1.431s] Level 1:colcon.colcon_core.package_identification:_identify(village_li) by extension 'ros'
[1.434s] DEBUG:colcon.colcon_core.package_identification:Package 'village_li' with type 'ros.ament_python' and name 'village_li'
[1.434s] Level 1:colcon.colcon_core.package_identification:_identify(village_wang) by extensions ['ignore', 'ignore_ament_install']
[1.435s] Level 1:colcon.colcon_core.package_identification:_identify(village_wang) by extension 'ignore'
[1.435s] Level 1:colcon.colcon_core.package_identification:_identify(village_wang) by extension 'ignore_ament_install'
[1.435s] Level 1:colcon.colcon_core.package_identification:_identify(village_wang) by extensions ['colcon_pkg']
[1.435s] Level 1:colcon.colcon_core.package_identification:_identify(village_wang) by extension 'colcon_pkg'
[1.435s] Level 1:colcon.colcon_core.package_identification:_identify(village_wang) by extensions ['colcon_meta']
[1.435s] Level 1:colcon.colcon_core.package_identification:_identify(village_wang) by extension 'colcon_meta'
[1.436s] Level 1:colcon.colcon_core.package_identification:_identify(village_wang) by extensions ['ros']
[1.436s] Level 1:colcon.colcon_core.package_identification:_identify(village_wang) by extension 'ros'
[1.438s] DEBUG:colcon.colcon_core.package_identification:Package 'village_wang' with type 'ros.ament_python' and name 'village_wang'
[1.438s] Level 1:colcon.colcon_core.package_discovery:discover_packages(recursive) using defaults
[1.439s] Level 1:colcon.colcon_core.package_discovery:discover_packages(ignore) discover
[1.439s] Level 1:colcon.colcon_core.package_discovery:discover_packages(ignore) using defaults
[1.439s] Level 1:colcon.colcon_core.package_discovery:discover_packages(path) discover
[1.439s] Level 1:colcon.colcon_core.package_discovery:discover_packages(path) using defaults
[1.514s] Level 1:colcon.colcon_core.package_discovery:discover_packages(prefix_path) check parameters
[1.515s] Level 1:colcon.colcon_core.package_discovery:discover_packages(prefix_path) discover
[1.524s] DEBUG:colcon.colcon_installed_package_information.package_discovery:Found 3 installed packages in /home/ros2/ros2_learn/turtle_ws/src/install
[1.529s] DEBUG:colcon.colcon_installed_package_information.package_discovery:Found 268 installed packages in /opt/ros/galactic
[1.536s] Level 1:colcon.colcon_core.package_discovery:discover_packages(prefix_path) using defaults
[1.812s] Level 5:colcon.colcon_core.verb:set package 'village_interfaces' build argument 'cmake_args' from command line to 'None'
[1.812s] Level 5:colcon.colcon_core.verb:set package 'village_interfaces' build argument 'cmake_target' from command line to 'None'
[1.812s] Level 5:colcon.colcon_core.verb:set package 'village_interfaces' build argument 'cmake_target_skip_unavailable' from command line to 'False'
[1.812s] Level 5:colcon.colcon_core.verb:set package 'village_interfaces' build argument 'cmake_clean_cache' from command line to 'False'
[1.812s] Level 5:colcon.colcon_core.verb:set package 'village_interfaces' build argument 'cmake_clean_first' from command line to 'False'
[1.813s] Level 5:colcon.colcon_core.verb:set package 'village_interfaces' build argument 'cmake_force_configure' from command line to 'False'
[1.813s] Level 5:colcon.colcon_core.verb:set package 'village_interfaces' build argument 'ament_cmake_args' from command line to 'None'
[1.813s] Level 5:colcon.colcon_core.verb:set package 'village_interfaces' build argument 'catkin_cmake_args' from command line to 'None'
[1.813s] Level 5:colcon.colcon_core.verb:set package 'village_interfaces' build argument 'catkin_skip_building_tests' from command line to 'False'
[1.813s] DEBUG:colcon.colcon_core.verb:Building package 'village_interfaces' with the following arguments: {'ament_cmake_args': None, 'build_base': '/home/ros2/ros2_learn/turtle_ws/src/build/village_interfaces', 'catkin_cmake_args': None, 'catkin_skip_building_tests': False, 'cmake_args': None, 'cmake_clean_cache': False, 'cmake_clean_first': False, 'cmake_force_configure': False, 'cmake_target': None, 'cmake_target_skip_unavailable': False, 'install_base': '/home/ros2/ros2_learn/turtle_ws/src/install/village_interfaces', 'merge_install': False, 'path': '/home/ros2/ros2_learn/turtle_ws/src/village_interfaces', 'symlink_install': False, 'test_result_base': None}
[1.818s] Level 5:colcon.colcon_core.verb:set package 'village_li' build argument 'cmake_args' from command line to 'None'
[1.818s] Level 5:colcon.colcon_core.verb:set package 'village_li' build argument 'cmake_target' from command line to 'None'
[1.818s] Level 5:colcon.colcon_core.verb:set package 'village_li' build argument 'cmake_target_skip_unavailable' from command line to 'False'
[1.818s] Level 5:colcon.colcon_core.verb:set package 'village_li' build argument 'cmake_clean_cache' from command line to 'False'
[1.818s] Level 5:colcon.colcon_core.verb:set package 'village_li' build argument 'cmake_clean_first' from command line to 'False'
[1.818s] Level 5:colcon.colcon_core.verb:set package 'village_li' build argument 'cmake_force_configure' from command line to 'False'
[1.819s] Level 5:colcon.colcon_core.verb:set package 'village_li' build argument 'ament_cmake_args' from command line to 'None'
[1.819s] Level 5:colcon.colcon_core.verb:set package 'village_li' build argument 'catkin_cmake_args' from command line to 'None'
[1.819s] Level 5:colcon.colcon_core.verb:set package 'village_li' build argument 'catkin_skip_building_tests' from command line to 'False'
[1.819s] DEBUG:colcon.colcon_core.verb:Building package 'village_li' with the following arguments: {'ament_cmake_args': None, 'build_base': '/home/ros2/ros2_learn/turtle_ws/src/build/village_li', 'catkin_cmake_args': None, 'catkin_skip_building_tests': False, 'cmake_args': None, 'cmake_clean_cache': False, 'cmake_clean_first': False, 'cmake_force_configure': False, 'cmake_target': None, 'cmake_target_skip_unavailable': False, 'install_base': '/home/ros2/ros2_learn/turtle_ws/src/install/village_li', 'merge_install': False, 'path': '/home/ros2/ros2_learn/turtle_ws/src/village_li', 'symlink_install': False, 'test_result_base': None}
[1.830s] Level 5:colcon.colcon_core.verb:set package 'village_wang' build argument 'cmake_args' from command line to 'None'
[1.831s] Level 5:colcon.colcon_core.verb:set package 'village_wang' build argument 'cmake_target' from command line to 'None'
[1.831s] Level 5:colcon.colcon_core.verb:set package 'village_wang' build argument 'cmake_target_skip_unavailable' from command line to 'False'
[1.831s] Level 5:colcon.colcon_core.verb:set package 'village_wang' build argument 'cmake_clean_cache' from command line to 'False'
[1.831s] Level 5:colcon.colcon_core.verb:set package 'village_wang' build argument 'cmake_clean_first' from command line to 'False'
[1.831s] Level 5:colcon.colcon_core.verb:set package 'village_wang' build argument 'cmake_force_configure' from command line to 'False'
[1.831s] Level 5:colcon.colcon_core.verb:set package 'village_wang' build argument 'ament_cmake_args' from command line to 'None'
[1.831s] Level 5:colcon.colcon_core.verb:set package 'village_wang' build argument 'catkin_cmake_args' from command line to 'None'
[1.831s] Level 5:colcon.colcon_core.verb:set package 'village_wang' build argument 'catkin_skip_building_tests' from command line to 'False'
[1.831s] DEBUG:colcon.colcon_core.verb:Building package 'village_wang' with the following arguments: {'ament_cmake_args': None, 'build_base': '/home/ros2/ros2_learn/turtle_ws/src/build/village_wang', 'catkin_cmake_args': None, 'catkin_skip_building_tests': False, 'cmake_args': None, 'cmake_clean_cache': False, 'cmake_clean_first': False, 'cmake_force_configure': False, 'cmake_target': None, 'cmake_target_skip_unavailable': False, 'install_base': '/home/ros2/ros2_learn/turtle_ws/src/install/village_wang', 'merge_install': False, 'path': '/home/ros2/ros2_learn/turtle_ws/src/village_wang', 'symlink_install': False, 'test_result_base': None}
[1.837s] INFO:colcon.colcon_core.executor:Executing jobs using 'parallel' executor
[1.854s] DEBUG:colcon.colcon_parallel_executor.executor.parallel:run_until_complete
[1.855s] INFO:colcon.colcon_ros.task.ament_cmake.build:Building ROS package in '/home/ros2/ros2_learn/turtle_ws/src/village_interfaces' with build type 'ament_cmake'
[1.863s] INFO:colcon.colcon_cmake.task.cmake.build:Building CMake package in '/home/ros2/ros2_learn/turtle_ws/src/village_interfaces'
[1.883s] INFO:colcon.colcon_core.plugin_system:Skipping extension 'colcon_core.shell.bat': Not used on non-Windows systems
[1.884s] INFO:colcon.colcon_core.shell:Skip shell extension 'powershell' for command environment: Not usable outside of PowerShell
[1.884s] DEBUG:colcon.colcon_core.shell:Skip shell extension 'dsv' for command environment
[1.914s] INFO:colcon.colcon_ros.task.ament_python.build:Building ROS package in '/home/ros2/ros2_learn/turtle_ws/src/village_li' with build type 'ament_python'
[1.915s] Level 1:colcon.colcon_core.shell:create_environment_hook('village_li', 'ament_prefix_path')
[1.919s] INFO:colcon.colcon_core.shell:Creating environment hook '/home/ros2/ros2_learn/turtle_ws/src/install/village_li/share/village_li/hook/ament_prefix_path.ps1'
[1.928s] INFO:colcon.colcon_core.shell:Creating environment descriptor '/home/ros2/ros2_learn/turtle_ws/src/install/village_li/share/village_li/hook/ament_prefix_path.dsv'
[1.930s] INFO:colcon.colcon_core.shell:Creating environment hook '/home/ros2/ros2_learn/turtle_ws/src/install/village_li/share/village_li/hook/ament_prefix_path.sh'
[1.939s] INFO:colcon.colcon_core.shell:Skip shell extension 'powershell' for command environment: Not usable outside of PowerShell
[1.940s] DEBUG:colcon.colcon_core.shell:Skip shell extension 'dsv' for command environment
[1.988s] INFO:colcon.colcon_ros.task.ament_python.build:Building ROS package in '/home/ros2/ros2_learn/turtle_ws/src/village_wang' with build type 'ament_python'
[1.996s] Level 1:colcon.colcon_core.shell:create_environment_hook('village_wang', 'ament_prefix_path')
[2.002s] INFO:colcon.colcon_core.shell:Creating environment hook '/home/ros2/ros2_learn/turtle_ws/src/install/village_wang/share/village_wang/hook/ament_prefix_path.ps1'
[2.006s] INFO:colcon.colcon_core.shell:Creating environment descriptor '/home/ros2/ros2_learn/turtle_ws/src/install/village_wang/share/village_wang/hook/ament_prefix_path.dsv'
[2.018s] INFO:colcon.colcon_core.shell:Creating environment hook '/home/ros2/ros2_learn/turtle_ws/src/install/village_wang/share/village_wang/hook/ament_prefix_path.sh'
[2.034s] INFO:colcon.colcon_core.shell:Skip shell extension 'powershell' for command environment: Not usable outside of PowerShell
[2.034s] DEBUG:colcon.colcon_core.shell:Skip shell extension 'dsv' for command environment
[2.090s] DEBUG:colcon.colcon_core.event_handler.log_command:Invoking command in '/home/ros2/ros2_learn/turtle_ws/src/build/village_interfaces': CMAKE_PREFIX_PATH=/home/ros2/ros2_learn/turtle_ws/src/install/village_wang:/home/ros2/ros2_learn/turtle_ws/src/install/village_li:/opt/ros/galactic /usr/bin/cmake --build /home/ros2/ros2_learn/turtle_ws/src/build/village_interfaces -- -j4 -l4
[3.222s] INFO:colcon.colcon_core.task.python.build:Building Python package in '/home/ros2/ros2_learn/turtle_ws/src/village_li'
[3.229s] INFO:colcon.colcon_core.shell:Skip shell extension 'powershell' for command environment: Not usable outside of PowerShell
[3.229s] DEBUG:colcon.colcon_core.shell:Skip shell extension 'dsv' for command environment
[4.319s] INFO:colcon.colcon_core.task.python.build:Building Python package in '/home/ros2/ros2_learn/turtle_ws/src/village_wang'
[4.327s] INFO:colcon.colcon_core.shell:Skip shell extension 'powershell' for command environment: Not usable outside of PowerShell
[4.329s] DEBUG:colcon.colcon_core.shell:Skip shell extension 'dsv' for command environment
[4.694s] DEBUG:colcon.colcon_core.event_handler.log_command:Invoked command in '/home/ros2/ros2_learn/turtle_ws/src/build/village_interfaces' returned '0': CMAKE_PREFIX_PATH=/home/ros2/ros2_learn/turtle_ws/src/install/village_wang:/home/ros2/ros2_learn/turtle_ws/src/install/village_li:/opt/ros/galactic /usr/bin/cmake --build /home/ros2/ros2_learn/turtle_ws/src/build/village_interfaces -- -j4 -l4
[5.367s] DEBUG:colcon.colcon_core.event_handler.log_command:Invoking command in '/home/ros2/ros2_learn/turtle_ws/src/build/village_interfaces': CMAKE_PREFIX_PATH=/home/ros2/ros2_learn/turtle_ws/src/install/village_wang:/home/ros2/ros2_learn/turtle_ws/src/install/village_li:/opt/ros/galactic /usr/bin/cmake --install /home/ros2/ros2_learn/turtle_ws/src/build/village_interfaces
[5.730s] Level 1:colcon.colcon_core.environment:create_environment_scripts_only(village_interfaces)
[5.741s] DEBUG:colcon.colcon_core.event_handler.log_command:Invoked command in '/home/ros2/ros2_learn/turtle_ws/src/build/village_interfaces' returned '0': CMAKE_PREFIX_PATH=/home/ros2/ros2_learn/turtle_ws/src/install/village_wang:/home/ros2/ros2_learn/turtle_ws/src/install/village_li:/opt/ros/galactic /usr/bin/cmake --install /home/ros2/ros2_learn/turtle_ws/src/build/village_interfaces
[5.798s] Level 1:colcon.colcon_core.environment:checking '/home/ros2/ros2_learn/turtle_ws/src/install/village_interfaces' for CMake module files
[5.800s] Level 1:colcon.colcon_core.environment:checking '/home/ros2/ros2_learn/turtle_ws/src/install/village_interfaces' for CMake config files
[5.805s] Level 1:colcon.colcon_core.shell:create_environment_hook('village_interfaces', 'cmake_prefix_path')
[5.825s] INFO:colcon.colcon_core.shell:Creating environment hook '/home/ros2/ros2_learn/turtle_ws/src/install/village_interfaces/share/village_interfaces/hook/cmake_prefix_path.ps1'
[5.844s] INFO:colcon.colcon_core.shell:Creating environment descriptor '/home/ros2/ros2_learn/turtle_ws/src/install/village_interfaces/share/village_interfaces/hook/cmake_prefix_path.dsv'
[5.846s] INFO:colcon.colcon_core.shell:Creating environment hook '/home/ros2/ros2_learn/turtle_ws/src/install/village_interfaces/share/village_interfaces/hook/cmake_prefix_path.sh'
[5.848s] Level 1:colcon.colcon_core.environment:checking '/home/ros2/ros2_learn/turtle_ws/src/install/village_interfaces/lib'
[5.849s] Level 1:colcon.colcon_core.shell:create_environment_hook('village_interfaces', 'ld_library_path_lib')
[5.853s] INFO:colcon.colcon_core.shell:Creating environment hook '/home/ros2/ros2_learn/turtle_ws/src/install/village_interfaces/share/village_interfaces/hook/ld_library_path_lib.ps1'
[5.872s] INFO:colcon.colcon_core.shell:Creating environment descriptor '/home/ros2/ros2_learn/turtle_ws/src/install/village_interfaces/share/village_interfaces/hook/ld_library_path_lib.dsv'
[5.875s] INFO:colcon.colcon_core.shell:Creating environment hook '/home/ros2/ros2_learn/turtle_ws/src/install/village_interfaces/share/village_interfaces/hook/ld_library_path_lib.sh'
[5.881s] Level 1:colcon.colcon_core.environment:checking '/home/ros2/ros2_learn/turtle_ws/src/install/village_interfaces/bin'
[5.882s] Level 1:colcon.colcon_core.environment:checking '/home/ros2/ros2_learn/turtle_ws/src/install/village_interfaces/lib/pkgconfig/village_interfaces.pc'
[5.887s] Level 1:colcon.colcon_core.environment:checking '/home/ros2/ros2_learn/turtle_ws/src/install/village_interfaces/lib/python3.8/site-packages'
[5.888s] Level 1:colcon.colcon_core.shell:create_environment_hook('village_interfaces', 'pythonpath')
[5.911s] INFO:colcon.colcon_core.shell:Creating environment hook '/home/ros2/ros2_learn/turtle_ws/src/install/village_interfaces/share/village_interfaces/hook/pythonpath.ps1'
[5.914s] INFO:colcon.colcon_core.shell:Creating environment descriptor '/home/ros2/ros2_learn/turtle_ws/src/install/village_interfaces/share/village_interfaces/hook/pythonpath.dsv'
[5.924s] INFO:colcon.colcon_core.shell:Creating environment hook '/home/ros2/ros2_learn/turtle_ws/src/install/village_interfaces/share/village_interfaces/hook/pythonpath.sh'
[5.935s] Level 1:colcon.colcon_core.environment:checking '/home/ros2/ros2_learn/turtle_ws/src/install/village_interfaces/bin'
[5.941s] INFO:colcon.colcon_core.shell:Creating package script '/home/ros2/ros2_learn/turtle_ws/src/install/village_interfaces/share/village_interfaces/package.ps1'
[5.952s] INFO:colcon.colcon_core.shell:Creating package descriptor '/home/ros2/ros2_learn/turtle_ws/src/install/village_interfaces/share/village_interfaces/package.dsv'
[5.963s] INFO:colcon.colcon_core.shell:Creating package script '/home/ros2/ros2_learn/turtle_ws/src/install/village_interfaces/share/village_interfaces/package.sh'
[5.968s] INFO:colcon.colcon_core.shell:Creating package script '/home/ros2/ros2_learn/turtle_ws/src/install/village_interfaces/share/village_interfaces/package.bash'
[5.973s] INFO:colcon.colcon_core.shell:Creating package script '/home/ros2/ros2_learn/turtle_ws/src/install/village_interfaces/share/village_interfaces/package.zsh'
[5.982s] Level 1:colcon.colcon_core.environment:create_file_with_runtime_dependencies(/home/ros2/ros2_learn/turtle_ws/src/install/village_interfaces/share/colcon-core/packages/village_interfaces)
[6.713s] Level 1:colcon.colcon_core.environment:create_environment_scripts_only(village_interfaces)
[6.730s] Level 1:colcon.colcon_core.environment:checking '/home/ros2/ros2_learn/turtle_ws/src/install/village_interfaces' for CMake module files
[6.731s] Level 1:colcon.colcon_core.environment:checking '/home/ros2/ros2_learn/turtle_ws/src/install/village_interfaces' for CMake config files
[6.732s] Level 1:colcon.colcon_core.shell:create_environment_hook('village_interfaces', 'cmake_prefix_path')
[6.736s] INFO:colcon.colcon_core.shell:Creating environment hook '/home/ros2/ros2_learn/turtle_ws/src/install/village_interfaces/share/village_interfaces/hook/cmake_prefix_path.ps1'
[6.755s] INFO:colcon.colcon_core.shell:Creating environment descriptor '/home/ros2/ros2_learn/turtle_ws/src/install/village_interfaces/share/village_interfaces/hook/cmake_prefix_path.dsv'
[6.757s] INFO:colcon.colcon_core.shell:Creating environment hook '/home/ros2/ros2_learn/turtle_ws/src/install/village_interfaces/share/village_interfaces/hook/cmake_prefix_path.sh'
[6.759s] Level 1:colcon.colcon_core.environment:checking '/home/ros2/ros2_learn/turtle_ws/src/install/village_interfaces/lib'
[6.759s] Level 1:colcon.colcon_core.shell:create_environment_hook('village_interfaces', 'ld_library_path_lib')
[6.778s] INFO:colcon.colcon_core.shell:Creating environment hook '/home/ros2/ros2_learn/turtle_ws/src/install/village_interfaces/share/village_interfaces/hook/ld_library_path_lib.ps1'
[6.780s] INFO:colcon.colcon_core.shell:Creating environment descriptor '/home/ros2/ros2_learn/turtle_ws/src/install/village_interfaces/share/village_interfaces/hook/ld_library_path_lib.dsv'
[6.782s] INFO:colcon.colcon_core.shell:Creating environment hook '/home/ros2/ros2_learn/turtle_ws/src/install/village_interfaces/share/village_interfaces/hook/ld_library_path_lib.sh'
[6.794s] Level 1:colcon.colcon_core.environment:checking '/home/ros2/ros2_learn/turtle_ws/src/install/village_interfaces/bin'
[6.795s] Level 1:colcon.colcon_core.environment:checking '/home/ros2/ros2_learn/turtle_ws/src/install/village_interfaces/lib/pkgconfig/village_interfaces.pc'
[6.796s] Level 1:colcon.colcon_core.environment:checking '/home/ros2/ros2_learn/turtle_ws/src/install/village_interfaces/lib/python3.8/site-packages'
[6.796s] Level 1:colcon.colcon_core.shell:create_environment_hook('village_interfaces', 'pythonpath')
[6.813s] INFO:colcon.colcon_core.shell:Creating environment hook '/home/ros2/ros2_learn/turtle_ws/src/install/village_interfaces/share/village_interfaces/hook/pythonpath.ps1'
[6.815s] INFO:colcon.colcon_core.shell:Creating environment descriptor '/home/ros2/ros2_learn/turtle_ws/src/install/village_interfaces/share/village_interfaces/hook/pythonpath.dsv'
[6.817s] INFO:colcon.colcon_core.shell:Creating environment hook '/home/ros2/ros2_learn/turtle_ws/src/install/village_interfaces/share/village_interfaces/hook/pythonpath.sh'
[6.827s] Level 1:colcon.colcon_core.environment:checking '/home/ros2/ros2_learn/turtle_ws/src/install/village_interfaces/bin'
[6.845s] INFO:colcon.colcon_core.shell:Creating package script '/home/ros2/ros2_learn/turtle_ws/src/install/village_interfaces/share/village_interfaces/package.ps1'
[6.847s] INFO:colcon.colcon_core.shell:Creating package descriptor '/home/ros2/ros2_learn/turtle_ws/src/install/village_interfaces/share/village_interfaces/package.dsv'
[6.848s] INFO:colcon.colcon_core.shell:Creating package script '/home/ros2/ros2_learn/turtle_ws/src/install/village_interfaces/share/village_interfaces/package.sh'
[6.850s] INFO:colcon.colcon_core.shell:Creating package script '/home/ros2/ros2_learn/turtle_ws/src/install/village_interfaces/share/village_interfaces/package.bash'
[6.851s] INFO:colcon.colcon_core.shell:Creating package script '/home/ros2/ros2_learn/turtle_ws/src/install/village_interfaces/share/village_interfaces/package.zsh'
[6.853s] Level 1:colcon.colcon_core.environment:create_file_with_runtime_dependencies(/home/ros2/ros2_learn/turtle_ws/src/install/village_interfaces/share/colcon-core/packages/village_interfaces)
[6.953s] DEBUG:colcon.colcon_core.event_handler.log_command:Invoking command in '/home/ros2/ros2_learn/turtle_ws/src/village_li': PYTHONPATH=/home/ros2/ros2_learn/turtle_ws/src/build/village_li/prefix_override:/home/ros2/ros2_learn/turtle_ws/src/install/village_li/lib/python3.8/site-packages:${PYTHONPATH} /usr/bin/python3 setup.py egg_info --egg-base ../build/village_li build --build-base /home/ros2/ros2_learn/turtle_ws/src/build/village_li/build install --record /home/ros2/ros2_learn/turtle_ws/src/build/village_li/install.log --single-version-externally-managed
[7.055s] DEBUG:colcon.colcon_core.event_handler.log_command:Invoking command in '/home/ros2/ros2_learn/turtle_ws/src/village_wang': PYTHONPATH=/home/ros2/ros2_learn/turtle_ws/src/build/village_wang/prefix_override:/home/ros2/ros2_learn/turtle_ws/src/install/village_wang/lib/python3.8/site-packages:${PYTHONPATH} /usr/bin/python3 setup.py egg_info --egg-base ../build/village_wang build --build-base /home/ros2/ros2_learn/turtle_ws/src/build/village_wang/build install --record /home/ros2/ros2_learn/turtle_ws/src/build/village_wang/install.log --single-version-externally-managed
[8.507s] DEBUG:colcon.colcon_core.event_handler.log_command:Invoked command in '/home/ros2/ros2_learn/turtle_ws/src/village_li' returned '0': PYTHONPATH=/home/ros2/ros2_learn/turtle_ws/src/build/village_li/prefix_override:/home/ros2/ros2_learn/turtle_ws/src/install/village_li/lib/python3.8/site-packages:${PYTHONPATH} /usr/bin/python3 setup.py egg_info --egg-base ../build/village_li build --build-base /home/ros2/ros2_learn/turtle_ws/src/build/village_li/build install --record /home/ros2/ros2_learn/turtle_ws/src/build/village_li/install.log --single-version-externally-managed
[8.514s] Level 1:colcon.colcon_core.environment:checking '/home/ros2/ros2_learn/turtle_ws/src/install/village_li' for CMake module files
[8.516s] Level 1:colcon.colcon_core.environment:checking '/home/ros2/ros2_learn/turtle_ws/src/install/village_li' for CMake config files
[8.527s] Level 1:colcon.colcon_core.environment:checking '/home/ros2/ros2_learn/turtle_ws/src/install/village_li/lib'
[8.528s] Level 1:colcon.colcon_core.environment:checking '/home/ros2/ros2_learn/turtle_ws/src/install/village_li/bin'
[8.528s] Level 1:colcon.colcon_core.environment:checking '/home/ros2/ros2_learn/turtle_ws/src/install/village_li/lib/pkgconfig/village_li.pc'
[8.529s] Level 1:colcon.colcon_core.environment:checking '/home/ros2/ros2_learn/turtle_ws/src/install/village_li/lib/python3.8/site-packages'
[8.530s] Level 1:colcon.colcon_core.shell:create_environment_hook('village_li', 'pythonpath')
[8.535s] INFO:colcon.colcon_core.shell:Creating environment hook '/home/ros2/ros2_learn/turtle_ws/src/install/village_li/share/village_li/hook/pythonpath.ps1'
[8.545s] INFO:colcon.colcon_core.shell:Creating environment descriptor '/home/ros2/ros2_learn/turtle_ws/src/install/village_li/share/village_li/hook/pythonpath.dsv'
[8.552s] INFO:colcon.colcon_core.shell:Creating environment hook '/home/ros2/ros2_learn/turtle_ws/src/install/village_li/share/village_li/hook/pythonpath.sh'
[8.555s] Level 1:colcon.colcon_core.environment:checking '/home/ros2/ros2_learn/turtle_ws/src/install/village_li/bin'
[8.555s] Level 1:colcon.colcon_core.environment:create_environment_scripts_only(village_li)
[8.560s] INFO:colcon.colcon_core.shell:Creating package script '/home/ros2/ros2_learn/turtle_ws/src/install/village_li/share/village_li/package.ps1'
[8.562s] INFO:colcon.colcon_core.shell:Creating package descriptor '/home/ros2/ros2_learn/turtle_ws/src/install/village_li/share/village_li/package.dsv'
[8.564s] INFO:colcon.colcon_core.shell:Creating package script '/home/ros2/ros2_learn/turtle_ws/src/install/village_li/share/village_li/package.sh'
[8.571s] INFO:colcon.colcon_core.shell:Creating package script '/home/ros2/ros2_learn/turtle_ws/src/install/village_li/share/village_li/package.bash'
[8.574s] INFO:colcon.colcon_core.shell:Creating package script '/home/ros2/ros2_learn/turtle_ws/src/install/village_li/share/village_li/package.zsh'
[8.576s] Level 1:colcon.colcon_core.environment:create_file_with_runtime_dependencies(/home/ros2/ros2_learn/turtle_ws/src/install/village_li/share/colcon-core/packages/village_li)
[8.592s] Level 1:colcon.colcon_core.environment:checking '/home/ros2/ros2_learn/turtle_ws/src/install/village_wang' for CMake module files
[8.599s] DEBUG:colcon.colcon_core.event_handler.log_command:Invoked command in '/home/ros2/ros2_learn/turtle_ws/src/village_wang' returned '0': PYTHONPATH=/home/ros2/ros2_learn/turtle_ws/src/build/village_wang/prefix_override:/home/ros2/ros2_learn/turtle_ws/src/install/village_wang/lib/python3.8/site-packages:${PYTHONPATH} /usr/bin/python3 setup.py egg_info --egg-base ../build/village_wang build --build-base /home/ros2/ros2_learn/turtle_ws/src/build/village_wang/build install --record /home/ros2/ros2_learn/turtle_ws/src/build/village_wang/install.log --single-version-externally-managed
[8.599s] Level 1:colcon.colcon_core.environment:checking '/home/ros2/ros2_learn/turtle_ws/src/install/village_wang' for CMake config files
[8.602s] Level 1:colcon.colcon_core.environment:checking '/home/ros2/ros2_learn/turtle_ws/src/install/village_wang/lib'
[8.603s] Level 1:colcon.colcon_core.environment:checking '/home/ros2/ros2_learn/turtle_ws/src/install/village_wang/bin'
[8.603s] Level 1:colcon.colcon_core.environment:checking '/home/ros2/ros2_learn/turtle_ws/src/install/village_wang/lib/pkgconfig/village_wang.pc'
[8.603s] Level 1:colcon.colcon_core.environment:checking '/home/ros2/ros2_learn/turtle_ws/src/install/village_wang/lib/python3.8/site-packages'
[8.603s] Level 1:colcon.colcon_core.shell:create_environment_hook('village_wang', 'pythonpath')
[8.609s] INFO:colcon.colcon_core.shell:Creating environment hook '/home/ros2/ros2_learn/turtle_ws/src/install/village_wang/share/village_wang/hook/pythonpath.ps1'
[8.612s] INFO:colcon.colcon_core.shell:Creating environment descriptor '/home/ros2/ros2_learn/turtle_ws/src/install/village_wang/share/village_wang/hook/pythonpath.dsv'
[8.613s] INFO:colcon.colcon_core.shell:Creating environment hook '/home/ros2/ros2_learn/turtle_ws/src/install/village_wang/share/village_wang/hook/pythonpath.sh'
[8.615s] Level 1:colcon.colcon_core.environment:checking '/home/ros2/ros2_learn/turtle_ws/src/install/village_wang/bin'
[8.615s] Level 1:colcon.colcon_core.environment:create_environment_scripts_only(village_wang)
[8.621s] INFO:colcon.colcon_core.shell:Creating package script '/home/ros2/ros2_learn/turtle_ws/src/install/village_wang/share/village_wang/package.ps1'
[8.624s] INFO:colcon.colcon_core.shell:Creating package descriptor '/home/ros2/ros2_learn/turtle_ws/src/install/village_wang/share/village_wang/package.dsv'
[8.626s] INFO:colcon.colcon_core.shell:Creating package script '/home/ros2/ros2_learn/turtle_ws/src/install/village_wang/share/village_wang/package.sh'
[8.628s] INFO:colcon.colcon_core.shell:Creating package script '/home/ros2/ros2_learn/turtle_ws/src/install/village_wang/share/village_wang/package.bash'
[8.629s] INFO:colcon.colcon_core.shell:Creating package script '/home/ros2/ros2_learn/turtle_ws/src/install/village_wang/share/village_wang/package.zsh'
[8.631s] Level 1:colcon.colcon_core.environment:create_file_with_runtime_dependencies(/home/ros2/ros2_learn/turtle_ws/src/install/village_wang/share/colcon-core/packages/village_wang)
[8.634s] DEBUG:colcon.colcon_parallel_executor.executor.parallel:closing loop
[8.635s] DEBUG:colcon.colcon_parallel_executor.executor.parallel:loop closed
[8.635s] DEBUG:colcon.colcon_parallel_executor.executor.parallel:run_until_complete finished with '0'
[8.636s] DEBUG:colcon.colcon_core.event_reactor:joining thread
[8.659s] INFO:colcon.colcon_core.plugin_system:Skipping extension 'colcon_notification.desktop_notification.terminal_notifier': Not used on non-Darwin systems
[8.659s] INFO:colcon.colcon_core.plugin_system:Skipping extension 'colcon_notification.desktop_notification.win32': Not used on non-Windows systems
[8.659s] INFO:colcon.colcon_notification.desktop_notification:Sending desktop notification using 'notify2'
[8.736s] DEBUG:colcon.colcon_core.event_reactor:joined thread
[8.742s] INFO:colcon.colcon_core.shell:Creating prefix script '/home/ros2/ros2_learn/turtle_ws/src/install/local_setup.ps1'
[8.755s] INFO:colcon.colcon_core.shell:Creating prefix util module '/home/ros2/ros2_learn/turtle_ws/src/install/_local_setup_util_ps1.py'
[8.761s] INFO:colcon.colcon_core.shell:Creating prefix chain script '/home/ros2/ros2_learn/turtle_ws/src/install/setup.ps1'
[8.779s] INFO:colcon.colcon_core.shell:Creating prefix script '/home/ros2/ros2_learn/turtle_ws/src/install/local_setup.sh'
[8.782s] INFO:colcon.colcon_core.shell:Creating prefix util module '/home/ros2/ros2_learn/turtle_ws/src/install/_local_setup_util_sh.py'
[8.794s] INFO:colcon.colcon_core.shell:Creating prefix chain script '/home/ros2/ros2_learn/turtle_ws/src/install/setup.sh'
[8.799s] INFO:colcon.colcon_core.shell:Creating prefix script '/home/ros2/ros2_learn/turtle_ws/src/install/local_setup.bash'
[8.801s] INFO:colcon.colcon_core.shell:Creating prefix chain script '/home/ros2/ros2_learn/turtle_ws/src/install/setup.bash'
[8.819s] INFO:colcon.colcon_core.shell:Creating prefix script '/home/ros2/ros2_learn/turtle_ws/src/install/local_setup.zsh'
[8.821s] INFO:colcon.colcon_core.shell:Creating prefix chain script '/home/ros2/ros2_learn/turtle_ws/src/install/setup.zsh'
