[0.233s] Invoking command in '/home/ros2/ros2_learn/turtle_ws/src/build/village_interfaces': CMAKE_PREFIX_PATH=/home/ros2/ros2_learn/turtle_ws/src/install/village_wang:/home/ros2/ros2_learn/turtle_ws/src/install/village_li:/opt/ros/galactic /usr/bin/cmake --build /home/ros2/ros2_learn/turtle_ws/src/build/village_interfaces -- -j4 -l4
[1.445s] [  3%] Built target village_interfaces__cpp
[1.448s] [ 12%] Built target village_interfaces__rosidl_generator_c
[1.448s] [ 22%] Built target village_interfaces__rosidl_typesupport_introspection_cpp
[1.448s] [ 32%] Built target village_interfaces__rosidl_typesupport_introspection_c
[1.448s] [ 41%] Built target village_interfaces__rosidl_typesupport_c
[1.504s] [ 51%] Built target village_interfaces__rosidl_typesupport_fastrtps_cpp
[1.687s] [ 61%] Built target village_interfaces__rosidl_typesupport_cpp
[1.843s] [ 70%] Built target village_interfaces__rosidl_typesupport_fastrtps_c
[2.014s] [ 70%] Built target village_interfaces
[2.099s] [ 74%] Built target village_interfaces__py
[2.241s] [ 80%] Built target village_interfaces__python
[2.381s] [ 87%] Built target village_interfaces__rosidl_typesupport_c__pyext
[2.579s] [ 93%] Built target village_interfaces__rosidl_typesupport_fastrtps_c__pyext
[2.772s] [100%] Built target village_interfaces__rosidl_typesupport_introspection_c__pyext
[2.837s] Invoked command in '/home/ros2/ros2_learn/turtle_ws/src/build/village_interfaces' returned '0': CMAKE_PREFIX_PATH=/home/ros2/ros2_learn/turtle_ws/src/install/village_wang:/home/ros2/ros2_learn/turtle_ws/src/install/village_li:/opt/ros/galactic /usr/bin/cmake --build /home/ros2/ros2_learn/turtle_ws/src/build/village_interfaces -- -j4 -l4
[3.510s] Invoking command in '/home/ros2/ros2_learn/turtle_ws/src/build/village_interfaces': CMAKE_PREFIX_PATH=/home/ros2/ros2_learn/turtle_ws/src/install/village_wang:/home/ros2/ros2_learn/turtle_ws/src/install/village_li:/opt/ros/galactic /usr/bin/cmake --install /home/ros2/ros2_learn/turtle_ws/src/build/village_interfaces
[3.560s] -- Install configuration: ""
[3.561s] -- Up-to-date: /home/ros2/ros2_learn/turtle_ws/src/install/village_interfaces/share/ament_index/resource_index/rosidl_interfaces/village_interfaces
[3.562s] -- Up-to-date: /home/ros2/ros2_learn/turtle_ws/src/install/village_interfaces/include/village_interfaces
[3.563s] -- Up-to-date: /home/ros2/ros2_learn/turtle_ws/src/install/village_interfaces/include/village_interfaces/msg
[3.563s] -- Up-to-date: /home/ros2/ros2_learn/turtle_ws/src/install/village_interfaces/include/village_interfaces/msg/detail
[3.564s] -- Up-to-date: /home/ros2/ros2_learn/turtle_ws/src/install/village_interfaces/include/village_interfaces/msg/detail/novel__functions.h
[3.565s] -- Up-to-date: /home/ros2/ros2_learn/turtle_ws/src/install/village_interfaces/include/village_interfaces/msg/detail/novel__type_support.h
[3.566s] -- Up-to-date: /home/ros2/ros2_learn/turtle_ws/src/install/village_interfaces/include/village_interfaces/msg/detail/novel__functions.c
[3.566s] -- Up-to-date: /home/ros2/ros2_learn/turtle_ws/src/install/village_interfaces/include/village_interfaces/msg/detail/novel__struct.h
[3.570s] -- Up-to-date: /home/ros2/ros2_learn/turtle_ws/src/install/village_interfaces/include/village_interfaces/msg/novel.h
[3.571s] -- Up-to-date: /home/ros2/ros2_learn/turtle_ws/src/install/village_interfaces/include/village_interfaces/msg/rosidl_generator_c__visibility_control.h
[3.572s] -- Up-to-date: /home/ros2/ros2_learn/turtle_ws/src/install/village_interfaces/share/village_interfaces/environment/library_path.sh
[3.573s] -- Up-to-date: /home/ros2/ros2_learn/turtle_ws/src/install/village_interfaces/share/village_interfaces/environment/library_path.dsv
[3.574s] -- Up-to-date: /home/ros2/ros2_learn/turtle_ws/src/install/village_interfaces/lib/libvillage_interfaces__rosidl_generator_c.so
[3.576s] -- Up-to-date: /home/ros2/ros2_learn/turtle_ws/src/install/village_interfaces/include/village_interfaces
[3.576s] -- Up-to-date: /home/ros2/ros2_learn/turtle_ws/src/install/village_interfaces/include/village_interfaces/msg
[3.577s] -- Up-to-date: /home/ros2/ros2_learn/turtle_ws/src/install/village_interfaces/include/village_interfaces/msg/rosidl_typesupport_fastrtps_c__visibility_control.h
[3.578s] -- Up-to-date: /home/ros2/ros2_learn/turtle_ws/src/install/village_interfaces/include/village_interfaces/msg/detail
[3.578s] -- Up-to-date: /home/ros2/ros2_learn/turtle_ws/src/install/village_interfaces/include/village_interfaces/msg/detail/novel__rosidl_typesupport_fastrtps_c.h
[3.580s] -- Up-to-date: /home/ros2/ros2_learn/turtle_ws/src/install/village_interfaces/lib/libvillage_interfaces__rosidl_typesupport_fastrtps_c.so
[3.582s] -- Up-to-date: /home/ros2/ros2_learn/turtle_ws/src/install/village_interfaces/include/village_interfaces
[3.583s] -- Up-to-date: /home/ros2/ros2_learn/turtle_ws/src/install/village_interfaces/include/village_interfaces/msg
[3.583s] -- Up-to-date: /home/ros2/ros2_learn/turtle_ws/src/install/village_interfaces/include/village_interfaces/msg/detail
[3.584s] -- Up-to-date: /home/ros2/ros2_learn/turtle_ws/src/install/village_interfaces/include/village_interfaces/msg/detail/dds_fastrtps
[3.585s] -- Up-to-date: /home/ros2/ros2_learn/turtle_ws/src/install/village_interfaces/include/village_interfaces/msg/detail/novel__rosidl_typesupport_fastrtps_cpp.hpp
[3.587s] -- Up-to-date: /home/ros2/ros2_learn/turtle_ws/src/install/village_interfaces/include/village_interfaces/msg/rosidl_typesupport_fastrtps_cpp__visibility_control.h
[3.588s] -- Up-to-date: /home/ros2/ros2_learn/turtle_ws/src/install/village_interfaces/lib/libvillage_interfaces__rosidl_typesupport_fastrtps_cpp.so
[3.590s] -- Up-to-date: /home/ros2/ros2_learn/turtle_ws/src/install/village_interfaces/include/village_interfaces
[3.591s] -- Up-to-date: /home/ros2/ros2_learn/turtle_ws/src/install/village_interfaces/include/village_interfaces/msg
[3.592s] -- Up-to-date: /home/ros2/ros2_learn/turtle_ws/src/install/village_interfaces/include/village_interfaces/msg/rosidl_typesupport_introspection_c__visibility_control.h
[3.592s] -- Up-to-date: /home/ros2/ros2_learn/turtle_ws/src/install/village_interfaces/include/village_interfaces/msg/detail
[3.593s] -- Up-to-date: /home/ros2/ros2_learn/turtle_ws/src/install/village_interfaces/include/village_interfaces/msg/detail/novel__rosidl_typesupport_introspection_c.h
[3.594s] -- Up-to-date: /home/ros2/ros2_learn/turtle_ws/src/install/village_interfaces/include/village_interfaces/msg/detail/novel__type_support.c
[3.595s] -- Up-to-date: /home/ros2/ros2_learn/turtle_ws/src/install/village_interfaces/lib/libvillage_interfaces__rosidl_typesupport_introspection_c.so
[3.597s] -- Up-to-date: /home/ros2/ros2_learn/turtle_ws/src/install/village_interfaces/lib/libvillage_interfaces__rosidl_typesupport_c.so
[3.598s] -- Up-to-date: /home/ros2/ros2_learn/turtle_ws/src/install/village_interfaces/include/village_interfaces
[3.599s] -- Up-to-date: /home/ros2/ros2_learn/turtle_ws/src/install/village_interfaces/include/village_interfaces/msg
[3.600s] -- Up-to-date: /home/ros2/ros2_learn/turtle_ws/src/install/village_interfaces/include/village_interfaces/msg/detail
[3.602s] -- Up-to-date: /home/ros2/ros2_learn/turtle_ws/src/install/village_interfaces/include/village_interfaces/msg/detail/novel__builder.hpp
[3.603s] -- Up-to-date: /home/ros2/ros2_learn/turtle_ws/src/install/village_interfaces/include/village_interfaces/msg/detail/novel__traits.hpp
[3.603s] -- Up-to-date: /home/ros2/ros2_learn/turtle_ws/src/install/village_interfaces/include/village_interfaces/msg/detail/novel__struct.hpp
[3.604s] -- Up-to-date: /home/ros2/ros2_learn/turtle_ws/src/install/village_interfaces/include/village_interfaces/msg/novel.hpp
[3.605s] -- Up-to-date: /home/ros2/ros2_learn/turtle_ws/src/install/village_interfaces/include/village_interfaces
[3.606s] -- Up-to-date: /home/ros2/ros2_learn/turtle_ws/src/install/village_interfaces/include/village_interfaces/msg
[3.607s] -- Up-to-date: /home/ros2/ros2_learn/turtle_ws/src/install/village_interfaces/include/village_interfaces/msg/detail
[3.608s] -- Up-to-date: /home/ros2/ros2_learn/turtle_ws/src/install/village_interfaces/include/village_interfaces/msg/detail/novel__type_support.cpp
[3.608s] -- Up-to-date: /home/ros2/ros2_learn/turtle_ws/src/install/village_interfaces/include/village_interfaces/msg/detail/novel__rosidl_typesupport_introspection_cpp.hpp
[3.611s] -- Up-to-date: /home/ros2/ros2_learn/turtle_ws/src/install/village_interfaces/lib/libvillage_interfaces__rosidl_typesupport_introspection_cpp.so
[3.614s] -- Up-to-date: /home/ros2/ros2_learn/turtle_ws/src/install/village_interfaces/lib/libvillage_interfaces__rosidl_typesupport_cpp.so
[3.616s] -- Up-to-date: /home/ros2/ros2_learn/turtle_ws/src/install/village_interfaces/share/village_interfaces/environment/pythonpath.sh
[3.617s] -- Up-to-date: /home/ros2/ros2_learn/turtle_ws/src/install/village_interfaces/share/village_interfaces/environment/pythonpath.dsv
[3.618s] -- Up-to-date: /home/ros2/ros2_learn/turtle_ws/src/install/village_interfaces/lib/python3.8/site-packages/village_interfaces/__init__.py
[3.774s] -- Up-to-date: /home/ros2/ros2_learn/turtle_ws/src/install/village_interfaces/lib/python3.8/site-packages/village_interfaces/msg
[3.776s] -- Up-to-date: /home/ros2/ros2_learn/turtle_ws/src/install/village_interfaces/lib/python3.8/site-packages/village_interfaces/msg/__init__.py
[3.778s] -- Up-to-date: /home/ros2/ros2_learn/turtle_ws/src/install/village_interfaces/lib/python3.8/site-packages/village_interfaces/msg/_novel.py
[3.778s] -- Up-to-date: /home/ros2/ros2_learn/turtle_ws/src/install/village_interfaces/lib/python3.8/site-packages/village_interfaces/msg/_novel_s.c
[3.779s] -- Up-to-date: /home/ros2/ros2_learn/turtle_ws/src/install/village_interfaces/lib/python3.8/site-packages/village_interfaces/village_interfaces_s__rosidl_typesupport_fastrtps_c.cpython-38-x86_64-linux-gnu.so
[3.781s] -- Up-to-date: /home/ros2/ros2_learn/turtle_ws/src/install/village_interfaces/lib/python3.8/site-packages/village_interfaces/village_interfaces_s__rosidl_typesupport_introspection_c.cpython-38-x86_64-linux-gnu.so
[3.788s] -- Up-to-date: /home/ros2/ros2_learn/turtle_ws/src/install/village_interfaces/lib/python3.8/site-packages/village_interfaces/village_interfaces_s__rosidl_typesupport_c.cpython-38-x86_64-linux-gnu.so
[3.790s] -- Up-to-date: /home/ros2/ros2_learn/turtle_ws/src/install/village_interfaces/lib/libvillage_interfaces__python.so
[3.794s] -- Up-to-date: /home/ros2/ros2_learn/turtle_ws/src/install/village_interfaces/share/village_interfaces/msg/Novel.idl
[3.795s] -- Up-to-date: /home/ros2/ros2_learn/turtle_ws/src/install/village_interfaces/share/village_interfaces/msg/Novel.msg
[3.796s] -- Up-to-date: /home/ros2/ros2_learn/turtle_ws/src/install/village_interfaces/share/ament_index/resource_index/package_run_dependencies/village_interfaces
[3.796s] -- Up-to-date: /home/ros2/ros2_learn/turtle_ws/src/install/village_interfaces/share/ament_index/resource_index/parent_prefix_path/village_interfaces
[3.797s] -- Up-to-date: /home/ros2/ros2_learn/turtle_ws/src/install/village_interfaces/share/village_interfaces/environment/ament_prefix_path.sh
[3.797s] -- Up-to-date: /home/ros2/ros2_learn/turtle_ws/src/install/village_interfaces/share/village_interfaces/environment/ament_prefix_path.dsv
[3.798s] -- Up-to-date: /home/ros2/ros2_learn/turtle_ws/src/install/village_interfaces/share/village_interfaces/environment/path.sh
[3.798s] -- Up-to-date: /home/ros2/ros2_learn/turtle_ws/src/install/village_interfaces/share/village_interfaces/environment/path.dsv
[3.799s] -- Up-to-date: /home/ros2/ros2_learn/turtle_ws/src/install/village_interfaces/share/village_interfaces/local_setup.bash
[3.804s] -- Up-to-date: /home/ros2/ros2_learn/turtle_ws/src/install/village_interfaces/share/village_interfaces/local_setup.sh
[3.805s] -- Up-to-date: /home/ros2/ros2_learn/turtle_ws/src/install/village_interfaces/share/village_interfaces/local_setup.zsh
[3.806s] -- Up-to-date: /home/ros2/ros2_learn/turtle_ws/src/install/village_interfaces/share/village_interfaces/local_setup.dsv
[3.808s] -- Installing: /home/ros2/ros2_learn/turtle_ws/src/install/village_interfaces/share/village_interfaces/package.dsv
[3.824s] -- Up-to-date: /home/ros2/ros2_learn/turtle_ws/src/install/village_interfaces/share/ament_index/resource_index/packages/village_interfaces
[3.826s] -- Up-to-date: /home/ros2/ros2_learn/turtle_ws/src/install/village_interfaces/share/village_interfaces/cmake/village_interfaces__rosidl_generator_cExport.cmake
[3.827s] -- Up-to-date: /home/ros2/ros2_learn/turtle_ws/src/install/village_interfaces/share/village_interfaces/cmake/village_interfaces__rosidl_generator_cExport-noconfig.cmake
[3.829s] -- Up-to-date: /home/ros2/ros2_learn/turtle_ws/src/install/village_interfaces/share/village_interfaces/cmake/village_interfaces__rosidl_typesupport_introspection_cExport.cmake
[3.829s] -- Up-to-date: /home/ros2/ros2_learn/turtle_ws/src/install/village_interfaces/share/village_interfaces/cmake/village_interfaces__rosidl_typesupport_introspection_cExport-noconfig.cmake
[3.831s] -- Up-to-date: /home/ros2/ros2_learn/turtle_ws/src/install/village_interfaces/share/village_interfaces/cmake/village_interfaces__rosidl_typesupport_cExport.cmake
[3.831s] -- Up-to-date: /home/ros2/ros2_learn/turtle_ws/src/install/village_interfaces/share/village_interfaces/cmake/village_interfaces__rosidl_typesupport_cExport-noconfig.cmake
[3.833s] -- Up-to-date: /home/ros2/ros2_learn/turtle_ws/src/install/village_interfaces/share/village_interfaces/cmake/village_interfaces__rosidl_generator_cppExport.cmake
[3.840s] -- Up-to-date: /home/ros2/ros2_learn/turtle_ws/src/install/village_interfaces/share/village_interfaces/cmake/village_interfaces__rosidl_typesupport_introspection_cppExport.cmake
[3.841s] -- Up-to-date: /home/ros2/ros2_learn/turtle_ws/src/install/village_interfaces/share/village_interfaces/cmake/village_interfaces__rosidl_typesupport_introspection_cppExport-noconfig.cmake
[3.842s] -- Up-to-date: /home/ros2/ros2_learn/turtle_ws/src/install/village_interfaces/share/village_interfaces/cmake/village_interfaces__rosidl_typesupport_cppExport.cmake
[3.843s] -- Up-to-date: /home/ros2/ros2_learn/turtle_ws/src/install/village_interfaces/share/village_interfaces/cmake/village_interfaces__rosidl_typesupport_cppExport-noconfig.cmake
[3.844s] -- Up-to-date: /home/ros2/ros2_learn/turtle_ws/src/install/village_interfaces/share/village_interfaces/cmake/rosidl_cmake-extras.cmake
[3.845s] -- Up-to-date: /home/ros2/ros2_learn/turtle_ws/src/install/village_interfaces/share/village_interfaces/cmake/ament_cmake_export_dependencies-extras.cmake
[3.845s] -- Up-to-date: /home/ros2/ros2_learn/turtle_ws/src/install/village_interfaces/share/village_interfaces/cmake/ament_cmake_export_libraries-extras.cmake
[3.851s] -- Up-to-date: /home/ros2/ros2_learn/turtle_ws/src/install/village_interfaces/share/village_interfaces/cmake/ament_cmake_export_targets-extras.cmake
[3.852s] -- Up-to-date: /home/ros2/ros2_learn/turtle_ws/src/install/village_interfaces/share/village_interfaces/cmake/ament_cmake_export_include_directories-extras.cmake
[3.853s] -- Up-to-date: /home/ros2/ros2_learn/turtle_ws/src/install/village_interfaces/share/village_interfaces/cmake/rosidl_cmake_export_typesupport_libraries-extras.cmake
[3.854s] -- Up-to-date: /home/ros2/ros2_learn/turtle_ws/src/install/village_interfaces/share/village_interfaces/cmake/rosidl_cmake_export_typesupport_targets-extras.cmake
[3.855s] -- Up-to-date: /home/ros2/ros2_learn/turtle_ws/src/install/village_interfaces/share/village_interfaces/cmake/village_interfacesConfig.cmake
[3.856s] -- Up-to-date: /home/ros2/ros2_learn/turtle_ws/src/install/village_interfaces/share/village_interfaces/cmake/village_interfacesConfig-version.cmake
[3.857s] -- Up-to-date: /home/ros2/ros2_learn/turtle_ws/src/install/village_interfaces/share/village_interfaces/package.xml
[3.876s] Invoked command in '/home/ros2/ros2_learn/turtle_ws/src/build/village_interfaces' returned '0': CMAKE_PREFIX_PATH=/home/ros2/ros2_learn/turtle_ws/src/install/village_wang:/home/ros2/ros2_learn/turtle_ws/src/install/village_li:/opt/ros/galactic /usr/bin/cmake --install /home/ros2/ros2_learn/turtle_ws/src/build/village_interfaces
