-- The C compiler identification is GNU 9.4.0
-- The CXX compiler identification is GNU 9.4.0
-- Check for working C compiler: /usr/bin/cc
-- Check for working C compiler: /usr/bin/cc -- works
-- Detecting C compiler ABI info
-- Detecting C compiler ABI info - done
-- Detecting C compile features
-- Detecting C compile features - done
-- Check for working CXX compiler: /usr/bin/c++
-- Check for working CXX compiler: /usr/bin/c++ -- works
-- Detecting CXX compiler ABI info
-- Detecting CXX compiler ABI info - done
-- Detecting CXX compile features
-- Detecting CXX compile features - done
-- Found ament_cmake: 1.1.6 (/opt/ros/galactic/share/ament_cmake/cmake)
-- Found PythonInterp: /usr/bin/python3 (found suitable version "3.8.10", minimum required is "3") 
-- Using PYTHON_EXECUTABLE: /usr/bin/python3
-- Found installed version of Eigen: /usr/lib/cmake/eigen3
-- Found required Ceres dependency: Eigen version 3.3.7 in /usr/include/eigen3
-- Found required Ceres dependency: glog
-- Found installed version of gflags: /usr/lib/x86_64-linux-gnu/cmake/gflags
-- Detected gflags version: 2.2.2
-- Found required Ceres dependency: gflags
-- Found Ceres version: 1.14.0 installed in: /usr with components: [EigenSparse, SparseLinearAlgebraLibrary, LAPACK, SuiteSparse, CXSparse, SchurSpecializations, OpenMP, Multithreading]
-- Looking for pthread.h
-- Looking for pthread.h - found
-- Performing Test CMAKE_HAVE_LIBC_PTHREAD
-- Performing Test CMAKE_HAVE_LIBC_PTHREAD - Failed
-- Looking for pthread_create in pthreads
-- Looking for pthread_create in pthreads - not found
-- Looking for pthread_create in pthread
-- Looking for pthread_create in pthread - found
-- Found Threads: TRUE  
-- Build type: Release
文件 /home/ros2/ros2_learn/cartoros2_ws/build/cartographer_rviz/AllFiles.cmake 和 - 不同
-- Found Boost: /usr/lib/x86_64-linux-gnu/cmake/Boost-1.71.0/BoostConfig.cmake (found version "1.71.0") found components: iostreams 
-- Found cartographer_ros: 2.0.9000 (/home/ros2/ros2_learn/cartoros2_ws/install/cartographer_ros/share/cartographer_ros/cmake)
-- Using all available rosidl_typesupport_c: rosidl_typesupport_fastrtps_c;rosidl_typesupport_introspection_c
-- Found rosidl_adapter: 2.2.3 (/opt/ros/galactic/share/rosidl_adapter/cmake)
-- Found OpenSSL: /usr/lib/x86_64-linux-gnu/libcrypto.so (found version "1.1.1f")  
-- Found FastRTPS: /opt/ros/galactic/include  
-- Using all available rosidl_typesupport_cpp: rosidl_typesupport_fastrtps_cpp;rosidl_typesupport_introspection_cpp
-- Found rmw_implementation_cmake: 3.3.1 (/opt/ros/galactic/share/rmw_implementation_cmake/cmake)
-- Found rmw_cyclonedds_cpp: 0.22.6 (/opt/ros/galactic/share/rmw_cyclonedds_cpp/cmake)
-- Using RMW implementation 'rmw_cyclonedds_cpp' as default
-- Found Eigen3: TRUE (found version "3.3.7") 
-- Found rviz_common: 8.5.2 (/opt/ros/galactic/share/rviz_common/cmake)
-- Setting OGRE_DIR to: '/opt/ros/galactic/share/rviz_ogre_vendor/cmake/../../../opt/rviz_ogre_vendor/lib/OGRE/cmake'
-- Found OGRE
--   static     : OFF
--   components : HLMS;MeshLodGenerator;Overlay;Paging;Property;RTShaderSystem;Terrain;Volume
--   plugins    : Plugin_BSPSceneManager;Plugin_OctreeSceneManager;Plugin_PCZSceneManager;Plugin_ParticleFX;RenderSystem_GL;RenderSystem_GL3Plus;Codec_STBI
--   media      : /opt/ros/galactic/opt/rviz_ogre_vendor/share/OGRE/Media
-- OGRE_LIBRARIES: OgreHLMS;OgreMeshLodGenerator;OgreOverlay;OgrePaging;OgreProperty;OgreRTShaderSystem;OgreTerrain;OgreVolume;OgreMain
-- OGRE_LIBRARY_DIRS: /opt/ros/galactic/opt/rviz_ogre_vendor/lib
-- OGRE_PLUGINS: Plugin_BSPSceneManager;Plugin_OctreeSceneManager;Plugin_PCZSceneManager;Plugin_ParticleFX;RenderSystem_GL;RenderSystem_GL3Plus;Codec_STBI
-- OGRE_PLUGIN_DIR: /opt/ros/galactic/opt/rviz_ogre_vendor/lib/OGRE
-- rviz_ogre_vendor::OgreOverlay for IMPORTED_LOCATION_RELEASE: /opt/ros/galactic/opt/rviz_ogre_vendor/lib/libOgreOverlay.so
-- rviz_ogre_vendor::OgreOverlay for IMPORTED_LOCATION_DEBUG: /opt/ros/galactic/opt/rviz_ogre_vendor/lib/libOgreOverlay.so
-- rviz_ogre_vendor::OgreMain for IMPORTED_LOCATION_RELEASE: /opt/ros/galactic/opt/rviz_ogre_vendor/lib/libOgreMain.so
-- rviz_ogre_vendor::OgreMain for IMPORTED_LOCATION_DEBUG: /opt/ros/galactic/opt/rviz_ogre_vendor/lib/libOgreMain.so
-- Found ZLIB: /usr/lib/x86_64-linux-gnu/libz.so (found version "1.2.11") 
-- Found OpenGL: /usr/lib/x86_64-linux-gnu/libOpenGL.so   
-- Found X11: /usr/include   
-- Looking for XOpenDisplay in /usr/lib/x86_64-linux-gnu/libX11.so;/usr/lib/x86_64-linux-gnu/libXext.so
-- Looking for XOpenDisplay in /usr/lib/x86_64-linux-gnu/libX11.so;/usr/lib/x86_64-linux-gnu/libXext.so - found
-- Looking for gethostbyname
-- Looking for gethostbyname - found
-- Looking for connect
-- Looking for connect - found
-- Looking for remove
-- Looking for remove - found
-- Looking for shmat
-- Looking for shmat - found
-- Looking for IceConnectionNumber in ICE
-- Looking for IceConnectionNumber in ICE - found
-- rviz_ogre_vendor::RenderSystem_GL for IMPORTED_LOCATION_RELEASE: _render_system_gl_static_library_abs-NOTFOUND
-- rviz_ogre_vendor::RenderSystem_GL for IMPORTED_LOCATION_DEBUG: _render_system_gl_static_library_abs-NOTFOUND
-- library: libassimp.so.5
-- library: /usr/lib/x86_64-linux-gnu/libcurl.so
-- Check if compiler accepts -pthread
-- Check if compiler accepts -pthread - yes
-- Deploy OGRE media
-- Configuring done
-- Generating done
-- Build files have been written to: /home/ros2/ros2_learn/cartoros2_ws/build/cartographer_rviz
[35m[1mScanning dependencies of target cartographer_rviz_autogen[0m
[35m[1mScanning dependencies of target cartographer_rviz_detect_changes[0m
[ 16%] [34m[1mAutomatic MOC for target cartographer_rviz[0m
[ 16%] Built target cartographer_rviz_detect_changes
[ 16%] Built target cartographer_rviz_autogen
[35m[1mScanning dependencies of target cartographer_rviz[0m
[ 33%] [32mBuilding CXX object CMakeFiles/cartographer_rviz.dir/cartographer_rviz_autogen/mocs_compilation.cpp.o[0m
[ 50%] [32mBuilding CXX object CMakeFiles/cartographer_rviz.dir/src/ogre_slice.cpp.o[0m
[ 66%] [32mBuilding CXX object CMakeFiles/cartographer_rviz.dir/src/submaps_display.cpp.o[0m
[ 83%] [32mBuilding CXX object CMakeFiles/cartographer_rviz.dir/src/drawable_submap.cpp.o[0m
[100%] [32m[1mLinking CXX shared library libcartographer_rviz.so[0m
[100%] Built target cartographer_rviz
-- Install configuration: "Release"
-- Installing: /home/ros2/ros2_learn/cartoros2_ws/install/cartographer_rviz/share/cartographer_rviz/rviz_plugin_description.xml
-- Installing: /home/ros2/ros2_learn/cartoros2_ws/install/cartographer_rviz/lib/libcartographer_rviz.so
-- Set runtime path of "/home/ros2/ros2_learn/cartoros2_ws/install/cartographer_rviz/lib/libcartographer_rviz.so" to ""
-- Installing: /home/ros2/ros2_learn/cartoros2_ws/install/cartographer_rviz/include/
-- Installing: /home/ros2/ros2_learn/cartoros2_ws/install/cartographer_rviz/include//cartographer_rviz
-- Installing: /home/ros2/ros2_learn/cartoros2_ws/install/cartographer_rviz/include//cartographer_rviz/drawable_submap.h
-- Installing: /home/ros2/ros2_learn/cartoros2_ws/install/cartographer_rviz/include//cartographer_rviz/submaps_display.h
-- Installing: /home/ros2/ros2_learn/cartoros2_ws/install/cartographer_rviz/include//cartographer_rviz/ogre_slice.h
-- Installing: /home/ros2/ros2_learn/cartoros2_ws/install/cartographer_rviz/share/cartographer_rviz/environment/library_path.sh
-- Installing: /home/ros2/ros2_learn/cartoros2_ws/install/cartographer_rviz/share/cartographer_rviz/environment/library_path.dsv
-- Installing: /home/ros2/ros2_learn/cartoros2_ws/install/cartographer_rviz/share/ament_index/resource_index/package_run_dependencies/cartographer_rviz
-- Installing: /home/ros2/ros2_learn/cartoros2_ws/install/cartographer_rviz/share/ament_index/resource_index/parent_prefix_path/cartographer_rviz
-- Installing: /home/ros2/ros2_learn/cartoros2_ws/install/cartographer_rviz/share/cartographer_rviz/environment/ament_prefix_path.sh
-- Installing: /home/ros2/ros2_learn/cartoros2_ws/install/cartographer_rviz/share/cartographer_rviz/environment/ament_prefix_path.dsv
-- Installing: /home/ros2/ros2_learn/cartoros2_ws/install/cartographer_rviz/share/cartographer_rviz/environment/path.sh
-- Installing: /home/ros2/ros2_learn/cartoros2_ws/install/cartographer_rviz/share/cartographer_rviz/environment/path.dsv
-- Installing: /home/ros2/ros2_learn/cartoros2_ws/install/cartographer_rviz/share/cartographer_rviz/local_setup.bash
-- Installing: /home/ros2/ros2_learn/cartoros2_ws/install/cartographer_rviz/share/cartographer_rviz/local_setup.sh
-- Installing: /home/ros2/ros2_learn/cartoros2_ws/install/cartographer_rviz/share/cartographer_rviz/local_setup.zsh
-- Installing: /home/ros2/ros2_learn/cartoros2_ws/install/cartographer_rviz/share/cartographer_rviz/local_setup.dsv
-- Installing: /home/ros2/ros2_learn/cartoros2_ws/install/cartographer_rviz/share/cartographer_rviz/package.dsv
-- Installing: /home/ros2/ros2_learn/cartoros2_ws/install/cartographer_rviz/share/ament_index/resource_index/packages/cartographer_rviz
-- Installing: /home/ros2/ros2_learn/cartoros2_ws/install/cartographer_rviz/share/ament_index/resource_index/rviz_common__pluginlib__plugin/cartographer_rviz
-- Installing: /home/ros2/ros2_learn/cartoros2_ws/install/cartographer_rviz/share/cartographer_rviz/ogre_media/materials/glsl120
-- Installing: /home/ros2/ros2_learn/cartoros2_ws/install/cartographer_rviz/share/cartographer_rviz/ogre_media/materials/glsl120/submap.frag
-- Installing: /home/ros2/ros2_learn/cartoros2_ws/install/cartographer_rviz/share/cartographer_rviz/ogre_media/materials/glsl120/glsl120.program
-- Installing: /home/ros2/ros2_learn/cartoros2_ws/install/cartographer_rviz/share/cartographer_rviz/ogre_media/materials/glsl120/submap.vert
-- Installing: /home/ros2/ros2_learn/cartoros2_ws/install/cartographer_rviz/share/cartographer_rviz/ogre_media/materials/scripts
-- Installing: /home/ros2/ros2_learn/cartoros2_ws/install/cartographer_rviz/share/cartographer_rviz/ogre_media/materials/scripts/submap.material
-- Installing: /home/ros2/ros2_learn/cartoros2_ws/install/cartographer_rviz/share/ament_index/resource_index/rviz_ogre_media_exports/cartographer_rviz
-- Installing: /home/ros2/ros2_learn/cartoros2_ws/install/cartographer_rviz/share/cartographer_rviz/cmake/cartographer_rvizExport.cmake
-- Installing: /home/ros2/ros2_learn/cartoros2_ws/install/cartographer_rviz/share/cartographer_rviz/cmake/cartographer_rvizExport-release.cmake
-- Installing: /home/ros2/ros2_learn/cartoros2_ws/install/cartographer_rviz/share/cartographer_rviz/cmake/ament_cmake_export_include_directories-extras.cmake
-- Installing: /home/ros2/ros2_learn/cartoros2_ws/install/cartographer_rviz/share/cartographer_rviz/cmake/ament_cmake_export_targets-extras.cmake
-- Installing: /home/ros2/ros2_learn/cartoros2_ws/install/cartographer_rviz/share/cartographer_rviz/cmake/ament_cmake_export_dependencies-extras.cmake
-- Installing: /home/ros2/ros2_learn/cartoros2_ws/install/cartographer_rviz/share/cartographer_rviz/cmake/cartographer_rvizConfig.cmake
-- Installing: /home/ros2/ros2_learn/cartoros2_ws/install/cartographer_rviz/share/cartographer_rviz/cmake/cartographer_rvizConfig-version.cmake
-- Installing: /home/ros2/ros2_learn/cartoros2_ws/install/cartographer_rviz/share/cartographer_rviz/package.xml
