[0.036s] Invoking command in '/home/ros2/ros2_learn/cartoros2_ws/build/cartographer_rviz': AMENT_PREFIX_PATH=/home/ros2/ros2_learn/cartoros2_ws/install/cartographer_ros:/home/ros2/ros2_learn/cartoros2_ws/install/cartographer_ros_msgs:${AMENT_PREFIX_PATH} CMAKE_PREFIX_PATH=/home/ros2/ros2_learn/cartoros2_ws/install/cartographer_ros:/home/ros2/ros2_learn/cartoros2_ws/install/cartographer_ros_msgs:/home/ros2/ros2_learn/cartoros2_ws/install/cartographer:/opt/ros/galactic LD_LIBRARY_PATH=/home/ros2/ros2_learn/cartoros2_ws/install/cartographer_ros/lib:/home/ros2/ros2_learn/cartoros2_ws/install/cartographer_ros_msgs/lib:${LD_LIBRARY_PATH} PATH=/home/ros2/ros2_learn/cartoros2_ws/install/cartographer/bin:${PATH} PKG_CONFIG_PATH=/home/ros2/ros2_learn/cartoros2_ws/install/cartographer/lib/x86_64-linux-gnu/pkgconfig:/home/ros2/ros2_learn/cartoros2_ws/install/cartographer/lib/pkgconfig PYTHONPATH=/home/ros2/ros2_learn/cartoros2_ws/install/cartographer_ros_msgs/lib/python3.8/site-packages:${PYTHONPATH} /usr/bin/cmake /home/ros2/ros2_learn/cartoros2_ws/src/cartographer_ros/cartographer_rviz -DCMAKE_INSTALL_PREFIX=/home/ros2/ros2_learn/cartoros2_ws/install/cartographer_rviz
[0.134s] -- The C compiler identification is GNU 9.4.0
[0.238s] -- The CXX compiler identification is GNU 9.4.0
[0.248s] -- Check for working C compiler: /usr/bin/cc
[0.368s] -- Check for working C compiler: /usr/bin/cc -- works
[0.369s] -- Detecting C compiler ABI info
[0.479s] -- Detecting C compiler ABI info - done
[0.504s] -- Detecting C compile features
[0.504s] -- Detecting C compile features - done
[0.507s] -- Check for working CXX compiler: /usr/bin/c++
[0.622s] -- Check for working CXX compiler: /usr/bin/c++ -- works
[0.623s] -- Detecting CXX compiler ABI info
[0.748s] -- Detecting CXX compiler ABI info - done
[0.762s] -- Detecting CXX compile features
[0.763s] -- Detecting CXX compile features - done
[0.763s] -- Found ament_cmake: 1.1.6 (/opt/ros/galactic/share/ament_cmake/cmake)
[0.788s] -- Found PythonInterp: /usr/bin/python3 (found suitable version "3.8.10", minimum required is "3") 
[0.788s] -- Using PYTHON_EXECUTABLE: /usr/bin/python3
[0.939s] -- Found installed version of Eigen: /usr/lib/cmake/eigen3
[0.940s] -- Found required Ceres dependency: Eigen version 3.3.7 in /usr/include/eigen3
[0.955s] -- Found required Ceres dependency: glog
[0.961s] -- Found installed version of gflags: /usr/lib/x86_64-linux-gnu/cmake/gflags
[0.961s] -- Detected gflags version: 2.2.2
[0.964s] -- Found required Ceres dependency: gflags
[0.966s] -- Found Ceres version: 1.14.0 installed in: /usr with components: [EigenSparse, SparseLinearAlgebraLibrary, LAPACK, SuiteSparse, CXSparse, SchurSpecializations, OpenMP, Multithreading]
[0.971s] -- Looking for pthread.h
[1.116s] -- Looking for pthread.h - found
[1.116s] -- Performing Test CMAKE_HAVE_LIBC_PTHREAD
[1.278s] -- Performing Test CMAKE_HAVE_LIBC_PTHREAD - Failed
[1.278s] -- Looking for pthread_create in pthreads
[1.391s] -- Looking for pthread_create in pthreads - not found
[1.391s] -- Looking for pthread_create in pthread
[1.514s] -- Looking for pthread_create in pthread - found
[1.516s] -- Found Threads: TRUE  
[1.536s] -- Build type: Release
[1.551s] 文件 /home/ros2/ros2_learn/cartoros2_ws/build/cartographer_rviz/AllFiles.cmake 和 - 不同
[1.584s] -- Found Boost: /usr/lib/x86_64-linux-gnu/cmake/Boost-1.71.0/BoostConfig.cmake (found version "1.71.0") found components: iostreams 
[1.585s] -- Found cartographer_ros: 2.0.9000 (/home/ros2/ros2_learn/cartoros2_ws/install/cartographer_ros/share/cartographer_ros/cmake)
[1.622s] -- Using all available rosidl_typesupport_c: rosidl_typesupport_fastrtps_c;rosidl_typesupport_introspection_c
[1.635s] -- Found rosidl_adapter: 2.2.3 (/opt/ros/galactic/share/rosidl_adapter/cmake)
[1.781s] -- Found OpenSSL: /usr/lib/x86_64-linux-gnu/libcrypto.so (found version "1.1.1f")  
[1.830s] -- Found FastRTPS: /opt/ros/galactic/include  
[1.960s] -- Using all available rosidl_typesupport_cpp: rosidl_typesupport_fastrtps_cpp;rosidl_typesupport_introspection_cpp
[2.392s] -- Found rmw_implementation_cmake: 3.3.1 (/opt/ros/galactic/share/rmw_implementation_cmake/cmake)
[2.397s] -- Found rmw_cyclonedds_cpp: 0.22.6 (/opt/ros/galactic/share/rmw_cyclonedds_cpp/cmake)
[2.424s] -- Using RMW implementation 'rmw_cyclonedds_cpp' as default
[3.795s] -- Found Eigen3: TRUE (found version "3.3.7") 
[3.799s] -- Found rviz_common: 8.5.2 (/opt/ros/galactic/share/rviz_common/cmake)
[3.835s] -- Setting OGRE_DIR to: '/opt/ros/galactic/share/rviz_ogre_vendor/cmake/../../../opt/rviz_ogre_vendor/lib/OGRE/cmake'
[3.839s] -- Found OGRE
[3.839s] --   static     : OFF
[3.839s] --   components : HLMS;MeshLodGenerator;Overlay;Paging;Property;RTShaderSystem;Terrain;Volume
[3.839s] --   plugins    : Plugin_BSPSceneManager;Plugin_OctreeSceneManager;Plugin_PCZSceneManager;Plugin_ParticleFX;RenderSystem_GL;RenderSystem_GL3Plus;Codec_STBI
[3.839s] --   media      : /opt/ros/galactic/opt/rviz_ogre_vendor/share/OGRE/Media
[3.839s] -- OGRE_LIBRARIES: OgreHLMS;OgreMeshLodGenerator;OgreOverlay;OgrePaging;OgreProperty;OgreRTShaderSystem;OgreTerrain;OgreVolume;OgreMain
[3.839s] -- OGRE_LIBRARY_DIRS: /opt/ros/galactic/opt/rviz_ogre_vendor/lib
[3.839s] -- OGRE_PLUGINS: Plugin_BSPSceneManager;Plugin_OctreeSceneManager;Plugin_PCZSceneManager;Plugin_ParticleFX;RenderSystem_GL;RenderSystem_GL3Plus;Codec_STBI
[3.840s] -- OGRE_PLUGIN_DIR: /opt/ros/galactic/opt/rviz_ogre_vendor/lib/OGRE
[3.840s] -- rviz_ogre_vendor::OgreOverlay for IMPORTED_LOCATION_RELEASE: /opt/ros/galactic/opt/rviz_ogre_vendor/lib/libOgreOverlay.so
[3.840s] -- rviz_ogre_vendor::OgreOverlay for IMPORTED_LOCATION_DEBUG: /opt/ros/galactic/opt/rviz_ogre_vendor/lib/libOgreOverlay.so
[3.840s] -- rviz_ogre_vendor::OgreMain for IMPORTED_LOCATION_RELEASE: /opt/ros/galactic/opt/rviz_ogre_vendor/lib/libOgreMain.so
[3.840s] -- rviz_ogre_vendor::OgreMain for IMPORTED_LOCATION_DEBUG: /opt/ros/galactic/opt/rviz_ogre_vendor/lib/libOgreMain.so
[3.871s] -- Found ZLIB: /usr/lib/x86_64-linux-gnu/libz.so (found version "1.2.11") 
[3.879s] -- Found OpenGL: /usr/lib/x86_64-linux-gnu/libOpenGL.so   
[4.033s] -- Found X11: /usr/include   
[4.034s] -- Looking for XOpenDisplay in /usr/lib/x86_64-linux-gnu/libX11.so;/usr/lib/x86_64-linux-gnu/libXext.so
[4.162s] -- Looking for XOpenDisplay in /usr/lib/x86_64-linux-gnu/libX11.so;/usr/lib/x86_64-linux-gnu/libXext.so - found
[4.162s] -- Looking for gethostbyname
[4.275s] -- Looking for gethostbyname - found
[4.275s] -- Looking for connect
[4.373s] -- Looking for connect - found
[4.373s] -- Looking for remove
[4.491s] -- Looking for remove - found
[4.491s] -- Looking for shmat
[4.613s] -- Looking for shmat - found
[4.614s] -- Looking for IceConnectionNumber in ICE
[4.751s] -- Looking for IceConnectionNumber in ICE - found
[4.755s] -- rviz_ogre_vendor::RenderSystem_GL for IMPORTED_LOCATION_RELEASE: _render_system_gl_static_library_abs-NOTFOUND
[4.755s] -- rviz_ogre_vendor::RenderSystem_GL for IMPORTED_LOCATION_DEBUG: _render_system_gl_static_library_abs-NOTFOUND
[4.768s] -- library: libassimp.so.5
[4.881s] -- library: /usr/lib/x86_64-linux-gnu/libcurl.so
[5.058s] -- Check if compiler accepts -pthread
[5.193s] -- Check if compiler accepts -pthread - yes
[5.620s] -- Deploy OGRE media
[5.629s] -- Configuring done
[5.743s] -- Generating done
[5.745s] -- Build files have been written to: /home/ros2/ros2_learn/cartoros2_ws/build/cartographer_rviz
[5.757s] Invoked command in '/home/ros2/ros2_learn/cartoros2_ws/build/cartographer_rviz' returned '0': AMENT_PREFIX_PATH=/home/ros2/ros2_learn/cartoros2_ws/install/cartographer_ros:/home/ros2/ros2_learn/cartoros2_ws/install/cartographer_ros_msgs:${AMENT_PREFIX_PATH} CMAKE_PREFIX_PATH=/home/ros2/ros2_learn/cartoros2_ws/install/cartographer_ros:/home/ros2/ros2_learn/cartoros2_ws/install/cartographer_ros_msgs:/home/ros2/ros2_learn/cartoros2_ws/install/cartographer:/opt/ros/galactic LD_LIBRARY_PATH=/home/ros2/ros2_learn/cartoros2_ws/install/cartographer_ros/lib:/home/ros2/ros2_learn/cartoros2_ws/install/cartographer_ros_msgs/lib:${LD_LIBRARY_PATH} PATH=/home/ros2/ros2_learn/cartoros2_ws/install/cartographer/bin:${PATH} PKG_CONFIG_PATH=/home/ros2/ros2_learn/cartoros2_ws/install/cartographer/lib/x86_64-linux-gnu/pkgconfig:/home/ros2/ros2_learn/cartoros2_ws/install/cartographer/lib/pkgconfig PYTHONPATH=/home/ros2/ros2_learn/cartoros2_ws/install/cartographer_ros_msgs/lib/python3.8/site-packages:${PYTHONPATH} /usr/bin/cmake /home/ros2/ros2_learn/cartoros2_ws/src/cartographer_ros/cartographer_rviz -DCMAKE_INSTALL_PREFIX=/home/ros2/ros2_learn/cartoros2_ws/install/cartographer_rviz
[5.762s] Invoking command in '/home/ros2/ros2_learn/cartoros2_ws/build/cartographer_rviz': AMENT_PREFIX_PATH=/home/ros2/ros2_learn/cartoros2_ws/install/cartographer_ros:/home/ros2/ros2_learn/cartoros2_ws/install/cartographer_ros_msgs:${AMENT_PREFIX_PATH} CMAKE_PREFIX_PATH=/home/ros2/ros2_learn/cartoros2_ws/install/cartographer_ros:/home/ros2/ros2_learn/cartoros2_ws/install/cartographer_ros_msgs:/home/ros2/ros2_learn/cartoros2_ws/install/cartographer:/opt/ros/galactic LD_LIBRARY_PATH=/home/ros2/ros2_learn/cartoros2_ws/install/cartographer_ros/lib:/home/ros2/ros2_learn/cartoros2_ws/install/cartographer_ros_msgs/lib:${LD_LIBRARY_PATH} PATH=/home/ros2/ros2_learn/cartoros2_ws/install/cartographer/bin:${PATH} PKG_CONFIG_PATH=/home/ros2/ros2_learn/cartoros2_ws/install/cartographer/lib/x86_64-linux-gnu/pkgconfig:/home/ros2/ros2_learn/cartoros2_ws/install/cartographer/lib/pkgconfig PYTHONPATH=/home/ros2/ros2_learn/cartoros2_ws/install/cartographer_ros_msgs/lib/python3.8/site-packages:${PYTHONPATH} /usr/bin/cmake --build /home/ros2/ros2_learn/cartoros2_ws/build/cartographer_rviz -- -j4 -l4
[5.844s] [35m[1mScanning dependencies of target cartographer_rviz_autogen[0m
[5.844s] [35m[1mScanning dependencies of target cartographer_rviz_detect_changes[0m
[5.862s] [ 16%] [34m[1mAutomatic MOC for target cartographer_rviz[0m
[5.869s] [ 16%] Built target cartographer_rviz_detect_changes
[8.782s] [ 16%] Built target cartographer_rviz_autogen
[8.812s] [35m[1mScanning dependencies of target cartographer_rviz[0m
[9.082s] [ 33%] [32mBuilding CXX object CMakeFiles/cartographer_rviz.dir/cartographer_rviz_autogen/mocs_compilation.cpp.o[0m
[9.087s] [ 50%] [32mBuilding CXX object CMakeFiles/cartographer_rviz.dir/src/ogre_slice.cpp.o[0m
[9.091s] [ 66%] [32mBuilding CXX object CMakeFiles/cartographer_rviz.dir/src/submaps_display.cpp.o[0m
[9.092s] [ 83%] [32mBuilding CXX object CMakeFiles/cartographer_rviz.dir/src/drawable_submap.cpp.o[0m
[37.061s] [100%] [32m[1mLinking CXX shared library libcartographer_rviz.so[0m
[38.706s] [100%] Built target cartographer_rviz
[38.727s] Invoked command in '/home/ros2/ros2_learn/cartoros2_ws/build/cartographer_rviz' returned '0': AMENT_PREFIX_PATH=/home/ros2/ros2_learn/cartoros2_ws/install/cartographer_ros:/home/ros2/ros2_learn/cartoros2_ws/install/cartographer_ros_msgs:${AMENT_PREFIX_PATH} CMAKE_PREFIX_PATH=/home/ros2/ros2_learn/cartoros2_ws/install/cartographer_ros:/home/ros2/ros2_learn/cartoros2_ws/install/cartographer_ros_msgs:/home/ros2/ros2_learn/cartoros2_ws/install/cartographer:/opt/ros/galactic LD_LIBRARY_PATH=/home/ros2/ros2_learn/cartoros2_ws/install/cartographer_ros/lib:/home/ros2/ros2_learn/cartoros2_ws/install/cartographer_ros_msgs/lib:${LD_LIBRARY_PATH} PATH=/home/ros2/ros2_learn/cartoros2_ws/install/cartographer/bin:${PATH} PKG_CONFIG_PATH=/home/ros2/ros2_learn/cartoros2_ws/install/cartographer/lib/x86_64-linux-gnu/pkgconfig:/home/ros2/ros2_learn/cartoros2_ws/install/cartographer/lib/pkgconfig PYTHONPATH=/home/ros2/ros2_learn/cartoros2_ws/install/cartographer_ros_msgs/lib/python3.8/site-packages:${PYTHONPATH} /usr/bin/cmake --build /home/ros2/ros2_learn/cartoros2_ws/build/cartographer_rviz -- -j4 -l4
[38.777s] Invoking command in '/home/ros2/ros2_learn/cartoros2_ws/build/cartographer_rviz': AMENT_PREFIX_PATH=/home/ros2/ros2_learn/cartoros2_ws/install/cartographer_ros:/home/ros2/ros2_learn/cartoros2_ws/install/cartographer_ros_msgs:${AMENT_PREFIX_PATH} CMAKE_PREFIX_PATH=/home/ros2/ros2_learn/cartoros2_ws/install/cartographer_ros:/home/ros2/ros2_learn/cartoros2_ws/install/cartographer_ros_msgs:/home/ros2/ros2_learn/cartoros2_ws/install/cartographer:/opt/ros/galactic LD_LIBRARY_PATH=/home/ros2/ros2_learn/cartoros2_ws/install/cartographer_ros/lib:/home/ros2/ros2_learn/cartoros2_ws/install/cartographer_ros_msgs/lib:${LD_LIBRARY_PATH} PATH=/home/ros2/ros2_learn/cartoros2_ws/install/cartographer/bin:${PATH} PKG_CONFIG_PATH=/home/ros2/ros2_learn/cartoros2_ws/install/cartographer/lib/x86_64-linux-gnu/pkgconfig:/home/ros2/ros2_learn/cartoros2_ws/install/cartographer/lib/pkgconfig PYTHONPATH=/home/ros2/ros2_learn/cartoros2_ws/install/cartographer_ros_msgs/lib/python3.8/site-packages:${PYTHONPATH} /usr/bin/cmake --install /home/ros2/ros2_learn/cartoros2_ws/build/cartographer_rviz
[38.795s] -- Install configuration: "Release"
[38.796s] -- Installing: /home/ros2/ros2_learn/cartoros2_ws/install/cartographer_rviz/share/cartographer_rviz/rviz_plugin_description.xml
[38.803s] -- Installing: /home/ros2/ros2_learn/cartoros2_ws/install/cartographer_rviz/lib/libcartographer_rviz.so
[38.810s] -- Set runtime path of "/home/ros2/ros2_learn/cartoros2_ws/install/cartographer_rviz/lib/libcartographer_rviz.so" to ""
[38.810s] -- Installing: /home/ros2/ros2_learn/cartoros2_ws/install/cartographer_rviz/include/
[38.810s] -- Installing: /home/ros2/ros2_learn/cartoros2_ws/install/cartographer_rviz/include//cartographer_rviz
[38.811s] -- Installing: /home/ros2/ros2_learn/cartoros2_ws/install/cartographer_rviz/include//cartographer_rviz/drawable_submap.h
[38.811s] -- Installing: /home/ros2/ros2_learn/cartoros2_ws/install/cartographer_rviz/include//cartographer_rviz/submaps_display.h
[38.811s] -- Installing: /home/ros2/ros2_learn/cartoros2_ws/install/cartographer_rviz/include//cartographer_rviz/ogre_slice.h
[38.813s] -- Installing: /home/ros2/ros2_learn/cartoros2_ws/install/cartographer_rviz/share/cartographer_rviz/environment/library_path.sh
[38.813s] -- Installing: /home/ros2/ros2_learn/cartoros2_ws/install/cartographer_rviz/share/cartographer_rviz/environment/library_path.dsv
[38.813s] -- Installing: /home/ros2/ros2_learn/cartoros2_ws/install/cartographer_rviz/share/ament_index/resource_index/package_run_dependencies/cartographer_rviz
[38.813s] -- Installing: /home/ros2/ros2_learn/cartoros2_ws/install/cartographer_rviz/share/ament_index/resource_index/parent_prefix_path/cartographer_rviz
[38.813s] -- Installing: /home/ros2/ros2_learn/cartoros2_ws/install/cartographer_rviz/share/cartographer_rviz/environment/ament_prefix_path.sh
[38.814s] -- Installing: /home/ros2/ros2_learn/cartoros2_ws/install/cartographer_rviz/share/cartographer_rviz/environment/ament_prefix_path.dsv
[38.814s] -- Installing: /home/ros2/ros2_learn/cartoros2_ws/install/cartographer_rviz/share/cartographer_rviz/environment/path.sh
[38.814s] -- Installing: /home/ros2/ros2_learn/cartoros2_ws/install/cartographer_rviz/share/cartographer_rviz/environment/path.dsv
[38.814s] -- Installing: /home/ros2/ros2_learn/cartoros2_ws/install/cartographer_rviz/share/cartographer_rviz/local_setup.bash
[38.814s] -- Installing: /home/ros2/ros2_learn/cartoros2_ws/install/cartographer_rviz/share/cartographer_rviz/local_setup.sh
[38.814s] -- Installing: /home/ros2/ros2_learn/cartoros2_ws/install/cartographer_rviz/share/cartographer_rviz/local_setup.zsh
[38.814s] -- Installing: /home/ros2/ros2_learn/cartoros2_ws/install/cartographer_rviz/share/cartographer_rviz/local_setup.dsv
[38.815s] -- Installing: /home/ros2/ros2_learn/cartoros2_ws/install/cartographer_rviz/share/cartographer_rviz/package.dsv
[38.815s] -- Installing: /home/ros2/ros2_learn/cartoros2_ws/install/cartographer_rviz/share/ament_index/resource_index/packages/cartographer_rviz
[38.815s] -- Installing: /home/ros2/ros2_learn/cartoros2_ws/install/cartographer_rviz/share/ament_index/resource_index/rviz_common__pluginlib__plugin/cartographer_rviz
[38.815s] -- Installing: /home/ros2/ros2_learn/cartoros2_ws/install/cartographer_rviz/share/cartographer_rviz/ogre_media/materials/glsl120
[38.816s] -- Installing: /home/ros2/ros2_learn/cartoros2_ws/install/cartographer_rviz/share/cartographer_rviz/ogre_media/materials/glsl120/submap.frag
[38.817s] -- Installing: /home/ros2/ros2_learn/cartoros2_ws/install/cartographer_rviz/share/cartographer_rviz/ogre_media/materials/glsl120/glsl120.program
[38.817s] -- Installing: /home/ros2/ros2_learn/cartoros2_ws/install/cartographer_rviz/share/cartographer_rviz/ogre_media/materials/glsl120/submap.vert
[38.818s] -- Installing: /home/ros2/ros2_learn/cartoros2_ws/install/cartographer_rviz/share/cartographer_rviz/ogre_media/materials/scripts
[38.818s] -- Installing: /home/ros2/ros2_learn/cartoros2_ws/install/cartographer_rviz/share/cartographer_rviz/ogre_media/materials/scripts/submap.material
[38.819s] -- Installing: /home/ros2/ros2_learn/cartoros2_ws/install/cartographer_rviz/share/ament_index/resource_index/rviz_ogre_media_exports/cartographer_rviz
[38.820s] -- Installing: /home/ros2/ros2_learn/cartoros2_ws/install/cartographer_rviz/share/cartographer_rviz/cmake/cartographer_rvizExport.cmake
[38.820s] -- Installing: /home/ros2/ros2_learn/cartoros2_ws/install/cartographer_rviz/share/cartographer_rviz/cmake/cartographer_rvizExport-release.cmake
[38.820s] -- Installing: /home/ros2/ros2_learn/cartoros2_ws/install/cartographer_rviz/share/cartographer_rviz/cmake/ament_cmake_export_include_directories-extras.cmake
[38.820s] -- Installing: /home/ros2/ros2_learn/cartoros2_ws/install/cartographer_rviz/share/cartographer_rviz/cmake/ament_cmake_export_targets-extras.cmake
[38.821s] -- Installing: /home/ros2/ros2_learn/cartoros2_ws/install/cartographer_rviz/share/cartographer_rviz/cmake/ament_cmake_export_dependencies-extras.cmake
[38.821s] -- Installing: /home/ros2/ros2_learn/cartoros2_ws/install/cartographer_rviz/share/cartographer_rviz/cmake/cartographer_rvizConfig.cmake
[38.821s] -- Installing: /home/ros2/ros2_learn/cartoros2_ws/install/cartographer_rviz/share/cartographer_rviz/cmake/cartographer_rvizConfig-version.cmake
[38.821s] -- Installing: /home/ros2/ros2_learn/cartoros2_ws/install/cartographer_rviz/share/cartographer_rviz/package.xml
[38.831s] Invoked command in '/home/ros2/ros2_learn/cartoros2_ws/build/cartographer_rviz' returned '0': AMENT_PREFIX_PATH=/home/ros2/ros2_learn/cartoros2_ws/install/cartographer_ros:/home/ros2/ros2_learn/cartoros2_ws/install/cartographer_ros_msgs:${AMENT_PREFIX_PATH} CMAKE_PREFIX_PATH=/home/ros2/ros2_learn/cartoros2_ws/install/cartographer_ros:/home/ros2/ros2_learn/cartoros2_ws/install/cartographer_ros_msgs:/home/ros2/ros2_learn/cartoros2_ws/install/cartographer:/opt/ros/galactic LD_LIBRARY_PATH=/home/ros2/ros2_learn/cartoros2_ws/install/cartographer_ros/lib:/home/ros2/ros2_learn/cartoros2_ws/install/cartographer_ros_msgs/lib:${LD_LIBRARY_PATH} PATH=/home/ros2/ros2_learn/cartoros2_ws/install/cartographer/bin:${PATH} PKG_CONFIG_PATH=/home/ros2/ros2_learn/cartoros2_ws/install/cartographer/lib/x86_64-linux-gnu/pkgconfig:/home/ros2/ros2_learn/cartoros2_ws/install/cartographer/lib/pkgconfig PYTHONPATH=/home/ros2/ros2_learn/cartoros2_ws/install/cartographer_ros_msgs/lib/python3.8/site-packages:${PYTHONPATH} /usr/bin/cmake --install /home/ros2/ros2_learn/cartoros2_ws/build/cartographer_rviz
