[1.270s] Invoking command in '/home/ros2/ros2_learn/turtle_ws/src/village_li': PYTHONPATH=/home/ros2/ros2_learn/turtle_ws/src/build/village_li/prefix_override:/home/ros2/ros2_learn/turtle_ws/src/install/village_li/lib/python3.8/site-packages:${PYTHONPATH} /usr/bin/python3 setup.py egg_info --egg-base ../build/village_li build --build-base /home/ros2/ros2_learn/turtle_ws/src/build/village_li/build install --record /home/ros2/ros2_learn/turtle_ws/src/build/village_li/install.log --single-version-externally-managed
[1.643s] running egg_info
[1.644s] creating ../build/village_li/village_li.egg-info
[1.645s] writing ../build/village_li/village_li.egg-info/PKG-INFO
[1.646s] writing dependency_links to ../build/village_li/village_li.egg-info/dependency_links.txt
[1.646s] writing entry points to ../build/village_li/village_li.egg-info/entry_points.txt
[1.646s] writing requirements to ../build/village_li/village_li.egg-info/requires.txt
[1.646s] writing top-level names to ../build/village_li/village_li.egg-info/top_level.txt
[1.663s] writing manifest file '../build/village_li/village_li.egg-info/SOURCES.txt'
[1.720s] reading manifest file '../build/village_li/village_li.egg-info/SOURCES.txt'
[1.720s] writing manifest file '../build/village_li/village_li.egg-info/SOURCES.txt'
[1.721s] running build
[1.721s] running build_py
[1.721s] creating /home/ros2/ros2_learn/turtle_ws/src/build/village_li/build
[1.721s] creating /home/ros2/ros2_learn/turtle_ws/src/build/village_li/build/lib
[1.721s] creating /home/ros2/ros2_learn/turtle_ws/src/build/village_li/build/lib/village_li
[1.722s] copying village_li/__init__.py -> /home/ros2/ros2_learn/turtle_ws/src/build/village_li/build/lib/village_li
[1.722s] copying village_li/li4.py -> /home/ros2/ros2_learn/turtle_ws/src/build/village_li/build/lib/village_li
[1.722s] running install
[1.722s] running install_lib
[1.724s] creating /home/ros2/ros2_learn/turtle_ws/src/install/village_li/lib/python3.8/site-packages/village_li
[1.724s] copying /home/ros2/ros2_learn/turtle_ws/src/build/village_li/build/lib/village_li/__init__.py -> /home/ros2/ros2_learn/turtle_ws/src/install/village_li/lib/python3.8/site-packages/village_li
[1.724s] copying /home/ros2/ros2_learn/turtle_ws/src/build/village_li/build/lib/village_li/li4.py -> /home/ros2/ros2_learn/turtle_ws/src/install/village_li/lib/python3.8/site-packages/village_li
[1.725s] byte-compiling /home/ros2/ros2_learn/turtle_ws/src/install/village_li/lib/python3.8/site-packages/village_li/__init__.py to __init__.cpython-38.pyc
[1.726s] byte-compiling /home/ros2/ros2_learn/turtle_ws/src/install/village_li/lib/python3.8/site-packages/village_li/li4.py to li4.cpython-38.pyc
[1.727s] running install_data
[1.727s] creating /home/ros2/ros2_learn/turtle_ws/src/install/village_li/share/ament_index
[1.727s] creating /home/ros2/ros2_learn/turtle_ws/src/install/village_li/share/ament_index/resource_index
[1.728s] creating /home/ros2/ros2_learn/turtle_ws/src/install/village_li/share/ament_index/resource_index/packages
[1.728s] copying resource/village_li -> /home/ros2/ros2_learn/turtle_ws/src/install/village_li/share/ament_index/resource_index/packages
[1.730s] copying package.xml -> /home/ros2/ros2_learn/turtle_ws/src/install/village_li/share/village_li
[1.730s] running install_egg_info
[1.731s] Copying ../build/village_li/village_li.egg-info to /home/ros2/ros2_learn/turtle_ws/src/install/village_li/lib/python3.8/site-packages/village_li-0.0.0-py3.8.egg-info
[1.735s] running install_scripts
[1.775s] Installing li4_node script to /home/ros2/ros2_learn/turtle_ws/src/install/village_li/lib/village_li
[1.777s] writing list of installed files to '/home/ros2/ros2_learn/turtle_ws/src/build/village_li/install.log'
[1.864s] Invoked command in '/home/ros2/ros2_learn/turtle_ws/src/village_li' returned '0': PYTHONPATH=/home/ros2/ros2_learn/turtle_ws/src/build/village_li/prefix_override:/home/ros2/ros2_learn/turtle_ws/src/install/village_li/lib/python3.8/site-packages:${PYTHONPATH} /usr/bin/python3 setup.py egg_info --egg-base ../build/village_li build --build-base /home/ros2/ros2_learn/turtle_ws/src/build/village_li/build install --record /home/ros2/ros2_learn/turtle_ws/src/build/village_li/install.log --single-version-externally-managed
