[0.919s] DEBUG:colcon:Command line arguments: ['/usr/bin/colcon', 'build', '--packages-select', 'village_interfaces']
[0.919s] DEBUG:colcon:Parsed command line arguments: Namespace(allow_overriding=[], ament_cmake_args=None, base_paths=['.'], build_base='build', catkin_cmake_args=None, catkin_skip_building_tests=False, cmake_args=None, cmake_clean_cache=False, cmake_clean_first=False, cmake_force_configure=False, cmake_target=None, cmake_target_skip_unavailable=False, continue_on_error=False, event_handlers=None, executor='parallel', ignore_user_meta=False, install_base='install', log_base=None, log_level=None, main=<bound method BuildVerb.main of <colcon_core.verb.build.BuildVerb object at 0x7f1f1e07bd00>>, merge_install=False, metas=['./colcon.meta'], packages_above=None, packages_above_and_dependencies=None, packages_above_depth=None, packages_end=None, packages_ignore=None, packages_ignore_regex=None, packages_select=['village_interfaces'], packages_select_build_failed=False, packages_select_by_dep=None, packages_select_regex=None, packages_select_test_failures=False, packages_skip=None, packages_skip_build_finished=False, packages_skip_by_dep=None, packages_skip_regex=None, packages_skip_test_passed=False, packages_skip_up_to=None, packages_start=None, packages_up_to=None, packages_up_to_regex=None, parallel_workers=4, paths=None, symlink_install=False, test_result_base=None, verb_extension=<colcon_core.verb.build.BuildVerb object at 0x7f1f1e07bd00>, verb_name='build', verb_parser=<colcon_defaults.argument_parser.defaults.DefaultArgumentsDecorator object at 0x7f1f1e0852b0>)
[1.023s] Level 1:colcon.colcon_core.package_discovery:discover_packages(colcon_meta) check parameters
[1.024s] Level 1:colcon.colcon_core.package_discovery:discover_packages(recursive) check parameters
[1.024s] Level 1:colcon.colcon_core.package_discovery:discover_packages(ignore) check parameters
[1.024s] Level 1:colcon.colcon_core.package_discovery:discover_packages(path) check parameters
[1.024s] Level 1:colcon.colcon_core.package_discovery:discover_packages(colcon_meta) discover
[1.024s] Level 1:colcon.colcon_core.package_discovery:discover_packages(recursive) discover
[1.025s] INFO:colcon.colcon_core.package_discovery:Crawling recursively for packages in '/home/ros2/ros2_learn/turtle_ws/src'
[1.025s] Level 1:colcon.colcon_core.package_identification:_identify(.) by extensions ['ignore', 'ignore_ament_install']
[1.025s] Level 1:colcon.colcon_core.package_identification:_identify(.) by extension 'ignore'
[1.026s] Level 1:colcon.colcon_core.package_identification:_identify(.) by extension 'ignore_ament_install'
[1.026s] Level 1:colcon.colcon_core.package_identification:_identify(.) by extensions ['colcon_pkg']
[1.026s] Level 1:colcon.colcon_core.package_identification:_identify(.) by extension 'colcon_pkg'
[1.027s] Level 1:colcon.colcon_core.package_identification:_identify(.) by extensions ['colcon_meta']
[1.027s] Level 1:colcon.colcon_core.package_identification:_identify(.) by extension 'colcon_meta'
[1.027s] Level 1:colcon.colcon_core.package_identification:_identify(.) by extensions ['ros']
[1.027s] Level 1:colcon.colcon_core.package_identification:_identify(.) by extension 'ros'
[1.089s] Level 1:colcon.colcon_core.package_identification:_identify(.) by extensions ['cmake', 'python']
[1.089s] Level 1:colcon.colcon_core.package_identification:_identify(.) by extension 'cmake'
[1.090s] Level 1:colcon.colcon_core.package_identification:_identify(.) by extension 'python'
[1.090s] Level 1:colcon.colcon_core.package_identification:_identify(.) by extensions ['python_setup_py']
[1.090s] Level 1:colcon.colcon_core.package_identification:_identify(.) by extension 'python_setup_py'
[1.090s] Level 1:colcon.colcon_core.package_identification:_identify(build) by extensions ['ignore', 'ignore_ament_install']
[1.091s] Level 1:colcon.colcon_core.package_identification:_identify(build) by extension 'ignore'
[1.091s] Level 1:colcon.colcon_core.package_identification:_identify(build) ignored
[1.092s] Level 1:colcon.colcon_core.package_identification:_identify(install) by extensions ['ignore', 'ignore_ament_install']
[1.092s] Level 1:colcon.colcon_core.package_identification:_identify(install) by extension 'ignore'
[1.092s] Level 1:colcon.colcon_core.package_identification:_identify(install) ignored
[1.092s] Level 1:colcon.colcon_core.package_identification:_identify(log) by extensions ['ignore', 'ignore_ament_install']
[1.093s] Level 1:colcon.colcon_core.package_identification:_identify(log) by extension 'ignore'
[1.093s] Level 1:colcon.colcon_core.package_identification:_identify(log) ignored
[1.093s] Level 1:colcon.colcon_core.package_identification:_identify(village_interfaces) by extensions ['ignore', 'ignore_ament_install']
[1.093s] Level 1:colcon.colcon_core.package_identification:_identify(village_interfaces) by extension 'ignore'
[1.094s] Level 1:colcon.colcon_core.package_identification:_identify(village_interfaces) by extension 'ignore_ament_install'
[1.094s] Level 1:colcon.colcon_core.package_identification:_identify(village_interfaces) by extensions ['colcon_pkg']
[1.094s] Level 1:colcon.colcon_core.package_identification:_identify(village_interfaces) by extension 'colcon_pkg'
[1.094s] Level 1:colcon.colcon_core.package_identification:_identify(village_interfaces) by extensions ['colcon_meta']
[1.094s] Level 1:colcon.colcon_core.package_identification:_identify(village_interfaces) by extension 'colcon_meta'
[1.094s] Level 1:colcon.colcon_core.package_identification:_identify(village_interfaces) by extensions ['ros']
[1.094s] Level 1:colcon.colcon_core.package_identification:_identify(village_interfaces) by extension 'ros'
[1.102s] DEBUG:colcon.colcon_core.package_identification:Package 'village_interfaces' with type 'ros.ament_cmake' and name 'village_interfaces'
[1.103s] Level 1:colcon.colcon_core.package_identification:_identify(village_li) by extensions ['ignore', 'ignore_ament_install']
[1.103s] Level 1:colcon.colcon_core.package_identification:_identify(village_li) by extension 'ignore'
[1.103s] Level 1:colcon.colcon_core.package_identification:_identify(village_li) by extension 'ignore_ament_install'
[1.104s] Level 1:colcon.colcon_core.package_identification:_identify(village_li) by extensions ['colcon_pkg']
[1.104s] Level 1:colcon.colcon_core.package_identification:_identify(village_li) by extension 'colcon_pkg'
[1.104s] Level 1:colcon.colcon_core.package_identification:_identify(village_li) by extensions ['colcon_meta']
[1.104s] Level 1:colcon.colcon_core.package_identification:_identify(village_li) by extension 'colcon_meta'
[1.104s] Level 1:colcon.colcon_core.package_identification:_identify(village_li) by extensions ['ros']
[1.104s] Level 1:colcon.colcon_core.package_identification:_identify(village_li) by extension 'ros'
[1.107s] DEBUG:colcon.colcon_core.package_identification:Package 'village_li' with type 'ros.ament_python' and name 'village_li'
[1.107s] Level 1:colcon.colcon_core.package_identification:_identify(village_wang) by extensions ['ignore', 'ignore_ament_install']
[1.108s] Level 1:colcon.colcon_core.package_identification:_identify(village_wang) by extension 'ignore'
[1.108s] Level 1:colcon.colcon_core.package_identification:_identify(village_wang) by extension 'ignore_ament_install'
[1.108s] Level 1:colcon.colcon_core.package_identification:_identify(village_wang) by extensions ['colcon_pkg']
[1.109s] Level 1:colcon.colcon_core.package_identification:_identify(village_wang) by extension 'colcon_pkg'
[1.109s] Level 1:colcon.colcon_core.package_identification:_identify(village_wang) by extensions ['colcon_meta']
[1.109s] Level 1:colcon.colcon_core.package_identification:_identify(village_wang) by extension 'colcon_meta'
[1.109s] Level 1:colcon.colcon_core.package_identification:_identify(village_wang) by extensions ['ros']
[1.109s] Level 1:colcon.colcon_core.package_identification:_identify(village_wang) by extension 'ros'
[1.112s] DEBUG:colcon.colcon_core.package_identification:Package 'village_wang' with type 'ros.ament_python' and name 'village_wang'
[1.112s] Level 1:colcon.colcon_core.package_discovery:discover_packages(recursive) using defaults
[1.112s] Level 1:colcon.colcon_core.package_discovery:discover_packages(ignore) discover
[1.113s] Level 1:colcon.colcon_core.package_discovery:discover_packages(ignore) using defaults
[1.113s] Level 1:colcon.colcon_core.package_discovery:discover_packages(path) discover
[1.113s] Level 1:colcon.colcon_core.package_discovery:discover_packages(path) using defaults
[1.191s] INFO:colcon.colcon_core.package_selection:Skipping not selected package 'village_li' in 'village_li'
[1.191s] INFO:colcon.colcon_core.package_selection:Skipping not selected package 'village_wang' in 'village_wang'
[1.194s] Level 1:colcon.colcon_core.package_discovery:discover_packages(prefix_path) check parameters
[1.194s] Level 1:colcon.colcon_core.package_discovery:discover_packages(prefix_path) discover
[1.204s] DEBUG:colcon.colcon_installed_package_information.package_discovery:Found 3 installed packages in /home/ros2/ros2_learn/turtle_ws/src/install
[1.208s] DEBUG:colcon.colcon_installed_package_information.package_discovery:Found 268 installed packages in /opt/ros/galactic
[1.212s] Level 1:colcon.colcon_core.package_discovery:discover_packages(prefix_path) using defaults
[1.437s] Level 5:colcon.colcon_core.verb:set package 'village_interfaces' build argument 'cmake_args' from command line to 'None'
[1.437s] Level 5:colcon.colcon_core.verb:set package 'village_interfaces' build argument 'cmake_target' from command line to 'None'
[1.437s] Level 5:colcon.colcon_core.verb:set package 'village_interfaces' build argument 'cmake_target_skip_unavailable' from command line to 'False'
[1.437s] Level 5:colcon.colcon_core.verb:set package 'village_interfaces' build argument 'cmake_clean_cache' from command line to 'False'
[1.438s] Level 5:colcon.colcon_core.verb:set package 'village_interfaces' build argument 'cmake_clean_first' from command line to 'False'
[1.438s] Level 5:colcon.colcon_core.verb:set package 'village_interfaces' build argument 'cmake_force_configure' from command line to 'False'
[1.438s] Level 5:colcon.colcon_core.verb:set package 'village_interfaces' build argument 'ament_cmake_args' from command line to 'None'
[1.438s] Level 5:colcon.colcon_core.verb:set package 'village_interfaces' build argument 'catkin_cmake_args' from command line to 'None'
[1.438s] Level 5:colcon.colcon_core.verb:set package 'village_interfaces' build argument 'catkin_skip_building_tests' from command line to 'False'
[1.438s] DEBUG:colcon.colcon_core.verb:Building package 'village_interfaces' with the following arguments: {'ament_cmake_args': None, 'build_base': '/home/ros2/ros2_learn/turtle_ws/src/build/village_interfaces', 'catkin_cmake_args': None, 'catkin_skip_building_tests': False, 'cmake_args': None, 'cmake_clean_cache': False, 'cmake_clean_first': False, 'cmake_force_configure': False, 'cmake_target': None, 'cmake_target_skip_unavailable': False, 'install_base': '/home/ros2/ros2_learn/turtle_ws/src/install/village_interfaces', 'merge_install': False, 'path': '/home/ros2/ros2_learn/turtle_ws/src/village_interfaces', 'symlink_install': False, 'test_result_base': None}
[1.441s] INFO:colcon.colcon_core.executor:Executing jobs using 'parallel' executor
[1.452s] DEBUG:colcon.colcon_parallel_executor.executor.parallel:run_until_complete
[1.453s] INFO:colcon.colcon_ros.task.ament_cmake.build:Building ROS package in '/home/ros2/ros2_learn/turtle_ws/src/village_interfaces' with build type 'ament_cmake'
[1.453s] INFO:colcon.colcon_cmake.task.cmake.build:Building CMake package in '/home/ros2/ros2_learn/turtle_ws/src/village_interfaces'
[1.470s] INFO:colcon.colcon_core.plugin_system:Skipping extension 'colcon_core.shell.bat': Not used on non-Windows systems
[1.472s] INFO:colcon.colcon_core.shell:Skip shell extension 'powershell' for command environment: Not usable outside of PowerShell
[1.472s] DEBUG:colcon.colcon_core.shell:Skip shell extension 'dsv' for command environment
[1.539s] DEBUG:colcon.colcon_core.event_handler.log_command:Invoking command in '/home/ros2/ros2_learn/turtle_ws/src/build/village_interfaces': CMAKE_PREFIX_PATH=${CMAKE_PREFIX_PATH}:/home/ros2/ros2_learn/turtle_ws/src/install/village_wang:/home/ros2/ros2_learn/turtle_ws/src/install/village_li:/opt/ros/galactic /usr/bin/cmake --build /home/ros2/ros2_learn/turtle_ws/src/build/village_interfaces -- -j4 -l4
[28.228s] DEBUG:colcon.colcon_core.event_handler.log_command:Invoked command in '/home/ros2/ros2_learn/turtle_ws/src/build/village_interfaces' returned '0': CMAKE_PREFIX_PATH=${CMAKE_PREFIX_PATH}:/home/ros2/ros2_learn/turtle_ws/src/install/village_wang:/home/ros2/ros2_learn/turtle_ws/src/install/village_li:/opt/ros/galactic /usr/bin/cmake --build /home/ros2/ros2_learn/turtle_ws/src/build/village_interfaces -- -j4 -l4
[28.610s] DEBUG:colcon.colcon_core.event_handler.log_command:Invoking command in '/home/ros2/ros2_learn/turtle_ws/src/build/village_interfaces': CMAKE_PREFIX_PATH=${CMAKE_PREFIX_PATH}:/home/ros2/ros2_learn/turtle_ws/src/install/village_wang:/home/ros2/ros2_learn/turtle_ws/src/install/village_li:/opt/ros/galactic /usr/bin/cmake --install /home/ros2/ros2_learn/turtle_ws/src/build/village_interfaces
[28.873s] Level 1:colcon.colcon_core.environment:create_environment_scripts_only(village_interfaces)
[28.876s] DEBUG:colcon.colcon_core.event_handler.log_command:Invoked command in '/home/ros2/ros2_learn/turtle_ws/src/build/village_interfaces' returned '0': CMAKE_PREFIX_PATH=${CMAKE_PREFIX_PATH}:/home/ros2/ros2_learn/turtle_ws/src/install/village_wang:/home/ros2/ros2_learn/turtle_ws/src/install/village_li:/opt/ros/galactic /usr/bin/cmake --install /home/ros2/ros2_learn/turtle_ws/src/build/village_interfaces
[28.892s] Level 1:colcon.colcon_core.environment:checking '/home/ros2/ros2_learn/turtle_ws/src/install/village_interfaces' for CMake module files
[28.894s] Level 1:colcon.colcon_core.environment:checking '/home/ros2/ros2_learn/turtle_ws/src/install/village_interfaces' for CMake config files
[28.894s] Level 1:colcon.colcon_core.shell:create_environment_hook('village_interfaces', 'cmake_prefix_path')
[28.901s] INFO:colcon.colcon_core.shell:Creating environment hook '/home/ros2/ros2_learn/turtle_ws/src/install/village_interfaces/share/village_interfaces/hook/cmake_prefix_path.ps1'
[28.905s] INFO:colcon.colcon_core.shell:Creating environment descriptor '/home/ros2/ros2_learn/turtle_ws/src/install/village_interfaces/share/village_interfaces/hook/cmake_prefix_path.dsv'
[28.907s] INFO:colcon.colcon_core.shell:Creating environment hook '/home/ros2/ros2_learn/turtle_ws/src/install/village_interfaces/share/village_interfaces/hook/cmake_prefix_path.sh'
[28.911s] Level 1:colcon.colcon_core.environment:checking '/home/ros2/ros2_learn/turtle_ws/src/install/village_interfaces/lib'
[28.911s] Level 1:colcon.colcon_core.shell:create_environment_hook('village_interfaces', 'ld_library_path_lib')
[28.919s] INFO:colcon.colcon_core.shell:Creating environment hook '/home/ros2/ros2_learn/turtle_ws/src/install/village_interfaces/share/village_interfaces/hook/ld_library_path_lib.ps1'
[28.922s] INFO:colcon.colcon_core.shell:Creating environment descriptor '/home/ros2/ros2_learn/turtle_ws/src/install/village_interfaces/share/village_interfaces/hook/ld_library_path_lib.dsv'
[28.923s] INFO:colcon.colcon_core.shell:Creating environment hook '/home/ros2/ros2_learn/turtle_ws/src/install/village_interfaces/share/village_interfaces/hook/ld_library_path_lib.sh'
[28.928s] Level 1:colcon.colcon_core.environment:checking '/home/ros2/ros2_learn/turtle_ws/src/install/village_interfaces/bin'
[28.929s] Level 1:colcon.colcon_core.environment:checking '/home/ros2/ros2_learn/turtle_ws/src/install/village_interfaces/lib/pkgconfig/village_interfaces.pc'
[28.930s] Level 1:colcon.colcon_core.environment:checking '/home/ros2/ros2_learn/turtle_ws/src/install/village_interfaces/lib/python3.8/site-packages'
[28.931s] Level 1:colcon.colcon_core.shell:create_environment_hook('village_interfaces', 'pythonpath')
[28.936s] INFO:colcon.colcon_core.shell:Creating environment hook '/home/ros2/ros2_learn/turtle_ws/src/install/village_interfaces/share/village_interfaces/hook/pythonpath.ps1'
[28.938s] INFO:colcon.colcon_core.shell:Creating environment descriptor '/home/ros2/ros2_learn/turtle_ws/src/install/village_interfaces/share/village_interfaces/hook/pythonpath.dsv'
[28.939s] INFO:colcon.colcon_core.shell:Creating environment hook '/home/ros2/ros2_learn/turtle_ws/src/install/village_interfaces/share/village_interfaces/hook/pythonpath.sh'
[28.941s] Level 1:colcon.colcon_core.environment:checking '/home/ros2/ros2_learn/turtle_ws/src/install/village_interfaces/bin'
[28.948s] INFO:colcon.colcon_core.shell:Creating package script '/home/ros2/ros2_learn/turtle_ws/src/install/village_interfaces/share/village_interfaces/package.ps1'
[28.953s] INFO:colcon.colcon_core.shell:Creating package descriptor '/home/ros2/ros2_learn/turtle_ws/src/install/village_interfaces/share/village_interfaces/package.dsv'
[28.955s] INFO:colcon.colcon_core.shell:Creating package script '/home/ros2/ros2_learn/turtle_ws/src/install/village_interfaces/share/village_interfaces/package.sh'
[28.959s] INFO:colcon.colcon_core.shell:Creating package script '/home/ros2/ros2_learn/turtle_ws/src/install/village_interfaces/share/village_interfaces/package.bash'
[28.963s] INFO:colcon.colcon_core.shell:Creating package script '/home/ros2/ros2_learn/turtle_ws/src/install/village_interfaces/share/village_interfaces/package.zsh'
[28.966s] Level 1:colcon.colcon_core.environment:create_file_with_runtime_dependencies(/home/ros2/ros2_learn/turtle_ws/src/install/village_interfaces/share/colcon-core/packages/village_interfaces)
[29.297s] Level 1:colcon.colcon_core.environment:create_environment_scripts_only(village_interfaces)
[29.310s] Level 1:colcon.colcon_core.environment:checking '/home/ros2/ros2_learn/turtle_ws/src/install/village_interfaces' for CMake module files
[29.312s] Level 1:colcon.colcon_core.environment:checking '/home/ros2/ros2_learn/turtle_ws/src/install/village_interfaces' for CMake config files
[29.313s] Level 1:colcon.colcon_core.shell:create_environment_hook('village_interfaces', 'cmake_prefix_path')
[29.326s] INFO:colcon.colcon_core.shell:Creating environment hook '/home/ros2/ros2_learn/turtle_ws/src/install/village_interfaces/share/village_interfaces/hook/cmake_prefix_path.ps1'
[29.328s] INFO:colcon.colcon_core.shell:Creating environment descriptor '/home/ros2/ros2_learn/turtle_ws/src/install/village_interfaces/share/village_interfaces/hook/cmake_prefix_path.dsv'
[29.330s] INFO:colcon.colcon_core.shell:Creating environment hook '/home/ros2/ros2_learn/turtle_ws/src/install/village_interfaces/share/village_interfaces/hook/cmake_prefix_path.sh'
[29.333s] Level 1:colcon.colcon_core.environment:checking '/home/ros2/ros2_learn/turtle_ws/src/install/village_interfaces/lib'
[29.334s] Level 1:colcon.colcon_core.shell:create_environment_hook('village_interfaces', 'ld_library_path_lib')
[29.340s] INFO:colcon.colcon_core.shell:Creating environment hook '/home/ros2/ros2_learn/turtle_ws/src/install/village_interfaces/share/village_interfaces/hook/ld_library_path_lib.ps1'
[29.342s] INFO:colcon.colcon_core.shell:Creating environment descriptor '/home/ros2/ros2_learn/turtle_ws/src/install/village_interfaces/share/village_interfaces/hook/ld_library_path_lib.dsv'
[29.344s] INFO:colcon.colcon_core.shell:Creating environment hook '/home/ros2/ros2_learn/turtle_ws/src/install/village_interfaces/share/village_interfaces/hook/ld_library_path_lib.sh'
[29.345s] Level 1:colcon.colcon_core.environment:checking '/home/ros2/ros2_learn/turtle_ws/src/install/village_interfaces/bin'
[29.346s] Level 1:colcon.colcon_core.environment:checking '/home/ros2/ros2_learn/turtle_ws/src/install/village_interfaces/lib/pkgconfig/village_interfaces.pc'
[29.347s] Level 1:colcon.colcon_core.environment:checking '/home/ros2/ros2_learn/turtle_ws/src/install/village_interfaces/lib/python3.8/site-packages'
[29.347s] Level 1:colcon.colcon_core.shell:create_environment_hook('village_interfaces', 'pythonpath')
[29.352s] INFO:colcon.colcon_core.shell:Creating environment hook '/home/ros2/ros2_learn/turtle_ws/src/install/village_interfaces/share/village_interfaces/hook/pythonpath.ps1'
[29.354s] INFO:colcon.colcon_core.shell:Creating environment descriptor '/home/ros2/ros2_learn/turtle_ws/src/install/village_interfaces/share/village_interfaces/hook/pythonpath.dsv'
[29.355s] INFO:colcon.colcon_core.shell:Creating environment hook '/home/ros2/ros2_learn/turtle_ws/src/install/village_interfaces/share/village_interfaces/hook/pythonpath.sh'
[29.361s] Level 1:colcon.colcon_core.environment:checking '/home/ros2/ros2_learn/turtle_ws/src/install/village_interfaces/bin'
[29.367s] INFO:colcon.colcon_core.shell:Creating package script '/home/ros2/ros2_learn/turtle_ws/src/install/village_interfaces/share/village_interfaces/package.ps1'
[29.369s] INFO:colcon.colcon_core.shell:Creating package descriptor '/home/ros2/ros2_learn/turtle_ws/src/install/village_interfaces/share/village_interfaces/package.dsv'
[29.371s] INFO:colcon.colcon_core.shell:Creating package script '/home/ros2/ros2_learn/turtle_ws/src/install/village_interfaces/share/village_interfaces/package.sh'
[29.372s] INFO:colcon.colcon_core.shell:Creating package script '/home/ros2/ros2_learn/turtle_ws/src/install/village_interfaces/share/village_interfaces/package.bash'
[29.373s] INFO:colcon.colcon_core.shell:Creating package script '/home/ros2/ros2_learn/turtle_ws/src/install/village_interfaces/share/village_interfaces/package.zsh'
[29.374s] Level 1:colcon.colcon_core.environment:create_file_with_runtime_dependencies(/home/ros2/ros2_learn/turtle_ws/src/install/village_interfaces/share/colcon-core/packages/village_interfaces)
[29.377s] DEBUG:colcon.colcon_parallel_executor.executor.parallel:closing loop
[29.377s] DEBUG:colcon.colcon_parallel_executor.executor.parallel:loop closed
[29.377s] DEBUG:colcon.colcon_parallel_executor.executor.parallel:run_until_complete finished with '0'
[29.378s] DEBUG:colcon.colcon_core.event_reactor:joining thread
[29.395s] INFO:colcon.colcon_core.plugin_system:Skipping extension 'colcon_notification.desktop_notification.terminal_notifier': Not used on non-Darwin systems
[29.395s] INFO:colcon.colcon_core.plugin_system:Skipping extension 'colcon_notification.desktop_notification.win32': Not used on non-Windows systems
[29.396s] INFO:colcon.colcon_notification.desktop_notification:Sending desktop notification using 'notify2'
[29.457s] DEBUG:colcon.colcon_core.event_reactor:joined thread
[29.463s] INFO:colcon.colcon_core.shell:Creating prefix script '/home/ros2/ros2_learn/turtle_ws/src/install/local_setup.ps1'
[29.468s] INFO:colcon.colcon_core.shell:Creating prefix util module '/home/ros2/ros2_learn/turtle_ws/src/install/_local_setup_util_ps1.py'
[29.474s] INFO:colcon.colcon_core.shell:Creating prefix chain script '/home/ros2/ros2_learn/turtle_ws/src/install/setup.ps1'
[29.481s] INFO:colcon.colcon_core.shell:Creating prefix script '/home/ros2/ros2_learn/turtle_ws/src/install/local_setup.sh'
[29.483s] INFO:colcon.colcon_core.shell:Creating prefix util module '/home/ros2/ros2_learn/turtle_ws/src/install/_local_setup_util_sh.py'
[29.485s] INFO:colcon.colcon_core.shell:Creating prefix chain script '/home/ros2/ros2_learn/turtle_ws/src/install/setup.sh'
[29.495s] INFO:colcon.colcon_core.shell:Creating prefix script '/home/ros2/ros2_learn/turtle_ws/src/install/local_setup.bash'
[29.503s] INFO:colcon.colcon_core.shell:Creating prefix chain script '/home/ros2/ros2_learn/turtle_ws/src/install/setup.bash'
[29.508s] INFO:colcon.colcon_core.shell:Creating prefix script '/home/ros2/ros2_learn/turtle_ws/src/install/local_setup.zsh'
[29.511s] INFO:colcon.colcon_core.shell:Creating prefix chain script '/home/ros2/ros2_learn/turtle_ws/src/install/setup.zsh'
