[0.790s] Invoking command in '/home/ros2/ros2_learn/turtle_ws/src/village_li': AMENT_PREFIX_PATH=/home/ros2/ros2_learn/turtle_ws/src/install/village_interfaces:${AMENT_PREFIX_PATH} CMAKE_PREFIX_PATH=/home/ros2/ros2_learn/turtle_ws/src/install/village_interfaces LD_LIBRARY_PATH=/home/ros2/ros2_learn/turtle_ws/src/install/village_interfaces/lib:${LD_LIBRARY_PATH} PYTHONPATH=/home/ros2/ros2_learn/turtle_ws/src/build/village_li/prefix_override:/home/ros2/ros2_learn/turtle_ws/src/install/village_li/lib/python3.8/site-packages:/home/ros2/ros2_learn/turtle_ws/src/install/village_interfaces/lib/python3.8/site-packages:${PYTHONPATH} /usr/bin/python3 setup.py egg_info --egg-base ../build/village_li build --build-base /home/ros2/ros2_learn/turtle_ws/src/build/village_li/build install --record /home/ros2/ros2_learn/turtle_ws/src/build/village_li/install.log --single-version-externally-managed
[0.989s] running egg_info
[0.990s] writing ../build/village_li/village_li.egg-info/PKG-INFO
[0.991s] writing dependency_links to ../build/village_li/village_li.egg-info/dependency_links.txt
[0.992s] writing entry points to ../build/village_li/village_li.egg-info/entry_points.txt
[0.992s] writing requirements to ../build/village_li/village_li.egg-info/requires.txt
[0.993s] writing top-level names to ../build/village_li/village_li.egg-info/top_level.txt
[1.039s] reading manifest file '../build/village_li/village_li.egg-info/SOURCES.txt'
[1.041s] writing manifest file '../build/village_li/village_li.egg-info/SOURCES.txt'
[1.041s] running build
[1.041s] running build_py
[1.041s] copying village_li/li4.py -> /home/ros2/ros2_learn/turtle_ws/src/build/village_li/build/lib/village_li
[1.053s] running install
[1.055s] running install_lib
[1.056s] copying /home/ros2/ros2_learn/turtle_ws/src/build/village_li/build/lib/village_li/li4.py -> /home/ros2/ros2_learn/turtle_ws/src/install/village_li/lib/python3.8/site-packages/village_li
[1.058s] byte-compiling /home/ros2/ros2_learn/turtle_ws/src/install/village_li/lib/python3.8/site-packages/village_li/li4.py to li4.cpython-38.pyc
[1.060s] running install_data
[1.061s] running install_egg_info
[1.063s] removing '/home/ros2/ros2_learn/turtle_ws/src/install/village_li/lib/python3.8/site-packages/village_li-0.0.0-py3.8.egg-info' (and everything under it)
[1.063s] Copying ../build/village_li/village_li.egg-info to /home/ros2/ros2_learn/turtle_ws/src/install/village_li/lib/python3.8/site-packages/village_li-0.0.0-py3.8.egg-info
[1.068s] running install_scripts
[1.086s] Installing li3_node script to /home/ros2/ros2_learn/turtle_ws/src/install/village_li/lib/village_li
[1.087s] Installing li4_node script to /home/ros2/ros2_learn/turtle_ws/src/install/village_li/lib/village_li
[1.087s] writing list of installed files to '/home/ros2/ros2_learn/turtle_ws/src/build/village_li/install.log'
[1.115s] Invoked command in '/home/ros2/ros2_learn/turtle_ws/src/village_li' returned '0': AMENT_PREFIX_PATH=/home/ros2/ros2_learn/turtle_ws/src/install/village_interfaces:${AMENT_PREFIX_PATH} CMAKE_PREFIX_PATH=/home/ros2/ros2_learn/turtle_ws/src/install/village_interfaces LD_LIBRARY_PATH=/home/ros2/ros2_learn/turtle_ws/src/install/village_interfaces/lib:${LD_LIBRARY_PATH} PYTHONPATH=/home/ros2/ros2_learn/turtle_ws/src/build/village_li/prefix_override:/home/ros2/ros2_learn/turtle_ws/src/install/village_li/lib/python3.8/site-packages:/home/ros2/ros2_learn/turtle_ws/src/install/village_interfaces/lib/python3.8/site-packages:${PYTHONPATH} /usr/bin/python3 setup.py egg_info --egg-base ../build/village_li build --build-base /home/ros2/ros2_learn/turtle_ws/src/build/village_li/build install --record /home/ros2/ros2_learn/turtle_ws/src/build/village_li/install.log --single-version-externally-managed
