[0.022s] Invoking command in '/home/ros2/ros2_learn/fish_protocol/examples/example_ros2/example_fish_protocol/build/example_fish_protocol': CMAKE_PREFIX_PATH=${CMAKE_PREFIX_PATH}:/opt/ros/galactic /usr/bin/cmake --build /home/ros2/ros2_learn/fish_protocol/examples/example_ros2/example_fish_protocol/build/example_fish_protocol -- -j4 -l4
[0.062s] [35m[1mScanning dependencies of target example_fish_protocol[0m
[0.081s] [ 50%] [32mBuilding CXX object CMakeFiles/example_fish_protocol.dir/src/example_fish_protocol.cpp.o[0m
[3.742s] [100%] [32m[1mLinking CXX executable example_fish_protocol[0m
[3.852s] [100%] Built target example_fish_protocol
[3.862s] Invoked command in '/home/ros2/ros2_learn/fish_protocol/examples/example_ros2/example_fish_protocol/build/example_fish_protocol' returned '0': CMAKE_PREFIX_PATH=${CMAKE_PREFIX_PATH}:/opt/ros/galactic /usr/bin/cmake --build /home/ros2/ros2_learn/fish_protocol/examples/example_ros2/example_fish_protocol/build/example_fish_protocol -- -j4 -l4
[3.898s] Invoking command in '/home/ros2/ros2_learn/fish_protocol/examples/example_ros2/example_fish_protocol/build/example_fish_protocol': CMAKE_PREFIX_PATH=${CMAKE_PREFIX_PATH}:/opt/ros/galactic /usr/bin/cmake --install /home/ros2/ros2_learn/fish_protocol/examples/example_ros2/example_fish_protocol/build/example_fish_protocol
[3.905s] -- Install configuration: ""
[3.905s] -- Installing: /home/ros2/ros2_learn/fish_protocol/examples/example_ros2/example_fish_protocol/install/example_fish_protocol/lib/example_fish_protocol/example_fish_protocol
[3.906s] -- Set runtime path of "/home/ros2/ros2_learn/fish_protocol/examples/example_ros2/example_fish_protocol/install/example_fish_protocol/lib/example_fish_protocol/example_fish_protocol" to ""
[3.906s] -- Up-to-date: /home/ros2/ros2_learn/fish_protocol/examples/example_ros2/example_fish_protocol/install/example_fish_protocol/share/ament_index/resource_index/package_run_dependencies/example_fish_protocol
[3.906s] -- Up-to-date: /home/ros2/ros2_learn/fish_protocol/examples/example_ros2/example_fish_protocol/install/example_fish_protocol/share/ament_index/resource_index/parent_prefix_path/example_fish_protocol
[3.906s] -- Up-to-date: /home/ros2/ros2_learn/fish_protocol/examples/example_ros2/example_fish_protocol/install/example_fish_protocol/share/example_fish_protocol/environment/ament_prefix_path.sh
[3.906s] -- Up-to-date: /home/ros2/ros2_learn/fish_protocol/examples/example_ros2/example_fish_protocol/install/example_fish_protocol/share/example_fish_protocol/environment/ament_prefix_path.dsv
[3.907s] -- Up-to-date: /home/ros2/ros2_learn/fish_protocol/examples/example_ros2/example_fish_protocol/install/example_fish_protocol/share/example_fish_protocol/environment/path.sh
[3.907s] -- Up-to-date: /home/ros2/ros2_learn/fish_protocol/examples/example_ros2/example_fish_protocol/install/example_fish_protocol/share/example_fish_protocol/environment/path.dsv
[3.907s] -- Up-to-date: /home/ros2/ros2_learn/fish_protocol/examples/example_ros2/example_fish_protocol/install/example_fish_protocol/share/example_fish_protocol/local_setup.bash
[3.907s] -- Up-to-date: /home/ros2/ros2_learn/fish_protocol/examples/example_ros2/example_fish_protocol/install/example_fish_protocol/share/example_fish_protocol/local_setup.sh
[3.907s] -- Up-to-date: /home/ros2/ros2_learn/fish_protocol/examples/example_ros2/example_fish_protocol/install/example_fish_protocol/share/example_fish_protocol/local_setup.zsh
[3.907s] -- Up-to-date: /home/ros2/ros2_learn/fish_protocol/examples/example_ros2/example_fish_protocol/install/example_fish_protocol/share/example_fish_protocol/local_setup.dsv
[3.907s] -- Installing: /home/ros2/ros2_learn/fish_protocol/examples/example_ros2/example_fish_protocol/install/example_fish_protocol/share/example_fish_protocol/package.dsv
[3.907s] -- Up-to-date: /home/ros2/ros2_learn/fish_protocol/examples/example_ros2/example_fish_protocol/install/example_fish_protocol/share/ament_index/resource_index/packages/example_fish_protocol
[3.907s] -- Up-to-date: /home/ros2/ros2_learn/fish_protocol/examples/example_ros2/example_fish_protocol/install/example_fish_protocol/share/example_fish_protocol/cmake/example_fish_protocolConfig.cmake
[3.907s] -- Up-to-date: /home/ros2/ros2_learn/fish_protocol/examples/example_ros2/example_fish_protocol/install/example_fish_protocol/share/example_fish_protocol/cmake/example_fish_protocolConfig-version.cmake
[3.907s] -- Up-to-date: /home/ros2/ros2_learn/fish_protocol/examples/example_ros2/example_fish_protocol/install/example_fish_protocol/share/example_fish_protocol/package.xml
[3.909s] Invoked command in '/home/ros2/ros2_learn/fish_protocol/examples/example_ros2/example_fish_protocol/build/example_fish_protocol' returned '0': CMAKE_PREFIX_PATH=${CMAKE_PREFIX_PATH}:/opt/ros/galactic /usr/bin/cmake --install /home/ros2/ros2_learn/fish_protocol/examples/example_ros2/example_fish_protocol/build/example_fish_protocol
