[0.094s] Invoking command in '/home/ros2/ros2_learn/cartoros2_ws/build/cartographer_ros_msgs': CMAKE_PREFIX_PATH=/opt/ros/galactic /usr/bin/cmake --build /home/ros2/ros2_learn/cartoros2_ws/build/cartographer_ros_msgs -- -j4 -l4
[0.249s] [  0%] Built target cartographer_ros_msgs__cpp
[0.372s] [ 12%] Built target cartographer_ros_msgs__rosidl_generator_c
[0.470s] [ 24%] Built target cartographer_ros_msgs__rosidl_typesupport_cpp
[0.510s] [ 37%] Built target cartographer_ros_msgs__rosidl_typesupport_introspection_cpp
[0.549s] [ 49%] Built target cartographer_ros_msgs__rosidl_typesupport_introspection_c
[0.586s] [ 61%] Built target cartographer_ros_msgs__rosidl_typesupport_fastrtps_cpp
[0.592s] [ 73%] Built target cartographer_ros_msgs__rosidl_typesupport_c
[0.777s] [ 85%] Built target cartographer_ros_msgs__rosidl_typesupport_fastrtps_c
[1.047s] [ 85%] Built target cartographer_ros_msgs
[1.128s] [ 86%] Built target cartographer_ros_msgs__py
[1.297s] [ 97%] Built target cartographer_ros_msgs__python
[1.478s] [ 98%] Built target cartographer_ros_msgs__rosidl_typesupport_fastrtps_c__pyext
[1.507s] [ 99%] Built target cartographer_ros_msgs__rosidl_typesupport_introspection_c__pyext
[1.523s] [100%] Built target cartographer_ros_msgs__rosidl_typesupport_c__pyext
[1.574s] Invoked command in '/home/ros2/ros2_learn/cartoros2_ws/build/cartographer_ros_msgs' returned '0': CMAKE_PREFIX_PATH=/opt/ros/galactic /usr/bin/cmake --build /home/ros2/ros2_learn/cartoros2_ws/build/cartographer_ros_msgs -- -j4 -l4
[2.750s] Invoking command in '/home/ros2/ros2_learn/cartoros2_ws/build/cartographer_ros_msgs': CMAKE_PREFIX_PATH=/opt/ros/galactic /usr/bin/cmake --install /home/ros2/ros2_learn/cartoros2_ws/build/cartographer_ros_msgs
[2.785s] -- Install configuration: ""
[2.785s] -- Up-to-date: /home/ros2/ros2_learn/cartoros2_ws/install/cartographer_ros_msgs/share/ament_index/resource_index/rosidl_interfaces/cartographer_ros_msgs
[2.786s] -- Up-to-date: /home/ros2/ros2_learn/cartoros2_ws/install/cartographer_ros_msgs/include/cartographer_ros_msgs
[2.786s] -- Up-to-date: /home/ros2/ros2_learn/cartoros2_ws/install/cartographer_ros_msgs/include/cartographer_ros_msgs/msg
[2.786s] -- Up-to-date: /home/ros2/ros2_learn/cartoros2_ws/install/cartographer_ros_msgs/include/cartographer_ros_msgs/msg/submap_entry.h
[2.787s] -- Up-to-date: /home/ros2/ros2_learn/cartoros2_ws/install/cartographer_ros_msgs/include/cartographer_ros_msgs/msg/metric.h
[2.787s] -- Up-to-date: /home/ros2/ros2_learn/cartoros2_ws/install/cartographer_ros_msgs/include/cartographer_ros_msgs/msg/detail
[2.788s] -- Up-to-date: /home/ros2/ros2_learn/cartoros2_ws/install/cartographer_ros_msgs/include/cartographer_ros_msgs/msg/detail/metric__functions.h
[2.788s] -- Up-to-date: /home/ros2/ros2_learn/cartoros2_ws/install/cartographer_ros_msgs/include/cartographer_ros_msgs/msg/detail/submap_list__struct.h
[2.788s] -- Up-to-date: /home/ros2/ros2_learn/cartoros2_ws/install/cartographer_ros_msgs/include/cartographer_ros_msgs/msg/detail/status_code__functions.h
[2.788s] -- Up-to-date: /home/ros2/ros2_learn/cartoros2_ws/install/cartographer_ros_msgs/include/cartographer_ros_msgs/msg/detail/landmark_list__functions.h
[2.789s] -- Up-to-date: /home/ros2/ros2_learn/cartoros2_ws/install/cartographer_ros_msgs/include/cartographer_ros_msgs/msg/detail/landmark_list__functions.c
[2.789s] -- Up-to-date: /home/ros2/ros2_learn/cartoros2_ws/install/cartographer_ros_msgs/include/cartographer_ros_msgs/msg/detail/submap_list__functions.c
[2.789s] -- Up-to-date: /home/ros2/ros2_learn/cartoros2_ws/install/cartographer_ros_msgs/include/cartographer_ros_msgs/msg/detail/submap_entry__type_support.h
[2.789s] -- Up-to-date: /home/ros2/ros2_learn/cartoros2_ws/install/cartographer_ros_msgs/include/cartographer_ros_msgs/msg/detail/status_code__type_support.h
[2.789s] -- Up-to-date: /home/ros2/ros2_learn/cartoros2_ws/install/cartographer_ros_msgs/include/cartographer_ros_msgs/msg/detail/submap_list__type_support.h
[2.790s] -- Up-to-date: /home/ros2/ros2_learn/cartoros2_ws/install/cartographer_ros_msgs/include/cartographer_ros_msgs/msg/detail/histogram_bucket__type_support.h
[2.791s] -- Up-to-date: /home/ros2/ros2_learn/cartoros2_ws/install/cartographer_ros_msgs/include/cartographer_ros_msgs/msg/detail/metric_family__struct.h
[2.792s] -- Up-to-date: /home/ros2/ros2_learn/cartoros2_ws/install/cartographer_ros_msgs/include/cartographer_ros_msgs/msg/detail/metric_label__struct.h
[2.792s] -- Up-to-date: /home/ros2/ros2_learn/cartoros2_ws/install/cartographer_ros_msgs/include/cartographer_ros_msgs/msg/detail/metric_family__type_support.h
[2.792s] -- Up-to-date: /home/ros2/ros2_learn/cartoros2_ws/install/cartographer_ros_msgs/include/cartographer_ros_msgs/msg/detail/landmark_entry__struct.h
[2.792s] -- Up-to-date: /home/ros2/ros2_learn/cartoros2_ws/install/cartographer_ros_msgs/include/cartographer_ros_msgs/msg/detail/submap_entry__functions.h
[2.792s] -- Up-to-date: /home/ros2/ros2_learn/cartoros2_ws/install/cartographer_ros_msgs/include/cartographer_ros_msgs/msg/detail/metric__functions.c
[2.792s] -- Up-to-date: /home/ros2/ros2_learn/cartoros2_ws/install/cartographer_ros_msgs/include/cartographer_ros_msgs/msg/detail/trajectory_states__struct.h
[2.793s] -- Up-to-date: /home/ros2/ros2_learn/cartoros2_ws/install/cartographer_ros_msgs/include/cartographer_ros_msgs/msg/detail/status_response__functions.c
[2.793s] -- Up-to-date: /home/ros2/ros2_learn/cartoros2_ws/install/cartographer_ros_msgs/include/cartographer_ros_msgs/msg/detail/landmark_entry__functions.c
[2.793s] -- Up-to-date: /home/ros2/ros2_learn/cartoros2_ws/install/cartographer_ros_msgs/include/cartographer_ros_msgs/msg/detail/bagfile_progress__functions.h
[2.793s] -- Up-to-date: /home/ros2/ros2_learn/cartoros2_ws/install/cartographer_ros_msgs/include/cartographer_ros_msgs/msg/detail/submap_list__functions.h
[2.793s] -- Up-to-date: /home/ros2/ros2_learn/cartoros2_ws/install/cartographer_ros_msgs/include/cartographer_ros_msgs/msg/detail/metric_label__functions.c
[2.793s] -- Up-to-date: /home/ros2/ros2_learn/cartoros2_ws/install/cartographer_ros_msgs/include/cartographer_ros_msgs/msg/detail/trajectory_states__functions.c
[2.793s] -- Up-to-date: /home/ros2/ros2_learn/cartoros2_ws/install/cartographer_ros_msgs/include/cartographer_ros_msgs/msg/detail/metric_family__functions.h
[2.793s] -- Up-to-date: /home/ros2/ros2_learn/cartoros2_ws/install/cartographer_ros_msgs/include/cartographer_ros_msgs/msg/detail/submap_texture__struct.h
[2.794s] -- Up-to-date: /home/ros2/ros2_learn/cartoros2_ws/install/cartographer_ros_msgs/include/cartographer_ros_msgs/msg/detail/status_response__struct.h
[2.794s] -- Up-to-date: /home/ros2/ros2_learn/cartoros2_ws/install/cartographer_ros_msgs/include/cartographer_ros_msgs/msg/detail/histogram_bucket__functions.h
[2.794s] -- Up-to-date: /home/ros2/ros2_learn/cartoros2_ws/install/cartographer_ros_msgs/include/cartographer_ros_msgs/msg/detail/submap_texture__type_support.h
[2.794s] -- Up-to-date: /home/ros2/ros2_learn/cartoros2_ws/install/cartographer_ros_msgs/include/cartographer_ros_msgs/msg/detail/status_response__type_support.h
[2.794s] -- Up-to-date: /home/ros2/ros2_learn/cartoros2_ws/install/cartographer_ros_msgs/include/cartographer_ros_msgs/msg/detail/histogram_bucket__functions.c
[2.794s] -- Up-to-date: /home/ros2/ros2_learn/cartoros2_ws/install/cartographer_ros_msgs/include/cartographer_ros_msgs/msg/detail/landmark_list__type_support.h
[2.794s] -- Up-to-date: /home/ros2/ros2_learn/cartoros2_ws/install/cartographer_ros_msgs/include/cartographer_ros_msgs/msg/detail/metric__struct.h
[2.795s] -- Up-to-date: /home/ros2/ros2_learn/cartoros2_ws/install/cartographer_ros_msgs/include/cartographer_ros_msgs/msg/detail/submap_entry__functions.c
[2.795s] -- Up-to-date: /home/ros2/ros2_learn/cartoros2_ws/install/cartographer_ros_msgs/include/cartographer_ros_msgs/msg/detail/landmark_entry__type_support.h
[2.795s] -- Up-to-date: /home/ros2/ros2_learn/cartoros2_ws/install/cartographer_ros_msgs/include/cartographer_ros_msgs/msg/detail/trajectory_states__functions.h
[2.795s] -- Up-to-date: /home/ros2/ros2_learn/cartoros2_ws/install/cartographer_ros_msgs/include/cartographer_ros_msgs/msg/detail/status_code__functions.c
[2.796s] -- Up-to-date: /home/ros2/ros2_learn/cartoros2_ws/install/cartographer_ros_msgs/include/cartographer_ros_msgs/msg/detail/submap_entry__struct.h
[2.796s] -- Up-to-date: /home/ros2/ros2_learn/cartoros2_ws/install/cartographer_ros_msgs/include/cartographer_ros_msgs/msg/detail/metric__type_support.h
[2.796s] -- Up-to-date: /home/ros2/ros2_learn/cartoros2_ws/install/cartographer_ros_msgs/include/cartographer_ros_msgs/msg/detail/submap_texture__functions.c
[2.796s] -- Up-to-date: /home/ros2/ros2_learn/cartoros2_ws/install/cartographer_ros_msgs/include/cartographer_ros_msgs/msg/detail/metric_label__functions.h
[2.796s] -- Up-to-date: /home/ros2/ros2_learn/cartoros2_ws/install/cartographer_ros_msgs/include/cartographer_ros_msgs/msg/detail/metric_label__type_support.h
[2.796s] -- Up-to-date: /home/ros2/ros2_learn/cartoros2_ws/install/cartographer_ros_msgs/include/cartographer_ros_msgs/msg/detail/bagfile_progress__type_support.h
[2.796s] -- Up-to-date: /home/ros2/ros2_learn/cartoros2_ws/install/cartographer_ros_msgs/include/cartographer_ros_msgs/msg/detail/landmark_list__struct.h
[2.797s] -- Up-to-date: /home/ros2/ros2_learn/cartoros2_ws/install/cartographer_ros_msgs/include/cartographer_ros_msgs/msg/detail/histogram_bucket__struct.h
[2.797s] -- Up-to-date: /home/ros2/ros2_learn/cartoros2_ws/install/cartographer_ros_msgs/include/cartographer_ros_msgs/msg/detail/landmark_entry__functions.h
[2.797s] -- Up-to-date: /home/ros2/ros2_learn/cartoros2_ws/install/cartographer_ros_msgs/include/cartographer_ros_msgs/msg/detail/bagfile_progress__functions.c
[2.797s] -- Up-to-date: /home/ros2/ros2_learn/cartoros2_ws/install/cartographer_ros_msgs/include/cartographer_ros_msgs/msg/detail/submap_texture__functions.h
[2.797s] -- Up-to-date: /home/ros2/ros2_learn/cartoros2_ws/install/cartographer_ros_msgs/include/cartographer_ros_msgs/msg/detail/metric_family__functions.c
[2.798s] -- Up-to-date: /home/ros2/ros2_learn/cartoros2_ws/install/cartographer_ros_msgs/include/cartographer_ros_msgs/msg/detail/status_response__functions.h
[2.798s] -- Up-to-date: /home/ros2/ros2_learn/cartoros2_ws/install/cartographer_ros_msgs/include/cartographer_ros_msgs/msg/detail/bagfile_progress__struct.h
[2.798s] -- Up-to-date: /home/ros2/ros2_learn/cartoros2_ws/install/cartographer_ros_msgs/include/cartographer_ros_msgs/msg/detail/status_code__struct.h
[2.798s] -- Up-to-date: /home/ros2/ros2_learn/cartoros2_ws/install/cartographer_ros_msgs/include/cartographer_ros_msgs/msg/detail/trajectory_states__type_support.h
[2.798s] -- Up-to-date: /home/ros2/ros2_learn/cartoros2_ws/install/cartographer_ros_msgs/include/cartographer_ros_msgs/msg/status_response.h
[2.798s] -- Up-to-date: /home/ros2/ros2_learn/cartoros2_ws/install/cartographer_ros_msgs/include/cartographer_ros_msgs/msg/landmark_list.h
[2.798s] -- Up-to-date: /home/ros2/ros2_learn/cartoros2_ws/install/cartographer_ros_msgs/include/cartographer_ros_msgs/msg/rosidl_generator_c__visibility_control.h
[2.798s] -- Up-to-date: /home/ros2/ros2_learn/cartoros2_ws/install/cartographer_ros_msgs/include/cartographer_ros_msgs/msg/submap_texture.h
[2.799s] -- Up-to-date: /home/ros2/ros2_learn/cartoros2_ws/install/cartographer_ros_msgs/include/cartographer_ros_msgs/msg/metric_label.h
[2.799s] -- Up-to-date: /home/ros2/ros2_learn/cartoros2_ws/install/cartographer_ros_msgs/include/cartographer_ros_msgs/msg/landmark_entry.h
[2.799s] -- Up-to-date: /home/ros2/ros2_learn/cartoros2_ws/install/cartographer_ros_msgs/include/cartographer_ros_msgs/msg/bagfile_progress.h
[2.799s] -- Up-to-date: /home/ros2/ros2_learn/cartoros2_ws/install/cartographer_ros_msgs/include/cartographer_ros_msgs/msg/status_code.h
[2.799s] -- Up-to-date: /home/ros2/ros2_learn/cartoros2_ws/install/cartographer_ros_msgs/include/cartographer_ros_msgs/msg/submap_list.h
[2.799s] -- Up-to-date: /home/ros2/ros2_learn/cartoros2_ws/install/cartographer_ros_msgs/include/cartographer_ros_msgs/msg/trajectory_states.h
[2.799s] -- Up-to-date: /home/ros2/ros2_learn/cartoros2_ws/install/cartographer_ros_msgs/include/cartographer_ros_msgs/msg/metric_family.h
[2.800s] -- Up-to-date: /home/ros2/ros2_learn/cartoros2_ws/install/cartographer_ros_msgs/include/cartographer_ros_msgs/msg/histogram_bucket.h
[2.800s] -- Up-to-date: /home/ros2/ros2_learn/cartoros2_ws/install/cartographer_ros_msgs/include/cartographer_ros_msgs/srv
[2.800s] -- Up-to-date: /home/ros2/ros2_learn/cartoros2_ws/install/cartographer_ros_msgs/include/cartographer_ros_msgs/srv/finish_trajectory.h
[2.800s] -- Up-to-date: /home/ros2/ros2_learn/cartoros2_ws/install/cartographer_ros_msgs/include/cartographer_ros_msgs/srv/write_state.h
[2.800s] -- Up-to-date: /home/ros2/ros2_learn/cartoros2_ws/install/cartographer_ros_msgs/include/cartographer_ros_msgs/srv/read_metrics.h
[2.800s] -- Up-to-date: /home/ros2/ros2_learn/cartoros2_ws/install/cartographer_ros_msgs/include/cartographer_ros_msgs/srv/detail
[2.800s] -- Up-to-date: /home/ros2/ros2_learn/cartoros2_ws/install/cartographer_ros_msgs/include/cartographer_ros_msgs/srv/detail/finish_trajectory__functions.c
[2.801s] -- Up-to-date: /home/ros2/ros2_learn/cartoros2_ws/install/cartographer_ros_msgs/include/cartographer_ros_msgs/srv/detail/trajectory_query__struct.h
[2.801s] -- Up-to-date: /home/ros2/ros2_learn/cartoros2_ws/install/cartographer_ros_msgs/include/cartographer_ros_msgs/srv/detail/trajectory_query__type_support.h
[2.801s] -- Up-to-date: /home/ros2/ros2_learn/cartoros2_ws/install/cartographer_ros_msgs/include/cartographer_ros_msgs/srv/detail/submap_query__struct.h
[2.801s] -- Up-to-date: /home/ros2/ros2_learn/cartoros2_ws/install/cartographer_ros_msgs/include/cartographer_ros_msgs/srv/detail/trajectory_query__functions.h
[2.801s] -- Up-to-date: /home/ros2/ros2_learn/cartoros2_ws/install/cartographer_ros_msgs/include/cartographer_ros_msgs/srv/detail/read_metrics__functions.c
[2.801s] -- Up-to-date: /home/ros2/ros2_learn/cartoros2_ws/install/cartographer_ros_msgs/include/cartographer_ros_msgs/srv/detail/get_trajectory_states__functions.h
[2.801s] -- Up-to-date: /home/ros2/ros2_learn/cartoros2_ws/install/cartographer_ros_msgs/include/cartographer_ros_msgs/srv/detail/start_trajectory__type_support.h
[2.802s] -- Up-to-date: /home/ros2/ros2_learn/cartoros2_ws/install/cartographer_ros_msgs/include/cartographer_ros_msgs/srv/detail/read_metrics__struct.h
[2.802s] -- Up-to-date: /home/ros2/ros2_learn/cartoros2_ws/install/cartographer_ros_msgs/include/cartographer_ros_msgs/srv/detail/write_state__type_support.h
[2.802s] -- Up-to-date: /home/ros2/ros2_learn/cartoros2_ws/install/cartographer_ros_msgs/include/cartographer_ros_msgs/srv/detail/finish_trajectory__struct.h
[2.802s] -- Up-to-date: /home/ros2/ros2_learn/cartoros2_ws/install/cartographer_ros_msgs/include/cartographer_ros_msgs/srv/detail/read_metrics__type_support.h
[2.802s] -- Up-to-date: /home/ros2/ros2_learn/cartoros2_ws/install/cartographer_ros_msgs/include/cartographer_ros_msgs/srv/detail/trajectory_query__functions.c
[2.802s] -- Up-to-date: /home/ros2/ros2_learn/cartoros2_ws/install/cartographer_ros_msgs/include/cartographer_ros_msgs/srv/detail/write_state__functions.c
[2.802s] -- Up-to-date: /home/ros2/ros2_learn/cartoros2_ws/install/cartographer_ros_msgs/include/cartographer_ros_msgs/srv/detail/write_state__struct.h
[2.803s] -- Up-to-date: /home/ros2/ros2_learn/cartoros2_ws/install/cartographer_ros_msgs/include/cartographer_ros_msgs/srv/detail/get_trajectory_states__type_support.h
[2.804s] -- Up-to-date: /home/ros2/ros2_learn/cartoros2_ws/install/cartographer_ros_msgs/include/cartographer_ros_msgs/srv/detail/finish_trajectory__type_support.h
[2.805s] -- Up-to-date: /home/ros2/ros2_learn/cartoros2_ws/install/cartographer_ros_msgs/include/cartographer_ros_msgs/srv/detail/write_state__functions.h
[2.805s] -- Up-to-date: /home/ros2/ros2_learn/cartoros2_ws/install/cartographer_ros_msgs/include/cartographer_ros_msgs/srv/detail/get_trajectory_states__functions.c
[2.805s] -- Up-to-date: /home/ros2/ros2_learn/cartoros2_ws/install/cartographer_ros_msgs/include/cartographer_ros_msgs/srv/detail/start_trajectory__struct.h
[2.807s] -- Up-to-date: /home/ros2/ros2_learn/cartoros2_ws/install/cartographer_ros_msgs/include/cartographer_ros_msgs/srv/detail/read_metrics__functions.h
[2.807s] -- Up-to-date: /home/ros2/ros2_learn/cartoros2_ws/install/cartographer_ros_msgs/include/cartographer_ros_msgs/srv/detail/start_trajectory__functions.h
[2.808s] -- Up-to-date: /home/ros2/ros2_learn/cartoros2_ws/install/cartographer_ros_msgs/include/cartographer_ros_msgs/srv/detail/submap_query__type_support.h
[2.808s] -- Up-to-date: /home/ros2/ros2_learn/cartoros2_ws/install/cartographer_ros_msgs/include/cartographer_ros_msgs/srv/detail/finish_trajectory__functions.h
[2.809s] -- Up-to-date: /home/ros2/ros2_learn/cartoros2_ws/install/cartographer_ros_msgs/include/cartographer_ros_msgs/srv/detail/get_trajectory_states__struct.h
[2.812s] -- Up-to-date: /home/ros2/ros2_learn/cartoros2_ws/install/cartographer_ros_msgs/include/cartographer_ros_msgs/srv/detail/submap_query__functions.c
[2.813s] -- Up-to-date: /home/ros2/ros2_learn/cartoros2_ws/install/cartographer_ros_msgs/include/cartographer_ros_msgs/srv/detail/start_trajectory__functions.c
[2.813s] -- Up-to-date: /home/ros2/ros2_learn/cartoros2_ws/install/cartographer_ros_msgs/include/cartographer_ros_msgs/srv/detail/submap_query__functions.h
[2.813s] -- Up-to-date: /home/ros2/ros2_learn/cartoros2_ws/install/cartographer_ros_msgs/include/cartographer_ros_msgs/srv/submap_query.h
[2.813s] -- Up-to-date: /home/ros2/ros2_learn/cartoros2_ws/install/cartographer_ros_msgs/include/cartographer_ros_msgs/srv/trajectory_query.h
[2.813s] -- Up-to-date: /home/ros2/ros2_learn/cartoros2_ws/install/cartographer_ros_msgs/include/cartographer_ros_msgs/srv/get_trajectory_states.h
[2.814s] -- Up-to-date: /home/ros2/ros2_learn/cartoros2_ws/install/cartographer_ros_msgs/include/cartographer_ros_msgs/srv/start_trajectory.h
[2.814s] -- Up-to-date: /home/ros2/ros2_learn/cartoros2_ws/install/cartographer_ros_msgs/share/cartographer_ros_msgs/environment/library_path.sh
[2.815s] -- Up-to-date: /home/ros2/ros2_learn/cartoros2_ws/install/cartographer_ros_msgs/share/cartographer_ros_msgs/environment/library_path.dsv
[2.816s] -- Up-to-date: /home/ros2/ros2_learn/cartoros2_ws/install/cartographer_ros_msgs/lib/libcartographer_ros_msgs__rosidl_generator_c.so
[2.817s] -- Up-to-date: /home/ros2/ros2_learn/cartoros2_ws/install/cartographer_ros_msgs/include/cartographer_ros_msgs
[2.817s] -- Up-to-date: /home/ros2/ros2_learn/cartoros2_ws/install/cartographer_ros_msgs/include/cartographer_ros_msgs/msg
[2.819s] -- Up-to-date: /home/ros2/ros2_learn/cartoros2_ws/install/cartographer_ros_msgs/include/cartographer_ros_msgs/msg/rosidl_typesupport_fastrtps_c__visibility_control.h
[2.819s] -- Up-to-date: /home/ros2/ros2_learn/cartoros2_ws/install/cartographer_ros_msgs/include/cartographer_ros_msgs/msg/detail
[2.820s] -- Up-to-date: /home/ros2/ros2_learn/cartoros2_ws/install/cartographer_ros_msgs/include/cartographer_ros_msgs/msg/detail/submap_list__rosidl_typesupport_fastrtps_c.h
[2.820s] -- Up-to-date: /home/ros2/ros2_learn/cartoros2_ws/install/cartographer_ros_msgs/include/cartographer_ros_msgs/msg/detail/status_response__rosidl_typesupport_fastrtps_c.h
[2.822s] -- Up-to-date: /home/ros2/ros2_learn/cartoros2_ws/install/cartographer_ros_msgs/include/cartographer_ros_msgs/msg/detail/landmark_entry__rosidl_typesupport_fastrtps_c.h
[2.822s] -- Up-to-date: /home/ros2/ros2_learn/cartoros2_ws/install/cartographer_ros_msgs/include/cartographer_ros_msgs/msg/detail/metric__rosidl_typesupport_fastrtps_c.h
[2.824s] -- Up-to-date: /home/ros2/ros2_learn/cartoros2_ws/install/cartographer_ros_msgs/include/cartographer_ros_msgs/msg/detail/metric_label__rosidl_typesupport_fastrtps_c.h
[2.825s] -- Up-to-date: /home/ros2/ros2_learn/cartoros2_ws/install/cartographer_ros_msgs/include/cartographer_ros_msgs/msg/detail/submap_entry__rosidl_typesupport_fastrtps_c.h
[2.825s] -- Up-to-date: /home/ros2/ros2_learn/cartoros2_ws/install/cartographer_ros_msgs/include/cartographer_ros_msgs/msg/detail/histogram_bucket__rosidl_typesupport_fastrtps_c.h
[2.826s] -- Up-to-date: /home/ros2/ros2_learn/cartoros2_ws/install/cartographer_ros_msgs/include/cartographer_ros_msgs/msg/detail/submap_texture__rosidl_typesupport_fastrtps_c.h
[2.829s] -- Up-to-date: /home/ros2/ros2_learn/cartoros2_ws/install/cartographer_ros_msgs/include/cartographer_ros_msgs/msg/detail/status_code__rosidl_typesupport_fastrtps_c.h
[2.829s] -- Up-to-date: /home/ros2/ros2_learn/cartoros2_ws/install/cartographer_ros_msgs/include/cartographer_ros_msgs/msg/detail/trajectory_states__rosidl_typesupport_fastrtps_c.h
[2.829s] -- Up-to-date: /home/ros2/ros2_learn/cartoros2_ws/install/cartographer_ros_msgs/include/cartographer_ros_msgs/msg/detail/metric_family__rosidl_typesupport_fastrtps_c.h
[2.829s] -- Up-to-date: /home/ros2/ros2_learn/cartoros2_ws/install/cartographer_ros_msgs/include/cartographer_ros_msgs/msg/detail/landmark_list__rosidl_typesupport_fastrtps_c.h
[2.829s] -- Up-to-date: /home/ros2/ros2_learn/cartoros2_ws/install/cartographer_ros_msgs/include/cartographer_ros_msgs/msg/detail/bagfile_progress__rosidl_typesupport_fastrtps_c.h
[2.829s] -- Up-to-date: /home/ros2/ros2_learn/cartoros2_ws/install/cartographer_ros_msgs/include/cartographer_ros_msgs/srv
[2.830s] -- Up-to-date: /home/ros2/ros2_learn/cartoros2_ws/install/cartographer_ros_msgs/include/cartographer_ros_msgs/srv/detail
[2.830s] -- Up-to-date: /home/ros2/ros2_learn/cartoros2_ws/install/cartographer_ros_msgs/include/cartographer_ros_msgs/srv/detail/get_trajectory_states__rosidl_typesupport_fastrtps_c.h
[2.830s] -- Up-to-date: /home/ros2/ros2_learn/cartoros2_ws/install/cartographer_ros_msgs/include/cartographer_ros_msgs/srv/detail/finish_trajectory__rosidl_typesupport_fastrtps_c.h
[2.830s] -- Up-to-date: /home/ros2/ros2_learn/cartoros2_ws/install/cartographer_ros_msgs/include/cartographer_ros_msgs/srv/detail/read_metrics__rosidl_typesupport_fastrtps_c.h
[2.830s] -- Up-to-date: /home/ros2/ros2_learn/cartoros2_ws/install/cartographer_ros_msgs/include/cartographer_ros_msgs/srv/detail/submap_query__rosidl_typesupport_fastrtps_c.h
[2.830s] -- Up-to-date: /home/ros2/ros2_learn/cartoros2_ws/install/cartographer_ros_msgs/include/cartographer_ros_msgs/srv/detail/write_state__rosidl_typesupport_fastrtps_c.h
[2.830s] -- Up-to-date: /home/ros2/ros2_learn/cartoros2_ws/install/cartographer_ros_msgs/include/cartographer_ros_msgs/srv/detail/trajectory_query__rosidl_typesupport_fastrtps_c.h
[2.830s] -- Up-to-date: /home/ros2/ros2_learn/cartoros2_ws/install/cartographer_ros_msgs/include/cartographer_ros_msgs/srv/detail/start_trajectory__rosidl_typesupport_fastrtps_c.h
[2.831s] -- Up-to-date: /home/ros2/ros2_learn/cartoros2_ws/install/cartographer_ros_msgs/lib/libcartographer_ros_msgs__rosidl_typesupport_fastrtps_c.so
[2.831s] -- Up-to-date: /home/ros2/ros2_learn/cartoros2_ws/install/cartographer_ros_msgs/include/cartographer_ros_msgs
[2.831s] -- Up-to-date: /home/ros2/ros2_learn/cartoros2_ws/install/cartographer_ros_msgs/include/cartographer_ros_msgs/msg
[2.831s] -- Up-to-date: /home/ros2/ros2_learn/cartoros2_ws/install/cartographer_ros_msgs/include/cartographer_ros_msgs/msg/detail
[2.831s] -- Up-to-date: /home/ros2/ros2_learn/cartoros2_ws/install/cartographer_ros_msgs/include/cartographer_ros_msgs/msg/detail/bagfile_progress__rosidl_typesupport_fastrtps_cpp.hpp
[2.831s] -- Up-to-date: /home/ros2/ros2_learn/cartoros2_ws/install/cartographer_ros_msgs/include/cartographer_ros_msgs/msg/detail/metric_label__rosidl_typesupport_fastrtps_cpp.hpp
[2.831s] -- Up-to-date: /home/ros2/ros2_learn/cartoros2_ws/install/cartographer_ros_msgs/include/cartographer_ros_msgs/msg/detail/submap_list__rosidl_typesupport_fastrtps_cpp.hpp
[2.831s] -- Up-to-date: /home/ros2/ros2_learn/cartoros2_ws/install/cartographer_ros_msgs/include/cartographer_ros_msgs/msg/detail/landmark_list__rosidl_typesupport_fastrtps_cpp.hpp
[2.831s] -- Up-to-date: /home/ros2/ros2_learn/cartoros2_ws/install/cartographer_ros_msgs/include/cartographer_ros_msgs/msg/detail/status_code__rosidl_typesupport_fastrtps_cpp.hpp
[2.831s] -- Up-to-date: /home/ros2/ros2_learn/cartoros2_ws/install/cartographer_ros_msgs/include/cartographer_ros_msgs/msg/detail/landmark_entry__rosidl_typesupport_fastrtps_cpp.hpp
[2.832s] -- Up-to-date: /home/ros2/ros2_learn/cartoros2_ws/install/cartographer_ros_msgs/include/cartographer_ros_msgs/msg/detail/dds_fastrtps
[2.835s] -- Up-to-date: /home/ros2/ros2_learn/cartoros2_ws/install/cartographer_ros_msgs/include/cartographer_ros_msgs/msg/detail/histogram_bucket__rosidl_typesupport_fastrtps_cpp.hpp
[2.835s] -- Up-to-date: /home/ros2/ros2_learn/cartoros2_ws/install/cartographer_ros_msgs/include/cartographer_ros_msgs/msg/detail/trajectory_states__rosidl_typesupport_fastrtps_cpp.hpp
[2.835s] -- Up-to-date: /home/ros2/ros2_learn/cartoros2_ws/install/cartographer_ros_msgs/include/cartographer_ros_msgs/msg/detail/metric_family__rosidl_typesupport_fastrtps_cpp.hpp
[2.835s] -- Up-to-date: /home/ros2/ros2_learn/cartoros2_ws/install/cartographer_ros_msgs/include/cartographer_ros_msgs/msg/detail/status_response__rosidl_typesupport_fastrtps_cpp.hpp
[2.835s] -- Up-to-date: /home/ros2/ros2_learn/cartoros2_ws/install/cartographer_ros_msgs/include/cartographer_ros_msgs/msg/detail/submap_texture__rosidl_typesupport_fastrtps_cpp.hpp
[2.835s] -- Up-to-date: /home/ros2/ros2_learn/cartoros2_ws/install/cartographer_ros_msgs/include/cartographer_ros_msgs/msg/detail/metric__rosidl_typesupport_fastrtps_cpp.hpp
[2.835s] -- Up-to-date: /home/ros2/ros2_learn/cartoros2_ws/install/cartographer_ros_msgs/include/cartographer_ros_msgs/msg/detail/submap_entry__rosidl_typesupport_fastrtps_cpp.hpp
[2.835s] -- Up-to-date: /home/ros2/ros2_learn/cartoros2_ws/install/cartographer_ros_msgs/include/cartographer_ros_msgs/msg/rosidl_typesupport_fastrtps_cpp__visibility_control.h
[2.835s] -- Up-to-date: /home/ros2/ros2_learn/cartoros2_ws/install/cartographer_ros_msgs/include/cartographer_ros_msgs/srv
[2.835s] -- Up-to-date: /home/ros2/ros2_learn/cartoros2_ws/install/cartographer_ros_msgs/include/cartographer_ros_msgs/srv/detail
[2.835s] -- Up-to-date: /home/ros2/ros2_learn/cartoros2_ws/install/cartographer_ros_msgs/include/cartographer_ros_msgs/srv/detail/finish_trajectory__rosidl_typesupport_fastrtps_cpp.hpp
[2.836s] -- Up-to-date: /home/ros2/ros2_learn/cartoros2_ws/install/cartographer_ros_msgs/include/cartographer_ros_msgs/srv/detail/submap_query__rosidl_typesupport_fastrtps_cpp.hpp
[2.836s] -- Up-to-date: /home/ros2/ros2_learn/cartoros2_ws/install/cartographer_ros_msgs/include/cartographer_ros_msgs/srv/detail/read_metrics__rosidl_typesupport_fastrtps_cpp.hpp
[2.836s] -- Up-to-date: /home/ros2/ros2_learn/cartoros2_ws/install/cartographer_ros_msgs/include/cartographer_ros_msgs/srv/detail/dds_fastrtps
[2.836s] -- Up-to-date: /home/ros2/ros2_learn/cartoros2_ws/install/cartographer_ros_msgs/include/cartographer_ros_msgs/srv/detail/write_state__rosidl_typesupport_fastrtps_cpp.hpp
[2.837s] -- Up-to-date: /home/ros2/ros2_learn/cartoros2_ws/install/cartographer_ros_msgs/include/cartographer_ros_msgs/srv/detail/start_trajectory__rosidl_typesupport_fastrtps_cpp.hpp
[2.837s] -- Up-to-date: /home/ros2/ros2_learn/cartoros2_ws/install/cartographer_ros_msgs/include/cartographer_ros_msgs/srv/detail/trajectory_query__rosidl_typesupport_fastrtps_cpp.hpp
[2.837s] -- Up-to-date: /home/ros2/ros2_learn/cartoros2_ws/install/cartographer_ros_msgs/include/cartographer_ros_msgs/srv/detail/get_trajectory_states__rosidl_typesupport_fastrtps_cpp.hpp
[2.838s] -- Up-to-date: /home/ros2/ros2_learn/cartoros2_ws/install/cartographer_ros_msgs/lib/libcartographer_ros_msgs__rosidl_typesupport_fastrtps_cpp.so
[2.838s] -- Up-to-date: /home/ros2/ros2_learn/cartoros2_ws/install/cartographer_ros_msgs/include/cartographer_ros_msgs
[2.839s] -- Up-to-date: /home/ros2/ros2_learn/cartoros2_ws/install/cartographer_ros_msgs/include/cartographer_ros_msgs/msg
[2.839s] -- Up-to-date: /home/ros2/ros2_learn/cartoros2_ws/install/cartographer_ros_msgs/include/cartographer_ros_msgs/msg/rosidl_typesupport_introspection_c__visibility_control.h
[2.839s] -- Up-to-date: /home/ros2/ros2_learn/cartoros2_ws/install/cartographer_ros_msgs/include/cartographer_ros_msgs/msg/detail
[2.839s] -- Up-to-date: /home/ros2/ros2_learn/cartoros2_ws/install/cartographer_ros_msgs/include/cartographer_ros_msgs/msg/detail/status_response__rosidl_typesupport_introspection_c.h
[2.840s] -- Up-to-date: /home/ros2/ros2_learn/cartoros2_ws/install/cartographer_ros_msgs/include/cartographer_ros_msgs/msg/detail/status_code__rosidl_typesupport_introspection_c.h
[2.840s] -- Up-to-date: /home/ros2/ros2_learn/cartoros2_ws/install/cartographer_ros_msgs/include/cartographer_ros_msgs/msg/detail/histogram_bucket__type_support.c
[2.841s] -- Up-to-date: /home/ros2/ros2_learn/cartoros2_ws/install/cartographer_ros_msgs/include/cartographer_ros_msgs/msg/detail/landmark_list__rosidl_typesupport_introspection_c.h
[2.843s] -- Up-to-date: /home/ros2/ros2_learn/cartoros2_ws/install/cartographer_ros_msgs/include/cartographer_ros_msgs/msg/detail/submap_texture__type_support.c
[2.843s] -- Up-to-date: /home/ros2/ros2_learn/cartoros2_ws/install/cartographer_ros_msgs/include/cartographer_ros_msgs/msg/detail/submap_entry__type_support.c
[2.843s] -- Up-to-date: /home/ros2/ros2_learn/cartoros2_ws/install/cartographer_ros_msgs/include/cartographer_ros_msgs/msg/detail/trajectory_states__rosidl_typesupport_introspection_c.h
[2.844s] -- Up-to-date: /home/ros2/ros2_learn/cartoros2_ws/install/cartographer_ros_msgs/include/cartographer_ros_msgs/msg/detail/metric__rosidl_typesupport_introspection_c.h
[2.844s] -- Up-to-date: /home/ros2/ros2_learn/cartoros2_ws/install/cartographer_ros_msgs/include/cartographer_ros_msgs/msg/detail/metric_family__rosidl_typesupport_introspection_c.h
[2.844s] -- Up-to-date: /home/ros2/ros2_learn/cartoros2_ws/install/cartographer_ros_msgs/include/cartographer_ros_msgs/msg/detail/histogram_bucket__rosidl_typesupport_introspection_c.h
[2.844s] -- Up-to-date: /home/ros2/ros2_learn/cartoros2_ws/install/cartographer_ros_msgs/include/cartographer_ros_msgs/msg/detail/metric__type_support.c
[2.844s] -- Up-to-date: /home/ros2/ros2_learn/cartoros2_ws/install/cartographer_ros_msgs/include/cartographer_ros_msgs/msg/detail/metric_family__type_support.c
[2.844s] -- Up-to-date: /home/ros2/ros2_learn/cartoros2_ws/install/cartographer_ros_msgs/include/cartographer_ros_msgs/msg/detail/submap_entry__rosidl_typesupport_introspection_c.h
[2.845s] -- Up-to-date: /home/ros2/ros2_learn/cartoros2_ws/install/cartographer_ros_msgs/include/cartographer_ros_msgs/msg/detail/landmark_list__type_support.c
[2.845s] -- Up-to-date: /home/ros2/ros2_learn/cartoros2_ws/install/cartographer_ros_msgs/include/cartographer_ros_msgs/msg/detail/trajectory_states__type_support.c
[2.845s] -- Up-to-date: /home/ros2/ros2_learn/cartoros2_ws/install/cartographer_ros_msgs/include/cartographer_ros_msgs/msg/detail/landmark_entry__type_support.c
[2.845s] -- Up-to-date: /home/ros2/ros2_learn/cartoros2_ws/install/cartographer_ros_msgs/include/cartographer_ros_msgs/msg/detail/bagfile_progress__type_support.c
[2.846s] -- Up-to-date: /home/ros2/ros2_learn/cartoros2_ws/install/cartographer_ros_msgs/include/cartographer_ros_msgs/msg/detail/metric_label__type_support.c
[2.846s] -- Up-to-date: /home/ros2/ros2_learn/cartoros2_ws/install/cartographer_ros_msgs/include/cartographer_ros_msgs/msg/detail/bagfile_progress__rosidl_typesupport_introspection_c.h
[2.846s] -- Up-to-date: /home/ros2/ros2_learn/cartoros2_ws/install/cartographer_ros_msgs/include/cartographer_ros_msgs/msg/detail/submap_list__rosidl_typesupport_introspection_c.h
[2.846s] -- Up-to-date: /home/ros2/ros2_learn/cartoros2_ws/install/cartographer_ros_msgs/include/cartographer_ros_msgs/msg/detail/metric_label__rosidl_typesupport_introspection_c.h
[2.846s] -- Up-to-date: /home/ros2/ros2_learn/cartoros2_ws/install/cartographer_ros_msgs/include/cartographer_ros_msgs/msg/detail/submap_list__type_support.c
[2.847s] -- Up-to-date: /home/ros2/ros2_learn/cartoros2_ws/install/cartographer_ros_msgs/include/cartographer_ros_msgs/msg/detail/status_response__type_support.c
[2.847s] -- Up-to-date: /home/ros2/ros2_learn/cartoros2_ws/install/cartographer_ros_msgs/include/cartographer_ros_msgs/msg/detail/status_code__type_support.c
[2.847s] -- Up-to-date: /home/ros2/ros2_learn/cartoros2_ws/install/cartographer_ros_msgs/include/cartographer_ros_msgs/msg/detail/submap_texture__rosidl_typesupport_introspection_c.h
[2.847s] -- Up-to-date: /home/ros2/ros2_learn/cartoros2_ws/install/cartographer_ros_msgs/include/cartographer_ros_msgs/msg/detail/landmark_entry__rosidl_typesupport_introspection_c.h
[2.847s] -- Up-to-date: /home/ros2/ros2_learn/cartoros2_ws/install/cartographer_ros_msgs/include/cartographer_ros_msgs/srv
[2.847s] -- Up-to-date: /home/ros2/ros2_learn/cartoros2_ws/install/cartographer_ros_msgs/include/cartographer_ros_msgs/srv/detail
[2.847s] -- Up-to-date: /home/ros2/ros2_learn/cartoros2_ws/install/cartographer_ros_msgs/include/cartographer_ros_msgs/srv/detail/start_trajectory__rosidl_typesupport_introspection_c.h
[2.847s] -- Up-to-date: /home/ros2/ros2_learn/cartoros2_ws/install/cartographer_ros_msgs/include/cartographer_ros_msgs/srv/detail/trajectory_query__rosidl_typesupport_introspection_c.h
[2.848s] -- Up-to-date: /home/ros2/ros2_learn/cartoros2_ws/install/cartographer_ros_msgs/include/cartographer_ros_msgs/srv/detail/submap_query__rosidl_typesupport_introspection_c.h
[2.849s] -- Up-to-date: /home/ros2/ros2_learn/cartoros2_ws/install/cartographer_ros_msgs/include/cartographer_ros_msgs/srv/detail/start_trajectory__type_support.c
[2.849s] -- Up-to-date: /home/ros2/ros2_learn/cartoros2_ws/install/cartographer_ros_msgs/include/cartographer_ros_msgs/srv/detail/write_state__type_support.c
[2.849s] -- Up-to-date: /home/ros2/ros2_learn/cartoros2_ws/install/cartographer_ros_msgs/include/cartographer_ros_msgs/srv/detail/get_trajectory_states__type_support.c
[2.849s] -- Up-to-date: /home/ros2/ros2_learn/cartoros2_ws/install/cartographer_ros_msgs/include/cartographer_ros_msgs/srv/detail/write_state__rosidl_typesupport_introspection_c.h
[2.849s] -- Up-to-date: /home/ros2/ros2_learn/cartoros2_ws/install/cartographer_ros_msgs/include/cartographer_ros_msgs/srv/detail/submap_query__type_support.c
[2.851s] -- Up-to-date: /home/ros2/ros2_learn/cartoros2_ws/install/cartographer_ros_msgs/include/cartographer_ros_msgs/srv/detail/read_metrics__rosidl_typesupport_introspection_c.h
[2.851s] -- Up-to-date: /home/ros2/ros2_learn/cartoros2_ws/install/cartographer_ros_msgs/include/cartographer_ros_msgs/srv/detail/read_metrics__type_support.c
[2.852s] -- Up-to-date: /home/ros2/ros2_learn/cartoros2_ws/install/cartographer_ros_msgs/include/cartographer_ros_msgs/srv/detail/trajectory_query__type_support.c
[2.852s] -- Up-to-date: /home/ros2/ros2_learn/cartoros2_ws/install/cartographer_ros_msgs/include/cartographer_ros_msgs/srv/detail/finish_trajectory__rosidl_typesupport_introspection_c.h
[2.852s] -- Up-to-date: /home/ros2/ros2_learn/cartoros2_ws/install/cartographer_ros_msgs/include/cartographer_ros_msgs/srv/detail/finish_trajectory__type_support.c
[2.853s] -- Up-to-date: /home/ros2/ros2_learn/cartoros2_ws/install/cartographer_ros_msgs/include/cartographer_ros_msgs/srv/detail/get_trajectory_states__rosidl_typesupport_introspection_c.h
[2.853s] -- Up-to-date: /home/ros2/ros2_learn/cartoros2_ws/install/cartographer_ros_msgs/lib/libcartographer_ros_msgs__rosidl_typesupport_introspection_c.so
[2.853s] -- Up-to-date: /home/ros2/ros2_learn/cartoros2_ws/install/cartographer_ros_msgs/lib/libcartographer_ros_msgs__rosidl_typesupport_c.so
[2.853s] -- Up-to-date: /home/ros2/ros2_learn/cartoros2_ws/install/cartographer_ros_msgs/include/cartographer_ros_msgs
[2.853s] -- Up-to-date: /home/ros2/ros2_learn/cartoros2_ws/install/cartographer_ros_msgs/include/cartographer_ros_msgs/msg
[2.854s] -- Up-to-date: /home/ros2/ros2_learn/cartoros2_ws/install/cartographer_ros_msgs/include/cartographer_ros_msgs/msg/bagfile_progress.hpp
[2.854s] -- Up-to-date: /home/ros2/ros2_learn/cartoros2_ws/install/cartographer_ros_msgs/include/cartographer_ros_msgs/msg/trajectory_states.hpp
[2.854s] -- Up-to-date: /home/ros2/ros2_learn/cartoros2_ws/install/cartographer_ros_msgs/include/cartographer_ros_msgs/msg/submap_texture.hpp
[2.854s] -- Up-to-date: /home/ros2/ros2_learn/cartoros2_ws/install/cartographer_ros_msgs/include/cartographer_ros_msgs/msg/detail
[2.854s] -- Up-to-date: /home/ros2/ros2_learn/cartoros2_ws/install/cartographer_ros_msgs/include/cartographer_ros_msgs/msg/detail/metric__builder.hpp
[2.854s] -- Up-to-date: /home/ros2/ros2_learn/cartoros2_ws/install/cartographer_ros_msgs/include/cartographer_ros_msgs/msg/detail/metric_label__struct.hpp
[2.854s] -- Up-to-date: /home/ros2/ros2_learn/cartoros2_ws/install/cartographer_ros_msgs/include/cartographer_ros_msgs/msg/detail/submap_list__traits.hpp
[2.854s] -- Up-to-date: /home/ros2/ros2_learn/cartoros2_ws/install/cartographer_ros_msgs/include/cartographer_ros_msgs/msg/detail/trajectory_states__struct.hpp
[2.856s] -- Up-to-date: /home/ros2/ros2_learn/cartoros2_ws/install/cartographer_ros_msgs/include/cartographer_ros_msgs/msg/detail/bagfile_progress__traits.hpp
[2.856s] -- Up-to-date: /home/ros2/ros2_learn/cartoros2_ws/install/cartographer_ros_msgs/include/cartographer_ros_msgs/msg/detail/submap_entry__builder.hpp
[2.856s] -- Up-to-date: /home/ros2/ros2_learn/cartoros2_ws/install/cartographer_ros_msgs/include/cartographer_ros_msgs/msg/detail/metric_label__traits.hpp
[2.856s] -- Up-to-date: /home/ros2/ros2_learn/cartoros2_ws/install/cartographer_ros_msgs/include/cartographer_ros_msgs/msg/detail/status_response__traits.hpp
[2.857s] -- Up-to-date: /home/ros2/ros2_learn/cartoros2_ws/install/cartographer_ros_msgs/include/cartographer_ros_msgs/msg/detail/submap_list__builder.hpp
[2.858s] -- Up-to-date: /home/ros2/ros2_learn/cartoros2_ws/install/cartographer_ros_msgs/include/cartographer_ros_msgs/msg/detail/bagfile_progress__struct.hpp
[2.858s] -- Up-to-date: /home/ros2/ros2_learn/cartoros2_ws/install/cartographer_ros_msgs/include/cartographer_ros_msgs/msg/detail/bagfile_progress__builder.hpp
[2.858s] -- Up-to-date: /home/ros2/ros2_learn/cartoros2_ws/install/cartographer_ros_msgs/include/cartographer_ros_msgs/msg/detail/submap_list__struct.hpp
[2.858s] -- Up-to-date: /home/ros2/ros2_learn/cartoros2_ws/install/cartographer_ros_msgs/include/cartographer_ros_msgs/msg/detail/metric_family__struct.hpp
[2.858s] -- Up-to-date: /home/ros2/ros2_learn/cartoros2_ws/install/cartographer_ros_msgs/include/cartographer_ros_msgs/msg/detail/metric__traits.hpp
[2.858s] -- Up-to-date: /home/ros2/ros2_learn/cartoros2_ws/install/cartographer_ros_msgs/include/cartographer_ros_msgs/msg/detail/landmark_list__builder.hpp
[2.858s] -- Up-to-date: /home/ros2/ros2_learn/cartoros2_ws/install/cartographer_ros_msgs/include/cartographer_ros_msgs/msg/detail/metric__struct.hpp
[2.858s] -- Up-to-date: /home/ros2/ros2_learn/cartoros2_ws/install/cartographer_ros_msgs/include/cartographer_ros_msgs/msg/detail/submap_texture__struct.hpp
[2.858s] -- Up-to-date: /home/ros2/ros2_learn/cartoros2_ws/install/cartographer_ros_msgs/include/cartographer_ros_msgs/msg/detail/metric_label__builder.hpp
[2.858s] -- Up-to-date: /home/ros2/ros2_learn/cartoros2_ws/install/cartographer_ros_msgs/include/cartographer_ros_msgs/msg/detail/status_code__builder.hpp
[2.858s] -- Up-to-date: /home/ros2/ros2_learn/cartoros2_ws/install/cartographer_ros_msgs/include/cartographer_ros_msgs/msg/detail/metric_family__builder.hpp
[2.859s] -- Up-to-date: /home/ros2/ros2_learn/cartoros2_ws/install/cartographer_ros_msgs/include/cartographer_ros_msgs/msg/detail/landmark_entry__builder.hpp
[2.859s] -- Up-to-date: /home/ros2/ros2_learn/cartoros2_ws/install/cartographer_ros_msgs/include/cartographer_ros_msgs/msg/detail/metric_family__traits.hpp
[2.859s] -- Up-to-date: /home/ros2/ros2_learn/cartoros2_ws/install/cartographer_ros_msgs/include/cartographer_ros_msgs/msg/detail/landmark_list__traits.hpp
[2.859s] -- Up-to-date: /home/ros2/ros2_learn/cartoros2_ws/install/cartographer_ros_msgs/include/cartographer_ros_msgs/msg/detail/status_code__traits.hpp
[2.859s] -- Up-to-date: /home/ros2/ros2_learn/cartoros2_ws/install/cartographer_ros_msgs/include/cartographer_ros_msgs/msg/detail/submap_texture__traits.hpp
[2.859s] -- Up-to-date: /home/ros2/ros2_learn/cartoros2_ws/install/cartographer_ros_msgs/include/cartographer_ros_msgs/msg/detail/landmark_entry__struct.hpp
[2.859s] -- Up-to-date: /home/ros2/ros2_learn/cartoros2_ws/install/cartographer_ros_msgs/include/cartographer_ros_msgs/msg/detail/trajectory_states__builder.hpp
[2.859s] -- Up-to-date: /home/ros2/ros2_learn/cartoros2_ws/install/cartographer_ros_msgs/include/cartographer_ros_msgs/msg/detail/histogram_bucket__struct.hpp
[2.859s] -- Up-to-date: /home/ros2/ros2_learn/cartoros2_ws/install/cartographer_ros_msgs/include/cartographer_ros_msgs/msg/detail/status_code__struct.hpp
[2.859s] -- Up-to-date: /home/ros2/ros2_learn/cartoros2_ws/install/cartographer_ros_msgs/include/cartographer_ros_msgs/msg/detail/histogram_bucket__traits.hpp
[2.859s] -- Up-to-date: /home/ros2/ros2_learn/cartoros2_ws/install/cartographer_ros_msgs/include/cartographer_ros_msgs/msg/detail/status_response__builder.hpp
[2.860s] -- Up-to-date: /home/ros2/ros2_learn/cartoros2_ws/install/cartographer_ros_msgs/include/cartographer_ros_msgs/msg/detail/submap_entry__traits.hpp
[2.860s] -- Up-to-date: /home/ros2/ros2_learn/cartoros2_ws/install/cartographer_ros_msgs/include/cartographer_ros_msgs/msg/detail/landmark_list__struct.hpp
[2.860s] -- Up-to-date: /home/ros2/ros2_learn/cartoros2_ws/install/cartographer_ros_msgs/include/cartographer_ros_msgs/msg/detail/trajectory_states__traits.hpp
[2.860s] -- Up-to-date: /home/ros2/ros2_learn/cartoros2_ws/install/cartographer_ros_msgs/include/cartographer_ros_msgs/msg/detail/histogram_bucket__builder.hpp
[2.860s] -- Up-to-date: /home/ros2/ros2_learn/cartoros2_ws/install/cartographer_ros_msgs/include/cartographer_ros_msgs/msg/detail/submap_entry__struct.hpp
[2.860s] -- Up-to-date: /home/ros2/ros2_learn/cartoros2_ws/install/cartographer_ros_msgs/include/cartographer_ros_msgs/msg/detail/status_response__struct.hpp
[2.860s] -- Up-to-date: /home/ros2/ros2_learn/cartoros2_ws/install/cartographer_ros_msgs/include/cartographer_ros_msgs/msg/detail/submap_texture__builder.hpp
[2.860s] -- Up-to-date: /home/ros2/ros2_learn/cartoros2_ws/install/cartographer_ros_msgs/include/cartographer_ros_msgs/msg/detail/landmark_entry__traits.hpp
[2.860s] -- Up-to-date: /home/ros2/ros2_learn/cartoros2_ws/install/cartographer_ros_msgs/include/cartographer_ros_msgs/msg/submap_entry.hpp
[2.861s] -- Up-to-date: /home/ros2/ros2_learn/cartoros2_ws/install/cartographer_ros_msgs/include/cartographer_ros_msgs/msg/status_code.hpp
[2.861s] -- Up-to-date: /home/ros2/ros2_learn/cartoros2_ws/install/cartographer_ros_msgs/include/cartographer_ros_msgs/msg/landmark_entry.hpp
[2.861s] -- Up-to-date: /home/ros2/ros2_learn/cartoros2_ws/install/cartographer_ros_msgs/include/cartographer_ros_msgs/msg/metric.hpp
[2.861s] -- Up-to-date: /home/ros2/ros2_learn/cartoros2_ws/install/cartographer_ros_msgs/include/cartographer_ros_msgs/msg/metric_family.hpp
[2.861s] -- Up-to-date: /home/ros2/ros2_learn/cartoros2_ws/install/cartographer_ros_msgs/include/cartographer_ros_msgs/msg/metric_label.hpp
[2.861s] -- Up-to-date: /home/ros2/ros2_learn/cartoros2_ws/install/cartographer_ros_msgs/include/cartographer_ros_msgs/msg/landmark_list.hpp
[2.861s] -- Up-to-date: /home/ros2/ros2_learn/cartoros2_ws/install/cartographer_ros_msgs/include/cartographer_ros_msgs/msg/status_response.hpp
[2.861s] -- Up-to-date: /home/ros2/ros2_learn/cartoros2_ws/install/cartographer_ros_msgs/include/cartographer_ros_msgs/msg/histogram_bucket.hpp
[2.861s] -- Up-to-date: /home/ros2/ros2_learn/cartoros2_ws/install/cartographer_ros_msgs/include/cartographer_ros_msgs/msg/submap_list.hpp
[2.861s] -- Up-to-date: /home/ros2/ros2_learn/cartoros2_ws/install/cartographer_ros_msgs/include/cartographer_ros_msgs/srv
[2.861s] -- Up-to-date: /home/ros2/ros2_learn/cartoros2_ws/install/cartographer_ros_msgs/include/cartographer_ros_msgs/srv/finish_trajectory.hpp
[2.862s] -- Up-to-date: /home/ros2/ros2_learn/cartoros2_ws/install/cartographer_ros_msgs/include/cartographer_ros_msgs/srv/detail
[2.862s] -- Up-to-date: /home/ros2/ros2_learn/cartoros2_ws/install/cartographer_ros_msgs/include/cartographer_ros_msgs/srv/detail/finish_trajectory__traits.hpp
[2.862s] -- Up-to-date: /home/ros2/ros2_learn/cartoros2_ws/install/cartographer_ros_msgs/include/cartographer_ros_msgs/srv/detail/trajectory_query__traits.hpp
[2.862s] -- Up-to-date: /home/ros2/ros2_learn/cartoros2_ws/install/cartographer_ros_msgs/include/cartographer_ros_msgs/srv/detail/finish_trajectory__builder.hpp
[2.862s] -- Up-to-date: /home/ros2/ros2_learn/cartoros2_ws/install/cartographer_ros_msgs/include/cartographer_ros_msgs/srv/detail/trajectory_query__struct.hpp
[2.862s] -- Up-to-date: /home/ros2/ros2_learn/cartoros2_ws/install/cartographer_ros_msgs/include/cartographer_ros_msgs/srv/detail/read_metrics__traits.hpp
[2.862s] -- Up-to-date: /home/ros2/ros2_learn/cartoros2_ws/install/cartographer_ros_msgs/include/cartographer_ros_msgs/srv/detail/read_metrics__builder.hpp
[2.862s] -- Up-to-date: /home/ros2/ros2_learn/cartoros2_ws/install/cartographer_ros_msgs/include/cartographer_ros_msgs/srv/detail/write_state__traits.hpp
[2.862s] -- Up-to-date: /home/ros2/ros2_learn/cartoros2_ws/install/cartographer_ros_msgs/include/cartographer_ros_msgs/srv/detail/submap_query__struct.hpp
[2.862s] -- Up-to-date: /home/ros2/ros2_learn/cartoros2_ws/install/cartographer_ros_msgs/include/cartographer_ros_msgs/srv/detail/finish_trajectory__struct.hpp
[2.862s] -- Up-to-date: /home/ros2/ros2_learn/cartoros2_ws/install/cartographer_ros_msgs/include/cartographer_ros_msgs/srv/detail/read_metrics__struct.hpp
[2.862s] -- Up-to-date: /home/ros2/ros2_learn/cartoros2_ws/install/cartographer_ros_msgs/include/cartographer_ros_msgs/srv/detail/get_trajectory_states__builder.hpp
[2.863s] -- Up-to-date: /home/ros2/ros2_learn/cartoros2_ws/install/cartographer_ros_msgs/include/cartographer_ros_msgs/srv/detail/get_trajectory_states__traits.hpp
[2.863s] -- Up-to-date: /home/ros2/ros2_learn/cartoros2_ws/install/cartographer_ros_msgs/include/cartographer_ros_msgs/srv/detail/submap_query__traits.hpp
[2.863s] -- Up-to-date: /home/ros2/ros2_learn/cartoros2_ws/install/cartographer_ros_msgs/include/cartographer_ros_msgs/srv/detail/get_trajectory_states__struct.hpp
[2.863s] -- Up-to-date: /home/ros2/ros2_learn/cartoros2_ws/install/cartographer_ros_msgs/include/cartographer_ros_msgs/srv/detail/submap_query__builder.hpp
[2.863s] -- Up-to-date: /home/ros2/ros2_learn/cartoros2_ws/install/cartographer_ros_msgs/include/cartographer_ros_msgs/srv/detail/write_state__builder.hpp
[2.863s] -- Up-to-date: /home/ros2/ros2_learn/cartoros2_ws/install/cartographer_ros_msgs/include/cartographer_ros_msgs/srv/detail/start_trajectory__traits.hpp
[2.863s] -- Up-to-date: /home/ros2/ros2_learn/cartoros2_ws/install/cartographer_ros_msgs/include/cartographer_ros_msgs/srv/detail/start_trajectory__struct.hpp
[2.863s] -- Up-to-date: /home/ros2/ros2_learn/cartoros2_ws/install/cartographer_ros_msgs/include/cartographer_ros_msgs/srv/detail/write_state__struct.hpp
[2.863s] -- Up-to-date: /home/ros2/ros2_learn/cartoros2_ws/install/cartographer_ros_msgs/include/cartographer_ros_msgs/srv/detail/start_trajectory__builder.hpp
[2.863s] -- Up-to-date: /home/ros2/ros2_learn/cartoros2_ws/install/cartographer_ros_msgs/include/cartographer_ros_msgs/srv/detail/trajectory_query__builder.hpp
[2.863s] -- Up-to-date: /home/ros2/ros2_learn/cartoros2_ws/install/cartographer_ros_msgs/include/cartographer_ros_msgs/srv/get_trajectory_states.hpp
[2.864s] -- Up-to-date: /home/ros2/ros2_learn/cartoros2_ws/install/cartographer_ros_msgs/include/cartographer_ros_msgs/srv/start_trajectory.hpp
[2.864s] -- Up-to-date: /home/ros2/ros2_learn/cartoros2_ws/install/cartographer_ros_msgs/include/cartographer_ros_msgs/srv/submap_query.hpp
[2.864s] -- Up-to-date: /home/ros2/ros2_learn/cartoros2_ws/install/cartographer_ros_msgs/include/cartographer_ros_msgs/srv/read_metrics.hpp
[2.864s] -- Up-to-date: /home/ros2/ros2_learn/cartoros2_ws/install/cartographer_ros_msgs/include/cartographer_ros_msgs/srv/trajectory_query.hpp
[2.864s] -- Up-to-date: /home/ros2/ros2_learn/cartoros2_ws/install/cartographer_ros_msgs/include/cartographer_ros_msgs/srv/write_state.hpp
[2.864s] -- Up-to-date: /home/ros2/ros2_learn/cartoros2_ws/install/cartographer_ros_msgs/include/cartographer_ros_msgs
[2.864s] -- Up-to-date: /home/ros2/ros2_learn/cartoros2_ws/install/cartographer_ros_msgs/include/cartographer_ros_msgs/msg
[2.864s] -- Up-to-date: /home/ros2/ros2_learn/cartoros2_ws/install/cartographer_ros_msgs/include/cartographer_ros_msgs/msg/detail
[2.864s] -- Up-to-date: /home/ros2/ros2_learn/cartoros2_ws/install/cartographer_ros_msgs/include/cartographer_ros_msgs/msg/detail/histogram_bucket__rosidl_typesupport_introspection_cpp.hpp
[2.864s] -- Up-to-date: /home/ros2/ros2_learn/cartoros2_ws/install/cartographer_ros_msgs/include/cartographer_ros_msgs/msg/detail/landmark_list__type_support.cpp
[2.864s] -- Up-to-date: /home/ros2/ros2_learn/cartoros2_ws/install/cartographer_ros_msgs/include/cartographer_ros_msgs/msg/detail/bagfile_progress__rosidl_typesupport_introspection_cpp.hpp
[2.864s] -- Up-to-date: /home/ros2/ros2_learn/cartoros2_ws/install/cartographer_ros_msgs/include/cartographer_ros_msgs/msg/detail/metric__rosidl_typesupport_introspection_cpp.hpp
[2.865s] -- Up-to-date: /home/ros2/ros2_learn/cartoros2_ws/install/cartographer_ros_msgs/include/cartographer_ros_msgs/msg/detail/landmark_entry__rosidl_typesupport_introspection_cpp.hpp
[2.865s] -- Up-to-date: /home/ros2/ros2_learn/cartoros2_ws/install/cartographer_ros_msgs/include/cartographer_ros_msgs/msg/detail/submap_list__type_support.cpp
[2.865s] -- Up-to-date: /home/ros2/ros2_learn/cartoros2_ws/install/cartographer_ros_msgs/include/cartographer_ros_msgs/msg/detail/status_response__rosidl_typesupport_introspection_cpp.hpp
[2.865s] -- Up-to-date: /home/ros2/ros2_learn/cartoros2_ws/install/cartographer_ros_msgs/include/cartographer_ros_msgs/msg/detail/metric_label__rosidl_typesupport_introspection_cpp.hpp
[2.865s] -- Up-to-date: /home/ros2/ros2_learn/cartoros2_ws/install/cartographer_ros_msgs/include/cartographer_ros_msgs/msg/detail/bagfile_progress__type_support.cpp
[2.865s] -- Up-to-date: /home/ros2/ros2_learn/cartoros2_ws/install/cartographer_ros_msgs/include/cartographer_ros_msgs/msg/detail/submap_list__rosidl_typesupport_introspection_cpp.hpp
[2.865s] -- Up-to-date: /home/ros2/ros2_learn/cartoros2_ws/install/cartographer_ros_msgs/include/cartographer_ros_msgs/msg/detail/trajectory_states__rosidl_typesupport_introspection_cpp.hpp
[2.866s] -- Up-to-date: /home/ros2/ros2_learn/cartoros2_ws/install/cartographer_ros_msgs/include/cartographer_ros_msgs/msg/detail/submap_entry__rosidl_typesupport_introspection_cpp.hpp
[2.866s] -- Up-to-date: /home/ros2/ros2_learn/cartoros2_ws/install/cartographer_ros_msgs/include/cartographer_ros_msgs/msg/detail/metric_family__type_support.cpp
[2.866s] -- Up-to-date: /home/ros2/ros2_learn/cartoros2_ws/install/cartographer_ros_msgs/include/cartographer_ros_msgs/msg/detail/submap_texture__type_support.cpp
[2.866s] -- Up-to-date: /home/ros2/ros2_learn/cartoros2_ws/install/cartographer_ros_msgs/include/cartographer_ros_msgs/msg/detail/metric__type_support.cpp
[2.866s] -- Up-to-date: /home/ros2/ros2_learn/cartoros2_ws/install/cartographer_ros_msgs/include/cartographer_ros_msgs/msg/detail/trajectory_states__type_support.cpp
[2.866s] -- Up-to-date: /home/ros2/ros2_learn/cartoros2_ws/install/cartographer_ros_msgs/include/cartographer_ros_msgs/msg/detail/status_code__rosidl_typesupport_introspection_cpp.hpp
[2.866s] -- Up-to-date: /home/ros2/ros2_learn/cartoros2_ws/install/cartographer_ros_msgs/include/cartographer_ros_msgs/msg/detail/landmark_entry__type_support.cpp
[2.866s] -- Up-to-date: /home/ros2/ros2_learn/cartoros2_ws/install/cartographer_ros_msgs/include/cartographer_ros_msgs/msg/detail/status_response__type_support.cpp
[2.866s] -- Up-to-date: /home/ros2/ros2_learn/cartoros2_ws/install/cartographer_ros_msgs/include/cartographer_ros_msgs/msg/detail/status_code__type_support.cpp
[2.866s] -- Up-to-date: /home/ros2/ros2_learn/cartoros2_ws/install/cartographer_ros_msgs/include/cartographer_ros_msgs/msg/detail/submap_entry__type_support.cpp
[2.866s] -- Up-to-date: /home/ros2/ros2_learn/cartoros2_ws/install/cartographer_ros_msgs/include/cartographer_ros_msgs/msg/detail/histogram_bucket__type_support.cpp
[2.866s] -- Up-to-date: /home/ros2/ros2_learn/cartoros2_ws/install/cartographer_ros_msgs/include/cartographer_ros_msgs/msg/detail/metric_label__type_support.cpp
[2.866s] -- Up-to-date: /home/ros2/ros2_learn/cartoros2_ws/install/cartographer_ros_msgs/include/cartographer_ros_msgs/msg/detail/metric_family__rosidl_typesupport_introspection_cpp.hpp
[2.867s] -- Up-to-date: /home/ros2/ros2_learn/cartoros2_ws/install/cartographer_ros_msgs/include/cartographer_ros_msgs/msg/detail/landmark_list__rosidl_typesupport_introspection_cpp.hpp
[2.867s] -- Up-to-date: /home/ros2/ros2_learn/cartoros2_ws/install/cartographer_ros_msgs/include/cartographer_ros_msgs/msg/detail/submap_texture__rosidl_typesupport_introspection_cpp.hpp
[2.867s] -- Up-to-date: /home/ros2/ros2_learn/cartoros2_ws/install/cartographer_ros_msgs/include/cartographer_ros_msgs/srv
[2.867s] -- Up-to-date: /home/ros2/ros2_learn/cartoros2_ws/install/cartographer_ros_msgs/include/cartographer_ros_msgs/srv/detail
[2.867s] -- Up-to-date: /home/ros2/ros2_learn/cartoros2_ws/install/cartographer_ros_msgs/include/cartographer_ros_msgs/srv/detail/finish_trajectory__type_support.cpp
[2.867s] -- Up-to-date: /home/ros2/ros2_learn/cartoros2_ws/install/cartographer_ros_msgs/include/cartographer_ros_msgs/srv/detail/start_trajectory__type_support.cpp
[2.867s] -- Up-to-date: /home/ros2/ros2_learn/cartoros2_ws/install/cartographer_ros_msgs/include/cartographer_ros_msgs/srv/detail/submap_query__rosidl_typesupport_introspection_cpp.hpp
[2.868s] -- Up-to-date: /home/ros2/ros2_learn/cartoros2_ws/install/cartographer_ros_msgs/include/cartographer_ros_msgs/srv/detail/get_trajectory_states__rosidl_typesupport_introspection_cpp.hpp
[2.868s] -- Up-to-date: /home/ros2/ros2_learn/cartoros2_ws/install/cartographer_ros_msgs/include/cartographer_ros_msgs/srv/detail/trajectory_query__rosidl_typesupport_introspection_cpp.hpp
[2.869s] -- Up-to-date: /home/ros2/ros2_learn/cartoros2_ws/install/cartographer_ros_msgs/include/cartographer_ros_msgs/srv/detail/start_trajectory__rosidl_typesupport_introspection_cpp.hpp
[2.869s] -- Up-to-date: /home/ros2/ros2_learn/cartoros2_ws/install/cartographer_ros_msgs/include/cartographer_ros_msgs/srv/detail/finish_trajectory__rosidl_typesupport_introspection_cpp.hpp
[2.869s] -- Up-to-date: /home/ros2/ros2_learn/cartoros2_ws/install/cartographer_ros_msgs/include/cartographer_ros_msgs/srv/detail/read_metrics__rosidl_typesupport_introspection_cpp.hpp
[2.869s] -- Up-to-date: /home/ros2/ros2_learn/cartoros2_ws/install/cartographer_ros_msgs/include/cartographer_ros_msgs/srv/detail/read_metrics__type_support.cpp
[2.869s] -- Up-to-date: /home/ros2/ros2_learn/cartoros2_ws/install/cartographer_ros_msgs/include/cartographer_ros_msgs/srv/detail/write_state__type_support.cpp
[2.870s] -- Up-to-date: /home/ros2/ros2_learn/cartoros2_ws/install/cartographer_ros_msgs/include/cartographer_ros_msgs/srv/detail/get_trajectory_states__type_support.cpp
[2.870s] -- Up-to-date: /home/ros2/ros2_learn/cartoros2_ws/install/cartographer_ros_msgs/include/cartographer_ros_msgs/srv/detail/trajectory_query__type_support.cpp
[2.870s] -- Up-to-date: /home/ros2/ros2_learn/cartoros2_ws/install/cartographer_ros_msgs/include/cartographer_ros_msgs/srv/detail/submap_query__type_support.cpp
[2.870s] -- Up-to-date: /home/ros2/ros2_learn/cartoros2_ws/install/cartographer_ros_msgs/include/cartographer_ros_msgs/srv/detail/write_state__rosidl_typesupport_introspection_cpp.hpp
[2.870s] -- Up-to-date: /home/ros2/ros2_learn/cartoros2_ws/install/cartographer_ros_msgs/lib/libcartographer_ros_msgs__rosidl_typesupport_introspection_cpp.so
[2.871s] -- Up-to-date: /home/ros2/ros2_learn/cartoros2_ws/install/cartographer_ros_msgs/lib/libcartographer_ros_msgs__rosidl_typesupport_cpp.so
[2.871s] -- Up-to-date: /home/ros2/ros2_learn/cartoros2_ws/install/cartographer_ros_msgs/share/cartographer_ros_msgs/environment/pythonpath.sh
[2.871s] -- Up-to-date: /home/ros2/ros2_learn/cartoros2_ws/install/cartographer_ros_msgs/share/cartographer_ros_msgs/environment/pythonpath.dsv
[2.871s] -- Up-to-date: /home/ros2/ros2_learn/cartoros2_ws/install/cartographer_ros_msgs/lib/python3.8/site-packages/cartographer_ros_msgs/__init__.py
[2.948s] -- Up-to-date: /home/ros2/ros2_learn/cartoros2_ws/install/cartographer_ros_msgs/lib/python3.8/site-packages/cartographer_ros_msgs/msg
[2.949s] -- Up-to-date: /home/ros2/ros2_learn/cartoros2_ws/install/cartographer_ros_msgs/lib/python3.8/site-packages/cartographer_ros_msgs/msg/_metric_label.py
[2.949s] -- Up-to-date: /home/ros2/ros2_learn/cartoros2_ws/install/cartographer_ros_msgs/lib/python3.8/site-packages/cartographer_ros_msgs/msg/_status_response_s.c
[2.949s] -- Up-to-date: /home/ros2/ros2_learn/cartoros2_ws/install/cartographer_ros_msgs/lib/python3.8/site-packages/cartographer_ros_msgs/msg/__init__.py
[2.949s] -- Up-to-date: /home/ros2/ros2_learn/cartoros2_ws/install/cartographer_ros_msgs/lib/python3.8/site-packages/cartographer_ros_msgs/msg/_status_code.py
[2.949s] -- Up-to-date: /home/ros2/ros2_learn/cartoros2_ws/install/cartographer_ros_msgs/lib/python3.8/site-packages/cartographer_ros_msgs/msg/_submap_list_s.c
[2.949s] -- Up-to-date: /home/ros2/ros2_learn/cartoros2_ws/install/cartographer_ros_msgs/lib/python3.8/site-packages/cartographer_ros_msgs/msg/_status_code_s.c
[2.949s] -- Up-to-date: /home/ros2/ros2_learn/cartoros2_ws/install/cartographer_ros_msgs/lib/python3.8/site-packages/cartographer_ros_msgs/msg/_submap_list.py
[2.949s] -- Up-to-date: /home/ros2/ros2_learn/cartoros2_ws/install/cartographer_ros_msgs/lib/python3.8/site-packages/cartographer_ros_msgs/msg/_metric_label_s.c
[2.949s] -- Up-to-date: /home/ros2/ros2_learn/cartoros2_ws/install/cartographer_ros_msgs/lib/python3.8/site-packages/cartographer_ros_msgs/msg/_trajectory_states_s.c
[2.949s] -- Up-to-date: /home/ros2/ros2_learn/cartoros2_ws/install/cartographer_ros_msgs/lib/python3.8/site-packages/cartographer_ros_msgs/msg/_bagfile_progress.py
[2.950s] -- Up-to-date: /home/ros2/ros2_learn/cartoros2_ws/install/cartographer_ros_msgs/lib/python3.8/site-packages/cartographer_ros_msgs/msg/_metric_family.py
[2.951s] -- Up-to-date: /home/ros2/ros2_learn/cartoros2_ws/install/cartographer_ros_msgs/lib/python3.8/site-packages/cartographer_ros_msgs/msg/_landmark_entry_s.c
[2.951s] -- Up-to-date: /home/ros2/ros2_learn/cartoros2_ws/install/cartographer_ros_msgs/lib/python3.8/site-packages/cartographer_ros_msgs/msg/_submap_texture.py
[2.951s] -- Up-to-date: /home/ros2/ros2_learn/cartoros2_ws/install/cartographer_ros_msgs/lib/python3.8/site-packages/cartographer_ros_msgs/msg/_metric_s.c
[2.951s] -- Up-to-date: /home/ros2/ros2_learn/cartoros2_ws/install/cartographer_ros_msgs/lib/python3.8/site-packages/cartographer_ros_msgs/msg/_landmark_entry.py
[2.951s] -- Up-to-date: /home/ros2/ros2_learn/cartoros2_ws/install/cartographer_ros_msgs/lib/python3.8/site-packages/cartographer_ros_msgs/msg/_landmark_list_s.c
[2.951s] -- Up-to-date: /home/ros2/ros2_learn/cartoros2_ws/install/cartographer_ros_msgs/lib/python3.8/site-packages/cartographer_ros_msgs/msg/_metric.py
[2.952s] -- Up-to-date: /home/ros2/ros2_learn/cartoros2_ws/install/cartographer_ros_msgs/lib/python3.8/site-packages/cartographer_ros_msgs/msg/_submap_entry_s.c
[2.952s] -- Up-to-date: /home/ros2/ros2_learn/cartoros2_ws/install/cartographer_ros_msgs/lib/python3.8/site-packages/cartographer_ros_msgs/msg/_submap_texture_s.c
[2.952s] -- Up-to-date: /home/ros2/ros2_learn/cartoros2_ws/install/cartographer_ros_msgs/lib/python3.8/site-packages/cartographer_ros_msgs/msg/_metric_family_s.c
[2.952s] -- Up-to-date: /home/ros2/ros2_learn/cartoros2_ws/install/cartographer_ros_msgs/lib/python3.8/site-packages/cartographer_ros_msgs/msg/_bagfile_progress_s.c
[2.955s] -- Up-to-date: /home/ros2/ros2_learn/cartoros2_ws/install/cartographer_ros_msgs/lib/python3.8/site-packages/cartographer_ros_msgs/msg/_status_response.py
[2.955s] -- Up-to-date: /home/ros2/ros2_learn/cartoros2_ws/install/cartographer_ros_msgs/lib/python3.8/site-packages/cartographer_ros_msgs/msg/_histogram_bucket_s.c
[2.958s] -- Up-to-date: /home/ros2/ros2_learn/cartoros2_ws/install/cartographer_ros_msgs/lib/python3.8/site-packages/cartographer_ros_msgs/msg/_submap_entry.py
[2.958s] -- Up-to-date: /home/ros2/ros2_learn/cartoros2_ws/install/cartographer_ros_msgs/lib/python3.8/site-packages/cartographer_ros_msgs/msg/_histogram_bucket.py
[2.959s] -- Up-to-date: /home/ros2/ros2_learn/cartoros2_ws/install/cartographer_ros_msgs/lib/python3.8/site-packages/cartographer_ros_msgs/msg/_trajectory_states.py
[2.959s] -- Up-to-date: /home/ros2/ros2_learn/cartoros2_ws/install/cartographer_ros_msgs/lib/python3.8/site-packages/cartographer_ros_msgs/msg/_landmark_list.py
[2.959s] -- Up-to-date: /home/ros2/ros2_learn/cartoros2_ws/install/cartographer_ros_msgs/lib/python3.8/site-packages/cartographer_ros_msgs/srv
[2.959s] -- Up-to-date: /home/ros2/ros2_learn/cartoros2_ws/install/cartographer_ros_msgs/lib/python3.8/site-packages/cartographer_ros_msgs/srv/_finish_trajectory.py
[2.959s] -- Up-to-date: /home/ros2/ros2_learn/cartoros2_ws/install/cartographer_ros_msgs/lib/python3.8/site-packages/cartographer_ros_msgs/srv/_submap_query.py
[2.959s] -- Up-to-date: /home/ros2/ros2_learn/cartoros2_ws/install/cartographer_ros_msgs/lib/python3.8/site-packages/cartographer_ros_msgs/srv/_write_state.py
[2.959s] -- Up-to-date: /home/ros2/ros2_learn/cartoros2_ws/install/cartographer_ros_msgs/lib/python3.8/site-packages/cartographer_ros_msgs/srv/__init__.py
[2.959s] -- Up-to-date: /home/ros2/ros2_learn/cartoros2_ws/install/cartographer_ros_msgs/lib/python3.8/site-packages/cartographer_ros_msgs/srv/_get_trajectory_states_s.c
[2.959s] -- Up-to-date: /home/ros2/ros2_learn/cartoros2_ws/install/cartographer_ros_msgs/lib/python3.8/site-packages/cartographer_ros_msgs/srv/_trajectory_query.py
[2.959s] -- Up-to-date: /home/ros2/ros2_learn/cartoros2_ws/install/cartographer_ros_msgs/lib/python3.8/site-packages/cartographer_ros_msgs/srv/_read_metrics.py
[2.959s] -- Up-to-date: /home/ros2/ros2_learn/cartoros2_ws/install/cartographer_ros_msgs/lib/python3.8/site-packages/cartographer_ros_msgs/srv/_get_trajectory_states.py
[2.959s] -- Up-to-date: /home/ros2/ros2_learn/cartoros2_ws/install/cartographer_ros_msgs/lib/python3.8/site-packages/cartographer_ros_msgs/srv/_submap_query_s.c
[2.962s] -- Up-to-date: /home/ros2/ros2_learn/cartoros2_ws/install/cartographer_ros_msgs/lib/python3.8/site-packages/cartographer_ros_msgs/srv/_start_trajectory_s.c
[2.962s] -- Up-to-date: /home/ros2/ros2_learn/cartoros2_ws/install/cartographer_ros_msgs/lib/python3.8/site-packages/cartographer_ros_msgs/srv/_write_state_s.c
[2.963s] -- Up-to-date: /home/ros2/ros2_learn/cartoros2_ws/install/cartographer_ros_msgs/lib/python3.8/site-packages/cartographer_ros_msgs/srv/_read_metrics_s.c
[2.963s] -- Up-to-date: /home/ros2/ros2_learn/cartoros2_ws/install/cartographer_ros_msgs/lib/python3.8/site-packages/cartographer_ros_msgs/srv/_start_trajectory.py
[2.963s] -- Up-to-date: /home/ros2/ros2_learn/cartoros2_ws/install/cartographer_ros_msgs/lib/python3.8/site-packages/cartographer_ros_msgs/srv/_finish_trajectory_s.c
[2.965s] -- Up-to-date: /home/ros2/ros2_learn/cartoros2_ws/install/cartographer_ros_msgs/lib/python3.8/site-packages/cartographer_ros_msgs/srv/_trajectory_query_s.c
[2.965s] -- Up-to-date: /home/ros2/ros2_learn/cartoros2_ws/install/cartographer_ros_msgs/lib/python3.8/site-packages/cartographer_ros_msgs/cartographer_ros_msgs_s__rosidl_typesupport_fastrtps_c.cpython-38-x86_64-linux-gnu.so
[2.967s] -- Up-to-date: /home/ros2/ros2_learn/cartoros2_ws/install/cartographer_ros_msgs/lib/python3.8/site-packages/cartographer_ros_msgs/cartographer_ros_msgs_s__rosidl_typesupport_introspection_c.cpython-38-x86_64-linux-gnu.so
[2.967s] -- Up-to-date: /home/ros2/ros2_learn/cartoros2_ws/install/cartographer_ros_msgs/lib/python3.8/site-packages/cartographer_ros_msgs/cartographer_ros_msgs_s__rosidl_typesupport_c.cpython-38-x86_64-linux-gnu.so
[2.970s] -- Up-to-date: /home/ros2/ros2_learn/cartoros2_ws/install/cartographer_ros_msgs/lib/libcartographer_ros_msgs__python.so
[2.973s] -- Up-to-date: /home/ros2/ros2_learn/cartoros2_ws/install/cartographer_ros_msgs/share/cartographer_ros_msgs/msg/BagfileProgress.idl
[2.973s] -- Up-to-date: /home/ros2/ros2_learn/cartoros2_ws/install/cartographer_ros_msgs/share/cartographer_ros_msgs/msg/HistogramBucket.idl
[2.974s] -- Up-to-date: /home/ros2/ros2_learn/cartoros2_ws/install/cartographer_ros_msgs/share/cartographer_ros_msgs/msg/LandmarkEntry.idl
[2.975s] -- Up-to-date: /home/ros2/ros2_learn/cartoros2_ws/install/cartographer_ros_msgs/share/cartographer_ros_msgs/msg/LandmarkList.idl
[2.975s] -- Up-to-date: /home/ros2/ros2_learn/cartoros2_ws/install/cartographer_ros_msgs/share/cartographer_ros_msgs/msg/MetricFamily.idl
[2.975s] -- Up-to-date: /home/ros2/ros2_learn/cartoros2_ws/install/cartographer_ros_msgs/share/cartographer_ros_msgs/msg/MetricLabel.idl
[2.975s] -- Up-to-date: /home/ros2/ros2_learn/cartoros2_ws/install/cartographer_ros_msgs/share/cartographer_ros_msgs/msg/Metric.idl
[2.976s] -- Up-to-date: /home/ros2/ros2_learn/cartoros2_ws/install/cartographer_ros_msgs/share/cartographer_ros_msgs/msg/StatusCode.idl
[2.976s] -- Up-to-date: /home/ros2/ros2_learn/cartoros2_ws/install/cartographer_ros_msgs/share/cartographer_ros_msgs/msg/StatusResponse.idl
[2.976s] -- Up-to-date: /home/ros2/ros2_learn/cartoros2_ws/install/cartographer_ros_msgs/share/cartographer_ros_msgs/msg/SubmapEntry.idl
[2.976s] -- Up-to-date: /home/ros2/ros2_learn/cartoros2_ws/install/cartographer_ros_msgs/share/cartographer_ros_msgs/msg/SubmapList.idl
[2.976s] -- Up-to-date: /home/ros2/ros2_learn/cartoros2_ws/install/cartographer_ros_msgs/share/cartographer_ros_msgs/msg/SubmapTexture.idl
[2.976s] -- Up-to-date: /home/ros2/ros2_learn/cartoros2_ws/install/cartographer_ros_msgs/share/cartographer_ros_msgs/msg/TrajectoryStates.idl
[2.976s] -- Up-to-date: /home/ros2/ros2_learn/cartoros2_ws/install/cartographer_ros_msgs/share/cartographer_ros_msgs/srv/FinishTrajectory.idl
[2.976s] -- Up-to-date: /home/ros2/ros2_learn/cartoros2_ws/install/cartographer_ros_msgs/share/cartographer_ros_msgs/srv/GetTrajectoryStates.idl
[2.976s] -- Up-to-date: /home/ros2/ros2_learn/cartoros2_ws/install/cartographer_ros_msgs/share/cartographer_ros_msgs/srv/ReadMetrics.idl
[2.976s] -- Up-to-date: /home/ros2/ros2_learn/cartoros2_ws/install/cartographer_ros_msgs/share/cartographer_ros_msgs/srv/StartTrajectory.idl
[2.977s] -- Up-to-date: /home/ros2/ros2_learn/cartoros2_ws/install/cartographer_ros_msgs/share/cartographer_ros_msgs/srv/TrajectoryQuery.idl
[2.977s] -- Up-to-date: /home/ros2/ros2_learn/cartoros2_ws/install/cartographer_ros_msgs/share/cartographer_ros_msgs/srv/SubmapQuery.idl
[2.977s] -- Up-to-date: /home/ros2/ros2_learn/cartoros2_ws/install/cartographer_ros_msgs/share/cartographer_ros_msgs/srv/WriteState.idl
[2.977s] -- Up-to-date: /home/ros2/ros2_learn/cartoros2_ws/install/cartographer_ros_msgs/share/cartographer_ros_msgs/msg/BagfileProgress.msg
[2.977s] -- Up-to-date: /home/ros2/ros2_learn/cartoros2_ws/install/cartographer_ros_msgs/share/cartographer_ros_msgs/msg/HistogramBucket.msg
[2.978s] -- Up-to-date: /home/ros2/ros2_learn/cartoros2_ws/install/cartographer_ros_msgs/share/cartographer_ros_msgs/msg/LandmarkEntry.msg
[2.978s] -- Up-to-date: /home/ros2/ros2_learn/cartoros2_ws/install/cartographer_ros_msgs/share/cartographer_ros_msgs/msg/LandmarkList.msg
[2.978s] -- Up-to-date: /home/ros2/ros2_learn/cartoros2_ws/install/cartographer_ros_msgs/share/cartographer_ros_msgs/msg/MetricFamily.msg
[2.978s] -- Up-to-date: /home/ros2/ros2_learn/cartoros2_ws/install/cartographer_ros_msgs/share/cartographer_ros_msgs/msg/MetricLabel.msg
[2.980s] -- Up-to-date: /home/ros2/ros2_learn/cartoros2_ws/install/cartographer_ros_msgs/share/cartographer_ros_msgs/msg/Metric.msg
[2.980s] -- Up-to-date: /home/ros2/ros2_learn/cartoros2_ws/install/cartographer_ros_msgs/share/cartographer_ros_msgs/msg/StatusCode.msg
[2.980s] -- Up-to-date: /home/ros2/ros2_learn/cartoros2_ws/install/cartographer_ros_msgs/share/cartographer_ros_msgs/msg/StatusResponse.msg
[2.980s] -- Up-to-date: /home/ros2/ros2_learn/cartoros2_ws/install/cartographer_ros_msgs/share/cartographer_ros_msgs/msg/SubmapEntry.msg
[2.980s] -- Up-to-date: /home/ros2/ros2_learn/cartoros2_ws/install/cartographer_ros_msgs/share/cartographer_ros_msgs/msg/SubmapList.msg
[2.980s] -- Up-to-date: /home/ros2/ros2_learn/cartoros2_ws/install/cartographer_ros_msgs/share/cartographer_ros_msgs/msg/SubmapTexture.msg
[2.980s] -- Up-to-date: /home/ros2/ros2_learn/cartoros2_ws/install/cartographer_ros_msgs/share/cartographer_ros_msgs/msg/TrajectoryStates.msg
[2.980s] -- Up-to-date: /home/ros2/ros2_learn/cartoros2_ws/install/cartographer_ros_msgs/share/cartographer_ros_msgs/srv/FinishTrajectory.srv
[2.981s] -- Up-to-date: /home/ros2/ros2_learn/cartoros2_ws/install/cartographer_ros_msgs/share/cartographer_ros_msgs/srv/FinishTrajectory_Request.msg
[2.981s] -- Up-to-date: /home/ros2/ros2_learn/cartoros2_ws/install/cartographer_ros_msgs/share/cartographer_ros_msgs/srv/FinishTrajectory_Response.msg
[2.981s] -- Up-to-date: /home/ros2/ros2_learn/cartoros2_ws/install/cartographer_ros_msgs/share/cartographer_ros_msgs/srv/GetTrajectoryStates.srv
[2.982s] -- Up-to-date: /home/ros2/ros2_learn/cartoros2_ws/install/cartographer_ros_msgs/share/cartographer_ros_msgs/srv/GetTrajectoryStates_Request.msg
[2.982s] -- Up-to-date: /home/ros2/ros2_learn/cartoros2_ws/install/cartographer_ros_msgs/share/cartographer_ros_msgs/srv/GetTrajectoryStates_Response.msg
[2.982s] -- Up-to-date: /home/ros2/ros2_learn/cartoros2_ws/install/cartographer_ros_msgs/share/cartographer_ros_msgs/srv/ReadMetrics.srv
[2.982s] -- Up-to-date: /home/ros2/ros2_learn/cartoros2_ws/install/cartographer_ros_msgs/share/cartographer_ros_msgs/srv/ReadMetrics_Request.msg
[2.983s] -- Up-to-date: /home/ros2/ros2_learn/cartoros2_ws/install/cartographer_ros_msgs/share/cartographer_ros_msgs/srv/ReadMetrics_Response.msg
[2.983s] -- Up-to-date: /home/ros2/ros2_learn/cartoros2_ws/install/cartographer_ros_msgs/share/cartographer_ros_msgs/srv/StartTrajectory.srv
[2.983s] -- Up-to-date: /home/ros2/ros2_learn/cartoros2_ws/install/cartographer_ros_msgs/share/cartographer_ros_msgs/srv/StartTrajectory_Request.msg
[2.983s] -- Up-to-date: /home/ros2/ros2_learn/cartoros2_ws/install/cartographer_ros_msgs/share/cartographer_ros_msgs/srv/StartTrajectory_Response.msg
[2.985s] -- Up-to-date: /home/ros2/ros2_learn/cartoros2_ws/install/cartographer_ros_msgs/share/cartographer_ros_msgs/srv/TrajectoryQuery.srv
[2.985s] -- Up-to-date: /home/ros2/ros2_learn/cartoros2_ws/install/cartographer_ros_msgs/share/cartographer_ros_msgs/srv/TrajectoryQuery_Request.msg
[2.985s] -- Up-to-date: /home/ros2/ros2_learn/cartoros2_ws/install/cartographer_ros_msgs/share/cartographer_ros_msgs/srv/TrajectoryQuery_Response.msg
[2.987s] -- Up-to-date: /home/ros2/ros2_learn/cartoros2_ws/install/cartographer_ros_msgs/share/cartographer_ros_msgs/srv/SubmapQuery.srv
[2.988s] -- Up-to-date: /home/ros2/ros2_learn/cartoros2_ws/install/cartographer_ros_msgs/share/cartographer_ros_msgs/srv/SubmapQuery_Request.msg
[2.989s] -- Up-to-date: /home/ros2/ros2_learn/cartoros2_ws/install/cartographer_ros_msgs/share/cartographer_ros_msgs/srv/SubmapQuery_Response.msg
[2.990s] -- Up-to-date: /home/ros2/ros2_learn/cartoros2_ws/install/cartographer_ros_msgs/share/cartographer_ros_msgs/srv/WriteState.srv
[2.990s] -- Up-to-date: /home/ros2/ros2_learn/cartoros2_ws/install/cartographer_ros_msgs/share/cartographer_ros_msgs/srv/WriteState_Request.msg
[2.991s] -- Up-to-date: /home/ros2/ros2_learn/cartoros2_ws/install/cartographer_ros_msgs/share/cartographer_ros_msgs/srv/WriteState_Response.msg
[2.992s] -- Up-to-date: /home/ros2/ros2_learn/cartoros2_ws/install/cartographer_ros_msgs/share/ament_index/resource_index/package_run_dependencies/cartographer_ros_msgs
[2.992s] -- Up-to-date: /home/ros2/ros2_learn/cartoros2_ws/install/cartographer_ros_msgs/share/ament_index/resource_index/parent_prefix_path/cartographer_ros_msgs
[2.993s] -- Up-to-date: /home/ros2/ros2_learn/cartoros2_ws/install/cartographer_ros_msgs/share/cartographer_ros_msgs/environment/ament_prefix_path.sh
[2.993s] -- Up-to-date: /home/ros2/ros2_learn/cartoros2_ws/install/cartographer_ros_msgs/share/cartographer_ros_msgs/environment/ament_prefix_path.dsv
[2.994s] -- Up-to-date: /home/ros2/ros2_learn/cartoros2_ws/install/cartographer_ros_msgs/share/cartographer_ros_msgs/environment/path.sh
[2.994s] -- Up-to-date: /home/ros2/ros2_learn/cartoros2_ws/install/cartographer_ros_msgs/share/cartographer_ros_msgs/environment/path.dsv
[2.995s] -- Up-to-date: /home/ros2/ros2_learn/cartoros2_ws/install/cartographer_ros_msgs/share/cartographer_ros_msgs/local_setup.bash
[2.995s] -- Up-to-date: /home/ros2/ros2_learn/cartoros2_ws/install/cartographer_ros_msgs/share/cartographer_ros_msgs/local_setup.sh
[2.996s] -- Up-to-date: /home/ros2/ros2_learn/cartoros2_ws/install/cartographer_ros_msgs/share/cartographer_ros_msgs/local_setup.zsh
[2.996s] -- Up-to-date: /home/ros2/ros2_learn/cartoros2_ws/install/cartographer_ros_msgs/share/cartographer_ros_msgs/local_setup.dsv
[2.996s] -- Installing: /home/ros2/ros2_learn/cartoros2_ws/install/cartographer_ros_msgs/share/cartographer_ros_msgs/package.dsv
[2.998s] -- Up-to-date: /home/ros2/ros2_learn/cartoros2_ws/install/cartographer_ros_msgs/share/ament_index/resource_index/packages/cartographer_ros_msgs
[3.000s] -- Up-to-date: /home/ros2/ros2_learn/cartoros2_ws/install/cartographer_ros_msgs/share/cartographer_ros_msgs/cmake/cartographer_ros_msgs__rosidl_generator_cExport.cmake
[3.001s] -- Up-to-date: /home/ros2/ros2_learn/cartoros2_ws/install/cartographer_ros_msgs/share/cartographer_ros_msgs/cmake/cartographer_ros_msgs__rosidl_generator_cExport-noconfig.cmake
[3.002s] -- Up-to-date: /home/ros2/ros2_learn/cartoros2_ws/install/cartographer_ros_msgs/share/cartographer_ros_msgs/cmake/cartographer_ros_msgs__rosidl_typesupport_introspection_cExport.cmake
[3.003s] -- Up-to-date: /home/ros2/ros2_learn/cartoros2_ws/install/cartographer_ros_msgs/share/cartographer_ros_msgs/cmake/cartographer_ros_msgs__rosidl_typesupport_introspection_cExport-noconfig.cmake
[3.004s] -- Up-to-date: /home/ros2/ros2_learn/cartoros2_ws/install/cartographer_ros_msgs/share/cartographer_ros_msgs/cmake/cartographer_ros_msgs__rosidl_typesupport_cExport.cmake
[3.005s] -- Up-to-date: /home/ros2/ros2_learn/cartoros2_ws/install/cartographer_ros_msgs/share/cartographer_ros_msgs/cmake/cartographer_ros_msgs__rosidl_typesupport_cExport-noconfig.cmake
[3.006s] -- Up-to-date: /home/ros2/ros2_learn/cartoros2_ws/install/cartographer_ros_msgs/share/cartographer_ros_msgs/cmake/cartographer_ros_msgs__rosidl_generator_cppExport.cmake
[3.007s] -- Up-to-date: /home/ros2/ros2_learn/cartoros2_ws/install/cartographer_ros_msgs/share/cartographer_ros_msgs/cmake/cartographer_ros_msgs__rosidl_typesupport_introspection_cppExport.cmake
[3.008s] -- Up-to-date: /home/ros2/ros2_learn/cartoros2_ws/install/cartographer_ros_msgs/share/cartographer_ros_msgs/cmake/cartographer_ros_msgs__rosidl_typesupport_introspection_cppExport-noconfig.cmake
[3.009s] -- Up-to-date: /home/ros2/ros2_learn/cartoros2_ws/install/cartographer_ros_msgs/share/cartographer_ros_msgs/cmake/cartographer_ros_msgs__rosidl_typesupport_cppExport.cmake
[3.009s] -- Up-to-date: /home/ros2/ros2_learn/cartoros2_ws/install/cartographer_ros_msgs/share/cartographer_ros_msgs/cmake/cartographer_ros_msgs__rosidl_typesupport_cppExport-noconfig.cmake
[3.009s] -- Up-to-date: /home/ros2/ros2_learn/cartoros2_ws/install/cartographer_ros_msgs/share/cartographer_ros_msgs/cmake/rosidl_cmake-extras.cmake
[3.009s] -- Up-to-date: /home/ros2/ros2_learn/cartoros2_ws/install/cartographer_ros_msgs/share/cartographer_ros_msgs/cmake/ament_cmake_export_dependencies-extras.cmake
[3.010s] -- Up-to-date: /home/ros2/ros2_learn/cartoros2_ws/install/cartographer_ros_msgs/share/cartographer_ros_msgs/cmake/ament_cmake_export_libraries-extras.cmake
[3.010s] -- Up-to-date: /home/ros2/ros2_learn/cartoros2_ws/install/cartographer_ros_msgs/share/cartographer_ros_msgs/cmake/ament_cmake_export_targets-extras.cmake
[3.011s] -- Up-to-date: /home/ros2/ros2_learn/cartoros2_ws/install/cartographer_ros_msgs/share/cartographer_ros_msgs/cmake/ament_cmake_export_include_directories-extras.cmake
[3.011s] -- Up-to-date: /home/ros2/ros2_learn/cartoros2_ws/install/cartographer_ros_msgs/share/cartographer_ros_msgs/cmake/rosidl_cmake_export_typesupport_libraries-extras.cmake
[3.011s] -- Up-to-date: /home/ros2/ros2_learn/cartoros2_ws/install/cartographer_ros_msgs/share/cartographer_ros_msgs/cmake/rosidl_cmake_export_typesupport_targets-extras.cmake
[3.012s] -- Up-to-date: /home/ros2/ros2_learn/cartoros2_ws/install/cartographer_ros_msgs/share/cartographer_ros_msgs/cmake/cartographer_ros_msgsConfig.cmake
[3.012s] -- Up-to-date: /home/ros2/ros2_learn/cartoros2_ws/install/cartographer_ros_msgs/share/cartographer_ros_msgs/cmake/cartographer_ros_msgsConfig-version.cmake
[3.012s] -- Up-to-date: /home/ros2/ros2_learn/cartoros2_ws/install/cartographer_ros_msgs/share/cartographer_ros_msgs/package.xml
[3.023s] Invoked command in '/home/ros2/ros2_learn/cartoros2_ws/build/cartographer_ros_msgs' returned '0': CMAKE_PREFIX_PATH=/opt/ros/galactic /usr/bin/cmake --install /home/ros2/ros2_learn/cartoros2_ws/build/cartographer_ros_msgs
