[0.072s] Invoking command in '/home/ros2/ros2_learn/cartoros2_ws/build/sllidar_ros2': CMAKE_PREFIX_PATH=/opt/ros/galactic /usr/bin/cmake --build /home/ros2/ros2_learn/cartoros2_ws/build/sllidar_ros2 -- -j4 -l4
[0.271s] [ 14%] Built target sllidar_client
[0.350s] [100%] Built target sllidar_node
[0.376s] Invoked command in '/home/ros2/ros2_learn/cartoros2_ws/build/sllidar_ros2' returned '0': CMAKE_PREFIX_PATH=/opt/ros/galactic /usr/bin/cmake --build /home/ros2/ros2_learn/cartoros2_ws/build/sllidar_ros2 -- -j4 -l4
[0.722s] Invoking command in '/home/ros2/ros2_learn/cartoros2_ws/build/sllidar_ros2': CMAKE_PREFIX_PATH=/opt/ros/galactic /usr/bin/cmake --install /home/ros2/ros2_learn/cartoros2_ws/build/sllidar_ros2
[0.738s] -- Install configuration: ""
[0.740s] -- Up-to-date: /home/ros2/ros2_learn/cartoros2_ws/install/sllidar_ros2/share/sllidar_ros2/launch
[0.742s] -- Up-to-date: /home/ros2/ros2_learn/cartoros2_ws/install/sllidar_ros2/share/sllidar_ros2/launch/view_sllidar_s1_launch.py
[0.742s] -- Up-to-date: /home/ros2/ros2_learn/cartoros2_ws/install/sllidar_ros2/share/sllidar_ros2/launch/sllidar_t1_launch.py
[0.743s] -- Up-to-date: /home/ros2/ros2_learn/cartoros2_ws/install/sllidar_ros2/share/sllidar_ros2/launch/sllidar_s2_launch.py
[0.743s] -- Up-to-date: /home/ros2/ros2_learn/cartoros2_ws/install/sllidar_ros2/share/sllidar_ros2/launch/sllidar_s1_tcp_launch.py
[0.743s] -- Up-to-date: /home/ros2/ros2_learn/cartoros2_ws/install/sllidar_ros2/share/sllidar_ros2/launch/view_sllidar_t1_launch.py
[0.744s] -- Up-to-date: /home/ros2/ros2_learn/cartoros2_ws/install/sllidar_ros2/share/sllidar_ros2/launch/sllidar_launch.py
[0.744s] -- Up-to-date: /home/ros2/ros2_learn/cartoros2_ws/install/sllidar_ros2/share/sllidar_ros2/launch/gmapping_s2_launch.py
[0.744s] -- Up-to-date: /home/ros2/ros2_learn/cartoros2_ws/install/sllidar_ros2/share/sllidar_ros2/launch/view_sllidar_a3_launch.py
[0.744s] -- Up-to-date: /home/ros2/ros2_learn/cartoros2_ws/install/sllidar_ros2/share/sllidar_ros2/launch/view_sllidar_s2_launch.py
[0.745s] -- Up-to-date: /home/ros2/ros2_learn/cartoros2_ws/install/sllidar_ros2/share/sllidar_ros2/launch/gmapping_launch.py
[0.745s] -- Up-to-date: /home/ros2/ros2_learn/cartoros2_ws/install/sllidar_ros2/share/sllidar_ros2/launch/sllidar_s1_launch.py
[0.745s] -- Up-to-date: /home/ros2/ros2_learn/cartoros2_ws/install/sllidar_ros2/share/sllidar_ros2/launch/sllidar_a3_launch.py
[0.745s] -- Up-to-date: /home/ros2/ros2_learn/cartoros2_ws/install/sllidar_ros2/share/sllidar_ros2/launch/view_sllidar_launch.py
[0.745s] -- Up-to-date: /home/ros2/ros2_learn/cartoros2_ws/install/sllidar_ros2/share/sllidar_ros2/launch/view_sllidar_s1_tcp_launch.py
[0.745s] -- Up-to-date: /home/ros2/ros2_learn/cartoros2_ws/install/sllidar_ros2/share/sllidar_ros2/rviz
[0.745s] -- Up-to-date: /home/ros2/ros2_learn/cartoros2_ws/install/sllidar_ros2/share/sllidar_ros2/rviz/sllidar_ros2.rviz
[0.745s] -- Up-to-date: /home/ros2/ros2_learn/cartoros2_ws/install/sllidar_ros2/share/sllidar_ros2/rviz/sllidar_gmapping_ros2.rviz
[0.747s] -- Up-to-date: /home/ros2/ros2_learn/cartoros2_ws/install/sllidar_ros2/lib/sllidar_ros2/sllidar_node
[0.749s] -- Up-to-date: /home/ros2/ros2_learn/cartoros2_ws/install/sllidar_ros2/lib/sllidar_ros2/sllidar_client
[0.751s] -- Up-to-date: /home/ros2/ros2_learn/cartoros2_ws/install/sllidar_ros2/share/ament_index/resource_index/package_run_dependencies/sllidar_ros2
[0.752s] -- Up-to-date: /home/ros2/ros2_learn/cartoros2_ws/install/sllidar_ros2/share/ament_index/resource_index/parent_prefix_path/sllidar_ros2
[0.752s] -- Up-to-date: /home/ros2/ros2_learn/cartoros2_ws/install/sllidar_ros2/share/sllidar_ros2/environment/ament_prefix_path.sh
[0.752s] -- Up-to-date: /home/ros2/ros2_learn/cartoros2_ws/install/sllidar_ros2/share/sllidar_ros2/environment/ament_prefix_path.dsv
[0.752s] -- Up-to-date: /home/ros2/ros2_learn/cartoros2_ws/install/sllidar_ros2/share/sllidar_ros2/environment/path.sh
[0.752s] -- Up-to-date: /home/ros2/ros2_learn/cartoros2_ws/install/sllidar_ros2/share/sllidar_ros2/environment/path.dsv
[0.752s] -- Up-to-date: /home/ros2/ros2_learn/cartoros2_ws/install/sllidar_ros2/share/sllidar_ros2/local_setup.bash
[0.753s] -- Up-to-date: /home/ros2/ros2_learn/cartoros2_ws/install/sllidar_ros2/share/sllidar_ros2/local_setup.sh
[0.753s] -- Up-to-date: /home/ros2/ros2_learn/cartoros2_ws/install/sllidar_ros2/share/sllidar_ros2/local_setup.zsh
[0.753s] -- Up-to-date: /home/ros2/ros2_learn/cartoros2_ws/install/sllidar_ros2/share/sllidar_ros2/local_setup.dsv
[0.753s] -- Installing: /home/ros2/ros2_learn/cartoros2_ws/install/sllidar_ros2/share/sllidar_ros2/package.dsv
[0.753s] -- Up-to-date: /home/ros2/ros2_learn/cartoros2_ws/install/sllidar_ros2/share/ament_index/resource_index/packages/sllidar_ros2
[0.754s] -- Up-to-date: /home/ros2/ros2_learn/cartoros2_ws/install/sllidar_ros2/share/sllidar_ros2/cmake/ament_cmake_export_dependencies-extras.cmake
[0.754s] -- Up-to-date: /home/ros2/ros2_learn/cartoros2_ws/install/sllidar_ros2/share/sllidar_ros2/cmake/ament_cmake_export_include_directories-extras.cmake
[0.754s] -- Up-to-date: /home/ros2/ros2_learn/cartoros2_ws/install/sllidar_ros2/share/sllidar_ros2/cmake/sllidar_ros2Config.cmake
[0.754s] -- Up-to-date: /home/ros2/ros2_learn/cartoros2_ws/install/sllidar_ros2/share/sllidar_ros2/cmake/sllidar_ros2Config-version.cmake
[0.754s] -- Up-to-date: /home/ros2/ros2_learn/cartoros2_ws/install/sllidar_ros2/share/sllidar_ros2/package.xml
[0.757s] Invoked command in '/home/ros2/ros2_learn/cartoros2_ws/build/sllidar_ros2' returned '0': CMAKE_PREFIX_PATH=/opt/ros/galactic /usr/bin/cmake --install /home/ros2/ros2_learn/cartoros2_ws/build/sllidar_ros2
