[0.616s] DEBUG:colcon:Command line arguments: ['/usr/bin/colcon', 'build']
[0.616s] DEBUG:colcon:Parsed command line arguments: Namespace(allow_overriding=[], ament_cmake_args=None, base_paths=['.'], build_base='build', catkin_cmake_args=None, catkin_skip_building_tests=False, cmake_args=None, cmake_clean_cache=False, cmake_clean_first=False, cmake_force_configure=False, cmake_target=None, cmake_target_skip_unavailable=False, continue_on_error=False, event_handlers=None, executor='parallel', ignore_user_meta=False, install_base='install', log_base=None, log_level=None, main=<bound method BuildVerb.main of <colcon_core.verb.build.BuildVerb object at 0x7f86b2207fd0>>, merge_install=False, metas=['./colcon.meta'], packages_above=None, packages_above_and_dependencies=None, packages_above_depth=None, packages_end=None, packages_ignore=None, packages_ignore_regex=None, packages_select=None, packages_select_build_failed=False, packages_select_by_dep=None, packages_select_regex=None, packages_select_test_failures=False, packages_skip=None, packages_skip_build_finished=False, packages_skip_by_dep=None, packages_skip_regex=None, packages_skip_test_passed=False, packages_skip_up_to=None, packages_start=None, packages_up_to=None, packages_up_to_regex=None, parallel_workers=4, paths=None, symlink_install=False, test_result_base=None, verb_extension=<colcon_core.verb.build.BuildVerb object at 0x7f86b2207fd0>, verb_name='build', verb_parser=<colcon_defaults.argument_parser.defaults.DefaultArgumentsDecorator object at 0x7f86b213c640>)
[0.729s] Level 1:colcon.colcon_core.package_discovery:discover_packages(colcon_meta) check parameters
[0.729s] Level 1:colcon.colcon_core.package_discovery:discover_packages(recursive) check parameters
[0.729s] Level 1:colcon.colcon_core.package_discovery:discover_packages(ignore) check parameters
[0.729s] Level 1:colcon.colcon_core.package_discovery:discover_packages(path) check parameters
[0.729s] Level 1:colcon.colcon_core.package_discovery:discover_packages(colcon_meta) discover
[0.729s] Level 1:colcon.colcon_core.package_discovery:discover_packages(recursive) discover
[0.729s] INFO:colcon.colcon_core.package_discovery:Crawling recursively for packages in '/home/ros2/ros2_learn/fish_protocol/examples/example_ros2/example_fish_protocol'
[0.730s] Level 1:colcon.colcon_core.package_identification:_identify(.) by extensions ['ignore', 'ignore_ament_install']
[0.730s] Level 1:colcon.colcon_core.package_identification:_identify(.) by extension 'ignore'
[0.730s] Level 1:colcon.colcon_core.package_identification:_identify(.) by extension 'ignore_ament_install'
[0.730s] Level 1:colcon.colcon_core.package_identification:_identify(.) by extensions ['colcon_pkg']
[0.730s] Level 1:colcon.colcon_core.package_identification:_identify(.) by extension 'colcon_pkg'
[0.730s] Level 1:colcon.colcon_core.package_identification:_identify(.) by extensions ['colcon_meta']
[0.730s] Level 1:colcon.colcon_core.package_identification:_identify(.) by extension 'colcon_meta'
[0.730s] Level 1:colcon.colcon_core.package_identification:_identify(.) by extensions ['ros']
[0.730s] Level 1:colcon.colcon_core.package_identification:_identify(.) by extension 'ros'
[0.775s] DEBUG:colcon.colcon_core.package_identification:Package '.' with type 'ros.ament_cmake' and name 'example_fish_protocol'
[0.775s] Level 1:colcon.colcon_core.package_discovery:discover_packages(recursive) using defaults
[0.775s] Level 1:colcon.colcon_core.package_discovery:discover_packages(ignore) discover
[0.775s] Level 1:colcon.colcon_core.package_discovery:discover_packages(ignore) using defaults
[0.775s] Level 1:colcon.colcon_core.package_discovery:discover_packages(path) discover
[0.775s] Level 1:colcon.colcon_core.package_discovery:discover_packages(path) using defaults
[0.834s] Level 1:colcon.colcon_core.package_discovery:discover_packages(prefix_path) check parameters
[0.834s] Level 1:colcon.colcon_core.package_discovery:discover_packages(prefix_path) discover
[0.841s] DEBUG:colcon.colcon_installed_package_information.package_discovery:Found 1 installed packages in /home/ros2/ros2_learn/fish_protocol/examples/example_ros2/example_fish_protocol/install
[0.846s] DEBUG:colcon.colcon_installed_package_information.package_discovery:Found 354 installed packages in /opt/ros/galactic
[0.849s] Level 1:colcon.colcon_core.package_discovery:discover_packages(prefix_path) using defaults
[0.990s] Level 5:colcon.colcon_core.verb:set package 'example_fish_protocol' build argument 'cmake_args' from command line to 'None'
[0.990s] Level 5:colcon.colcon_core.verb:set package 'example_fish_protocol' build argument 'cmake_target' from command line to 'None'
[0.990s] Level 5:colcon.colcon_core.verb:set package 'example_fish_protocol' build argument 'cmake_target_skip_unavailable' from command line to 'False'
[0.990s] Level 5:colcon.colcon_core.verb:set package 'example_fish_protocol' build argument 'cmake_clean_cache' from command line to 'False'
[0.990s] Level 5:colcon.colcon_core.verb:set package 'example_fish_protocol' build argument 'cmake_clean_first' from command line to 'False'
[0.990s] Level 5:colcon.colcon_core.verb:set package 'example_fish_protocol' build argument 'cmake_force_configure' from command line to 'False'
[0.990s] Level 5:colcon.colcon_core.verb:set package 'example_fish_protocol' build argument 'ament_cmake_args' from command line to 'None'
[0.990s] Level 5:colcon.colcon_core.verb:set package 'example_fish_protocol' build argument 'catkin_cmake_args' from command line to 'None'
[0.990s] Level 5:colcon.colcon_core.verb:set package 'example_fish_protocol' build argument 'catkin_skip_building_tests' from command line to 'False'
[0.990s] DEBUG:colcon.colcon_core.verb:Building package 'example_fish_protocol' with the following arguments: {'ament_cmake_args': None, 'build_base': '/home/ros2/ros2_learn/fish_protocol/examples/example_ros2/example_fish_protocol/build/example_fish_protocol', 'catkin_cmake_args': None, 'catkin_skip_building_tests': False, 'cmake_args': None, 'cmake_clean_cache': False, 'cmake_clean_first': False, 'cmake_force_configure': False, 'cmake_target': None, 'cmake_target_skip_unavailable': False, 'install_base': '/home/ros2/ros2_learn/fish_protocol/examples/example_ros2/example_fish_protocol/install/example_fish_protocol', 'merge_install': False, 'path': '/home/ros2/ros2_learn/fish_protocol/examples/example_ros2/example_fish_protocol', 'symlink_install': False, 'test_result_base': None}
[0.993s] INFO:colcon.colcon_core.executor:Executing jobs using 'parallel' executor
[1.008s] DEBUG:colcon.colcon_parallel_executor.executor.parallel:run_until_complete
[1.008s] INFO:colcon.colcon_ros.task.ament_cmake.build:Building ROS package in '/home/ros2/ros2_learn/fish_protocol/examples/example_ros2/example_fish_protocol' with build type 'ament_cmake'
[1.009s] INFO:colcon.colcon_cmake.task.cmake.build:Building CMake package in '/home/ros2/ros2_learn/fish_protocol/examples/example_ros2/example_fish_protocol'
[1.019s] INFO:colcon.colcon_core.plugin_system:Skipping extension 'colcon_core.shell.bat': Not used on non-Windows systems
[1.019s] INFO:colcon.colcon_core.shell:Skip shell extension 'powershell' for command environment: Not usable outside of PowerShell
[1.021s] DEBUG:colcon.colcon_core.shell:Skip shell extension 'dsv' for command environment
[1.049s] DEBUG:colcon.colcon_core.event_handler.log_command:Invoking command in '/home/ros2/ros2_learn/fish_protocol/examples/example_ros2/example_fish_protocol/build/example_fish_protocol': CMAKE_PREFIX_PATH=${CMAKE_PREFIX_PATH}:/opt/ros/galactic /usr/bin/cmake --build /home/ros2/ros2_learn/fish_protocol/examples/example_ros2/example_fish_protocol/build/example_fish_protocol -- -j4 -l4
[1.223s] DEBUG:colcon.colcon_core.event_handler.log_command:Invoked command in '/home/ros2/ros2_learn/fish_protocol/examples/example_ros2/example_fish_protocol/build/example_fish_protocol' returned '0': CMAKE_PREFIX_PATH=${CMAKE_PREFIX_PATH}:/opt/ros/galactic /usr/bin/cmake --build /home/ros2/ros2_learn/fish_protocol/examples/example_ros2/example_fish_protocol/build/example_fish_protocol -- -j4 -l4
[1.296s] DEBUG:colcon.colcon_core.event_handler.log_command:Invoking command in '/home/ros2/ros2_learn/fish_protocol/examples/example_ros2/example_fish_protocol/build/example_fish_protocol': CMAKE_PREFIX_PATH=${CMAKE_PREFIX_PATH}:/opt/ros/galactic /usr/bin/cmake --install /home/ros2/ros2_learn/fish_protocol/examples/example_ros2/example_fish_protocol/build/example_fish_protocol
[1.335s] Level 1:colcon.colcon_core.environment:create_environment_scripts_only(example_fish_protocol)
[1.336s] DEBUG:colcon.colcon_core.event_handler.log_command:Invoked command in '/home/ros2/ros2_learn/fish_protocol/examples/example_ros2/example_fish_protocol/build/example_fish_protocol' returned '0': CMAKE_PREFIX_PATH=${CMAKE_PREFIX_PATH}:/opt/ros/galactic /usr/bin/cmake --install /home/ros2/ros2_learn/fish_protocol/examples/example_ros2/example_fish_protocol/build/example_fish_protocol
[1.351s] Level 1:colcon.colcon_core.environment:checking '/home/ros2/ros2_learn/fish_protocol/examples/example_ros2/example_fish_protocol/install/example_fish_protocol' for CMake module files
[1.352s] Level 1:colcon.colcon_core.environment:checking '/home/ros2/ros2_learn/fish_protocol/examples/example_ros2/example_fish_protocol/install/example_fish_protocol' for CMake config files
[1.352s] Level 1:colcon.colcon_core.shell:create_environment_hook('example_fish_protocol', 'cmake_prefix_path')
[1.358s] INFO:colcon.colcon_core.shell:Creating environment hook '/home/ros2/ros2_learn/fish_protocol/examples/example_ros2/example_fish_protocol/install/example_fish_protocol/share/example_fish_protocol/hook/cmake_prefix_path.ps1'
[1.360s] INFO:colcon.colcon_core.shell:Creating environment descriptor '/home/ros2/ros2_learn/fish_protocol/examples/example_ros2/example_fish_protocol/install/example_fish_protocol/share/example_fish_protocol/hook/cmake_prefix_path.dsv'
[1.362s] INFO:colcon.colcon_core.shell:Creating environment hook '/home/ros2/ros2_learn/fish_protocol/examples/example_ros2/example_fish_protocol/install/example_fish_protocol/share/example_fish_protocol/hook/cmake_prefix_path.sh'
[1.364s] Level 1:colcon.colcon_core.environment:checking '/home/ros2/ros2_learn/fish_protocol/examples/example_ros2/example_fish_protocol/install/example_fish_protocol/lib'
[1.365s] Level 1:colcon.colcon_core.environment:checking '/home/ros2/ros2_learn/fish_protocol/examples/example_ros2/example_fish_protocol/install/example_fish_protocol/bin'
[1.365s] Level 1:colcon.colcon_core.environment:checking '/home/ros2/ros2_learn/fish_protocol/examples/example_ros2/example_fish_protocol/install/example_fish_protocol/lib/pkgconfig/example_fish_protocol.pc'
[1.365s] Level 1:colcon.colcon_core.environment:checking '/home/ros2/ros2_learn/fish_protocol/examples/example_ros2/example_fish_protocol/install/example_fish_protocol/lib/python3.8/site-packages'
[1.366s] Level 1:colcon.colcon_core.environment:checking '/home/ros2/ros2_learn/fish_protocol/examples/example_ros2/example_fish_protocol/install/example_fish_protocol/bin'
[1.373s] INFO:colcon.colcon_core.shell:Creating package script '/home/ros2/ros2_learn/fish_protocol/examples/example_ros2/example_fish_protocol/install/example_fish_protocol/share/example_fish_protocol/package.ps1'
[1.375s] INFO:colcon.colcon_core.shell:Creating package descriptor '/home/ros2/ros2_learn/fish_protocol/examples/example_ros2/example_fish_protocol/install/example_fish_protocol/share/example_fish_protocol/package.dsv'
[1.376s] INFO:colcon.colcon_core.shell:Creating package script '/home/ros2/ros2_learn/fish_protocol/examples/example_ros2/example_fish_protocol/install/example_fish_protocol/share/example_fish_protocol/package.sh'
[1.377s] INFO:colcon.colcon_core.shell:Creating package script '/home/ros2/ros2_learn/fish_protocol/examples/example_ros2/example_fish_protocol/install/example_fish_protocol/share/example_fish_protocol/package.bash'
[1.377s] INFO:colcon.colcon_core.shell:Creating package script '/home/ros2/ros2_learn/fish_protocol/examples/example_ros2/example_fish_protocol/install/example_fish_protocol/share/example_fish_protocol/package.zsh'
[1.378s] Level 1:colcon.colcon_core.environment:create_file_with_runtime_dependencies(/home/ros2/ros2_learn/fish_protocol/examples/example_ros2/example_fish_protocol/install/example_fish_protocol/share/colcon-core/packages/example_fish_protocol)
[1.426s] Level 1:colcon.colcon_core.environment:create_environment_scripts_only(example_fish_protocol)
[1.435s] Level 1:colcon.colcon_core.environment:checking '/home/ros2/ros2_learn/fish_protocol/examples/example_ros2/example_fish_protocol/install/example_fish_protocol' for CMake module files
[1.436s] Level 1:colcon.colcon_core.environment:checking '/home/ros2/ros2_learn/fish_protocol/examples/example_ros2/example_fish_protocol/install/example_fish_protocol' for CMake config files
[1.437s] Level 1:colcon.colcon_core.shell:create_environment_hook('example_fish_protocol', 'cmake_prefix_path')
[1.446s] INFO:colcon.colcon_core.shell:Creating environment hook '/home/ros2/ros2_learn/fish_protocol/examples/example_ros2/example_fish_protocol/install/example_fish_protocol/share/example_fish_protocol/hook/cmake_prefix_path.ps1'
[1.447s] INFO:colcon.colcon_core.shell:Creating environment descriptor '/home/ros2/ros2_learn/fish_protocol/examples/example_ros2/example_fish_protocol/install/example_fish_protocol/share/example_fish_protocol/hook/cmake_prefix_path.dsv'
[1.448s] INFO:colcon.colcon_core.shell:Creating environment hook '/home/ros2/ros2_learn/fish_protocol/examples/example_ros2/example_fish_protocol/install/example_fish_protocol/share/example_fish_protocol/hook/cmake_prefix_path.sh'
[1.450s] Level 1:colcon.colcon_core.environment:checking '/home/ros2/ros2_learn/fish_protocol/examples/example_ros2/example_fish_protocol/install/example_fish_protocol/lib'
[1.450s] Level 1:colcon.colcon_core.environment:checking '/home/ros2/ros2_learn/fish_protocol/examples/example_ros2/example_fish_protocol/install/example_fish_protocol/bin'
[1.450s] Level 1:colcon.colcon_core.environment:checking '/home/ros2/ros2_learn/fish_protocol/examples/example_ros2/example_fish_protocol/install/example_fish_protocol/lib/pkgconfig/example_fish_protocol.pc'
[1.450s] Level 1:colcon.colcon_core.environment:checking '/home/ros2/ros2_learn/fish_protocol/examples/example_ros2/example_fish_protocol/install/example_fish_protocol/lib/python3.8/site-packages'
[1.451s] Level 1:colcon.colcon_core.environment:checking '/home/ros2/ros2_learn/fish_protocol/examples/example_ros2/example_fish_protocol/install/example_fish_protocol/bin'
[1.455s] INFO:colcon.colcon_core.shell:Creating package script '/home/ros2/ros2_learn/fish_protocol/examples/example_ros2/example_fish_protocol/install/example_fish_protocol/share/example_fish_protocol/package.ps1'
[1.456s] INFO:colcon.colcon_core.shell:Creating package descriptor '/home/ros2/ros2_learn/fish_protocol/examples/example_ros2/example_fish_protocol/install/example_fish_protocol/share/example_fish_protocol/package.dsv'
[1.456s] INFO:colcon.colcon_core.shell:Creating package script '/home/ros2/ros2_learn/fish_protocol/examples/example_ros2/example_fish_protocol/install/example_fish_protocol/share/example_fish_protocol/package.sh'
[1.457s] INFO:colcon.colcon_core.shell:Creating package script '/home/ros2/ros2_learn/fish_protocol/examples/example_ros2/example_fish_protocol/install/example_fish_protocol/share/example_fish_protocol/package.bash'
[1.457s] INFO:colcon.colcon_core.shell:Creating package script '/home/ros2/ros2_learn/fish_protocol/examples/example_ros2/example_fish_protocol/install/example_fish_protocol/share/example_fish_protocol/package.zsh'
[1.458s] Level 1:colcon.colcon_core.environment:create_file_with_runtime_dependencies(/home/ros2/ros2_learn/fish_protocol/examples/example_ros2/example_fish_protocol/install/example_fish_protocol/share/colcon-core/packages/example_fish_protocol)
[1.458s] DEBUG:colcon.colcon_parallel_executor.executor.parallel:closing loop
[1.459s] DEBUG:colcon.colcon_parallel_executor.executor.parallel:loop closed
[1.459s] DEBUG:colcon.colcon_parallel_executor.executor.parallel:run_until_complete finished with '0'
[1.459s] DEBUG:colcon.colcon_core.event_reactor:joining thread
[1.468s] INFO:colcon.colcon_core.plugin_system:Skipping extension 'colcon_notification.desktop_notification.terminal_notifier': Not used on non-Darwin systems
[1.468s] INFO:colcon.colcon_core.plugin_system:Skipping extension 'colcon_notification.desktop_notification.win32': Not used on non-Windows systems
[1.468s] INFO:colcon.colcon_notification.desktop_notification:Sending desktop notification using 'notify2'
[1.524s] DEBUG:colcon.colcon_core.event_reactor:joined thread
[1.534s] INFO:colcon.colcon_core.shell:Creating prefix script '/home/ros2/ros2_learn/fish_protocol/examples/example_ros2/example_fish_protocol/install/local_setup.ps1'
[1.538s] INFO:colcon.colcon_core.shell:Creating prefix util module '/home/ros2/ros2_learn/fish_protocol/examples/example_ros2/example_fish_protocol/install/_local_setup_util_ps1.py'
[1.542s] INFO:colcon.colcon_core.shell:Creating prefix chain script '/home/ros2/ros2_learn/fish_protocol/examples/example_ros2/example_fish_protocol/install/setup.ps1'
[1.545s] INFO:colcon.colcon_core.shell:Creating prefix script '/home/ros2/ros2_learn/fish_protocol/examples/example_ros2/example_fish_protocol/install/local_setup.sh'
[1.547s] INFO:colcon.colcon_core.shell:Creating prefix util module '/home/ros2/ros2_learn/fish_protocol/examples/example_ros2/example_fish_protocol/install/_local_setup_util_sh.py'
[1.548s] INFO:colcon.colcon_core.shell:Creating prefix chain script '/home/ros2/ros2_learn/fish_protocol/examples/example_ros2/example_fish_protocol/install/setup.sh'
[1.550s] INFO:colcon.colcon_core.shell:Creating prefix script '/home/ros2/ros2_learn/fish_protocol/examples/example_ros2/example_fish_protocol/install/local_setup.bash'
[1.551s] INFO:colcon.colcon_core.shell:Creating prefix chain script '/home/ros2/ros2_learn/fish_protocol/examples/example_ros2/example_fish_protocol/install/setup.bash'
[1.556s] INFO:colcon.colcon_core.shell:Creating prefix script '/home/ros2/ros2_learn/fish_protocol/examples/example_ros2/example_fish_protocol/install/local_setup.zsh'
[1.557s] INFO:colcon.colcon_core.shell:Creating prefix chain script '/home/ros2/ros2_learn/fish_protocol/examples/example_ros2/example_fish_protocol/install/setup.zsh'
