[0.823s] DEBUG:colcon:Command line arguments: ['/usr/bin/colcon', 'build', '--packages-select', 'village_li']
[0.823s] DEBUG:colcon:Parsed command line arguments: Namespace(allow_overriding=[], ament_cmake_args=None, base_paths=['.'], build_base='build', catkin_cmake_args=None, catkin_skip_building_tests=False, cmake_args=None, cmake_clean_cache=False, cmake_clean_first=False, cmake_force_configure=False, cmake_target=None, cmake_target_skip_unavailable=False, continue_on_error=False, event_handlers=None, executor='parallel', ignore_user_meta=False, install_base='install', log_base=None, log_level=None, main=<bound method BuildVerb.main of <colcon_core.verb.build.BuildVerb object at 0x7f0ae3e0e370>>, merge_install=False, metas=['./colcon.meta'], packages_above=None, packages_above_and_dependencies=None, packages_above_depth=None, packages_end=None, packages_ignore=None, packages_ignore_regex=None, packages_select=['village_li'], packages_select_build_failed=False, packages_select_by_dep=None, packages_select_regex=None, packages_select_test_failures=False, packages_skip=None, packages_skip_build_finished=False, packages_skip_by_dep=None, packages_skip_regex=None, packages_skip_test_passed=False, packages_skip_up_to=None, packages_start=None, packages_up_to=None, packages_up_to_regex=None, parallel_workers=4, paths=None, symlink_install=False, test_result_base=None, verb_extension=<colcon_core.verb.build.BuildVerb object at 0x7f0ae3e0e370>, verb_name='build', verb_parser=<colcon_defaults.argument_parser.defaults.DefaultArgumentsDecorator object at 0x7f0ae3e0e8b0>)
[0.935s] Level 1:colcon.colcon_core.package_discovery:discover_packages(colcon_meta) check parameters
[0.935s] Level 1:colcon.colcon_core.package_discovery:discover_packages(recursive) check parameters
[0.935s] Level 1:colcon.colcon_core.package_discovery:discover_packages(ignore) check parameters
[0.935s] Level 1:colcon.colcon_core.package_discovery:discover_packages(path) check parameters
[0.936s] Level 1:colcon.colcon_core.package_discovery:discover_packages(colcon_meta) discover
[0.936s] Level 1:colcon.colcon_core.package_discovery:discover_packages(recursive) discover
[0.936s] INFO:colcon.colcon_core.package_discovery:Crawling recursively for packages in '/home/ros2/ros2_learn/turtle_ws/src'
[0.937s] Level 1:colcon.colcon_core.package_identification:_identify(.) by extensions ['ignore', 'ignore_ament_install']
[0.937s] Level 1:colcon.colcon_core.package_identification:_identify(.) by extension 'ignore'
[0.938s] Level 1:colcon.colcon_core.package_identification:_identify(.) by extension 'ignore_ament_install'
[0.938s] Level 1:colcon.colcon_core.package_identification:_identify(.) by extensions ['colcon_pkg']
[0.938s] Level 1:colcon.colcon_core.package_identification:_identify(.) by extension 'colcon_pkg'
[0.938s] Level 1:colcon.colcon_core.package_identification:_identify(.) by extensions ['colcon_meta']
[0.938s] Level 1:colcon.colcon_core.package_identification:_identify(.) by extension 'colcon_meta'
[0.938s] Level 1:colcon.colcon_core.package_identification:_identify(.) by extensions ['ros']
[0.939s] Level 1:colcon.colcon_core.package_identification:_identify(.) by extension 'ros'
[1.028s] Level 1:colcon.colcon_core.package_identification:_identify(.) by extensions ['cmake', 'python']
[1.028s] Level 1:colcon.colcon_core.package_identification:_identify(.) by extension 'cmake'
[1.029s] Level 1:colcon.colcon_core.package_identification:_identify(.) by extension 'python'
[1.029s] Level 1:colcon.colcon_core.package_identification:_identify(.) by extensions ['python_setup_py']
[1.029s] Level 1:colcon.colcon_core.package_identification:_identify(.) by extension 'python_setup_py'
[1.030s] Level 1:colcon.colcon_core.package_identification:_identify(build) by extensions ['ignore', 'ignore_ament_install']
[1.030s] Level 1:colcon.colcon_core.package_identification:_identify(build) by extension 'ignore'
[1.030s] Level 1:colcon.colcon_core.package_identification:_identify(build) ignored
[1.031s] Level 1:colcon.colcon_core.package_identification:_identify(install) by extensions ['ignore', 'ignore_ament_install']
[1.031s] Level 1:colcon.colcon_core.package_identification:_identify(install) by extension 'ignore'
[1.032s] Level 1:colcon.colcon_core.package_identification:_identify(install) ignored
[1.032s] Level 1:colcon.colcon_core.package_identification:_identify(log) by extensions ['ignore', 'ignore_ament_install']
[1.032s] Level 1:colcon.colcon_core.package_identification:_identify(log) by extension 'ignore'
[1.033s] Level 1:colcon.colcon_core.package_identification:_identify(log) ignored
[1.033s] Level 1:colcon.colcon_core.package_identification:_identify(village_interfaces) by extensions ['ignore', 'ignore_ament_install']
[1.033s] Level 1:colcon.colcon_core.package_identification:_identify(village_interfaces) by extension 'ignore'
[1.034s] Level 1:colcon.colcon_core.package_identification:_identify(village_interfaces) by extension 'ignore_ament_install'
[1.034s] Level 1:colcon.colcon_core.package_identification:_identify(village_interfaces) by extensions ['colcon_pkg']
[1.034s] Level 1:colcon.colcon_core.package_identification:_identify(village_interfaces) by extension 'colcon_pkg'
[1.034s] Level 1:colcon.colcon_core.package_identification:_identify(village_interfaces) by extensions ['colcon_meta']
[1.034s] Level 1:colcon.colcon_core.package_identification:_identify(village_interfaces) by extension 'colcon_meta'
[1.035s] Level 1:colcon.colcon_core.package_identification:_identify(village_interfaces) by extensions ['ros']
[1.035s] Level 1:colcon.colcon_core.package_identification:_identify(village_interfaces) by extension 'ros'
[1.045s] DEBUG:colcon.colcon_core.package_identification:Package 'village_interfaces' with type 'ros.ament_cmake' and name 'village_interfaces'
[1.045s] Level 1:colcon.colcon_core.package_identification:_identify(village_li) by extensions ['ignore', 'ignore_ament_install']
[1.046s] Level 1:colcon.colcon_core.package_identification:_identify(village_li) by extension 'ignore'
[1.046s] Level 1:colcon.colcon_core.package_identification:_identify(village_li) by extension 'ignore_ament_install'
[1.046s] Level 1:colcon.colcon_core.package_identification:_identify(village_li) by extensions ['colcon_pkg']
[1.046s] Level 1:colcon.colcon_core.package_identification:_identify(village_li) by extension 'colcon_pkg'
[1.047s] Level 1:colcon.colcon_core.package_identification:_identify(village_li) by extensions ['colcon_meta']
[1.047s] Level 1:colcon.colcon_core.package_identification:_identify(village_li) by extension 'colcon_meta'
[1.047s] Level 1:colcon.colcon_core.package_identification:_identify(village_li) by extensions ['ros']
[1.047s] Level 1:colcon.colcon_core.package_identification:_identify(village_li) by extension 'ros'
[1.050s] DEBUG:colcon.colcon_core.package_identification:Package 'village_li' with type 'ros.ament_python' and name 'village_li'
[1.050s] Level 1:colcon.colcon_core.package_identification:_identify(village_wang) by extensions ['ignore', 'ignore_ament_install']
[1.051s] Level 1:colcon.colcon_core.package_identification:_identify(village_wang) by extension 'ignore'
[1.051s] Level 1:colcon.colcon_core.package_identification:_identify(village_wang) by extension 'ignore_ament_install'
[1.051s] Level 1:colcon.colcon_core.package_identification:_identify(village_wang) by extensions ['colcon_pkg']
[1.051s] Level 1:colcon.colcon_core.package_identification:_identify(village_wang) by extension 'colcon_pkg'
[1.051s] Level 1:colcon.colcon_core.package_identification:_identify(village_wang) by extensions ['colcon_meta']
[1.051s] Level 1:colcon.colcon_core.package_identification:_identify(village_wang) by extension 'colcon_meta'
[1.051s] Level 1:colcon.colcon_core.package_identification:_identify(village_wang) by extensions ['ros']
[1.051s] Level 1:colcon.colcon_core.package_identification:_identify(village_wang) by extension 'ros'
[1.055s] DEBUG:colcon.colcon_core.package_identification:Package 'village_wang' with type 'ros.ament_python' and name 'village_wang'
[1.056s] Level 1:colcon.colcon_core.package_discovery:discover_packages(recursive) using defaults
[1.056s] Level 1:colcon.colcon_core.package_discovery:discover_packages(ignore) discover
[1.056s] Level 1:colcon.colcon_core.package_discovery:discover_packages(ignore) using defaults
[1.056s] Level 1:colcon.colcon_core.package_discovery:discover_packages(path) discover
[1.056s] Level 1:colcon.colcon_core.package_discovery:discover_packages(path) using defaults
[1.143s] INFO:colcon.colcon_core.package_selection:Skipping not selected package 'village_interfaces' in 'village_interfaces'
[1.143s] INFO:colcon.colcon_core.package_selection:Skipping not selected package 'village_wang' in 'village_wang'
[1.151s] Level 1:colcon.colcon_core.package_discovery:discover_packages(prefix_path) check parameters
[1.152s] Level 1:colcon.colcon_core.package_discovery:discover_packages(prefix_path) discover
[1.167s] DEBUG:colcon.colcon_installed_package_information.package_discovery:Found 268 installed packages in /opt/ros/galactic
[1.174s] Level 1:colcon.colcon_core.package_discovery:discover_packages(prefix_path) using defaults
[1.557s] Level 5:colcon.colcon_core.verb:set package 'village_li' build argument 'cmake_args' from command line to 'None'
[1.558s] Level 5:colcon.colcon_core.verb:set package 'village_li' build argument 'cmake_target' from command line to 'None'
[1.558s] Level 5:colcon.colcon_core.verb:set package 'village_li' build argument 'cmake_target_skip_unavailable' from command line to 'False'
[1.558s] Level 5:colcon.colcon_core.verb:set package 'village_li' build argument 'cmake_clean_cache' from command line to 'False'
[1.558s] Level 5:colcon.colcon_core.verb:set package 'village_li' build argument 'cmake_clean_first' from command line to 'False'
[1.558s] Level 5:colcon.colcon_core.verb:set package 'village_li' build argument 'cmake_force_configure' from command line to 'False'
[1.558s] Level 5:colcon.colcon_core.verb:set package 'village_li' build argument 'ament_cmake_args' from command line to 'None'
[1.558s] Level 5:colcon.colcon_core.verb:set package 'village_li' build argument 'catkin_cmake_args' from command line to 'None'
[1.558s] Level 5:colcon.colcon_core.verb:set package 'village_li' build argument 'catkin_skip_building_tests' from command line to 'False'
[1.559s] DEBUG:colcon.colcon_core.verb:Building package 'village_li' with the following arguments: {'ament_cmake_args': None, 'build_base': '/home/ros2/ros2_learn/turtle_ws/src/build/village_li', 'catkin_cmake_args': None, 'catkin_skip_building_tests': False, 'cmake_args': None, 'cmake_clean_cache': False, 'cmake_clean_first': False, 'cmake_force_configure': False, 'cmake_target': None, 'cmake_target_skip_unavailable': False, 'install_base': '/home/ros2/ros2_learn/turtle_ws/src/install/village_li', 'merge_install': False, 'path': '/home/ros2/ros2_learn/turtle_ws/src/village_li', 'symlink_install': False, 'test_result_base': None}
[1.562s] INFO:colcon.colcon_core.executor:Executing jobs using 'parallel' executor
[1.571s] DEBUG:colcon.colcon_parallel_executor.executor.parallel:run_until_complete
[1.572s] INFO:colcon.colcon_ros.task.ament_python.build:Building ROS package in '/home/ros2/ros2_learn/turtle_ws/src/village_li' with build type 'ament_python'
[1.573s] Level 1:colcon.colcon_core.shell:create_environment_hook('village_li', 'ament_prefix_path')
[1.603s] INFO:colcon.colcon_core.plugin_system:Skipping extension 'colcon_core.shell.bat': Not used on non-Windows systems
[1.604s] INFO:colcon.colcon_core.shell:Creating environment hook '/home/ros2/ros2_learn/turtle_ws/src/install/village_li/share/village_li/hook/ament_prefix_path.ps1'
[1.608s] INFO:colcon.colcon_core.shell:Creating environment descriptor '/home/ros2/ros2_learn/turtle_ws/src/install/village_li/share/village_li/hook/ament_prefix_path.dsv'
[1.610s] INFO:colcon.colcon_core.shell:Creating environment hook '/home/ros2/ros2_learn/turtle_ws/src/install/village_li/share/village_li/hook/ament_prefix_path.sh'
[1.617s] INFO:colcon.colcon_core.shell:Skip shell extension 'powershell' for command environment: Not usable outside of PowerShell
[1.618s] DEBUG:colcon.colcon_core.shell:Skip shell extension 'dsv' for command environment
[2.575s] INFO:colcon.colcon_core.task.python.build:Building Python package in '/home/ros2/ros2_learn/turtle_ws/src/village_li'
[2.583s] INFO:colcon.colcon_core.shell:Skip shell extension 'powershell' for command environment: Not usable outside of PowerShell
[2.584s] DEBUG:colcon.colcon_core.shell:Skip shell extension 'dsv' for command environment
[4.602s] DEBUG:colcon.colcon_core.event_handler.log_command:Invoking command in '/home/ros2/ros2_learn/turtle_ws/src/village_li': AMENT_PREFIX_PATH=/home/ros2/ros2_learn/turtle_ws/src/install/village_interfaces:${AMENT_PREFIX_PATH} CMAKE_PREFIX_PATH=/home/ros2/ros2_learn/turtle_ws/src/install/village_interfaces LD_LIBRARY_PATH=/home/ros2/ros2_learn/turtle_ws/src/install/village_interfaces/lib:${LD_LIBRARY_PATH} PYTHONPATH=/home/ros2/ros2_learn/turtle_ws/src/build/village_li/prefix_override:/home/ros2/ros2_learn/turtle_ws/src/install/village_li/lib/python3.8/site-packages:/home/ros2/ros2_learn/turtle_ws/src/install/village_interfaces/lib/python3.8/site-packages:${PYTHONPATH} /usr/bin/python3 setup.py egg_info --egg-base ../build/village_li build --build-base /home/ros2/ros2_learn/turtle_ws/src/build/village_li/build install --record /home/ros2/ros2_learn/turtle_ws/src/build/village_li/install.log --single-version-externally-managed
[5.916s] DEBUG:colcon.colcon_core.event_handler.log_command:Invoked command in '/home/ros2/ros2_learn/turtle_ws/src/village_li' returned '0': AMENT_PREFIX_PATH=/home/ros2/ros2_learn/turtle_ws/src/install/village_interfaces:${AMENT_PREFIX_PATH} CMAKE_PREFIX_PATH=/home/ros2/ros2_learn/turtle_ws/src/install/village_interfaces LD_LIBRARY_PATH=/home/ros2/ros2_learn/turtle_ws/src/install/village_interfaces/lib:${LD_LIBRARY_PATH} PYTHONPATH=/home/ros2/ros2_learn/turtle_ws/src/build/village_li/prefix_override:/home/ros2/ros2_learn/turtle_ws/src/install/village_li/lib/python3.8/site-packages:/home/ros2/ros2_learn/turtle_ws/src/install/village_interfaces/lib/python3.8/site-packages:${PYTHONPATH} /usr/bin/python3 setup.py egg_info --egg-base ../build/village_li build --build-base /home/ros2/ros2_learn/turtle_ws/src/build/village_li/build install --record /home/ros2/ros2_learn/turtle_ws/src/build/village_li/install.log --single-version-externally-managed
[5.964s] Level 1:colcon.colcon_core.environment:checking '/home/ros2/ros2_learn/turtle_ws/src/install/village_li' for CMake module files
[5.967s] Level 1:colcon.colcon_core.environment:checking '/home/ros2/ros2_learn/turtle_ws/src/install/village_li' for CMake config files
[5.970s] Level 1:colcon.colcon_core.environment:checking '/home/ros2/ros2_learn/turtle_ws/src/install/village_li/lib'
[5.970s] Level 1:colcon.colcon_core.environment:checking '/home/ros2/ros2_learn/turtle_ws/src/install/village_li/bin'
[5.971s] Level 1:colcon.colcon_core.environment:checking '/home/ros2/ros2_learn/turtle_ws/src/install/village_li/lib/pkgconfig/village_li.pc'
[5.972s] Level 1:colcon.colcon_core.environment:checking '/home/ros2/ros2_learn/turtle_ws/src/install/village_li/lib/python3.8/site-packages'
[5.972s] Level 1:colcon.colcon_core.shell:create_environment_hook('village_li', 'pythonpath')
[5.978s] INFO:colcon.colcon_core.shell:Creating environment hook '/home/ros2/ros2_learn/turtle_ws/src/install/village_li/share/village_li/hook/pythonpath.ps1'
[5.980s] INFO:colcon.colcon_core.shell:Creating environment descriptor '/home/ros2/ros2_learn/turtle_ws/src/install/village_li/share/village_li/hook/pythonpath.dsv'
[5.984s] INFO:colcon.colcon_core.shell:Creating environment hook '/home/ros2/ros2_learn/turtle_ws/src/install/village_li/share/village_li/hook/pythonpath.sh'
[5.987s] Level 1:colcon.colcon_core.environment:checking '/home/ros2/ros2_learn/turtle_ws/src/install/village_li/bin'
[5.987s] Level 1:colcon.colcon_core.environment:create_environment_scripts_only(village_li)
[5.994s] INFO:colcon.colcon_core.shell:Creating package script '/home/ros2/ros2_learn/turtle_ws/src/install/village_li/share/village_li/package.ps1'
[6.000s] INFO:colcon.colcon_core.shell:Creating package descriptor '/home/ros2/ros2_learn/turtle_ws/src/install/village_li/share/village_li/package.dsv'
[6.003s] INFO:colcon.colcon_core.shell:Creating package script '/home/ros2/ros2_learn/turtle_ws/src/install/village_li/share/village_li/package.sh'
[6.007s] INFO:colcon.colcon_core.shell:Creating package script '/home/ros2/ros2_learn/turtle_ws/src/install/village_li/share/village_li/package.bash'
[6.011s] INFO:colcon.colcon_core.shell:Creating package script '/home/ros2/ros2_learn/turtle_ws/src/install/village_li/share/village_li/package.zsh'
[6.015s] Level 1:colcon.colcon_core.environment:create_file_with_runtime_dependencies(/home/ros2/ros2_learn/turtle_ws/src/install/village_li/share/colcon-core/packages/village_li)
[6.017s] DEBUG:colcon.colcon_parallel_executor.executor.parallel:closing loop
[6.019s] DEBUG:colcon.colcon_parallel_executor.executor.parallel:loop closed
[6.019s] DEBUG:colcon.colcon_parallel_executor.executor.parallel:run_until_complete finished with '0'
[6.019s] DEBUG:colcon.colcon_core.event_reactor:joining thread
[6.040s] INFO:colcon.colcon_core.plugin_system:Skipping extension 'colcon_notification.desktop_notification.terminal_notifier': Not used on non-Darwin systems
[6.040s] INFO:colcon.colcon_core.plugin_system:Skipping extension 'colcon_notification.desktop_notification.win32': Not used on non-Windows systems
[6.040s] INFO:colcon.colcon_notification.desktop_notification:Sending desktop notification using 'notify2'
[6.162s] DEBUG:colcon.colcon_core.event_reactor:joined thread
[6.167s] INFO:colcon.colcon_core.shell:Creating prefix script '/home/ros2/ros2_learn/turtle_ws/src/install/local_setup.ps1'
[6.172s] INFO:colcon.colcon_core.shell:Creating prefix util module '/home/ros2/ros2_learn/turtle_ws/src/install/_local_setup_util_ps1.py'
[6.180s] INFO:colcon.colcon_core.shell:Creating prefix chain script '/home/ros2/ros2_learn/turtle_ws/src/install/setup.ps1'
[6.190s] INFO:colcon.colcon_core.shell:Creating prefix script '/home/ros2/ros2_learn/turtle_ws/src/install/local_setup.sh'
[6.195s] INFO:colcon.colcon_core.shell:Creating prefix util module '/home/ros2/ros2_learn/turtle_ws/src/install/_local_setup_util_sh.py'
[6.197s] INFO:colcon.colcon_core.shell:Creating prefix chain script '/home/ros2/ros2_learn/turtle_ws/src/install/setup.sh'
[6.203s] INFO:colcon.colcon_core.shell:Creating prefix script '/home/ros2/ros2_learn/turtle_ws/src/install/local_setup.bash'
[6.210s] INFO:colcon.colcon_core.shell:Creating prefix chain script '/home/ros2/ros2_learn/turtle_ws/src/install/setup.bash'
[6.214s] INFO:colcon.colcon_core.shell:Creating prefix script '/home/ros2/ros2_learn/turtle_ws/src/install/local_setup.zsh'
[6.217s] INFO:colcon.colcon_core.shell:Creating prefix chain script '/home/ros2/ros2_learn/turtle_ws/src/install/setup.zsh'
