-- The C compiler identification is GNU 9.4.0
-- The CXX compiler identification is GNU 9.4.0
-- Check for working C compiler: /usr/bin/cc
-- Check for working C compiler: /usr/bin/cc -- works
-- Detecting C compiler ABI info
-- Detecting C compiler ABI info - done
-- Detecting C compile features
-- Detecting C compile features - done
-- Check for working CXX compiler: /usr/bin/c++
-- Check for working CXX compiler: /usr/bin/c++ -- works
-- Detecting CXX compiler ABI info
-- Detecting CXX compiler ABI info - done
-- Detecting CXX compile features
-- Detecting CXX compile features - done
-- Found ament_cmake: 1.1.6 (/opt/ros/galactic/share/ament_cmake/cmake)
-- Found PythonInterp: /usr/bin/python3 (found suitable version "3.8.10", minimum required is "3") 
-- Using PYTHON_EXECUTABLE: /usr/bin/python3
-- Found builtin_interfaces: 1.0.3 (/opt/ros/galactic/share/builtin_interfaces/cmake)
-- Using all available rosidl_typesupport_c: rosidl_typesupport_fastrtps_c;rosidl_typesupport_introspection_c
-- Found rosidl_adapter: 2.2.3 (/opt/ros/galactic/share/rosidl_adapter/cmake)
-- Found OpenSSL: /usr/lib/x86_64-linux-gnu/libcrypto.so (found version "1.1.1f")  
-- Found FastRTPS: /opt/ros/galactic/include  
-- Using all available rosidl_typesupport_cpp: rosidl_typesupport_fastrtps_cpp;rosidl_typesupport_introspection_cpp
-- Found installed version of Eigen: /usr/lib/cmake/eigen3
-- Found required Ceres dependency: Eigen version 3.3.7 in /usr/include/eigen3
-- Found required Ceres dependency: glog
-- Found installed version of gflags: /usr/lib/x86_64-linux-gnu/cmake/gflags
-- Detected gflags version: 2.2.2
-- Found required Ceres dependency: gflags
-- Found Ceres version: 1.14.0 installed in: /usr with components: [EigenSparse, SparseLinearAlgebraLibrary, LAPACK, SuiteSparse, CXSparse, SchurSpecializations, OpenMP, Multithreading]
-- Looking for pthread.h
-- Looking for pthread.h - found
-- Performing Test CMAKE_HAVE_LIBC_PTHREAD
-- Performing Test CMAKE_HAVE_LIBC_PTHREAD - Failed
-- Looking for pthread_create in pthreads
-- Looking for pthread_create in pthreads - not found
-- Looking for pthread_create in pthread
-- Looking for pthread_create in pthread - found
-- Found Threads: TRUE  
-- Found cartographer_ros_msgs: 2.0.9000 (/home/ros2/ros2_learn/cartoros2_ws/install/cartographer_ros_msgs/share/cartographer_ros_msgs/cmake)
-- Checking for module 'eigen3'
--   Found eigen3, version 3.3.7
-- Found Eigen: /usr/include/eigen3 (Required is at least version "3.1") 
-- Eigen found (include: /usr/include/eigen3, version: 3.3.7)
-- Found Boost: /usr/include (found suitable version "1.71.0", minimum required is "1.55.0") found components: system filesystem date_time iostreams regex 
-- looking for PCL_COMMON
-- Found PCL_COMMON: /usr/lib/x86_64-linux-gnu/libpcl_common.so  
-- Found PCL: pcl_common;/usr/lib/x86_64-linux-gnu/libboost_system.so;/usr/lib/x86_64-linux-gnu/libboost_filesystem.so;/usr/lib/x86_64-linux-gnu/libboost_date_time.so;/usr/lib/x86_64-linux-gnu/libboost_iostreams.so;/usr/lib/x86_64-linux-gnu/libboost_regex.so  
-- Found nav_msgs: 2.2.4 (/opt/ros/galactic/share/nav_msgs/cmake)
-- Found pcl_conversions: 2.3.2 (/opt/ros/galactic/share/pcl_conversions/cmake)
-- Found rmw_implementation_cmake: 3.3.1 (/opt/ros/galactic/share/rmw_implementation_cmake/cmake)
-- Found rmw_cyclonedds_cpp: 0.22.6 (/opt/ros/galactic/share/rmw_cyclonedds_cpp/cmake)
-- Using RMW implementation 'rmw_cyclonedds_cpp' as default
-- Found rosbag2_cpp: 0.9.2 (/opt/ros/galactic/share/rosbag2_cpp/cmake)
-- Found tf2: 0.17.5 (/opt/ros/galactic/share/tf2/cmake)
-- Found tf2_eigen: 0.17.5 (/opt/ros/galactic/share/tf2_eigen/cmake)
-- Found urdf: 2.5.2 (/opt/ros/galactic/share/urdf/cmake)
-- Found visualization_msgs: 2.2.4 (/opt/ros/galactic/share/visualization_msgs/cmake)
-- Configuring done
-- Generating done
-- Build files have been written to: /home/ros2/ros2_learn/cartoros2_ws/build/cartographer_ros
[35m[1mScanning dependencies of target cartographer_ros[0m
[  2%] [32mBuilding CXX object CMakeFiles/cartographer_ros.dir/src/assets_writer.cpp.o[0m
[  5%] [32mBuilding CXX object CMakeFiles/cartographer_ros.dir/src/map_builder_bridge.cpp.o[0m
[ 11%] [32mBuilding CXX object CMakeFiles/cartographer_ros.dir/src/msg_conversion.cpp.o[0m
[ 11%] [32mBuilding CXX object CMakeFiles/cartographer_ros.dir/src/node_constants.cpp.o[0m
[ 14%] [32mBuilding CXX object CMakeFiles/cartographer_ros.dir/src/node.cpp.o[0m
[ 17%] [32mBuilding CXX object CMakeFiles/cartographer_ros.dir/src/node_options.cpp.o[0m
[ 20%] [32mBuilding CXX object CMakeFiles/cartographer_ros.dir/src/offline_node.cpp.o[0m
[ 22%] [32mBuilding CXX object CMakeFiles/cartographer_ros.dir/src/playable_bag.cpp.o[0m
[ 25%] [32mBuilding CXX object CMakeFiles/cartographer_ros.dir/src/ros_log_sink.cpp.o[0m
[ 28%] [32mBuilding CXX object CMakeFiles/cartographer_ros.dir/src/ros_map.cpp.o[0m
[ 31%] [32mBuilding CXX object CMakeFiles/cartographer_ros.dir/src/ros_map_writing_points_processor.cpp.o[0m
[ 34%] [32mBuilding CXX object CMakeFiles/cartographer_ros.dir/src/sensor_bridge.cpp.o[0m
[ 37%] [32mBuilding CXX object CMakeFiles/cartographer_ros.dir/src/submap.cpp.o[0m
[ 40%] [32mBuilding CXX object CMakeFiles/cartographer_ros.dir/src/tf_bridge.cpp.o[0m
[ 42%] [32mBuilding CXX object CMakeFiles/cartographer_ros.dir/src/time_conversion.cpp.o[0m
[ 45%] [32mBuilding CXX object CMakeFiles/cartographer_ros.dir/src/trajectory_options.cpp.o[0m
[ 48%] [32mBuilding CXX object CMakeFiles/cartographer_ros.dir/src/urdf_reader.cpp.o[0m
[ 51%] [32mBuilding CXX object CMakeFiles/cartographer_ros.dir/src/metrics/family_factory.cpp.o[0m
[ 54%] [32mBuilding CXX object CMakeFiles/cartographer_ros.dir/src/metrics/internal/family.cpp.o[0m
[ 57%] [32mBuilding CXX object CMakeFiles/cartographer_ros.dir/src/metrics/internal/histogram.cpp.o[0m
[ 60%] [32m[1mLinking CXX static library libcartographer_ros.a[0m
[ 60%] Built target cartographer_ros
[35m[1mScanning dependencies of target cartographer_occupancy_grid_node[0m
[35m[1mScanning dependencies of target cartographer_node[0m
[ 62%] [32mBuilding CXX object CMakeFiles/cartographer_occupancy_grid_node.dir/src/occupancy_grid_node_main.cpp.o[0m
[ 65%] [32mBuilding CXX object CMakeFiles/cartographer_node.dir/src/node_main.cpp.o[0m
[35m[1mScanning dependencies of target cartographer_offline_node[0m
[35m[1mScanning dependencies of target cartographer_assets_writer[0m
[ 68%] [32mBuilding CXX object CMakeFiles/cartographer_assets_writer.dir/src/assets_writer_main.cpp.o[0m
[ 71%] [32mBuilding CXX object CMakeFiles/cartographer_offline_node.dir/src/offline_node_main.cpp.o[0m
[ 74%] [32m[1mLinking CXX executable cartographer_offline_node[0m
[ 77%] [32m[1mLinking CXX executable cartographer_node[0m
[ 80%] [32m[1mLinking CXX executable cartographer_assets_writer[0m
[ 80%] Built target cartographer_assets_writer
[35m[1mScanning dependencies of target cartographer_pbstream_map_publisher[0m
[ 82%] [32mBuilding CXX object CMakeFiles/cartographer_pbstream_map_publisher.dir/src/pbstream_map_publisher_main.cpp.o[0m
[ 82%] Built target cartographer_node
[35m[1mScanning dependencies of target cartographer_pbstream_to_ros_map[0m
[ 85%] [32mBuilding CXX object CMakeFiles/cartographer_pbstream_to_ros_map.dir/src/pbstream_to_ros_map_main.cpp.o[0m
[ 85%] Built target cartographer_offline_node
[35m[1mScanning dependencies of target cartographer_rosbag_validate[0m
[ 88%] [32mBuilding CXX object CMakeFiles/cartographer_rosbag_validate.dir/src/rosbag_validate_main.cpp.o[0m
[ 91%] [32m[1mLinking CXX executable cartographer_occupancy_grid_node[0m
[ 91%] Built target cartographer_occupancy_grid_node
[ 94%] [32m[1mLinking CXX executable cartographer_pbstream_to_ros_map[0m
[ 94%] Built target cartographer_pbstream_to_ros_map
[ 97%] [32m[1mLinking CXX executable cartographer_pbstream_map_publisher[0m
[ 97%] Built target cartographer_pbstream_map_publisher
[100%] [32m[1mLinking CXX executable cartographer_rosbag_validate[0m
[100%] Built target cartographer_rosbag_validate
-- Install configuration: ""
-- Installing: /home/ros2/ros2_learn/cartoros2_ws/install/cartographer_ros/lib/libcartographer_ros.a
-- Installing: /home/ros2/ros2_learn/cartoros2_ws/install/cartographer_ros/lib/cartographer_ros/cartographer_node
-- Set runtime path of "/home/ros2/ros2_learn/cartoros2_ws/install/cartographer_ros/lib/cartographer_ros/cartographer_node" to ""
-- Installing: /home/ros2/ros2_learn/cartoros2_ws/install/cartographer_ros/lib/cartographer_ros/cartographer_occupancy_grid_node
-- Set runtime path of "/home/ros2/ros2_learn/cartoros2_ws/install/cartographer_ros/lib/cartographer_ros/cartographer_occupancy_grid_node" to ""
-- Installing: /home/ros2/ros2_learn/cartoros2_ws/install/cartographer_ros/lib/cartographer_ros/cartographer_offline_node
-- Set runtime path of "/home/ros2/ros2_learn/cartoros2_ws/install/cartographer_ros/lib/cartographer_ros/cartographer_offline_node" to ""
-- Installing: /home/ros2/ros2_learn/cartoros2_ws/install/cartographer_ros/lib/cartographer_ros/cartographer_assets_writer
-- Set runtime path of "/home/ros2/ros2_learn/cartoros2_ws/install/cartographer_ros/lib/cartographer_ros/cartographer_assets_writer" to ""
-- Installing: /home/ros2/ros2_learn/cartoros2_ws/install/cartographer_ros/lib/cartographer_ros/cartographer_pbstream_map_publisher
-- Set runtime path of "/home/ros2/ros2_learn/cartoros2_ws/install/cartographer_ros/lib/cartographer_ros/cartographer_pbstream_map_publisher" to ""
-- Installing: /home/ros2/ros2_learn/cartoros2_ws/install/cartographer_ros/lib/cartographer_ros/cartographer_pbstream_to_ros_map
-- Set runtime path of "/home/ros2/ros2_learn/cartoros2_ws/install/cartographer_ros/lib/cartographer_ros/cartographer_pbstream_to_ros_map" to ""
-- Installing: /home/ros2/ros2_learn/cartoros2_ws/install/cartographer_ros/lib/cartographer_ros/cartographer_rosbag_validate
-- Set runtime path of "/home/ros2/ros2_learn/cartoros2_ws/install/cartographer_ros/lib/cartographer_ros/cartographer_rosbag_validate" to ""
-- Installing: /home/ros2/ros2_learn/cartoros2_ws/install/cartographer_ros/include/
-- Installing: /home/ros2/ros2_learn/cartoros2_ws/install/cartographer_ros/include//cartographer_ros
-- Installing: /home/ros2/ros2_learn/cartoros2_ws/install/cartographer_ros/include//cartographer_ros/time_conversion.h
-- Installing: /home/ros2/ros2_learn/cartoros2_ws/install/cartographer_ros/include//cartographer_ros/metrics
-- Installing: /home/ros2/ros2_learn/cartoros2_ws/install/cartographer_ros/include//cartographer_ros/metrics/internal
-- Installing: /home/ros2/ros2_learn/cartoros2_ws/install/cartographer_ros/include//cartographer_ros/metrics/internal/counter.h
-- Installing: /home/ros2/ros2_learn/cartoros2_ws/install/cartographer_ros/include//cartographer_ros/metrics/internal/family.h
-- Installing: /home/ros2/ros2_learn/cartoros2_ws/install/cartographer_ros/include//cartographer_ros/metrics/internal/histogram.h
-- Installing: /home/ros2/ros2_learn/cartoros2_ws/install/cartographer_ros/include//cartographer_ros/metrics/internal/gauge.h
-- Installing: /home/ros2/ros2_learn/cartoros2_ws/install/cartographer_ros/include//cartographer_ros/metrics/family_factory.h
-- Installing: /home/ros2/ros2_learn/cartoros2_ws/install/cartographer_ros/include//cartographer_ros/assets_writer.h
-- Installing: /home/ros2/ros2_learn/cartoros2_ws/install/cartographer_ros/include//cartographer_ros/tf_bridge.h
-- Installing: /home/ros2/ros2_learn/cartoros2_ws/install/cartographer_ros/include//cartographer_ros/playable_bag.h
-- Installing: /home/ros2/ros2_learn/cartoros2_ws/install/cartographer_ros/include//cartographer_ros/map_builder_bridge.h
-- Installing: /home/ros2/ros2_learn/cartoros2_ws/install/cartographer_ros/include//cartographer_ros/sensor_bridge.h
-- Installing: /home/ros2/ros2_learn/cartoros2_ws/install/cartographer_ros/include//cartographer_ros/node.h
-- Installing: /home/ros2/ros2_learn/cartoros2_ws/install/cartographer_ros/include//cartographer_ros/urdf_reader.h
-- Installing: /home/ros2/ros2_learn/cartoros2_ws/install/cartographer_ros/include//cartographer_ros/submap.h
-- Installing: /home/ros2/ros2_learn/cartoros2_ws/install/cartographer_ros/include//cartographer_ros/ros_map.h
-- Installing: /home/ros2/ros2_learn/cartoros2_ws/install/cartographer_ros/include//cartographer_ros/ros_map_writing_points_processor.h
-- Installing: /home/ros2/ros2_learn/cartoros2_ws/install/cartographer_ros/include//cartographer_ros/msg_conversion.h
-- Installing: /home/ros2/ros2_learn/cartoros2_ws/install/cartographer_ros/include//cartographer_ros/ros_log_sink.h
-- Installing: /home/ros2/ros2_learn/cartoros2_ws/install/cartographer_ros/include//cartographer_ros/node_options.h
-- Installing: /home/ros2/ros2_learn/cartoros2_ws/install/cartographer_ros/include//cartographer_ros/trajectory_options.h
-- Installing: /home/ros2/ros2_learn/cartoros2_ws/install/cartographer_ros/include//cartographer_ros/node_constants.h
-- Installing: /home/ros2/ros2_learn/cartoros2_ws/install/cartographer_ros/include//cartographer_ros/offline_node.h
-- Installing: /home/ros2/ros2_learn/cartoros2_ws/install/cartographer_ros/share/cartographer_ros//configuration_files
-- Installing: /home/ros2/ros2_learn/cartoros2_ws/install/cartographer_ros/share/cartographer_ros//configuration_files/assets_writer_backpack_2d.lua
-- Installing: /home/ros2/ros2_learn/cartoros2_ws/install/cartographer_ros/share/cartographer_ros//configuration_files/visualize_pbstream.lua
-- Installing: /home/ros2/ros2_learn/cartoros2_ws/install/cartographer_ros/share/cartographer_ros//configuration_files/taurob_tracker.lua
-- Installing: /home/ros2/ros2_learn/cartoros2_ws/install/cartographer_ros/share/cartographer_ros//configuration_files/assets_writer_backpack_2d_ci.lua
-- Installing: /home/ros2/ros2_learn/cartoros2_ws/install/cartographer_ros/share/cartographer_ros//configuration_files/transform.lua
-- Installing: /home/ros2/ros2_learn/cartoros2_ws/install/cartographer_ros/share/cartographer_ros//configuration_files/backpack_2d_localization_evaluation.lua
-- Installing: /home/ros2/ros2_learn/cartoros2_ws/install/cartographer_ros/share/cartographer_ros//configuration_files/demo_3d.rviz
-- Installing: /home/ros2/ros2_learn/cartoros2_ws/install/cartographer_ros/share/cartographer_ros//configuration_files/pr2.lua
-- Installing: /home/ros2/ros2_learn/cartoros2_ws/install/cartographer_ros/share/cartographer_ros//configuration_files/backpack_3d.lua
-- Installing: /home/ros2/ros2_learn/cartoros2_ws/install/cartographer_ros/share/cartographer_ros//configuration_files/backpack_2d_server.lua
-- Installing: /home/ros2/ros2_learn/cartoros2_ws/install/cartographer_ros/share/cartographer_ros//configuration_files/test.lua
-- Installing: /home/ros2/ros2_learn/cartoros2_ws/install/cartographer_ros/share/cartographer_ros//configuration_files/revo_lds.lua
-- Installing: /home/ros2/ros2_learn/cartoros2_ws/install/cartographer_ros/share/cartographer_ros//configuration_files/mir-100-mapping.lua
-- Installing: /home/ros2/ros2_learn/cartoros2_ws/install/cartographer_ros/share/cartographer_ros//configuration_files/backpack_2d.lua
-- Installing: /home/ros2/ros2_learn/cartoros2_ws/install/cartographer_ros/share/cartographer_ros//configuration_files/assets_writer_backpack_3d.lua
-- Installing: /home/ros2/ros2_learn/cartoros2_ws/install/cartographer_ros/share/cartographer_ros//configuration_files/assets_writer_ros_map.lua
-- Installing: /home/ros2/ros2_learn/cartoros2_ws/install/cartographer_ros/share/cartographer_ros//configuration_files/demo_2d.rviz
-- Installing: /home/ros2/ros2_learn/cartoros2_ws/install/cartographer_ros/share/cartographer_ros//configuration_files/backpack_3d_localization.lua
-- Installing: /home/ros2/ros2_learn/cartoros2_ws/install/cartographer_ros/share/cartographer_ros//configuration_files/backpack_2d_localization.lua
-- Installing: /home/ros2/ros2_learn/cartoros2_ws/install/cartographer_ros/share/cartographer_ros//urdf
-- Installing: /home/ros2/ros2_learn/cartoros2_ws/install/cartographer_ros/share/cartographer_ros//urdf/mir-100.urdf
-- Installing: /home/ros2/ros2_learn/cartoros2_ws/install/cartographer_ros/share/cartographer_ros//urdf/backpack_2d.urdf
-- Installing: /home/ros2/ros2_learn/cartoros2_ws/install/cartographer_ros/share/cartographer_ros//urdf/backpack_3d.urdf
-- Installing: /home/ros2/ros2_learn/cartoros2_ws/install/cartographer_ros/share/cartographer_ros//launch
-- Installing: /home/ros2/ros2_learn/cartoros2_ws/install/cartographer_ros/share/cartographer_ros//launch/demo_pr2.launch
-- Installing: /home/ros2/ros2_learn/cartoros2_ws/install/cartographer_ros/share/cartographer_ros//launch/backpack_2d.launch.py
-- Installing: /home/ros2/ros2_learn/cartoros2_ws/install/cartographer_ros/share/cartographer_ros//launch/offline_backpack_3d.launch.py
-- Installing: /home/ros2/ros2_learn/cartoros2_ws/install/cartographer_ros/share/cartographer_ros//launch/assets_writer_backpack_3d.launch.py
-- Installing: /home/ros2/ros2_learn/cartoros2_ws/install/cartographer_ros/share/cartographer_ros//launch/test.launch.py
-- Installing: /home/ros2/ros2_learn/cartoros2_ws/install/cartographer_ros/share/cartographer_ros//launch/offline_mir_100_rviz.launch.py
-- Installing: /home/ros2/ros2_learn/cartoros2_ws/install/cartographer_ros/share/cartographer_ros//launch/grpc_demo_backpack_2d_localization.launch
-- Installing: /home/ros2/ros2_learn/cartoros2_ws/install/cartographer_ros/share/cartographer_ros//launch/demo_backpack_3d.launch.py
-- Installing: /home/ros2/ros2_learn/cartoros2_ws/install/cartographer_ros/share/cartographer_ros//launch/assets_writer_backpack_2d.launch.py
-- Installing: /home/ros2/ros2_learn/cartoros2_ws/install/cartographer_ros/share/cartographer_ros//launch/backpack_3d.launch.py
-- Installing: /home/ros2/ros2_learn/cartoros2_ws/install/cartographer_ros/share/cartographer_ros//launch/visualize_pbstream.launch.py
-- Installing: /home/ros2/ros2_learn/cartoros2_ws/install/cartographer_ros/share/cartographer_ros//launch/demo_revo_lds.launch.py
-- Installing: /home/ros2/ros2_learn/cartoros2_ws/install/cartographer_ros/share/cartographer_ros//launch/demo_backpack_2d.launch.py
-- Installing: /home/ros2/ros2_learn/cartoros2_ws/install/cartographer_ros/share/cartographer_ros//launch/offline_backpack_2d.launch.py
-- Installing: /home/ros2/ros2_learn/cartoros2_ws/install/cartographer_ros/share/cartographer_ros//launch/assets_writer_ros_map.launch.py
-- Installing: /home/ros2/ros2_learn/cartoros2_ws/install/cartographer_ros/share/cartographer_ros//launch/demo_backpack_2d_localization.launch.py
-- Installing: /home/ros2/ros2_learn/cartoros2_ws/install/cartographer_ros/share/cartographer_ros//launch/offline_node.launch.py
-- Installing: /home/ros2/ros2_learn/cartoros2_ws/install/cartographer_ros/share/cartographer_ros//launch/grpc_demo_backpack_2d.launch
-- Installing: /home/ros2/ros2_learn/cartoros2_ws/install/cartographer_ros/share/cartographer_ros//launch/demo_taurob_tracker.launch.py
-- Installing: /home/ros2/ros2_learn/cartoros2_ws/install/cartographer_ros/share/cartographer_ros//launch/taurob_tracker.launch.py
-- Installing: /home/ros2/ros2_learn/cartoros2_ws/install/cartographer_ros/share/cartographer_ros//launch/demo_backpack_3d_localization.launch.py
-- Installing: /home/ros2/ros2_learn/cartoros2_ws/install/cartographer_ros/share/cartographer_ros/environment/library_path.sh
-- Installing: /home/ros2/ros2_learn/cartoros2_ws/install/cartographer_ros/share/cartographer_ros/environment/library_path.dsv
-- Installing: /home/ros2/ros2_learn/cartoros2_ws/install/cartographer_ros/share/ament_index/resource_index/package_run_dependencies/cartographer_ros
-- Installing: /home/ros2/ros2_learn/cartoros2_ws/install/cartographer_ros/share/ament_index/resource_index/parent_prefix_path/cartographer_ros
-- Installing: /home/ros2/ros2_learn/cartoros2_ws/install/cartographer_ros/share/cartographer_ros/environment/ament_prefix_path.sh
-- Installing: /home/ros2/ros2_learn/cartoros2_ws/install/cartographer_ros/share/cartographer_ros/environment/ament_prefix_path.dsv
-- Installing: /home/ros2/ros2_learn/cartoros2_ws/install/cartographer_ros/share/cartographer_ros/environment/path.sh
-- Installing: /home/ros2/ros2_learn/cartoros2_ws/install/cartographer_ros/share/cartographer_ros/environment/path.dsv
-- Installing: /home/ros2/ros2_learn/cartoros2_ws/install/cartographer_ros/share/cartographer_ros/local_setup.bash
-- Installing: /home/ros2/ros2_learn/cartoros2_ws/install/cartographer_ros/share/cartographer_ros/local_setup.sh
-- Installing: /home/ros2/ros2_learn/cartoros2_ws/install/cartographer_ros/share/cartographer_ros/local_setup.zsh
-- Installing: /home/ros2/ros2_learn/cartoros2_ws/install/cartographer_ros/share/cartographer_ros/local_setup.dsv
-- Installing: /home/ros2/ros2_learn/cartoros2_ws/install/cartographer_ros/share/cartographer_ros/package.dsv
-- Installing: /home/ros2/ros2_learn/cartoros2_ws/install/cartographer_ros/share/ament_index/resource_index/packages/cartographer_ros
-- Installing: /home/ros2/ros2_learn/cartoros2_ws/install/cartographer_ros/share/cartographer_ros/cmake/ament_cmake_export_include_directories-extras.cmake
-- Installing: /home/ros2/ros2_learn/cartoros2_ws/install/cartographer_ros/share/cartographer_ros/cmake/ament_cmake_export_libraries-extras.cmake
-- Installing: /home/ros2/ros2_learn/cartoros2_ws/install/cartographer_ros/share/cartographer_ros/cmake/ament_cmake_export_dependencies-extras.cmake
-- Installing: /home/ros2/ros2_learn/cartoros2_ws/install/cartographer_ros/share/cartographer_ros/cmake/cartographer_rosConfig.cmake
-- Installing: /home/ros2/ros2_learn/cartoros2_ws/install/cartographer_ros/share/cartographer_ros/cmake/cartographer_rosConfig-version.cmake
-- Installing: /home/ros2/ros2_learn/cartoros2_ws/install/cartographer_ros/share/cartographer_ros/package.xml
