[3.027s] Invoking command in '/home/ros2/ros2_learn/turtle_ws/src/village_li': AMENT_PREFIX_PATH=/home/ros2/ros2_learn/turtle_ws/src/install/village_interfaces:${AMENT_PREFIX_PATH} CMAKE_PREFIX_PATH=/home/ros2/ros2_learn/turtle_ws/src/install/village_interfaces LD_LIBRARY_PATH=/home/ros2/ros2_learn/turtle_ws/src/install/village_interfaces/lib:${LD_LIBRARY_PATH} PYTHONPATH=/home/ros2/ros2_learn/turtle_ws/src/build/village_li/prefix_override:/home/ros2/ros2_learn/turtle_ws/src/install/village_li/lib/python3.8/site-packages:/home/ros2/ros2_learn/turtle_ws/src/install/village_interfaces/lib/python3.8/site-packages:${PYTHONPATH} /usr/bin/python3 setup.py egg_info --egg-base ../build/village_li build --build-base /home/ros2/ros2_learn/turtle_ws/src/build/village_li/build install --record /home/ros2/ros2_learn/turtle_ws/src/build/village_li/install.log --single-version-externally-managed
[3.909s] running egg_info
[3.914s] writing ../build/village_li/village_li.egg-info/PKG-INFO
[3.914s] writing dependency_links to ../build/village_li/village_li.egg-info/dependency_links.txt
[3.915s] writing entry points to ../build/village_li/village_li.egg-info/entry_points.txt
[3.916s] writing requirements to ../build/village_li/village_li.egg-info/requires.txt
[3.917s] writing top-level names to ../build/village_li/village_li.egg-info/top_level.txt
[4.129s] reading manifest file '../build/village_li/village_li.egg-info/SOURCES.txt'
[4.139s] writing manifest file '../build/village_li/village_li.egg-info/SOURCES.txt'
[4.140s] running build
[4.141s] running build_py
[4.141s] copying village_li/li3.py -> /home/ros2/ros2_learn/turtle_ws/src/build/village_li/build/lib/village_li
[4.141s] copying village_li/li4.py -> /home/ros2/ros2_learn/turtle_ws/src/build/village_li/build/lib/village_li
[4.143s] running install
[4.149s] running install_lib
[4.155s] copying /home/ros2/ros2_learn/turtle_ws/src/build/village_li/build/lib/village_li/li3.py -> /home/ros2/ros2_learn/turtle_ws/src/install/village_li/lib/python3.8/site-packages/village_li
[4.156s] copying /home/ros2/ros2_learn/turtle_ws/src/build/village_li/build/lib/village_li/li4.py -> /home/ros2/ros2_learn/turtle_ws/src/install/village_li/lib/python3.8/site-packages/village_li
[4.158s] byte-compiling /home/ros2/ros2_learn/turtle_ws/src/install/village_li/lib/python3.8/site-packages/village_li/li3.py to li3.cpython-38.pyc
[4.168s] byte-compiling /home/ros2/ros2_learn/turtle_ws/src/install/village_li/lib/python3.8/site-packages/village_li/li4.py to li4.cpython-38.pyc
[4.172s] running install_data
[4.175s] running install_egg_info
[4.184s] removing '/home/ros2/ros2_learn/turtle_ws/src/install/village_li/lib/python3.8/site-packages/village_li-0.0.0-py3.8.egg-info' (and everything under it)
[4.188s] Copying ../build/village_li/village_li.egg-info to /home/ros2/ros2_learn/turtle_ws/src/install/village_li/lib/python3.8/site-packages/village_li-0.0.0-py3.8.egg-info
[4.191s] running install_scripts
[4.263s] Installing li3_node script to /home/ros2/ros2_learn/turtle_ws/src/install/village_li/lib/village_li
[4.265s] Installing li4_node script to /home/ros2/ros2_learn/turtle_ws/src/install/village_li/lib/village_li
[4.265s] writing list of installed files to '/home/ros2/ros2_learn/turtle_ws/src/build/village_li/install.log'
[4.341s] Invoked command in '/home/ros2/ros2_learn/turtle_ws/src/village_li' returned '0': AMENT_PREFIX_PATH=/home/ros2/ros2_learn/turtle_ws/src/install/village_interfaces:${AMENT_PREFIX_PATH} CMAKE_PREFIX_PATH=/home/ros2/ros2_learn/turtle_ws/src/install/village_interfaces LD_LIBRARY_PATH=/home/ros2/ros2_learn/turtle_ws/src/install/village_interfaces/lib:${LD_LIBRARY_PATH} PYTHONPATH=/home/ros2/ros2_learn/turtle_ws/src/build/village_li/prefix_override:/home/ros2/ros2_learn/turtle_ws/src/install/village_li/lib/python3.8/site-packages:/home/ros2/ros2_learn/turtle_ws/src/install/village_interfaces/lib/python3.8/site-packages:${PYTHONPATH} /usr/bin/python3 setup.py egg_info --egg-base ../build/village_li build --build-base /home/ros2/ros2_learn/turtle_ws/src/build/village_li/build install --record /home/ros2/ros2_learn/turtle_ws/src/build/village_li/install.log --single-version-externally-managed
