[  2%] Built target dynamic_annotations
[  4%] Built target int128
[  6%] Built target civil_time
[  8%] Built target spinlock_wait
[ 11%] Built target strings_internal
[ 21%] Built target time_zone
[ 23%] Built target leak_check
[ 24%] Built target leak_check_disable
[ 26%] Built target city
[ 34%] Built target base
[ 36%] Built target bad_optional_access
[ 38%] Built target malloc_internal
[ 40%] Built target throw_delegate
[ 42%] Built target scoped_set_env
[ 45%] Built target debugging_internal
[ 47%] Built target demangle_internal
[ 49%] Built target bad_variant_access
[ 51%] Built target graphcycles_internal
[ 64%] Built target strings
[ 65%] Built target bad_any_cast_impl
[ 67%] Built target stacktrace
[ 69%] Built target symbolize
[ 71%] Built target hash
[ 73%] Built target examine_stack
[ 79%] Built target time
[ 86%] Built target str_format_internal
[ 88%] Built target failure_signal_handler
[ 95%] Built target synchronization
[ 98%] Built target hashtablez_sampler
[100%] Built target raw_hash_set
-- Install configuration: ""
-- Up-to-date: /home/ros2/ros2_learn/cartoros2_ws/install/absl/lib/cmake/absl/abslTargets.cmake
-- Up-to-date: /home/ros2/ros2_learn/cartoros2_ws/install/absl/lib/cmake/absl/abslTargets-noconfig.cmake
-- Up-to-date: /home/ros2/ros2_learn/cartoros2_ws/install/absl/lib/cmake/absl/abslConfig.cmake
-- Up-to-date: /home/ros2/ros2_learn/cartoros2_ws/install/absl/include/absl
-- Up-to-date: /home/ros2/ros2_learn/cartoros2_ws/install/absl/include/absl/strings
-- Up-to-date: /home/ros2/ros2_learn/cartoros2_ws/install/absl/include/absl/strings/internal
-- Up-to-date: /home/ros2/ros2_learn/cartoros2_ws/install/absl/include/absl/strings/internal/charconv_bigint.h
-- Up-to-date: /home/ros2/ros2_learn/cartoros2_ws/install/absl/include/absl/strings/internal/escaping_test_common.h
-- Up-to-date: /home/ros2/ros2_learn/cartoros2_ws/install/absl/include/absl/strings/internal/ostringstream.h
-- Up-to-date: /home/ros2/ros2_learn/cartoros2_ws/install/absl/include/absl/strings/internal/stl_type_traits.h
-- Up-to-date: /home/ros2/ros2_learn/cartoros2_ws/install/absl/include/absl/strings/internal/numbers_test_common.h
-- Up-to-date: /home/ros2/ros2_learn/cartoros2_ws/install/absl/include/absl/strings/internal/char_map.h
-- Up-to-date: /home/ros2/ros2_learn/cartoros2_ws/install/absl/include/absl/strings/internal/str_split_internal.h
-- Up-to-date: /home/ros2/ros2_learn/cartoros2_ws/install/absl/include/absl/strings/internal/pow10_helper.h
-- Up-to-date: /home/ros2/ros2_learn/cartoros2_ws/install/absl/include/absl/strings/internal/memutil.h
-- Up-to-date: /home/ros2/ros2_learn/cartoros2_ws/install/absl/include/absl/strings/internal/str_format
-- Up-to-date: /home/ros2/ros2_learn/cartoros2_ws/install/absl/include/absl/strings/internal/str_format/float_conversion.h
-- Up-to-date: /home/ros2/ros2_learn/cartoros2_ws/install/absl/include/absl/strings/internal/str_format/bind.h
-- Up-to-date: /home/ros2/ros2_learn/cartoros2_ws/install/absl/include/absl/strings/internal/str_format/output.h
-- Up-to-date: /home/ros2/ros2_learn/cartoros2_ws/install/absl/include/absl/strings/internal/str_format/extension.h
-- Up-to-date: /home/ros2/ros2_learn/cartoros2_ws/install/absl/include/absl/strings/internal/str_format/arg.h
-- Up-to-date: /home/ros2/ros2_learn/cartoros2_ws/install/absl/include/absl/strings/internal/str_format/parser.h
-- Up-to-date: /home/ros2/ros2_learn/cartoros2_ws/install/absl/include/absl/strings/internal/str_format/checker.h
-- Up-to-date: /home/ros2/ros2_learn/cartoros2_ws/install/absl/include/absl/strings/internal/str_join_internal.h
-- Up-to-date: /home/ros2/ros2_learn/cartoros2_ws/install/absl/include/absl/strings/internal/utf8.h
-- Up-to-date: /home/ros2/ros2_learn/cartoros2_ws/install/absl/include/absl/strings/internal/resize_uninitialized.h
-- Up-to-date: /home/ros2/ros2_learn/cartoros2_ws/install/absl/include/absl/strings/internal/charconv_parse.h
-- Up-to-date: /home/ros2/ros2_learn/cartoros2_ws/install/absl/include/absl/strings/str_replace.h
-- Up-to-date: /home/ros2/ros2_learn/cartoros2_ws/install/absl/include/absl/strings/ascii.h
-- Up-to-date: /home/ros2/ros2_learn/cartoros2_ws/install/absl/include/absl/strings/numbers.h
-- Up-to-date: /home/ros2/ros2_learn/cartoros2_ws/install/absl/include/absl/strings/str_cat.h
-- Up-to-date: /home/ros2/ros2_learn/cartoros2_ws/install/absl/include/absl/strings/match.h
-- Up-to-date: /home/ros2/ros2_learn/cartoros2_ws/install/absl/include/absl/strings/str_format.h
-- Up-to-date: /home/ros2/ros2_learn/cartoros2_ws/install/absl/include/absl/strings/string_view.h
-- Up-to-date: /home/ros2/ros2_learn/cartoros2_ws/install/absl/include/absl/strings/escaping.h
-- Up-to-date: /home/ros2/ros2_learn/cartoros2_ws/install/absl/include/absl/strings/testdata
-- Up-to-date: /home/ros2/ros2_learn/cartoros2_ws/install/absl/include/absl/strings/str_join.h
-- Up-to-date: /home/ros2/ros2_learn/cartoros2_ws/install/absl/include/absl/strings/str_split.h
-- Up-to-date: /home/ros2/ros2_learn/cartoros2_ws/install/absl/include/absl/strings/strip.h
-- Up-to-date: /home/ros2/ros2_learn/cartoros2_ws/install/absl/include/absl/strings/substitute.h
-- Up-to-date: /home/ros2/ros2_learn/cartoros2_ws/install/absl/include/absl/strings/charconv.h
-- Up-to-date: /home/ros2/ros2_learn/cartoros2_ws/install/absl/include/absl/algorithm
-- Up-to-date: /home/ros2/ros2_learn/cartoros2_ws/install/absl/include/absl/algorithm/container.h
-- Up-to-date: /home/ros2/ros2_learn/cartoros2_ws/install/absl/include/absl/algorithm/algorithm.h
-- Up-to-date: /home/ros2/ros2_learn/cartoros2_ws/install/absl/include/absl/base
-- Up-to-date: /home/ros2/ros2_learn/cartoros2_ws/install/absl/include/absl/base/config.h
-- Up-to-date: /home/ros2/ros2_learn/cartoros2_ws/install/absl/include/absl/base/internal
-- Up-to-date: /home/ros2/ros2_learn/cartoros2_ws/install/absl/include/absl/base/internal/tsan_mutex_interface.h
-- Up-to-date: /home/ros2/ros2_learn/cartoros2_ws/install/absl/include/absl/base/internal/spinlock_akaros.inc
-- Up-to-date: /home/ros2/ros2_learn/cartoros2_ws/install/absl/include/absl/base/internal/spinlock_linux.inc
-- Up-to-date: /home/ros2/ros2_learn/cartoros2_ws/install/absl/include/absl/base/internal/raw_logging.h
-- Up-to-date: /home/ros2/ros2_learn/cartoros2_ws/install/absl/include/absl/base/internal/low_level_scheduling.h
-- Up-to-date: /home/ros2/ros2_learn/cartoros2_ws/install/absl/include/absl/base/internal/low_level_alloc.h
-- Up-to-date: /home/ros2/ros2_learn/cartoros2_ws/install/absl/include/absl/base/internal/cycleclock.h
-- Up-to-date: /home/ros2/ros2_learn/cartoros2_ws/install/absl/include/absl/base/internal/spinlock.h
-- Up-to-date: /home/ros2/ros2_learn/cartoros2_ws/install/absl/include/absl/base/internal/throw_delegate.h
-- Up-to-date: /home/ros2/ros2_learn/cartoros2_ws/install/absl/include/absl/base/internal/exception_testing.h
-- Up-to-date: /home/ros2/ros2_learn/cartoros2_ws/install/absl/include/absl/base/internal/spinlock_win32.inc
-- Up-to-date: /home/ros2/ros2_learn/cartoros2_ws/install/absl/include/absl/base/internal/direct_mmap.h
-- Up-to-date: /home/ros2/ros2_learn/cartoros2_ws/install/absl/include/absl/base/internal/endian.h
-- Up-to-date: /home/ros2/ros2_learn/cartoros2_ws/install/absl/include/absl/base/internal/atomic_hook.h
-- Up-to-date: /home/ros2/ros2_learn/cartoros2_ws/install/absl/include/absl/base/internal/exception_safety_testing.h
-- Up-to-date: /home/ros2/ros2_learn/cartoros2_ws/install/absl/include/absl/base/internal/inline_variable.h
-- Up-to-date: /home/ros2/ros2_learn/cartoros2_ws/install/absl/include/absl/base/internal/identity.h
-- Up-to-date: /home/ros2/ros2_learn/cartoros2_ws/install/absl/include/absl/base/internal/unscaledcycleclock.h
-- Up-to-date: /home/ros2/ros2_learn/cartoros2_ws/install/absl/include/absl/base/internal/thread_identity.h
-- Up-to-date: /home/ros2/ros2_learn/cartoros2_ws/install/absl/include/absl/base/internal/spinlock_posix.inc
-- Up-to-date: /home/ros2/ros2_learn/cartoros2_ws/install/absl/include/absl/base/internal/bits.h
-- Up-to-date: /home/ros2/ros2_learn/cartoros2_ws/install/absl/include/absl/base/internal/spinlock_wait.h
-- Up-to-date: /home/ros2/ros2_learn/cartoros2_ws/install/absl/include/absl/base/internal/unaligned_access.h
-- Up-to-date: /home/ros2/ros2_learn/cartoros2_ws/install/absl/include/absl/base/internal/scheduling_mode.h
-- Up-to-date: /home/ros2/ros2_learn/cartoros2_ws/install/absl/include/absl/base/internal/scoped_set_env.h
-- Up-to-date: /home/ros2/ros2_learn/cartoros2_ws/install/absl/include/absl/base/internal/invoke.h
-- Up-to-date: /home/ros2/ros2_learn/cartoros2_ws/install/absl/include/absl/base/internal/per_thread_tls.h
-- Up-to-date: /home/ros2/ros2_learn/cartoros2_ws/install/absl/include/absl/base/internal/sysinfo.h
-- Up-to-date: /home/ros2/ros2_learn/cartoros2_ws/install/absl/include/absl/base/internal/hide_ptr.h
-- Up-to-date: /home/ros2/ros2_learn/cartoros2_ws/install/absl/include/absl/base/internal/inline_variable_testing.h
-- Up-to-date: /home/ros2/ros2_learn/cartoros2_ws/install/absl/include/absl/base/internal/pretty_function.h
-- Up-to-date: /home/ros2/ros2_learn/cartoros2_ws/install/absl/include/absl/base/macros.h
-- Up-to-date: /home/ros2/ros2_learn/cartoros2_ws/install/absl/include/absl/base/dynamic_annotations.h
-- Up-to-date: /home/ros2/ros2_learn/cartoros2_ws/install/absl/include/absl/base/casts.h
-- Up-to-date: /home/ros2/ros2_learn/cartoros2_ws/install/absl/include/absl/base/thread_annotations.h
-- Up-to-date: /home/ros2/ros2_learn/cartoros2_ws/install/absl/include/absl/base/attributes.h
-- Up-to-date: /home/ros2/ros2_learn/cartoros2_ws/install/absl/include/absl/base/port.h
-- Up-to-date: /home/ros2/ros2_learn/cartoros2_ws/install/absl/include/absl/base/policy_checks.h
-- Up-to-date: /home/ros2/ros2_learn/cartoros2_ws/install/absl/include/absl/base/call_once.h
-- Up-to-date: /home/ros2/ros2_learn/cartoros2_ws/install/absl/include/absl/base/log_severity.h
-- Up-to-date: /home/ros2/ros2_learn/cartoros2_ws/install/absl/include/absl/base/const_init.h
-- Up-to-date: /home/ros2/ros2_learn/cartoros2_ws/install/absl/include/absl/base/optimization.h
-- Up-to-date: /home/ros2/ros2_learn/cartoros2_ws/install/absl/include/absl/memory
-- Up-to-date: /home/ros2/ros2_learn/cartoros2_ws/install/absl/include/absl/memory/memory.h
-- Up-to-date: /home/ros2/ros2_learn/cartoros2_ws/install/absl/include/absl/time
-- Up-to-date: /home/ros2/ros2_learn/cartoros2_ws/install/absl/include/absl/time/internal
-- Up-to-date: /home/ros2/ros2_learn/cartoros2_ws/install/absl/include/absl/time/internal/test_util.h
-- Up-to-date: /home/ros2/ros2_learn/cartoros2_ws/install/absl/include/absl/time/internal/get_current_time_posix.inc
-- Up-to-date: /home/ros2/ros2_learn/cartoros2_ws/install/absl/include/absl/time/internal/zoneinfo.inc
-- Up-to-date: /home/ros2/ros2_learn/cartoros2_ws/install/absl/include/absl/time/internal/get_current_time_chrono.inc
-- Up-to-date: /home/ros2/ros2_learn/cartoros2_ws/install/absl/include/absl/time/internal/cctz
-- Up-to-date: /home/ros2/ros2_learn/cartoros2_ws/install/absl/include/absl/time/internal/cctz/src
-- Up-to-date: /home/ros2/ros2_learn/cartoros2_ws/install/absl/include/absl/time/internal/cctz/src/time_zone_impl.h
-- Up-to-date: /home/ros2/ros2_learn/cartoros2_ws/install/absl/include/absl/time/internal/cctz/src/time_zone_info.h
-- Up-to-date: /home/ros2/ros2_learn/cartoros2_ws/install/absl/include/absl/time/internal/cctz/src/tzfile.h
-- Up-to-date: /home/ros2/ros2_learn/cartoros2_ws/install/absl/include/absl/time/internal/cctz/src/time_zone_if.h
-- Up-to-date: /home/ros2/ros2_learn/cartoros2_ws/install/absl/include/absl/time/internal/cctz/src/time_zone_fixed.h
-- Up-to-date: /home/ros2/ros2_learn/cartoros2_ws/install/absl/include/absl/time/internal/cctz/src/time_zone_posix.h
-- Up-to-date: /home/ros2/ros2_learn/cartoros2_ws/install/absl/include/absl/time/internal/cctz/src/time_zone_libc.h
-- Up-to-date: /home/ros2/ros2_learn/cartoros2_ws/install/absl/include/absl/time/internal/cctz/testdata
-- Up-to-date: /home/ros2/ros2_learn/cartoros2_ws/install/absl/include/absl/time/internal/cctz/testdata/zoneinfo
-- Up-to-date: /home/ros2/ros2_learn/cartoros2_ws/install/absl/include/absl/time/internal/cctz/testdata/zoneinfo/Canada
-- Up-to-date: /home/ros2/ros2_learn/cartoros2_ws/install/absl/include/absl/time/internal/cctz/testdata/zoneinfo/Australia
-- Up-to-date: /home/ros2/ros2_learn/cartoros2_ws/install/absl/include/absl/time/internal/cctz/testdata/zoneinfo/Etc
-- Up-to-date: /home/ros2/ros2_learn/cartoros2_ws/install/absl/include/absl/time/internal/cctz/testdata/zoneinfo/America
-- Up-to-date: /home/ros2/ros2_learn/cartoros2_ws/install/absl/include/absl/time/internal/cctz/testdata/zoneinfo/America/Argentina
-- Up-to-date: /home/ros2/ros2_learn/cartoros2_ws/install/absl/include/absl/time/internal/cctz/testdata/zoneinfo/America/North_Dakota
-- Up-to-date: /home/ros2/ros2_learn/cartoros2_ws/install/absl/include/absl/time/internal/cctz/testdata/zoneinfo/America/Indiana
-- Up-to-date: /home/ros2/ros2_learn/cartoros2_ws/install/absl/include/absl/time/internal/cctz/testdata/zoneinfo/America/Kentucky
-- Up-to-date: /home/ros2/ros2_learn/cartoros2_ws/install/absl/include/absl/time/internal/cctz/testdata/zoneinfo/US
-- Up-to-date: /home/ros2/ros2_learn/cartoros2_ws/install/absl/include/absl/time/internal/cctz/testdata/zoneinfo/Antarctica
-- Up-to-date: /home/ros2/ros2_learn/cartoros2_ws/install/absl/include/absl/time/internal/cctz/testdata/zoneinfo/Mexico
-- Up-to-date: /home/ros2/ros2_learn/cartoros2_ws/install/absl/include/absl/time/internal/cctz/testdata/zoneinfo/Atlantic
-- Up-to-date: /home/ros2/ros2_learn/cartoros2_ws/install/absl/include/absl/time/internal/cctz/testdata/zoneinfo/Africa
-- Up-to-date: /home/ros2/ros2_learn/cartoros2_ws/install/absl/include/absl/time/internal/cctz/testdata/zoneinfo/Asia
-- Up-to-date: /home/ros2/ros2_learn/cartoros2_ws/install/absl/include/absl/time/internal/cctz/testdata/zoneinfo/Europe
-- Up-to-date: /home/ros2/ros2_learn/cartoros2_ws/install/absl/include/absl/time/internal/cctz/testdata/zoneinfo/Brazil
-- Up-to-date: /home/ros2/ros2_learn/cartoros2_ws/install/absl/include/absl/time/internal/cctz/testdata/zoneinfo/Chile
-- Up-to-date: /home/ros2/ros2_learn/cartoros2_ws/install/absl/include/absl/time/internal/cctz/testdata/zoneinfo/Arctic
-- Up-to-date: /home/ros2/ros2_learn/cartoros2_ws/install/absl/include/absl/time/internal/cctz/testdata/zoneinfo/Indian
-- Up-to-date: /home/ros2/ros2_learn/cartoros2_ws/install/absl/include/absl/time/internal/cctz/testdata/zoneinfo/Pacific
-- Up-to-date: /home/ros2/ros2_learn/cartoros2_ws/install/absl/include/absl/time/internal/cctz/include
-- Up-to-date: /home/ros2/ros2_learn/cartoros2_ws/install/absl/include/absl/time/internal/cctz/include/cctz
-- Up-to-date: /home/ros2/ros2_learn/cartoros2_ws/install/absl/include/absl/time/internal/cctz/include/cctz/time_zone.h
-- Up-to-date: /home/ros2/ros2_learn/cartoros2_ws/install/absl/include/absl/time/internal/cctz/include/cctz/civil_time_detail.h
-- Up-to-date: /home/ros2/ros2_learn/cartoros2_ws/install/absl/include/absl/time/internal/cctz/include/cctz/civil_time.h
-- Up-to-date: /home/ros2/ros2_learn/cartoros2_ws/install/absl/include/absl/time/internal/cctz/include/cctz/zone_info_source.h
-- Up-to-date: /home/ros2/ros2_learn/cartoros2_ws/install/absl/include/absl/time/civil_time.h
-- Up-to-date: /home/ros2/ros2_learn/cartoros2_ws/install/absl/include/absl/time/time.h
-- Up-to-date: /home/ros2/ros2_learn/cartoros2_ws/install/absl/include/absl/time/clock.h
-- Up-to-date: /home/ros2/ros2_learn/cartoros2_ws/install/absl/include/absl/synchronization
-- Up-to-date: /home/ros2/ros2_learn/cartoros2_ws/install/absl/include/absl/synchronization/internal
-- Up-to-date: /home/ros2/ros2_learn/cartoros2_ws/install/absl/include/absl/synchronization/internal/thread_pool.h
-- Up-to-date: /home/ros2/ros2_learn/cartoros2_ws/install/absl/include/absl/synchronization/internal/mutex_nonprod.inc
-- Up-to-date: /home/ros2/ros2_learn/cartoros2_ws/install/absl/include/absl/synchronization/internal/per_thread_sem.h
-- Up-to-date: /home/ros2/ros2_learn/cartoros2_ws/install/absl/include/absl/synchronization/internal/graphcycles.h
-- Up-to-date: /home/ros2/ros2_learn/cartoros2_ws/install/absl/include/absl/synchronization/internal/create_thread_identity.h
-- Up-to-date: /home/ros2/ros2_learn/cartoros2_ws/install/absl/include/absl/synchronization/internal/kernel_timeout.h
-- Up-to-date: /home/ros2/ros2_learn/cartoros2_ws/install/absl/include/absl/synchronization/internal/waiter.h
-- Up-to-date: /home/ros2/ros2_learn/cartoros2_ws/install/absl/include/absl/synchronization/barrier.h
-- Up-to-date: /home/ros2/ros2_learn/cartoros2_ws/install/absl/include/absl/synchronization/notification.h
-- Up-to-date: /home/ros2/ros2_learn/cartoros2_ws/install/absl/include/absl/synchronization/mutex.h
-- Up-to-date: /home/ros2/ros2_learn/cartoros2_ws/install/absl/include/absl/synchronization/blocking_counter.h
-- Up-to-date: /home/ros2/ros2_learn/cartoros2_ws/install/absl/include/absl/types
-- Up-to-date: /home/ros2/ros2_learn/cartoros2_ws/install/absl/include/absl/types/internal
-- Up-to-date: /home/ros2/ros2_learn/cartoros2_ws/install/absl/include/absl/types/internal/optional.h
-- Up-to-date: /home/ros2/ros2_learn/cartoros2_ws/install/absl/include/absl/types/internal/span.h
-- Up-to-date: /home/ros2/ros2_learn/cartoros2_ws/install/absl/include/absl/types/internal/variant.h
-- Up-to-date: /home/ros2/ros2_learn/cartoros2_ws/install/absl/include/absl/types/optional.h
-- Up-to-date: /home/ros2/ros2_learn/cartoros2_ws/install/absl/include/absl/types/bad_optional_access.h
-- Up-to-date: /home/ros2/ros2_learn/cartoros2_ws/install/absl/include/absl/types/span.h
-- Up-to-date: /home/ros2/ros2_learn/cartoros2_ws/install/absl/include/absl/types/variant.h
-- Up-to-date: /home/ros2/ros2_learn/cartoros2_ws/install/absl/include/absl/types/any.h
-- Up-to-date: /home/ros2/ros2_learn/cartoros2_ws/install/absl/include/absl/types/bad_any_cast.h
-- Up-to-date: /home/ros2/ros2_learn/cartoros2_ws/install/absl/include/absl/types/bad_variant_access.h
-- Up-to-date: /home/ros2/ros2_learn/cartoros2_ws/install/absl/include/absl/utility
-- Up-to-date: /home/ros2/ros2_learn/cartoros2_ws/install/absl/include/absl/utility/utility.h
-- Up-to-date: /home/ros2/ros2_learn/cartoros2_ws/install/absl/include/absl/copts
-- Up-to-date: /home/ros2/ros2_learn/cartoros2_ws/install/absl/include/absl/container
-- Up-to-date: /home/ros2/ros2_learn/cartoros2_ws/install/absl/include/absl/container/node_hash_set.h
-- Up-to-date: /home/ros2/ros2_learn/cartoros2_ws/install/absl/include/absl/container/internal
-- Up-to-date: /home/ros2/ros2_learn/cartoros2_ws/install/absl/include/absl/container/internal/counting_allocator.h
-- Up-to-date: /home/ros2/ros2_learn/cartoros2_ws/install/absl/include/absl/container/internal/compressed_tuple.h
-- Up-to-date: /home/ros2/ros2_learn/cartoros2_ws/install/absl/include/absl/container/internal/unordered_map_lookup_test.h
-- Up-to-date: /home/ros2/ros2_learn/cartoros2_ws/install/absl/include/absl/container/internal/have_sse.h
-- Up-to-date: /home/ros2/ros2_learn/cartoros2_ws/install/absl/include/absl/container/internal/hashtable_debug.h
-- Up-to-date: /home/ros2/ros2_learn/cartoros2_ws/install/absl/include/absl/container/internal/hash_policy_testing.h
-- Up-to-date: /home/ros2/ros2_learn/cartoros2_ws/install/absl/include/absl/container/internal/unordered_set_lookup_test.h
-- Up-to-date: /home/ros2/ros2_learn/cartoros2_ws/install/absl/include/absl/container/internal/unordered_map_modifiers_test.h
-- Up-to-date: /home/ros2/ros2_learn/cartoros2_ws/install/absl/include/absl/container/internal/raw_hash_map.h
-- Up-to-date: /home/ros2/ros2_learn/cartoros2_ws/install/absl/include/absl/container/internal/hash_generator_testing.h
-- Up-to-date: /home/ros2/ros2_learn/cartoros2_ws/install/absl/include/absl/container/internal/hashtablez_sampler.h
-- Up-to-date: /home/ros2/ros2_learn/cartoros2_ws/install/absl/include/absl/container/internal/unordered_map_constructor_test.h
-- Up-to-date: /home/ros2/ros2_learn/cartoros2_ws/install/absl/include/absl/container/internal/unordered_map_members_test.h
-- Up-to-date: /home/ros2/ros2_learn/cartoros2_ws/install/absl/include/absl/container/internal/node_hash_policy.h
-- Up-to-date: /home/ros2/ros2_learn/cartoros2_ws/install/absl/include/absl/container/internal/hash_policy_traits.h
-- Up-to-date: /home/ros2/ros2_learn/cartoros2_ws/install/absl/include/absl/container/internal/container_memory.h
-- Up-to-date: /home/ros2/ros2_learn/cartoros2_ws/install/absl/include/absl/container/internal/unordered_set_modifiers_test.h
-- Up-to-date: /home/ros2/ros2_learn/cartoros2_ws/install/absl/include/absl/container/internal/unordered_set_constructor_test.h
-- Up-to-date: /home/ros2/ros2_learn/cartoros2_ws/install/absl/include/absl/container/internal/common.h
-- Up-to-date: /home/ros2/ros2_learn/cartoros2_ws/install/absl/include/absl/container/internal/layout.h
-- Up-to-date: /home/ros2/ros2_learn/cartoros2_ws/install/absl/include/absl/container/internal/hashtable_debug_hooks.h
-- Up-to-date: /home/ros2/ros2_learn/cartoros2_ws/install/absl/include/absl/container/internal/inlined_vector.h
-- Up-to-date: /home/ros2/ros2_learn/cartoros2_ws/install/absl/include/absl/container/internal/unordered_set_members_test.h
-- Up-to-date: /home/ros2/ros2_learn/cartoros2_ws/install/absl/include/absl/container/internal/hash_function_defaults.h
-- Up-to-date: /home/ros2/ros2_learn/cartoros2_ws/install/absl/include/absl/container/internal/raw_hash_set.h
-- Up-to-date: /home/ros2/ros2_learn/cartoros2_ws/install/absl/include/absl/container/internal/test_instance_tracker.h
-- Up-to-date: /home/ros2/ros2_learn/cartoros2_ws/install/absl/include/absl/container/internal/tracked.h
-- Up-to-date: /home/ros2/ros2_learn/cartoros2_ws/install/absl/include/absl/container/flat_hash_map.h
-- Up-to-date: /home/ros2/ros2_learn/cartoros2_ws/install/absl/include/absl/container/flat_hash_set.h
-- Up-to-date: /home/ros2/ros2_learn/cartoros2_ws/install/absl/include/absl/container/fixed_array.h
-- Up-to-date: /home/ros2/ros2_learn/cartoros2_ws/install/absl/include/absl/container/node_hash_map.h
-- Up-to-date: /home/ros2/ros2_learn/cartoros2_ws/install/absl/include/absl/container/inlined_vector.h
-- Up-to-date: /home/ros2/ros2_learn/cartoros2_ws/install/absl/include/absl/debugging
-- Up-to-date: /home/ros2/ros2_learn/cartoros2_ws/install/absl/include/absl/debugging/internal
-- Up-to-date: /home/ros2/ros2_learn/cartoros2_ws/install/absl/include/absl/debugging/internal/stacktrace_generic-inl.inc
-- Up-to-date: /home/ros2/ros2_learn/cartoros2_ws/install/absl/include/absl/debugging/internal/stacktrace_x86-inl.inc
-- Up-to-date: /home/ros2/ros2_learn/cartoros2_ws/install/absl/include/absl/debugging/internal/stack_consumption.h
-- Up-to-date: /home/ros2/ros2_learn/cartoros2_ws/install/absl/include/absl/debugging/internal/stacktrace_aarch64-inl.inc
-- Up-to-date: /home/ros2/ros2_learn/cartoros2_ws/install/absl/include/absl/debugging/internal/elf_mem_image.h
-- Up-to-date: /home/ros2/ros2_learn/cartoros2_ws/install/absl/include/absl/debugging/internal/vdso_support.h
-- Up-to-date: /home/ros2/ros2_learn/cartoros2_ws/install/absl/include/absl/debugging/internal/stacktrace_unimplemented-inl.inc
-- Up-to-date: /home/ros2/ros2_learn/cartoros2_ws/install/absl/include/absl/debugging/internal/stacktrace_arm-inl.inc
-- Up-to-date: /home/ros2/ros2_learn/cartoros2_ws/install/absl/include/absl/debugging/internal/stacktrace_win32-inl.inc
-- Up-to-date: /home/ros2/ros2_learn/cartoros2_ws/install/absl/include/absl/debugging/internal/stacktrace_powerpc-inl.inc
-- Up-to-date: /home/ros2/ros2_learn/cartoros2_ws/install/absl/include/absl/debugging/internal/symbolize.h
-- Up-to-date: /home/ros2/ros2_learn/cartoros2_ws/install/absl/include/absl/debugging/internal/address_is_readable.h
-- Up-to-date: /home/ros2/ros2_learn/cartoros2_ws/install/absl/include/absl/debugging/internal/examine_stack.h
-- Up-to-date: /home/ros2/ros2_learn/cartoros2_ws/install/absl/include/absl/debugging/internal/stacktrace_config.h
-- Up-to-date: /home/ros2/ros2_learn/cartoros2_ws/install/absl/include/absl/debugging/internal/demangle.h
-- Up-to-date: /home/ros2/ros2_learn/cartoros2_ws/install/absl/include/absl/debugging/symbolize_win32.inc
-- Up-to-date: /home/ros2/ros2_learn/cartoros2_ws/install/absl/include/absl/debugging/leak_check.h
-- Up-to-date: /home/ros2/ros2_learn/cartoros2_ws/install/absl/include/absl/debugging/symbolize.h
-- Up-to-date: /home/ros2/ros2_learn/cartoros2_ws/install/absl/include/absl/debugging/symbolize_unimplemented.inc
-- Up-to-date: /home/ros2/ros2_learn/cartoros2_ws/install/absl/include/absl/debugging/stacktrace.h
-- Up-to-date: /home/ros2/ros2_learn/cartoros2_ws/install/absl/include/absl/debugging/failure_signal_handler.h
-- Up-to-date: /home/ros2/ros2_learn/cartoros2_ws/install/absl/include/absl/debugging/symbolize_elf.inc
-- Up-to-date: /home/ros2/ros2_learn/cartoros2_ws/install/absl/include/absl/numeric
-- Up-to-date: /home/ros2/ros2_learn/cartoros2_ws/install/absl/include/absl/numeric/int128_no_intrinsic.inc
-- Up-to-date: /home/ros2/ros2_learn/cartoros2_ws/install/absl/include/absl/numeric/int128_have_intrinsic.inc
-- Up-to-date: /home/ros2/ros2_learn/cartoros2_ws/install/absl/include/absl/numeric/int128.h
-- Up-to-date: /home/ros2/ros2_learn/cartoros2_ws/install/absl/include/absl/hash
-- Up-to-date: /home/ros2/ros2_learn/cartoros2_ws/install/absl/include/absl/hash/internal
-- Up-to-date: /home/ros2/ros2_learn/cartoros2_ws/install/absl/include/absl/hash/internal/hash.h
-- Up-to-date: /home/ros2/ros2_learn/cartoros2_ws/install/absl/include/absl/hash/internal/city.h
-- Up-to-date: /home/ros2/ros2_learn/cartoros2_ws/install/absl/include/absl/hash/internal/spy_hash_state.h
-- Up-to-date: /home/ros2/ros2_learn/cartoros2_ws/install/absl/include/absl/hash/hash.h
-- Up-to-date: /home/ros2/ros2_learn/cartoros2_ws/install/absl/include/absl/hash/hash_testing.h
-- Up-to-date: /home/ros2/ros2_learn/cartoros2_ws/install/absl/include/absl/meta
-- Up-to-date: /home/ros2/ros2_learn/cartoros2_ws/install/absl/include/absl/meta/type_traits.h
-- Up-to-date: /home/ros2/ros2_learn/cartoros2_ws/install/absl/lib/libabsl_spinlock_wait.a
-- Up-to-date: /home/ros2/ros2_learn/cartoros2_ws/install/absl/lib/libabsl_dynamic_annotations.a
-- Up-to-date: /home/ros2/ros2_learn/cartoros2_ws/install/absl/lib/libabsl_malloc_internal.a
-- Up-to-date: /home/ros2/ros2_learn/cartoros2_ws/install/absl/lib/libabsl_base.a
-- Up-to-date: /home/ros2/ros2_learn/cartoros2_ws/install/absl/lib/libabsl_throw_delegate.a
-- Up-to-date: /home/ros2/ros2_learn/cartoros2_ws/install/absl/lib/libabsl_scoped_set_env.a
-- Up-to-date: /home/ros2/ros2_learn/cartoros2_ws/install/absl/lib/libabsl_hashtablez_sampler.a
-- Up-to-date: /home/ros2/ros2_learn/cartoros2_ws/install/absl/lib/libabsl_raw_hash_set.a
-- Up-to-date: /home/ros2/ros2_learn/cartoros2_ws/install/absl/lib/libabsl_stacktrace.a
-- Up-to-date: /home/ros2/ros2_learn/cartoros2_ws/install/absl/lib/libabsl_symbolize.a
-- Up-to-date: /home/ros2/ros2_learn/cartoros2_ws/install/absl/lib/libabsl_examine_stack.a
-- Up-to-date: /home/ros2/ros2_learn/cartoros2_ws/install/absl/lib/libabsl_failure_signal_handler.a
-- Up-to-date: /home/ros2/ros2_learn/cartoros2_ws/install/absl/lib/libabsl_debugging_internal.a
-- Up-to-date: /home/ros2/ros2_learn/cartoros2_ws/install/absl/lib/libabsl_demangle_internal.a
-- Up-to-date: /home/ros2/ros2_learn/cartoros2_ws/install/absl/lib/libabsl_leak_check.a
-- Up-to-date: /home/ros2/ros2_learn/cartoros2_ws/install/absl/lib/libabsl_leak_check_disable.a
-- Up-to-date: /home/ros2/ros2_learn/cartoros2_ws/install/absl/lib/libabsl_hash.a
-- Up-to-date: /home/ros2/ros2_learn/cartoros2_ws/install/absl/lib/libabsl_city.a
-- Up-to-date: /home/ros2/ros2_learn/cartoros2_ws/install/absl/lib/libabsl_int128.a
-- Up-to-date: /home/ros2/ros2_learn/cartoros2_ws/install/absl/lib/libabsl_strings.a
-- Up-to-date: /home/ros2/ros2_learn/cartoros2_ws/install/absl/lib/libabsl_strings_internal.a
-- Up-to-date: /home/ros2/ros2_learn/cartoros2_ws/install/absl/lib/libabsl_str_format_internal.a
-- Up-to-date: /home/ros2/ros2_learn/cartoros2_ws/install/absl/lib/libabsl_graphcycles_internal.a
-- Up-to-date: /home/ros2/ros2_learn/cartoros2_ws/install/absl/lib/libabsl_synchronization.a
-- Up-to-date: /home/ros2/ros2_learn/cartoros2_ws/install/absl/lib/libabsl_time.a
-- Up-to-date: /home/ros2/ros2_learn/cartoros2_ws/install/absl/lib/libabsl_civil_time.a
-- Up-to-date: /home/ros2/ros2_learn/cartoros2_ws/install/absl/lib/libabsl_time_zone.a
-- Up-to-date: /home/ros2/ros2_learn/cartoros2_ws/install/absl/lib/libabsl_bad_any_cast_impl.a
-- Up-to-date: /home/ros2/ros2_learn/cartoros2_ws/install/absl/lib/libabsl_bad_optional_access.a
-- Up-to-date: /home/ros2/ros2_learn/cartoros2_ws/install/absl/lib/libabsl_bad_variant_access.a
