[1.210s] Invoking command in '/home/ros2/ros2_learn/turtle_ws/src/village_wang': PYTHONPATH=/home/ros2/ros2_learn/turtle_ws/src/build/village_wang/prefix_override:/home/ros2/ros2_learn/turtle_ws/src/install/village_wang/lib/python3.8/site-packages:${PYTHONPATH} /usr/bin/python3 setup.py egg_info --egg-base ../build/village_wang build --build-base /home/ros2/ros2_learn/turtle_ws/src/build/village_wang/build install --record /home/ros2/ros2_learn/turtle_ws/src/build/village_wang/install.log --single-version-externally-managed
[1.548s] running egg_info
[1.550s] writing ../build/village_wang/village_wang.egg-info/PKG-INFO
[1.550s] writing dependency_links to ../build/village_wang/village_wang.egg-info/dependency_links.txt
[1.551s] writing entry points to ../build/village_wang/village_wang.egg-info/entry_points.txt
[1.552s] writing requirements to ../build/village_wang/village_wang.egg-info/requires.txt
[1.552s] writing top-level names to ../build/village_wang/village_wang.egg-info/top_level.txt
[1.603s] reading manifest file '../build/village_wang/village_wang.egg-info/SOURCES.txt'
[1.605s] writing manifest file '../build/village_wang/village_wang.egg-info/SOURCES.txt'
[1.606s] running build
[1.606s] running build_py
[1.607s] copying village_wang/wang2.py -> /home/ros2/ros2_learn/turtle_ws/src/build/village_wang/build/lib/village_wang
[1.607s] running install
[1.609s] running install_lib
[1.612s] copying /home/ros2/ros2_learn/turtle_ws/src/build/village_wang/build/lib/village_wang/wang2.py -> /home/ros2/ros2_learn/turtle_ws/src/install/village_wang/lib/python3.8/site-packages/village_wang
[1.613s] byte-compiling /home/ros2/ros2_learn/turtle_ws/src/install/village_wang/lib/python3.8/site-packages/village_wang/wang2.py to wang2.cpython-38.pyc
[1.616s] running install_data
[1.618s] running install_egg_info
[1.624s] removing '/home/ros2/ros2_learn/turtle_ws/src/install/village_wang/lib/python3.8/site-packages/village_wang-0.0.0-py3.8.egg-info' (and everything under it)
[1.624s] Copying ../build/village_wang/village_wang.egg-info to /home/ros2/ros2_learn/turtle_ws/src/install/village_wang/lib/python3.8/site-packages/village_wang-0.0.0-py3.8.egg-info
[1.625s] running install_scripts
[1.648s] Installing wang2_node script to /home/ros2/ros2_learn/turtle_ws/src/install/village_wang/lib/village_wang
[1.649s] writing list of installed files to '/home/ros2/ros2_learn/turtle_ws/src/build/village_wang/install.log'
[1.675s] Invoked command in '/home/ros2/ros2_learn/turtle_ws/src/village_wang' returned '0': PYTHONPATH=/home/ros2/ros2_learn/turtle_ws/src/build/village_wang/prefix_override:/home/ros2/ros2_learn/turtle_ws/src/install/village_wang/lib/python3.8/site-packages:${PYTHONPATH} /usr/bin/python3 setup.py egg_info --egg-base ../build/village_wang build --build-base /home/ros2/ros2_learn/turtle_ws/src/build/village_wang/build install --record /home/ros2/ros2_learn/turtle_ws/src/build/village_wang/install.log --single-version-externally-managed
