[0.478s] DEBUG:colcon:Command line arguments: ['/usr/bin/colcon', 'build']
[0.478s] DEBUG:colcon:Parsed command line arguments: Namespace(allow_overriding=[], ament_cmake_args=None, base_paths=['.'], build_base='build', catkin_cmake_args=None, catkin_skip_building_tests=False, cmake_args=None, cmake_clean_cache=False, cmake_clean_first=False, cmake_force_configure=False, cmake_target=None, cmake_target_skip_unavailable=False, continue_on_error=False, event_handlers=None, executor='parallel', ignore_user_meta=False, install_base='install', log_base=None, log_level=None, main=<bound method BuildVerb.main of <colcon_core.verb.build.BuildVerb object at 0x7fd8815daf10>>, merge_install=False, metas=['./colcon.meta'], packages_above=None, packages_above_and_dependencies=None, packages_above_depth=None, packages_end=None, packages_ignore=None, packages_ignore_regex=None, packages_select=None, packages_select_build_failed=False, packages_select_by_dep=None, packages_select_regex=None, packages_select_test_failures=False, packages_skip=None, packages_skip_build_finished=False, packages_skip_by_dep=None, packages_skip_regex=None, packages_skip_test_passed=False, packages_skip_up_to=None, packages_start=None, packages_up_to=None, packages_up_to_regex=None, parallel_workers=4, paths=None, symlink_install=False, test_result_base=None, verb_extension=<colcon_core.verb.build.BuildVerb object at 0x7fd8815daf10>, verb_name='build', verb_parser=<colcon_defaults.argument_parser.defaults.DefaultArgumentsDecorator object at 0x7fd8814fe7c0>)
[0.519s] Level 1:colcon.colcon_core.package_discovery:discover_packages(colcon_meta) check parameters
[0.519s] Level 1:colcon.colcon_core.package_discovery:discover_packages(recursive) check parameters
[0.519s] Level 1:colcon.colcon_core.package_discovery:discover_packages(ignore) check parameters
[0.519s] Level 1:colcon.colcon_core.package_discovery:discover_packages(path) check parameters
[0.519s] Level 1:colcon.colcon_core.package_discovery:discover_packages(colcon_meta) discover
[0.519s] Level 1:colcon.colcon_core.package_discovery:discover_packages(recursive) discover
[0.519s] INFO:colcon.colcon_core.package_discovery:Crawling recursively for packages in '/home/ros2/ros2_learn/fish_protocol/examples/example_ros2/example_fish_protocol'
[0.519s] Level 1:colcon.colcon_core.package_identification:_identify(.) by extensions ['ignore', 'ignore_ament_install']
[0.520s] Level 1:colcon.colcon_core.package_identification:_identify(.) by extension 'ignore'
[0.520s] Level 1:colcon.colcon_core.package_identification:_identify(.) by extension 'ignore_ament_install'
[0.520s] Level 1:colcon.colcon_core.package_identification:_identify(.) by extensions ['colcon_pkg']
[0.520s] Level 1:colcon.colcon_core.package_identification:_identify(.) by extension 'colcon_pkg'
[0.520s] Level 1:colcon.colcon_core.package_identification:_identify(.) by extensions ['colcon_meta']
[0.520s] Level 1:colcon.colcon_core.package_identification:_identify(.) by extension 'colcon_meta'
[0.520s] Level 1:colcon.colcon_core.package_identification:_identify(.) by extensions ['ros']
[0.520s] Level 1:colcon.colcon_core.package_identification:_identify(.) by extension 'ros'
[0.559s] DEBUG:colcon.colcon_core.package_identification:Package '.' with type 'ros.ament_cmake' and name 'example_fish_protocol'
[0.559s] Level 1:colcon.colcon_core.package_discovery:discover_packages(recursive) using defaults
[0.559s] Level 1:colcon.colcon_core.package_discovery:discover_packages(ignore) discover
[0.559s] Level 1:colcon.colcon_core.package_discovery:discover_packages(ignore) using defaults
[0.559s] Level 1:colcon.colcon_core.package_discovery:discover_packages(path) discover
[0.559s] Level 1:colcon.colcon_core.package_discovery:discover_packages(path) using defaults
[0.620s] Level 1:colcon.colcon_core.package_discovery:discover_packages(prefix_path) check parameters
[0.620s] Level 1:colcon.colcon_core.package_discovery:discover_packages(prefix_path) discover
[0.624s] DEBUG:colcon.colcon_installed_package_information.package_discovery:Found 1 installed packages in /home/ros2/ros2_learn/fish_protocol/examples/example_ros2/example_fish_protocol/install
[0.626s] DEBUG:colcon.colcon_installed_package_information.package_discovery:Found 354 installed packages in /opt/ros/galactic
[0.628s] Level 1:colcon.colcon_core.package_discovery:discover_packages(prefix_path) using defaults
[0.714s] Level 5:colcon.colcon_core.verb:set package 'example_fish_protocol' build argument 'cmake_args' from command line to 'None'
[0.714s] Level 5:colcon.colcon_core.verb:set package 'example_fish_protocol' build argument 'cmake_target' from command line to 'None'
[0.714s] Level 5:colcon.colcon_core.verb:set package 'example_fish_protocol' build argument 'cmake_target_skip_unavailable' from command line to 'False'
[0.714s] Level 5:colcon.colcon_core.verb:set package 'example_fish_protocol' build argument 'cmake_clean_cache' from command line to 'False'
[0.714s] Level 5:colcon.colcon_core.verb:set package 'example_fish_protocol' build argument 'cmake_clean_first' from command line to 'False'
[0.714s] Level 5:colcon.colcon_core.verb:set package 'example_fish_protocol' build argument 'cmake_force_configure' from command line to 'False'
[0.714s] Level 5:colcon.colcon_core.verb:set package 'example_fish_protocol' build argument 'ament_cmake_args' from command line to 'None'
[0.714s] Level 5:colcon.colcon_core.verb:set package 'example_fish_protocol' build argument 'catkin_cmake_args' from command line to 'None'
[0.714s] Level 5:colcon.colcon_core.verb:set package 'example_fish_protocol' build argument 'catkin_skip_building_tests' from command line to 'False'
[0.714s] DEBUG:colcon.colcon_core.verb:Building package 'example_fish_protocol' with the following arguments: {'ament_cmake_args': None, 'build_base': '/home/ros2/ros2_learn/fish_protocol/examples/example_ros2/example_fish_protocol/build/example_fish_protocol', 'catkin_cmake_args': None, 'catkin_skip_building_tests': False, 'cmake_args': None, 'cmake_clean_cache': False, 'cmake_clean_first': False, 'cmake_force_configure': False, 'cmake_target': None, 'cmake_target_skip_unavailable': False, 'install_base': '/home/ros2/ros2_learn/fish_protocol/examples/example_ros2/example_fish_protocol/install/example_fish_protocol', 'merge_install': False, 'path': '/home/ros2/ros2_learn/fish_protocol/examples/example_ros2/example_fish_protocol', 'symlink_install': False, 'test_result_base': None}
[0.717s] INFO:colcon.colcon_core.executor:Executing jobs using 'parallel' executor
[0.733s] DEBUG:colcon.colcon_parallel_executor.executor.parallel:run_until_complete
[0.733s] INFO:colcon.colcon_ros.task.ament_cmake.build:Building ROS package in '/home/ros2/ros2_learn/fish_protocol/examples/example_ros2/example_fish_protocol' with build type 'ament_cmake'
[0.734s] INFO:colcon.colcon_cmake.task.cmake.build:Building CMake package in '/home/ros2/ros2_learn/fish_protocol/examples/example_ros2/example_fish_protocol'
[0.747s] INFO:colcon.colcon_core.plugin_system:Skipping extension 'colcon_core.shell.bat': Not used on non-Windows systems
[0.748s] INFO:colcon.colcon_core.shell:Skip shell extension 'powershell' for command environment: Not usable outside of PowerShell
[0.748s] DEBUG:colcon.colcon_core.shell:Skip shell extension 'dsv' for command environment
[0.783s] DEBUG:colcon.colcon_core.event_handler.log_command:Invoking command in '/home/ros2/ros2_learn/fish_protocol/examples/example_ros2/example_fish_protocol/build/example_fish_protocol': CMAKE_PREFIX_PATH=${CMAKE_PREFIX_PATH}:/opt/ros/galactic /usr/bin/cmake --build /home/ros2/ros2_learn/fish_protocol/examples/example_ros2/example_fish_protocol/build/example_fish_protocol -- -j4 -l4
[17.624s] DEBUG:colcon.colcon_core.event_handler.log_command:Invoked command in '/home/ros2/ros2_learn/fish_protocol/examples/example_ros2/example_fish_protocol/build/example_fish_protocol' returned '0': CMAKE_PREFIX_PATH=${CMAKE_PREFIX_PATH}:/opt/ros/galactic /usr/bin/cmake --build /home/ros2/ros2_learn/fish_protocol/examples/example_ros2/example_fish_protocol/build/example_fish_protocol -- -j4 -l4
[17.697s] DEBUG:colcon.colcon_core.event_handler.log_command:Invoking command in '/home/ros2/ros2_learn/fish_protocol/examples/example_ros2/example_fish_protocol/build/example_fish_protocol': CMAKE_PREFIX_PATH=${CMAKE_PREFIX_PATH}:/opt/ros/galactic /usr/bin/cmake --install /home/ros2/ros2_learn/fish_protocol/examples/example_ros2/example_fish_protocol/build/example_fish_protocol
[17.717s] Level 1:colcon.colcon_core.environment:create_environment_scripts_only(example_fish_protocol)
[17.720s] DEBUG:colcon.colcon_core.event_handler.log_command:Invoked command in '/home/ros2/ros2_learn/fish_protocol/examples/example_ros2/example_fish_protocol/build/example_fish_protocol' returned '0': CMAKE_PREFIX_PATH=${CMAKE_PREFIX_PATH}:/opt/ros/galactic /usr/bin/cmake --install /home/ros2/ros2_learn/fish_protocol/examples/example_ros2/example_fish_protocol/build/example_fish_protocol
[17.726s] Level 1:colcon.colcon_core.environment:checking '/home/ros2/ros2_learn/fish_protocol/examples/example_ros2/example_fish_protocol/install/example_fish_protocol' for CMake module files
[17.727s] Level 1:colcon.colcon_core.environment:checking '/home/ros2/ros2_learn/fish_protocol/examples/example_ros2/example_fish_protocol/install/example_fish_protocol' for CMake config files
[17.727s] Level 1:colcon.colcon_core.shell:create_environment_hook('example_fish_protocol', 'cmake_prefix_path')
[17.730s] INFO:colcon.colcon_core.shell:Creating environment hook '/home/ros2/ros2_learn/fish_protocol/examples/example_ros2/example_fish_protocol/install/example_fish_protocol/share/example_fish_protocol/hook/cmake_prefix_path.ps1'
[17.730s] INFO:colcon.colcon_core.shell:Creating environment descriptor '/home/ros2/ros2_learn/fish_protocol/examples/example_ros2/example_fish_protocol/install/example_fish_protocol/share/example_fish_protocol/hook/cmake_prefix_path.dsv'
[17.731s] INFO:colcon.colcon_core.shell:Creating environment hook '/home/ros2/ros2_learn/fish_protocol/examples/example_ros2/example_fish_protocol/install/example_fish_protocol/share/example_fish_protocol/hook/cmake_prefix_path.sh'
[17.732s] Level 1:colcon.colcon_core.environment:checking '/home/ros2/ros2_learn/fish_protocol/examples/example_ros2/example_fish_protocol/install/example_fish_protocol/lib'
[17.732s] Level 1:colcon.colcon_core.environment:checking '/home/ros2/ros2_learn/fish_protocol/examples/example_ros2/example_fish_protocol/install/example_fish_protocol/bin'
[17.732s] Level 1:colcon.colcon_core.environment:checking '/home/ros2/ros2_learn/fish_protocol/examples/example_ros2/example_fish_protocol/install/example_fish_protocol/lib/pkgconfig/example_fish_protocol.pc'
[17.732s] Level 1:colcon.colcon_core.environment:checking '/home/ros2/ros2_learn/fish_protocol/examples/example_ros2/example_fish_protocol/install/example_fish_protocol/lib/python3.8/site-packages'
[17.733s] Level 1:colcon.colcon_core.environment:checking '/home/ros2/ros2_learn/fish_protocol/examples/example_ros2/example_fish_protocol/install/example_fish_protocol/bin'
[17.736s] INFO:colcon.colcon_core.shell:Creating package script '/home/ros2/ros2_learn/fish_protocol/examples/example_ros2/example_fish_protocol/install/example_fish_protocol/share/example_fish_protocol/package.ps1'
[17.736s] INFO:colcon.colcon_core.shell:Creating package descriptor '/home/ros2/ros2_learn/fish_protocol/examples/example_ros2/example_fish_protocol/install/example_fish_protocol/share/example_fish_protocol/package.dsv'
[17.737s] INFO:colcon.colcon_core.shell:Creating package script '/home/ros2/ros2_learn/fish_protocol/examples/example_ros2/example_fish_protocol/install/example_fish_protocol/share/example_fish_protocol/package.sh'
[17.738s] INFO:colcon.colcon_core.shell:Creating package script '/home/ros2/ros2_learn/fish_protocol/examples/example_ros2/example_fish_protocol/install/example_fish_protocol/share/example_fish_protocol/package.bash'
[17.738s] INFO:colcon.colcon_core.shell:Creating package script '/home/ros2/ros2_learn/fish_protocol/examples/example_ros2/example_fish_protocol/install/example_fish_protocol/share/example_fish_protocol/package.zsh'
[17.739s] Level 1:colcon.colcon_core.environment:create_file_with_runtime_dependencies(/home/ros2/ros2_learn/fish_protocol/examples/example_ros2/example_fish_protocol/install/example_fish_protocol/share/colcon-core/packages/example_fish_protocol)
[17.774s] Level 1:colcon.colcon_core.environment:create_environment_scripts_only(example_fish_protocol)
[17.781s] Level 1:colcon.colcon_core.environment:checking '/home/ros2/ros2_learn/fish_protocol/examples/example_ros2/example_fish_protocol/install/example_fish_protocol' for CMake module files
[17.783s] Level 1:colcon.colcon_core.environment:checking '/home/ros2/ros2_learn/fish_protocol/examples/example_ros2/example_fish_protocol/install/example_fish_protocol' for CMake config files
[17.783s] Level 1:colcon.colcon_core.shell:create_environment_hook('example_fish_protocol', 'cmake_prefix_path')
[17.789s] INFO:colcon.colcon_core.shell:Creating environment hook '/home/ros2/ros2_learn/fish_protocol/examples/example_ros2/example_fish_protocol/install/example_fish_protocol/share/example_fish_protocol/hook/cmake_prefix_path.ps1'
[17.789s] INFO:colcon.colcon_core.shell:Creating environment descriptor '/home/ros2/ros2_learn/fish_protocol/examples/example_ros2/example_fish_protocol/install/example_fish_protocol/share/example_fish_protocol/hook/cmake_prefix_path.dsv'
[17.790s] INFO:colcon.colcon_core.shell:Creating environment hook '/home/ros2/ros2_learn/fish_protocol/examples/example_ros2/example_fish_protocol/install/example_fish_protocol/share/example_fish_protocol/hook/cmake_prefix_path.sh'
[17.791s] Level 1:colcon.colcon_core.environment:checking '/home/ros2/ros2_learn/fish_protocol/examples/example_ros2/example_fish_protocol/install/example_fish_protocol/lib'
[17.791s] Level 1:colcon.colcon_core.environment:checking '/home/ros2/ros2_learn/fish_protocol/examples/example_ros2/example_fish_protocol/install/example_fish_protocol/bin'
[17.791s] Level 1:colcon.colcon_core.environment:checking '/home/ros2/ros2_learn/fish_protocol/examples/example_ros2/example_fish_protocol/install/example_fish_protocol/lib/pkgconfig/example_fish_protocol.pc'
[17.792s] Level 1:colcon.colcon_core.environment:checking '/home/ros2/ros2_learn/fish_protocol/examples/example_ros2/example_fish_protocol/install/example_fish_protocol/lib/python3.8/site-packages'
[17.792s] Level 1:colcon.colcon_core.environment:checking '/home/ros2/ros2_learn/fish_protocol/examples/example_ros2/example_fish_protocol/install/example_fish_protocol/bin'
[17.796s] INFO:colcon.colcon_core.shell:Creating package script '/home/ros2/ros2_learn/fish_protocol/examples/example_ros2/example_fish_protocol/install/example_fish_protocol/share/example_fish_protocol/package.ps1'
[17.797s] INFO:colcon.colcon_core.shell:Creating package descriptor '/home/ros2/ros2_learn/fish_protocol/examples/example_ros2/example_fish_protocol/install/example_fish_protocol/share/example_fish_protocol/package.dsv'
[17.798s] INFO:colcon.colcon_core.shell:Creating package script '/home/ros2/ros2_learn/fish_protocol/examples/example_ros2/example_fish_protocol/install/example_fish_protocol/share/example_fish_protocol/package.sh'
[17.798s] INFO:colcon.colcon_core.shell:Creating package script '/home/ros2/ros2_learn/fish_protocol/examples/example_ros2/example_fish_protocol/install/example_fish_protocol/share/example_fish_protocol/package.bash'
[17.799s] INFO:colcon.colcon_core.shell:Creating package script '/home/ros2/ros2_learn/fish_protocol/examples/example_ros2/example_fish_protocol/install/example_fish_protocol/share/example_fish_protocol/package.zsh'
[17.800s] Level 1:colcon.colcon_core.environment:create_file_with_runtime_dependencies(/home/ros2/ros2_learn/fish_protocol/examples/example_ros2/example_fish_protocol/install/example_fish_protocol/share/colcon-core/packages/example_fish_protocol)
[17.800s] DEBUG:colcon.colcon_parallel_executor.executor.parallel:closing loop
[17.801s] DEBUG:colcon.colcon_parallel_executor.executor.parallel:loop closed
[17.801s] DEBUG:colcon.colcon_parallel_executor.executor.parallel:run_until_complete finished with '0'
[17.802s] DEBUG:colcon.colcon_core.event_reactor:joining thread
[17.811s] INFO:colcon.colcon_core.plugin_system:Skipping extension 'colcon_notification.desktop_notification.terminal_notifier': Not used on non-Darwin systems
[17.811s] INFO:colcon.colcon_core.plugin_system:Skipping extension 'colcon_notification.desktop_notification.win32': Not used on non-Windows systems
[17.812s] INFO:colcon.colcon_notification.desktop_notification:Sending desktop notification using 'notify2'
[17.853s] DEBUG:colcon.colcon_core.event_reactor:joined thread
[17.862s] INFO:colcon.colcon_core.shell:Creating prefix script '/home/ros2/ros2_learn/fish_protocol/examples/example_ros2/example_fish_protocol/install/local_setup.ps1'
[17.864s] INFO:colcon.colcon_core.shell:Creating prefix util module '/home/ros2/ros2_learn/fish_protocol/examples/example_ros2/example_fish_protocol/install/_local_setup_util_ps1.py'
[17.867s] INFO:colcon.colcon_core.shell:Creating prefix chain script '/home/ros2/ros2_learn/fish_protocol/examples/example_ros2/example_fish_protocol/install/setup.ps1'
[17.871s] INFO:colcon.colcon_core.shell:Creating prefix script '/home/ros2/ros2_learn/fish_protocol/examples/example_ros2/example_fish_protocol/install/local_setup.sh'
[17.872s] INFO:colcon.colcon_core.shell:Creating prefix util module '/home/ros2/ros2_learn/fish_protocol/examples/example_ros2/example_fish_protocol/install/_local_setup_util_sh.py'
[17.873s] INFO:colcon.colcon_core.shell:Creating prefix chain script '/home/ros2/ros2_learn/fish_protocol/examples/example_ros2/example_fish_protocol/install/setup.sh'
[17.878s] INFO:colcon.colcon_core.shell:Creating prefix script '/home/ros2/ros2_learn/fish_protocol/examples/example_ros2/example_fish_protocol/install/local_setup.bash'
[17.880s] INFO:colcon.colcon_core.shell:Creating prefix chain script '/home/ros2/ros2_learn/fish_protocol/examples/example_ros2/example_fish_protocol/install/setup.bash'
[17.885s] INFO:colcon.colcon_core.shell:Creating prefix script '/home/ros2/ros2_learn/fish_protocol/examples/example_ros2/example_fish_protocol/install/local_setup.zsh'
[17.885s] INFO:colcon.colcon_core.shell:Creating prefix chain script '/home/ros2/ros2_learn/fish_protocol/examples/example_ros2/example_fish_protocol/install/setup.zsh'
