[0.040s] Invoking command in '/home/ros2/ros2_learn/fish_protocol/examples/example_ros2/example_fish_protocol/build/example_fish_protocol': CMAKE_PREFIX_PATH=${CMAKE_PREFIX_PATH}:/opt/ros/galactic /usr/bin/cmake --build /home/ros2/ros2_learn/fish_protocol/examples/example_ros2/example_fish_protocol/build/example_fish_protocol -- -j4 -l4
[0.188s] [100%] Built target example_fish_protocol
[0.214s] Invoked command in '/home/ros2/ros2_learn/fish_protocol/examples/example_ros2/example_fish_protocol/build/example_fish_protocol' returned '0': CMAKE_PREFIX_PATH=${CMAKE_PREFIX_PATH}:/opt/ros/galactic /usr/bin/cmake --build /home/ros2/ros2_learn/fish_protocol/examples/example_ros2/example_fish_protocol/build/example_fish_protocol -- -j4 -l4
[0.287s] Invoking command in '/home/ros2/ros2_learn/fish_protocol/examples/example_ros2/example_fish_protocol/build/example_fish_protocol': CMAKE_PREFIX_PATH=${CMAKE_PREFIX_PATH}:/opt/ros/galactic /usr/bin/cmake --install /home/ros2/ros2_learn/fish_protocol/examples/example_ros2/example_fish_protocol/build/example_fish_protocol
[0.310s] -- Install configuration: ""
[0.313s] -- Up-to-date: /home/ros2/ros2_learn/fish_protocol/examples/example_ros2/example_fish_protocol/install/example_fish_protocol/lib/example_fish_protocol/example_fish_protocol
[0.315s] -- Up-to-date: /home/ros2/ros2_learn/fish_protocol/examples/example_ros2/example_fish_protocol/install/example_fish_protocol/share/ament_index/resource_index/package_run_dependencies/example_fish_protocol
[0.316s] -- Up-to-date: /home/ros2/ros2_learn/fish_protocol/examples/example_ros2/example_fish_protocol/install/example_fish_protocol/share/ament_index/resource_index/parent_prefix_path/example_fish_protocol
[0.316s] -- Up-to-date: /home/ros2/ros2_learn/fish_protocol/examples/example_ros2/example_fish_protocol/install/example_fish_protocol/share/example_fish_protocol/environment/ament_prefix_path.sh
[0.317s] -- Up-to-date: /home/ros2/ros2_learn/fish_protocol/examples/example_ros2/example_fish_protocol/install/example_fish_protocol/share/example_fish_protocol/environment/ament_prefix_path.dsv
[0.317s] -- Up-to-date: /home/ros2/ros2_learn/fish_protocol/examples/example_ros2/example_fish_protocol/install/example_fish_protocol/share/example_fish_protocol/environment/path.sh
[0.318s] -- Up-to-date: /home/ros2/ros2_learn/fish_protocol/examples/example_ros2/example_fish_protocol/install/example_fish_protocol/share/example_fish_protocol/environment/path.dsv
[0.318s] -- Up-to-date: /home/ros2/ros2_learn/fish_protocol/examples/example_ros2/example_fish_protocol/install/example_fish_protocol/share/example_fish_protocol/local_setup.bash
[0.319s] -- Up-to-date: /home/ros2/ros2_learn/fish_protocol/examples/example_ros2/example_fish_protocol/install/example_fish_protocol/share/example_fish_protocol/local_setup.sh
[0.319s] -- Up-to-date: /home/ros2/ros2_learn/fish_protocol/examples/example_ros2/example_fish_protocol/install/example_fish_protocol/share/example_fish_protocol/local_setup.zsh
[0.320s] -- Up-to-date: /home/ros2/ros2_learn/fish_protocol/examples/example_ros2/example_fish_protocol/install/example_fish_protocol/share/example_fish_protocol/local_setup.dsv
[0.321s] -- Installing: /home/ros2/ros2_learn/fish_protocol/examples/example_ros2/example_fish_protocol/install/example_fish_protocol/share/example_fish_protocol/package.dsv
[0.321s] -- Up-to-date: /home/ros2/ros2_learn/fish_protocol/examples/example_ros2/example_fish_protocol/install/example_fish_protocol/share/ament_index/resource_index/packages/example_fish_protocol
[0.322s] -- Up-to-date: /home/ros2/ros2_learn/fish_protocol/examples/example_ros2/example_fish_protocol/install/example_fish_protocol/share/example_fish_protocol/cmake/example_fish_protocolConfig.cmake
[0.322s] -- Up-to-date: /home/ros2/ros2_learn/fish_protocol/examples/example_ros2/example_fish_protocol/install/example_fish_protocol/share/example_fish_protocol/cmake/example_fish_protocolConfig-version.cmake
[0.322s] -- Up-to-date: /home/ros2/ros2_learn/fish_protocol/examples/example_ros2/example_fish_protocol/install/example_fish_protocol/share/example_fish_protocol/package.xml
[0.328s] Invoked command in '/home/ros2/ros2_learn/fish_protocol/examples/example_ros2/example_fish_protocol/build/example_fish_protocol' returned '0': CMAKE_PREFIX_PATH=${CMAKE_PREFIX_PATH}:/opt/ros/galactic /usr/bin/cmake --install /home/ros2/ros2_learn/fish_protocol/examples/example_ros2/example_fish_protocol/build/example_fish_protocol
