[0.637s] DEBUG:colcon:Command line arguments: ['/usr/bin/colcon', 'build', '--packages-select', 'fishbot_cartographer']
[0.637s] DEBUG:colcon:Parsed command line arguments: Namespace(allow_overriding=[], ament_cmake_args=None, base_paths=['.'], build_base='build', catkin_cmake_args=None, catkin_skip_building_tests=False, cmake_args=None, cmake_clean_cache=False, cmake_clean_first=False, cmake_force_configure=False, cmake_target=None, cmake_target_skip_unavailable=False, continue_on_error=False, event_handlers=None, executor='parallel', ignore_user_meta=False, install_base='install', log_base=None, log_level=None, main=<bound method BuildVerb.main of <colcon_core.verb.build.BuildVerb object at 0x7f385f94dc40>>, merge_install=False, metas=['./colcon.meta'], packages_above=None, packages_above_and_dependencies=None, packages_above_depth=None, packages_end=None, packages_ignore=None, packages_ignore_regex=None, packages_select=['fishbot_cartographer'], packages_select_build_failed=False, packages_select_by_dep=None, packages_select_regex=None, packages_select_test_failures=False, packages_skip=None, packages_skip_build_finished=False, packages_skip_by_dep=None, packages_skip_regex=None, packages_skip_test_passed=False, packages_skip_up_to=None, packages_start=None, packages_up_to=None, packages_up_to_regex=None, parallel_workers=4, paths=None, symlink_install=False, test_result_base=None, verb_extension=<colcon_core.verb.build.BuildVerb object at 0x7f385f94dc40>, verb_name='build', verb_parser=<colcon_defaults.argument_parser.defaults.DefaultArgumentsDecorator object at 0x7f385f8b5ac0>)
[0.730s] Level 1:colcon.colcon_core.package_discovery:discover_packages(colcon_meta) check parameters
[0.730s] Level 1:colcon.colcon_core.package_discovery:discover_packages(recursive) check parameters
[0.730s] Level 1:colcon.colcon_core.package_discovery:discover_packages(ignore) check parameters
[0.730s] Level 1:colcon.colcon_core.package_discovery:discover_packages(path) check parameters
[0.730s] Level 1:colcon.colcon_core.package_discovery:discover_packages(colcon_meta) discover
[0.730s] Level 1:colcon.colcon_core.package_discovery:discover_packages(recursive) discover
[0.731s] INFO:colcon.colcon_core.package_discovery:Crawling recursively for packages in '/home/ros2/ros2_learn/fishbot_ws/src/fishbot_cartographer'
[0.731s] Level 1:colcon.colcon_core.package_identification:_identify(.) by extensions ['ignore', 'ignore_ament_install']
[0.731s] Level 1:colcon.colcon_core.package_identification:_identify(.) by extension 'ignore'
[0.731s] Level 1:colcon.colcon_core.package_identification:_identify(.) by extension 'ignore_ament_install'
[0.731s] Level 1:colcon.colcon_core.package_identification:_identify(.) by extensions ['colcon_pkg']
[0.732s] Level 1:colcon.colcon_core.package_identification:_identify(.) by extension 'colcon_pkg'
[0.732s] Level 1:colcon.colcon_core.package_identification:_identify(.) by extensions ['colcon_meta']
[0.732s] Level 1:colcon.colcon_core.package_identification:_identify(.) by extension 'colcon_meta'
[0.732s] Level 1:colcon.colcon_core.package_identification:_identify(.) by extensions ['ros']
[0.732s] Level 1:colcon.colcon_core.package_identification:_identify(.) by extension 'ros'
[0.767s] DEBUG:colcon.colcon_core.package_identification:Package '.' with type 'ros.ament_cmake' and name 'fishbot_cartographer'
[0.767s] Level 1:colcon.colcon_core.package_discovery:discover_packages(recursive) using defaults
[0.767s] Level 1:colcon.colcon_core.package_discovery:discover_packages(ignore) discover
[0.767s] Level 1:colcon.colcon_core.package_discovery:discover_packages(ignore) using defaults
[0.767s] Level 1:colcon.colcon_core.package_discovery:discover_packages(path) discover
[0.767s] Level 1:colcon.colcon_core.package_discovery:discover_packages(path) using defaults
[0.823s] Level 1:colcon.colcon_core.package_discovery:discover_packages(prefix_path) check parameters
[0.823s] Level 1:colcon.colcon_core.package_discovery:discover_packages(prefix_path) discover
[0.833s] DEBUG:colcon.colcon_installed_package_information.package_discovery:Found 3 installed packages in /home/ros2/ros2_learn/fishbot_ws/install
[0.839s] DEBUG:colcon.colcon_installed_package_information.package_discovery:Found 300 installed packages in /opt/ros/galactic
[0.844s] Level 1:colcon.colcon_core.package_discovery:discover_packages(prefix_path) using defaults
[0.988s] Level 5:colcon.colcon_core.verb:set package 'fishbot_cartographer' build argument 'cmake_args' from command line to 'None'
[0.988s] Level 5:colcon.colcon_core.verb:set package 'fishbot_cartographer' build argument 'cmake_target' from command line to 'None'
[0.988s] Level 5:colcon.colcon_core.verb:set package 'fishbot_cartographer' build argument 'cmake_target_skip_unavailable' from command line to 'False'
[0.988s] Level 5:colcon.colcon_core.verb:set package 'fishbot_cartographer' build argument 'cmake_clean_cache' from command line to 'False'
[0.988s] Level 5:colcon.colcon_core.verb:set package 'fishbot_cartographer' build argument 'cmake_clean_first' from command line to 'False'
[0.988s] Level 5:colcon.colcon_core.verb:set package 'fishbot_cartographer' build argument 'cmake_force_configure' from command line to 'False'
[0.988s] Level 5:colcon.colcon_core.verb:set package 'fishbot_cartographer' build argument 'ament_cmake_args' from command line to 'None'
[0.988s] Level 5:colcon.colcon_core.verb:set package 'fishbot_cartographer' build argument 'catkin_cmake_args' from command line to 'None'
[0.989s] Level 5:colcon.colcon_core.verb:set package 'fishbot_cartographer' build argument 'catkin_skip_building_tests' from command line to 'False'
[0.989s] DEBUG:colcon.colcon_core.verb:Building package 'fishbot_cartographer' with the following arguments: {'ament_cmake_args': None, 'build_base': '/home/ros2/ros2_learn/fishbot_ws/src/fishbot_cartographer/build/fishbot_cartographer', 'catkin_cmake_args': None, 'catkin_skip_building_tests': False, 'cmake_args': None, 'cmake_clean_cache': False, 'cmake_clean_first': False, 'cmake_force_configure': False, 'cmake_target': None, 'cmake_target_skip_unavailable': False, 'install_base': '/home/ros2/ros2_learn/fishbot_ws/src/fishbot_cartographer/install/fishbot_cartographer', 'merge_install': False, 'path': '/home/ros2/ros2_learn/fishbot_ws/src/fishbot_cartographer', 'symlink_install': False, 'test_result_base': None}
[0.991s] INFO:colcon.colcon_core.executor:Executing jobs using 'parallel' executor
[0.999s] DEBUG:colcon.colcon_parallel_executor.executor.parallel:run_until_complete
[0.999s] INFO:colcon.colcon_ros.task.ament_cmake.build:Building ROS package in '/home/ros2/ros2_learn/fishbot_ws/src/fishbot_cartographer' with build type 'ament_cmake'
[0.999s] INFO:colcon.colcon_cmake.task.cmake.build:Building CMake package in '/home/ros2/ros2_learn/fishbot_ws/src/fishbot_cartographer'
[1.006s] INFO:colcon.colcon_core.plugin_system:Skipping extension 'colcon_core.shell.bat': Not used on non-Windows systems
[1.007s] INFO:colcon.colcon_core.shell:Skip shell extension 'powershell' for command environment: Not usable outside of PowerShell
[1.007s] DEBUG:colcon.colcon_core.shell:Skip shell extension 'dsv' for command environment
[1.029s] DEBUG:colcon.colcon_core.event_handler.log_command:Invoking command in '/home/ros2/ros2_learn/fishbot_ws/src/fishbot_cartographer/build/fishbot_cartographer': CMAKE_PREFIX_PATH=${CMAKE_PREFIX_PATH}:/opt/ros/galactic /usr/bin/cmake /home/ros2/ros2_learn/fishbot_ws/src/fishbot_cartographer -DCMAKE_INSTALL_PREFIX=/home/ros2/ros2_learn/fishbot_ws/src/fishbot_cartographer/install/fishbot_cartographer
[2.646s] DEBUG:colcon.colcon_core.event_handler.log_command:Invoked command in '/home/ros2/ros2_learn/fishbot_ws/src/fishbot_cartographer/build/fishbot_cartographer' returned '0': CMAKE_PREFIX_PATH=${CMAKE_PREFIX_PATH}:/opt/ros/galactic /usr/bin/cmake /home/ros2/ros2_learn/fishbot_ws/src/fishbot_cartographer -DCMAKE_INSTALL_PREFIX=/home/ros2/ros2_learn/fishbot_ws/src/fishbot_cartographer/install/fishbot_cartographer
[2.655s] DEBUG:colcon.colcon_core.event_handler.log_command:Invoking command in '/home/ros2/ros2_learn/fishbot_ws/src/fishbot_cartographer/build/fishbot_cartographer': CMAKE_PREFIX_PATH=${CMAKE_PREFIX_PATH}:/opt/ros/galactic /usr/bin/cmake --build /home/ros2/ros2_learn/fishbot_ws/src/fishbot_cartographer/build/fishbot_cartographer -- -j4 -l4
[2.781s] DEBUG:colcon.colcon_core.event_handler.log_command:Invoked command in '/home/ros2/ros2_learn/fishbot_ws/src/fishbot_cartographer/build/fishbot_cartographer' returned '0': CMAKE_PREFIX_PATH=${CMAKE_PREFIX_PATH}:/opt/ros/galactic /usr/bin/cmake --build /home/ros2/ros2_learn/fishbot_ws/src/fishbot_cartographer/build/fishbot_cartographer -- -j4 -l4
[2.922s] DEBUG:colcon.colcon_core.event_handler.log_command:Invoking command in '/home/ros2/ros2_learn/fishbot_ws/src/fishbot_cartographer/build/fishbot_cartographer': CMAKE_PREFIX_PATH=${CMAKE_PREFIX_PATH}:/opt/ros/galactic /usr/bin/cmake --install /home/ros2/ros2_learn/fishbot_ws/src/fishbot_cartographer/build/fishbot_cartographer
[2.949s] Level 1:colcon.colcon_core.environment:create_environment_scripts_only(fishbot_cartographer)
[2.956s] DEBUG:colcon.colcon_core.event_handler.log_command:Invoked command in '/home/ros2/ros2_learn/fishbot_ws/src/fishbot_cartographer/build/fishbot_cartographer' returned '0': CMAKE_PREFIX_PATH=${CMAKE_PREFIX_PATH}:/opt/ros/galactic /usr/bin/cmake --install /home/ros2/ros2_learn/fishbot_ws/src/fishbot_cartographer/build/fishbot_cartographer
[2.973s] Level 1:colcon.colcon_core.environment:checking '/home/ros2/ros2_learn/fishbot_ws/src/fishbot_cartographer/install/fishbot_cartographer' for CMake module files
[2.973s] Level 1:colcon.colcon_core.environment:checking '/home/ros2/ros2_learn/fishbot_ws/src/fishbot_cartographer/install/fishbot_cartographer' for CMake config files
[2.974s] Level 1:colcon.colcon_core.shell:create_environment_hook('fishbot_cartographer', 'cmake_prefix_path')
[2.994s] INFO:colcon.colcon_core.shell:Creating environment hook '/home/ros2/ros2_learn/fishbot_ws/src/fishbot_cartographer/install/fishbot_cartographer/share/fishbot_cartographer/hook/cmake_prefix_path.ps1'
[2.997s] INFO:colcon.colcon_core.shell:Creating environment descriptor '/home/ros2/ros2_learn/fishbot_ws/src/fishbot_cartographer/install/fishbot_cartographer/share/fishbot_cartographer/hook/cmake_prefix_path.dsv'
[2.998s] INFO:colcon.colcon_core.shell:Creating environment hook '/home/ros2/ros2_learn/fishbot_ws/src/fishbot_cartographer/install/fishbot_cartographer/share/fishbot_cartographer/hook/cmake_prefix_path.sh'
[3.001s] Level 1:colcon.colcon_core.environment:checking '/home/ros2/ros2_learn/fishbot_ws/src/fishbot_cartographer/install/fishbot_cartographer/bin'
[3.002s] Level 1:colcon.colcon_core.environment:checking '/home/ros2/ros2_learn/fishbot_ws/src/fishbot_cartographer/install/fishbot_cartographer/lib/pkgconfig/fishbot_cartographer.pc'
[3.010s] Level 1:colcon.colcon_core.environment:checking '/home/ros2/ros2_learn/fishbot_ws/src/fishbot_cartographer/install/fishbot_cartographer/lib/python3.8/site-packages'
[3.011s] Level 1:colcon.colcon_core.environment:checking '/home/ros2/ros2_learn/fishbot_ws/src/fishbot_cartographer/install/fishbot_cartographer/bin'
[3.023s] INFO:colcon.colcon_core.shell:Creating package script '/home/ros2/ros2_learn/fishbot_ws/src/fishbot_cartographer/install/fishbot_cartographer/share/fishbot_cartographer/package.ps1'
[3.027s] INFO:colcon.colcon_core.shell:Creating package descriptor '/home/ros2/ros2_learn/fishbot_ws/src/fishbot_cartographer/install/fishbot_cartographer/share/fishbot_cartographer/package.dsv'
[3.028s] INFO:colcon.colcon_core.shell:Creating package script '/home/ros2/ros2_learn/fishbot_ws/src/fishbot_cartographer/install/fishbot_cartographer/share/fishbot_cartographer/package.sh'
[3.031s] INFO:colcon.colcon_core.shell:Creating package script '/home/ros2/ros2_learn/fishbot_ws/src/fishbot_cartographer/install/fishbot_cartographer/share/fishbot_cartographer/package.bash'
[3.033s] INFO:colcon.colcon_core.shell:Creating package script '/home/ros2/ros2_learn/fishbot_ws/src/fishbot_cartographer/install/fishbot_cartographer/share/fishbot_cartographer/package.zsh'
[3.036s] Level 1:colcon.colcon_core.environment:create_file_with_runtime_dependencies(/home/ros2/ros2_learn/fishbot_ws/src/fishbot_cartographer/install/fishbot_cartographer/share/colcon-core/packages/fishbot_cartographer)
[3.100s] Level 1:colcon.colcon_core.environment:create_environment_scripts_only(fishbot_cartographer)
[3.108s] Level 1:colcon.colcon_core.environment:checking '/home/ros2/ros2_learn/fishbot_ws/src/fishbot_cartographer/install/fishbot_cartographer' for CMake module files
[3.109s] Level 1:colcon.colcon_core.environment:checking '/home/ros2/ros2_learn/fishbot_ws/src/fishbot_cartographer/install/fishbot_cartographer' for CMake config files
[3.109s] Level 1:colcon.colcon_core.shell:create_environment_hook('fishbot_cartographer', 'cmake_prefix_path')
[3.116s] INFO:colcon.colcon_core.shell:Creating environment hook '/home/ros2/ros2_learn/fishbot_ws/src/fishbot_cartographer/install/fishbot_cartographer/share/fishbot_cartographer/hook/cmake_prefix_path.ps1'
[3.118s] INFO:colcon.colcon_core.shell:Creating environment descriptor '/home/ros2/ros2_learn/fishbot_ws/src/fishbot_cartographer/install/fishbot_cartographer/share/fishbot_cartographer/hook/cmake_prefix_path.dsv'
[3.119s] INFO:colcon.colcon_core.shell:Creating environment hook '/home/ros2/ros2_learn/fishbot_ws/src/fishbot_cartographer/install/fishbot_cartographer/share/fishbot_cartographer/hook/cmake_prefix_path.sh'
[3.121s] Level 1:colcon.colcon_core.environment:checking '/home/ros2/ros2_learn/fishbot_ws/src/fishbot_cartographer/install/fishbot_cartographer/bin'
[3.121s] Level 1:colcon.colcon_core.environment:checking '/home/ros2/ros2_learn/fishbot_ws/src/fishbot_cartographer/install/fishbot_cartographer/lib/pkgconfig/fishbot_cartographer.pc'
[3.122s] Level 1:colcon.colcon_core.environment:checking '/home/ros2/ros2_learn/fishbot_ws/src/fishbot_cartographer/install/fishbot_cartographer/lib/python3.8/site-packages'
[3.122s] Level 1:colcon.colcon_core.environment:checking '/home/ros2/ros2_learn/fishbot_ws/src/fishbot_cartographer/install/fishbot_cartographer/bin'
[3.128s] INFO:colcon.colcon_core.shell:Creating package script '/home/ros2/ros2_learn/fishbot_ws/src/fishbot_cartographer/install/fishbot_cartographer/share/fishbot_cartographer/package.ps1'
[3.130s] INFO:colcon.colcon_core.shell:Creating package descriptor '/home/ros2/ros2_learn/fishbot_ws/src/fishbot_cartographer/install/fishbot_cartographer/share/fishbot_cartographer/package.dsv'
[3.132s] INFO:colcon.colcon_core.shell:Creating package script '/home/ros2/ros2_learn/fishbot_ws/src/fishbot_cartographer/install/fishbot_cartographer/share/fishbot_cartographer/package.sh'
[3.133s] INFO:colcon.colcon_core.shell:Creating package script '/home/ros2/ros2_learn/fishbot_ws/src/fishbot_cartographer/install/fishbot_cartographer/share/fishbot_cartographer/package.bash'
[3.134s] INFO:colcon.colcon_core.shell:Creating package script '/home/ros2/ros2_learn/fishbot_ws/src/fishbot_cartographer/install/fishbot_cartographer/share/fishbot_cartographer/package.zsh'
[3.135s] Level 1:colcon.colcon_core.environment:create_file_with_runtime_dependencies(/home/ros2/ros2_learn/fishbot_ws/src/fishbot_cartographer/install/fishbot_cartographer/share/colcon-core/packages/fishbot_cartographer)
[3.136s] DEBUG:colcon.colcon_parallel_executor.executor.parallel:closing loop
[3.137s] DEBUG:colcon.colcon_parallel_executor.executor.parallel:loop closed
[3.137s] DEBUG:colcon.colcon_parallel_executor.executor.parallel:run_until_complete finished with '0'
[3.141s] DEBUG:colcon.colcon_core.event_reactor:joining thread
[3.151s] INFO:colcon.colcon_core.plugin_system:Skipping extension 'colcon_notification.desktop_notification.terminal_notifier': Not used on non-Darwin systems
[3.152s] INFO:colcon.colcon_core.plugin_system:Skipping extension 'colcon_notification.desktop_notification.win32': Not used on non-Windows systems
[3.152s] INFO:colcon.colcon_notification.desktop_notification:Sending desktop notification using 'notify2'
[3.199s] DEBUG:colcon.colcon_core.event_reactor:joined thread
[3.206s] INFO:colcon.colcon_core.shell:Creating prefix script '/home/ros2/ros2_learn/fishbot_ws/src/fishbot_cartographer/install/local_setup.ps1'
[3.208s] INFO:colcon.colcon_core.shell:Creating prefix util module '/home/ros2/ros2_learn/fishbot_ws/src/fishbot_cartographer/install/_local_setup_util_ps1.py'
[3.220s] INFO:colcon.colcon_core.shell:Creating prefix chain script '/home/ros2/ros2_learn/fishbot_ws/src/fishbot_cartographer/install/setup.ps1'
[3.228s] INFO:colcon.colcon_core.shell:Creating prefix script '/home/ros2/ros2_learn/fishbot_ws/src/fishbot_cartographer/install/local_setup.sh'
[3.230s] INFO:colcon.colcon_core.shell:Creating prefix util module '/home/ros2/ros2_learn/fishbot_ws/src/fishbot_cartographer/install/_local_setup_util_sh.py'
[3.232s] INFO:colcon.colcon_core.shell:Creating prefix chain script '/home/ros2/ros2_learn/fishbot_ws/src/fishbot_cartographer/install/setup.sh'
[3.239s] INFO:colcon.colcon_core.shell:Creating prefix script '/home/ros2/ros2_learn/fishbot_ws/src/fishbot_cartographer/install/local_setup.bash'
[3.241s] INFO:colcon.colcon_core.shell:Creating prefix chain script '/home/ros2/ros2_learn/fishbot_ws/src/fishbot_cartographer/install/setup.bash'
[3.255s] INFO:colcon.colcon_core.shell:Creating prefix script '/home/ros2/ros2_learn/fishbot_ws/src/fishbot_cartographer/install/local_setup.zsh'
[3.256s] INFO:colcon.colcon_core.shell:Creating prefix chain script '/home/ros2/ros2_learn/fishbot_ws/src/fishbot_cartographer/install/setup.zsh'
