[1.815s] Invoking command in '/home/ros2/ros2_learn/turtle_ws/src/village_li': PYTHONPATH=/home/ros2/ros2_learn/turtle_ws/src/build/village_li/prefix_override:/home/ros2/ros2_learn/turtle_ws/src/install/village_li/lib/python3.8/site-packages:${PYTHONPATH} /usr/bin/python3 setup.py egg_info --egg-base ../build/village_li build --build-base /home/ros2/ros2_learn/turtle_ws/src/build/village_li/build install --record /home/ros2/ros2_learn/turtle_ws/src/build/village_li/install.log --single-version-externally-managed
[2.142s] running egg_info
[2.144s] writing ../build/village_li/village_li.egg-info/PKG-INFO
[2.145s] writing dependency_links to ../build/village_li/village_li.egg-info/dependency_links.txt
[2.146s] writing entry points to ../build/village_li/village_li.egg-info/entry_points.txt
[2.146s] writing requirements to ../build/village_li/village_li.egg-info/requires.txt
[2.147s] writing top-level names to ../build/village_li/village_li.egg-info/top_level.txt
[2.232s] reading manifest file '../build/village_li/village_li.egg-info/SOURCES.txt'
[2.234s] writing manifest file '../build/village_li/village_li.egg-info/SOURCES.txt'
[2.235s] running build
[2.235s] running build_py
[2.235s] copying village_li/li4.py -> /home/ros2/ros2_learn/turtle_ws/src/build/village_li/build/lib/village_li
[2.235s] running install
[2.238s] running install_lib
[2.241s] copying /home/ros2/ros2_learn/turtle_ws/src/build/village_li/build/lib/village_li/li4.py -> /home/ros2/ros2_learn/turtle_ws/src/install/village_li/lib/python3.8/site-packages/village_li
[2.243s] byte-compiling /home/ros2/ros2_learn/turtle_ws/src/install/village_li/lib/python3.8/site-packages/village_li/li4.py to li4.cpython-38.pyc
[2.247s] running install_data
[2.249s] running install_egg_info
[2.254s] removing '/home/ros2/ros2_learn/turtle_ws/src/install/village_li/lib/python3.8/site-packages/village_li-0.0.0-py3.8.egg-info' (and everything under it)
[2.255s] Copying ../build/village_li/village_li.egg-info to /home/ros2/ros2_learn/turtle_ws/src/install/village_li/lib/python3.8/site-packages/village_li-0.0.0-py3.8.egg-info
[2.257s] running install_scripts
[2.294s] Installing li4_node script to /home/ros2/ros2_learn/turtle_ws/src/install/village_li/lib/village_li
[2.295s] writing list of installed files to '/home/ros2/ros2_learn/turtle_ws/src/build/village_li/install.log'
[2.328s] Invoked command in '/home/ros2/ros2_learn/turtle_ws/src/village_li' returned '0': PYTHONPATH=/home/ros2/ros2_learn/turtle_ws/src/build/village_li/prefix_override:/home/ros2/ros2_learn/turtle_ws/src/install/village_li/lib/python3.8/site-packages:${PYTHONPATH} /usr/bin/python3 setup.py egg_info --egg-base ../build/village_li build --build-base /home/ros2/ros2_learn/turtle_ws/src/build/village_li/build install --record /home/ros2/ros2_learn/turtle_ws/src/build/village_li/install.log --single-version-externally-managed
