[0.033s] Invoking command in '/home/ros2/ros2_learn/fishbot_ws/build/nav2_util': AMENT_PREFIX_PATH=/home/ros2/ros2_learn/fishbot_ws/install/nav2_msgs:/home/ros2/ros2_learn/fishbot_ws/install/nav2_common:${AMENT_PREFIX_PATH} CMAKE_PREFIX_PATH=/home/ros2/ros2_learn/fishbot_ws/install/nav2_msgs:/home/ros2/ros2_learn/fishbot_ws/install/nav2_common:/opt/ros/galactic LD_LIBRARY_PATH=/home/ros2/ros2_learn/fishbot_ws/install/nav2_msgs/lib:${LD_LIBRARY_PATH} PYTHONPATH=/home/ros2/ros2_learn/fishbot_ws/install/nav2_msgs/lib/python3.8/site-packages:/home/ros2/ros2_learn/fishbot_ws/install/nav2_common/lib/python3.8/site-packages:${PYTHONPATH} /usr/bin/cmake /home/ros2/ros2_learn/fishbot_ws/src/navigation2/nav2_util -DCMAKE_INSTALL_PREFIX=/home/ros2/ros2_learn/fishbot_ws/install/nav2_util
[0.131s] -- The C compiler identification is GNU 9.4.0
[0.204s] -- The CXX compiler identification is GNU 9.4.0
[0.204s] -- Check for working C compiler: /usr/bin/cc
[0.312s] -- Check for working C compiler: /usr/bin/cc -- works
[0.312s] -- Detecting C compiler ABI info
[0.431s] -- Detecting C compiler ABI info - done
[0.457s] -- Detecting C compile features
[0.458s] -- Detecting C compile features - done
[0.465s] -- Check for working CXX compiler: /usr/bin/c++
[0.611s] -- Check for working CXX compiler: /usr/bin/c++ -- works
[0.612s] -- Detecting CXX compiler ABI info
[0.772s] -- Detecting CXX compiler ABI info - done
[0.795s] -- Detecting CXX compile features
[0.797s] -- Detecting CXX compile features - done
[0.804s] -- Found ament_cmake: 1.1.6 (/opt/ros/galactic/share/ament_cmake/cmake)
[0.866s] -- Found PythonInterp: /usr/bin/python3 (found suitable version "3.8.10", minimum required is "3") 
[0.867s] -- Using PYTHON_EXECUTABLE: /usr/bin/python3
[1.008s] -- Found nav2_common: 1.0.12 (/home/ros2/ros2_learn/fishbot_ws/install/nav2_common/share/nav2_common/cmake)
[1.008s] -- Found nav2_msgs: 1.0.12 (/home/ros2/ros2_learn/fishbot_ws/install/nav2_msgs/share/nav2_msgs/cmake)
[1.050s] -- Using all available rosidl_typesupport_c: rosidl_typesupport_fastrtps_c;rosidl_typesupport_introspection_c
[1.057s] -- Found rosidl_adapter: 2.2.3 (/opt/ros/galactic/share/rosidl_adapter/cmake)
[1.218s] -- Found OpenSSL: /usr/lib/x86_64-linux-gnu/libcrypto.so (found version "1.1.1f")  
[1.284s] -- Found FastRTPS: /opt/ros/galactic/include  
[1.466s] -- Using all available rosidl_typesupport_cpp: rosidl_typesupport_fastrtps_cpp;rosidl_typesupport_introspection_cpp
[2.124s] -- Found tf2_ros: 0.17.5 (/opt/ros/galactic/share/tf2_ros/cmake)
[2.299s] -- Found rmw_implementation_cmake: 3.3.1 (/opt/ros/galactic/share/rmw_implementation_cmake/cmake)
[2.306s] -- Found rmw_cyclonedds_cpp: 0.22.6 (/opt/ros/galactic/share/rmw_cyclonedds_cpp/cmake)
[2.380s] -- Using RMW implementation 'rmw_cyclonedds_cpp' as default
[2.382s] -- Looking for pthread.h
[2.560s] -- Looking for pthread.h - found
[2.561s] -- Performing Test CMAKE_HAVE_LIBC_PTHREAD
[2.676s] -- Performing Test CMAKE_HAVE_LIBC_PTHREAD - Failed
[2.676s] -- Looking for pthread_create in pthreads
[2.753s] -- Looking for pthread_create in pthreads - not found
[2.754s] -- Looking for pthread_create in pthread
[2.863s] -- Looking for pthread_create in pthread - found
[2.867s] -- Found Threads: TRUE  
[3.453s] -- Found tf2_geometry_msgs: 0.17.5 (/opt/ros/galactic/share/tf2_geometry_msgs/cmake)
[3.481s] -- Found eigen3_cmake_module: 0.1.1 (/opt/ros/galactic/share/eigen3_cmake_module/cmake)
[3.486s] -- Found Eigen3: TRUE (found version "3.3.7") 
[3.530s] -- Found lifecycle_msgs: 1.0.3 (/opt/ros/galactic/share/lifecycle_msgs/cmake)
[3.549s] -- Found rclcpp_lifecycle: 9.2.2 (/opt/ros/galactic/share/rclcpp_lifecycle/cmake)
[3.578s] -- Found bondcpp: 3.0.1 (/opt/ros/galactic/share/bondcpp/cmake)
[3.705s] -- Setting build type to Release as none was specified.
[3.741s] -- Found Boost: /usr/lib/x86_64-linux-gnu/cmake/Boost-1.71.0/BoostConfig.cmake (found version "1.71.0") found components: program_options 
[3.745s] -- Found ament_lint_auto: 0.10.7 (/opt/ros/galactic/share/ament_lint_auto/cmake)
[3.748s] -- Found ament_cmake_pytest: 1.1.6 (/opt/ros/galactic/share/ament_cmake_pytest/cmake)
[3.751s] -- Found launch_testing_ament_cmake: 0.17.2 (/opt/ros/galactic/share/launch_testing_ament_cmake/cmake)
[3.753s] -- Found python_cmake_module: 0.8.1 (/opt/ros/galactic/share/python_cmake_module/cmake)
[3.779s] -- Found PythonInterp: /usr/bin/python3 (found suitable version "3.8.10", minimum required is "3.5") 
[3.786s] -- Found PythonLibs: /usr/lib/x86_64-linux-gnu/libpython3.8.so (found suitable version "3.8.10", minimum required is "3.5") 
[3.786s] -- Using PYTHON_EXECUTABLE: /usr/bin/python3
[3.786s] -- Using PYTHON_INCLUDE_DIRS: /usr/include/python3.8
[3.786s] -- Using PYTHON_LIBRARIES: /usr/lib/x86_64-linux-gnu/libpython3.8.so
[3.848s] -- Found PythonExtra: .so  
[4.238s] -- Found gtest sources under '/opt/ros/galactic/src/gtest_vendor': C++ tests using 'Google Test' will be built
[4.240s] -- Check if compiler accepts -pthread
[4.342s] -- Check if compiler accepts -pthread - yes
[4.388s] -- Added test 'copyright' to check source files copyright and LICENSE
[4.390s] -- Added test 'cppcheck' to perform static code analysis on C / C++ code
[4.391s] -- Configured cppcheck include dirs: /home/ros2/ros2_learn/fishbot_ws/src/navigation2/nav2_util/include
[4.391s] -- Configured cppcheck exclude dirs and/or files: 
[4.396s] -- Added test 'cpplint' to check C / C++ code against the Google style
[4.396s] -- Configured cpplint exclude dirs and/or files: 
[4.397s] -- Added test 'flake8' to check Python code syntax and style conventions
[4.399s] -- Added test 'lint_cmake' to check CMake code style
[4.400s] -- Added test 'pep257' to check Python code against some of the style conventions in PEP 257
[4.402s] -- Added test 'uncrustify' to check C / C++ code style
[4.402s] -- Configured uncrustify additional arguments: 
[4.403s] -- Added test 'xmllint' to check XML markup files
[4.415s] -- Configuring done
[4.647s] -- Generating done
[4.653s] -- Build files have been written to: /home/ros2/ros2_learn/fishbot_ws/build/nav2_util
[4.676s] Invoked command in '/home/ros2/ros2_learn/fishbot_ws/build/nav2_util' returned '0': AMENT_PREFIX_PATH=/home/ros2/ros2_learn/fishbot_ws/install/nav2_msgs:/home/ros2/ros2_learn/fishbot_ws/install/nav2_common:${AMENT_PREFIX_PATH} CMAKE_PREFIX_PATH=/home/ros2/ros2_learn/fishbot_ws/install/nav2_msgs:/home/ros2/ros2_learn/fishbot_ws/install/nav2_common:/opt/ros/galactic LD_LIBRARY_PATH=/home/ros2/ros2_learn/fishbot_ws/install/nav2_msgs/lib:${LD_LIBRARY_PATH} PYTHONPATH=/home/ros2/ros2_learn/fishbot_ws/install/nav2_msgs/lib/python3.8/site-packages:/home/ros2/ros2_learn/fishbot_ws/install/nav2_common/lib/python3.8/site-packages:${PYTHONPATH} /usr/bin/cmake /home/ros2/ros2_learn/fishbot_ws/src/navigation2/nav2_util -DCMAKE_INSTALL_PREFIX=/home/ros2/ros2_learn/fishbot_ws/install/nav2_util
[4.683s] Invoking command in '/home/ros2/ros2_learn/fishbot_ws/build/nav2_util': AMENT_PREFIX_PATH=/home/ros2/ros2_learn/fishbot_ws/install/nav2_msgs:/home/ros2/ros2_learn/fishbot_ws/install/nav2_common:${AMENT_PREFIX_PATH} CMAKE_PREFIX_PATH=/home/ros2/ros2_learn/fishbot_ws/install/nav2_msgs:/home/ros2/ros2_learn/fishbot_ws/install/nav2_common:/opt/ros/galactic LD_LIBRARY_PATH=/home/ros2/ros2_learn/fishbot_ws/install/nav2_msgs/lib:${LD_LIBRARY_PATH} PYTHONPATH=/home/ros2/ros2_learn/fishbot_ws/install/nav2_msgs/lib/python3.8/site-packages:/home/ros2/ros2_learn/fishbot_ws/install/nav2_common/lib/python3.8/site-packages:${PYTHONPATH} /usr/bin/cmake --build /home/ros2/ros2_learn/fishbot_ws/build/nav2_util -- -j4 -l4
[4.745s] [35m[1mScanning dependencies of target dump_params[0m
[4.749s] [35m[1mScanning dependencies of target nav2_util_core[0m
[4.837s] [  2%] [32mBuilding CXX object src/CMakeFiles/dump_params.dir/dump_params.cpp.o[0m
[4.939s] [  5%] [32mBuilding CXX object src/CMakeFiles/nav2_util_core.dir/costmap.cpp.o[0m
[10.715s] [  7%] [32mBuilding CXX object src/CMakeFiles/nav2_util_core.dir/node_utils.cpp.o[0m
[14.847s] [ 10%] [32mBuilding CXX object src/CMakeFiles/nav2_util_core.dir/lifecycle_service_client.cpp.o[0m
[18.334s] [ 12%] [32m[1mLinking CXX executable dump_params[0m
[18.719s] [ 12%] Built target dump_params
[18.762s] [ 15%] [32mBuilding CXX object src/CMakeFiles/nav2_util_core.dir/string_utils.cpp.o[0m
[18.784s] [35m[1mScanning dependencies of target gtest_main[0m
[18.879s] [ 17%] [32mBuilding CXX object gtest/CMakeFiles/gtest_main.dir/src/gtest_main.cc.o[0m
[21.559s] [ 20%] [32m[1mLinking CXX static library libgtest_main.a[0m
[21.822s] [ 20%] Built target gtest_main
[23.649s] [ 22%] [32mBuilding CXX object src/CMakeFiles/nav2_util_core.dir/lifecycle_node.cpp.o[0m
[25.671s] [ 25%] [32mBuilding CXX object src/CMakeFiles/nav2_util_core.dir/robot_utils.cpp.o[0m
[27.716s] [ 27%] [32mBuilding CXX object src/CMakeFiles/nav2_util_core.dir/lifecycle_utils.cpp.o[0m
[28.923s] [ 30%] [32mBuilding CXX object src/CMakeFiles/nav2_util_core.dir/node_thread.cpp.o[0m
[34.153s] [ 32%] [32mBuilding CXX object src/CMakeFiles/nav2_util_core.dir/odometry_utils.cpp.o[0m
[49.126s] [ 35%] [32m[1mLinking CXX shared library libnav2_util_core.so[0m
[49.469s] [ 35%] Built target nav2_util_core
[49.498s] [35m[1mScanning dependencies of target gtest[0m
[49.514s] [35m[1mScanning dependencies of target lifecycle_bringup[0m
[49.519s] [ 37%] [32mBuilding CXX object gtest/CMakeFiles/gtest.dir/src/gtest-all.cc.o[0m
[49.636s] [ 40%] [32mBuilding CXX object src/CMakeFiles/lifecycle_bringup.dir/lifecycle_bringup_commandline.cpp.o[0m
[54.853s] [ 42%] [32m[1mLinking CXX executable lifecycle_bringup[0m
[55.346s] [ 42%] Built target lifecycle_bringup
[63.564s] [ 45%] [32m[1mLinking CXX static library libgtest.a[0m
[63.616s] [ 45%] Built target gtest
[63.636s] [35m[1mScanning dependencies of target test_service_client[0m
[63.659s] [35m[1mScanning dependencies of target test_string_utils[0m
[63.696s] [ 47%] [32mBuilding CXX object test/CMakeFiles/test_string_utils.dir/test_string_utils.cpp.o[0m
[63.737s] [ 50%] [32mBuilding CXX object test/CMakeFiles/test_service_client.dir/test_service_client.cpp.o[0m
[65.756s] [35m[1mScanning dependencies of target test_lifecycle_utils[0m
[65.919s] [ 52%] [32mBuilding CXX object test/CMakeFiles/test_lifecycle_utils.dir/test_lifecycle_utils.cpp.o[0m
[66.900s] [35m[1mScanning dependencies of target test_lifecycle_node[0m
[67.027s] [ 55%] [32mBuilding CXX object test/CMakeFiles/test_lifecycle_node.dir/test_lifecycle_node.cpp.o[0m
[67.255s] [ 57%] [32m[1mLinking CXX executable test_string_utils[0m
[67.855s] [ 57%] Built target test_string_utils
[67.916s] [35m[1mScanning dependencies of target test_execution_timer[0m
[67.989s] [ 60%] [32mBuilding CXX object test/CMakeFiles/test_execution_timer.dir/test_execution_timer.cpp.o[0m
[72.957s] [ 62%] [32m[1mLinking CXX executable test_execution_timer[0m
[73.519s] [ 62%] Built target test_execution_timer
[76.208s] [ 65%] [32m[1mLinking CXX executable test_lifecycle_utils[0m
[77.108s] [ 65%] Built target test_lifecycle_utils
[78.131s] [ 67%] [32m[1mLinking CXX executable test_lifecycle_node[0m
[78.373s] [ 67%] Built target test_lifecycle_node
[84.398s] [35m[1mScanning dependencies of target test_lifecycle_cli_node[0m
[84.457s] [ 70%] [32mBuilding CXX object test/CMakeFiles/test_lifecycle_cli_node.dir/test_lifecycle_cli_node.cpp.o[0m
[86.463s] [35m[1mScanning dependencies of target test_node_utils[0m
[86.576s] [ 72%] [32mBuilding CXX object test/CMakeFiles/test_node_utils.dir/test_node_utils.cpp.o[0m
[88.047s] [ 75%] [32m[1mLinking CXX executable test_service_client[0m
[88.577s] [35m[1mScanning dependencies of target test_actions[0m
[88.793s] [ 77%] [32mBuilding CXX object test/CMakeFiles/test_actions.dir/test_actions.cpp.o[0m
[88.813s] [ 77%] Built target test_service_client
[88.880s] [35m[1mScanning dependencies of target test_geometry_utils[0m
[89.035s] [ 80%] [32mBuilding CXX object test/CMakeFiles/test_geometry_utils.dir/test_geometry_utils.cpp.o[0m
[93.847s] [ 82%] [32m[1mLinking CXX executable test_lifecycle_cli_node[0m
[94.761s] [ 82%] Built target test_lifecycle_cli_node
[97.911s] [ 85%] [32m[1mLinking CXX executable test_node_utils[0m
[98.453s] [ 87%] [32m[1mLinking CXX executable test_geometry_utils[0m
[98.497s] [ 87%] Built target test_node_utils
[98.664s] [ 87%] Built target test_geometry_utils
[119.328s] [ 90%] [32m[1mLinking CXX executable test_actions[0m
[119.747s] [ 90%] Built target test_actions
[119.770s] [35m[1mScanning dependencies of target test_robot_utils[0m
[119.797s] [35m[1mScanning dependencies of target test_odometry_utils[0m
[119.932s] [ 92%] [32mBuilding CXX object test/CMakeFiles/test_robot_utils.dir/test_robot_utils.cpp.o[0m
[119.973s] [ 95%] [32mBuilding CXX object test/CMakeFiles/test_odometry_utils.dir/test_odometry_utils.cpp.o[0m
[127.351s] [ 97%] [32m[1mLinking CXX executable test_robot_utils[0m
[127.593s] [ 97%] Built target test_robot_utils
[130.355s] [100%] [32m[1mLinking CXX executable test_odometry_utils[0m
[130.623s] [100%] Built target test_odometry_utils
[130.664s] Invoked command in '/home/ros2/ros2_learn/fishbot_ws/build/nav2_util' returned '0': AMENT_PREFIX_PATH=/home/ros2/ros2_learn/fishbot_ws/install/nav2_msgs:/home/ros2/ros2_learn/fishbot_ws/install/nav2_common:${AMENT_PREFIX_PATH} CMAKE_PREFIX_PATH=/home/ros2/ros2_learn/fishbot_ws/install/nav2_msgs:/home/ros2/ros2_learn/fishbot_ws/install/nav2_common:/opt/ros/galactic LD_LIBRARY_PATH=/home/ros2/ros2_learn/fishbot_ws/install/nav2_msgs/lib:${LD_LIBRARY_PATH} PYTHONPATH=/home/ros2/ros2_learn/fishbot_ws/install/nav2_msgs/lib/python3.8/site-packages:/home/ros2/ros2_learn/fishbot_ws/install/nav2_common/lib/python3.8/site-packages:${PYTHONPATH} /usr/bin/cmake --build /home/ros2/ros2_learn/fishbot_ws/build/nav2_util -- -j4 -l4
[130.730s] Invoking command in '/home/ros2/ros2_learn/fishbot_ws/build/nav2_util': AMENT_PREFIX_PATH=/home/ros2/ros2_learn/fishbot_ws/install/nav2_msgs:/home/ros2/ros2_learn/fishbot_ws/install/nav2_common:${AMENT_PREFIX_PATH} CMAKE_PREFIX_PATH=/home/ros2/ros2_learn/fishbot_ws/install/nav2_msgs:/home/ros2/ros2_learn/fishbot_ws/install/nav2_common:/opt/ros/galactic LD_LIBRARY_PATH=/home/ros2/ros2_learn/fishbot_ws/install/nav2_msgs/lib:${LD_LIBRARY_PATH} PYTHONPATH=/home/ros2/ros2_learn/fishbot_ws/install/nav2_msgs/lib/python3.8/site-packages:/home/ros2/ros2_learn/fishbot_ws/install/nav2_common/lib/python3.8/site-packages:${PYTHONPATH} /usr/bin/cmake --install /home/ros2/ros2_learn/fishbot_ws/build/nav2_util
[130.742s] -- Install configuration: "Release"
[130.743s] -- Installing: /home/ros2/ros2_learn/fishbot_ws/install/nav2_util/include/
[130.743s] -- Installing: /home/ros2/ros2_learn/fishbot_ws/install/nav2_util/include//nav2_util
[130.743s] -- Installing: /home/ros2/ros2_learn/fishbot_ws/install/nav2_util/include//nav2_util/clear_entirely_costmap_service_client.hpp
[130.748s] -- Installing: /home/ros2/ros2_learn/fishbot_ws/install/nav2_util/include//nav2_util/line_iterator.hpp
[130.748s] -- Installing: /home/ros2/ros2_learn/fishbot_ws/install/nav2_util/include//nav2_util/lifecycle_utils.hpp
[130.749s] -- Installing: /home/ros2/ros2_learn/fishbot_ws/install/nav2_util/include//nav2_util/node_thread.hpp
[130.749s] -- Installing: /home/ros2/ros2_learn/fishbot_ws/install/nav2_util/include//nav2_util/node_utils.hpp
[130.749s] -- Installing: /home/ros2/ros2_learn/fishbot_ws/install/nav2_util/include//nav2_util/geometry_utils.hpp
[130.749s] -- Installing: /home/ros2/ros2_learn/fishbot_ws/install/nav2_util/include//nav2_util/odometry_utils.hpp
[130.749s] -- Installing: /home/ros2/ros2_learn/fishbot_ws/install/nav2_util/include//nav2_util/simple_action_server.hpp
[130.749s] -- Installing: /home/ros2/ros2_learn/fishbot_ws/install/nav2_util/include//nav2_util/lifecycle_node.hpp
[130.749s] -- Installing: /home/ros2/ros2_learn/fishbot_ws/install/nav2_util/include//nav2_util/robot_utils.hpp
[130.750s] -- Installing: /home/ros2/ros2_learn/fishbot_ws/install/nav2_util/include//nav2_util/service_client.hpp
[130.750s] -- Installing: /home/ros2/ros2_learn/fishbot_ws/install/nav2_util/include//nav2_util/string_utils.hpp
[130.750s] -- Installing: /home/ros2/ros2_learn/fishbot_ws/install/nav2_util/include//nav2_util/execution_timer.hpp
[130.750s] -- Installing: /home/ros2/ros2_learn/fishbot_ws/install/nav2_util/include//nav2_util/lifecycle_service_client.hpp
[130.750s] -- Installing: /home/ros2/ros2_learn/fishbot_ws/install/nav2_util/include//nav2_util/occ_grid_values.hpp
[130.750s] -- Installing: /home/ros2/ros2_learn/fishbot_ws/install/nav2_util/include//nav2_util/costmap.hpp
[130.750s] -- Installing: /home/ros2/ros2_learn/fishbot_ws/install/nav2_util/share/nav2_util/environment/library_path.sh
[130.750s] -- Installing: /home/ros2/ros2_learn/fishbot_ws/install/nav2_util/share/nav2_util/environment/library_path.dsv
[130.751s] -- Installing: /home/ros2/ros2_learn/fishbot_ws/install/nav2_util/share/ament_index/resource_index/package_run_dependencies/nav2_util
[130.751s] -- Installing: /home/ros2/ros2_learn/fishbot_ws/install/nav2_util/share/ament_index/resource_index/parent_prefix_path/nav2_util
[130.751s] -- Installing: /home/ros2/ros2_learn/fishbot_ws/install/nav2_util/share/nav2_util/environment/ament_prefix_path.sh
[130.751s] -- Installing: /home/ros2/ros2_learn/fishbot_ws/install/nav2_util/share/nav2_util/environment/ament_prefix_path.dsv
[130.751s] -- Installing: /home/ros2/ros2_learn/fishbot_ws/install/nav2_util/share/nav2_util/environment/path.sh
[130.751s] -- Installing: /home/ros2/ros2_learn/fishbot_ws/install/nav2_util/share/nav2_util/environment/path.dsv
[130.751s] -- Installing: /home/ros2/ros2_learn/fishbot_ws/install/nav2_util/share/nav2_util/local_setup.bash
[130.751s] -- Installing: /home/ros2/ros2_learn/fishbot_ws/install/nav2_util/share/nav2_util/local_setup.sh
[130.752s] -- Installing: /home/ros2/ros2_learn/fishbot_ws/install/nav2_util/share/nav2_util/local_setup.zsh
[130.752s] -- Installing: /home/ros2/ros2_learn/fishbot_ws/install/nav2_util/share/nav2_util/local_setup.dsv
[130.752s] -- Installing: /home/ros2/ros2_learn/fishbot_ws/install/nav2_util/share/nav2_util/package.dsv
[130.752s] -- Installing: /home/ros2/ros2_learn/fishbot_ws/install/nav2_util/share/ament_index/resource_index/packages/nav2_util
[130.753s] -- Installing: /home/ros2/ros2_learn/fishbot_ws/install/nav2_util/share/nav2_util/cmake/ament_cmake_export_include_directories-extras.cmake
[130.753s] -- Installing: /home/ros2/ros2_learn/fishbot_ws/install/nav2_util/share/nav2_util/cmake/ament_cmake_export_libraries-extras.cmake
[130.753s] -- Installing: /home/ros2/ros2_learn/fishbot_ws/install/nav2_util/share/nav2_util/cmake/ament_cmake_export_dependencies-extras.cmake
[130.754s] -- Installing: /home/ros2/ros2_learn/fishbot_ws/install/nav2_util/share/nav2_util/cmake/nav2_utilConfig.cmake
[130.754s] -- Installing: /home/ros2/ros2_learn/fishbot_ws/install/nav2_util/share/nav2_util/cmake/nav2_utilConfig-version.cmake
[130.755s] -- Installing: /home/ros2/ros2_learn/fishbot_ws/install/nav2_util/share/nav2_util/package.xml
[130.756s] -- Installing: /home/ros2/ros2_learn/fishbot_ws/install/nav2_util/lib/libnav2_util_core.so
[130.760s] -- Set runtime path of "/home/ros2/ros2_learn/fishbot_ws/install/nav2_util/lib/libnav2_util_core.so" to ""
[130.760s] -- Installing: /home/ros2/ros2_learn/fishbot_ws/install/nav2_util/lib/nav2_util/lifecycle_bringup
[130.761s] -- Set runtime path of "/home/ros2/ros2_learn/fishbot_ws/install/nav2_util/lib/nav2_util/lifecycle_bringup" to ""
[130.762s] -- Installing: /home/ros2/ros2_learn/fishbot_ws/install/nav2_util/lib/nav2_util/dump_params
[130.763s] -- Set runtime path of "/home/ros2/ros2_learn/fishbot_ws/install/nav2_util/lib/nav2_util/dump_params" to ""
[130.775s] Invoked command in '/home/ros2/ros2_learn/fishbot_ws/build/nav2_util' returned '0': AMENT_PREFIX_PATH=/home/ros2/ros2_learn/fishbot_ws/install/nav2_msgs:/home/ros2/ros2_learn/fishbot_ws/install/nav2_common:${AMENT_PREFIX_PATH} CMAKE_PREFIX_PATH=/home/ros2/ros2_learn/fishbot_ws/install/nav2_msgs:/home/ros2/ros2_learn/fishbot_ws/install/nav2_common:/opt/ros/galactic LD_LIBRARY_PATH=/home/ros2/ros2_learn/fishbot_ws/install/nav2_msgs/lib:${LD_LIBRARY_PATH} PYTHONPATH=/home/ros2/ros2_learn/fishbot_ws/install/nav2_msgs/lib/python3.8/site-packages:/home/ros2/ros2_learn/fishbot_ws/install/nav2_common/lib/python3.8/site-packages:${PYTHONPATH} /usr/bin/cmake --install /home/ros2/ros2_learn/fishbot_ws/build/nav2_util
