[0.077s] Invoking command in '/home/ros2/ros2_learn/cartoros2_ws/build/cartographer_ros_msgs': CMAKE_PREFIX_PATH=/opt/ros/galactic /usr/bin/cmake --build /home/ros2/ros2_learn/cartoros2_ws/build/cartographer_ros_msgs -- -j4 -l4
[0.244s] [  0%] Built target cartographer_ros_msgs__cpp
[0.313s] [ 12%] Built target cartographer_ros_msgs__rosidl_generator_c
[0.409s] [ 24%] Built target cartographer_ros_msgs__rosidl_typesupport_cpp
[0.464s] [ 36%] Built target cartographer_ros_msgs__rosidl_typesupport_fastrtps_cpp
[0.467s] [ 49%] Built target cartographer_ros_msgs__rosidl_typesupport_introspection_cpp
[0.486s] [ 61%] Built target cartographer_ros_msgs__rosidl_typesupport_introspection_c
[0.528s] [ 73%] Built target cartographer_ros_msgs__rosidl_typesupport_c
[0.562s] [ 85%] Built target cartographer_ros_msgs__rosidl_typesupport_fastrtps_c
[0.636s] [ 85%] Built target cartographer_ros_msgs
[0.744s] [ 86%] Built target cartographer_ros_msgs__py
[0.938s] [ 97%] Built target cartographer_ros_msgs__python
[1.069s] [ 98%] Built target cartographer_ros_msgs__rosidl_typesupport_fastrtps_c__pyext
[1.083s] [ 99%] Built target cartographer_ros_msgs__rosidl_typesupport_introspection_c__pyext
[1.085s] [100%] Built target cartographer_ros_msgs__rosidl_typesupport_c__pyext
[1.114s] Invoked command in '/home/ros2/ros2_learn/cartoros2_ws/build/cartographer_ros_msgs' returned '0': CMAKE_PREFIX_PATH=/opt/ros/galactic /usr/bin/cmake --build /home/ros2/ros2_learn/cartoros2_ws/build/cartographer_ros_msgs -- -j4 -l4
[2.188s] Invoking command in '/home/ros2/ros2_learn/cartoros2_ws/build/cartographer_ros_msgs': CMAKE_PREFIX_PATH=/opt/ros/galactic /usr/bin/cmake --install /home/ros2/ros2_learn/cartoros2_ws/build/cartographer_ros_msgs
[2.217s] -- Install configuration: ""
[2.217s] -- Up-to-date: /home/ros2/ros2_learn/cartoros2_ws/install/cartographer_ros_msgs/share/ament_index/resource_index/rosidl_interfaces/cartographer_ros_msgs
[2.218s] -- Up-to-date: /home/ros2/ros2_learn/cartoros2_ws/install/cartographer_ros_msgs/include/cartographer_ros_msgs
[2.219s] -- Up-to-date: /home/ros2/ros2_learn/cartoros2_ws/install/cartographer_ros_msgs/include/cartographer_ros_msgs/msg
[2.219s] -- Up-to-date: /home/ros2/ros2_learn/cartoros2_ws/install/cartographer_ros_msgs/include/cartographer_ros_msgs/msg/submap_entry.h
[2.219s] -- Up-to-date: /home/ros2/ros2_learn/cartoros2_ws/install/cartographer_ros_msgs/include/cartographer_ros_msgs/msg/metric.h
[2.219s] -- Up-to-date: /home/ros2/ros2_learn/cartoros2_ws/install/cartographer_ros_msgs/include/cartographer_ros_msgs/msg/detail
[2.220s] -- Up-to-date: /home/ros2/ros2_learn/cartoros2_ws/install/cartographer_ros_msgs/include/cartographer_ros_msgs/msg/detail/metric__functions.h
[2.220s] -- Up-to-date: /home/ros2/ros2_learn/cartoros2_ws/install/cartographer_ros_msgs/include/cartographer_ros_msgs/msg/detail/submap_list__struct.h
[2.220s] -- Up-to-date: /home/ros2/ros2_learn/cartoros2_ws/install/cartographer_ros_msgs/include/cartographer_ros_msgs/msg/detail/status_code__functions.h
[2.221s] -- Up-to-date: /home/ros2/ros2_learn/cartoros2_ws/install/cartographer_ros_msgs/include/cartographer_ros_msgs/msg/detail/landmark_list__functions.h
[2.221s] -- Up-to-date: /home/ros2/ros2_learn/cartoros2_ws/install/cartographer_ros_msgs/include/cartographer_ros_msgs/msg/detail/landmark_list__functions.c
[2.221s] -- Up-to-date: /home/ros2/ros2_learn/cartoros2_ws/install/cartographer_ros_msgs/include/cartographer_ros_msgs/msg/detail/submap_list__functions.c
[2.221s] -- Up-to-date: /home/ros2/ros2_learn/cartoros2_ws/install/cartographer_ros_msgs/include/cartographer_ros_msgs/msg/detail/submap_entry__type_support.h
[2.221s] -- Up-to-date: /home/ros2/ros2_learn/cartoros2_ws/install/cartographer_ros_msgs/include/cartographer_ros_msgs/msg/detail/status_code__type_support.h
[2.222s] -- Up-to-date: /home/ros2/ros2_learn/cartoros2_ws/install/cartographer_ros_msgs/include/cartographer_ros_msgs/msg/detail/submap_list__type_support.h
[2.222s] -- Up-to-date: /home/ros2/ros2_learn/cartoros2_ws/install/cartographer_ros_msgs/include/cartographer_ros_msgs/msg/detail/histogram_bucket__type_support.h
[2.222s] -- Up-to-date: /home/ros2/ros2_learn/cartoros2_ws/install/cartographer_ros_msgs/include/cartographer_ros_msgs/msg/detail/metric_family__struct.h
[2.222s] -- Up-to-date: /home/ros2/ros2_learn/cartoros2_ws/install/cartographer_ros_msgs/include/cartographer_ros_msgs/msg/detail/metric_label__struct.h
[2.222s] -- Up-to-date: /home/ros2/ros2_learn/cartoros2_ws/install/cartographer_ros_msgs/include/cartographer_ros_msgs/msg/detail/metric_family__type_support.h
[2.222s] -- Up-to-date: /home/ros2/ros2_learn/cartoros2_ws/install/cartographer_ros_msgs/include/cartographer_ros_msgs/msg/detail/landmark_entry__struct.h
[2.223s] -- Up-to-date: /home/ros2/ros2_learn/cartoros2_ws/install/cartographer_ros_msgs/include/cartographer_ros_msgs/msg/detail/submap_entry__functions.h
[2.223s] -- Up-to-date: /home/ros2/ros2_learn/cartoros2_ws/install/cartographer_ros_msgs/include/cartographer_ros_msgs/msg/detail/metric__functions.c
[2.223s] -- Up-to-date: /home/ros2/ros2_learn/cartoros2_ws/install/cartographer_ros_msgs/include/cartographer_ros_msgs/msg/detail/trajectory_states__struct.h
[2.224s] -- Up-to-date: /home/ros2/ros2_learn/cartoros2_ws/install/cartographer_ros_msgs/include/cartographer_ros_msgs/msg/detail/status_response__functions.c
[2.224s] -- Up-to-date: /home/ros2/ros2_learn/cartoros2_ws/install/cartographer_ros_msgs/include/cartographer_ros_msgs/msg/detail/landmark_entry__functions.c
[2.224s] -- Up-to-date: /home/ros2/ros2_learn/cartoros2_ws/install/cartographer_ros_msgs/include/cartographer_ros_msgs/msg/detail/bagfile_progress__functions.h
[2.224s] -- Up-to-date: /home/ros2/ros2_learn/cartoros2_ws/install/cartographer_ros_msgs/include/cartographer_ros_msgs/msg/detail/submap_list__functions.h
[2.225s] -- Up-to-date: /home/ros2/ros2_learn/cartoros2_ws/install/cartographer_ros_msgs/include/cartographer_ros_msgs/msg/detail/metric_label__functions.c
[2.225s] -- Up-to-date: /home/ros2/ros2_learn/cartoros2_ws/install/cartographer_ros_msgs/include/cartographer_ros_msgs/msg/detail/trajectory_states__functions.c
[2.225s] -- Up-to-date: /home/ros2/ros2_learn/cartoros2_ws/install/cartographer_ros_msgs/include/cartographer_ros_msgs/msg/detail/metric_family__functions.h
[2.226s] -- Up-to-date: /home/ros2/ros2_learn/cartoros2_ws/install/cartographer_ros_msgs/include/cartographer_ros_msgs/msg/detail/submap_texture__struct.h
[2.226s] -- Up-to-date: /home/ros2/ros2_learn/cartoros2_ws/install/cartographer_ros_msgs/include/cartographer_ros_msgs/msg/detail/status_response__struct.h
[2.226s] -- Up-to-date: /home/ros2/ros2_learn/cartoros2_ws/install/cartographer_ros_msgs/include/cartographer_ros_msgs/msg/detail/histogram_bucket__functions.h
[2.227s] -- Up-to-date: /home/ros2/ros2_learn/cartoros2_ws/install/cartographer_ros_msgs/include/cartographer_ros_msgs/msg/detail/submap_texture__type_support.h
[2.227s] -- Up-to-date: /home/ros2/ros2_learn/cartoros2_ws/install/cartographer_ros_msgs/include/cartographer_ros_msgs/msg/detail/status_response__type_support.h
[2.227s] -- Up-to-date: /home/ros2/ros2_learn/cartoros2_ws/install/cartographer_ros_msgs/include/cartographer_ros_msgs/msg/detail/histogram_bucket__functions.c
[2.227s] -- Up-to-date: /home/ros2/ros2_learn/cartoros2_ws/install/cartographer_ros_msgs/include/cartographer_ros_msgs/msg/detail/landmark_list__type_support.h
[2.227s] -- Up-to-date: /home/ros2/ros2_learn/cartoros2_ws/install/cartographer_ros_msgs/include/cartographer_ros_msgs/msg/detail/metric__struct.h
[2.227s] -- Up-to-date: /home/ros2/ros2_learn/cartoros2_ws/install/cartographer_ros_msgs/include/cartographer_ros_msgs/msg/detail/submap_entry__functions.c
[2.227s] -- Up-to-date: /home/ros2/ros2_learn/cartoros2_ws/install/cartographer_ros_msgs/include/cartographer_ros_msgs/msg/detail/landmark_entry__type_support.h
[2.227s] -- Up-to-date: /home/ros2/ros2_learn/cartoros2_ws/install/cartographer_ros_msgs/include/cartographer_ros_msgs/msg/detail/trajectory_states__functions.h
[2.227s] -- Up-to-date: /home/ros2/ros2_learn/cartoros2_ws/install/cartographer_ros_msgs/include/cartographer_ros_msgs/msg/detail/status_code__functions.c
[2.227s] -- Up-to-date: /home/ros2/ros2_learn/cartoros2_ws/install/cartographer_ros_msgs/include/cartographer_ros_msgs/msg/detail/submap_entry__struct.h
[2.228s] -- Up-to-date: /home/ros2/ros2_learn/cartoros2_ws/install/cartographer_ros_msgs/include/cartographer_ros_msgs/msg/detail/metric__type_support.h
[2.228s] -- Up-to-date: /home/ros2/ros2_learn/cartoros2_ws/install/cartographer_ros_msgs/include/cartographer_ros_msgs/msg/detail/submap_texture__functions.c
[2.228s] -- Up-to-date: /home/ros2/ros2_learn/cartoros2_ws/install/cartographer_ros_msgs/include/cartographer_ros_msgs/msg/detail/metric_label__functions.h
[2.229s] -- Up-to-date: /home/ros2/ros2_learn/cartoros2_ws/install/cartographer_ros_msgs/include/cartographer_ros_msgs/msg/detail/metric_label__type_support.h
[2.229s] -- Up-to-date: /home/ros2/ros2_learn/cartoros2_ws/install/cartographer_ros_msgs/include/cartographer_ros_msgs/msg/detail/bagfile_progress__type_support.h
[2.229s] -- Up-to-date: /home/ros2/ros2_learn/cartoros2_ws/install/cartographer_ros_msgs/include/cartographer_ros_msgs/msg/detail/landmark_list__struct.h
[2.229s] -- Up-to-date: /home/ros2/ros2_learn/cartoros2_ws/install/cartographer_ros_msgs/include/cartographer_ros_msgs/msg/detail/histogram_bucket__struct.h
[2.230s] -- Up-to-date: /home/ros2/ros2_learn/cartoros2_ws/install/cartographer_ros_msgs/include/cartographer_ros_msgs/msg/detail/landmark_entry__functions.h
[2.230s] -- Up-to-date: /home/ros2/ros2_learn/cartoros2_ws/install/cartographer_ros_msgs/include/cartographer_ros_msgs/msg/detail/bagfile_progress__functions.c
[2.230s] -- Up-to-date: /home/ros2/ros2_learn/cartoros2_ws/install/cartographer_ros_msgs/include/cartographer_ros_msgs/msg/detail/submap_texture__functions.h
[2.233s] -- Up-to-date: /home/ros2/ros2_learn/cartoros2_ws/install/cartographer_ros_msgs/include/cartographer_ros_msgs/msg/detail/metric_family__functions.c
[2.233s] -- Up-to-date: /home/ros2/ros2_learn/cartoros2_ws/install/cartographer_ros_msgs/include/cartographer_ros_msgs/msg/detail/status_response__functions.h
[2.233s] -- Up-to-date: /home/ros2/ros2_learn/cartoros2_ws/install/cartographer_ros_msgs/include/cartographer_ros_msgs/msg/detail/bagfile_progress__struct.h
[2.233s] -- Up-to-date: /home/ros2/ros2_learn/cartoros2_ws/install/cartographer_ros_msgs/include/cartographer_ros_msgs/msg/detail/status_code__struct.h
[2.233s] -- Up-to-date: /home/ros2/ros2_learn/cartoros2_ws/install/cartographer_ros_msgs/include/cartographer_ros_msgs/msg/detail/trajectory_states__type_support.h
[2.233s] -- Up-to-date: /home/ros2/ros2_learn/cartoros2_ws/install/cartographer_ros_msgs/include/cartographer_ros_msgs/msg/status_response.h
[2.233s] -- Up-to-date: /home/ros2/ros2_learn/cartoros2_ws/install/cartographer_ros_msgs/include/cartographer_ros_msgs/msg/landmark_list.h
[2.234s] -- Up-to-date: /home/ros2/ros2_learn/cartoros2_ws/install/cartographer_ros_msgs/include/cartographer_ros_msgs/msg/rosidl_generator_c__visibility_control.h
[2.234s] -- Up-to-date: /home/ros2/ros2_learn/cartoros2_ws/install/cartographer_ros_msgs/include/cartographer_ros_msgs/msg/submap_texture.h
[2.234s] -- Up-to-date: /home/ros2/ros2_learn/cartoros2_ws/install/cartographer_ros_msgs/include/cartographer_ros_msgs/msg/metric_label.h
[2.234s] -- Up-to-date: /home/ros2/ros2_learn/cartoros2_ws/install/cartographer_ros_msgs/include/cartographer_ros_msgs/msg/landmark_entry.h
[2.234s] -- Up-to-date: /home/ros2/ros2_learn/cartoros2_ws/install/cartographer_ros_msgs/include/cartographer_ros_msgs/msg/bagfile_progress.h
[2.234s] -- Up-to-date: /home/ros2/ros2_learn/cartoros2_ws/install/cartographer_ros_msgs/include/cartographer_ros_msgs/msg/status_code.h
[2.234s] -- Up-to-date: /home/ros2/ros2_learn/cartoros2_ws/install/cartographer_ros_msgs/include/cartographer_ros_msgs/msg/submap_list.h
[2.234s] -- Up-to-date: /home/ros2/ros2_learn/cartoros2_ws/install/cartographer_ros_msgs/include/cartographer_ros_msgs/msg/trajectory_states.h
[2.235s] -- Up-to-date: /home/ros2/ros2_learn/cartoros2_ws/install/cartographer_ros_msgs/include/cartographer_ros_msgs/msg/metric_family.h
[2.235s] -- Up-to-date: /home/ros2/ros2_learn/cartoros2_ws/install/cartographer_ros_msgs/include/cartographer_ros_msgs/msg/histogram_bucket.h
[2.235s] -- Up-to-date: /home/ros2/ros2_learn/cartoros2_ws/install/cartographer_ros_msgs/include/cartographer_ros_msgs/srv
[2.235s] -- Up-to-date: /home/ros2/ros2_learn/cartoros2_ws/install/cartographer_ros_msgs/include/cartographer_ros_msgs/srv/finish_trajectory.h
[2.235s] -- Up-to-date: /home/ros2/ros2_learn/cartoros2_ws/install/cartographer_ros_msgs/include/cartographer_ros_msgs/srv/write_state.h
[2.235s] -- Up-to-date: /home/ros2/ros2_learn/cartoros2_ws/install/cartographer_ros_msgs/include/cartographer_ros_msgs/srv/read_metrics.h
[2.235s] -- Up-to-date: /home/ros2/ros2_learn/cartoros2_ws/install/cartographer_ros_msgs/include/cartographer_ros_msgs/srv/detail
[2.235s] -- Up-to-date: /home/ros2/ros2_learn/cartoros2_ws/install/cartographer_ros_msgs/include/cartographer_ros_msgs/srv/detail/finish_trajectory__functions.c
[2.235s] -- Up-to-date: /home/ros2/ros2_learn/cartoros2_ws/install/cartographer_ros_msgs/include/cartographer_ros_msgs/srv/detail/trajectory_query__struct.h
[2.235s] -- Up-to-date: /home/ros2/ros2_learn/cartoros2_ws/install/cartographer_ros_msgs/include/cartographer_ros_msgs/srv/detail/trajectory_query__type_support.h
[2.236s] -- Up-to-date: /home/ros2/ros2_learn/cartoros2_ws/install/cartographer_ros_msgs/include/cartographer_ros_msgs/srv/detail/submap_query__struct.h
[2.236s] -- Up-to-date: /home/ros2/ros2_learn/cartoros2_ws/install/cartographer_ros_msgs/include/cartographer_ros_msgs/srv/detail/trajectory_query__functions.h
[2.236s] -- Up-to-date: /home/ros2/ros2_learn/cartoros2_ws/install/cartographer_ros_msgs/include/cartographer_ros_msgs/srv/detail/read_metrics__functions.c
[2.236s] -- Up-to-date: /home/ros2/ros2_learn/cartoros2_ws/install/cartographer_ros_msgs/include/cartographer_ros_msgs/srv/detail/get_trajectory_states__functions.h
[2.236s] -- Up-to-date: /home/ros2/ros2_learn/cartoros2_ws/install/cartographer_ros_msgs/include/cartographer_ros_msgs/srv/detail/start_trajectory__type_support.h
[2.236s] -- Up-to-date: /home/ros2/ros2_learn/cartoros2_ws/install/cartographer_ros_msgs/include/cartographer_ros_msgs/srv/detail/read_metrics__struct.h
[2.236s] -- Up-to-date: /home/ros2/ros2_learn/cartoros2_ws/install/cartographer_ros_msgs/include/cartographer_ros_msgs/srv/detail/write_state__type_support.h
[2.236s] -- Up-to-date: /home/ros2/ros2_learn/cartoros2_ws/install/cartographer_ros_msgs/include/cartographer_ros_msgs/srv/detail/finish_trajectory__struct.h
[2.237s] -- Up-to-date: /home/ros2/ros2_learn/cartoros2_ws/install/cartographer_ros_msgs/include/cartographer_ros_msgs/srv/detail/read_metrics__type_support.h
[2.237s] -- Up-to-date: /home/ros2/ros2_learn/cartoros2_ws/install/cartographer_ros_msgs/include/cartographer_ros_msgs/srv/detail/trajectory_query__functions.c
[2.237s] -- Up-to-date: /home/ros2/ros2_learn/cartoros2_ws/install/cartographer_ros_msgs/include/cartographer_ros_msgs/srv/detail/write_state__functions.c
[2.237s] -- Up-to-date: /home/ros2/ros2_learn/cartoros2_ws/install/cartographer_ros_msgs/include/cartographer_ros_msgs/srv/detail/write_state__struct.h
[2.237s] -- Up-to-date: /home/ros2/ros2_learn/cartoros2_ws/install/cartographer_ros_msgs/include/cartographer_ros_msgs/srv/detail/get_trajectory_states__type_support.h
[2.237s] -- Up-to-date: /home/ros2/ros2_learn/cartoros2_ws/install/cartographer_ros_msgs/include/cartographer_ros_msgs/srv/detail/finish_trajectory__type_support.h
[2.238s] -- Up-to-date: /home/ros2/ros2_learn/cartoros2_ws/install/cartographer_ros_msgs/include/cartographer_ros_msgs/srv/detail/write_state__functions.h
[2.238s] -- Up-to-date: /home/ros2/ros2_learn/cartoros2_ws/install/cartographer_ros_msgs/include/cartographer_ros_msgs/srv/detail/get_trajectory_states__functions.c
[2.238s] -- Up-to-date: /home/ros2/ros2_learn/cartoros2_ws/install/cartographer_ros_msgs/include/cartographer_ros_msgs/srv/detail/start_trajectory__struct.h
[2.238s] -- Up-to-date: /home/ros2/ros2_learn/cartoros2_ws/install/cartographer_ros_msgs/include/cartographer_ros_msgs/srv/detail/read_metrics__functions.h
[2.238s] -- Up-to-date: /home/ros2/ros2_learn/cartoros2_ws/install/cartographer_ros_msgs/include/cartographer_ros_msgs/srv/detail/start_trajectory__functions.h
[2.238s] -- Up-to-date: /home/ros2/ros2_learn/cartoros2_ws/install/cartographer_ros_msgs/include/cartographer_ros_msgs/srv/detail/submap_query__type_support.h
[2.238s] -- Up-to-date: /home/ros2/ros2_learn/cartoros2_ws/install/cartographer_ros_msgs/include/cartographer_ros_msgs/srv/detail/finish_trajectory__functions.h
[2.238s] -- Up-to-date: /home/ros2/ros2_learn/cartoros2_ws/install/cartographer_ros_msgs/include/cartographer_ros_msgs/srv/detail/get_trajectory_states__struct.h
[2.239s] -- Up-to-date: /home/ros2/ros2_learn/cartoros2_ws/install/cartographer_ros_msgs/include/cartographer_ros_msgs/srv/detail/submap_query__functions.c
[2.239s] -- Up-to-date: /home/ros2/ros2_learn/cartoros2_ws/install/cartographer_ros_msgs/include/cartographer_ros_msgs/srv/detail/start_trajectory__functions.c
[2.239s] -- Up-to-date: /home/ros2/ros2_learn/cartoros2_ws/install/cartographer_ros_msgs/include/cartographer_ros_msgs/srv/detail/submap_query__functions.h
[2.239s] -- Up-to-date: /home/ros2/ros2_learn/cartoros2_ws/install/cartographer_ros_msgs/include/cartographer_ros_msgs/srv/submap_query.h
[2.239s] -- Up-to-date: /home/ros2/ros2_learn/cartoros2_ws/install/cartographer_ros_msgs/include/cartographer_ros_msgs/srv/trajectory_query.h
[2.239s] -- Up-to-date: /home/ros2/ros2_learn/cartoros2_ws/install/cartographer_ros_msgs/include/cartographer_ros_msgs/srv/get_trajectory_states.h
[2.239s] -- Up-to-date: /home/ros2/ros2_learn/cartoros2_ws/install/cartographer_ros_msgs/include/cartographer_ros_msgs/srv/start_trajectory.h
[2.240s] -- Up-to-date: /home/ros2/ros2_learn/cartoros2_ws/install/cartographer_ros_msgs/share/cartographer_ros_msgs/environment/library_path.sh
[2.240s] -- Up-to-date: /home/ros2/ros2_learn/cartoros2_ws/install/cartographer_ros_msgs/share/cartographer_ros_msgs/environment/library_path.dsv
[2.240s] -- Up-to-date: /home/ros2/ros2_learn/cartoros2_ws/install/cartographer_ros_msgs/lib/libcartographer_ros_msgs__rosidl_generator_c.so
[2.240s] -- Up-to-date: /home/ros2/ros2_learn/cartoros2_ws/install/cartographer_ros_msgs/include/cartographer_ros_msgs
[2.241s] -- Up-to-date: /home/ros2/ros2_learn/cartoros2_ws/install/cartographer_ros_msgs/include/cartographer_ros_msgs/msg
[2.241s] -- Up-to-date: /home/ros2/ros2_learn/cartoros2_ws/install/cartographer_ros_msgs/include/cartographer_ros_msgs/msg/rosidl_typesupport_fastrtps_c__visibility_control.h
[2.241s] -- Up-to-date: /home/ros2/ros2_learn/cartoros2_ws/install/cartographer_ros_msgs/include/cartographer_ros_msgs/msg/detail
[2.241s] -- Up-to-date: /home/ros2/ros2_learn/cartoros2_ws/install/cartographer_ros_msgs/include/cartographer_ros_msgs/msg/detail/submap_list__rosidl_typesupport_fastrtps_c.h
[2.242s] -- Up-to-date: /home/ros2/ros2_learn/cartoros2_ws/install/cartographer_ros_msgs/include/cartographer_ros_msgs/msg/detail/status_response__rosidl_typesupport_fastrtps_c.h
[2.242s] -- Up-to-date: /home/ros2/ros2_learn/cartoros2_ws/install/cartographer_ros_msgs/include/cartographer_ros_msgs/msg/detail/landmark_entry__rosidl_typesupport_fastrtps_c.h
[2.242s] -- Up-to-date: /home/ros2/ros2_learn/cartoros2_ws/install/cartographer_ros_msgs/include/cartographer_ros_msgs/msg/detail/metric__rosidl_typesupport_fastrtps_c.h
[2.243s] -- Up-to-date: /home/ros2/ros2_learn/cartoros2_ws/install/cartographer_ros_msgs/include/cartographer_ros_msgs/msg/detail/metric_label__rosidl_typesupport_fastrtps_c.h
[2.243s] -- Up-to-date: /home/ros2/ros2_learn/cartoros2_ws/install/cartographer_ros_msgs/include/cartographer_ros_msgs/msg/detail/submap_entry__rosidl_typesupport_fastrtps_c.h
[2.243s] -- Up-to-date: /home/ros2/ros2_learn/cartoros2_ws/install/cartographer_ros_msgs/include/cartographer_ros_msgs/msg/detail/histogram_bucket__rosidl_typesupport_fastrtps_c.h
[2.243s] -- Up-to-date: /home/ros2/ros2_learn/cartoros2_ws/install/cartographer_ros_msgs/include/cartographer_ros_msgs/msg/detail/submap_texture__rosidl_typesupport_fastrtps_c.h
[2.244s] -- Up-to-date: /home/ros2/ros2_learn/cartoros2_ws/install/cartographer_ros_msgs/include/cartographer_ros_msgs/msg/detail/status_code__rosidl_typesupport_fastrtps_c.h
[2.244s] -- Up-to-date: /home/ros2/ros2_learn/cartoros2_ws/install/cartographer_ros_msgs/include/cartographer_ros_msgs/msg/detail/trajectory_states__rosidl_typesupport_fastrtps_c.h
[2.244s] -- Up-to-date: /home/ros2/ros2_learn/cartoros2_ws/install/cartographer_ros_msgs/include/cartographer_ros_msgs/msg/detail/metric_family__rosidl_typesupport_fastrtps_c.h
[2.244s] -- Up-to-date: /home/ros2/ros2_learn/cartoros2_ws/install/cartographer_ros_msgs/include/cartographer_ros_msgs/msg/detail/landmark_list__rosidl_typesupport_fastrtps_c.h
[2.244s] -- Up-to-date: /home/ros2/ros2_learn/cartoros2_ws/install/cartographer_ros_msgs/include/cartographer_ros_msgs/msg/detail/bagfile_progress__rosidl_typesupport_fastrtps_c.h
[2.244s] -- Up-to-date: /home/ros2/ros2_learn/cartoros2_ws/install/cartographer_ros_msgs/include/cartographer_ros_msgs/srv
[2.244s] -- Up-to-date: /home/ros2/ros2_learn/cartoros2_ws/install/cartographer_ros_msgs/include/cartographer_ros_msgs/srv/detail
[2.244s] -- Up-to-date: /home/ros2/ros2_learn/cartoros2_ws/install/cartographer_ros_msgs/include/cartographer_ros_msgs/srv/detail/get_trajectory_states__rosidl_typesupport_fastrtps_c.h
[2.244s] -- Up-to-date: /home/ros2/ros2_learn/cartoros2_ws/install/cartographer_ros_msgs/include/cartographer_ros_msgs/srv/detail/finish_trajectory__rosidl_typesupport_fastrtps_c.h
[2.244s] -- Up-to-date: /home/ros2/ros2_learn/cartoros2_ws/install/cartographer_ros_msgs/include/cartographer_ros_msgs/srv/detail/read_metrics__rosidl_typesupport_fastrtps_c.h
[2.245s] -- Up-to-date: /home/ros2/ros2_learn/cartoros2_ws/install/cartographer_ros_msgs/include/cartographer_ros_msgs/srv/detail/submap_query__rosidl_typesupport_fastrtps_c.h
[2.245s] -- Up-to-date: /home/ros2/ros2_learn/cartoros2_ws/install/cartographer_ros_msgs/include/cartographer_ros_msgs/srv/detail/write_state__rosidl_typesupport_fastrtps_c.h
[2.245s] -- Up-to-date: /home/ros2/ros2_learn/cartoros2_ws/install/cartographer_ros_msgs/include/cartographer_ros_msgs/srv/detail/trajectory_query__rosidl_typesupport_fastrtps_c.h
[2.245s] -- Up-to-date: /home/ros2/ros2_learn/cartoros2_ws/install/cartographer_ros_msgs/include/cartographer_ros_msgs/srv/detail/start_trajectory__rosidl_typesupport_fastrtps_c.h
[2.245s] -- Up-to-date: /home/ros2/ros2_learn/cartoros2_ws/install/cartographer_ros_msgs/lib/libcartographer_ros_msgs__rosidl_typesupport_fastrtps_c.so
[2.245s] -- Up-to-date: /home/ros2/ros2_learn/cartoros2_ws/install/cartographer_ros_msgs/include/cartographer_ros_msgs
[2.245s] -- Up-to-date: /home/ros2/ros2_learn/cartoros2_ws/install/cartographer_ros_msgs/include/cartographer_ros_msgs/msg
[2.245s] -- Up-to-date: /home/ros2/ros2_learn/cartoros2_ws/install/cartographer_ros_msgs/include/cartographer_ros_msgs/msg/detail
[2.245s] -- Up-to-date: /home/ros2/ros2_learn/cartoros2_ws/install/cartographer_ros_msgs/include/cartographer_ros_msgs/msg/detail/bagfile_progress__rosidl_typesupport_fastrtps_cpp.hpp
[2.245s] -- Up-to-date: /home/ros2/ros2_learn/cartoros2_ws/install/cartographer_ros_msgs/include/cartographer_ros_msgs/msg/detail/metric_label__rosidl_typesupport_fastrtps_cpp.hpp
[2.245s] -- Up-to-date: /home/ros2/ros2_learn/cartoros2_ws/install/cartographer_ros_msgs/include/cartographer_ros_msgs/msg/detail/submap_list__rosidl_typesupport_fastrtps_cpp.hpp
[2.245s] -- Up-to-date: /home/ros2/ros2_learn/cartoros2_ws/install/cartographer_ros_msgs/include/cartographer_ros_msgs/msg/detail/landmark_list__rosidl_typesupport_fastrtps_cpp.hpp
[2.245s] -- Up-to-date: /home/ros2/ros2_learn/cartoros2_ws/install/cartographer_ros_msgs/include/cartographer_ros_msgs/msg/detail/status_code__rosidl_typesupport_fastrtps_cpp.hpp
[2.245s] -- Up-to-date: /home/ros2/ros2_learn/cartoros2_ws/install/cartographer_ros_msgs/include/cartographer_ros_msgs/msg/detail/landmark_entry__rosidl_typesupport_fastrtps_cpp.hpp
[2.245s] -- Up-to-date: /home/ros2/ros2_learn/cartoros2_ws/install/cartographer_ros_msgs/include/cartographer_ros_msgs/msg/detail/dds_fastrtps
[2.245s] -- Up-to-date: /home/ros2/ros2_learn/cartoros2_ws/install/cartographer_ros_msgs/include/cartographer_ros_msgs/msg/detail/histogram_bucket__rosidl_typesupport_fastrtps_cpp.hpp
[2.245s] -- Up-to-date: /home/ros2/ros2_learn/cartoros2_ws/install/cartographer_ros_msgs/include/cartographer_ros_msgs/msg/detail/trajectory_states__rosidl_typesupport_fastrtps_cpp.hpp
[2.245s] -- Up-to-date: /home/ros2/ros2_learn/cartoros2_ws/install/cartographer_ros_msgs/include/cartographer_ros_msgs/msg/detail/metric_family__rosidl_typesupport_fastrtps_cpp.hpp
[2.245s] -- Up-to-date: /home/ros2/ros2_learn/cartoros2_ws/install/cartographer_ros_msgs/include/cartographer_ros_msgs/msg/detail/status_response__rosidl_typesupport_fastrtps_cpp.hpp
[2.245s] -- Up-to-date: /home/ros2/ros2_learn/cartoros2_ws/install/cartographer_ros_msgs/include/cartographer_ros_msgs/msg/detail/submap_texture__rosidl_typesupport_fastrtps_cpp.hpp
[2.246s] -- Up-to-date: /home/ros2/ros2_learn/cartoros2_ws/install/cartographer_ros_msgs/include/cartographer_ros_msgs/msg/detail/metric__rosidl_typesupport_fastrtps_cpp.hpp
[2.246s] -- Up-to-date: /home/ros2/ros2_learn/cartoros2_ws/install/cartographer_ros_msgs/include/cartographer_ros_msgs/msg/detail/submap_entry__rosidl_typesupport_fastrtps_cpp.hpp
[2.246s] -- Up-to-date: /home/ros2/ros2_learn/cartoros2_ws/install/cartographer_ros_msgs/include/cartographer_ros_msgs/msg/rosidl_typesupport_fastrtps_cpp__visibility_control.h
[2.246s] -- Up-to-date: /home/ros2/ros2_learn/cartoros2_ws/install/cartographer_ros_msgs/include/cartographer_ros_msgs/srv
[2.246s] -- Up-to-date: /home/ros2/ros2_learn/cartoros2_ws/install/cartographer_ros_msgs/include/cartographer_ros_msgs/srv/detail
[2.246s] -- Up-to-date: /home/ros2/ros2_learn/cartoros2_ws/install/cartographer_ros_msgs/include/cartographer_ros_msgs/srv/detail/finish_trajectory__rosidl_typesupport_fastrtps_cpp.hpp
[2.246s] -- Up-to-date: /home/ros2/ros2_learn/cartoros2_ws/install/cartographer_ros_msgs/include/cartographer_ros_msgs/srv/detail/submap_query__rosidl_typesupport_fastrtps_cpp.hpp
[2.246s] -- Up-to-date: /home/ros2/ros2_learn/cartoros2_ws/install/cartographer_ros_msgs/include/cartographer_ros_msgs/srv/detail/read_metrics__rosidl_typesupport_fastrtps_cpp.hpp
[2.246s] -- Up-to-date: /home/ros2/ros2_learn/cartoros2_ws/install/cartographer_ros_msgs/include/cartographer_ros_msgs/srv/detail/dds_fastrtps
[2.246s] -- Up-to-date: /home/ros2/ros2_learn/cartoros2_ws/install/cartographer_ros_msgs/include/cartographer_ros_msgs/srv/detail/write_state__rosidl_typesupport_fastrtps_cpp.hpp
[2.246s] -- Up-to-date: /home/ros2/ros2_learn/cartoros2_ws/install/cartographer_ros_msgs/include/cartographer_ros_msgs/srv/detail/start_trajectory__rosidl_typesupport_fastrtps_cpp.hpp
[2.246s] -- Up-to-date: /home/ros2/ros2_learn/cartoros2_ws/install/cartographer_ros_msgs/include/cartographer_ros_msgs/srv/detail/trajectory_query__rosidl_typesupport_fastrtps_cpp.hpp
[2.246s] -- Up-to-date: /home/ros2/ros2_learn/cartoros2_ws/install/cartographer_ros_msgs/include/cartographer_ros_msgs/srv/detail/get_trajectory_states__rosidl_typesupport_fastrtps_cpp.hpp
[2.246s] -- Up-to-date: /home/ros2/ros2_learn/cartoros2_ws/install/cartographer_ros_msgs/lib/libcartographer_ros_msgs__rosidl_typesupport_fastrtps_cpp.so
[2.246s] -- Up-to-date: /home/ros2/ros2_learn/cartoros2_ws/install/cartographer_ros_msgs/include/cartographer_ros_msgs
[2.246s] -- Up-to-date: /home/ros2/ros2_learn/cartoros2_ws/install/cartographer_ros_msgs/include/cartographer_ros_msgs/msg
[2.246s] -- Up-to-date: /home/ros2/ros2_learn/cartoros2_ws/install/cartographer_ros_msgs/include/cartographer_ros_msgs/msg/rosidl_typesupport_introspection_c__visibility_control.h
[2.246s] -- Up-to-date: /home/ros2/ros2_learn/cartoros2_ws/install/cartographer_ros_msgs/include/cartographer_ros_msgs/msg/detail
[2.246s] -- Up-to-date: /home/ros2/ros2_learn/cartoros2_ws/install/cartographer_ros_msgs/include/cartographer_ros_msgs/msg/detail/status_response__rosidl_typesupport_introspection_c.h
[2.246s] -- Up-to-date: /home/ros2/ros2_learn/cartoros2_ws/install/cartographer_ros_msgs/include/cartographer_ros_msgs/msg/detail/status_code__rosidl_typesupport_introspection_c.h
[2.246s] -- Up-to-date: /home/ros2/ros2_learn/cartoros2_ws/install/cartographer_ros_msgs/include/cartographer_ros_msgs/msg/detail/histogram_bucket__type_support.c
[2.247s] -- Up-to-date: /home/ros2/ros2_learn/cartoros2_ws/install/cartographer_ros_msgs/include/cartographer_ros_msgs/msg/detail/landmark_list__rosidl_typesupport_introspection_c.h
[2.247s] -- Up-to-date: /home/ros2/ros2_learn/cartoros2_ws/install/cartographer_ros_msgs/include/cartographer_ros_msgs/msg/detail/submap_texture__type_support.c
[2.247s] -- Up-to-date: /home/ros2/ros2_learn/cartoros2_ws/install/cartographer_ros_msgs/include/cartographer_ros_msgs/msg/detail/submap_entry__type_support.c
[2.247s] -- Up-to-date: /home/ros2/ros2_learn/cartoros2_ws/install/cartographer_ros_msgs/include/cartographer_ros_msgs/msg/detail/trajectory_states__rosidl_typesupport_introspection_c.h
[2.247s] -- Up-to-date: /home/ros2/ros2_learn/cartoros2_ws/install/cartographer_ros_msgs/include/cartographer_ros_msgs/msg/detail/metric__rosidl_typesupport_introspection_c.h
[2.247s] -- Up-to-date: /home/ros2/ros2_learn/cartoros2_ws/install/cartographer_ros_msgs/include/cartographer_ros_msgs/msg/detail/metric_family__rosidl_typesupport_introspection_c.h
[2.247s] -- Up-to-date: /home/ros2/ros2_learn/cartoros2_ws/install/cartographer_ros_msgs/include/cartographer_ros_msgs/msg/detail/histogram_bucket__rosidl_typesupport_introspection_c.h
[2.247s] -- Up-to-date: /home/ros2/ros2_learn/cartoros2_ws/install/cartographer_ros_msgs/include/cartographer_ros_msgs/msg/detail/metric__type_support.c
[2.247s] -- Up-to-date: /home/ros2/ros2_learn/cartoros2_ws/install/cartographer_ros_msgs/include/cartographer_ros_msgs/msg/detail/metric_family__type_support.c
[2.247s] -- Up-to-date: /home/ros2/ros2_learn/cartoros2_ws/install/cartographer_ros_msgs/include/cartographer_ros_msgs/msg/detail/submap_entry__rosidl_typesupport_introspection_c.h
[2.247s] -- Up-to-date: /home/ros2/ros2_learn/cartoros2_ws/install/cartographer_ros_msgs/include/cartographer_ros_msgs/msg/detail/landmark_list__type_support.c
[2.247s] -- Up-to-date: /home/ros2/ros2_learn/cartoros2_ws/install/cartographer_ros_msgs/include/cartographer_ros_msgs/msg/detail/trajectory_states__type_support.c
[2.247s] -- Up-to-date: /home/ros2/ros2_learn/cartoros2_ws/install/cartographer_ros_msgs/include/cartographer_ros_msgs/msg/detail/landmark_entry__type_support.c
[2.247s] -- Up-to-date: /home/ros2/ros2_learn/cartoros2_ws/install/cartographer_ros_msgs/include/cartographer_ros_msgs/msg/detail/bagfile_progress__type_support.c
[2.247s] -- Up-to-date: /home/ros2/ros2_learn/cartoros2_ws/install/cartographer_ros_msgs/include/cartographer_ros_msgs/msg/detail/metric_label__type_support.c
[2.247s] -- Up-to-date: /home/ros2/ros2_learn/cartoros2_ws/install/cartographer_ros_msgs/include/cartographer_ros_msgs/msg/detail/bagfile_progress__rosidl_typesupport_introspection_c.h
[2.247s] -- Up-to-date: /home/ros2/ros2_learn/cartoros2_ws/install/cartographer_ros_msgs/include/cartographer_ros_msgs/msg/detail/submap_list__rosidl_typesupport_introspection_c.h
[2.247s] -- Up-to-date: /home/ros2/ros2_learn/cartoros2_ws/install/cartographer_ros_msgs/include/cartographer_ros_msgs/msg/detail/metric_label__rosidl_typesupport_introspection_c.h
[2.247s] -- Up-to-date: /home/ros2/ros2_learn/cartoros2_ws/install/cartographer_ros_msgs/include/cartographer_ros_msgs/msg/detail/submap_list__type_support.c
[2.247s] -- Up-to-date: /home/ros2/ros2_learn/cartoros2_ws/install/cartographer_ros_msgs/include/cartographer_ros_msgs/msg/detail/status_response__type_support.c
[2.247s] -- Up-to-date: /home/ros2/ros2_learn/cartoros2_ws/install/cartographer_ros_msgs/include/cartographer_ros_msgs/msg/detail/status_code__type_support.c
[2.247s] -- Up-to-date: /home/ros2/ros2_learn/cartoros2_ws/install/cartographer_ros_msgs/include/cartographer_ros_msgs/msg/detail/submap_texture__rosidl_typesupport_introspection_c.h
[2.248s] -- Up-to-date: /home/ros2/ros2_learn/cartoros2_ws/install/cartographer_ros_msgs/include/cartographer_ros_msgs/msg/detail/landmark_entry__rosidl_typesupport_introspection_c.h
[2.248s] -- Up-to-date: /home/ros2/ros2_learn/cartoros2_ws/install/cartographer_ros_msgs/include/cartographer_ros_msgs/srv
[2.248s] -- Up-to-date: /home/ros2/ros2_learn/cartoros2_ws/install/cartographer_ros_msgs/include/cartographer_ros_msgs/srv/detail
[2.248s] -- Up-to-date: /home/ros2/ros2_learn/cartoros2_ws/install/cartographer_ros_msgs/include/cartographer_ros_msgs/srv/detail/start_trajectory__rosidl_typesupport_introspection_c.h
[2.248s] -- Up-to-date: /home/ros2/ros2_learn/cartoros2_ws/install/cartographer_ros_msgs/include/cartographer_ros_msgs/srv/detail/trajectory_query__rosidl_typesupport_introspection_c.h
[2.248s] -- Up-to-date: /home/ros2/ros2_learn/cartoros2_ws/install/cartographer_ros_msgs/include/cartographer_ros_msgs/srv/detail/submap_query__rosidl_typesupport_introspection_c.h
[2.248s] -- Up-to-date: /home/ros2/ros2_learn/cartoros2_ws/install/cartographer_ros_msgs/include/cartographer_ros_msgs/srv/detail/start_trajectory__type_support.c
[2.248s] -- Up-to-date: /home/ros2/ros2_learn/cartoros2_ws/install/cartographer_ros_msgs/include/cartographer_ros_msgs/srv/detail/write_state__type_support.c
[2.248s] -- Up-to-date: /home/ros2/ros2_learn/cartoros2_ws/install/cartographer_ros_msgs/include/cartographer_ros_msgs/srv/detail/get_trajectory_states__type_support.c
[2.248s] -- Up-to-date: /home/ros2/ros2_learn/cartoros2_ws/install/cartographer_ros_msgs/include/cartographer_ros_msgs/srv/detail/write_state__rosidl_typesupport_introspection_c.h
[2.248s] -- Up-to-date: /home/ros2/ros2_learn/cartoros2_ws/install/cartographer_ros_msgs/include/cartographer_ros_msgs/srv/detail/submap_query__type_support.c
[2.248s] -- Up-to-date: /home/ros2/ros2_learn/cartoros2_ws/install/cartographer_ros_msgs/include/cartographer_ros_msgs/srv/detail/read_metrics__rosidl_typesupport_introspection_c.h
[2.248s] -- Up-to-date: /home/ros2/ros2_learn/cartoros2_ws/install/cartographer_ros_msgs/include/cartographer_ros_msgs/srv/detail/read_metrics__type_support.c
[2.248s] -- Up-to-date: /home/ros2/ros2_learn/cartoros2_ws/install/cartographer_ros_msgs/include/cartographer_ros_msgs/srv/detail/trajectory_query__type_support.c
[2.248s] -- Up-to-date: /home/ros2/ros2_learn/cartoros2_ws/install/cartographer_ros_msgs/include/cartographer_ros_msgs/srv/detail/finish_trajectory__rosidl_typesupport_introspection_c.h
[2.248s] -- Up-to-date: /home/ros2/ros2_learn/cartoros2_ws/install/cartographer_ros_msgs/include/cartographer_ros_msgs/srv/detail/finish_trajectory__type_support.c
[2.248s] -- Up-to-date: /home/ros2/ros2_learn/cartoros2_ws/install/cartographer_ros_msgs/include/cartographer_ros_msgs/srv/detail/get_trajectory_states__rosidl_typesupport_introspection_c.h
[2.248s] -- Up-to-date: /home/ros2/ros2_learn/cartoros2_ws/install/cartographer_ros_msgs/lib/libcartographer_ros_msgs__rosidl_typesupport_introspection_c.so
[2.248s] -- Up-to-date: /home/ros2/ros2_learn/cartoros2_ws/install/cartographer_ros_msgs/lib/libcartographer_ros_msgs__rosidl_typesupport_c.so
[2.248s] -- Up-to-date: /home/ros2/ros2_learn/cartoros2_ws/install/cartographer_ros_msgs/include/cartographer_ros_msgs
[2.248s] -- Up-to-date: /home/ros2/ros2_learn/cartoros2_ws/install/cartographer_ros_msgs/include/cartographer_ros_msgs/msg
[2.249s] -- Up-to-date: /home/ros2/ros2_learn/cartoros2_ws/install/cartographer_ros_msgs/include/cartographer_ros_msgs/msg/bagfile_progress.hpp
[2.249s] -- Up-to-date: /home/ros2/ros2_learn/cartoros2_ws/install/cartographer_ros_msgs/include/cartographer_ros_msgs/msg/trajectory_states.hpp
[2.249s] -- Up-to-date: /home/ros2/ros2_learn/cartoros2_ws/install/cartographer_ros_msgs/include/cartographer_ros_msgs/msg/submap_texture.hpp
[2.249s] -- Up-to-date: /home/ros2/ros2_learn/cartoros2_ws/install/cartographer_ros_msgs/include/cartographer_ros_msgs/msg/detail
[2.249s] -- Up-to-date: /home/ros2/ros2_learn/cartoros2_ws/install/cartographer_ros_msgs/include/cartographer_ros_msgs/msg/detail/metric__builder.hpp
[2.249s] -- Up-to-date: /home/ros2/ros2_learn/cartoros2_ws/install/cartographer_ros_msgs/include/cartographer_ros_msgs/msg/detail/metric_label__struct.hpp
[2.249s] -- Up-to-date: /home/ros2/ros2_learn/cartoros2_ws/install/cartographer_ros_msgs/include/cartographer_ros_msgs/msg/detail/submap_list__traits.hpp
[2.249s] -- Up-to-date: /home/ros2/ros2_learn/cartoros2_ws/install/cartographer_ros_msgs/include/cartographer_ros_msgs/msg/detail/trajectory_states__struct.hpp
[2.249s] -- Up-to-date: /home/ros2/ros2_learn/cartoros2_ws/install/cartographer_ros_msgs/include/cartographer_ros_msgs/msg/detail/bagfile_progress__traits.hpp
[2.249s] -- Up-to-date: /home/ros2/ros2_learn/cartoros2_ws/install/cartographer_ros_msgs/include/cartographer_ros_msgs/msg/detail/submap_entry__builder.hpp
[2.249s] -- Up-to-date: /home/ros2/ros2_learn/cartoros2_ws/install/cartographer_ros_msgs/include/cartographer_ros_msgs/msg/detail/metric_label__traits.hpp
[2.249s] -- Up-to-date: /home/ros2/ros2_learn/cartoros2_ws/install/cartographer_ros_msgs/include/cartographer_ros_msgs/msg/detail/status_response__traits.hpp
[2.249s] -- Up-to-date: /home/ros2/ros2_learn/cartoros2_ws/install/cartographer_ros_msgs/include/cartographer_ros_msgs/msg/detail/submap_list__builder.hpp
[2.249s] -- Up-to-date: /home/ros2/ros2_learn/cartoros2_ws/install/cartographer_ros_msgs/include/cartographer_ros_msgs/msg/detail/bagfile_progress__struct.hpp
[2.249s] -- Up-to-date: /home/ros2/ros2_learn/cartoros2_ws/install/cartographer_ros_msgs/include/cartographer_ros_msgs/msg/detail/bagfile_progress__builder.hpp
[2.249s] -- Up-to-date: /home/ros2/ros2_learn/cartoros2_ws/install/cartographer_ros_msgs/include/cartographer_ros_msgs/msg/detail/submap_list__struct.hpp
[2.249s] -- Up-to-date: /home/ros2/ros2_learn/cartoros2_ws/install/cartographer_ros_msgs/include/cartographer_ros_msgs/msg/detail/metric_family__struct.hpp
[2.249s] -- Up-to-date: /home/ros2/ros2_learn/cartoros2_ws/install/cartographer_ros_msgs/include/cartographer_ros_msgs/msg/detail/metric__traits.hpp
[2.249s] -- Up-to-date: /home/ros2/ros2_learn/cartoros2_ws/install/cartographer_ros_msgs/include/cartographer_ros_msgs/msg/detail/landmark_list__builder.hpp
[2.249s] -- Up-to-date: /home/ros2/ros2_learn/cartoros2_ws/install/cartographer_ros_msgs/include/cartographer_ros_msgs/msg/detail/metric__struct.hpp
[2.249s] -- Up-to-date: /home/ros2/ros2_learn/cartoros2_ws/install/cartographer_ros_msgs/include/cartographer_ros_msgs/msg/detail/submap_texture__struct.hpp
[2.249s] -- Up-to-date: /home/ros2/ros2_learn/cartoros2_ws/install/cartographer_ros_msgs/include/cartographer_ros_msgs/msg/detail/metric_label__builder.hpp
[2.250s] -- Up-to-date: /home/ros2/ros2_learn/cartoros2_ws/install/cartographer_ros_msgs/include/cartographer_ros_msgs/msg/detail/status_code__builder.hpp
[2.250s] -- Up-to-date: /home/ros2/ros2_learn/cartoros2_ws/install/cartographer_ros_msgs/include/cartographer_ros_msgs/msg/detail/metric_family__builder.hpp
[2.250s] -- Up-to-date: /home/ros2/ros2_learn/cartoros2_ws/install/cartographer_ros_msgs/include/cartographer_ros_msgs/msg/detail/landmark_entry__builder.hpp
[2.250s] -- Up-to-date: /home/ros2/ros2_learn/cartoros2_ws/install/cartographer_ros_msgs/include/cartographer_ros_msgs/msg/detail/metric_family__traits.hpp
[2.250s] -- Up-to-date: /home/ros2/ros2_learn/cartoros2_ws/install/cartographer_ros_msgs/include/cartographer_ros_msgs/msg/detail/landmark_list__traits.hpp
[2.250s] -- Up-to-date: /home/ros2/ros2_learn/cartoros2_ws/install/cartographer_ros_msgs/include/cartographer_ros_msgs/msg/detail/status_code__traits.hpp
[2.250s] -- Up-to-date: /home/ros2/ros2_learn/cartoros2_ws/install/cartographer_ros_msgs/include/cartographer_ros_msgs/msg/detail/submap_texture__traits.hpp
[2.250s] -- Up-to-date: /home/ros2/ros2_learn/cartoros2_ws/install/cartographer_ros_msgs/include/cartographer_ros_msgs/msg/detail/landmark_entry__struct.hpp
[2.250s] -- Up-to-date: /home/ros2/ros2_learn/cartoros2_ws/install/cartographer_ros_msgs/include/cartographer_ros_msgs/msg/detail/trajectory_states__builder.hpp
[2.250s] -- Up-to-date: /home/ros2/ros2_learn/cartoros2_ws/install/cartographer_ros_msgs/include/cartographer_ros_msgs/msg/detail/histogram_bucket__struct.hpp
[2.250s] -- Up-to-date: /home/ros2/ros2_learn/cartoros2_ws/install/cartographer_ros_msgs/include/cartographer_ros_msgs/msg/detail/status_code__struct.hpp
[2.250s] -- Up-to-date: /home/ros2/ros2_learn/cartoros2_ws/install/cartographer_ros_msgs/include/cartographer_ros_msgs/msg/detail/histogram_bucket__traits.hpp
[2.250s] -- Up-to-date: /home/ros2/ros2_learn/cartoros2_ws/install/cartographer_ros_msgs/include/cartographer_ros_msgs/msg/detail/status_response__builder.hpp
[2.250s] -- Up-to-date: /home/ros2/ros2_learn/cartoros2_ws/install/cartographer_ros_msgs/include/cartographer_ros_msgs/msg/detail/submap_entry__traits.hpp
[2.250s] -- Up-to-date: /home/ros2/ros2_learn/cartoros2_ws/install/cartographer_ros_msgs/include/cartographer_ros_msgs/msg/detail/landmark_list__struct.hpp
[2.250s] -- Up-to-date: /home/ros2/ros2_learn/cartoros2_ws/install/cartographer_ros_msgs/include/cartographer_ros_msgs/msg/detail/trajectory_states__traits.hpp
[2.250s] -- Up-to-date: /home/ros2/ros2_learn/cartoros2_ws/install/cartographer_ros_msgs/include/cartographer_ros_msgs/msg/detail/histogram_bucket__builder.hpp
[2.250s] -- Up-to-date: /home/ros2/ros2_learn/cartoros2_ws/install/cartographer_ros_msgs/include/cartographer_ros_msgs/msg/detail/submap_entry__struct.hpp
[2.250s] -- Up-to-date: /home/ros2/ros2_learn/cartoros2_ws/install/cartographer_ros_msgs/include/cartographer_ros_msgs/msg/detail/status_response__struct.hpp
[2.250s] -- Up-to-date: /home/ros2/ros2_learn/cartoros2_ws/install/cartographer_ros_msgs/include/cartographer_ros_msgs/msg/detail/submap_texture__builder.hpp
[2.250s] -- Up-to-date: /home/ros2/ros2_learn/cartoros2_ws/install/cartographer_ros_msgs/include/cartographer_ros_msgs/msg/detail/landmark_entry__traits.hpp
[2.250s] -- Up-to-date: /home/ros2/ros2_learn/cartoros2_ws/install/cartographer_ros_msgs/include/cartographer_ros_msgs/msg/submap_entry.hpp
[2.251s] -- Up-to-date: /home/ros2/ros2_learn/cartoros2_ws/install/cartographer_ros_msgs/include/cartographer_ros_msgs/msg/status_code.hpp
[2.251s] -- Up-to-date: /home/ros2/ros2_learn/cartoros2_ws/install/cartographer_ros_msgs/include/cartographer_ros_msgs/msg/landmark_entry.hpp
[2.251s] -- Up-to-date: /home/ros2/ros2_learn/cartoros2_ws/install/cartographer_ros_msgs/include/cartographer_ros_msgs/msg/metric.hpp
[2.251s] -- Up-to-date: /home/ros2/ros2_learn/cartoros2_ws/install/cartographer_ros_msgs/include/cartographer_ros_msgs/msg/metric_family.hpp
[2.251s] -- Up-to-date: /home/ros2/ros2_learn/cartoros2_ws/install/cartographer_ros_msgs/include/cartographer_ros_msgs/msg/metric_label.hpp
[2.251s] -- Up-to-date: /home/ros2/ros2_learn/cartoros2_ws/install/cartographer_ros_msgs/include/cartographer_ros_msgs/msg/landmark_list.hpp
[2.251s] -- Up-to-date: /home/ros2/ros2_learn/cartoros2_ws/install/cartographer_ros_msgs/include/cartographer_ros_msgs/msg/status_response.hpp
[2.251s] -- Up-to-date: /home/ros2/ros2_learn/cartoros2_ws/install/cartographer_ros_msgs/include/cartographer_ros_msgs/msg/histogram_bucket.hpp
[2.251s] -- Up-to-date: /home/ros2/ros2_learn/cartoros2_ws/install/cartographer_ros_msgs/include/cartographer_ros_msgs/msg/submap_list.hpp
[2.251s] -- Up-to-date: /home/ros2/ros2_learn/cartoros2_ws/install/cartographer_ros_msgs/include/cartographer_ros_msgs/srv
[2.251s] -- Up-to-date: /home/ros2/ros2_learn/cartoros2_ws/install/cartographer_ros_msgs/include/cartographer_ros_msgs/srv/finish_trajectory.hpp
[2.256s] -- Up-to-date: /home/ros2/ros2_learn/cartoros2_ws/install/cartographer_ros_msgs/include/cartographer_ros_msgs/srv/detail
[2.256s] -- Up-to-date: /home/ros2/ros2_learn/cartoros2_ws/install/cartographer_ros_msgs/include/cartographer_ros_msgs/srv/detail/finish_trajectory__traits.hpp
[2.257s] -- Up-to-date: /home/ros2/ros2_learn/cartoros2_ws/install/cartographer_ros_msgs/include/cartographer_ros_msgs/srv/detail/trajectory_query__traits.hpp
[2.257s] -- Up-to-date: /home/ros2/ros2_learn/cartoros2_ws/install/cartographer_ros_msgs/include/cartographer_ros_msgs/srv/detail/finish_trajectory__builder.hpp
[2.257s] -- Up-to-date: /home/ros2/ros2_learn/cartoros2_ws/install/cartographer_ros_msgs/include/cartographer_ros_msgs/srv/detail/trajectory_query__struct.hpp
[2.257s] -- Up-to-date: /home/ros2/ros2_learn/cartoros2_ws/install/cartographer_ros_msgs/include/cartographer_ros_msgs/srv/detail/read_metrics__traits.hpp
[2.257s] -- Up-to-date: /home/ros2/ros2_learn/cartoros2_ws/install/cartographer_ros_msgs/include/cartographer_ros_msgs/srv/detail/read_metrics__builder.hpp
[2.257s] -- Up-to-date: /home/ros2/ros2_learn/cartoros2_ws/install/cartographer_ros_msgs/include/cartographer_ros_msgs/srv/detail/write_state__traits.hpp
[2.257s] -- Up-to-date: /home/ros2/ros2_learn/cartoros2_ws/install/cartographer_ros_msgs/include/cartographer_ros_msgs/srv/detail/submap_query__struct.hpp
[2.257s] -- Up-to-date: /home/ros2/ros2_learn/cartoros2_ws/install/cartographer_ros_msgs/include/cartographer_ros_msgs/srv/detail/finish_trajectory__struct.hpp
[2.257s] -- Up-to-date: /home/ros2/ros2_learn/cartoros2_ws/install/cartographer_ros_msgs/include/cartographer_ros_msgs/srv/detail/read_metrics__struct.hpp
[2.257s] -- Up-to-date: /home/ros2/ros2_learn/cartoros2_ws/install/cartographer_ros_msgs/include/cartographer_ros_msgs/srv/detail/get_trajectory_states__builder.hpp
[2.257s] -- Up-to-date: /home/ros2/ros2_learn/cartoros2_ws/install/cartographer_ros_msgs/include/cartographer_ros_msgs/srv/detail/get_trajectory_states__traits.hpp
[2.257s] -- Up-to-date: /home/ros2/ros2_learn/cartoros2_ws/install/cartographer_ros_msgs/include/cartographer_ros_msgs/srv/detail/submap_query__traits.hpp
[2.257s] -- Up-to-date: /home/ros2/ros2_learn/cartoros2_ws/install/cartographer_ros_msgs/include/cartographer_ros_msgs/srv/detail/get_trajectory_states__struct.hpp
[2.257s] -- Up-to-date: /home/ros2/ros2_learn/cartoros2_ws/install/cartographer_ros_msgs/include/cartographer_ros_msgs/srv/detail/submap_query__builder.hpp
[2.257s] -- Up-to-date: /home/ros2/ros2_learn/cartoros2_ws/install/cartographer_ros_msgs/include/cartographer_ros_msgs/srv/detail/write_state__builder.hpp
[2.257s] -- Up-to-date: /home/ros2/ros2_learn/cartoros2_ws/install/cartographer_ros_msgs/include/cartographer_ros_msgs/srv/detail/start_trajectory__traits.hpp
[2.257s] -- Up-to-date: /home/ros2/ros2_learn/cartoros2_ws/install/cartographer_ros_msgs/include/cartographer_ros_msgs/srv/detail/start_trajectory__struct.hpp
[2.257s] -- Up-to-date: /home/ros2/ros2_learn/cartoros2_ws/install/cartographer_ros_msgs/include/cartographer_ros_msgs/srv/detail/write_state__struct.hpp
[2.257s] -- Up-to-date: /home/ros2/ros2_learn/cartoros2_ws/install/cartographer_ros_msgs/include/cartographer_ros_msgs/srv/detail/start_trajectory__builder.hpp
[2.258s] -- Up-to-date: /home/ros2/ros2_learn/cartoros2_ws/install/cartographer_ros_msgs/include/cartographer_ros_msgs/srv/detail/trajectory_query__builder.hpp
[2.258s] -- Up-to-date: /home/ros2/ros2_learn/cartoros2_ws/install/cartographer_ros_msgs/include/cartographer_ros_msgs/srv/get_trajectory_states.hpp
[2.258s] -- Up-to-date: /home/ros2/ros2_learn/cartoros2_ws/install/cartographer_ros_msgs/include/cartographer_ros_msgs/srv/start_trajectory.hpp
[2.258s] -- Up-to-date: /home/ros2/ros2_learn/cartoros2_ws/install/cartographer_ros_msgs/include/cartographer_ros_msgs/srv/submap_query.hpp
[2.258s] -- Up-to-date: /home/ros2/ros2_learn/cartoros2_ws/install/cartographer_ros_msgs/include/cartographer_ros_msgs/srv/read_metrics.hpp
[2.258s] -- Up-to-date: /home/ros2/ros2_learn/cartoros2_ws/install/cartographer_ros_msgs/include/cartographer_ros_msgs/srv/trajectory_query.hpp
[2.258s] -- Up-to-date: /home/ros2/ros2_learn/cartoros2_ws/install/cartographer_ros_msgs/include/cartographer_ros_msgs/srv/write_state.hpp
[2.258s] -- Up-to-date: /home/ros2/ros2_learn/cartoros2_ws/install/cartographer_ros_msgs/include/cartographer_ros_msgs
[2.258s] -- Up-to-date: /home/ros2/ros2_learn/cartoros2_ws/install/cartographer_ros_msgs/include/cartographer_ros_msgs/msg
[2.258s] -- Up-to-date: /home/ros2/ros2_learn/cartoros2_ws/install/cartographer_ros_msgs/include/cartographer_ros_msgs/msg/detail
[2.258s] -- Up-to-date: /home/ros2/ros2_learn/cartoros2_ws/install/cartographer_ros_msgs/include/cartographer_ros_msgs/msg/detail/histogram_bucket__rosidl_typesupport_introspection_cpp.hpp
[2.258s] -- Up-to-date: /home/ros2/ros2_learn/cartoros2_ws/install/cartographer_ros_msgs/include/cartographer_ros_msgs/msg/detail/landmark_list__type_support.cpp
[2.258s] -- Up-to-date: /home/ros2/ros2_learn/cartoros2_ws/install/cartographer_ros_msgs/include/cartographer_ros_msgs/msg/detail/bagfile_progress__rosidl_typesupport_introspection_cpp.hpp
[2.258s] -- Up-to-date: /home/ros2/ros2_learn/cartoros2_ws/install/cartographer_ros_msgs/include/cartographer_ros_msgs/msg/detail/metric__rosidl_typesupport_introspection_cpp.hpp
[2.258s] -- Up-to-date: /home/ros2/ros2_learn/cartoros2_ws/install/cartographer_ros_msgs/include/cartographer_ros_msgs/msg/detail/landmark_entry__rosidl_typesupport_introspection_cpp.hpp
[2.258s] -- Up-to-date: /home/ros2/ros2_learn/cartoros2_ws/install/cartographer_ros_msgs/include/cartographer_ros_msgs/msg/detail/submap_list__type_support.cpp
[2.258s] -- Up-to-date: /home/ros2/ros2_learn/cartoros2_ws/install/cartographer_ros_msgs/include/cartographer_ros_msgs/msg/detail/status_response__rosidl_typesupport_introspection_cpp.hpp
[2.258s] -- Up-to-date: /home/ros2/ros2_learn/cartoros2_ws/install/cartographer_ros_msgs/include/cartographer_ros_msgs/msg/detail/metric_label__rosidl_typesupport_introspection_cpp.hpp
[2.258s] -- Up-to-date: /home/ros2/ros2_learn/cartoros2_ws/install/cartographer_ros_msgs/include/cartographer_ros_msgs/msg/detail/bagfile_progress__type_support.cpp
[2.259s] -- Up-to-date: /home/ros2/ros2_learn/cartoros2_ws/install/cartographer_ros_msgs/include/cartographer_ros_msgs/msg/detail/submap_list__rosidl_typesupport_introspection_cpp.hpp
[2.259s] -- Up-to-date: /home/ros2/ros2_learn/cartoros2_ws/install/cartographer_ros_msgs/include/cartographer_ros_msgs/msg/detail/trajectory_states__rosidl_typesupport_introspection_cpp.hpp
[2.259s] -- Up-to-date: /home/ros2/ros2_learn/cartoros2_ws/install/cartographer_ros_msgs/include/cartographer_ros_msgs/msg/detail/submap_entry__rosidl_typesupport_introspection_cpp.hpp
[2.259s] -- Up-to-date: /home/ros2/ros2_learn/cartoros2_ws/install/cartographer_ros_msgs/include/cartographer_ros_msgs/msg/detail/metric_family__type_support.cpp
[2.259s] -- Up-to-date: /home/ros2/ros2_learn/cartoros2_ws/install/cartographer_ros_msgs/include/cartographer_ros_msgs/msg/detail/submap_texture__type_support.cpp
[2.259s] -- Up-to-date: /home/ros2/ros2_learn/cartoros2_ws/install/cartographer_ros_msgs/include/cartographer_ros_msgs/msg/detail/metric__type_support.cpp
[2.259s] -- Up-to-date: /home/ros2/ros2_learn/cartoros2_ws/install/cartographer_ros_msgs/include/cartographer_ros_msgs/msg/detail/trajectory_states__type_support.cpp
[2.259s] -- Up-to-date: /home/ros2/ros2_learn/cartoros2_ws/install/cartographer_ros_msgs/include/cartographer_ros_msgs/msg/detail/status_code__rosidl_typesupport_introspection_cpp.hpp
[2.259s] -- Up-to-date: /home/ros2/ros2_learn/cartoros2_ws/install/cartographer_ros_msgs/include/cartographer_ros_msgs/msg/detail/landmark_entry__type_support.cpp
[2.259s] -- Up-to-date: /home/ros2/ros2_learn/cartoros2_ws/install/cartographer_ros_msgs/include/cartographer_ros_msgs/msg/detail/status_response__type_support.cpp
[2.259s] -- Up-to-date: /home/ros2/ros2_learn/cartoros2_ws/install/cartographer_ros_msgs/include/cartographer_ros_msgs/msg/detail/status_code__type_support.cpp
[2.259s] -- Up-to-date: /home/ros2/ros2_learn/cartoros2_ws/install/cartographer_ros_msgs/include/cartographer_ros_msgs/msg/detail/submap_entry__type_support.cpp
[2.259s] -- Up-to-date: /home/ros2/ros2_learn/cartoros2_ws/install/cartographer_ros_msgs/include/cartographer_ros_msgs/msg/detail/histogram_bucket__type_support.cpp
[2.259s] -- Up-to-date: /home/ros2/ros2_learn/cartoros2_ws/install/cartographer_ros_msgs/include/cartographer_ros_msgs/msg/detail/metric_label__type_support.cpp
[2.259s] -- Up-to-date: /home/ros2/ros2_learn/cartoros2_ws/install/cartographer_ros_msgs/include/cartographer_ros_msgs/msg/detail/metric_family__rosidl_typesupport_introspection_cpp.hpp
[2.259s] -- Up-to-date: /home/ros2/ros2_learn/cartoros2_ws/install/cartographer_ros_msgs/include/cartographer_ros_msgs/msg/detail/landmark_list__rosidl_typesupport_introspection_cpp.hpp
[2.259s] -- Up-to-date: /home/ros2/ros2_learn/cartoros2_ws/install/cartographer_ros_msgs/include/cartographer_ros_msgs/msg/detail/submap_texture__rosidl_typesupport_introspection_cpp.hpp
[2.259s] -- Up-to-date: /home/ros2/ros2_learn/cartoros2_ws/install/cartographer_ros_msgs/include/cartographer_ros_msgs/srv
[2.259s] -- Up-to-date: /home/ros2/ros2_learn/cartoros2_ws/install/cartographer_ros_msgs/include/cartographer_ros_msgs/srv/detail
[2.259s] -- Up-to-date: /home/ros2/ros2_learn/cartoros2_ws/install/cartographer_ros_msgs/include/cartographer_ros_msgs/srv/detail/finish_trajectory__type_support.cpp
[2.259s] -- Up-to-date: /home/ros2/ros2_learn/cartoros2_ws/install/cartographer_ros_msgs/include/cartographer_ros_msgs/srv/detail/start_trajectory__type_support.cpp
[2.259s] -- Up-to-date: /home/ros2/ros2_learn/cartoros2_ws/install/cartographer_ros_msgs/include/cartographer_ros_msgs/srv/detail/submap_query__rosidl_typesupport_introspection_cpp.hpp
[2.260s] -- Up-to-date: /home/ros2/ros2_learn/cartoros2_ws/install/cartographer_ros_msgs/include/cartographer_ros_msgs/srv/detail/get_trajectory_states__rosidl_typesupport_introspection_cpp.hpp
[2.260s] -- Up-to-date: /home/ros2/ros2_learn/cartoros2_ws/install/cartographer_ros_msgs/include/cartographer_ros_msgs/srv/detail/trajectory_query__rosidl_typesupport_introspection_cpp.hpp
[2.260s] -- Up-to-date: /home/ros2/ros2_learn/cartoros2_ws/install/cartographer_ros_msgs/include/cartographer_ros_msgs/srv/detail/start_trajectory__rosidl_typesupport_introspection_cpp.hpp
[2.260s] -- Up-to-date: /home/ros2/ros2_learn/cartoros2_ws/install/cartographer_ros_msgs/include/cartographer_ros_msgs/srv/detail/finish_trajectory__rosidl_typesupport_introspection_cpp.hpp
[2.260s] -- Up-to-date: /home/ros2/ros2_learn/cartoros2_ws/install/cartographer_ros_msgs/include/cartographer_ros_msgs/srv/detail/read_metrics__rosidl_typesupport_introspection_cpp.hpp
[2.260s] -- Up-to-date: /home/ros2/ros2_learn/cartoros2_ws/install/cartographer_ros_msgs/include/cartographer_ros_msgs/srv/detail/read_metrics__type_support.cpp
[2.260s] -- Up-to-date: /home/ros2/ros2_learn/cartoros2_ws/install/cartographer_ros_msgs/include/cartographer_ros_msgs/srv/detail/write_state__type_support.cpp
[2.260s] -- Up-to-date: /home/ros2/ros2_learn/cartoros2_ws/install/cartographer_ros_msgs/include/cartographer_ros_msgs/srv/detail/get_trajectory_states__type_support.cpp
[2.260s] -- Up-to-date: /home/ros2/ros2_learn/cartoros2_ws/install/cartographer_ros_msgs/include/cartographer_ros_msgs/srv/detail/trajectory_query__type_support.cpp
[2.260s] -- Up-to-date: /home/ros2/ros2_learn/cartoros2_ws/install/cartographer_ros_msgs/include/cartographer_ros_msgs/srv/detail/submap_query__type_support.cpp
[2.260s] -- Up-to-date: /home/ros2/ros2_learn/cartoros2_ws/install/cartographer_ros_msgs/include/cartographer_ros_msgs/srv/detail/write_state__rosidl_typesupport_introspection_cpp.hpp
[2.260s] -- Up-to-date: /home/ros2/ros2_learn/cartoros2_ws/install/cartographer_ros_msgs/lib/libcartographer_ros_msgs__rosidl_typesupport_introspection_cpp.so
[2.260s] -- Up-to-date: /home/ros2/ros2_learn/cartoros2_ws/install/cartographer_ros_msgs/lib/libcartographer_ros_msgs__rosidl_typesupport_cpp.so
[2.260s] -- Up-to-date: /home/ros2/ros2_learn/cartoros2_ws/install/cartographer_ros_msgs/share/cartographer_ros_msgs/environment/pythonpath.sh
[2.260s] -- Up-to-date: /home/ros2/ros2_learn/cartoros2_ws/install/cartographer_ros_msgs/share/cartographer_ros_msgs/environment/pythonpath.dsv
[2.260s] -- Up-to-date: /home/ros2/ros2_learn/cartoros2_ws/install/cartographer_ros_msgs/lib/python3.8/site-packages/cartographer_ros_msgs/__init__.py
[2.306s] -- Up-to-date: /home/ros2/ros2_learn/cartoros2_ws/install/cartographer_ros_msgs/lib/python3.8/site-packages/cartographer_ros_msgs/msg
[2.306s] -- Up-to-date: /home/ros2/ros2_learn/cartoros2_ws/install/cartographer_ros_msgs/lib/python3.8/site-packages/cartographer_ros_msgs/msg/_metric_label.py
[2.306s] -- Up-to-date: /home/ros2/ros2_learn/cartoros2_ws/install/cartographer_ros_msgs/lib/python3.8/site-packages/cartographer_ros_msgs/msg/_status_response_s.c
[2.306s] -- Up-to-date: /home/ros2/ros2_learn/cartoros2_ws/install/cartographer_ros_msgs/lib/python3.8/site-packages/cartographer_ros_msgs/msg/__init__.py
[2.306s] -- Up-to-date: /home/ros2/ros2_learn/cartoros2_ws/install/cartographer_ros_msgs/lib/python3.8/site-packages/cartographer_ros_msgs/msg/_status_code.py
[2.306s] -- Up-to-date: /home/ros2/ros2_learn/cartoros2_ws/install/cartographer_ros_msgs/lib/python3.8/site-packages/cartographer_ros_msgs/msg/_submap_list_s.c
[2.306s] -- Up-to-date: /home/ros2/ros2_learn/cartoros2_ws/install/cartographer_ros_msgs/lib/python3.8/site-packages/cartographer_ros_msgs/msg/_status_code_s.c
[2.306s] -- Up-to-date: /home/ros2/ros2_learn/cartoros2_ws/install/cartographer_ros_msgs/lib/python3.8/site-packages/cartographer_ros_msgs/msg/_submap_list.py
[2.306s] -- Up-to-date: /home/ros2/ros2_learn/cartoros2_ws/install/cartographer_ros_msgs/lib/python3.8/site-packages/cartographer_ros_msgs/msg/_metric_label_s.c
[2.306s] -- Up-to-date: /home/ros2/ros2_learn/cartoros2_ws/install/cartographer_ros_msgs/lib/python3.8/site-packages/cartographer_ros_msgs/msg/_trajectory_states_s.c
[2.307s] -- Up-to-date: /home/ros2/ros2_learn/cartoros2_ws/install/cartographer_ros_msgs/lib/python3.8/site-packages/cartographer_ros_msgs/msg/_bagfile_progress.py
[2.307s] -- Up-to-date: /home/ros2/ros2_learn/cartoros2_ws/install/cartographer_ros_msgs/lib/python3.8/site-packages/cartographer_ros_msgs/msg/_metric_family.py
[2.307s] -- Up-to-date: /home/ros2/ros2_learn/cartoros2_ws/install/cartographer_ros_msgs/lib/python3.8/site-packages/cartographer_ros_msgs/msg/_landmark_entry_s.c
[2.307s] -- Up-to-date: /home/ros2/ros2_learn/cartoros2_ws/install/cartographer_ros_msgs/lib/python3.8/site-packages/cartographer_ros_msgs/msg/_submap_texture.py
[2.307s] -- Up-to-date: /home/ros2/ros2_learn/cartoros2_ws/install/cartographer_ros_msgs/lib/python3.8/site-packages/cartographer_ros_msgs/msg/_metric_s.c
[2.307s] -- Up-to-date: /home/ros2/ros2_learn/cartoros2_ws/install/cartographer_ros_msgs/lib/python3.8/site-packages/cartographer_ros_msgs/msg/_landmark_entry.py
[2.307s] -- Up-to-date: /home/ros2/ros2_learn/cartoros2_ws/install/cartographer_ros_msgs/lib/python3.8/site-packages/cartographer_ros_msgs/msg/_landmark_list_s.c
[2.307s] -- Up-to-date: /home/ros2/ros2_learn/cartoros2_ws/install/cartographer_ros_msgs/lib/python3.8/site-packages/cartographer_ros_msgs/msg/_metric.py
[2.307s] -- Up-to-date: /home/ros2/ros2_learn/cartoros2_ws/install/cartographer_ros_msgs/lib/python3.8/site-packages/cartographer_ros_msgs/msg/_submap_entry_s.c
[2.307s] -- Up-to-date: /home/ros2/ros2_learn/cartoros2_ws/install/cartographer_ros_msgs/lib/python3.8/site-packages/cartographer_ros_msgs/msg/_submap_texture_s.c
[2.307s] -- Up-to-date: /home/ros2/ros2_learn/cartoros2_ws/install/cartographer_ros_msgs/lib/python3.8/site-packages/cartographer_ros_msgs/msg/_metric_family_s.c
[2.307s] -- Up-to-date: /home/ros2/ros2_learn/cartoros2_ws/install/cartographer_ros_msgs/lib/python3.8/site-packages/cartographer_ros_msgs/msg/_bagfile_progress_s.c
[2.308s] -- Up-to-date: /home/ros2/ros2_learn/cartoros2_ws/install/cartographer_ros_msgs/lib/python3.8/site-packages/cartographer_ros_msgs/msg/_status_response.py
[2.308s] -- Up-to-date: /home/ros2/ros2_learn/cartoros2_ws/install/cartographer_ros_msgs/lib/python3.8/site-packages/cartographer_ros_msgs/msg/_histogram_bucket_s.c
[2.308s] -- Up-to-date: /home/ros2/ros2_learn/cartoros2_ws/install/cartographer_ros_msgs/lib/python3.8/site-packages/cartographer_ros_msgs/msg/_submap_entry.py
[2.308s] -- Up-to-date: /home/ros2/ros2_learn/cartoros2_ws/install/cartographer_ros_msgs/lib/python3.8/site-packages/cartographer_ros_msgs/msg/_histogram_bucket.py
[2.308s] -- Up-to-date: /home/ros2/ros2_learn/cartoros2_ws/install/cartographer_ros_msgs/lib/python3.8/site-packages/cartographer_ros_msgs/msg/_trajectory_states.py
[2.308s] -- Up-to-date: /home/ros2/ros2_learn/cartoros2_ws/install/cartographer_ros_msgs/lib/python3.8/site-packages/cartographer_ros_msgs/msg/_landmark_list.py
[2.308s] -- Up-to-date: /home/ros2/ros2_learn/cartoros2_ws/install/cartographer_ros_msgs/lib/python3.8/site-packages/cartographer_ros_msgs/srv
[2.308s] -- Up-to-date: /home/ros2/ros2_learn/cartoros2_ws/install/cartographer_ros_msgs/lib/python3.8/site-packages/cartographer_ros_msgs/srv/_finish_trajectory.py
[2.308s] -- Up-to-date: /home/ros2/ros2_learn/cartoros2_ws/install/cartographer_ros_msgs/lib/python3.8/site-packages/cartographer_ros_msgs/srv/_submap_query.py
[2.308s] -- Up-to-date: /home/ros2/ros2_learn/cartoros2_ws/install/cartographer_ros_msgs/lib/python3.8/site-packages/cartographer_ros_msgs/srv/_write_state.py
[2.308s] -- Up-to-date: /home/ros2/ros2_learn/cartoros2_ws/install/cartographer_ros_msgs/lib/python3.8/site-packages/cartographer_ros_msgs/srv/__init__.py
[2.308s] -- Up-to-date: /home/ros2/ros2_learn/cartoros2_ws/install/cartographer_ros_msgs/lib/python3.8/site-packages/cartographer_ros_msgs/srv/_get_trajectory_states_s.c
[2.309s] -- Up-to-date: /home/ros2/ros2_learn/cartoros2_ws/install/cartographer_ros_msgs/lib/python3.8/site-packages/cartographer_ros_msgs/srv/_trajectory_query.py
[2.309s] -- Up-to-date: /home/ros2/ros2_learn/cartoros2_ws/install/cartographer_ros_msgs/lib/python3.8/site-packages/cartographer_ros_msgs/srv/_read_metrics.py
[2.309s] -- Up-to-date: /home/ros2/ros2_learn/cartoros2_ws/install/cartographer_ros_msgs/lib/python3.8/site-packages/cartographer_ros_msgs/srv/_get_trajectory_states.py
[2.309s] -- Up-to-date: /home/ros2/ros2_learn/cartoros2_ws/install/cartographer_ros_msgs/lib/python3.8/site-packages/cartographer_ros_msgs/srv/_submap_query_s.c
[2.309s] -- Up-to-date: /home/ros2/ros2_learn/cartoros2_ws/install/cartographer_ros_msgs/lib/python3.8/site-packages/cartographer_ros_msgs/srv/_start_trajectory_s.c
[2.309s] -- Up-to-date: /home/ros2/ros2_learn/cartoros2_ws/install/cartographer_ros_msgs/lib/python3.8/site-packages/cartographer_ros_msgs/srv/_write_state_s.c
[2.309s] -- Up-to-date: /home/ros2/ros2_learn/cartoros2_ws/install/cartographer_ros_msgs/lib/python3.8/site-packages/cartographer_ros_msgs/srv/_read_metrics_s.c
[2.309s] -- Up-to-date: /home/ros2/ros2_learn/cartoros2_ws/install/cartographer_ros_msgs/lib/python3.8/site-packages/cartographer_ros_msgs/srv/_start_trajectory.py
[2.309s] -- Up-to-date: /home/ros2/ros2_learn/cartoros2_ws/install/cartographer_ros_msgs/lib/python3.8/site-packages/cartographer_ros_msgs/srv/_finish_trajectory_s.c
[2.309s] -- Up-to-date: /home/ros2/ros2_learn/cartoros2_ws/install/cartographer_ros_msgs/lib/python3.8/site-packages/cartographer_ros_msgs/srv/_trajectory_query_s.c
[2.309s] -- Up-to-date: /home/ros2/ros2_learn/cartoros2_ws/install/cartographer_ros_msgs/lib/python3.8/site-packages/cartographer_ros_msgs/cartographer_ros_msgs_s__rosidl_typesupport_fastrtps_c.cpython-38-x86_64-linux-gnu.so
[2.309s] -- Up-to-date: /home/ros2/ros2_learn/cartoros2_ws/install/cartographer_ros_msgs/lib/python3.8/site-packages/cartographer_ros_msgs/cartographer_ros_msgs_s__rosidl_typesupport_introspection_c.cpython-38-x86_64-linux-gnu.so
[2.309s] -- Up-to-date: /home/ros2/ros2_learn/cartoros2_ws/install/cartographer_ros_msgs/lib/python3.8/site-packages/cartographer_ros_msgs/cartographer_ros_msgs_s__rosidl_typesupport_c.cpython-38-x86_64-linux-gnu.so
[2.310s] -- Up-to-date: /home/ros2/ros2_learn/cartoros2_ws/install/cartographer_ros_msgs/lib/libcartographer_ros_msgs__python.so
[2.310s] -- Up-to-date: /home/ros2/ros2_learn/cartoros2_ws/install/cartographer_ros_msgs/share/cartographer_ros_msgs/msg/BagfileProgress.idl
[2.310s] -- Up-to-date: /home/ros2/ros2_learn/cartoros2_ws/install/cartographer_ros_msgs/share/cartographer_ros_msgs/msg/HistogramBucket.idl
[2.310s] -- Up-to-date: /home/ros2/ros2_learn/cartoros2_ws/install/cartographer_ros_msgs/share/cartographer_ros_msgs/msg/LandmarkEntry.idl
[2.310s] -- Up-to-date: /home/ros2/ros2_learn/cartoros2_ws/install/cartographer_ros_msgs/share/cartographer_ros_msgs/msg/LandmarkList.idl
[2.310s] -- Up-to-date: /home/ros2/ros2_learn/cartoros2_ws/install/cartographer_ros_msgs/share/cartographer_ros_msgs/msg/MetricFamily.idl
[2.310s] -- Up-to-date: /home/ros2/ros2_learn/cartoros2_ws/install/cartographer_ros_msgs/share/cartographer_ros_msgs/msg/MetricLabel.idl
[2.310s] -- Up-to-date: /home/ros2/ros2_learn/cartoros2_ws/install/cartographer_ros_msgs/share/cartographer_ros_msgs/msg/Metric.idl
[2.310s] -- Up-to-date: /home/ros2/ros2_learn/cartoros2_ws/install/cartographer_ros_msgs/share/cartographer_ros_msgs/msg/StatusCode.idl
[2.310s] -- Up-to-date: /home/ros2/ros2_learn/cartoros2_ws/install/cartographer_ros_msgs/share/cartographer_ros_msgs/msg/StatusResponse.idl
[2.310s] -- Up-to-date: /home/ros2/ros2_learn/cartoros2_ws/install/cartographer_ros_msgs/share/cartographer_ros_msgs/msg/SubmapEntry.idl
[2.312s] -- Up-to-date: /home/ros2/ros2_learn/cartoros2_ws/install/cartographer_ros_msgs/share/cartographer_ros_msgs/msg/SubmapList.idl
[2.312s] -- Up-to-date: /home/ros2/ros2_learn/cartoros2_ws/install/cartographer_ros_msgs/share/cartographer_ros_msgs/msg/SubmapTexture.idl
[2.312s] -- Up-to-date: /home/ros2/ros2_learn/cartoros2_ws/install/cartographer_ros_msgs/share/cartographer_ros_msgs/msg/TrajectoryStates.idl
[2.312s] -- Up-to-date: /home/ros2/ros2_learn/cartoros2_ws/install/cartographer_ros_msgs/share/cartographer_ros_msgs/srv/FinishTrajectory.idl
[2.312s] -- Up-to-date: /home/ros2/ros2_learn/cartoros2_ws/install/cartographer_ros_msgs/share/cartographer_ros_msgs/srv/GetTrajectoryStates.idl
[2.312s] -- Up-to-date: /home/ros2/ros2_learn/cartoros2_ws/install/cartographer_ros_msgs/share/cartographer_ros_msgs/srv/ReadMetrics.idl
[2.313s] -- Up-to-date: /home/ros2/ros2_learn/cartoros2_ws/install/cartographer_ros_msgs/share/cartographer_ros_msgs/srv/StartTrajectory.idl
[2.313s] -- Up-to-date: /home/ros2/ros2_learn/cartoros2_ws/install/cartographer_ros_msgs/share/cartographer_ros_msgs/srv/TrajectoryQuery.idl
[2.314s] -- Up-to-date: /home/ros2/ros2_learn/cartoros2_ws/install/cartographer_ros_msgs/share/cartographer_ros_msgs/srv/SubmapQuery.idl
[2.315s] -- Up-to-date: /home/ros2/ros2_learn/cartoros2_ws/install/cartographer_ros_msgs/share/cartographer_ros_msgs/srv/WriteState.idl
[2.316s] -- Up-to-date: /home/ros2/ros2_learn/cartoros2_ws/install/cartographer_ros_msgs/share/cartographer_ros_msgs/msg/BagfileProgress.msg
[2.316s] -- Up-to-date: /home/ros2/ros2_learn/cartoros2_ws/install/cartographer_ros_msgs/share/cartographer_ros_msgs/msg/HistogramBucket.msg
[2.317s] -- Up-to-date: /home/ros2/ros2_learn/cartoros2_ws/install/cartographer_ros_msgs/share/cartographer_ros_msgs/msg/LandmarkEntry.msg
[2.317s] -- Up-to-date: /home/ros2/ros2_learn/cartoros2_ws/install/cartographer_ros_msgs/share/cartographer_ros_msgs/msg/LandmarkList.msg
[2.318s] -- Up-to-date: /home/ros2/ros2_learn/cartoros2_ws/install/cartographer_ros_msgs/share/cartographer_ros_msgs/msg/MetricFamily.msg
[2.318s] -- Up-to-date: /home/ros2/ros2_learn/cartoros2_ws/install/cartographer_ros_msgs/share/cartographer_ros_msgs/msg/MetricLabel.msg
[2.318s] -- Up-to-date: /home/ros2/ros2_learn/cartoros2_ws/install/cartographer_ros_msgs/share/cartographer_ros_msgs/msg/Metric.msg
[2.319s] -- Up-to-date: /home/ros2/ros2_learn/cartoros2_ws/install/cartographer_ros_msgs/share/cartographer_ros_msgs/msg/StatusCode.msg
[2.319s] -- Up-to-date: /home/ros2/ros2_learn/cartoros2_ws/install/cartographer_ros_msgs/share/cartographer_ros_msgs/msg/StatusResponse.msg
[2.319s] -- Up-to-date: /home/ros2/ros2_learn/cartoros2_ws/install/cartographer_ros_msgs/share/cartographer_ros_msgs/msg/SubmapEntry.msg
[2.320s] -- Up-to-date: /home/ros2/ros2_learn/cartoros2_ws/install/cartographer_ros_msgs/share/cartographer_ros_msgs/msg/SubmapList.msg
[2.320s] -- Up-to-date: /home/ros2/ros2_learn/cartoros2_ws/install/cartographer_ros_msgs/share/cartographer_ros_msgs/msg/SubmapTexture.msg
[2.320s] -- Up-to-date: /home/ros2/ros2_learn/cartoros2_ws/install/cartographer_ros_msgs/share/cartographer_ros_msgs/msg/TrajectoryStates.msg
[2.320s] -- Up-to-date: /home/ros2/ros2_learn/cartoros2_ws/install/cartographer_ros_msgs/share/cartographer_ros_msgs/srv/FinishTrajectory.srv
[2.321s] -- Up-to-date: /home/ros2/ros2_learn/cartoros2_ws/install/cartographer_ros_msgs/share/cartographer_ros_msgs/srv/FinishTrajectory_Request.msg
[2.321s] -- Up-to-date: /home/ros2/ros2_learn/cartoros2_ws/install/cartographer_ros_msgs/share/cartographer_ros_msgs/srv/FinishTrajectory_Response.msg
[2.321s] -- Up-to-date: /home/ros2/ros2_learn/cartoros2_ws/install/cartographer_ros_msgs/share/cartographer_ros_msgs/srv/GetTrajectoryStates.srv
[2.322s] -- Up-to-date: /home/ros2/ros2_learn/cartoros2_ws/install/cartographer_ros_msgs/share/cartographer_ros_msgs/srv/GetTrajectoryStates_Request.msg
[2.322s] -- Up-to-date: /home/ros2/ros2_learn/cartoros2_ws/install/cartographer_ros_msgs/share/cartographer_ros_msgs/srv/GetTrajectoryStates_Response.msg
[2.322s] -- Up-to-date: /home/ros2/ros2_learn/cartoros2_ws/install/cartographer_ros_msgs/share/cartographer_ros_msgs/srv/ReadMetrics.srv
[2.323s] -- Up-to-date: /home/ros2/ros2_learn/cartoros2_ws/install/cartographer_ros_msgs/share/cartographer_ros_msgs/srv/ReadMetrics_Request.msg
[2.323s] -- Up-to-date: /home/ros2/ros2_learn/cartoros2_ws/install/cartographer_ros_msgs/share/cartographer_ros_msgs/srv/ReadMetrics_Response.msg
[2.323s] -- Up-to-date: /home/ros2/ros2_learn/cartoros2_ws/install/cartographer_ros_msgs/share/cartographer_ros_msgs/srv/StartTrajectory.srv
[2.323s] -- Up-to-date: /home/ros2/ros2_learn/cartoros2_ws/install/cartographer_ros_msgs/share/cartographer_ros_msgs/srv/StartTrajectory_Request.msg
[2.324s] -- Up-to-date: /home/ros2/ros2_learn/cartoros2_ws/install/cartographer_ros_msgs/share/cartographer_ros_msgs/srv/StartTrajectory_Response.msg
[2.324s] -- Up-to-date: /home/ros2/ros2_learn/cartoros2_ws/install/cartographer_ros_msgs/share/cartographer_ros_msgs/srv/TrajectoryQuery.srv
[2.324s] -- Up-to-date: /home/ros2/ros2_learn/cartoros2_ws/install/cartographer_ros_msgs/share/cartographer_ros_msgs/srv/TrajectoryQuery_Request.msg
[2.325s] -- Up-to-date: /home/ros2/ros2_learn/cartoros2_ws/install/cartographer_ros_msgs/share/cartographer_ros_msgs/srv/TrajectoryQuery_Response.msg
[2.325s] -- Up-to-date: /home/ros2/ros2_learn/cartoros2_ws/install/cartographer_ros_msgs/share/cartographer_ros_msgs/srv/SubmapQuery.srv
[2.325s] -- Up-to-date: /home/ros2/ros2_learn/cartoros2_ws/install/cartographer_ros_msgs/share/cartographer_ros_msgs/srv/SubmapQuery_Request.msg
[2.326s] -- Up-to-date: /home/ros2/ros2_learn/cartoros2_ws/install/cartographer_ros_msgs/share/cartographer_ros_msgs/srv/SubmapQuery_Response.msg
[2.326s] -- Up-to-date: /home/ros2/ros2_learn/cartoros2_ws/install/cartographer_ros_msgs/share/cartographer_ros_msgs/srv/WriteState.srv
[2.326s] -- Up-to-date: /home/ros2/ros2_learn/cartoros2_ws/install/cartographer_ros_msgs/share/cartographer_ros_msgs/srv/WriteState_Request.msg
[2.327s] -- Up-to-date: /home/ros2/ros2_learn/cartoros2_ws/install/cartographer_ros_msgs/share/cartographer_ros_msgs/srv/WriteState_Response.msg
[2.327s] -- Up-to-date: /home/ros2/ros2_learn/cartoros2_ws/install/cartographer_ros_msgs/share/ament_index/resource_index/package_run_dependencies/cartographer_ros_msgs
[2.328s] -- Up-to-date: /home/ros2/ros2_learn/cartoros2_ws/install/cartographer_ros_msgs/share/ament_index/resource_index/parent_prefix_path/cartographer_ros_msgs
[2.328s] -- Up-to-date: /home/ros2/ros2_learn/cartoros2_ws/install/cartographer_ros_msgs/share/cartographer_ros_msgs/environment/ament_prefix_path.sh
[2.328s] -- Up-to-date: /home/ros2/ros2_learn/cartoros2_ws/install/cartographer_ros_msgs/share/cartographer_ros_msgs/environment/ament_prefix_path.dsv
[2.329s] -- Up-to-date: /home/ros2/ros2_learn/cartoros2_ws/install/cartographer_ros_msgs/share/cartographer_ros_msgs/environment/path.sh
[2.329s] -- Up-to-date: /home/ros2/ros2_learn/cartoros2_ws/install/cartographer_ros_msgs/share/cartographer_ros_msgs/environment/path.dsv
[2.329s] -- Up-to-date: /home/ros2/ros2_learn/cartoros2_ws/install/cartographer_ros_msgs/share/cartographer_ros_msgs/local_setup.bash
[2.330s] -- Up-to-date: /home/ros2/ros2_learn/cartoros2_ws/install/cartographer_ros_msgs/share/cartographer_ros_msgs/local_setup.sh
[2.330s] -- Up-to-date: /home/ros2/ros2_learn/cartoros2_ws/install/cartographer_ros_msgs/share/cartographer_ros_msgs/local_setup.zsh
[2.330s] -- Up-to-date: /home/ros2/ros2_learn/cartoros2_ws/install/cartographer_ros_msgs/share/cartographer_ros_msgs/local_setup.dsv
[2.331s] -- Installing: /home/ros2/ros2_learn/cartoros2_ws/install/cartographer_ros_msgs/share/cartographer_ros_msgs/package.dsv
[2.331s] -- Up-to-date: /home/ros2/ros2_learn/cartoros2_ws/install/cartographer_ros_msgs/share/ament_index/resource_index/packages/cartographer_ros_msgs
[2.332s] -- Up-to-date: /home/ros2/ros2_learn/cartoros2_ws/install/cartographer_ros_msgs/share/cartographer_ros_msgs/cmake/cartographer_ros_msgs__rosidl_generator_cExport.cmake
[2.333s] -- Up-to-date: /home/ros2/ros2_learn/cartoros2_ws/install/cartographer_ros_msgs/share/cartographer_ros_msgs/cmake/cartographer_ros_msgs__rosidl_generator_cExport-noconfig.cmake
[2.333s] -- Up-to-date: /home/ros2/ros2_learn/cartoros2_ws/install/cartographer_ros_msgs/share/cartographer_ros_msgs/cmake/cartographer_ros_msgs__rosidl_typesupport_introspection_cExport.cmake
[2.334s] -- Up-to-date: /home/ros2/ros2_learn/cartoros2_ws/install/cartographer_ros_msgs/share/cartographer_ros_msgs/cmake/cartographer_ros_msgs__rosidl_typesupport_introspection_cExport-noconfig.cmake
[2.334s] -- Up-to-date: /home/ros2/ros2_learn/cartoros2_ws/install/cartographer_ros_msgs/share/cartographer_ros_msgs/cmake/cartographer_ros_msgs__rosidl_typesupport_cExport.cmake
[2.334s] -- Up-to-date: /home/ros2/ros2_learn/cartoros2_ws/install/cartographer_ros_msgs/share/cartographer_ros_msgs/cmake/cartographer_ros_msgs__rosidl_typesupport_cExport-noconfig.cmake
[2.335s] -- Up-to-date: /home/ros2/ros2_learn/cartoros2_ws/install/cartographer_ros_msgs/share/cartographer_ros_msgs/cmake/cartographer_ros_msgs__rosidl_generator_cppExport.cmake
[2.335s] -- Up-to-date: /home/ros2/ros2_learn/cartoros2_ws/install/cartographer_ros_msgs/share/cartographer_ros_msgs/cmake/cartographer_ros_msgs__rosidl_typesupport_introspection_cppExport.cmake
[2.336s] -- Up-to-date: /home/ros2/ros2_learn/cartoros2_ws/install/cartographer_ros_msgs/share/cartographer_ros_msgs/cmake/cartographer_ros_msgs__rosidl_typesupport_introspection_cppExport-noconfig.cmake
[2.336s] -- Up-to-date: /home/ros2/ros2_learn/cartoros2_ws/install/cartographer_ros_msgs/share/cartographer_ros_msgs/cmake/cartographer_ros_msgs__rosidl_typesupport_cppExport.cmake
[2.336s] -- Up-to-date: /home/ros2/ros2_learn/cartoros2_ws/install/cartographer_ros_msgs/share/cartographer_ros_msgs/cmake/cartographer_ros_msgs__rosidl_typesupport_cppExport-noconfig.cmake
[2.337s] -- Up-to-date: /home/ros2/ros2_learn/cartoros2_ws/install/cartographer_ros_msgs/share/cartographer_ros_msgs/cmake/rosidl_cmake-extras.cmake
[2.337s] -- Up-to-date: /home/ros2/ros2_learn/cartoros2_ws/install/cartographer_ros_msgs/share/cartographer_ros_msgs/cmake/ament_cmake_export_dependencies-extras.cmake
[2.337s] -- Up-to-date: /home/ros2/ros2_learn/cartoros2_ws/install/cartographer_ros_msgs/share/cartographer_ros_msgs/cmake/ament_cmake_export_libraries-extras.cmake
[2.338s] -- Up-to-date: /home/ros2/ros2_learn/cartoros2_ws/install/cartographer_ros_msgs/share/cartographer_ros_msgs/cmake/ament_cmake_export_targets-extras.cmake
[2.338s] -- Up-to-date: /home/ros2/ros2_learn/cartoros2_ws/install/cartographer_ros_msgs/share/cartographer_ros_msgs/cmake/ament_cmake_export_include_directories-extras.cmake
[2.338s] -- Up-to-date: /home/ros2/ros2_learn/cartoros2_ws/install/cartographer_ros_msgs/share/cartographer_ros_msgs/cmake/rosidl_cmake_export_typesupport_libraries-extras.cmake
[2.338s] -- Up-to-date: /home/ros2/ros2_learn/cartoros2_ws/install/cartographer_ros_msgs/share/cartographer_ros_msgs/cmake/rosidl_cmake_export_typesupport_targets-extras.cmake
[2.339s] -- Up-to-date: /home/ros2/ros2_learn/cartoros2_ws/install/cartographer_ros_msgs/share/cartographer_ros_msgs/cmake/cartographer_ros_msgsConfig.cmake
[2.339s] -- Up-to-date: /home/ros2/ros2_learn/cartoros2_ws/install/cartographer_ros_msgs/share/cartographer_ros_msgs/cmake/cartographer_ros_msgsConfig-version.cmake
[2.339s] -- Up-to-date: /home/ros2/ros2_learn/cartoros2_ws/install/cartographer_ros_msgs/share/cartographer_ros_msgs/package.xml
[2.353s] Invoked command in '/home/ros2/ros2_learn/cartoros2_ws/build/cartographer_ros_msgs' returned '0': CMAKE_PREFIX_PATH=/opt/ros/galactic /usr/bin/cmake --install /home/ros2/ros2_learn/cartoros2_ws/build/cartographer_ros_msgs
