[0.240s] DEBUG:colcon:Command line arguments: ['/usr/bin/colcon', 'build']
[0.240s] DEBUG:colcon:Parsed command line arguments: Namespace(allow_overriding=[], ament_cmake_args=None, base_paths=['.'], build_base='build', catkin_cmake_args=None, catkin_skip_building_tests=False, cmake_args=None, cmake_clean_cache=False, cmake_clean_first=False, cmake_force_configure=False, cmake_target=None, cmake_target_skip_unavailable=False, continue_on_error=False, event_handlers=None, executor='parallel', ignore_user_meta=False, install_base='install', log_base=None, log_level=None, main=<bound method BuildVerb.main of <colcon_core.verb.build.BuildVerb object at 0x7ffb535c5ee0>>, merge_install=False, metas=['./colcon.meta'], packages_above=None, packages_above_and_dependencies=None, packages_above_depth=None, packages_end=None, packages_ignore=None, packages_ignore_regex=None, packages_select=None, packages_select_build_failed=False, packages_select_by_dep=None, packages_select_regex=None, packages_select_test_failures=False, packages_skip=None, packages_skip_build_finished=False, packages_skip_by_dep=None, packages_skip_regex=None, packages_skip_test_passed=False, packages_skip_up_to=None, packages_start=None, packages_up_to=None, packages_up_to_regex=None, parallel_workers=4, paths=None, symlink_install=False, test_result_base=None, verb_extension=<colcon_core.verb.build.BuildVerb object at 0x7ffb535c5ee0>, verb_name='build', verb_parser=<colcon_defaults.argument_parser.defaults.DefaultArgumentsDecorator object at 0x7ffb534e7760>)
[0.275s] Level 1:colcon.colcon_core.package_discovery:discover_packages(colcon_meta) check parameters
[0.275s] Level 1:colcon.colcon_core.package_discovery:discover_packages(recursive) check parameters
[0.275s] Level 1:colcon.colcon_core.package_discovery:discover_packages(ignore) check parameters
[0.275s] Level 1:colcon.colcon_core.package_discovery:discover_packages(path) check parameters
[0.275s] Level 1:colcon.colcon_core.package_discovery:discover_packages(colcon_meta) discover
[0.275s] Level 1:colcon.colcon_core.package_discovery:discover_packages(recursive) discover
[0.275s] INFO:colcon.colcon_core.package_discovery:Crawling recursively for packages in '/home/ros2/ros2_learn/fish_protocol/examples/example_ros2/example_fish_protocol'
[0.275s] Level 1:colcon.colcon_core.package_identification:_identify(.) by extensions ['ignore', 'ignore_ament_install']
[0.275s] Level 1:colcon.colcon_core.package_identification:_identify(.) by extension 'ignore'
[0.275s] Level 1:colcon.colcon_core.package_identification:_identify(.) by extension 'ignore_ament_install'
[0.275s] Level 1:colcon.colcon_core.package_identification:_identify(.) by extensions ['colcon_pkg']
[0.276s] Level 1:colcon.colcon_core.package_identification:_identify(.) by extension 'colcon_pkg'
[0.276s] Level 1:colcon.colcon_core.package_identification:_identify(.) by extensions ['colcon_meta']
[0.276s] Level 1:colcon.colcon_core.package_identification:_identify(.) by extension 'colcon_meta'
[0.276s] Level 1:colcon.colcon_core.package_identification:_identify(.) by extensions ['ros']
[0.276s] Level 1:colcon.colcon_core.package_identification:_identify(.) by extension 'ros'
[0.288s] DEBUG:colcon.colcon_core.package_identification:Package '.' with type 'ros.ament_cmake' and name 'example_fish_protocol'
[0.289s] Level 1:colcon.colcon_core.package_discovery:discover_packages(recursive) using defaults
[0.289s] Level 1:colcon.colcon_core.package_discovery:discover_packages(ignore) discover
[0.289s] Level 1:colcon.colcon_core.package_discovery:discover_packages(ignore) using defaults
[0.289s] Level 1:colcon.colcon_core.package_discovery:discover_packages(path) discover
[0.289s] Level 1:colcon.colcon_core.package_discovery:discover_packages(path) using defaults
[0.312s] Level 1:colcon.colcon_core.package_discovery:discover_packages(prefix_path) check parameters
[0.312s] Level 1:colcon.colcon_core.package_discovery:discover_packages(prefix_path) discover
[0.315s] DEBUG:colcon.colcon_installed_package_information.package_discovery:Found 1 installed packages in /home/ros2/ros2_learn/fish_protocol/examples/example_ros2/example_fish_protocol/install
[0.317s] DEBUG:colcon.colcon_installed_package_information.package_discovery:Found 354 installed packages in /opt/ros/galactic
[0.319s] Level 1:colcon.colcon_core.package_discovery:discover_packages(prefix_path) using defaults
[0.371s] Level 5:colcon.colcon_core.verb:set package 'example_fish_protocol' build argument 'cmake_args' from command line to 'None'
[0.371s] Level 5:colcon.colcon_core.verb:set package 'example_fish_protocol' build argument 'cmake_target' from command line to 'None'
[0.371s] Level 5:colcon.colcon_core.verb:set package 'example_fish_protocol' build argument 'cmake_target_skip_unavailable' from command line to 'False'
[0.371s] Level 5:colcon.colcon_core.verb:set package 'example_fish_protocol' build argument 'cmake_clean_cache' from command line to 'False'
[0.371s] Level 5:colcon.colcon_core.verb:set package 'example_fish_protocol' build argument 'cmake_clean_first' from command line to 'False'
[0.371s] Level 5:colcon.colcon_core.verb:set package 'example_fish_protocol' build argument 'cmake_force_configure' from command line to 'False'
[0.371s] Level 5:colcon.colcon_core.verb:set package 'example_fish_protocol' build argument 'ament_cmake_args' from command line to 'None'
[0.371s] Level 5:colcon.colcon_core.verb:set package 'example_fish_protocol' build argument 'catkin_cmake_args' from command line to 'None'
[0.371s] Level 5:colcon.colcon_core.verb:set package 'example_fish_protocol' build argument 'catkin_skip_building_tests' from command line to 'False'
[0.371s] DEBUG:colcon.colcon_core.verb:Building package 'example_fish_protocol' with the following arguments: {'ament_cmake_args': None, 'build_base': '/home/ros2/ros2_learn/fish_protocol/examples/example_ros2/example_fish_protocol/build/example_fish_protocol', 'catkin_cmake_args': None, 'catkin_skip_building_tests': False, 'cmake_args': None, 'cmake_clean_cache': False, 'cmake_clean_first': False, 'cmake_force_configure': False, 'cmake_target': None, 'cmake_target_skip_unavailable': False, 'install_base': '/home/ros2/ros2_learn/fish_protocol/examples/example_ros2/example_fish_protocol/install/example_fish_protocol', 'merge_install': False, 'path': '/home/ros2/ros2_learn/fish_protocol/examples/example_ros2/example_fish_protocol', 'symlink_install': False, 'test_result_base': None}
[0.373s] INFO:colcon.colcon_core.executor:Executing jobs using 'parallel' executor
[0.378s] DEBUG:colcon.colcon_parallel_executor.executor.parallel:run_until_complete
[0.379s] INFO:colcon.colcon_ros.task.ament_cmake.build:Building ROS package in '/home/ros2/ros2_learn/fish_protocol/examples/example_ros2/example_fish_protocol' with build type 'ament_cmake'
[0.379s] INFO:colcon.colcon_cmake.task.cmake.build:Building CMake package in '/home/ros2/ros2_learn/fish_protocol/examples/example_ros2/example_fish_protocol'
[0.386s] INFO:colcon.colcon_core.plugin_system:Skipping extension 'colcon_core.shell.bat': Not used on non-Windows systems
[0.386s] INFO:colcon.colcon_core.shell:Skip shell extension 'powershell' for command environment: Not usable outside of PowerShell
[0.387s] DEBUG:colcon.colcon_core.shell:Skip shell extension 'dsv' for command environment
[0.409s] DEBUG:colcon.colcon_core.event_handler.log_command:Invoking command in '/home/ros2/ros2_learn/fish_protocol/examples/example_ros2/example_fish_protocol/build/example_fish_protocol': CMAKE_PREFIX_PATH=${CMAKE_PREFIX_PATH}:/opt/ros/galactic /usr/bin/cmake --build /home/ros2/ros2_learn/fish_protocol/examples/example_ros2/example_fish_protocol/build/example_fish_protocol -- -j4 -l4
[4.600s] DEBUG:colcon.colcon_core.event_handler.log_command:Invoked command in '/home/ros2/ros2_learn/fish_protocol/examples/example_ros2/example_fish_protocol/build/example_fish_protocol' returned '0': CMAKE_PREFIX_PATH=${CMAKE_PREFIX_PATH}:/opt/ros/galactic /usr/bin/cmake --build /home/ros2/ros2_learn/fish_protocol/examples/example_ros2/example_fish_protocol/build/example_fish_protocol -- -j4 -l4
[4.640s] DEBUG:colcon.colcon_core.event_handler.log_command:Invoking command in '/home/ros2/ros2_learn/fish_protocol/examples/example_ros2/example_fish_protocol/build/example_fish_protocol': CMAKE_PREFIX_PATH=${CMAKE_PREFIX_PATH}:/opt/ros/galactic /usr/bin/cmake --install /home/ros2/ros2_learn/fish_protocol/examples/example_ros2/example_fish_protocol/build/example_fish_protocol
[4.652s] Level 1:colcon.colcon_core.environment:create_environment_scripts_only(example_fish_protocol)
[4.652s] DEBUG:colcon.colcon_core.event_handler.log_command:Invoked command in '/home/ros2/ros2_learn/fish_protocol/examples/example_ros2/example_fish_protocol/build/example_fish_protocol' returned '0': CMAKE_PREFIX_PATH=${CMAKE_PREFIX_PATH}:/opt/ros/galactic /usr/bin/cmake --install /home/ros2/ros2_learn/fish_protocol/examples/example_ros2/example_fish_protocol/build/example_fish_protocol
[4.661s] Level 1:colcon.colcon_core.environment:checking '/home/ros2/ros2_learn/fish_protocol/examples/example_ros2/example_fish_protocol/install/example_fish_protocol' for CMake module files
[4.663s] Level 1:colcon.colcon_core.environment:checking '/home/ros2/ros2_learn/fish_protocol/examples/example_ros2/example_fish_protocol/install/example_fish_protocol' for CMake config files
[4.663s] Level 1:colcon.colcon_core.shell:create_environment_hook('example_fish_protocol', 'cmake_prefix_path')
[4.666s] INFO:colcon.colcon_core.shell:Creating environment hook '/home/ros2/ros2_learn/fish_protocol/examples/example_ros2/example_fish_protocol/install/example_fish_protocol/share/example_fish_protocol/hook/cmake_prefix_path.ps1'
[4.667s] INFO:colcon.colcon_core.shell:Creating environment descriptor '/home/ros2/ros2_learn/fish_protocol/examples/example_ros2/example_fish_protocol/install/example_fish_protocol/share/example_fish_protocol/hook/cmake_prefix_path.dsv'
[4.668s] INFO:colcon.colcon_core.shell:Creating environment hook '/home/ros2/ros2_learn/fish_protocol/examples/example_ros2/example_fish_protocol/install/example_fish_protocol/share/example_fish_protocol/hook/cmake_prefix_path.sh'
[4.669s] Level 1:colcon.colcon_core.environment:checking '/home/ros2/ros2_learn/fish_protocol/examples/example_ros2/example_fish_protocol/install/example_fish_protocol/lib'
[4.669s] Level 1:colcon.colcon_core.environment:checking '/home/ros2/ros2_learn/fish_protocol/examples/example_ros2/example_fish_protocol/install/example_fish_protocol/bin'
[4.670s] Level 1:colcon.colcon_core.environment:checking '/home/ros2/ros2_learn/fish_protocol/examples/example_ros2/example_fish_protocol/install/example_fish_protocol/lib/pkgconfig/example_fish_protocol.pc'
[4.670s] Level 1:colcon.colcon_core.environment:checking '/home/ros2/ros2_learn/fish_protocol/examples/example_ros2/example_fish_protocol/install/example_fish_protocol/lib/python3.8/site-packages'
[4.670s] Level 1:colcon.colcon_core.environment:checking '/home/ros2/ros2_learn/fish_protocol/examples/example_ros2/example_fish_protocol/install/example_fish_protocol/bin'
[4.673s] INFO:colcon.colcon_core.shell:Creating package script '/home/ros2/ros2_learn/fish_protocol/examples/example_ros2/example_fish_protocol/install/example_fish_protocol/share/example_fish_protocol/package.ps1'
[4.675s] INFO:colcon.colcon_core.shell:Creating package descriptor '/home/ros2/ros2_learn/fish_protocol/examples/example_ros2/example_fish_protocol/install/example_fish_protocol/share/example_fish_protocol/package.dsv'
[4.675s] INFO:colcon.colcon_core.shell:Creating package script '/home/ros2/ros2_learn/fish_protocol/examples/example_ros2/example_fish_protocol/install/example_fish_protocol/share/example_fish_protocol/package.sh'
[4.676s] INFO:colcon.colcon_core.shell:Creating package script '/home/ros2/ros2_learn/fish_protocol/examples/example_ros2/example_fish_protocol/install/example_fish_protocol/share/example_fish_protocol/package.bash'
[4.677s] INFO:colcon.colcon_core.shell:Creating package script '/home/ros2/ros2_learn/fish_protocol/examples/example_ros2/example_fish_protocol/install/example_fish_protocol/share/example_fish_protocol/package.zsh'
[4.678s] Level 1:colcon.colcon_core.environment:create_file_with_runtime_dependencies(/home/ros2/ros2_learn/fish_protocol/examples/example_ros2/example_fish_protocol/install/example_fish_protocol/share/colcon-core/packages/example_fish_protocol)
[4.708s] Level 1:colcon.colcon_core.environment:create_environment_scripts_only(example_fish_protocol)
[4.715s] Level 1:colcon.colcon_core.environment:checking '/home/ros2/ros2_learn/fish_protocol/examples/example_ros2/example_fish_protocol/install/example_fish_protocol' for CMake module files
[4.716s] Level 1:colcon.colcon_core.environment:checking '/home/ros2/ros2_learn/fish_protocol/examples/example_ros2/example_fish_protocol/install/example_fish_protocol' for CMake config files
[4.717s] Level 1:colcon.colcon_core.shell:create_environment_hook('example_fish_protocol', 'cmake_prefix_path')
[4.723s] INFO:colcon.colcon_core.shell:Creating environment hook '/home/ros2/ros2_learn/fish_protocol/examples/example_ros2/example_fish_protocol/install/example_fish_protocol/share/example_fish_protocol/hook/cmake_prefix_path.ps1'
[4.724s] INFO:colcon.colcon_core.shell:Creating environment descriptor '/home/ros2/ros2_learn/fish_protocol/examples/example_ros2/example_fish_protocol/install/example_fish_protocol/share/example_fish_protocol/hook/cmake_prefix_path.dsv'
[4.725s] INFO:colcon.colcon_core.shell:Creating environment hook '/home/ros2/ros2_learn/fish_protocol/examples/example_ros2/example_fish_protocol/install/example_fish_protocol/share/example_fish_protocol/hook/cmake_prefix_path.sh'
[4.727s] Level 1:colcon.colcon_core.environment:checking '/home/ros2/ros2_learn/fish_protocol/examples/example_ros2/example_fish_protocol/install/example_fish_protocol/lib'
[4.727s] Level 1:colcon.colcon_core.environment:checking '/home/ros2/ros2_learn/fish_protocol/examples/example_ros2/example_fish_protocol/install/example_fish_protocol/bin'
[4.727s] Level 1:colcon.colcon_core.environment:checking '/home/ros2/ros2_learn/fish_protocol/examples/example_ros2/example_fish_protocol/install/example_fish_protocol/lib/pkgconfig/example_fish_protocol.pc'
[4.728s] Level 1:colcon.colcon_core.environment:checking '/home/ros2/ros2_learn/fish_protocol/examples/example_ros2/example_fish_protocol/install/example_fish_protocol/lib/python3.8/site-packages'
[4.728s] Level 1:colcon.colcon_core.environment:checking '/home/ros2/ros2_learn/fish_protocol/examples/example_ros2/example_fish_protocol/install/example_fish_protocol/bin'
[4.731s] INFO:colcon.colcon_core.shell:Creating package script '/home/ros2/ros2_learn/fish_protocol/examples/example_ros2/example_fish_protocol/install/example_fish_protocol/share/example_fish_protocol/package.ps1'
[4.732s] INFO:colcon.colcon_core.shell:Creating package descriptor '/home/ros2/ros2_learn/fish_protocol/examples/example_ros2/example_fish_protocol/install/example_fish_protocol/share/example_fish_protocol/package.dsv'
[4.733s] INFO:colcon.colcon_core.shell:Creating package script '/home/ros2/ros2_learn/fish_protocol/examples/example_ros2/example_fish_protocol/install/example_fish_protocol/share/example_fish_protocol/package.sh'
[4.734s] INFO:colcon.colcon_core.shell:Creating package script '/home/ros2/ros2_learn/fish_protocol/examples/example_ros2/example_fish_protocol/install/example_fish_protocol/share/example_fish_protocol/package.bash'
[4.734s] INFO:colcon.colcon_core.shell:Creating package script '/home/ros2/ros2_learn/fish_protocol/examples/example_ros2/example_fish_protocol/install/example_fish_protocol/share/example_fish_protocol/package.zsh'
[4.735s] Level 1:colcon.colcon_core.environment:create_file_with_runtime_dependencies(/home/ros2/ros2_learn/fish_protocol/examples/example_ros2/example_fish_protocol/install/example_fish_protocol/share/colcon-core/packages/example_fish_protocol)
[4.736s] DEBUG:colcon.colcon_parallel_executor.executor.parallel:closing loop
[4.738s] DEBUG:colcon.colcon_parallel_executor.executor.parallel:loop closed
[4.738s] DEBUG:colcon.colcon_parallel_executor.executor.parallel:run_until_complete finished with '0'
[4.738s] DEBUG:colcon.colcon_core.event_reactor:joining thread
[4.742s] INFO:colcon.colcon_core.plugin_system:Skipping extension 'colcon_notification.desktop_notification.terminal_notifier': Not used on non-Darwin systems
[4.743s] INFO:colcon.colcon_core.plugin_system:Skipping extension 'colcon_notification.desktop_notification.win32': Not used on non-Windows systems
[4.743s] INFO:colcon.colcon_notification.desktop_notification:Sending desktop notification using 'notify2'
[4.777s] DEBUG:colcon.colcon_core.event_reactor:joined thread
[4.779s] INFO:colcon.colcon_core.shell:Creating prefix script '/home/ros2/ros2_learn/fish_protocol/examples/example_ros2/example_fish_protocol/install/local_setup.ps1'
[4.780s] INFO:colcon.colcon_core.shell:Creating prefix util module '/home/ros2/ros2_learn/fish_protocol/examples/example_ros2/example_fish_protocol/install/_local_setup_util_ps1.py'
[4.782s] INFO:colcon.colcon_core.shell:Creating prefix chain script '/home/ros2/ros2_learn/fish_protocol/examples/example_ros2/example_fish_protocol/install/setup.ps1'
[4.784s] INFO:colcon.colcon_core.shell:Creating prefix script '/home/ros2/ros2_learn/fish_protocol/examples/example_ros2/example_fish_protocol/install/local_setup.sh'
[4.785s] INFO:colcon.colcon_core.shell:Creating prefix util module '/home/ros2/ros2_learn/fish_protocol/examples/example_ros2/example_fish_protocol/install/_local_setup_util_sh.py'
[4.786s] INFO:colcon.colcon_core.shell:Creating prefix chain script '/home/ros2/ros2_learn/fish_protocol/examples/example_ros2/example_fish_protocol/install/setup.sh'
[4.789s] INFO:colcon.colcon_core.shell:Creating prefix script '/home/ros2/ros2_learn/fish_protocol/examples/example_ros2/example_fish_protocol/install/local_setup.bash'
[4.789s] INFO:colcon.colcon_core.shell:Creating prefix chain script '/home/ros2/ros2_learn/fish_protocol/examples/example_ros2/example_fish_protocol/install/setup.bash'
[4.792s] INFO:colcon.colcon_core.shell:Creating prefix script '/home/ros2/ros2_learn/fish_protocol/examples/example_ros2/example_fish_protocol/install/local_setup.zsh'
[4.793s] INFO:colcon.colcon_core.shell:Creating prefix chain script '/home/ros2/ros2_learn/fish_protocol/examples/example_ros2/example_fish_protocol/install/setup.zsh'
