[3.301s] Invoking command in '/home/ros2/ros2_learn/turtle_ws/src/village_wang': PYTHONPATH=/home/ros2/ros2_learn/turtle_ws/src/build/village_wang/prefix_override:/home/ros2/ros2_learn/turtle_ws/src/install/village_wang/lib/python3.8/site-packages:/home/ros2/ros2_learn/turtle_ws/src/install/village_interfaces/lib/python3.8/site-packages:/home/ros2/ros2_learn/turtle_ws/src/install/village_zhang/lib/python3.8/site-packages:/home/ros2/ros2_learn/turtle_ws/src/install/village_wang/lib/python3.8/site-packages:/home/ros2/ros2_learn/turtle_ws/src/install/village_li/lib/python3.8/site-packages:/opt/ros/galactic/lib/python3.8/site-packages /usr/bin/python3 setup.py egg_info --egg-base ../build/village_wang build --build-base /home/ros2/ros2_learn/turtle_ws/src/build/village_wang/build install --record /home/ros2/ros2_learn/turtle_ws/src/build/village_wang/install.log --single-version-externally-managed
[4.189s] running egg_info
[4.191s] writing ../build/village_wang/village_wang.egg-info/PKG-INFO
[4.192s] writing dependency_links to ../build/village_wang/village_wang.egg-info/dependency_links.txt
[4.193s] writing entry points to ../build/village_wang/village_wang.egg-info/entry_points.txt
[4.194s] writing requirements to ../build/village_wang/village_wang.egg-info/requires.txt
[4.195s] writing top-level names to ../build/village_wang/village_wang.egg-info/top_level.txt
[4.285s] reading manifest file '../build/village_wang/village_wang.egg-info/SOURCES.txt'
[4.290s] writing manifest file '../build/village_wang/village_wang.egg-info/SOURCES.txt'
[4.290s] running build
[4.290s] running build_py
[4.290s] copying village_wang/wang2.py -> /home/ros2/ros2_learn/turtle_ws/src/build/village_wang/build/lib/village_wang
[4.307s] running install
[4.308s] running install_lib
[4.312s] copying /home/ros2/ros2_learn/turtle_ws/src/build/village_wang/build/lib/village_wang/wang2.py -> /home/ros2/ros2_learn/turtle_ws/src/install/village_wang/lib/python3.8/site-packages/village_wang
[4.312s] byte-compiling /home/ros2/ros2_learn/turtle_ws/src/install/village_wang/lib/python3.8/site-packages/village_wang/wang2.py to wang2.cpython-38.pyc
[4.313s] running install_data
[4.314s] running install_egg_info
[4.315s] removing '/home/ros2/ros2_learn/turtle_ws/src/install/village_wang/lib/python3.8/site-packages/village_wang-0.0.0-py3.8.egg-info' (and everything under it)
[4.315s] Copying ../build/village_wang/village_wang.egg-info to /home/ros2/ros2_learn/turtle_ws/src/install/village_wang/lib/python3.8/site-packages/village_wang-0.0.0-py3.8.egg-info
[4.318s] running install_scripts
[4.344s] Installing wang2_node script to /home/ros2/ros2_learn/turtle_ws/src/install/village_wang/lib/village_wang
[4.346s] Installing wang5_node script to /home/ros2/ros2_learn/turtle_ws/src/install/village_wang/lib/village_wang
[4.346s] writing list of installed files to '/home/ros2/ros2_learn/turtle_ws/src/build/village_wang/install.log'
[4.464s] Invoked command in '/home/ros2/ros2_learn/turtle_ws/src/village_wang' returned '0': PYTHONPATH=/home/ros2/ros2_learn/turtle_ws/src/build/village_wang/prefix_override:/home/ros2/ros2_learn/turtle_ws/src/install/village_wang/lib/python3.8/site-packages:/home/ros2/ros2_learn/turtle_ws/src/install/village_interfaces/lib/python3.8/site-packages:/home/ros2/ros2_learn/turtle_ws/src/install/village_zhang/lib/python3.8/site-packages:/home/ros2/ros2_learn/turtle_ws/src/install/village_wang/lib/python3.8/site-packages:/home/ros2/ros2_learn/turtle_ws/src/install/village_li/lib/python3.8/site-packages:/opt/ros/galactic/lib/python3.8/site-packages /usr/bin/python3 setup.py egg_info --egg-base ../build/village_wang build --build-base /home/ros2/ros2_learn/turtle_ws/src/build/village_wang/build install --record /home/ros2/ros2_learn/turtle_ws/src/build/village_wang/install.log --single-version-externally-managed
