[0.129s] Invoking command in '/home/ros2/ros2_learn/cartoros2_ws/build/cartographer': CMAKE_PREFIX_PATH=/opt/ros/galactic /usr/bin/cmake /home/ros2/ros2_learn/cartoros2_ws/src/cartographer -DCMAKE_INSTALL_PREFIX=/home/ros2/ros2_learn/cartoros2_ws/install/cartographer
[0.644s] -- The C compiler identification is GNU 9.4.0
[1.053s] -- The CXX compiler identification is GNU 9.4.0
[1.080s] -- Check for working C compiler: /usr/bin/cc
[1.276s] -- Check for working C compiler: /usr/bin/cc -- works
[1.298s] -- Detecting C compiler ABI info
[1.777s] -- Detecting C compiler ABI info - done
[1.894s] -- Detecting C compile features
[1.896s] -- Detecting C compile features - done
[1.905s] -- Check for working CXX compiler: /usr/bin/c++
[2.308s] -- Check for working CXX compiler: /usr/bin/c++ -- works
[2.315s] -- Detecting CXX compiler ABI info
[2.644s] -- Detecting CXX compiler ABI info - done
[2.719s] -- Detecting CXX compile features
[2.720s] -- Detecting CXX compile features - done
[2.734s] -- Build type: Release
[2.836s] æ–‡ä»¶ /home/ros2/ros2_learn/cartoros2_ws/build/cartographer/AllFiles.cmake å’Œ - ä¸åŒ
[2.935s] CMake Warning at /usr/src/googletest/googlemock/CMakeLists.txt:43 (project):
[2.935s]   VERSION keyword not followed by a value or was followed by a value that
[2.936s]   expanded to nothing.
[2.937s] 
[2.937s] 
[2.941s] CMake Warning at /usr/src/googletest/googletest/CMakeLists.txt:54 (project):
[2.941s]   VERSION keyword not followed by a value or was followed by a value that
[2.941s]   expanded to nothing.
[2.941s] 
[2.941s] 
[3.124s] -- Found PythonInterp: /usr/bin/python3.8 (found version "3.8.10") 
[3.130s] -- Looking for pthread.h
[3.617s] -- Looking for pthread.h - found
[3.627s] -- Performing Test CMAKE_HAVE_LIBC_PTHREAD
[4.072s] -- Performing Test CMAKE_HAVE_LIBC_PTHREAD - Failed
[4.073s] -- Looking for pthread_create in pthreads
[4.450s] -- Looking for pthread_create in pthreads - not found
[4.451s] -- Looking for pthread_create in pthread
[5.132s] -- Looking for pthread_create in pthread - found
[5.133s] -- Found Threads: TRUE  
[5.262s] -- Found GMock: gmock_main;-lpthread  
[5.411s] -- Found Boost: /usr/lib/x86_64-linux-gnu/cmake/Boost-1.71.0/BoostConfig.cmake (found version "1.71.0") found components: iostreams 
[5.449s] -- Found installed version of Eigen: /usr/lib/cmake/eigen3
[5.451s] -- Found required Ceres dependency: Eigen version 3.3.7 in /usr/include/eigen3
[5.486s] -- Found required Ceres dependency: glog
[5.488s] -- Found installed version of gflags: /usr/lib/x86_64-linux-gnu/cmake/gflags
[5.488s] -- Detected gflags version: 2.2.2
[5.491s] -- Found required Ceres dependency: gflags
[5.502s] -- Found Ceres version: 1.14.0 installed in: /usr with components: [EigenSparse, SparseLinearAlgebraLibrary, LAPACK, SuiteSparse, CXSparse, SchurSpecializations, OpenMP, Multithreading]
[5.517s] -- Found Lua: /usr/lib/x86_64-linux-gnu/liblua5.3.so;/usr/lib/x86_64-linux-gnu/libm.so (found version "5.3.3") 
[5.555s] -- Found Protobuf: /usr/lib/x86_64-linux-gnu/libprotobuf.so;-lpthread (found suitable version "3.6.1", minimum required is "3.0.0") 
[5.605s] -- Found PkgConfig: /usr/bin/pkg-config (found version "0.29.1") 
[5.605s] -- Checking for one of the modules 'cairo>=1.12.16'
[6.110s] -- Found Sphinx: /usr/bin/sphinx-build  
[6.323s] -- Configuring done
[8.224s] -- Generating done
[8.251s] -- Build files have been written to: /home/ros2/ros2_learn/cartoros2_ws/build/cartographer
[8.318s] Invoked command in '/home/ros2/ros2_learn/cartoros2_ws/build/cartographer' returned '0': CMAKE_PREFIX_PATH=/opt/ros/galactic /usr/bin/cmake /home/ros2/ros2_learn/cartoros2_ws/src/cartographer -DCMAKE_INSTALL_PREFIX=/home/ros2/ros2_learn/cartoros2_ws/install/cartographer
[8.323s] Invoking command in '/home/ros2/ros2_learn/cartoros2_ws/build/cartographer': CMAKE_PREFIX_PATH=/opt/ros/galactic /usr/bin/cmake --build /home/ros2/ros2_learn/cartoros2_ws/build/cartographer -- -j4 -l4
[8.675s] [35m[1mScanning dependencies of target gtest[0m
[8.760s] [  1%] [32mBuilding CXX object googletest/CMakeFiles/gtest.dir/src/gtest-all.cc.o[0m
[44.799s] [  1%] [32m[1mLinking CXX static library ../lib/libgtest.a[0m
[44.933s] [  1%] Built target gtest
[44.985s] [35m[1mScanning dependencies of target build_doc[0m
[45.036s] [  1%] [34m[1mBuilding documentation.[0m
[46.662s] [01mRunning Sphinx v1.8.5[39;49;00m
[48.008s] making output directory...
[48.022s] [01mbuilding [mo]: [39;49;00mtargets for 0 po files that are out of date
[48.035s] [01mbuilding [html][39;49;00m: targets for 6 source files that are out of date
[48.035s] [01mupdating environment: [39;49;00m6 added, 0 changed, 0 removed
[48.261s] [01mreading sources... [39;49;00m[ 16%] [35mconfiguration[39;49;00m                                         
[48.306s] [01mreading sources... [39;49;00m[ 33%] [35mcost_functions[39;49;00m                                        
[48.375s] [01mreading sources... [39;49;00m[ 50%] [35mevaluation[39;49;00m                                            
[48.490s] [01mreading sources... [39;49;00m[ 66%] [35mindex[39;49;00m                                                 
[48.532s] [01mreading sources... [39;49;00m[ 83%] [35mpbstream_migration[39;49;00m                                    
[48.590s] [01mreading sources... [39;49;00m[100%] [35mterminology[39;49;00m                                           
[48.590s] 
[48.591s] [01mlooking for now-outdated files... [39;49;00mnone found
[48.593s] [01mpickling environment... [39;49;00mdone
[48.594s] [01mchecking consistency... [39;49;00mdone
[48.608s] [01mpreparing documents... [39;49;00mdone
[48.933s] [01mwriting output... [39;49;00m[ 16%] [32mconfiguration[39;49;00m                                          
[48.955s] [01mwriting output... [39;49;00m[ 33%] [32mcost_functions[39;49;00m                                         
[48.987s] [01mwriting output... [39;49;00m[ 50%] [32mevaluation[39;49;00m                                             
[49.010s] [01mwriting output... [39;49;00m[ 66%] [32mindex[39;49;00m                                                  
[49.027s] [01mwriting output... [39;49;00m[ 83%] [32mpbstream_migration[39;49;00m                                     
[49.058s] [01mwriting output... [39;49;00m[100%] [32mterminology[39;49;00m                                            
[49.058s] 
[49.110s] [01mgenerating indices...[39;49;00m genindex
[49.120s] [01mwriting additional pages...[39;49;00m search
[49.120s] [01mcopying images... [39;49;00m[ 50%] [33mautogenerate_groundtruth.png[39;49;00m                           
[49.120s] [01mcopying images... [39;49;00m[100%] [33mhigh_level_system_overview.png[39;49;00m                         
[49.120s] 
[49.219s] [01mcopying static files... [39;49;00mdone
[49.223s] [01mcopying extra files... [39;49;00mdone
[49.235s] [01mdumping search index in English (code: en) ... [39;49;00mdone
[49.238s] [01mdumping object inventory... [39;49;00mdone
[49.238s] [01mbuild succeeded.[39;49;00m
[49.238s] 
[49.242s] The HTML pages are in html.
[49.934s] [  1%] Built target build_doc
[49.991s] [35m[1mScanning dependencies of target gmock[0m
[50.141s] [  2%] [32mBuilding CXX object gmock/CMakeFiles/gmock.dir/src/gmock-all.cc.o[0m
[65.095s] [  2%] [32m[1mLinking CXX static library ../lib/libgmock.a[0m
[65.352s] [  2%] Built target gmock
[65.431s] [35m[1mScanning dependencies of target cartographer_detect_changes[0m
[65.672s] [  2%] Built target cartographer_detect_changes
[65.718s] [35m[1mScanning dependencies of target gmock_main[0m
[65.766s] [  2%] [32mBuilding CXX object gmock/CMakeFiles/gmock_main.dir/src/gmock_main.cc.o[0m
[70.166s] [  2%] [32m[1mLinking CXX static library ../lib/libgmock_main.a[0m
[70.334s] [  2%] Built target gmock_main
[70.386s] [  2%] [34m[1mRunning C++ protocol buffer compiler on /home/ros2/ros2_learn/cartoros2_ws/src/cartographer/cartographer/transform/proto/transform.proto[0m
[70.529s] [  3%] [34m[1mRunning C++ protocol buffer compiler on /home/ros2/ros2_learn/cartoros2_ws/src/cartographer/cartographer/mapping/proto/cell_limits_2d.proto[0m
[70.641s] [  3%] [34m[1mRunning C++ protocol buffer compiler on /home/ros2/ros2_learn/cartoros2_ws/src/cartographer/cartographer/mapping/proto/connected_components.proto[0m
[70.747s] [  3%] [34m[1mRunning C++ protocol buffer compiler on /home/ros2/ros2_learn/cartoros2_ws/src/cartographer/cartographer/mapping/proto/grid_2d.proto[0m
[70.867s] [  3%] [34m[1mRunning C++ protocol buffer compiler on /home/ros2/ros2_learn/cartoros2_ws/src/cartographer/cartographer/mapping/proto/grid_2d_options.proto[0m
[70.926s] [  4%] [34m[1mRunning C++ protocol buffer compiler on /home/ros2/ros2_learn/cartoros2_ws/src/cartographer/cartographer/mapping/proto/hybrid_grid.proto[0m
[70.980s] [  4%] [34m[1mRunning C++ protocol buffer compiler on /home/ros2/ros2_learn/cartoros2_ws/src/cartographer/cartographer/mapping/proto/local_trajectory_builder_options_2d.proto[0m
[71.057s] [  4%] [34m[1mRunning C++ protocol buffer compiler on /home/ros2/ros2_learn/cartoros2_ws/src/cartographer/cartographer/mapping/proto/local_trajectory_builder_options_3d.proto[0m
[71.139s] [  4%] [34m[1mRunning C++ protocol buffer compiler on /home/ros2/ros2_learn/cartoros2_ws/src/cartographer/cartographer/mapping/proto/map_builder_options.proto[0m
[71.247s] [  5%] [34m[1mRunning C++ protocol buffer compiler on /home/ros2/ros2_learn/cartoros2_ws/src/cartographer/cartographer/mapping/proto/map_limits.proto[0m
[71.335s] [  5%] [34m[1mRunning C++ protocol buffer compiler on /home/ros2/ros2_learn/cartoros2_ws/src/cartographer/cartographer/mapping/proto/motion_filter_options.proto[0m
[71.406s] [  5%] [34m[1mRunning C++ protocol buffer compiler on /home/ros2/ros2_learn/cartoros2_ws/src/cartographer/cartographer/mapping/proto/normal_estimation_options_2d.proto[0m
[71.454s] [  5%] [34m[1mRunning C++ protocol buffer compiler on /home/ros2/ros2_learn/cartoros2_ws/src/cartographer/cartographer/mapping/proto/pose_extrapolator_options.proto[0m
[71.567s] [  6%] [34m[1mRunning C++ protocol buffer compiler on /home/ros2/ros2_learn/cartoros2_ws/src/cartographer/cartographer/mapping/proto/pose_graph.proto[0m
[71.655s] [  6%] [34m[1mRunning C++ protocol buffer compiler on /home/ros2/ros2_learn/cartoros2_ws/src/cartographer/cartographer/mapping/proto/pose_graph/constraint_builder_options.proto[0m
[71.808s] [  6%] [34m[1mRunning C++ protocol buffer compiler on /home/ros2/ros2_learn/cartoros2_ws/src/cartographer/cartographer/mapping/proto/pose_graph/optimization_problem_options.proto[0m
[71.908s] [  6%] [34m[1mRunning C++ protocol buffer compiler on /home/ros2/ros2_learn/cartoros2_ws/src/cartographer/cartographer/mapping/proto/pose_graph_options.proto[0m
[71.956s] [  7%] [34m[1mRunning C++ protocol buffer compiler on /home/ros2/ros2_learn/cartoros2_ws/src/cartographer/cartographer/mapping/proto/probability_grid.proto[0m
[72.009s] [  7%] [34m[1mRunning C++ protocol buffer compiler on /home/ros2/ros2_learn/cartoros2_ws/src/cartographer/cartographer/mapping/proto/probability_grid_range_data_inserter_options_2d.proto[0m
[72.068s] [  7%] [34m[1mRunning C++ protocol buffer compiler on /home/ros2/ros2_learn/cartoros2_ws/src/cartographer/cartographer/mapping/proto/range_data_inserter_options.proto[0m
[72.131s] [  7%] [34m[1mRunning C++ protocol buffer compiler on /home/ros2/ros2_learn/cartoros2_ws/src/cartographer/cartographer/mapping/proto/range_data_inserter_options_3d.proto[0m
[72.219s] [  8%] [34m[1mRunning C++ protocol buffer compiler on /home/ros2/ros2_learn/cartoros2_ws/src/cartographer/cartographer/mapping/proto/scan_matching/ceres_scan_matcher_options_2d.proto[0m
[72.299s] [  8%] [34m[1mRunning C++ protocol buffer compiler on /home/ros2/ros2_learn/cartoros2_ws/src/cartographer/cartographer/mapping/proto/scan_matching/ceres_scan_matcher_options_3d.proto[0m
[72.332s] [  8%] [34m[1mRunning C++ protocol buffer compiler on /home/ros2/ros2_learn/cartoros2_ws/src/cartographer/cartographer/mapping/proto/scan_matching/fast_correlative_scan_matcher_options_2d.proto[0m
[72.447s] [  8%] [34m[1mRunning C++ protocol buffer compiler on /home/ros2/ros2_learn/cartoros2_ws/src/cartographer/cartographer/mapping/proto/scan_matching/fast_correlative_scan_matcher_options_3d.proto[0m
[72.523s] [  9%] [34m[1mRunning C++ protocol buffer compiler on /home/ros2/ros2_learn/cartoros2_ws/src/cartographer/cartographer/mapping/proto/scan_matching/real_time_correlative_scan_matcher_options.proto[0m
[72.610s] [  9%] [34m[1mRunning C++ protocol buffer compiler on /home/ros2/ros2_learn/cartoros2_ws/src/cartographer/cartographer/mapping/proto/serialization.proto[0m
[72.694s] [  9%] [34m[1mRunning C++ protocol buffer compiler on /home/ros2/ros2_learn/cartoros2_ws/src/cartographer/cartographer/mapping/proto/submap.proto[0m
[72.810s] [  9%] [34m[1mRunning C++ protocol buffer compiler on /home/ros2/ros2_learn/cartoros2_ws/src/cartographer/cartographer/mapping/proto/submap_visualization.proto[0m
[72.944s] [ 10%] [34m[1mRunning C++ protocol buffer compiler on /home/ros2/ros2_learn/cartoros2_ws/src/cartographer/cartographer/mapping/proto/submaps_options_2d.proto[0m
[73.019s] [ 10%] [34m[1mRunning C++ protocol buffer compiler on /home/ros2/ros2_learn/cartoros2_ws/src/cartographer/cartographer/mapping/proto/submaps_options_3d.proto[0m
[73.072s] [ 10%] [34m[1mRunning C++ protocol buffer compiler on /home/ros2/ros2_learn/cartoros2_ws/src/cartographer/cartographer/mapping/proto/trajectory.proto[0m
[73.122s] [ 11%] [34m[1mRunning C++ protocol buffer compiler on /home/ros2/ros2_learn/cartoros2_ws/src/cartographer/cartographer/mapping/proto/trajectory_builder_options.proto[0m
[73.179s] [ 11%] [34m[1mRunning C++ protocol buffer compiler on /home/ros2/ros2_learn/cartoros2_ws/src/cartographer/cartographer/mapping/proto/trajectory_node_data.proto[0m
[73.253s] [ 11%] [34m[1mRunning C++ protocol buffer compiler on /home/ros2/ros2_learn/cartoros2_ws/src/cartographer/cartographer/mapping/proto/tsdf_2d.proto[0m
[73.324s] [ 11%] [34m[1mRunning C++ protocol buffer compiler on /home/ros2/ros2_learn/cartoros2_ws/src/cartographer/cartographer/mapping/proto/tsdf_range_data_inserter_options_2d.proto[0m
[73.373s] [ 12%] [34m[1mRunning C++ protocol buffer compiler on /home/ros2/ros2_learn/cartoros2_ws/src/cartographer/cartographer/sensor/proto/adaptive_voxel_filter_options.proto[0m
[73.487s] [ 12%] [34m[1mRunning C++ protocol buffer compiler on /home/ros2/ros2_learn/cartoros2_ws/src/cartographer/cartographer/sensor/proto/sensor.proto[0m
[73.578s] [ 12%] [34m[1mRunning C++ protocol buffer compiler on /home/ros2/ros2_learn/cartoros2_ws/src/cartographer/cartographer/transform/proto/timestamped_transform.proto[0m
[75.450s] [ 12%] [34m[1mRunning C++ protocol buffer compiler on /home/ros2/ros2_learn/cartoros2_ws/src/cartographer/cartographer/ground_truth/proto/relations.proto[0m
[75.538s] [ 12%] [34m[1mRunning C++ protocol buffer compiler on /home/ros2/ros2_learn/cartoros2_ws/src/cartographer/cartographer/common/proto/ceres_solver_options.proto[0m
[75.817s] [35m[1mScanning dependencies of target cartographer[0m
[78.526s] [ 13%] [32mBuilding CXX object CMakeFiles/cartographer.dir/cartographer/common/configuration_file_resolver.cc.o[0m
[86.886s] [ 13%] [32mBuilding CXX object CMakeFiles/cartographer.dir/cartographer/common/internal/ceres_solver_options.cc.o[0m
[94.990s] [ 14%] [32mBuilding CXX object CMakeFiles/cartographer.dir/cartographer/common/internal/testing/thread_pool_for_testing.cc.o[0m
[100.989s] [ 14%] [32mBuilding CXX object CMakeFiles/cartographer.dir/cartographer/common/lua_parameter_dictionary.cc.o[0m
[109.317s] [ 14%] [32mBuilding CXX object CMakeFiles/cartographer.dir/cartographer/common/task.cc.o[0m
[112.498s] [ 14%] [32mBuilding CXX object CMakeFiles/cartographer.dir/cartographer/common/thread_pool.cc.o[0m
[117.309s] [ 15%] [32mBuilding CXX object CMakeFiles/cartographer.dir/cartographer/common/time.cc.o[0m
[121.942s] [ 15%] [32mBuilding CXX object CMakeFiles/cartographer.dir/cartographer/ground_truth/autogenerate_ground_truth.cc.o[0m
[127.003s] [ 15%] [32mBuilding CXX object CMakeFiles/cartographer.dir/cartographer/ground_truth/relations_text_file.cc.o[0m
[131.076s] [ 15%] [32mBuilding CXX object CMakeFiles/cartographer.dir/cartographer/io/color.cc.o[0m
[134.317s] [ 16%] [32mBuilding CXX object CMakeFiles/cartographer.dir/cartographer/io/coloring_points_processor.cc.o[0m
[139.423s] [ 16%] [32mBuilding CXX object CMakeFiles/cartographer.dir/cartographer/io/counting_points_processor.cc.o[0m
[143.879s] [ 16%] [32mBuilding CXX object CMakeFiles/cartographer.dir/cartographer/io/draw_trajectories.cc.o[0m
[149.070s] [ 16%] [32mBuilding CXX object CMakeFiles/cartographer.dir/cartographer/io/file_writer.cc.o[0m
[151.030s] [ 17%] [32mBuilding CXX object CMakeFiles/cartographer.dir/cartographer/io/fixed_ratio_sampling_points_processor.cc.o[0m
[156.572s] [ 17%] [32mBuilding CXX object CMakeFiles/cartographer.dir/cartographer/io/frame_id_filtering_points_processor.cc.o[0m
[162.185s] [ 17%] [32mBuilding CXX object CMakeFiles/cartographer.dir/cartographer/io/hybrid_grid_points_processor.cc.o[0m
[169.122s] [ 17%] [32mBuilding CXX object CMakeFiles/cartographer.dir/cartographer/io/image.cc.o[0m
[174.332s] [ 18%] [32mBuilding CXX object CMakeFiles/cartographer.dir/cartographer/io/intensity_to_color_points_processor.cc.o[0m
[178.997s] [ 18%] [32mBuilding CXX object CMakeFiles/cartographer.dir/cartographer/io/internal/in_memory_proto_stream.cc.o[0m
[181.289s] [ 18%] [32mBuilding CXX object CMakeFiles/cartographer.dir/cartographer/io/internal/mapping_state_serialization.cc.o[0m
[186.784s] [ 19%] [32mBuilding CXX object CMakeFiles/cartographer.dir/cartographer/io/internal/pbstream_info.cc.o[0m
[191.533s] [ 19%] [32mBuilding CXX object CMakeFiles/cartographer.dir/cartographer/io/internal/pbstream_migrate.cc.o[0m
[195.749s] [ 19%] [32mBuilding CXX object CMakeFiles/cartographer.dir/cartographer/io/min_max_range_filtering_points_processor.cc.o[0m
[202.521s] [ 19%] [32mBuilding CXX object CMakeFiles/cartographer.dir/cartographer/io/outlier_removing_points_processor.cc.o[0m
[208.376s] [ 20%] [32mBuilding CXX object CMakeFiles/cartographer.dir/cartographer/io/pcd_writing_points_processor.cc.o[0m
[211.391s] [ 20%] [32mBuilding CXX object CMakeFiles/cartographer.dir/cartographer/io/ply_writing_points_processor.cc.o[0m
[212.076s] [ 20%] [32mBuilding CXX object CMakeFiles/cartographer.dir/cartographer/common/histogram.cc.o[0m
[213.096s] [ 20%] [32mBuilding CXX object CMakeFiles/cartographer.dir/cartographer/io/points_batch.cc.o[0m
[214.094s] [ 20%] [32mBuilding CXX object CMakeFiles/cartographer.dir/cartographer/common/fixed_ratio_sampler.cc.o[0m
[215.121s] [ 20%] [32mBuilding CXX object CMakeFiles/cartographer.dir/cartographer/io/points_processor_pipeline_builder.cc.o[0m
[216.172s] [ 21%] [32mBuilding CXX object CMakeFiles/cartographer.dir/cartographer/io/probability_grid_points_processor.cc.o[0m
[216.326s] [ 21%] [32mBuilding CXX object CMakeFiles/cartographer.dir/cartographer/io/proto_stream.cc.o[0m
[218.937s] [ 21%] [32mBuilding CXX object CMakeFiles/cartographer.dir/cartographer/io/proto_stream_deserializer.cc.o[0m
[227.223s] [ 21%] [32mBuilding CXX object CMakeFiles/cartographer.dir/cartographer/io/vertical_range_filtering_points_processor.cc.o[0m
[232.217s] [ 21%] [32mBuilding CXX object CMakeFiles/cartographer.dir/cartographer/io/xray_points_processor.cc.o[0m
[236.235s] [ 21%] [32mBuilding CXX object CMakeFiles/cartographer.dir/cartographer/io/xyz_writing_points_processor.cc.o[0m
[237.279s] [ 22%] [32mBuilding CXX object CMakeFiles/cartographer.dir/cartographer/io/submap_painter.cc.o[0m
[238.302s] [ 22%] [32mBuilding CXX object CMakeFiles/cartographer.dir/cartographer/io/serialization_format_migration.cc.o[0m
[239.192s] [ 23%] [32mBuilding CXX object CMakeFiles/cartographer.dir/cartographer/mapping/2d/grid_2d.cc.o[0m
[251.616s] [ 23%] [32mBuilding CXX object CMakeFiles/cartographer.dir/cartographer/mapping/2d/submap_2d.cc.o[0m
[255.632s] [ 24%] [32mBuilding CXX object CMakeFiles/cartographer.dir/cartographer/mapping/3d/range_data_inserter_3d.cc.o[0m
[256.645s] [ 24%] [32mBuilding CXX object CMakeFiles/cartographer.dir/cartographer/mapping/2d/probability_grid_range_data_inserter_2d.cc.o[0m
[257.357s] [ 24%] [32mBuilding CXX object CMakeFiles/cartographer.dir/cartographer/mapping/2d/probability_grid.cc.o[0m
[258.374s] [ 24%] [32mBuilding CXX object CMakeFiles/cartographer.dir/cartographer/mapping/3d/submap_3d.cc.o[0m
[262.785s] [ 24%] [32mBuilding CXX object CMakeFiles/cartographer.dir/cartographer/mapping/detect_floors.cc.o[0m
[263.495s] [ 24%] [32mBuilding CXX object CMakeFiles/cartographer.dir/cartographer/mapping/imu_tracker.cc.o[0m
[272.816s] [ 24%] [32mBuilding CXX object CMakeFiles/cartographer.dir/cartographer/mapping/internal/2d/local_trajectory_builder_options_2d.cc.o[0m
[275.835s] [ 24%] [32mBuilding CXX object CMakeFiles/cartographer.dir/cartographer/mapping/internal/2d/normal_estimation_2d.cc.o[0m
[276.848s] [ 24%] [32mBuilding CXX object CMakeFiles/cartographer.dir/cartographer/mapping/internal/2d/local_trajectory_builder_2d.cc.o[0m
[277.380s] [ 25%] [32mBuilding CXX object CMakeFiles/cartographer.dir/cartographer/mapping/internal/2d/local_slam_result_2d.cc.o[0m
[278.398s] [ 26%] [32mBuilding CXX object CMakeFiles/cartographer.dir/cartographer/mapping/internal/2d/overlapping_submaps_trimmer_2d.cc.o[0m
[280.990s] [ 26%] [32mBuilding CXX object CMakeFiles/cartographer.dir/cartographer/mapping/internal/2d/pose_graph_2d.cc.o[0m
[296.424s] [ 26%] [32mBuilding CXX object CMakeFiles/cartographer.dir/cartographer/mapping/internal/2d/scan_matching/correlative_scan_matcher_2d.cc.o[0m
[298.470s] [ 27%] [32mBuilding CXX object CMakeFiles/cartographer.dir/cartographer/mapping/internal/2d/scan_matching/ceres_scan_matcher_2d.cc.o[0m
[300.503s] [ 27%] [32mBuilding CXX object CMakeFiles/cartographer.dir/cartographer/mapping/internal/2d/ray_to_pixel_mask.cc.o[0m
[302.242s] [ 27%] [32mBuilding CXX object CMakeFiles/cartographer.dir/cartographer/mapping/internal/2d/scan_matching/fast_correlative_scan_matcher_2d.cc.o[0m
[305.187s] [ 27%] [32mBuilding CXX object CMakeFiles/cartographer.dir/cartographer/mapping/internal/2d/scan_matching/occupied_space_cost_function_2d.cc.o[0m
[306.895s] make[2]: *** [CMakeFiles/cartographer.dir/build.make:1091: CMakeFiles/cartographer.dir/cartographer/mapping/internal/2d/scan_matching/occupied_space_cost_function_2d.cc.o] ä¸­æ–­
[306.895s] make[2]: *** [CMakeFiles/cartographer.dir/build.make:1052: CMakeFiles/cartographer.dir/cartographer/mapping/internal/2d/scan_matching/ceres_scan_matcher_2d.cc.o] ä¸­æ–­
[306.895s] make[2]: *** [CMakeFiles/cartographer.dir/build.make:1039: CMakeFiles/cartographer.dir/cartographer/mapping/internal/2d/ray_to_pixel_mask.cc.o] ä¸­æ–­
[306.897s] make[2]: *** [CMakeFiles/cartographer.dir/build.make:1078: CMakeFiles/cartographer.dir/cartographer/mapping/internal/2d/scan_matching/fast_correlative_scan_matcher_2d.cc.o] ä¸­æ–­
[306.897s] make[1]: *** [CMakeFiles/Makefile2:1202: CMakeFiles/cartographer.dir/all] ä¸­æ–­
[306.897s] make: *** [Makefile:141: all] ä¸­æ–­
[306.951s] Invoked command in '/home/ros2/ros2_learn/cartoros2_ws/build/cartographer' returned '-2': CMAKE_PREFIX_PATH=/opt/ros/galactic /usr/bin/cmake --build /home/ros2/ros2_learn/cartoros2_ws/build/cartographer -- -j4 -l4
