[0.110s] Invoking command in '/home/ros2/ros2_learn/cartoros2_ws/build/sllidar_ros2': CMAKE_PREFIX_PATH=/opt/ros/galactic /usr/bin/cmake /home/ros2/ros2_learn/cartoros2_ws/src/sllidar_ros2 -DCMAKE_INSTALL_PREFIX=/home/ros2/ros2_learn/cartoros2_ws/install/sllidar_ros2
[0.592s] -- The C compiler identification is GNU 9.4.0
[0.945s] -- The CXX compiler identification is GNU 9.4.0
[0.968s] -- Check for working C compiler: /usr/bin/cc
[1.475s] -- Check for working C compiler: /usr/bin/cc -- works
[1.479s] -- Detecting C compiler ABI info
[1.885s] -- Detecting C compiler ABI info - done
[1.912s] -- Detecting C compile features
[1.912s] -- Detecting C compile features - done
[1.925s] -- Check for working CXX compiler: /usr/bin/c++
[2.326s] -- Check for working CXX compiler: /usr/bin/c++ -- works
[2.329s] -- Detecting CXX compiler ABI info
[2.724s] -- Detecting CXX compiler ABI info - done
[2.764s] -- Detecting CXX compile features
[2.765s] -- Detecting CXX compile features - done
[2.792s] -- Found ament_cmake: 1.1.6 (/opt/ros/galactic/share/ament_cmake/cmake)
[2.903s] -- Found PythonInterp: /usr/bin/python3 (found suitable version "3.8.10", minimum required is "3") 
[2.907s] -- Using PYTHON_EXECUTABLE: /usr/bin/python3
[3.258s] -- Found rclcpp: 9.2.2 (/opt/ros/galactic/share/rclcpp/cmake)
[3.679s] -- Using all available rosidl_typesupport_c: rosidl_typesupport_fastrtps_c;rosidl_typesupport_introspection_c
[3.694s] -- Found rosidl_adapter: 2.2.3 (/opt/ros/galactic/share/rosidl_adapter/cmake)
[3.935s] -- Found OpenSSL: /usr/lib/x86_64-linux-gnu/libcrypto.so (found version "1.1.1f")  
[4.035s] -- Found FastRTPS: /opt/ros/galactic/include  
[4.387s] -- Using all available rosidl_typesupport_cpp: rosidl_typesupport_fastrtps_cpp;rosidl_typesupport_introspection_cpp
[4.948s] -- Found rmw_implementation_cmake: 3.3.1 (/opt/ros/galactic/share/rmw_implementation_cmake/cmake)
[4.969s] -- Found rmw_cyclonedds_cpp: 0.22.6 (/opt/ros/galactic/share/rmw_cyclonedds_cpp/cmake)
[5.226s] -- Using RMW implementation 'rmw_cyclonedds_cpp' as default
[5.233s] -- Looking for pthread.h
[5.611s] -- Looking for pthread.h - found
[5.611s] -- Performing Test CMAKE_HAVE_LIBC_PTHREAD
[6.003s] -- Performing Test CMAKE_HAVE_LIBC_PTHREAD - Failed
[6.003s] -- Looking for pthread_create in pthreads
[6.386s] -- Looking for pthread_create in pthreads - not found
[6.390s] -- Looking for pthread_create in pthread
[6.899s] -- Looking for pthread_create in pthread - found
[6.911s] -- Found Threads: TRUE  
[7.568s] -- Found sensor_msgs: 2.2.4 (/opt/ros/galactic/share/sensor_msgs/cmake)
[8.052s] -- Found std_srvs: 2.2.4 (/opt/ros/galactic/share/std_srvs/cmake)
[8.430s] -- Configuring done
[8.502s] -- Generating done
[8.518s] -- Build files have been written to: /home/ros2/ros2_learn/cartoros2_ws/build/sllidar_ros2
[8.570s] Invoked command in '/home/ros2/ros2_learn/cartoros2_ws/build/sllidar_ros2' returned '0': CMAKE_PREFIX_PATH=/opt/ros/galactic /usr/bin/cmake /home/ros2/ros2_learn/cartoros2_ws/src/sllidar_ros2 -DCMAKE_INSTALL_PREFIX=/home/ros2/ros2_learn/cartoros2_ws/install/sllidar_ros2
[8.588s] Invoking command in '/home/ros2/ros2_learn/cartoros2_ws/build/sllidar_ros2': CMAKE_PREFIX_PATH=/opt/ros/galactic /usr/bin/cmake --build /home/ros2/ros2_learn/cartoros2_ws/build/sllidar_ros2 -- -j4 -l4
[8.840s] [35m[1mScanning dependencies of target sllidar_node[0m
[9.045s] [  7%] [32mBuilding CXX object CMakeFiles/sllidar_node.dir/src/sllidar_node.cpp.o[0m
[19.102s] In file included from [01m[K/home/ros2/ros2_learn/cartoros2_ws/src/sllidar_ros2/./sdk/include/sl_lidar_cmd.h:36[m[K,
[19.103s]                  from [01m[K/home/ros2/ros2_learn/cartoros2_ws/src/sllidar_ros2/./sdk/include/sl_lidar_driver.h:54[m[K,
[19.103s]                  from [01m[K/home/ros2/ros2_learn/cartoros2_ws/src/sllidar_ros2/./sdk/include/sl_lidar.h:36[m[K,
[19.103s]                  from [01m[K/home/ros2/ros2_learn/cartoros2_ws/src/sllidar_ros2/src/sllidar_node.cpp:38[m[K:
[19.103s] [01m[K/home/ros2/ros2_learn/cartoros2_ws/src/sllidar_ros2/./sdk/include/sl_lidar_protocol.h:58:16:[m[K [01;35m[Kwarning: [m[KISO C++ forbids zero-size array ‘[01m[Kdata[m[K’ [[01;35m[K-Wpedantic[m[K]
[19.103s]    58 |     sl_u8 data[[01;35m[K0[m[K];
[19.104s]       |                [01;35m[K^[m[K
[19.104s] In file included from [01m[K/home/ros2/ros2_learn/cartoros2_ws/src/sllidar_ros2/./sdk/include/sl_lidar_driver.h:54[m[K,
[19.104s]                  from [01m[K/home/ros2/ros2_learn/cartoros2_ws/src/sllidar_ros2/./sdk/include/sl_lidar.h:36[m[K,
[19.104s]                  from [01m[K/home/ros2/ros2_learn/cartoros2_ws/src/sllidar_ros2/src/sllidar_node.cpp:38[m[K:
[19.105s] [01m[K/home/ros2/ros2_learn/cartoros2_ws/src/sllidar_ros2/./sdk/include/sl_lidar_cmd.h:295:20:[m[K [01;35m[Kwarning: [m[KISO C++ forbids zero-size array ‘[01m[Kpayload[m[K’ [[01;35m[K-Wpedantic[m[K]
[19.105s]   295 |     sl_u8  payload[[01;35m[K0[m[K];
[19.107s]       |                    [01;35m[K^[m[K
[19.168s] [01m[K/home/ros2/ros2_learn/cartoros2_ws/src/sllidar_ros2/src/sllidar_node.cpp:[m[K In member function ‘[01m[Kvoid SLlidarNode::init_param()[m[K’:
[19.168s] [01m[K/home/ros2/ros2_learn/cartoros2_ws/src/sllidar_ros2/src/sllidar_node.cpp:69:47:[m[K [01;35m[Kwarning: [m[K‘[01m[Kconst rclcpp::ParameterValue& rclcpp::Node::declare_parameter(const string&)[m[K’ is deprecated: declare_parameter() with only a name is deprecated and will be deleted in the future.\nIf you want to declare a parameter that won't change type without a default value use:\n`node->declare_parameter<ParameterT>(name)`, where e.g. ParameterT=int64_t.\n\nIf you want to declare a parameter that can dynamically change type use:\n```\nrcl_interfaces::msg::ParameterDescriptor descriptor;\ndescriptor.dynamic_typing = true;\nnode->declare_parameter(name, rclcpp::ParameterValue{}, descriptor);\n``` [[01;35m[K-Wdeprecated-declarations[m[K]
[19.168s]    69 |         this->declare_parameter("channel_type"[01;35m[K)[m[K;
[19.169s]       |                                               [01;35m[K^[m[K
[19.169s] In file included from [01m[K/opt/ros/galactic/include/rclcpp/executors/single_threaded_executor.hpp:28[m[K,
[19.170s]                  from [01m[K/opt/ros/galactic/include/rclcpp/executors.hpp:22[m[K,
[19.171s]                  from [01m[K/opt/ros/galactic/include/rclcpp/rclcpp.hpp:156[m[K,
[19.171s]                  from [01m[K/home/ros2/ros2_learn/cartoros2_ws/src/sllidar_ros2/src/sllidar_node.cpp:35[m[K:
[19.171s] [01m[K/opt/ros/galactic/include/rclcpp/node.hpp:422:3:[m[K [01;36m[Knote: [m[Kdeclared here
[19.172s]   422 |   [01;36m[Kdeclare_parameter[m[K(const std::string & name);
[19.172s]       |   [01;36m[K^~~~~~~~~~~~~~~~~[m[K
[19.172s] [01m[K/home/ros2/ros2_learn/cartoros2_ws/src/sllidar_ros2/src/sllidar_node.cpp:70:41:[m[K [01;35m[Kwarning: [m[K‘[01m[Kconst rclcpp::ParameterValue& rclcpp::Node::declare_parameter(const string&)[m[K’ is deprecated: declare_parameter() with only a name is deprecated and will be deleted in the future.\nIf you want to declare a parameter that won't change type without a default value use:\n`node->declare_parameter<ParameterT>(name)`, where e.g. ParameterT=int64_t.\n\nIf you want to declare a parameter that can dynamically change type use:\n```\nrcl_interfaces::msg::ParameterDescriptor descriptor;\ndescriptor.dynamic_typing = true;\nnode->declare_parameter(name, rclcpp::ParameterValue{}, descriptor);\n``` [[01;35m[K-Wdeprecated-declarations[m[K]
[19.173s]    70 |         this->declare_parameter("tcp_ip"[01;35m[K)[m[K;
[19.174s]       |                                         [01;35m[K^[m[K
[19.175s] In file included from [01m[K/opt/ros/galactic/include/rclcpp/executors/single_threaded_executor.hpp:28[m[K,
[19.175s]                  from [01m[K/opt/ros/galactic/include/rclcpp/executors.hpp:22[m[K,
[19.175s]                  from [01m[K/opt/ros/galactic/include/rclcpp/rclcpp.hpp:156[m[K,
[19.176s]                  from [01m[K/home/ros2/ros2_learn/cartoros2_ws/src/sllidar_ros2/src/sllidar_node.cpp:35[m[K:
[19.177s] [01m[K/opt/ros/galactic/include/rclcpp/node.hpp:422:3:[m[K [01;36m[Knote: [m[Kdeclared here
[19.177s]   422 |   [01;36m[Kdeclare_parameter[m[K(const std::string & name);
[19.177s]       |   [01;36m[K^~~~~~~~~~~~~~~~~[m[K
[19.178s] [01m[K/home/ros2/ros2_learn/cartoros2_ws/src/sllidar_ros2/src/sllidar_node.cpp:71:43:[m[K [01;35m[Kwarning: [m[K‘[01m[Kconst rclcpp::ParameterValue& rclcpp::Node::declare_parameter(const string&)[m[K’ is deprecated: declare_parameter() with only a name is deprecated and will be deleted in the future.\nIf you want to declare a parameter that won't change type without a default value use:\n`node->declare_parameter<ParameterT>(name)`, where e.g. ParameterT=int64_t.\n\nIf you want to declare a parameter that can dynamically change type use:\n```\nrcl_interfaces::msg::ParameterDescriptor descriptor;\ndescriptor.dynamic_typing = true;\nnode->declare_parameter(name, rclcpp::ParameterValue{}, descriptor);\n``` [[01;35m[K-Wdeprecated-declarations[m[K]
[19.178s]    71 |         this->declare_parameter("tcp_port"[01;35m[K)[m[K;
[19.178s]       |                                           [01;35m[K^[m[K
[19.178s] In file included from [01m[K/opt/ros/galactic/include/rclcpp/executors/single_threaded_executor.hpp:28[m[K,
[19.179s]                  from [01m[K/opt/ros/galactic/include/rclcpp/executors.hpp:22[m[K,
[19.179s]                  from [01m[K/opt/ros/galactic/include/rclcpp/rclcpp.hpp:156[m[K,
[19.179s]                  from [01m[K/home/ros2/ros2_learn/cartoros2_ws/src/sllidar_ros2/src/sllidar_node.cpp:35[m[K:
[19.179s] [01m[K/opt/ros/galactic/include/rclcpp/node.hpp:422:3:[m[K [01;36m[Knote: [m[Kdeclared here
[19.180s]   422 |   [01;36m[Kdeclare_parameter[m[K(const std::string & name);
[19.180s]       |   [01;36m[K^~~~~~~~~~~~~~~~~[m[K
[19.180s] [01m[K/home/ros2/ros2_learn/cartoros2_ws/src/sllidar_ros2/src/sllidar_node.cpp:72:41:[m[K [01;35m[Kwarning: [m[K‘[01m[Kconst rclcpp::ParameterValue& rclcpp::Node::declare_parameter(const string&)[m[K’ is deprecated: declare_parameter() with only a name is deprecated and will be deleted in the future.\nIf you want to declare a parameter that won't change type without a default value use:\n`node->declare_parameter<ParameterT>(name)`, where e.g. ParameterT=int64_t.\n\nIf you want to declare a parameter that can dynamically change type use:\n```\nrcl_interfaces::msg::ParameterDescriptor descriptor;\ndescriptor.dynamic_typing = true;\nnode->declare_parameter(name, rclcpp::ParameterValue{}, descriptor);\n``` [[01;35m[K-Wdeprecated-declarations[m[K]
[19.180s]    72 |         this->declare_parameter("udp_ip"[01;35m[K)[m[K;
[19.180s]       |                                         [01;35m[K^[m[K
[19.180s] In file included from [01m[K/opt/ros/galactic/include/rclcpp/executors/single_threaded_executor.hpp:28[m[K,
[19.180s]                  from [01m[K/opt/ros/galactic/include/rclcpp/executors.hpp:22[m[K,
[19.180s]                  from [01m[K/opt/ros/galactic/include/rclcpp/rclcpp.hpp:156[m[K,
[19.180s]                  from [01m[K/home/ros2/ros2_learn/cartoros2_ws/src/sllidar_ros2/src/sllidar_node.cpp:35[m[K:
[19.180s] [01m[K/opt/ros/galactic/include/rclcpp/node.hpp:422:3:[m[K [01;36m[Knote: [m[Kdeclared here
[19.180s]   422 |   [01;36m[Kdeclare_parameter[m[K(const std::string & name);
[19.180s]       |   [01;36m[K^~~~~~~~~~~~~~~~~[m[K
[19.180s] [01m[K/home/ros2/ros2_learn/cartoros2_ws/src/sllidar_ros2/src/sllidar_node.cpp:73:43:[m[K [01;35m[Kwarning: [m[K‘[01m[Kconst rclcpp::ParameterValue& rclcpp::Node::declare_parameter(const string&)[m[K’ is deprecated: declare_parameter() with only a name is deprecated and will be deleted in the future.\nIf you want to declare a parameter that won't change type without a default value use:\n`node->declare_parameter<ParameterT>(name)`, where e.g. ParameterT=int64_t.\n\nIf you want to declare a parameter that can dynamically change type use:\n```\nrcl_interfaces::msg::ParameterDescriptor descriptor;\ndescriptor.dynamic_typing = true;\nnode->declare_parameter(name, rclcpp::ParameterValue{}, descriptor);\n``` [[01;35m[K-Wdeprecated-declarations[m[K]
[19.180s]    73 |         this->declare_parameter("udp_port"[01;35m[K)[m[K;
[19.180s]       |                                           [01;35m[K^[m[K
[19.180s] In file included from [01m[K/opt/ros/galactic/include/rclcpp/executors/single_threaded_executor.hpp:28[m[K,
[19.180s]                  from [01m[K/opt/ros/galactic/include/rclcpp/executors.hpp:22[m[K,
[19.181s]                  from [01m[K/opt/ros/galactic/include/rclcpp/rclcpp.hpp:156[m[K,
[19.181s]                  from [01m[K/home/ros2/ros2_learn/cartoros2_ws/src/sllidar_ros2/src/sllidar_node.cpp:35[m[K:
[19.181s] [01m[K/opt/ros/galactic/include/rclcpp/node.hpp:422:3:[m[K [01;36m[Knote: [m[Kdeclared here
[19.181s]   422 |   [01;36m[Kdeclare_parameter[m[K(const std::string & name);
[19.181s]       |   [01;36m[K^~~~~~~~~~~~~~~~~[m[K
[19.181s] [01m[K/home/ros2/ros2_learn/cartoros2_ws/src/sllidar_ros2/src/sllidar_node.cpp:74:46:[m[K [01;35m[Kwarning: [m[K‘[01m[Kconst rclcpp::ParameterValue& rclcpp::Node::declare_parameter(const string&)[m[K’ is deprecated: declare_parameter() with only a name is deprecated and will be deleted in the future.\nIf you want to declare a parameter that won't change type without a default value use:\n`node->declare_parameter<ParameterT>(name)`, where e.g. ParameterT=int64_t.\n\nIf you want to declare a parameter that can dynamically change type use:\n```\nrcl_interfaces::msg::ParameterDescriptor descriptor;\ndescriptor.dynamic_typing = true;\nnode->declare_parameter(name, rclcpp::ParameterValue{}, descriptor);\n``` [[01;35m[K-Wdeprecated-declarations[m[K]
[19.181s]    74 |         this->declare_parameter("serial_port"[01;35m[K)[m[K;
[19.181s]       |                                              [01;35m[K^[m[K
[19.181s] In file included from [01m[K/opt/ros/galactic/include/rclcpp/executors/single_threaded_executor.hpp:28[m[K,
[19.181s]                  from [01m[K/opt/ros/galactic/include/rclcpp/executors.hpp:22[m[K,
[19.181s]                  from [01m[K/opt/ros/galactic/include/rclcpp/rclcpp.hpp:156[m[K,
[19.181s]                  from [01m[K/home/ros2/ros2_learn/cartoros2_ws/src/sllidar_ros2/src/sllidar_node.cpp:35[m[K:
[19.181s] [01m[K/opt/ros/galactic/include/rclcpp/node.hpp:422:3:[m[K [01;36m[Knote: [m[Kdeclared here
[19.181s]   422 |   [01;36m[Kdeclare_parameter[m[K(const std::string & name);
[19.181s]       |   [01;36m[K^~~~~~~~~~~~~~~~~[m[K
[19.181s] [01m[K/home/ros2/ros2_learn/cartoros2_ws/src/sllidar_ros2/src/sllidar_node.cpp:75:50:[m[K [01;35m[Kwarning: [m[K‘[01m[Kconst rclcpp::ParameterValue& rclcpp::Node::declare_parameter(const string&)[m[K’ is deprecated: declare_parameter() with only a name is deprecated and will be deleted in the future.\nIf you want to declare a parameter that won't change type without a default value use:\n`node->declare_parameter<ParameterT>(name)`, where e.g. ParameterT=int64_t.\n\nIf you want to declare a parameter that can dynamically change type use:\n```\nrcl_interfaces::msg::ParameterDescriptor descriptor;\ndescriptor.dynamic_typing = true;\nnode->declare_parameter(name, rclcpp::ParameterValue{}, descriptor);\n``` [[01;35m[K-Wdeprecated-declarations[m[K]
[19.181s]    75 |         this->declare_parameter("serial_baudrate"[01;35m[K)[m[K;
[19.181s]       |                                                  [01;35m[K^[m[K
[19.181s] In file included from [01m[K/opt/ros/galactic/include/rclcpp/executors/single_threaded_executor.hpp:28[m[K,
[19.181s]                  from [01m[K/opt/ros/galactic/include/rclcpp/executors.hpp:22[m[K,
[19.181s]                  from [01m[K/opt/ros/galactic/include/rclcpp/rclcpp.hpp:156[m[K,
[19.181s]                  from [01m[K/home/ros2/ros2_learn/cartoros2_ws/src/sllidar_ros2/src/sllidar_node.cpp:35[m[K:
[19.182s] [01m[K/opt/ros/galactic/include/rclcpp/node.hpp:422:3:[m[K [01;36m[Knote: [m[Kdeclared here
[19.182s]   422 |   [01;36m[Kdeclare_parameter[m[K(const std::string & name);
[19.182s]       |   [01;36m[K^~~~~~~~~~~~~~~~~[m[K
[19.182s] [01m[K/home/ros2/ros2_learn/cartoros2_ws/src/sllidar_ros2/src/sllidar_node.cpp:76:43:[m[K [01;35m[Kwarning: [m[K‘[01m[Kconst rclcpp::ParameterValue& rclcpp::Node::declare_parameter(const string&)[m[K’ is deprecated: declare_parameter() with only a name is deprecated and will be deleted in the future.\nIf you want to declare a parameter that won't change type without a default value use:\n`node->declare_parameter<ParameterT>(name)`, where e.g. ParameterT=int64_t.\n\nIf you want to declare a parameter that can dynamically change type use:\n```\nrcl_interfaces::msg::ParameterDescriptor descriptor;\ndescriptor.dynamic_typing = true;\nnode->declare_parameter(name, rclcpp::ParameterValue{}, descriptor);\n``` [[01;35m[K-Wdeprecated-declarations[m[K]
[19.182s]    76 |         this->declare_parameter("frame_id"[01;35m[K)[m[K;
[19.182s]       |                                           [01;35m[K^[m[K
[19.182s] In file included from [01m[K/opt/ros/galactic/include/rclcpp/executors/single_threaded_executor.hpp:28[m[K,
[19.183s]                  from [01m[K/opt/ros/galactic/include/rclcpp/executors.hpp:22[m[K,
[19.184s]                  from [01m[K/opt/ros/galactic/include/rclcpp/rclcpp.hpp:156[m[K,
[19.184s]                  from [01m[K/home/ros2/ros2_learn/cartoros2_ws/src/sllidar_ros2/src/sllidar_node.cpp:35[m[K:
[19.184s] [01m[K/opt/ros/galactic/include/rclcpp/node.hpp:422:3:[m[K [01;36m[Knote: [m[Kdeclared here
[19.184s]   422 |   [01;36m[Kdeclare_parameter[m[K(const std::string & name);
[19.184s]       |   [01;36m[K^~~~~~~~~~~~~~~~~[m[K
[19.184s] [01m[K/home/ros2/ros2_learn/cartoros2_ws/src/sllidar_ros2/src/sllidar_node.cpp:77:43:[m[K [01;35m[Kwarning: [m[K‘[01m[Kconst rclcpp::ParameterValue& rclcpp::Node::declare_parameter(const string&)[m[K’ is deprecated: declare_parameter() with only a name is deprecated and will be deleted in the future.\nIf you want to declare a parameter that won't change type without a default value use:\n`node->declare_parameter<ParameterT>(name)`, where e.g. ParameterT=int64_t.\n\nIf you want to declare a parameter that can dynamically change type use:\n```\nrcl_interfaces::msg::ParameterDescriptor descriptor;\ndescriptor.dynamic_typing = true;\nnode->declare_parameter(name, rclcpp::ParameterValue{}, descriptor);\n``` [[01;35m[K-Wdeprecated-declarations[m[K]
[19.184s]    77 |         this->declare_parameter("inverted"[01;35m[K)[m[K;
[19.184s]       |                                           [01;35m[K^[m[K
[19.184s] In file included from [01m[K/opt/ros/galactic/include/rclcpp/executors/single_threaded_executor.hpp:28[m[K,
[19.184s]                  from [01m[K/opt/ros/galactic/include/rclcpp/executors.hpp:22[m[K,
[19.184s]                  from [01m[K/opt/ros/galactic/include/rclcpp/rclcpp.hpp:156[m[K,
[19.184s]                  from [01m[K/home/ros2/ros2_learn/cartoros2_ws/src/sllidar_ros2/src/sllidar_node.cpp:35[m[K:
[19.184s] [01m[K/opt/ros/galactic/include/rclcpp/node.hpp:422:3:[m[K [01;36m[Knote: [m[Kdeclared here
[19.184s]   422 |   [01;36m[Kdeclare_parameter[m[K(const std::string & name);
[19.184s]       |   [01;36m[K^~~~~~~~~~~~~~~~~[m[K
[19.184s] [01m[K/home/ros2/ros2_learn/cartoros2_ws/src/sllidar_ros2/src/sllidar_node.cpp:78:51:[m[K [01;35m[Kwarning: [m[K‘[01m[Kconst rclcpp::ParameterValue& rclcpp::Node::declare_parameter(const string&)[m[K’ is deprecated: declare_parameter() with only a name is deprecated and will be deleted in the future.\nIf you want to declare a parameter that won't change type without a default value use:\n`node->declare_parameter<ParameterT>(name)`, where e.g. ParameterT=int64_t.\n\nIf you want to declare a parameter that can dynamically change type use:\n```\nrcl_interfaces::msg::ParameterDescriptor descriptor;\ndescriptor.dynamic_typing = true;\nnode->declare_parameter(name, rclcpp::ParameterValue{}, descriptor);\n``` [[01;35m[K-Wdeprecated-declarations[m[K]
[19.184s]    78 |         this->declare_parameter("angle_compensate"[01;35m[K)[m[K;
[19.184s]       |                                                   [01;35m[K^[m[K
[19.184s] In file included from [01m[K/opt/ros/galactic/include/rclcpp/executors/single_threaded_executor.hpp:28[m[K,
[19.184s]                  from [01m[K/opt/ros/galactic/include/rclcpp/executors.hpp:22[m[K,
[19.185s]                  from [01m[K/opt/ros/galactic/include/rclcpp/rclcpp.hpp:156[m[K,
[19.185s]                  from [01m[K/home/ros2/ros2_learn/cartoros2_ws/src/sllidar_ros2/src/sllidar_node.cpp:35[m[K:
[19.185s] [01m[K/opt/ros/galactic/include/rclcpp/node.hpp:422:3:[m[K [01;36m[Knote: [m[Kdeclared here
[19.185s]   422 |   [01;36m[Kdeclare_parameter[m[K(const std::string & name);
[19.185s]       |   [01;36m[K^~~~~~~~~~~~~~~~~[m[K
[19.185s] [01m[K/home/ros2/ros2_learn/cartoros2_ws/src/sllidar_ros2/src/sllidar_node.cpp:79:44:[m[K [01;35m[Kwarning: [m[K‘[01m[Kconst rclcpp::ParameterValue& rclcpp::Node::declare_parameter(const string&)[m[K’ is deprecated: declare_parameter() with only a name is deprecated and will be deleted in the future.\nIf you want to declare a parameter that won't change type without a default value use:\n`node->declare_parameter<ParameterT>(name)`, where e.g. ParameterT=int64_t.\n\nIf you want to declare a parameter that can dynamically change type use:\n```\nrcl_interfaces::msg::ParameterDescriptor descriptor;\ndescriptor.dynamic_typing = true;\nnode->declare_parameter(name, rclcpp::ParameterValue{}, descriptor);\n``` [[01;35m[K-Wdeprecated-declarations[m[K]
[19.185s]    79 |         this->declare_parameter("scan_mode"[01;35m[K)[m[K;
[19.185s]       |                                            [01;35m[K^[m[K
[19.185s] In file included from [01m[K/opt/ros/galactic/include/rclcpp/executors/single_threaded_executor.hpp:28[m[K,
[19.185s]                  from [01m[K/opt/ros/galactic/include/rclcpp/executors.hpp:22[m[K,
[19.185s]                  from [01m[K/opt/ros/galactic/include/rclcpp/rclcpp.hpp:156[m[K,
[19.185s]                  from [01m[K/home/ros2/ros2_learn/cartoros2_ws/src/sllidar_ros2/src/sllidar_node.cpp:35[m[K:
[19.185s] [01m[K/opt/ros/galactic/include/rclcpp/node.hpp:422:3:[m[K [01;36m[Knote: [m[Kdeclared here
[19.185s]   422 |   [01;36m[Kdeclare_parameter[m[K(const std::string & name);
[19.185s]       |   [01;36m[K^~~~~~~~~~~~~~~~~[m[K
[19.189s] [01m[K/home/ros2/ros2_learn/cartoros2_ws/src/sllidar_ros2/src/sllidar_node.cpp:80:49:[m[K [01;35m[Kwarning: [m[K‘[01m[Kconst rclcpp::ParameterValue& rclcpp::Node::declare_parameter(const string&)[m[K’ is deprecated: declare_parameter() with only a name is deprecated and will be deleted in the future.\nIf you want to declare a parameter that won't change type without a default value use:\n`node->declare_parameter<ParameterT>(name)`, where e.g. ParameterT=int64_t.\n\nIf you want to declare a parameter that can dynamically change type use:\n```\nrcl_interfaces::msg::ParameterDescriptor descriptor;\ndescriptor.dynamic_typing = true;\nnode->declare_parameter(name, rclcpp::ParameterValue{}, descriptor);\n``` [[01;35m[K-Wdeprecated-declarations[m[K]
[19.189s]    80 |         this->declare_parameter("scan_frequency"[01;35m[K)[m[K;
[19.189s]       |                                                 [01;35m[K^[m[K
[19.189s] In file included from [01m[K/opt/ros/galactic/include/rclcpp/executors/single_threaded_executor.hpp:28[m[K,
[19.189s]                  from [01m[K/opt/ros/galactic/include/rclcpp/executors.hpp:22[m[K,
[19.189s]                  from [01m[K/opt/ros/galactic/include/rclcpp/rclcpp.hpp:156[m[K,
[19.189s]                  from [01m[K/home/ros2/ros2_learn/cartoros2_ws/src/sllidar_ros2/src/sllidar_node.cpp:35[m[K:
[19.189s] [01m[K/opt/ros/galactic/include/rclcpp/node.hpp:422:3:[m[K [01;36m[Knote: [m[Kdeclared here
[19.189s]   422 |   [01;36m[Kdeclare_parameter[m[K(const std::string & name);
[19.189s]       |   [01;36m[K^~~~~~~~~~~~~~~~~[m[K
[24.881s] [01m[K/home/ros2/ros2_learn/cartoros2_ws/src/sllidar_ros2/src/sllidar_node.cpp:[m[K In member function ‘[01m[Kbool SLlidarNode::checkSLLIDARHealth(sl::ILidarDriver*)[m[K’:
[24.881s] [01m[K/home/ros2/ros2_learn/cartoros2_ws/src/sllidar_ros2/src/sllidar_node.cpp:147:5:[m[K [01;35m[Kwarning: [m[Kcontrol reaches end of non-void function [[01;35m[K-Wreturn-type[m[K]
[24.881s]   147 |     [01;35m[K}[m[K
[24.881s]       |     [01;35m[K^[m[K
[30.928s] [ 14%] [32mBuilding CXX object CMakeFiles/sllidar_node.dir/sdk/src/arch/linux/net_socket.cpp.o[0m
[31.147s] In file included from [01m[K/home/ros2/ros2_learn/cartoros2_ws/src/sllidar_ros2/./sdk/src/sdkcommon.h:47[m[K,
[31.147s]                  from [01m[K/home/ros2/ros2_learn/cartoros2_ws/src/sllidar_ros2/sdk/src/arch/linux/net_socket.cpp:10[m[K:
[31.148s] [01m[K/home/ros2/ros2_learn/cartoros2_ws/src/sllidar_ros2/./sdk/src/hal/assert.h:1:1:[m[K [01;35m[Kwarning: [m[Knull character(s) ignored
[31.148s]     1 | [01;35m[K [m[K                                                                                                                                                                                                                                                                                                                        
[31.148s]       | [01;35m[K^[m[K
[32.271s] In file included from [01m[K/home/ros2/ros2_learn/cartoros2_ws/src/sllidar_ros2/./sdk/include/rplidar_protocol.h:36[m[K,
[32.272s]                  from [01m[K/home/ros2/ros2_learn/cartoros2_ws/src/sllidar_ros2/./sdk/include/rplidar.h:39[m[K,
[32.272s]                  from [01m[K/home/ros2/ros2_learn/cartoros2_ws/src/sllidar_ros2/./sdk/src/sdkcommon.h:49[m[K,
[32.273s]                  from [01m[K/home/ros2/ros2_learn/cartoros2_ws/src/sllidar_ros2/sdk/src/arch/linux/net_socket.cpp:10[m[K:
[32.273s] [01m[K/home/ros2/ros2_learn/cartoros2_ws/src/sllidar_ros2/./sdk/include/sl_lidar_protocol.h:58:16:[m[K [01;35m[Kwarning: [m[KISO C++ forbids zero-size array ‘[01m[Kdata[m[K’ [[01;35m[K-Wpedantic[m[K]
[32.273s]    58 |     sl_u8 data[[01;35m[K0[m[K];
[32.274s]       |                [01;35m[K^[m[K
[32.274s] In file included from [01m[K/home/ros2/ros2_learn/cartoros2_ws/src/sllidar_ros2/./sdk/include/rplidar_cmd.h:36[m[K,
[32.274s]                  from [01m[K/home/ros2/ros2_learn/cartoros2_ws/src/sllidar_ros2/./sdk/include/rplidar.h:40[m[K,
[32.274s]                  from [01m[K/home/ros2/ros2_learn/cartoros2_ws/src/sllidar_ros2/./sdk/src/sdkcommon.h:49[m[K,
[32.275s]                  from [01m[K/home/ros2/ros2_learn/cartoros2_ws/src/sllidar_ros2/sdk/src/arch/linux/net_socket.cpp:10[m[K:
[32.275s] [01m[K/home/ros2/ros2_learn/cartoros2_ws/src/sllidar_ros2/./sdk/include/sl_lidar_cmd.h:295:20:[m[K [01;35m[Kwarning: [m[KISO C++ forbids zero-size array ‘[01m[Kpayload[m[K’ [[01;35m[K-Wpedantic[m[K]
[32.275s]   295 |     sl_u8  payload[[01;35m[K0[m[K];
[32.275s]       |                    [01;35m[K^[m[K
[32.553s] [01m[K/home/ros2/ros2_learn/cartoros2_ws/src/sllidar_ros2/sdk/src/arch/linux/net_socket.cpp:[m[K In member function ‘[01m[Kvirtual u_result rp::net::SocketAddress::getAddressAsString(char*, size_t) const[m[K’:
[32.553s] [01m[K/home/ros2/ros2_learn/cartoros2_ws/src/sllidar_ros2/sdk/src/arch/linux/net_socket.cpp:170:17:[m[K [01;35m[Kwarning: [m[Kordered comparison of pointer with integer zero [[01;35m[K-Wextra[m[K]
[32.553s]   170 |     return ans<=[01;35m[K0[m[K?RESULT_OPERATION_FAIL:RESULT_OK;
[32.553s]       |                 [01;35m[K^[m[K
[32.572s] [01m[K/home/ros2/ros2_learn/cartoros2_ws/src/sllidar_ros2/sdk/src/arch/linux/net_socket.cpp:[m[K In member function ‘[01m[Kvirtual u_result rp::arch::net::StreamSocketImpl::send(const void*, size_t)[m[K’:
[32.572s] [01m[K/home/ros2/ros2_learn/cartoros2_ws/src/sllidar_ros2/sdk/src/arch/linux/net_socket.cpp:438:17:[m[K [01;35m[Kwarning: [m[Kcomparison of integer expressions of different signedness: ‘[01m[Ksize_t[m[K’ {aka ‘[01m[Klong unsigned int[m[K’} and ‘[01m[Kint[m[K’ [[01;35m[K-Wsign-compare[m[K]
[32.572s]   438 |         if ([01;35m[Kans == (int)len[m[K) {
[32.572s]       |             [01;35m[K~~~~^~~~~~~~~~~[m[K
[32.586s] In file included from [01m[K/home/ros2/ros2_learn/cartoros2_ws/src/sllidar_ros2/./sdk/src/arch/linux/arch_linux.h:42[m[K,
[32.586s]                  from [01m[K/home/ros2/ros2_learn/cartoros2_ws/src/sllidar_ros2/./sdk/src/sdkcommon.h:41[m[K,
[32.587s]                  from [01m[K/home/ros2/ros2_learn/cartoros2_ws/src/sllidar_ros2/sdk/src/arch/linux/net_socket.cpp:10[m[K:
[32.587s] [01m[K/home/ros2/ros2_learn/cartoros2_ws/src/sllidar_ros2/sdk/src/arch/linux/net_socket.cpp:[m[K In member function ‘[01m[Kvirtual u_result rp::arch::net::DGramSocketImpl::sendTo(const rp::net::SocketAddress&, const void*, size_t)[m[K’:
[32.587s] [01m[K/home/ros2/ros2_learn/cartoros2_ws/src/sllidar_ros2/sdk/src/arch/linux/net_socket.cpp:726:24:[m[K [01;35m[Kwarning: [m[Kcomparison of integer expressions of different signedness: ‘[01m[Ksize_t[m[K’ {aka ‘[01m[Klong unsigned int[m[K’} and ‘[01m[Kint[m[K’ [[01;35m[K-Wsign-compare[m[K]
[32.587s]   726 |             assert([01;35m[Kans == (int)len[m[K);
[32.587s]       |                    [01;35m[K~~~~^~~~~~~~~~~[m[K
[32.885s] [01m[K/home/ros2/ros2_learn/cartoros2_ws/src/sllidar_ros2/sdk/src/arch/linux/net_socket.cpp:722:47:[m[K [01;35m[Kwarning: [m[Knonnull argument ‘[01m[Ktarget[m[K’ compared to NULL [[01;35m[K-Wnonnull-compare[m[K]
[32.885s]   722 |         const struct sockaddr* addr = &target [01;35m[K?[m[K reinterpret_cast<const struct sockaddr*>(target.getPlatformData()) : NULL;
[32.885s]       |                                               [01;35m[K^[m[K
[33.231s] [ 21%] [32mBuilding CXX object CMakeFiles/sllidar_node.dir/sdk/src/arch/linux/timer.cpp.o[0m
[35.017s] [ 28%] [32mBuilding CXX object CMakeFiles/sllidar_node.dir/sdk/src/hal/thread.cpp.o[0m
[35.200s] In file included from [01m[K/home/ros2/ros2_learn/cartoros2_ws/src/sllidar_ros2/./sdk/src/sdkcommon.h:47[m[K,
[35.200s]                  from [01m[K/home/ros2/ros2_learn/cartoros2_ws/src/sllidar_ros2/sdk/src/hal/thread.cpp:35[m[K:
[35.200s] [01m[K/home/ros2/ros2_learn/cartoros2_ws/src/sllidar_ros2/./sdk/src/hal/assert.h:1:1:[m[K [01;35m[Kwarning: [m[Knull character(s) ignored
[35.201s]     1 | [01;35m[K [m[K                                                                                                                                                                                                                                                                                                                        
[35.201s]       | [01;35m[K^[m[K
[36.212s] In file included from [01m[K/home/ros2/ros2_learn/cartoros2_ws/src/sllidar_ros2/./sdk/include/rplidar_protocol.h:36[m[K,
[36.212s]                  from [01m[K/home/ros2/ros2_learn/cartoros2_ws/src/sllidar_ros2/./sdk/include/rplidar.h:39[m[K,
[36.212s]                  from [01m[K/home/ros2/ros2_learn/cartoros2_ws/src/sllidar_ros2/./sdk/src/sdkcommon.h:49[m[K,
[36.212s]                  from [01m[K/home/ros2/ros2_learn/cartoros2_ws/src/sllidar_ros2/sdk/src/hal/thread.cpp:35[m[K:
[36.213s] [01m[K/home/ros2/ros2_learn/cartoros2_ws/src/sllidar_ros2/./sdk/include/sl_lidar_protocol.h:58:16:[m[K [01;35m[Kwarning: [m[KISO C++ forbids zero-size array ‘[01m[Kdata[m[K’ [[01;35m[K-Wpedantic[m[K]
[36.213s]    58 |     sl_u8 data[[01;35m[K0[m[K];
[36.213s]       |                [01;35m[K^[m[K
[36.218s] In file included from [01m[K/home/ros2/ros2_learn/cartoros2_ws/src/sllidar_ros2/./sdk/include/rplidar_cmd.h:36[m[K,
[36.219s]                  from [01m[K/home/ros2/ros2_learn/cartoros2_ws/src/sllidar_ros2/./sdk/include/rplidar.h:40[m[K,
[36.219s]                  from [01m[K/home/ros2/ros2_learn/cartoros2_ws/src/sllidar_ros2/./sdk/src/sdkcommon.h:49[m[K,
[36.219s]                  from [01m[K/home/ros2/ros2_learn/cartoros2_ws/src/sllidar_ros2/sdk/src/hal/thread.cpp:35[m[K:
[36.219s] [01m[K/home/ros2/ros2_learn/cartoros2_ws/src/sllidar_ros2/./sdk/include/sl_lidar_cmd.h:295:20:[m[K [01;35m[Kwarning: [m[KISO C++ forbids zero-size array ‘[01m[Kpayload[m[K’ [[01;35m[K-Wpedantic[m[K]
[36.219s]   295 |     sl_u8  payload[[01;35m[K0[m[K];
[36.220s]       |                    [01;35m[K^[m[K
[36.443s] In file included from [01m[K/home/ros2/ros2_learn/cartoros2_ws/src/sllidar_ros2/sdk/src/hal/thread.cpp:43[m[K:
[36.445s] [01m[K/home/ros2/ros2_learn/cartoros2_ws/src/sllidar_ros2/./sdk/src/arch/linux/thread.hpp:[m[K In static member function ‘[01m[Kstatic rp::hal::Thread rp::hal::Thread::create(thread_proc_t, void*)[m[K’:
[36.445s] [01m[K/home/ros2/ros2_learn/cartoros2_ws/src/sllidar_ros2/./sdk/src/arch/linux/thread.hpp:48:77:[m[K [01;35m[Kwarning: [m[Kcast between incompatible function types from ‘[01m[Kthread_proc_t[m[K’ {aka ‘[01m[Klong unsigned int (*)(void*)[m[K’} to ‘[01m[Kvoid* (*)(void*)[m[K’ [[01;35m[K-Wcast-function-type[m[K]
[36.446s]    48 | ad_create((pthread_t *)&newborn._handle, NULL, (void * (*)(void *))[01;35m[Kproc[m[K, data);
[36.446s]       |                                                                    [01;35m[K^~~~[m[K
[36.446s] 
[36.452s] [01m[K/home/ros2/ros2_learn/cartoros2_ws/src/sllidar_ros2/./sdk/src/arch/linux/thread.hpp:[m[K In member function ‘[01m[Ku_result rp::hal::Thread::join(long unsigned int)[m[K’:
[36.452s] [01m[K/home/ros2/ros2_learn/cartoros2_ws/src/sllidar_ros2/./sdk/src/arch/linux/thread.hpp:129:37:[m[K [01;35m[Kwarning: [m[Kunused parameter ‘[01m[Ktimeout[m[K’ [[01;35m[K-Wunused-parameter[m[K]
[36.453s]   129 | u_result Thread::join([01;35m[Kunsigned long timeout[m[K)
[36.453s]       |                       [01;35m[K~~~~~~~~~~~~~~^~~~~~~[m[K
[36.788s] [ 35%] [32mBuilding CXX object CMakeFiles/sllidar_node.dir/sdk/src/rplidar_driver.cpp.o[0m
[37.091s] In file included from [01m[K/home/ros2/ros2_learn/cartoros2_ws/src/sllidar_ros2/sdk/src/sdkcommon.h:47[m[K,
[37.092s]                  from [01m[K/home/ros2/ros2_learn/cartoros2_ws/src/sllidar_ros2/sdk/src/rplidar_driver.cpp:33[m[K:
[37.092s] [01m[K/home/ros2/ros2_learn/cartoros2_ws/src/sllidar_ros2/sdk/src/hal/assert.h:1:1:[m[K [01;35m[Kwarning: [m[Knull character(s) ignored
[37.092s]     1 | [01;35m[K [m[K                                                                                                                                                                                                                                                                                                                        
[37.092s]       | [01;35m[K^[m[K
[37.148s] In file included from [01m[K/home/ros2/ros2_learn/cartoros2_ws/src/sllidar_ros2/sdk/src/rplidar_driver.cpp:37[m[K:
[37.149s] [01m[K/home/ros2/ros2_learn/cartoros2_ws/src/sllidar_ros2/sdk/src/hal/assert.h:1:1:[m[K [01;35m[Kwarning: [m[Knull character(s) ignored
[37.149s]     1 | [01;35m[K [m[K                                                                                                                                                                                                                                                                                                                        
[37.149s]       | [01;35m[K^[m[K
[38.098s] In file included from [01m[K/home/ros2/ros2_learn/cartoros2_ws/src/sllidar_ros2/./sdk/include/rplidar_protocol.h:36[m[K,
[38.098s]                  from [01m[K/home/ros2/ros2_learn/cartoros2_ws/src/sllidar_ros2/./sdk/include/rplidar.h:39[m[K,
[38.098s]                  from [01m[K/home/ros2/ros2_learn/cartoros2_ws/src/sllidar_ros2/sdk/src/sdkcommon.h:49[m[K,
[38.099s]                  from [01m[K/home/ros2/ros2_learn/cartoros2_ws/src/sllidar_ros2/sdk/src/rplidar_driver.cpp:33[m[K:
[38.099s] [01m[K/home/ros2/ros2_learn/cartoros2_ws/src/sllidar_ros2/./sdk/include/sl_lidar_protocol.h:58:16:[m[K [01;35m[Kwarning: [m[KISO C++ forbids zero-size array ‘[01m[Kdata[m[K’ [[01;35m[K-Wpedantic[m[K]
[38.099s]    58 |     sl_u8 data[[01;35m[K0[m[K];
[38.100s]       |                [01;35m[K^[m[K
[38.102s] In file included from [01m[K/home/ros2/ros2_learn/cartoros2_ws/src/sllidar_ros2/./sdk/include/rplidar_cmd.h:36[m[K,
[38.102s]                  from [01m[K/home/ros2/ros2_learn/cartoros2_ws/src/sllidar_ros2/./sdk/include/rplidar.h:40[m[K,
[38.102s]                  from [01m[K/home/ros2/ros2_learn/cartoros2_ws/src/sllidar_ros2/sdk/src/sdkcommon.h:49[m[K,
[38.103s]                  from [01m[K/home/ros2/ros2_learn/cartoros2_ws/src/sllidar_ros2/sdk/src/rplidar_driver.cpp:33[m[K:
[38.104s] [01m[K/home/ros2/ros2_learn/cartoros2_ws/src/sllidar_ros2/./sdk/include/sl_lidar_cmd.h:295:20:[m[K [01;35m[Kwarning: [m[KISO C++ forbids zero-size array ‘[01m[Kpayload[m[K’ [[01;35m[K-Wpedantic[m[K]
[38.104s]   295 |     sl_u8  payload[[01;35m[K0[m[K];
[38.104s]       |                    [01;35m[K^[m[K
[38.645s] [01m[K/home/ros2/ros2_learn/cartoros2_ws/src/sllidar_ros2/sdk/src/rplidar_driver.cpp:[m[K In member function ‘[01m[Ku_result rp::standalone::rplidar::RPlidarDriver::connect(const char*, _u32, _u32)[m[K’:
[38.648s] [01m[K/home/ros2/ros2_learn/cartoros2_ws/src/sllidar_ros2/sdk/src/rplidar_driver.cpp:67:77:[m[K [01;35m[Kwarning: [m[Kunused parameter ‘[01m[Kflag[m[K’ [[01;35m[K-Wunused-parameter[m[K]
[38.648s]    67 | lidarDriver::connect(const char *path, _u32 portOrBaud, [01;35m[K_u32 flag[m[K)
[38.648s]       |                                                         [01;35m[K~~~~~^~~~[m[K
[38.648s] 
[38.649s] [01m[K/home/ros2/ros2_learn/cartoros2_ws/src/sllidar_ros2/sdk/src/rplidar_driver.cpp:[m[K In member function ‘[01m[Ku_result rp::standalone::rplidar::RPlidarDriver::reset(_u32)[m[K’:
[38.649s] [01m[K/home/ros2/ros2_learn/cartoros2_ws/src/sllidar_ros2/sdk/src/rplidar_driver.cpp:101:40:[m[K [01;35m[Kwarning: [m[Kunused parameter ‘[01m[Ktimeout[m[K’ [[01;35m[K-Wunused-parameter[m[K]
[38.649s]   101 |     u_result RPlidarDriver::reset([01;35m[K_u32 timeout[m[K)
[38.649s]       |                                   [01;35m[K~~~~~^~~~~~~[m[K
[38.651s] [01m[K/home/ros2/ros2_learn/cartoros2_ws/src/sllidar_ros2/sdk/src/rplidar_driver.cpp:[m[K In member function ‘[01m[Ku_result rp::standalone::rplidar::RPlidarDriver::getScanDataWithInterval(rplidar_response_measurement_node_t*, size_t&)[m[K’:
[38.651s] [01m[K/home/ros2/ros2_learn/cartoros2_ws/src/sllidar_ros2/sdk/src/rplidar_driver.cpp:175:91:[m[K [01;35m[Kwarning: [m[Kunused parameter ‘[01m[Knodebuffer[m[K’ [[01;35m[K-Wunused-parameter[m[K]
[38.651s]   175 | etScanDataWithInterval([01;35m[Krplidar_response_measurement_node_t * nodebuffer[m[K, size_t & count)
[38.652s]       |                        [01;35m[K~~~~~~~~~~~~~~~~~~~~~~~~~~~~~~~~~~~~~~^~~~~~~~~~[m[K
[38.652s] 
[38.652s] [01m[K/home/ros2/ros2_learn/cartoros2_ws/src/sllidar_ros2/sdk/src/rplidar_driver.cpp:175:112:[m[K [01;35m[Kwarning: [m[Kunused parameter ‘[01m[Kcount[m[K’ [[01;35m[K-Wunused-parameter[m[K]
[38.653s]   175 | l(rplidar_response_measurement_node_t * nodebuffer, [01;35m[Ksize_t & count[m[K)
[38.653s]       |                                                     [01;35m[K~~~~~~~~~^~~~~[m[K
[38.653s] 
[39.221s] [ 42%] [32mBuilding CXX object CMakeFiles/sllidar_node.dir/sdk/src/sl_crc.cpp.o[0m
[39.242s] In file included from [01m[K/home/ros2/ros2_learn/cartoros2_ws/src/sllidar_ros2/./sdk/include/sl_lidar_cmd.h:36[m[K,
[39.242s]                  from [01m[K/home/ros2/ros2_learn/cartoros2_ws/src/sllidar_ros2/./sdk/include/sl_crc.h:36[m[K,
[39.242s]                  from [01m[K/home/ros2/ros2_learn/cartoros2_ws/src/sllidar_ros2/sdk/src/sl_crc.cpp:33[m[K:
[39.242s] [01m[K/home/ros2/ros2_learn/cartoros2_ws/src/sllidar_ros2/./sdk/include/sl_lidar_protocol.h:58:16:[m[K [01;35m[Kwarning: [m[KISO C++ forbids zero-size array ‘[01m[Kdata[m[K’ [[01;35m[K-Wpedantic[m[K]
[39.243s]    58 |     sl_u8 data[[01;35m[K0[m[K];
[39.243s]       |                [01;35m[K^[m[K
[39.244s] In file included from [01m[K/home/ros2/ros2_learn/cartoros2_ws/src/sllidar_ros2/./sdk/include/sl_crc.h:36[m[K,
[39.244s]                  from [01m[K/home/ros2/ros2_learn/cartoros2_ws/src/sllidar_ros2/sdk/src/sl_crc.cpp:33[m[K:
[39.244s] [01m[K/home/ros2/ros2_learn/cartoros2_ws/src/sllidar_ros2/./sdk/include/sl_lidar_cmd.h:295:20:[m[K [01;35m[Kwarning: [m[KISO C++ forbids zero-size array ‘[01m[Kpayload[m[K’ [[01;35m[K-Wpedantic[m[K]
[39.244s]   295 |     sl_u8  payload[[01;35m[K0[m[K];
[39.244s]       |                    [01;35m[K^[m[K
[39.246s] [01m[K/home/ros2/ros2_learn/cartoros2_ws/src/sllidar_ros2/sdk/src/sl_crc.cpp:[m[K In function ‘[01m[Ksl_u32 sl::crc32::cal(sl_u32, void*, sl_u16)[m[K’:
[39.247s] [01m[K/home/ros2/ros2_learn/cartoros2_ws/src/sllidar_ros2/sdk/src/sl_crc.cpp:77:29:[m[K [01;35m[Kwarning: [m[Ksuggest parentheses around ‘[01m[K-[m[K’ in operand of ‘[01m[K&[m[K’ [[01;35m[K-Wparentheses[m[K]
[39.247s]    77 |         sl_u8 leftBytes = [01;35m[K4 - len[m[K & 0x3;
[39.247s]       |                           [01;35m[K~~^~~~~[m[K
[39.299s] [ 50%] [32mBuilding CXX object CMakeFiles/sllidar_node.dir/sdk/src/sl_lidar_driver.cpp.o[0m
[39.501s] In file included from [01m[K/home/ros2/ros2_learn/cartoros2_ws/src/sllidar_ros2/sdk/src/sdkcommon.h:47[m[K,
[39.501s]                  from [01m[K/home/ros2/ros2_learn/cartoros2_ws/src/sllidar_ros2/sdk/src/sl_lidar_driver.cpp:33[m[K:
[39.501s] [01m[K/home/ros2/ros2_learn/cartoros2_ws/src/sllidar_ros2/sdk/src/hal/assert.h:1:1:[m[K [01;35m[Kwarning: [m[Knull character(s) ignored
[39.502s]     1 | [01;35m[K [m[K                                                                                                                                                                                                                                                                                                                        
[39.502s]       | [01;35m[K^[m[K
[39.540s] In file included from [01m[K/home/ros2/ros2_learn/cartoros2_ws/src/sllidar_ros2/sdk/src/sl_lidar_driver.cpp:37[m[K:
[39.540s] [01m[K/home/ros2/ros2_learn/cartoros2_ws/src/sllidar_ros2/sdk/src/hal/assert.h:1:1:[m[K [01;35m[Kwarning: [m[Knull character(s) ignored
[39.540s]     1 | [01;35m[K [m[K                                                                                                                                                                                                                                                                                                                        
[39.540s]       | [01;35m[K^[m[K
[40.054s] In file included from [01m[K/home/ros2/ros2_learn/cartoros2_ws/src/sllidar_ros2/./sdk/include/rplidar_protocol.h:36[m[K,
[40.054s]                  from [01m[K/home/ros2/ros2_learn/cartoros2_ws/src/sllidar_ros2/./sdk/include/rplidar.h:39[m[K,
[40.055s]                  from [01m[K/home/ros2/ros2_learn/cartoros2_ws/src/sllidar_ros2/sdk/src/sdkcommon.h:49[m[K,
[40.055s]                  from [01m[K/home/ros2/ros2_learn/cartoros2_ws/src/sllidar_ros2/sdk/src/sl_lidar_driver.cpp:33[m[K:
[40.055s] [01m[K/home/ros2/ros2_learn/cartoros2_ws/src/sllidar_ros2/./sdk/include/sl_lidar_protocol.h:58:16:[m[K [01;35m[Kwarning: [m[KISO C++ forbids zero-size array ‘[01m[Kdata[m[K’ [[01;35m[K-Wpedantic[m[K]
[40.055s]    58 |     sl_u8 data[[01;35m[K0[m[K];
[40.055s]       |                [01;35m[K^[m[K
[40.056s] In file included from [01m[K/home/ros2/ros2_learn/cartoros2_ws/src/sllidar_ros2/./sdk/include/rplidar_cmd.h:36[m[K,
[40.056s]                  from [01m[K/home/ros2/ros2_learn/cartoros2_ws/src/sllidar_ros2/./sdk/include/rplidar.h:40[m[K,
[40.057s]                  from [01m[K/home/ros2/ros2_learn/cartoros2_ws/src/sllidar_ros2/sdk/src/sdkcommon.h:49[m[K,
[40.057s]                  from [01m[K/home/ros2/ros2_learn/cartoros2_ws/src/sllidar_ros2/sdk/src/sl_lidar_driver.cpp:33[m[K:
[40.057s] [01m[K/home/ros2/ros2_learn/cartoros2_ws/src/sllidar_ros2/./sdk/include/sl_lidar_cmd.h:295:20:[m[K [01;35m[Kwarning: [m[KISO C++ forbids zero-size array ‘[01m[Kpayload[m[K’ [[01;35m[K-Wpedantic[m[K]
[40.057s]   295 |     sl_u8  payload[[01;35m[K0[m[K];
[40.057s]       |                    [01;35m[K^[m[K
[40.737s] [01m[K/home/ros2/ros2_learn/cartoros2_ws/src/sllidar_ros2/sdk/src/sl_lidar_driver.cpp:[m[K In member function ‘[01m[Kvirtual sl_result sl::SlamtecLidarDriver::reset(sl_u32)[m[K’:
[40.739s] [01m[K/home/ros2/ros2_learn/cartoros2_ws/src/sllidar_ros2/sdk/src/sl_lidar_driver.cpp:273:32:[m[K [01;35m[Kwarning: [m[Kunused parameter ‘[01m[KtimeoutInMs[m[K’ [[01;35m[K-Wunused-parameter[m[K]
[40.740s]   273 |         sl_result reset([01;35m[Ksl_u32 timeoutInMs = DEFAULT_TIMEOUT[m[K)
[40.740s]       |                         [01;35m[K~~~~~~~^~~~~~~~~~~~~~~~~~~~~~~~~~~~~[m[K
[40.743s] [01m[K/home/ros2/ros2_learn/cartoros2_ws/src/sllidar_ros2/sdk/src/sl_lidar_driver.cpp:[m[K In member function ‘[01m[Kvirtual sl_result sl::SlamtecLidarDriver::getAllSupportedScanModes(std::vector<sl::LidarScanMode>&, sl_u32)[m[K’:
[40.743s] [01m[K/home/ros2/ros2_learn/cartoros2_ws/src/sllidar_ros2/sdk/src/sl_lidar_driver.cpp:286:89:[m[K [01;35m[Kwarning: [m[Kunused parameter ‘[01m[KtimeoutInMs[m[K’ [[01;35m[K-Wunused-parameter[m[K]
[40.743s]   286 | portedScanModes(std::vector<LidarScanMode>& outModes, [01;35m[Ksl_u32 timeoutInMs = DEFAULT_TIMEOUT[m[K)
[40.743s]       |                                                       [01;35m[K~~~~~~~^~~~~~~~~~~~~~~~~~~~~~~~~~~~~[m[K
[40.743s] 
[40.746s] [01m[K/home/ros2/ros2_learn/cartoros2_ws/src/sllidar_ros2/sdk/src/sl_lidar_driver.cpp:[m[K In member function ‘[01m[Kvirtual sl_result sl::SlamtecLidarDriver::startScan(bool, bool, sl_u32, sl::LidarScanMode*)[m[K’:
[40.748s] [01m[K/home/ros2/ros2_learn/cartoros2_ws/src/sllidar_ros2/sdk/src/sl_lidar_driver.cpp:347:69:[m[K [01;35m[Kwarning: [m[Kunused parameter ‘[01m[Koptions[m[K’ [[01;35m[K-Wunused-parameter[m[K]
[40.751s]   347 |  sl_result startScan(bool force, bool useTypicalScan, [01;35m[Ksl_u32 options = 0[m[K, LidarScanMode* outUsedScanMode = nullptr)
[40.751s]       |                                                       [01;35m[K~~~~~~~^~~~~~~~~~~[m[K
[40.751s] 
[40.766s] [01m[K/home/ros2/ros2_learn/cartoros2_ws/src/sllidar_ros2/sdk/src/sl_lidar_driver.cpp:[m[K In member function ‘[01m[Kvirtual sl_result sl::SlamtecLidarDriver::stop(sl_u32)[m[K’:
[40.767s] [01m[K/home/ros2/ros2_learn/cartoros2_ws/src/sllidar_ros2/sdk/src/sl_lidar_driver.cpp:534:31:[m[K [01;35m[Kwarning: [m[Kunused parameter ‘[01m[Ktimeout[m[K’ [[01;35m[K-Wunused-parameter[m[K]
[40.767s]   534 |         sl_result stop([01;35m[Ksl_u32 timeout = DEFAULT_TIMEOUT[m[K)
[40.767s]       |                        [01;35m[K~~~~~~~^~~~~~~~~~~~~~~~~~~~~~~~~[m[K
[40.767s] [01m[K/home/ros2/ros2_learn/cartoros2_ws/src/sllidar_ros2/sdk/src/sl_lidar_driver.cpp:[m[K In member function ‘[01m[Kvirtual sl_result sl::SlamtecLidarDriver::getDeviceInfo(sl_lidar_response_device_info_t&, sl_u32)[m[K’:
[40.767s] [01m[K/home/ros2/ros2_learn/cartoros2_ws/src/sllidar_ros2/sdk/src/sl_lidar_driver.cpp:579:79:[m[K [01;35m[Kwarning: [m[Kunused parameter ‘[01m[Ktimeout[m[K’ [[01;35m[K-Wunused-parameter[m[K]
[40.767s]   579 |  getDeviceInfo(sl_lidar_response_device_info_t& info, [01;35m[Ksl_u32 timeout = DEFAULT_TIMEOUT[m[K)
[40.767s]       |                                                       [01;35m[K~~~~~~~^~~~~~~~~~~~~~~~~~~~~~~~~[m[K
[40.767s] 
[40.769s] [01m[K/home/ros2/ros2_learn/cartoros2_ws/src/sllidar_ros2/sdk/src/sl_lidar_driver.cpp:[m[K In member function ‘[01m[Kvirtual sl_result sl::SlamtecLidarDriver::checkMotorCtrlSupport(sl::MotorCtrlSupport&, sl_u32)[m[K’:
[40.769s] [01m[K/home/ros2/ros2_learn/cartoros2_ws/src/sllidar_ros2/sdk/src/sl_lidar_driver.cpp:592:76:[m[K [01;35m[Kwarning: [m[Kunused parameter ‘[01m[Ktimeout[m[K’ [[01;35m[K-Wunused-parameter[m[K]
[40.769s]   592 | ult checkMotorCtrlSupport(MotorCtrlSupport & support, [01;35m[Ksl_u32 timeout = DEFAULT_TIMEOUT[m[K)
[40.769s]       |                                                       [01;35m[K~~~~~~~^~~~~~~~~~~~~~~~~~~~~~~~~[m[K
[40.770s] 
[40.770s] [01m[K/home/ros2/ros2_learn/cartoros2_ws/src/sllidar_ros2/sdk/src/sl_lidar_driver.cpp:[m[K In member function ‘[01m[Kvirtual sl_result sl::SlamtecLidarDriver::getFrequency(const sl::LidarScanMode&, const sl_lidar_response_measurement_node_hq_t*, size_t, float&)[m[K’:
[40.770s] [01m[K/home/ros2/ros2_learn/cartoros2_ws/src/sllidar_ros2/sdk/src/sl_lidar_driver.cpp:627:110:[m[K [01;35m[Kwarning: [m[Kunused parameter ‘[01m[Knodes[m[K’ [[01;35m[K-Wunused-parameter[m[K]
[40.770s]   627 | de& scanMode, [01;35m[Kconst sl_lidar_response_measurement_node_hq_t* nodes[m[K, size_t count, float& frequency)
[40.770s]       |               [01;35m[K~~~~~~~~~~~~~~~~~~~~~~~~~~~~~~~~~~~~~~~~~~~~~~~^~~~~[m[K
[40.770s] 
[40.776s] [01m[K/home/ros2/ros2_learn/cartoros2_ws/src/sllidar_ros2/sdk/src/sl_lidar_driver.cpp:[m[K In member function ‘[01m[Kvirtual sl_result sl::SlamtecLidarDriver::getHealth(sl_lidar_response_device_health_t&, sl_u32)[m[K’:
[40.776s] [01m[K/home/ros2/ros2_learn/cartoros2_ws/src/sllidar_ros2/sdk/src/sl_lidar_driver.cpp:640:79:[m[K [01;35m[Kwarning: [m[Kunused parameter ‘[01m[Ktimeout[m[K’ [[01;35m[K-Wunused-parameter[m[K]
[40.776s]   640 |  getHealth(sl_lidar_response_device_health_t& health, [01;35m[Ksl_u32 timeout = DEFAULT_TIMEOUT[m[K)
[40.776s]       |                                                       [01;35m[K~~~~~~~^~~~~~~~~~~~~~~~~~~~~~~~~[m[K
[40.777s] 
[40.777s] [01m[K/home/ros2/ros2_learn/cartoros2_ws/src/sllidar_ros2/sdk/src/sl_lidar_driver.cpp:[m[K In member function ‘[01m[Kvirtual sl_result sl::SlamtecLidarDriver::getMotorInfo(sl::LidarMotorInfo&, sl_u32)[m[K’:
[40.777s] [01m[K/home/ros2/ros2_learn/cartoros2_ws/src/sllidar_ros2/sdk/src/sl_lidar_driver.cpp:730:66:[m[K [01;35m[Kwarning: [m[Kunused parameter ‘[01m[KtimeoutInMs[m[K’ [[01;35m[K-Wunused-parameter[m[K]
[40.777s]   730 |         sl_result getMotorInfo(LidarMotorInfo &motorInfo, [01;35m[Ksl_u32 timeoutInMs[m[K)
[40.777s]       |                                                           [01;35m[K~~~~~~~^~~~~~~~~~~[m[K
[40.808s] [01m[K/home/ros2/ros2_learn/cartoros2_ws/src/sllidar_ros2/sdk/src/sl_lidar_driver.cpp:[m[K In member function ‘[01m[Ksl_result sl::SlamtecLidarDriver::_sendCommand(sl_u16, const void*, size_t)[m[K’:
[40.808s] [01m[K/home/ros2/ros2_learn/cartoros2_ws/src/sllidar_ros2/sdk/src/sl_lidar_driver.cpp:1089:35:[m[K [01;35m[Kwarning: [m[Kcomparison of integer expressions of different signedness: ‘[01m[Kint[m[K’ and ‘[01m[Kstd::vector<unsigned char>::size_type[m[K’ {aka ‘[01m[Klong unsigned int[m[K’} [[01;35m[K-Wsign-compare[m[K]
[40.809s]  1089 |             for (int pos = 0; [01;35m[Kpos < cmd_packet.size()[m[K; pos++) {
[40.809s]       |                               [01;35m[K~~~~^~~~~~~~~~~~~~~~~~~[m[K
[40.809s] [01m[K/home/ros2/ros2_learn/cartoros2_ws/src/sllidar_ros2/sdk/src/sl_lidar_driver.cpp:1058:19:[m[K [01;35m[Kwarning: [m[Kunused variable ‘[01m[Kpkt_header[m[K’ [[01;35m[K-Wunused-variable[m[K]
[40.809s]  1058 |             sl_u8 [01;35m[Kpkt_header[m[K[10];
[40.809s]       |                   [01;35m[K^~~~~~~~~~[m[K
[40.818s] [01m[K/home/ros2/ros2_learn/cartoros2_ws/src/sllidar_ros2/sdk/src/sl_lidar_driver.cpp:[m[K In member function ‘[01m[Kvoid sl::SlamtecLidarDriver::_ultraCapsuleToNormal(const sl_lidar_response_ultra_capsule_measurement_nodes_t&, sl_lidar_response_measurement_node_hq_t*, size_t&)[m[K’:
[40.818s] [01m[K/home/ros2/ros2_learn/cartoros2_ws/src/sllidar_ros2/sdk/src/sl_lidar_driver.cpp:1370:40:[m[K [01;35m[Kwarning: [m[Kcomparison of integer expressions of different signedness: ‘[01m[Kint[m[K’ and ‘[01m[Kunsigned int[m[K’ [[01;35m[K-Wsign-compare[m[K]
[40.821s]  1370 |                     if (([01;35m[Kdist_predict1 == 0xFFFFFE00[m[K) || (dist_predict1 == 0x1FF)) {
[40.821s]       |                          [01;35m[K~~~~~~~~~~~~~~^~~~~~~~~~~~~[m[K
[40.821s] [01m[K/home/ros2/ros2_learn/cartoros2_ws/src/sllidar_ros2/sdk/src/sl_lidar_driver.cpp:1379:40:[m[K [01;35m[Kwarning: [m[Kcomparison of integer expressions of different signedness: ‘[01m[Kint[m[K’ and ‘[01m[Kunsigned int[m[K’ [[01;35m[K-Wsign-compare[m[K]
[40.822s]  1379 |                     if (([01;35m[Kdist_predict2 == 0xFFFFFE00[m[K) || (dist_predict2 == 0x1FF)) {
[40.822s]       |                          [01;35m[K~~~~~~~~~~~~~~^~~~~~~~~~~~~[m[K
[40.835s] [01m[K/home/ros2/ros2_learn/cartoros2_ws/src/sllidar_ros2/sdk/src/sl_lidar_driver.cpp:[m[K In member function ‘[01m[Kvoid sl::SlamtecLidarDriver::_dense_capsuleToNormal(const sl_lidar_response_capsule_measurement_nodes_t&, sl_lidar_response_measurement_node_hq_t*, size_t&)[m[K’:
[40.842s] [01m[K/home/ros2/ros2_learn/cartoros2_ws/src/sllidar_ros2/sdk/src/sl_lidar_driver.cpp:1577:116:[m[K [01;35m[Kwarning: [m[Ktype qualifiers ignored on cast result type [[01;35m[K-Wignored-qualifiers[m[K]
[40.842s]  1577 |  int>(_cached_previous_dense_capsuledata.cabins[pos].distance[01;35m[K)[m[K;
[40.842s]       |                                                              [01;35m[K^[m[K
[40.842s] 
[41.339s] [01m[K/home/ros2/ros2_learn/cartoros2_ws/src/sllidar_ros2/sdk/src/sl_lidar_driver.cpp:[m[K At global scope:
[41.339s] [01m[K/home/ros2/ros2_learn/cartoros2_ws/src/sllidar_ros2/sdk/src/sl_lidar_driver.cpp:72:17:[m[K [01;35m[Kwarning: [m[K‘[01m[Kvoid sl::convert(const sl_lidar_response_measurement_node_hq_t&, sl_lidar_response_measurement_node_t&)[m[K’ defined but not used [[01;35m[K-Wunused-function[m[K]
[41.339s]    72 |     static void [01;35m[Kconvert[m[K(const sl_lidar_response_measurement_node_hq_t& from, sl_lidar_response_measurement_node_t& to)
[41.339s]       |                 [01;35m[K^~~~~~~[m[K
[41.339s] [01m[K/home/ros2/ros2_learn/cartoros2_ws/src/sllidar_ros2/sdk/src/sl_lidar_driver.cpp:59:17:[m[K [01;35m[Kwarning: [m[K‘[01m[Kvoid sl::printDeprecationWarn(const char*, const char*)[m[K’ defined but not used [[01;35m[K-Wunused-function[m[K]
[41.339s]    59 |     static void [01;35m[KprintDeprecationWarn[m[K(const char* fn, const char* replacement)
[41.339s]       |                 [01;35m[K^~~~~~~~~~~~~~~~~~~~[m[K
[42.504s] [ 57%] [32mBuilding CXX object CMakeFiles/sllidar_node.dir/sdk/src/sl_serial_channel.cpp.o[0m
[42.554s] [01m[K/home/ros2/ros2_learn/cartoros2_ws/src/sllidar_ros2/sdk/src/sl_serial_channel.cpp:33:9:[m[K [01;35m[Kwarning: [m[K#pragma once in main file
[42.554s]    33 | #pragma [01;35m[Konce[m[K
[42.554s]       |         [01;35m[K^~~~[m[K
[43.999s] In file included from [01m[K/home/ros2/ros2_learn/cartoros2_ws/src/sllidar_ros2/./sdk/include/sl_lidar_cmd.h:36[m[K,
[43.999s]                  from [01m[K/home/ros2/ros2_learn/cartoros2_ws/src/sllidar_ros2/./sdk/include/sl_lidar_driver.h:54[m[K,
[44.000s]                  from [01m[K/home/ros2/ros2_learn/cartoros2_ws/src/sllidar_ros2/sdk/src/sl_serial_channel.cpp:34[m[K:
[44.001s] [01m[K/home/ros2/ros2_learn/cartoros2_ws/src/sllidar_ros2/./sdk/include/sl_lidar_protocol.h:58:16:[m[K [01;35m[Kwarning: [m[KISO C++ forbids zero-size array ‘[01m[Kdata[m[K’ [[01;35m[K-Wpedantic[m[K]
[44.001s]    58 |     sl_u8 data[[01;35m[K0[m[K];
[44.001s]       |                [01;35m[K^[m[K
[44.001s] In file included from [01m[K/home/ros2/ros2_learn/cartoros2_ws/src/sllidar_ros2/./sdk/include/sl_lidar_driver.h:54[m[K,
[44.002s]                  from [01m[K/home/ros2/ros2_learn/cartoros2_ws/src/sllidar_ros2/sdk/src/sl_serial_channel.cpp:34[m[K:
[44.004s] [01m[K/home/ros2/ros2_learn/cartoros2_ws/src/sllidar_ros2/./sdk/include/sl_lidar_cmd.h:295:20:[m[K [01;35m[Kwarning: [m[KISO C++ forbids zero-size array ‘[01m[Kpayload[m[K’ [[01;35m[K-Wpedantic[m[K]
[44.004s]   295 |     sl_u8  payload[[01;35m[K0[m[K];
[44.004s]       |                    [01;35m[K^[m[K
[44.414s] [ 64%] [32mBuilding CXX object CMakeFiles/sllidar_node.dir/sdk/src/sl_tcp_channel.cpp.o[0m
[44.475s] [01m[K/home/ros2/ros2_learn/cartoros2_ws/src/sllidar_ros2/sdk/src/sl_tcp_channel.cpp:33:9:[m[K [01;35m[Kwarning: [m[K#pragma once in main file
[44.476s]    33 | #pragma [01;35m[Konce[m[K
[44.476s]       |         [01;35m[K^~~~[m[K
[45.460s] In file included from [01m[K/home/ros2/ros2_learn/cartoros2_ws/src/sllidar_ros2/./sdk/include/sl_lidar_cmd.h:36[m[K,
[45.460s]                  from [01m[K/home/ros2/ros2_learn/cartoros2_ws/src/sllidar_ros2/./sdk/include/sl_lidar_driver.h:54[m[K,
[45.460s]                  from [01m[K/home/ros2/ros2_learn/cartoros2_ws/src/sllidar_ros2/sdk/src/sl_tcp_channel.cpp:34[m[K:
[45.461s] [01m[K/home/ros2/ros2_learn/cartoros2_ws/src/sllidar_ros2/./sdk/include/sl_lidar_protocol.h:58:16:[m[K [01;35m[Kwarning: [m[KISO C++ forbids zero-size array ‘[01m[Kdata[m[K’ [[01;35m[K-Wpedantic[m[K]
[45.461s]    58 |     sl_u8 data[[01;35m[K0[m[K];
[45.461s]       |                [01;35m[K^[m[K
[45.484s] In file included from [01m[K/home/ros2/ros2_learn/cartoros2_ws/src/sllidar_ros2/./sdk/include/sl_lidar_driver.h:54[m[K,
[45.484s]                  from [01m[K/home/ros2/ros2_learn/cartoros2_ws/src/sllidar_ros2/sdk/src/sl_tcp_channel.cpp:34[m[K:
[45.484s] [01m[K/home/ros2/ros2_learn/cartoros2_ws/src/sllidar_ros2/./sdk/include/sl_lidar_cmd.h:295:20:[m[K [01;35m[Kwarning: [m[KISO C++ forbids zero-size array ‘[01m[Kpayload[m[K’ [[01;35m[K-Wpedantic[m[K]
[45.485s]   295 |     sl_u8  payload[[01;35m[K0[m[K];
[45.485s]       |                    [01;35m[K^[m[K
[45.510s] [01m[K/home/ros2/ros2_learn/cartoros2_ws/src/sllidar_ros2/sdk/src/sl_tcp_channel.cpp:[m[K In member function ‘[01m[Kvoid sl::TcpChannel::setStatus(_u32)[m[K’:
[45.510s] [01m[K/home/ros2/ros2_learn/cartoros2_ws/src/sllidar_ros2/sdk/src/sl_tcp_channel.cpp:95:29:[m[K [01;35m[Kwarning: [m[Kunused parameter ‘[01m[Kflag[m[K’ [[01;35m[K-Wunused-parameter[m[K]
[45.511s]    95 |         void setStatus([01;35m[K_u32 flag[m[K){}
[45.511s]       |                        [01;35m[K~~~~~^~~~[m[K
[45.926s] [ 71%] [32mBuilding CXX object CMakeFiles/sllidar_node.dir/sdk/src/sl_udp_channel.cpp.o[0m
[46.005s] [01m[K/home/ros2/ros2_learn/cartoros2_ws/src/sllidar_ros2/sdk/src/sl_udp_channel.cpp:33:9:[m[K [01;35m[Kwarning: [m[K#pragma once in main file
[46.007s]    33 | #pragma [01;35m[Konce[m[K
[46.011s]       |         [01;35m[K^~~~[m[K
[47.020s] In file included from [01m[K/home/ros2/ros2_learn/cartoros2_ws/src/sllidar_ros2/./sdk/include/sl_lidar_cmd.h:36[m[K,
[47.021s]                  from [01m[K/home/ros2/ros2_learn/cartoros2_ws/src/sllidar_ros2/./sdk/include/sl_lidar_driver.h:54[m[K,
[47.023s]                  from [01m[K/home/ros2/ros2_learn/cartoros2_ws/src/sllidar_ros2/sdk/src/sl_udp_channel.cpp:34[m[K:
[47.024s] [01m[K/home/ros2/ros2_learn/cartoros2_ws/src/sllidar_ros2/./sdk/include/sl_lidar_protocol.h:58:16:[m[K [01;35m[Kwarning: [m[KISO C++ forbids zero-size array ‘[01m[Kdata[m[K’ [[01;35m[K-Wpedantic[m[K]
[47.024s]    58 |     sl_u8 data[[01;35m[K0[m[K];
[47.024s]       |                [01;35m[K^[m[K
[47.024s] In file included from [01m[K/home/ros2/ros2_learn/cartoros2_ws/src/sllidar_ros2/./sdk/include/sl_lidar_driver.h:54[m[K,
[47.025s]                  from [01m[K/home/ros2/ros2_learn/cartoros2_ws/src/sllidar_ros2/sdk/src/sl_udp_channel.cpp:34[m[K:
[47.025s] [01m[K/home/ros2/ros2_learn/cartoros2_ws/src/sllidar_ros2/./sdk/include/sl_lidar_cmd.h:295:20:[m[K [01;35m[Kwarning: [m[KISO C++ forbids zero-size array ‘[01m[Kpayload[m[K’ [[01;35m[K-Wpedantic[m[K]
[47.025s]   295 |     sl_u8  payload[[01;35m[K0[m[K];
[47.025s]       |                    [01;35m[K^[m[K
[47.035s] [01m[K/home/ros2/ros2_learn/cartoros2_ws/src/sllidar_ros2/sdk/src/sl_udp_channel.cpp:[m[K In member function ‘[01m[Kvoid sl::UdpChannel::setStatus(_u32)[m[K’:
[47.035s] [01m[K/home/ros2/ros2_learn/cartoros2_ws/src/sllidar_ros2/sdk/src/sl_udp_channel.cpp:103:29:[m[K [01;35m[Kwarning: [m[Kunused parameter ‘[01m[Kflag[m[K’ [[01;35m[K-Wunused-parameter[m[K]
[47.036s]   103 |         void setStatus([01;35m[K_u32 flag[m[K){}
[47.036s]       |                        [01;35m[K~~~~~^~~~[m[K
[47.450s] [ 78%] [32mBuilding CXX object CMakeFiles/sllidar_node.dir/sdk/src/arch/linux/net_serial.cpp.o[0m
[48.993s] [01m[K/home/ros2/ros2_learn/cartoros2_ws/src/sllidar_ros2/sdk/src/arch/linux/net_serial.cpp:[m[K In member function ‘[01m[Kbool rp::arch::net::raw_serial::open(const char*, uint32_t, uint32_t)[m[K’:
[48.993s] [01m[K/home/ros2/ros2_learn/cartoros2_ws/src/sllidar_ros2/sdk/src/arch/linux/net_serial.cpp:97:74:[m[K [01;35m[Kwarning: [m[Kunused parameter ‘[01m[Kflags[m[K’ [[01;35m[K-Wunused-parameter[m[K]
[48.994s]    97 | ial::open(const char * portname, uint32_t baudrate, [01;35m[Kuint32_t flags[m[K)
[48.994s]       |                                                     [01;35m[K~~~~~~~~~^~~~~[m[K
[48.994s] 
[48.996s] [01m[K/home/ros2/ros2_learn/cartoros2_ws/src/sllidar_ros2/sdk/src/arch/linux/net_serial.cpp:[m[K In member function ‘[01m[Kvirtual void rp::arch::net::raw_serial::flush(_u32)[m[K’:
[48.997s] [01m[K/home/ros2/ros2_learn/cartoros2_ws/src/sllidar_ros2/sdk/src/arch/linux/net_serial.cpp:281:30:[m[K [01;35m[Kwarning: [m[Kunused parameter ‘[01m[Kflags[m[K’ [[01;35m[K-Wunused-parameter[m[K]
[48.997s]   281 | void raw_serial::flush( [01;35m[K_u32 flags[m[K)
[48.998s]       |                         [01;35m[K~~~~~^~~~~[m[K
[48.999s] [01m[K/home/ros2/ros2_learn/cartoros2_ws/src/sllidar_ros2/sdk/src/arch/linux/net_serial.cpp:[m[K In member function ‘[01m[Kvirtual int rp::arch::net::raw_serial::waitforsent(_u32, size_t*)[m[K’:
[48.999s] [01m[K/home/ros2/ros2_learn/cartoros2_ws/src/sllidar_ros2/sdk/src/arch/linux/net_serial.cpp:286:34:[m[K [01;35m[Kwarning: [m[Kunused parameter ‘[01m[Ktimeout[m[K’ [[01;35m[K-Wunused-parameter[m[K]
[48.999s]   286 | int raw_serial::waitforsent([01;35m[K_u32 timeout[m[K, size_t * returned_size)
[49.000s]       |                             [01;35m[K~~~~~^~~~~~~[m[K
[49.001s] [01m[K/home/ros2/ros2_learn/cartoros2_ws/src/sllidar_ros2/sdk/src/arch/linux/net_serial.cpp:[m[K In member function ‘[01m[Kvirtual int rp::arch::net::raw_serial::waitforrecv(_u32, size_t*)[m[K’:
[49.001s] [01m[K/home/ros2/ros2_learn/cartoros2_ws/src/sllidar_ros2/sdk/src/arch/linux/net_serial.cpp:292:34:[m[K [01;35m[Kwarning: [m[Kunused parameter ‘[01m[Ktimeout[m[K’ [[01;35m[K-Wunused-parameter[m[K]
[49.002s]   292 | int raw_serial::waitforrecv([01;35m[K_u32 timeout[m[K, size_t * returned_size)
[49.002s]       |                             [01;35m[K~~~~~^~~~~~~[m[K
[49.520s] [ 85%] [32m[1mLinking CXX executable sllidar_node[0m
[50.498s] [ 85%] Built target sllidar_node
[50.589s] [35m[1mScanning dependencies of target sllidar_client[0m
[50.772s] [ 92%] [32mBuilding CXX object CMakeFiles/sllidar_client.dir/src/sllidar_client.cpp.o[0m
[90.721s] [100%] [32m[1mLinking CXX executable sllidar_client[0m
[92.354s] [100%] Built target sllidar_client
[92.434s] Invoked command in '/home/ros2/ros2_learn/cartoros2_ws/build/sllidar_ros2' returned '0': CMAKE_PREFIX_PATH=/opt/ros/galactic /usr/bin/cmake --build /home/ros2/ros2_learn/cartoros2_ws/build/sllidar_ros2 -- -j4 -l4
[92.740s] Invoking command in '/home/ros2/ros2_learn/cartoros2_ws/build/sllidar_ros2': CMAKE_PREFIX_PATH=/opt/ros/galactic /usr/bin/cmake --install /home/ros2/ros2_learn/cartoros2_ws/build/sllidar_ros2
[92.793s] -- Install configuration: ""
[92.793s] -- Installing: /home/ros2/ros2_learn/cartoros2_ws/install/sllidar_ros2/share/sllidar_ros2/launch
[92.793s] -- Installing: /home/ros2/ros2_learn/cartoros2_ws/install/sllidar_ros2/share/sllidar_ros2/launch/view_sllidar_s1_launch.py
[92.793s] -- Installing: /home/ros2/ros2_learn/cartoros2_ws/install/sllidar_ros2/share/sllidar_ros2/launch/sllidar_t1_launch.py
[92.793s] -- Installing: /home/ros2/ros2_learn/cartoros2_ws/install/sllidar_ros2/share/sllidar_ros2/launch/sllidar_s2_launch.py
[92.793s] -- Installing: /home/ros2/ros2_learn/cartoros2_ws/install/sllidar_ros2/share/sllidar_ros2/launch/sllidar_s1_tcp_launch.py
[92.794s] -- Installing: /home/ros2/ros2_learn/cartoros2_ws/install/sllidar_ros2/share/sllidar_ros2/launch/view_sllidar_t1_launch.py
[92.794s] -- Installing: /home/ros2/ros2_learn/cartoros2_ws/install/sllidar_ros2/share/sllidar_ros2/launch/sllidar_launch.py
[92.794s] -- Installing: /home/ros2/ros2_learn/cartoros2_ws/install/sllidar_ros2/share/sllidar_ros2/launch/gmapping_s2_launch.py
[92.794s] -- Installing: /home/ros2/ros2_learn/cartoros2_ws/install/sllidar_ros2/share/sllidar_ros2/launch/view_sllidar_a3_launch.py
[92.794s] -- Installing: /home/ros2/ros2_learn/cartoros2_ws/install/sllidar_ros2/share/sllidar_ros2/launch/view_sllidar_s2_launch.py
[92.794s] -- Installing: /home/ros2/ros2_learn/cartoros2_ws/install/sllidar_ros2/share/sllidar_ros2/launch/gmapping_launch.py
[92.794s] -- Installing: /home/ros2/ros2_learn/cartoros2_ws/install/sllidar_ros2/share/sllidar_ros2/launch/sllidar_s1_launch.py
[92.794s] -- Installing: /home/ros2/ros2_learn/cartoros2_ws/install/sllidar_ros2/share/sllidar_ros2/launch/sllidar_a3_launch.py
[92.795s] -- Installing: /home/ros2/ros2_learn/cartoros2_ws/install/sllidar_ros2/share/sllidar_ros2/launch/view_sllidar_launch.py
[92.795s] -- Installing: /home/ros2/ros2_learn/cartoros2_ws/install/sllidar_ros2/share/sllidar_ros2/launch/view_sllidar_s1_tcp_launch.py
[92.795s] -- Installing: /home/ros2/ros2_learn/cartoros2_ws/install/sllidar_ros2/share/sllidar_ros2/rviz
[92.795s] -- Installing: /home/ros2/ros2_learn/cartoros2_ws/install/sllidar_ros2/share/sllidar_ros2/rviz/sllidar_ros2.rviz
[92.795s] -- Installing: /home/ros2/ros2_learn/cartoros2_ws/install/sllidar_ros2/share/sllidar_ros2/rviz/sllidar_gmapping_ros2.rviz
[92.795s] -- Installing: /home/ros2/ros2_learn/cartoros2_ws/install/sllidar_ros2/lib/sllidar_ros2/sllidar_node
[92.795s] -- Set runtime path of "/home/ros2/ros2_learn/cartoros2_ws/install/sllidar_ros2/lib/sllidar_ros2/sllidar_node" to ""
[92.796s] -- Installing: /home/ros2/ros2_learn/cartoros2_ws/install/sllidar_ros2/lib/sllidar_ros2/sllidar_client
[92.799s] -- Set runtime path of "/home/ros2/ros2_learn/cartoros2_ws/install/sllidar_ros2/lib/sllidar_ros2/sllidar_client" to ""
[92.800s] -- Installing: /home/ros2/ros2_learn/cartoros2_ws/install/sllidar_ros2/share/ament_index/resource_index/package_run_dependencies/sllidar_ros2
[92.803s] -- Installing: /home/ros2/ros2_learn/cartoros2_ws/install/sllidar_ros2/share/ament_index/resource_index/parent_prefix_path/sllidar_ros2
[92.803s] -- Installing: /home/ros2/ros2_learn/cartoros2_ws/install/sllidar_ros2/share/sllidar_ros2/environment/ament_prefix_path.sh
[92.803s] -- Installing: /home/ros2/ros2_learn/cartoros2_ws/install/sllidar_ros2/share/sllidar_ros2/environment/ament_prefix_path.dsv
[92.807s] -- Installing: /home/ros2/ros2_learn/cartoros2_ws/install/sllidar_ros2/share/sllidar_ros2/environment/path.sh
[92.807s] -- Installing: /home/ros2/ros2_learn/cartoros2_ws/install/sllidar_ros2/share/sllidar_ros2/environment/path.dsv
[92.807s] -- Installing: /home/ros2/ros2_learn/cartoros2_ws/install/sllidar_ros2/share/sllidar_ros2/local_setup.bash
[92.807s] -- Installing: /home/ros2/ros2_learn/cartoros2_ws/install/sllidar_ros2/share/sllidar_ros2/local_setup.sh
[92.807s] -- Installing: /home/ros2/ros2_learn/cartoros2_ws/install/sllidar_ros2/share/sllidar_ros2/local_setup.zsh
[92.807s] -- Installing: /home/ros2/ros2_learn/cartoros2_ws/install/sllidar_ros2/share/sllidar_ros2/local_setup.dsv
[92.807s] -- Installing: /home/ros2/ros2_learn/cartoros2_ws/install/sllidar_ros2/share/sllidar_ros2/package.dsv
[92.829s] -- Installing: /home/ros2/ros2_learn/cartoros2_ws/install/sllidar_ros2/share/ament_index/resource_index/packages/sllidar_ros2
[92.830s] -- Installing: /home/ros2/ros2_learn/cartoros2_ws/install/sllidar_ros2/share/sllidar_ros2/cmake/ament_cmake_export_dependencies-extras.cmake
[92.831s] -- Installing: /home/ros2/ros2_learn/cartoros2_ws/install/sllidar_ros2/share/sllidar_ros2/cmake/ament_cmake_export_include_directories-extras.cmake
[92.831s] -- Installing: /home/ros2/ros2_learn/cartoros2_ws/install/sllidar_ros2/share/sllidar_ros2/cmake/sllidar_ros2Config.cmake
[92.832s] -- Installing: /home/ros2/ros2_learn/cartoros2_ws/install/sllidar_ros2/share/sllidar_ros2/cmake/sllidar_ros2Config-version.cmake
[92.832s] -- Installing: /home/ros2/ros2_learn/cartoros2_ws/install/sllidar_ros2/share/sllidar_ros2/package.xml
[92.842s] Invoked command in '/home/ros2/ros2_learn/cartoros2_ws/build/sllidar_ros2' returned '0': CMAKE_PREFIX_PATH=/opt/ros/galactic /usr/bin/cmake --install /home/ros2/ros2_learn/cartoros2_ws/build/sllidar_ros2
