[0.030s] Invoking command in '/home/ros2/ros2_learn/fishbot_ws/build/nav2_amcl': AMENT_PREFIX_PATH=/home/ros2/ros2_learn/fishbot_ws/install/nav2_util:/home/ros2/ros2_learn/fishbot_ws/install/nav2_msgs:/home/ros2/ros2_learn/fishbot_ws/install/nav2_common:${AMENT_PREFIX_PATH} CMAKE_PREFIX_PATH=/home/ros2/ros2_learn/fishbot_ws/install/nav2_util:/home/ros2/ros2_learn/fishbot_ws/install/nav2_msgs:/home/ros2/ros2_learn/fishbot_ws/install/nav2_common:/opt/ros/galactic LD_LIBRARY_PATH=/home/ros2/ros2_learn/fishbot_ws/install/nav2_util/lib:/home/ros2/ros2_learn/fishbot_ws/install/nav2_msgs/lib:${LD_LIBRARY_PATH} PYTHONPATH=/home/ros2/ros2_learn/fishbot_ws/install/nav2_msgs/lib/python3.8/site-packages:/home/ros2/ros2_learn/fishbot_ws/install/nav2_common/lib/python3.8/site-packages:${PYTHONPATH} /usr/bin/cmake /home/ros2/ros2_learn/fishbot_ws/src/navigation2/nav2_amcl -DCMAKE_INSTALL_PREFIX=/home/ros2/ros2_learn/fishbot_ws/install/nav2_amcl
[0.121s] -- The C compiler identification is GNU 9.4.0
[0.204s] -- The CXX compiler identification is GNU 9.4.0
[0.216s] -- Check for working C compiler: /usr/bin/cc
[0.319s] -- Check for working C compiler: /usr/bin/cc -- works
[0.319s] -- Detecting C compiler ABI info
[0.410s] -- Detecting C compiler ABI info - done
[0.423s] -- Detecting C compile features
[0.423s] -- Detecting C compile features - done
[0.427s] -- Check for working CXX compiler: /usr/bin/c++
[0.538s] -- Check for working CXX compiler: /usr/bin/c++ -- works
[0.538s] -- Detecting CXX compiler ABI info
[0.682s] -- Detecting CXX compiler ABI info - done
[0.688s] -- Detecting CXX compile features
[0.689s] -- Detecting CXX compile features - done
[0.691s] -- Found ament_cmake: 1.1.6 (/opt/ros/galactic/share/ament_cmake/cmake)
[0.722s] -- Found PythonInterp: /usr/bin/python3 (found suitable version "3.8.10", minimum required is "3") 
[0.722s] -- Using PYTHON_EXECUTABLE: /usr/bin/python3
[0.831s] -- Found nav2_common: 1.0.12 (/home/ros2/ros2_learn/fishbot_ws/install/nav2_common/share/nav2_common/cmake)
[0.834s] -- Found rclcpp: 9.2.2 (/opt/ros/galactic/share/rclcpp/cmake)
[0.899s] -- Using all available rosidl_typesupport_c: rosidl_typesupport_fastrtps_c;rosidl_typesupport_introspection_c
[0.907s] -- Found rosidl_adapter: 2.2.3 (/opt/ros/galactic/share/rosidl_adapter/cmake)
[1.019s] -- Found OpenSSL: /usr/lib/x86_64-linux-gnu/libcrypto.so (found version "1.1.1f")  
[1.058s] -- Found FastRTPS: /opt/ros/galactic/include  
[1.170s] -- Using all available rosidl_typesupport_cpp: rosidl_typesupport_fastrtps_cpp;rosidl_typesupport_introspection_cpp
[1.242s] -- Found rmw_implementation_cmake: 3.3.1 (/opt/ros/galactic/share/rmw_implementation_cmake/cmake)
[1.245s] -- Found rmw_cyclonedds_cpp: 0.22.6 (/opt/ros/galactic/share/rmw_cyclonedds_cpp/cmake)
[1.272s] -- Using RMW implementation 'rmw_cyclonedds_cpp' as default
[1.273s] -- Looking for pthread.h
[1.386s] -- Looking for pthread.h - found
[1.387s] -- Performing Test CMAKE_HAVE_LIBC_PTHREAD
[1.502s] -- Performing Test CMAKE_HAVE_LIBC_PTHREAD - Failed
[1.503s] -- Looking for pthread_create in pthreads
[1.578s] -- Looking for pthread_create in pthreads - not found
[1.578s] -- Looking for pthread_create in pthread
[1.722s] -- Looking for pthread_create in pthread - found
[1.723s] -- Found Threads: TRUE  
[1.943s] -- Found rclcpp_lifecycle: 9.2.2 (/opt/ros/galactic/share/rclcpp_lifecycle/cmake)
[1.982s] -- Found message_filters: 3.2.6 (/opt/ros/galactic/share/message_filters/cmake)
[1.998s] -- Found tf2_geometry_msgs: 0.17.5 (/opt/ros/galactic/share/tf2_geometry_msgs/cmake)
[2.057s] -- Found eigen3_cmake_module: 0.1.1 (/opt/ros/galactic/share/eigen3_cmake_module/cmake)
[2.060s] -- Found Eigen3: TRUE (found version "3.3.7") 
[2.704s] -- Found nav_msgs: 2.2.4 (/opt/ros/galactic/share/nav_msgs/cmake)
[2.783s] -- Found sensor_msgs: 2.2.4 (/opt/ros/galactic/share/sensor_msgs/cmake)
[2.892s] -- Found std_srvs: 2.2.4 (/opt/ros/galactic/share/std_srvs/cmake)
[2.915s] -- Found nav2_util: 1.0.12 (/home/ros2/ros2_learn/fishbot_ws/install/nav2_util/share/nav2_util/cmake)
[3.678s] -- Setting build type to Release as none was specified.
[3.687s] -- Looking for drand48
[3.858s] -- Looking for drand48 - found
[5.594s] -- Found ament_lint_auto: 0.10.7 (/opt/ros/galactic/share/ament_lint_auto/cmake)
[5.749s] -- Added test 'cppcheck' to perform static code analysis on C / C++ code
[5.750s] -- Configured cppcheck include dirs: /home/ros2/ros2_learn/fishbot_ws/src/navigation2/nav2_amcl/include;/home/ros2/ros2_learn/fishbot_ws/src/navigation2/nav2_amcl/src/include
[5.750s] -- Configured cppcheck exclude dirs and/or files: 
[5.752s] -- Added test 'lint_cmake' to check CMake code style
[5.756s] -- Added test 'uncrustify' to check C / C++ code style
[5.757s] -- Configured uncrustify additional arguments: 
[5.758s] -- Added test 'xmllint' to check XML markup files
[5.768s] -- Configuring done
[5.936s] -- Generating done
[5.940s] -- Build files have been written to: /home/ros2/ros2_learn/fishbot_ws/build/nav2_amcl
[5.984s] Invoked command in '/home/ros2/ros2_learn/fishbot_ws/build/nav2_amcl' returned '0': AMENT_PREFIX_PATH=/home/ros2/ros2_learn/fishbot_ws/install/nav2_util:/home/ros2/ros2_learn/fishbot_ws/install/nav2_msgs:/home/ros2/ros2_learn/fishbot_ws/install/nav2_common:${AMENT_PREFIX_PATH} CMAKE_PREFIX_PATH=/home/ros2/ros2_learn/fishbot_ws/install/nav2_util:/home/ros2/ros2_learn/fishbot_ws/install/nav2_msgs:/home/ros2/ros2_learn/fishbot_ws/install/nav2_common:/opt/ros/galactic LD_LIBRARY_PATH=/home/ros2/ros2_learn/fishbot_ws/install/nav2_util/lib:/home/ros2/ros2_learn/fishbot_ws/install/nav2_msgs/lib:${LD_LIBRARY_PATH} PYTHONPATH=/home/ros2/ros2_learn/fishbot_ws/install/nav2_msgs/lib/python3.8/site-packages:/home/ros2/ros2_learn/fishbot_ws/install/nav2_common/lib/python3.8/site-packages:${PYTHONPATH} /usr/bin/cmake /home/ros2/ros2_learn/fishbot_ws/src/navigation2/nav2_amcl -DCMAKE_INSTALL_PREFIX=/home/ros2/ros2_learn/fishbot_ws/install/nav2_amcl
[5.986s] Invoking command in '/home/ros2/ros2_learn/fishbot_ws/build/nav2_amcl': AMENT_PREFIX_PATH=/home/ros2/ros2_learn/fishbot_ws/install/nav2_util:/home/ros2/ros2_learn/fishbot_ws/install/nav2_msgs:/home/ros2/ros2_learn/fishbot_ws/install/nav2_common:${AMENT_PREFIX_PATH} CMAKE_PREFIX_PATH=/home/ros2/ros2_learn/fishbot_ws/install/nav2_util:/home/ros2/ros2_learn/fishbot_ws/install/nav2_msgs:/home/ros2/ros2_learn/fishbot_ws/install/nav2_common:/opt/ros/galactic LD_LIBRARY_PATH=/home/ros2/ros2_learn/fishbot_ws/install/nav2_util/lib:/home/ros2/ros2_learn/fishbot_ws/install/nav2_msgs/lib:${LD_LIBRARY_PATH} PYTHONPATH=/home/ros2/ros2_learn/fishbot_ws/install/nav2_msgs/lib/python3.8/site-packages:/home/ros2/ros2_learn/fishbot_ws/install/nav2_common/lib/python3.8/site-packages:${PYTHONPATH} /usr/bin/cmake --build /home/ros2/ros2_learn/fishbot_ws/build/nav2_amcl -- -j4 -l4
[6.058s] [35m[1mScanning dependencies of target map_lib[0m
[6.093s] [  4%] [32mBuilding C object src/map/CMakeFiles/map_lib.dir/map.c.o[0m
[6.197s] [  8%] [32mBuilding C object src/map/CMakeFiles/map_lib.dir/map_draw.c.o[0m
[6.236s] [ 12%] [32mBuilding CXX object src/map/CMakeFiles/map_lib.dir/map_cspace.cpp.o[0m
[6.774s] [ 16%] [32mBuilding C object src/map/CMakeFiles/map_lib.dir/map_range.c.o[0m
[6.872s] [ 20%] [32m[1mLinking CXX shared library libmap_lib.so[0m
[6.960s] [ 20%] Built target map_lib
[6.980s] [35m[1mScanning dependencies of target pf_lib[0m
[7.008s] [ 24%] [32mBuilding C object src/pf/CMakeFiles/pf_lib.dir/pf.c.o[0m
[7.256s] [ 28%] [32mBuilding C object src/pf/CMakeFiles/pf_lib.dir/pf_vector.c.o[0m
[7.355s] [ 32%] [32mBuilding C object src/pf/CMakeFiles/pf_lib.dir/eig3.c.o[0m
[7.584s] [ 36%] [32mBuilding C object src/pf/CMakeFiles/pf_lib.dir/pf_draw.c.o[0m
[7.621s] [ 40%] [32mBuilding C object src/pf/CMakeFiles/pf_lib.dir/pf_pdf.c.o[0m
[7.722s] [ 44%] [32mBuilding C object src/pf/CMakeFiles/pf_lib.dir/pf_kdtree.c.o[0m
[7.873s] [ 48%] [32m[1mLinking C shared library libpf_lib.so[0m
[7.931s] [ 48%] Built target pf_lib
[7.951s] [35m[1mScanning dependencies of target motions_lib[0m
[7.982s] [ 52%] [32mBuilding CXX object src/motion_model/CMakeFiles/motions_lib.dir/omni_motion_model.cpp.o[0m
[8.662s] [ 56%] [32mBuilding CXX object src/motion_model/CMakeFiles/motions_lib.dir/motion_model.cpp.o[0m
[9.073s] [ 60%] [32mBuilding CXX object src/motion_model/CMakeFiles/motions_lib.dir/differential_motion_model.cpp.o[0m
[9.856s] [ 64%] [32m[1mLinking CXX shared library libmotions_lib.so[0m
[10.153s] [ 64%] Built target motions_lib
[10.175s] [35m[1mScanning dependencies of target sensors_lib[0m
[10.194s] [ 68%] [32mBuilding CXX object src/sensors/CMakeFiles/sensors_lib.dir/laser/laser.cpp.o[0m
[10.574s] [ 72%] [32mBuilding CXX object src/sensors/CMakeFiles/sensors_lib.dir/laser/likelihood_field_model_prob.cpp.o[0m
[11.083s] [ 76%] [32mBuilding CXX object src/sensors/CMakeFiles/sensors_lib.dir/laser/likelihood_field_model.cpp.o[0m
[11.547s] [ 80%] [32mBuilding CXX object src/sensors/CMakeFiles/sensors_lib.dir/laser/beam_model.cpp.o[0m
[11.913s] [ 84%] [32m[1mLinking CXX shared library libsensors_lib.so[0m
[12.029s] [ 84%] Built target sensors_lib
[12.046s] [35m[1mScanning dependencies of target amcl_core[0m
[12.145s] [ 88%] [32mBuilding CXX object CMakeFiles/amcl_core.dir/src/amcl_node.cpp.o[0m
[47.095s] [ 92%] [32m[1mLinking CXX shared library libamcl_core.so[0m
[47.598s] [ 92%] Built target amcl_core
[47.609s] [35m[1mScanning dependencies of target amcl[0m
[47.697s] [ 96%] [32mBuilding CXX object CMakeFiles/amcl.dir/src/main.cpp.o[0m
[52.712s] [100%] [32m[1mLinking CXX executable amcl[0m
[53.173s] [100%] Built target amcl
[53.193s] Invoked command in '/home/ros2/ros2_learn/fishbot_ws/build/nav2_amcl' returned '0': AMENT_PREFIX_PATH=/home/ros2/ros2_learn/fishbot_ws/install/nav2_util:/home/ros2/ros2_learn/fishbot_ws/install/nav2_msgs:/home/ros2/ros2_learn/fishbot_ws/install/nav2_common:${AMENT_PREFIX_PATH} CMAKE_PREFIX_PATH=/home/ros2/ros2_learn/fishbot_ws/install/nav2_util:/home/ros2/ros2_learn/fishbot_ws/install/nav2_msgs:/home/ros2/ros2_learn/fishbot_ws/install/nav2_common:/opt/ros/galactic LD_LIBRARY_PATH=/home/ros2/ros2_learn/fishbot_ws/install/nav2_util/lib:/home/ros2/ros2_learn/fishbot_ws/install/nav2_msgs/lib:${LD_LIBRARY_PATH} PYTHONPATH=/home/ros2/ros2_learn/fishbot_ws/install/nav2_msgs/lib/python3.8/site-packages:/home/ros2/ros2_learn/fishbot_ws/install/nav2_common/lib/python3.8/site-packages:${PYTHONPATH} /usr/bin/cmake --build /home/ros2/ros2_learn/fishbot_ws/build/nav2_amcl -- -j4 -l4
[53.255s] Invoking command in '/home/ros2/ros2_learn/fishbot_ws/build/nav2_amcl': AMENT_PREFIX_PATH=/home/ros2/ros2_learn/fishbot_ws/install/nav2_util:/home/ros2/ros2_learn/fishbot_ws/install/nav2_msgs:/home/ros2/ros2_learn/fishbot_ws/install/nav2_common:${AMENT_PREFIX_PATH} CMAKE_PREFIX_PATH=/home/ros2/ros2_learn/fishbot_ws/install/nav2_util:/home/ros2/ros2_learn/fishbot_ws/install/nav2_msgs:/home/ros2/ros2_learn/fishbot_ws/install/nav2_common:/opt/ros/galactic LD_LIBRARY_PATH=/home/ros2/ros2_learn/fishbot_ws/install/nav2_util/lib:/home/ros2/ros2_learn/fishbot_ws/install/nav2_msgs/lib:${LD_LIBRARY_PATH} PYTHONPATH=/home/ros2/ros2_learn/fishbot_ws/install/nav2_msgs/lib/python3.8/site-packages:/home/ros2/ros2_learn/fishbot_ws/install/nav2_common/lib/python3.8/site-packages:${PYTHONPATH} /usr/bin/cmake --install /home/ros2/ros2_learn/fishbot_ws/build/nav2_amcl
[53.277s] -- Install configuration: "Release"
[53.278s] -- Installing: /home/ros2/ros2_learn/fishbot_ws/install/nav2_amcl/lib/libamcl_core.so
[53.281s] -- Set runtime path of "/home/ros2/ros2_learn/fishbot_ws/install/nav2_amcl/lib/libamcl_core.so" to ""
[53.282s] -- Installing: /home/ros2/ros2_learn/fishbot_ws/install/nav2_amcl/lib/nav2_amcl/amcl
[53.283s] -- Set runtime path of "/home/ros2/ros2_learn/fishbot_ws/install/nav2_amcl/lib/nav2_amcl/amcl" to ""
[53.284s] -- Installing: /home/ros2/ros2_learn/fishbot_ws/install/nav2_amcl/include/
[53.285s] -- Installing: /home/ros2/ros2_learn/fishbot_ws/install/nav2_amcl/include//nav2_amcl
[53.285s] -- Installing: /home/ros2/ros2_learn/fishbot_ws/install/nav2_amcl/include//nav2_amcl/motion_model
[53.285s] -- Installing: /home/ros2/ros2_learn/fishbot_ws/install/nav2_amcl/include//nav2_amcl/motion_model/motion_model.hpp
[53.286s] -- Installing: /home/ros2/ros2_learn/fishbot_ws/install/nav2_amcl/include//nav2_amcl/amcl_node.hpp
[53.286s] -- Installing: /home/ros2/ros2_learn/fishbot_ws/install/nav2_amcl/include//nav2_amcl/angleutils.hpp
[53.287s] -- Installing: /home/ros2/ros2_learn/fishbot_ws/install/nav2_amcl/include//nav2_amcl/sensors
[53.288s] -- Installing: /home/ros2/ros2_learn/fishbot_ws/install/nav2_amcl/include//nav2_amcl/sensors/laser
[53.289s] -- Installing: /home/ros2/ros2_learn/fishbot_ws/install/nav2_amcl/include//nav2_amcl/sensors/laser/laser.hpp
[53.290s] -- Installing: /home/ros2/ros2_learn/fishbot_ws/install/nav2_amcl/include//nav2_amcl/map
[53.291s] -- Installing: /home/ros2/ros2_learn/fishbot_ws/install/nav2_amcl/include//nav2_amcl/map/map.hpp
[53.292s] -- Installing: /home/ros2/ros2_learn/fishbot_ws/install/nav2_amcl/include//nav2_amcl/pf
[53.293s] -- Installing: /home/ros2/ros2_learn/fishbot_ws/install/nav2_amcl/include//nav2_amcl/pf/eig3.hpp
[53.293s] -- Installing: /home/ros2/ros2_learn/fishbot_ws/install/nav2_amcl/include//nav2_amcl/pf/pf_kdtree.hpp
[53.294s] -- Installing: /home/ros2/ros2_learn/fishbot_ws/install/nav2_amcl/include//nav2_amcl/pf/pf_vector.hpp
[53.294s] -- Installing: /home/ros2/ros2_learn/fishbot_ws/install/nav2_amcl/include//nav2_amcl/pf/pf.hpp
[53.295s] -- Installing: /home/ros2/ros2_learn/fishbot_ws/install/nav2_amcl/include//nav2_amcl/pf/pf_pdf.hpp
[53.295s] -- Installing: /home/ros2/ros2_learn/fishbot_ws/install/nav2_amcl/share/nav2_amcl/environment/library_path.sh
[53.296s] -- Installing: /home/ros2/ros2_learn/fishbot_ws/install/nav2_amcl/share/nav2_amcl/environment/library_path.dsv
[53.296s] -- Installing: /home/ros2/ros2_learn/fishbot_ws/install/nav2_amcl/share/ament_index/resource_index/package_run_dependencies/nav2_amcl
[53.296s] -- Installing: /home/ros2/ros2_learn/fishbot_ws/install/nav2_amcl/share/ament_index/resource_index/parent_prefix_path/nav2_amcl
[53.297s] -- Installing: /home/ros2/ros2_learn/fishbot_ws/install/nav2_amcl/share/nav2_amcl/environment/ament_prefix_path.sh
[53.297s] -- Installing: /home/ros2/ros2_learn/fishbot_ws/install/nav2_amcl/share/nav2_amcl/environment/ament_prefix_path.dsv
[53.298s] -- Installing: /home/ros2/ros2_learn/fishbot_ws/install/nav2_amcl/share/nav2_amcl/environment/path.sh
[53.298s] -- Installing: /home/ros2/ros2_learn/fishbot_ws/install/nav2_amcl/share/nav2_amcl/environment/path.dsv
[53.299s] -- Installing: /home/ros2/ros2_learn/fishbot_ws/install/nav2_amcl/share/nav2_amcl/local_setup.bash
[53.300s] -- Installing: /home/ros2/ros2_learn/fishbot_ws/install/nav2_amcl/share/nav2_amcl/local_setup.sh
[53.302s] -- Installing: /home/ros2/ros2_learn/fishbot_ws/install/nav2_amcl/share/nav2_amcl/local_setup.zsh
[53.303s] -- Installing: /home/ros2/ros2_learn/fishbot_ws/install/nav2_amcl/share/nav2_amcl/local_setup.dsv
[53.304s] -- Installing: /home/ros2/ros2_learn/fishbot_ws/install/nav2_amcl/share/nav2_amcl/package.dsv
[53.306s] -- Installing: /home/ros2/ros2_learn/fishbot_ws/install/nav2_amcl/share/ament_index/resource_index/packages/nav2_amcl
[53.306s] -- Installing: /home/ros2/ros2_learn/fishbot_ws/install/nav2_amcl/share/nav2_amcl/cmake/ament_cmake_export_include_directories-extras.cmake
[53.307s] -- Installing: /home/ros2/ros2_learn/fishbot_ws/install/nav2_amcl/share/nav2_amcl/cmake/ament_cmake_export_libraries-extras.cmake
[53.308s] -- Installing: /home/ros2/ros2_learn/fishbot_ws/install/nav2_amcl/share/nav2_amcl/cmake/ament_cmake_export_dependencies-extras.cmake
[53.309s] -- Installing: /home/ros2/ros2_learn/fishbot_ws/install/nav2_amcl/share/nav2_amcl/cmake/nav2_amclConfig.cmake
[53.310s] -- Installing: /home/ros2/ros2_learn/fishbot_ws/install/nav2_amcl/share/nav2_amcl/cmake/nav2_amclConfig-version.cmake
[53.311s] -- Installing: /home/ros2/ros2_learn/fishbot_ws/install/nav2_amcl/share/nav2_amcl/package.xml
[53.311s] -- Installing: /home/ros2/ros2_learn/fishbot_ws/install/nav2_amcl/lib/libpf_lib.so
[53.312s] -- Installing: /home/ros2/ros2_learn/fishbot_ws/install/nav2_amcl/lib/libmap_lib.so
[53.313s] -- Installing: /home/ros2/ros2_learn/fishbot_ws/install/nav2_amcl/lib/libmotions_lib.so
[53.314s] -- Set runtime path of "/home/ros2/ros2_learn/fishbot_ws/install/nav2_amcl/lib/libmotions_lib.so" to ""
[53.314s] -- Installing: /home/ros2/ros2_learn/fishbot_ws/install/nav2_amcl/lib/libsensors_lib.so
[53.315s] -- Set runtime path of "/home/ros2/ros2_learn/fishbot_ws/install/nav2_amcl/lib/libsensors_lib.so" to ""
[53.334s] Invoked command in '/home/ros2/ros2_learn/fishbot_ws/build/nav2_amcl' returned '0': AMENT_PREFIX_PATH=/home/ros2/ros2_learn/fishbot_ws/install/nav2_util:/home/ros2/ros2_learn/fishbot_ws/install/nav2_msgs:/home/ros2/ros2_learn/fishbot_ws/install/nav2_common:${AMENT_PREFIX_PATH} CMAKE_PREFIX_PATH=/home/ros2/ros2_learn/fishbot_ws/install/nav2_util:/home/ros2/ros2_learn/fishbot_ws/install/nav2_msgs:/home/ros2/ros2_learn/fishbot_ws/install/nav2_common:/opt/ros/galactic LD_LIBRARY_PATH=/home/ros2/ros2_learn/fishbot_ws/install/nav2_util/lib:/home/ros2/ros2_learn/fishbot_ws/install/nav2_msgs/lib:${LD_LIBRARY_PATH} PYTHONPATH=/home/ros2/ros2_learn/fishbot_ws/install/nav2_msgs/lib/python3.8/site-packages:/home/ros2/ros2_learn/fishbot_ws/install/nav2_common/lib/python3.8/site-packages:${PYTHONPATH} /usr/bin/cmake --install /home/ros2/ros2_learn/fishbot_ws/build/nav2_amcl
