[0.060s] Invoking command in '/home/ros2/ros2_learn/turtle_ws/src/build/village_interfaces': CMAKE_PREFIX_PATH=/opt/ros/galactic /usr/bin/cmake --build /home/ros2/ros2_learn/turtle_ws/src/build/village_interfaces -- -j4 -l4
[0.191s] [ 10%] Built target village_interfaces__rosidl_generator_c
[0.198s] [ 12%] Built target village_interfaces__cpp
[0.267s] [ 23%] Built target village_interfaces__rosidl_typesupport_c
[0.278s] [ 34%] Built target village_interfaces__rosidl_typesupport_introspection_c
[0.297s] [ 44%] Built target village_interfaces__rosidl_typesupport_cpp
[0.310s] [ 55%] Built target village_interfaces__rosidl_typesupport_fastrtps_cpp
[0.379s] [ 65%] Built target village_interfaces__rosidl_typesupport_introspection_cpp
[0.402s] [ 76%] Built target village_interfaces__rosidl_typesupport_fastrtps_c
[0.452s] [ 76%] Built target village_interfaces
[0.516s] [ 78%] Built target village_interfaces__py
[0.599s] [ 87%] Built target village_interfaces__python
[0.671s] [ 91%] Built target village_interfaces__rosidl_typesupport_fastrtps_c__pyext
[0.682s] [ 95%] Built target village_interfaces__rosidl_typesupport_c__pyext
[0.682s] [100%] Built target village_interfaces__rosidl_typesupport_introspection_c__pyext
[0.722s] Invoked command in '/home/ros2/ros2_learn/turtle_ws/src/build/village_interfaces' returned '0': CMAKE_PREFIX_PATH=/opt/ros/galactic /usr/bin/cmake --build /home/ros2/ros2_learn/turtle_ws/src/build/village_interfaces -- -j4 -l4
[1.076s] Invoking command in '/home/ros2/ros2_learn/turtle_ws/src/build/village_interfaces': CMAKE_PREFIX_PATH=/opt/ros/galactic /usr/bin/cmake --install /home/ros2/ros2_learn/turtle_ws/src/build/village_interfaces
[1.111s] -- Install configuration: ""
[1.112s] -- Up-to-date: /home/ros2/ros2_learn/turtle_ws/src/install/village_interfaces/share/ament_index/resource_index/rosidl_interfaces/village_interfaces
[1.113s] -- Up-to-date: /home/ros2/ros2_learn/turtle_ws/src/install/village_interfaces/include/village_interfaces
[1.113s] -- Up-to-date: /home/ros2/ros2_learn/turtle_ws/src/install/village_interfaces/include/village_interfaces/msg
[1.113s] -- Up-to-date: /home/ros2/ros2_learn/turtle_ws/src/install/village_interfaces/include/village_interfaces/msg/detail
[1.113s] -- Up-to-date: /home/ros2/ros2_learn/turtle_ws/src/install/village_interfaces/include/village_interfaces/msg/detail/novel__functions.h
[1.114s] -- Up-to-date: /home/ros2/ros2_learn/turtle_ws/src/install/village_interfaces/include/village_interfaces/msg/detail/novel__type_support.h
[1.114s] -- Up-to-date: /home/ros2/ros2_learn/turtle_ws/src/install/village_interfaces/include/village_interfaces/msg/detail/novel__functions.c
[1.114s] -- Up-to-date: /home/ros2/ros2_learn/turtle_ws/src/install/village_interfaces/include/village_interfaces/msg/detail/novel__struct.h
[1.114s] -- Up-to-date: /home/ros2/ros2_learn/turtle_ws/src/install/village_interfaces/include/village_interfaces/msg/novel.h
[1.115s] -- Up-to-date: /home/ros2/ros2_learn/turtle_ws/src/install/village_interfaces/include/village_interfaces/msg/rosidl_generator_c__visibility_control.h
[1.115s] -- Up-to-date: /home/ros2/ros2_learn/turtle_ws/src/install/village_interfaces/include/village_interfaces/srv
[1.115s] -- Up-to-date: /home/ros2/ros2_learn/turtle_ws/src/install/village_interfaces/include/village_interfaces/srv/detail
[1.116s] -- Up-to-date: /home/ros2/ros2_learn/turtle_ws/src/install/village_interfaces/include/village_interfaces/srv/detail/sell_novel__type_support.h
[1.116s] -- Up-to-date: /home/ros2/ros2_learn/turtle_ws/src/install/village_interfaces/include/village_interfaces/srv/detail/borrow_money__type_support.h
[1.116s] -- Up-to-date: /home/ros2/ros2_learn/turtle_ws/src/install/village_interfaces/include/village_interfaces/srv/detail/sell_novel__functions.h
[1.116s] -- Up-to-date: /home/ros2/ros2_learn/turtle_ws/src/install/village_interfaces/include/village_interfaces/srv/detail/borrow_money__functions.c
[1.117s] -- Up-to-date: /home/ros2/ros2_learn/turtle_ws/src/install/village_interfaces/include/village_interfaces/srv/detail/sell_novel__functions.c
[1.117s] -- Up-to-date: /home/ros2/ros2_learn/turtle_ws/src/install/village_interfaces/include/village_interfaces/srv/detail/sell_novel__struct.h
[1.117s] -- Up-to-date: /home/ros2/ros2_learn/turtle_ws/src/install/village_interfaces/include/village_interfaces/srv/detail/borrow_money__struct.h
[1.118s] -- Up-to-date: /home/ros2/ros2_learn/turtle_ws/src/install/village_interfaces/include/village_interfaces/srv/detail/borrow_money__functions.h
[1.118s] -- Up-to-date: /home/ros2/ros2_learn/turtle_ws/src/install/village_interfaces/include/village_interfaces/srv/borrow_money.h
[1.119s] -- Up-to-date: /home/ros2/ros2_learn/turtle_ws/src/install/village_interfaces/include/village_interfaces/srv/sell_novel.h
[1.119s] -- Up-to-date: /home/ros2/ros2_learn/turtle_ws/src/install/village_interfaces/share/village_interfaces/environment/library_path.sh
[1.119s] -- Up-to-date: /home/ros2/ros2_learn/turtle_ws/src/install/village_interfaces/share/village_interfaces/environment/library_path.dsv
[1.119s] -- Up-to-date: /home/ros2/ros2_learn/turtle_ws/src/install/village_interfaces/lib/libvillage_interfaces__rosidl_generator_c.so
[1.120s] -- Up-to-date: /home/ros2/ros2_learn/turtle_ws/src/install/village_interfaces/include/village_interfaces
[1.124s] -- Up-to-date: /home/ros2/ros2_learn/turtle_ws/src/install/village_interfaces/include/village_interfaces/msg
[1.125s] -- Up-to-date: /home/ros2/ros2_learn/turtle_ws/src/install/village_interfaces/include/village_interfaces/msg/rosidl_typesupport_fastrtps_c__visibility_control.h
[1.125s] -- Up-to-date: /home/ros2/ros2_learn/turtle_ws/src/install/village_interfaces/include/village_interfaces/msg/detail
[1.125s] -- Up-to-date: /home/ros2/ros2_learn/turtle_ws/src/install/village_interfaces/include/village_interfaces/msg/detail/novel__rosidl_typesupport_fastrtps_c.h
[1.125s] -- Up-to-date: /home/ros2/ros2_learn/turtle_ws/src/install/village_interfaces/include/village_interfaces/srv
[1.126s] -- Up-to-date: /home/ros2/ros2_learn/turtle_ws/src/install/village_interfaces/include/village_interfaces/srv/detail
[1.126s] -- Up-to-date: /home/ros2/ros2_learn/turtle_ws/src/install/village_interfaces/include/village_interfaces/srv/detail/sell_novel__rosidl_typesupport_fastrtps_c.h
[1.126s] -- Up-to-date: /home/ros2/ros2_learn/turtle_ws/src/install/village_interfaces/include/village_interfaces/srv/detail/borrow_money__rosidl_typesupport_fastrtps_c.h
[1.127s] -- Up-to-date: /home/ros2/ros2_learn/turtle_ws/src/install/village_interfaces/lib/libvillage_interfaces__rosidl_typesupport_fastrtps_c.so
[1.127s] -- Up-to-date: /home/ros2/ros2_learn/turtle_ws/src/install/village_interfaces/include/village_interfaces
[1.127s] -- Up-to-date: /home/ros2/ros2_learn/turtle_ws/src/install/village_interfaces/include/village_interfaces/msg
[1.127s] -- Up-to-date: /home/ros2/ros2_learn/turtle_ws/src/install/village_interfaces/include/village_interfaces/msg/detail
[1.128s] -- Up-to-date: /home/ros2/ros2_learn/turtle_ws/src/install/village_interfaces/include/village_interfaces/msg/detail/dds_fastrtps
[1.128s] -- Up-to-date: /home/ros2/ros2_learn/turtle_ws/src/install/village_interfaces/include/village_interfaces/msg/detail/novel__rosidl_typesupport_fastrtps_cpp.hpp
[1.128s] -- Up-to-date: /home/ros2/ros2_learn/turtle_ws/src/install/village_interfaces/include/village_interfaces/msg/rosidl_typesupport_fastrtps_cpp__visibility_control.h
[1.129s] -- Up-to-date: /home/ros2/ros2_learn/turtle_ws/src/install/village_interfaces/include/village_interfaces/srv
[1.129s] -- Up-to-date: /home/ros2/ros2_learn/turtle_ws/src/install/village_interfaces/include/village_interfaces/srv/detail
[1.129s] -- Up-to-date: /home/ros2/ros2_learn/turtle_ws/src/install/village_interfaces/include/village_interfaces/srv/detail/sell_novel__rosidl_typesupport_fastrtps_cpp.hpp
[1.129s] -- Up-to-date: /home/ros2/ros2_learn/turtle_ws/src/install/village_interfaces/include/village_interfaces/srv/detail/borrow_money__rosidl_typesupport_fastrtps_cpp.hpp
[1.129s] -- Up-to-date: /home/ros2/ros2_learn/turtle_ws/src/install/village_interfaces/include/village_interfaces/srv/detail/dds_fastrtps
[1.130s] -- Up-to-date: /home/ros2/ros2_learn/turtle_ws/src/install/village_interfaces/lib/libvillage_interfaces__rosidl_typesupport_fastrtps_cpp.so
[1.130s] -- Up-to-date: /home/ros2/ros2_learn/turtle_ws/src/install/village_interfaces/include/village_interfaces
[1.130s] -- Up-to-date: /home/ros2/ros2_learn/turtle_ws/src/install/village_interfaces/include/village_interfaces/msg
[1.135s] -- Up-to-date: /home/ros2/ros2_learn/turtle_ws/src/install/village_interfaces/include/village_interfaces/msg/rosidl_typesupport_introspection_c__visibility_control.h
[1.136s] -- Up-to-date: /home/ros2/ros2_learn/turtle_ws/src/install/village_interfaces/include/village_interfaces/msg/detail
[1.136s] -- Up-to-date: /home/ros2/ros2_learn/turtle_ws/src/install/village_interfaces/include/village_interfaces/msg/detail/novel__rosidl_typesupport_introspection_c.h
[1.136s] -- Up-to-date: /home/ros2/ros2_learn/turtle_ws/src/install/village_interfaces/include/village_interfaces/msg/detail/novel__type_support.c
[1.137s] -- Up-to-date: /home/ros2/ros2_learn/turtle_ws/src/install/village_interfaces/include/village_interfaces/srv
[1.137s] -- Up-to-date: /home/ros2/ros2_learn/turtle_ws/src/install/village_interfaces/include/village_interfaces/srv/detail
[1.137s] -- Up-to-date: /home/ros2/ros2_learn/turtle_ws/src/install/village_interfaces/include/village_interfaces/srv/detail/borrow_money__rosidl_typesupport_introspection_c.h
[1.137s] -- Up-to-date: /home/ros2/ros2_learn/turtle_ws/src/install/village_interfaces/include/village_interfaces/srv/detail/borrow_money__type_support.c
[1.138s] -- Up-to-date: /home/ros2/ros2_learn/turtle_ws/src/install/village_interfaces/include/village_interfaces/srv/detail/sell_novel__rosidl_typesupport_introspection_c.h
[1.138s] -- Up-to-date: /home/ros2/ros2_learn/turtle_ws/src/install/village_interfaces/include/village_interfaces/srv/detail/sell_novel__type_support.c
[1.138s] -- Up-to-date: /home/ros2/ros2_learn/turtle_ws/src/install/village_interfaces/lib/libvillage_interfaces__rosidl_typesupport_introspection_c.so
[1.138s] -- Up-to-date: /home/ros2/ros2_learn/turtle_ws/src/install/village_interfaces/lib/libvillage_interfaces__rosidl_typesupport_c.so
[1.139s] -- Up-to-date: /home/ros2/ros2_learn/turtle_ws/src/install/village_interfaces/include/village_interfaces
[1.139s] -- Up-to-date: /home/ros2/ros2_learn/turtle_ws/src/install/village_interfaces/include/village_interfaces/msg
[1.139s] -- Up-to-date: /home/ros2/ros2_learn/turtle_ws/src/install/village_interfaces/include/village_interfaces/msg/detail
[1.140s] -- Up-to-date: /home/ros2/ros2_learn/turtle_ws/src/install/village_interfaces/include/village_interfaces/msg/detail/novel__builder.hpp
[1.140s] -- Up-to-date: /home/ros2/ros2_learn/turtle_ws/src/install/village_interfaces/include/village_interfaces/msg/detail/novel__traits.hpp
[1.140s] -- Up-to-date: /home/ros2/ros2_learn/turtle_ws/src/install/village_interfaces/include/village_interfaces/msg/detail/novel__struct.hpp
[1.141s] -- Up-to-date: /home/ros2/ros2_learn/turtle_ws/src/install/village_interfaces/include/village_interfaces/msg/novel.hpp
[1.141s] -- Up-to-date: /home/ros2/ros2_learn/turtle_ws/src/install/village_interfaces/include/village_interfaces/srv
[1.141s] -- Up-to-date: /home/ros2/ros2_learn/turtle_ws/src/install/village_interfaces/include/village_interfaces/srv/sell_novel.hpp
[1.141s] -- Up-to-date: /home/ros2/ros2_learn/turtle_ws/src/install/village_interfaces/include/village_interfaces/srv/detail
[1.141s] -- Up-to-date: /home/ros2/ros2_learn/turtle_ws/src/install/village_interfaces/include/village_interfaces/srv/detail/sell_novel__builder.hpp
[1.142s] -- Up-to-date: /home/ros2/ros2_learn/turtle_ws/src/install/village_interfaces/include/village_interfaces/srv/detail/sell_novel__struct.hpp
[1.142s] -- Up-to-date: /home/ros2/ros2_learn/turtle_ws/src/install/village_interfaces/include/village_interfaces/srv/detail/borrow_money__struct.hpp
[1.142s] -- Up-to-date: /home/ros2/ros2_learn/turtle_ws/src/install/village_interfaces/include/village_interfaces/srv/detail/sell_novel__traits.hpp
[1.142s] -- Up-to-date: /home/ros2/ros2_learn/turtle_ws/src/install/village_interfaces/include/village_interfaces/srv/detail/borrow_money__traits.hpp
[1.143s] -- Up-to-date: /home/ros2/ros2_learn/turtle_ws/src/install/village_interfaces/include/village_interfaces/srv/detail/borrow_money__builder.hpp
[1.143s] -- Up-to-date: /home/ros2/ros2_learn/turtle_ws/src/install/village_interfaces/include/village_interfaces/srv/borrow_money.hpp
[1.143s] -- Up-to-date: /home/ros2/ros2_learn/turtle_ws/src/install/village_interfaces/include/village_interfaces
[1.143s] -- Up-to-date: /home/ros2/ros2_learn/turtle_ws/src/install/village_interfaces/include/village_interfaces/msg
[1.144s] -- Up-to-date: /home/ros2/ros2_learn/turtle_ws/src/install/village_interfaces/include/village_interfaces/msg/detail
[1.144s] -- Up-to-date: /home/ros2/ros2_learn/turtle_ws/src/install/village_interfaces/include/village_interfaces/msg/detail/novel__type_support.cpp
[1.144s] -- Up-to-date: /home/ros2/ros2_learn/turtle_ws/src/install/village_interfaces/include/village_interfaces/msg/detail/novel__rosidl_typesupport_introspection_cpp.hpp
[1.144s] -- Up-to-date: /home/ros2/ros2_learn/turtle_ws/src/install/village_interfaces/include/village_interfaces/srv
[1.145s] -- Up-to-date: /home/ros2/ros2_learn/turtle_ws/src/install/village_interfaces/include/village_interfaces/srv/detail
[1.145s] -- Up-to-date: /home/ros2/ros2_learn/turtle_ws/src/install/village_interfaces/include/village_interfaces/srv/detail/sell_novel__rosidl_typesupport_introspection_cpp.hpp
[1.145s] -- Up-to-date: /home/ros2/ros2_learn/turtle_ws/src/install/village_interfaces/include/village_interfaces/srv/detail/sell_novel__type_support.cpp
[1.145s] -- Up-to-date: /home/ros2/ros2_learn/turtle_ws/src/install/village_interfaces/include/village_interfaces/srv/detail/borrow_money__rosidl_typesupport_introspection_cpp.hpp
[1.145s] -- Up-to-date: /home/ros2/ros2_learn/turtle_ws/src/install/village_interfaces/include/village_interfaces/srv/detail/borrow_money__type_support.cpp
[1.146s] -- Up-to-date: /home/ros2/ros2_learn/turtle_ws/src/install/village_interfaces/lib/libvillage_interfaces__rosidl_typesupport_introspection_cpp.so
[1.146s] -- Up-to-date: /home/ros2/ros2_learn/turtle_ws/src/install/village_interfaces/lib/libvillage_interfaces__rosidl_typesupport_cpp.so
[1.146s] -- Up-to-date: /home/ros2/ros2_learn/turtle_ws/src/install/village_interfaces/share/village_interfaces/environment/pythonpath.sh
[1.155s] -- Up-to-date: /home/ros2/ros2_learn/turtle_ws/src/install/village_interfaces/share/village_interfaces/environment/pythonpath.dsv
[1.155s] -- Up-to-date: /home/ros2/ros2_learn/turtle_ws/src/install/village_interfaces/lib/python3.8/site-packages/village_interfaces/__init__.py
[1.270s] -- Up-to-date: /home/ros2/ros2_learn/turtle_ws/src/install/village_interfaces/lib/python3.8/site-packages/village_interfaces/msg
[1.270s] -- Up-to-date: /home/ros2/ros2_learn/turtle_ws/src/install/village_interfaces/lib/python3.8/site-packages/village_interfaces/msg/__init__.py
[1.270s] -- Up-to-date: /home/ros2/ros2_learn/turtle_ws/src/install/village_interfaces/lib/python3.8/site-packages/village_interfaces/msg/_novel.py
[1.270s] -- Up-to-date: /home/ros2/ros2_learn/turtle_ws/src/install/village_interfaces/lib/python3.8/site-packages/village_interfaces/msg/_novel_s.c
[1.270s] -- Up-to-date: /home/ros2/ros2_learn/turtle_ws/src/install/village_interfaces/lib/python3.8/site-packages/village_interfaces/srv
[1.271s] -- Up-to-date: /home/ros2/ros2_learn/turtle_ws/src/install/village_interfaces/lib/python3.8/site-packages/village_interfaces/srv/_sell_novel.py
[1.271s] -- Up-to-date: /home/ros2/ros2_learn/turtle_ws/src/install/village_interfaces/lib/python3.8/site-packages/village_interfaces/srv/__init__.py
[1.271s] -- Up-to-date: /home/ros2/ros2_learn/turtle_ws/src/install/village_interfaces/lib/python3.8/site-packages/village_interfaces/srv/_borrow_money.py
[1.271s] -- Up-to-date: /home/ros2/ros2_learn/turtle_ws/src/install/village_interfaces/lib/python3.8/site-packages/village_interfaces/srv/_borrow_money_s.c
[1.271s] -- Up-to-date: /home/ros2/ros2_learn/turtle_ws/src/install/village_interfaces/lib/python3.8/site-packages/village_interfaces/srv/_sell_novel_s.c
[1.272s] -- Up-to-date: /home/ros2/ros2_learn/turtle_ws/src/install/village_interfaces/lib/python3.8/site-packages/village_interfaces/village_interfaces_s__rosidl_typesupport_fastrtps_c.cpython-38-x86_64-linux-gnu.so
[1.273s] -- Up-to-date: /home/ros2/ros2_learn/turtle_ws/src/install/village_interfaces/lib/python3.8/site-packages/village_interfaces/village_interfaces_s__rosidl_typesupport_introspection_c.cpython-38-x86_64-linux-gnu.so
[1.274s] -- Up-to-date: /home/ros2/ros2_learn/turtle_ws/src/install/village_interfaces/lib/python3.8/site-packages/village_interfaces/village_interfaces_s__rosidl_typesupport_c.cpython-38-x86_64-linux-gnu.so
[1.275s] -- Up-to-date: /home/ros2/ros2_learn/turtle_ws/src/install/village_interfaces/lib/libvillage_interfaces__python.so
[1.276s] -- Up-to-date: /home/ros2/ros2_learn/turtle_ws/src/install/village_interfaces/share/village_interfaces/msg/Novel.idl
[1.276s] -- Up-to-date: /home/ros2/ros2_learn/turtle_ws/src/install/village_interfaces/share/village_interfaces/srv/BorrowMoney.idl
[1.276s] -- Up-to-date: /home/ros2/ros2_learn/turtle_ws/src/install/village_interfaces/share/village_interfaces/srv/SellNovel.idl
[1.276s] -- Up-to-date: /home/ros2/ros2_learn/turtle_ws/src/install/village_interfaces/share/village_interfaces/msg/Novel.msg
[1.276s] -- Up-to-date: /home/ros2/ros2_learn/turtle_ws/src/install/village_interfaces/share/village_interfaces/srv/BorrowMoney.srv
[1.277s] -- Up-to-date: /home/ros2/ros2_learn/turtle_ws/src/install/village_interfaces/share/village_interfaces/srv/BorrowMoney_Request.msg
[1.277s] -- Up-to-date: /home/ros2/ros2_learn/turtle_ws/src/install/village_interfaces/share/village_interfaces/srv/BorrowMoney_Response.msg
[1.277s] -- Up-to-date: /home/ros2/ros2_learn/turtle_ws/src/install/village_interfaces/share/village_interfaces/srv/SellNovel.srv
[1.277s] -- Up-to-date: /home/ros2/ros2_learn/turtle_ws/src/install/village_interfaces/share/village_interfaces/srv/SellNovel_Request.msg
[1.277s] -- Up-to-date: /home/ros2/ros2_learn/turtle_ws/src/install/village_interfaces/share/village_interfaces/srv/SellNovel_Response.msg
[1.277s] -- Up-to-date: /home/ros2/ros2_learn/turtle_ws/src/install/village_interfaces/share/ament_index/resource_index/package_run_dependencies/village_interfaces
[1.278s] -- Up-to-date: /home/ros2/ros2_learn/turtle_ws/src/install/village_interfaces/share/ament_index/resource_index/parent_prefix_path/village_interfaces
[1.278s] -- Up-to-date: /home/ros2/ros2_learn/turtle_ws/src/install/village_interfaces/share/village_interfaces/environment/ament_prefix_path.sh
[1.278s] -- Up-to-date: /home/ros2/ros2_learn/turtle_ws/src/install/village_interfaces/share/village_interfaces/environment/ament_prefix_path.dsv
[1.278s] -- Up-to-date: /home/ros2/ros2_learn/turtle_ws/src/install/village_interfaces/share/village_interfaces/environment/path.sh
[1.278s] -- Up-to-date: /home/ros2/ros2_learn/turtle_ws/src/install/village_interfaces/share/village_interfaces/environment/path.dsv
[1.279s] -- Up-to-date: /home/ros2/ros2_learn/turtle_ws/src/install/village_interfaces/share/village_interfaces/local_setup.bash
[1.279s] -- Up-to-date: /home/ros2/ros2_learn/turtle_ws/src/install/village_interfaces/share/village_interfaces/local_setup.sh
[1.279s] -- Up-to-date: /home/ros2/ros2_learn/turtle_ws/src/install/village_interfaces/share/village_interfaces/local_setup.zsh
[1.279s] -- Up-to-date: /home/ros2/ros2_learn/turtle_ws/src/install/village_interfaces/share/village_interfaces/local_setup.dsv
[1.280s] -- Installing: /home/ros2/ros2_learn/turtle_ws/src/install/village_interfaces/share/village_interfaces/package.dsv
[1.280s] -- Up-to-date: /home/ros2/ros2_learn/turtle_ws/src/install/village_interfaces/share/ament_index/resource_index/packages/village_interfaces
[1.280s] -- Up-to-date: /home/ros2/ros2_learn/turtle_ws/src/install/village_interfaces/share/village_interfaces/cmake/village_interfaces__rosidl_generator_cExport.cmake
[1.280s] -- Up-to-date: /home/ros2/ros2_learn/turtle_ws/src/install/village_interfaces/share/village_interfaces/cmake/village_interfaces__rosidl_generator_cExport-noconfig.cmake
[1.282s] -- Up-to-date: /home/ros2/ros2_learn/turtle_ws/src/install/village_interfaces/share/village_interfaces/cmake/village_interfaces__rosidl_typesupport_introspection_cExport.cmake
[1.282s] -- Up-to-date: /home/ros2/ros2_learn/turtle_ws/src/install/village_interfaces/share/village_interfaces/cmake/village_interfaces__rosidl_typesupport_introspection_cExport-noconfig.cmake
[1.283s] -- Up-to-date: /home/ros2/ros2_learn/turtle_ws/src/install/village_interfaces/share/village_interfaces/cmake/village_interfaces__rosidl_typesupport_cExport.cmake
[1.283s] -- Up-to-date: /home/ros2/ros2_learn/turtle_ws/src/install/village_interfaces/share/village_interfaces/cmake/village_interfaces__rosidl_typesupport_cExport-noconfig.cmake
[1.284s] -- Up-to-date: /home/ros2/ros2_learn/turtle_ws/src/install/village_interfaces/share/village_interfaces/cmake/village_interfaces__rosidl_generator_cppExport.cmake
[1.287s] -- Up-to-date: /home/ros2/ros2_learn/turtle_ws/src/install/village_interfaces/share/village_interfaces/cmake/village_interfaces__rosidl_typesupport_introspection_cppExport.cmake
[1.288s] -- Up-to-date: /home/ros2/ros2_learn/turtle_ws/src/install/village_interfaces/share/village_interfaces/cmake/village_interfaces__rosidl_typesupport_introspection_cppExport-noconfig.cmake
[1.292s] -- Up-to-date: /home/ros2/ros2_learn/turtle_ws/src/install/village_interfaces/share/village_interfaces/cmake/village_interfaces__rosidl_typesupport_cppExport.cmake
[1.292s] -- Up-to-date: /home/ros2/ros2_learn/turtle_ws/src/install/village_interfaces/share/village_interfaces/cmake/village_interfaces__rosidl_typesupport_cppExport-noconfig.cmake
[1.293s] -- Up-to-date: /home/ros2/ros2_learn/turtle_ws/src/install/village_interfaces/share/village_interfaces/cmake/rosidl_cmake-extras.cmake
[1.293s] -- Up-to-date: /home/ros2/ros2_learn/turtle_ws/src/install/village_interfaces/share/village_interfaces/cmake/ament_cmake_export_dependencies-extras.cmake
[1.293s] -- Up-to-date: /home/ros2/ros2_learn/turtle_ws/src/install/village_interfaces/share/village_interfaces/cmake/ament_cmake_export_libraries-extras.cmake
[1.293s] -- Up-to-date: /home/ros2/ros2_learn/turtle_ws/src/install/village_interfaces/share/village_interfaces/cmake/ament_cmake_export_targets-extras.cmake
[1.294s] -- Up-to-date: /home/ros2/ros2_learn/turtle_ws/src/install/village_interfaces/share/village_interfaces/cmake/ament_cmake_export_include_directories-extras.cmake
[1.294s] -- Up-to-date: /home/ros2/ros2_learn/turtle_ws/src/install/village_interfaces/share/village_interfaces/cmake/rosidl_cmake_export_typesupport_libraries-extras.cmake
[1.294s] -- Up-to-date: /home/ros2/ros2_learn/turtle_ws/src/install/village_interfaces/share/village_interfaces/cmake/rosidl_cmake_export_typesupport_targets-extras.cmake
[1.294s] -- Up-to-date: /home/ros2/ros2_learn/turtle_ws/src/install/village_interfaces/share/village_interfaces/cmake/village_interfacesConfig.cmake
[1.295s] -- Up-to-date: /home/ros2/ros2_learn/turtle_ws/src/install/village_interfaces/share/village_interfaces/cmake/village_interfacesConfig-version.cmake
[1.295s] -- Up-to-date: /home/ros2/ros2_learn/turtle_ws/src/install/village_interfaces/share/village_interfaces/package.xml
[1.301s] Invoked command in '/home/ros2/ros2_learn/turtle_ws/src/build/village_interfaces' returned '0': CMAKE_PREFIX_PATH=/opt/ros/galactic /usr/bin/cmake --install /home/ros2/ros2_learn/turtle_ws/src/build/village_interfaces
