[0.027s] Invoking command in '/home/ros2/ros2_learn/cartoros2_ws/build/cartographer_ros': AMENT_PREFIX_PATH=/home/ros2/ros2_learn/cartoros2_ws/install/cartographer_ros_msgs:${AMENT_PREFIX_PATH} CMAKE_PREFIX_PATH=/home/ros2/ros2_learn/cartoros2_ws/install/cartographer_ros_msgs:/home/ros2/ros2_learn/cartoros2_ws/install/cartographer:/opt/ros/galactic LD_LIBRARY_PATH=/home/ros2/ros2_learn/cartoros2_ws/install/cartographer_ros_msgs/lib:${LD_LIBRARY_PATH} PATH=/home/ros2/ros2_learn/cartoros2_ws/install/cartographer/bin:${PATH} PKG_CONFIG_PATH=/home/ros2/ros2_learn/cartoros2_ws/install/cartographer/lib/x86_64-linux-gnu/pkgconfig:/home/ros2/ros2_learn/cartoros2_ws/install/cartographer/lib/pkgconfig PYTHONPATH=/home/ros2/ros2_learn/cartoros2_ws/install/cartographer_ros_msgs/lib/python3.8/site-packages:${PYTHONPATH} /usr/bin/cmake --build /home/ros2/ros2_learn/cartoros2_ws/build/cartographer_ros -- -j4 -l4
[0.219s] [ 60%] Built target cartographer_ros
[0.281s] [ 65%] Built target cartographer_node
[0.283s] [ 71%] Built target cartographer_occupancy_grid_node
[0.302s] [ 77%] Built target cartographer_assets_writer
[0.307s] [ 82%] Built target cartographer_offline_node
[0.333s] [ 88%] Built target cartographer_pbstream_to_ros_map
[0.366s] [ 94%] Built target cartographer_pbstream_map_publisher
[0.383s] [100%] Built target cartographer_rosbag_validate
[0.404s] Invoked command in '/home/ros2/ros2_learn/cartoros2_ws/build/cartographer_ros' returned '0': AMENT_PREFIX_PATH=/home/ros2/ros2_learn/cartoros2_ws/install/cartographer_ros_msgs:${AMENT_PREFIX_PATH} CMAKE_PREFIX_PATH=/home/ros2/ros2_learn/cartoros2_ws/install/cartographer_ros_msgs:/home/ros2/ros2_learn/cartoros2_ws/install/cartographer:/opt/ros/galactic LD_LIBRARY_PATH=/home/ros2/ros2_learn/cartoros2_ws/install/cartographer_ros_msgs/lib:${LD_LIBRARY_PATH} PATH=/home/ros2/ros2_learn/cartoros2_ws/install/cartographer/bin:${PATH} PKG_CONFIG_PATH=/home/ros2/ros2_learn/cartoros2_ws/install/cartographer/lib/x86_64-linux-gnu/pkgconfig:/home/ros2/ros2_learn/cartoros2_ws/install/cartographer/lib/pkgconfig PYTHONPATH=/home/ros2/ros2_learn/cartoros2_ws/install/cartographer_ros_msgs/lib/python3.8/site-packages:${PYTHONPATH} /usr/bin/cmake --build /home/ros2/ros2_learn/cartoros2_ws/build/cartographer_ros -- -j4 -l4
[0.557s] Invoking command in '/home/ros2/ros2_learn/cartoros2_ws/build/cartographer_ros': AMENT_PREFIX_PATH=/home/ros2/ros2_learn/cartoros2_ws/install/cartographer_ros_msgs:${AMENT_PREFIX_PATH} CMAKE_PREFIX_PATH=/home/ros2/ros2_learn/cartoros2_ws/install/cartographer_ros_msgs:/home/ros2/ros2_learn/cartoros2_ws/install/cartographer:/opt/ros/galactic LD_LIBRARY_PATH=/home/ros2/ros2_learn/cartoros2_ws/install/cartographer_ros_msgs/lib:${LD_LIBRARY_PATH} PATH=/home/ros2/ros2_learn/cartoros2_ws/install/cartographer/bin:${PATH} PKG_CONFIG_PATH=/home/ros2/ros2_learn/cartoros2_ws/install/cartographer/lib/x86_64-linux-gnu/pkgconfig:/home/ros2/ros2_learn/cartoros2_ws/install/cartographer/lib/pkgconfig PYTHONPATH=/home/ros2/ros2_learn/cartoros2_ws/install/cartographer_ros_msgs/lib/python3.8/site-packages:${PYTHONPATH} /usr/bin/cmake --install /home/ros2/ros2_learn/cartoros2_ws/build/cartographer_ros
[0.576s] -- Install configuration: ""
[0.576s] -- Up-to-date: /home/ros2/ros2_learn/cartoros2_ws/install/cartographer_ros/lib/libcartographer_ros.a
[0.577s] -- Up-to-date: /home/ros2/ros2_learn/cartoros2_ws/install/cartographer_ros/lib/cartographer_ros/cartographer_node
[0.578s] -- Up-to-date: /home/ros2/ros2_learn/cartoros2_ws/install/cartographer_ros/lib/cartographer_ros/cartographer_occupancy_grid_node
[0.579s] -- Up-to-date: /home/ros2/ros2_learn/cartoros2_ws/install/cartographer_ros/lib/cartographer_ros/cartographer_offline_node
[0.579s] -- Up-to-date: /home/ros2/ros2_learn/cartoros2_ws/install/cartographer_ros/lib/cartographer_ros/cartographer_assets_writer
[0.581s] -- Up-to-date: /home/ros2/ros2_learn/cartoros2_ws/install/cartographer_ros/lib/cartographer_ros/cartographer_pbstream_map_publisher
[0.582s] -- Up-to-date: /home/ros2/ros2_learn/cartoros2_ws/install/cartographer_ros/lib/cartographer_ros/cartographer_pbstream_to_ros_map
[0.582s] -- Up-to-date: /home/ros2/ros2_learn/cartoros2_ws/install/cartographer_ros/lib/cartographer_ros/cartographer_rosbag_validate
[0.583s] -- Up-to-date: /home/ros2/ros2_learn/cartoros2_ws/install/cartographer_ros/include/
[0.585s] -- Up-to-date: /home/ros2/ros2_learn/cartoros2_ws/install/cartographer_ros/include//cartographer_ros
[0.587s] -- Up-to-date: /home/ros2/ros2_learn/cartoros2_ws/install/cartographer_ros/include//cartographer_ros/time_conversion.h
[0.587s] -- Up-to-date: /home/ros2/ros2_learn/cartoros2_ws/install/cartographer_ros/include//cartographer_ros/metrics
[0.588s] -- Up-to-date: /home/ros2/ros2_learn/cartoros2_ws/install/cartographer_ros/include//cartographer_ros/metrics/internal
[0.588s] -- Up-to-date: /home/ros2/ros2_learn/cartoros2_ws/install/cartographer_ros/include//cartographer_ros/metrics/internal/counter.h
[0.589s] -- Up-to-date: /home/ros2/ros2_learn/cartoros2_ws/install/cartographer_ros/include//cartographer_ros/metrics/internal/family.h
[0.590s] -- Up-to-date: /home/ros2/ros2_learn/cartoros2_ws/install/cartographer_ros/include//cartographer_ros/metrics/internal/histogram.h
[0.590s] -- Up-to-date: /home/ros2/ros2_learn/cartoros2_ws/install/cartographer_ros/include//cartographer_ros/metrics/internal/gauge.h
[0.591s] -- Up-to-date: /home/ros2/ros2_learn/cartoros2_ws/install/cartographer_ros/include//cartographer_ros/metrics/family_factory.h
[0.592s] -- Up-to-date: /home/ros2/ros2_learn/cartoros2_ws/install/cartographer_ros/include//cartographer_ros/assets_writer.h
[0.592s] -- Up-to-date: /home/ros2/ros2_learn/cartoros2_ws/install/cartographer_ros/include//cartographer_ros/tf_bridge.h
[0.592s] -- Up-to-date: /home/ros2/ros2_learn/cartoros2_ws/install/cartographer_ros/include//cartographer_ros/playable_bag.h
[0.592s] -- Up-to-date: /home/ros2/ros2_learn/cartoros2_ws/install/cartographer_ros/include//cartographer_ros/map_builder_bridge.h
[0.593s] -- Up-to-date: /home/ros2/ros2_learn/cartoros2_ws/install/cartographer_ros/include//cartographer_ros/sensor_bridge.h
[0.593s] -- Up-to-date: /home/ros2/ros2_learn/cartoros2_ws/install/cartographer_ros/include//cartographer_ros/node.h
[0.593s] -- Up-to-date: /home/ros2/ros2_learn/cartoros2_ws/install/cartographer_ros/include//cartographer_ros/urdf_reader.h
[0.593s] -- Up-to-date: /home/ros2/ros2_learn/cartoros2_ws/install/cartographer_ros/include//cartographer_ros/submap.h
[0.593s] -- Up-to-date: /home/ros2/ros2_learn/cartoros2_ws/install/cartographer_ros/include//cartographer_ros/ros_map.h
[0.594s] -- Up-to-date: /home/ros2/ros2_learn/cartoros2_ws/install/cartographer_ros/include//cartographer_ros/ros_map_writing_points_processor.h
[0.594s] -- Up-to-date: /home/ros2/ros2_learn/cartoros2_ws/install/cartographer_ros/include//cartographer_ros/msg_conversion.h
[0.594s] -- Up-to-date: /home/ros2/ros2_learn/cartoros2_ws/install/cartographer_ros/include//cartographer_ros/ros_log_sink.h
[0.594s] -- Up-to-date: /home/ros2/ros2_learn/cartoros2_ws/install/cartographer_ros/include//cartographer_ros/node_options.h
[0.595s] -- Up-to-date: /home/ros2/ros2_learn/cartoros2_ws/install/cartographer_ros/include//cartographer_ros/trajectory_options.h
[0.595s] -- Up-to-date: /home/ros2/ros2_learn/cartoros2_ws/install/cartographer_ros/include//cartographer_ros/node_constants.h
[0.595s] -- Up-to-date: /home/ros2/ros2_learn/cartoros2_ws/install/cartographer_ros/include//cartographer_ros/offline_node.h
[0.595s] -- Up-to-date: /home/ros2/ros2_learn/cartoros2_ws/install/cartographer_ros/share/cartographer_ros//configuration_files
[0.596s] -- Up-to-date: /home/ros2/ros2_learn/cartoros2_ws/install/cartographer_ros/share/cartographer_ros//configuration_files/assets_writer_backpack_2d.lua
[0.596s] -- Up-to-date: /home/ros2/ros2_learn/cartoros2_ws/install/cartographer_ros/share/cartographer_ros//configuration_files/visualize_pbstream.lua
[0.596s] -- Up-to-date: /home/ros2/ros2_learn/cartoros2_ws/install/cartographer_ros/share/cartographer_ros//configuration_files/taurob_tracker.lua
[0.596s] -- Up-to-date: /home/ros2/ros2_learn/cartoros2_ws/install/cartographer_ros/share/cartographer_ros//configuration_files/assets_writer_backpack_2d_ci.lua
[0.598s] -- Up-to-date: /home/ros2/ros2_learn/cartoros2_ws/install/cartographer_ros/share/cartographer_ros//configuration_files/transform.lua
[0.605s] -- Up-to-date: /home/ros2/ros2_learn/cartoros2_ws/install/cartographer_ros/share/cartographer_ros//configuration_files/backpack_2d_localization_evaluation.lua
[0.605s] -- Up-to-date: /home/ros2/ros2_learn/cartoros2_ws/install/cartographer_ros/share/cartographer_ros//configuration_files/demo_3d.rviz
[0.611s] -- Up-to-date: /home/ros2/ros2_learn/cartoros2_ws/install/cartographer_ros/share/cartographer_ros//configuration_files/pr2.lua
[0.614s] -- Up-to-date: /home/ros2/ros2_learn/cartoros2_ws/install/cartographer_ros/share/cartographer_ros//configuration_files/backpack_3d.lua
[0.614s] -- Up-to-date: /home/ros2/ros2_learn/cartoros2_ws/install/cartographer_ros/share/cartographer_ros//configuration_files/backpack_2d_server.lua
[0.614s] -- Up-to-date: /home/ros2/ros2_learn/cartoros2_ws/install/cartographer_ros/share/cartographer_ros//configuration_files/test.lua
[0.614s] -- Up-to-date: /home/ros2/ros2_learn/cartoros2_ws/install/cartographer_ros/share/cartographer_ros//configuration_files/revo_lds.lua
[0.614s] -- Up-to-date: /home/ros2/ros2_learn/cartoros2_ws/install/cartographer_ros/share/cartographer_ros//configuration_files/mir-100-mapping.lua
[0.614s] -- Up-to-date: /home/ros2/ros2_learn/cartoros2_ws/install/cartographer_ros/share/cartographer_ros//configuration_files/backpack_2d.lua
[0.614s] -- Up-to-date: /home/ros2/ros2_learn/cartoros2_ws/install/cartographer_ros/share/cartographer_ros//configuration_files/assets_writer_backpack_3d.lua
[0.614s] -- Up-to-date: /home/ros2/ros2_learn/cartoros2_ws/install/cartographer_ros/share/cartographer_ros//configuration_files/assets_writer_ros_map.lua
[0.615s] -- Up-to-date: /home/ros2/ros2_learn/cartoros2_ws/install/cartographer_ros/share/cartographer_ros//configuration_files/demo_2d.rviz
[0.615s] -- Up-to-date: /home/ros2/ros2_learn/cartoros2_ws/install/cartographer_ros/share/cartographer_ros//configuration_files/backpack_3d_localization.lua
[0.615s] -- Up-to-date: /home/ros2/ros2_learn/cartoros2_ws/install/cartographer_ros/share/cartographer_ros//configuration_files/backpack_2d_localization.lua
[0.615s] -- Up-to-date: /home/ros2/ros2_learn/cartoros2_ws/install/cartographer_ros/share/cartographer_ros//urdf
[0.615s] -- Up-to-date: /home/ros2/ros2_learn/cartoros2_ws/install/cartographer_ros/share/cartographer_ros//urdf/mir-100.urdf
[0.615s] -- Up-to-date: /home/ros2/ros2_learn/cartoros2_ws/install/cartographer_ros/share/cartographer_ros//urdf/backpack_2d.urdf
[0.615s] -- Up-to-date: /home/ros2/ros2_learn/cartoros2_ws/install/cartographer_ros/share/cartographer_ros//urdf/backpack_3d.urdf
[0.615s] -- Up-to-date: /home/ros2/ros2_learn/cartoros2_ws/install/cartographer_ros/share/cartographer_ros//launch
[0.615s] -- Up-to-date: /home/ros2/ros2_learn/cartoros2_ws/install/cartographer_ros/share/cartographer_ros//launch/demo_pr2.launch
[0.615s] -- Up-to-date: /home/ros2/ros2_learn/cartoros2_ws/install/cartographer_ros/share/cartographer_ros//launch/backpack_2d.launch.py
[0.615s] -- Up-to-date: /home/ros2/ros2_learn/cartoros2_ws/install/cartographer_ros/share/cartographer_ros//launch/offline_backpack_3d.launch.py
[0.616s] -- Up-to-date: /home/ros2/ros2_learn/cartoros2_ws/install/cartographer_ros/share/cartographer_ros//launch/assets_writer_backpack_3d.launch.py
[0.616s] -- Up-to-date: /home/ros2/ros2_learn/cartoros2_ws/install/cartographer_ros/share/cartographer_ros//launch/test.launch.py
[0.616s] -- Up-to-date: /home/ros2/ros2_learn/cartoros2_ws/install/cartographer_ros/share/cartographer_ros//launch/offline_mir_100_rviz.launch.py
[0.616s] -- Up-to-date: /home/ros2/ros2_learn/cartoros2_ws/install/cartographer_ros/share/cartographer_ros//launch/grpc_demo_backpack_2d_localization.launch
[0.616s] -- Up-to-date: /home/ros2/ros2_learn/cartoros2_ws/install/cartographer_ros/share/cartographer_ros//launch/demo_backpack_3d.launch.py
[0.616s] -- Up-to-date: /home/ros2/ros2_learn/cartoros2_ws/install/cartographer_ros/share/cartographer_ros//launch/assets_writer_backpack_2d.launch.py
[0.616s] -- Up-to-date: /home/ros2/ros2_learn/cartoros2_ws/install/cartographer_ros/share/cartographer_ros//launch/backpack_3d.launch.py
[0.616s] -- Up-to-date: /home/ros2/ros2_learn/cartoros2_ws/install/cartographer_ros/share/cartographer_ros//launch/visualize_pbstream.launch.py
[0.616s] -- Up-to-date: /home/ros2/ros2_learn/cartoros2_ws/install/cartographer_ros/share/cartographer_ros//launch/demo_revo_lds.launch.py
[0.616s] -- Up-to-date: /home/ros2/ros2_learn/cartoros2_ws/install/cartographer_ros/share/cartographer_ros//launch/demo_backpack_2d.launch.py
[0.616s] -- Up-to-date: /home/ros2/ros2_learn/cartoros2_ws/install/cartographer_ros/share/cartographer_ros//launch/offline_backpack_2d.launch.py
[0.617s] -- Up-to-date: /home/ros2/ros2_learn/cartoros2_ws/install/cartographer_ros/share/cartographer_ros//launch/assets_writer_ros_map.launch.py
[0.617s] -- Up-to-date: /home/ros2/ros2_learn/cartoros2_ws/install/cartographer_ros/share/cartographer_ros//launch/demo_backpack_2d_localization.launch.py
[0.617s] -- Up-to-date: /home/ros2/ros2_learn/cartoros2_ws/install/cartographer_ros/share/cartographer_ros//launch/offline_node.launch.py
[0.617s] -- Up-to-date: /home/ros2/ros2_learn/cartoros2_ws/install/cartographer_ros/share/cartographer_ros//launch/grpc_demo_backpack_2d.launch
[0.617s] -- Up-to-date: /home/ros2/ros2_learn/cartoros2_ws/install/cartographer_ros/share/cartographer_ros//launch/demo_taurob_tracker.launch.py
[0.617s] -- Up-to-date: /home/ros2/ros2_learn/cartoros2_ws/install/cartographer_ros/share/cartographer_ros//launch/taurob_tracker.launch.py
[0.617s] -- Up-to-date: /home/ros2/ros2_learn/cartoros2_ws/install/cartographer_ros/share/cartographer_ros//launch/demo_backpack_3d_localization.launch.py
[0.617s] -- Up-to-date: /home/ros2/ros2_learn/cartoros2_ws/install/cartographer_ros/share/cartographer_ros/environment/library_path.sh
[0.617s] -- Up-to-date: /home/ros2/ros2_learn/cartoros2_ws/install/cartographer_ros/share/cartographer_ros/environment/library_path.dsv
[0.617s] -- Up-to-date: /home/ros2/ros2_learn/cartoros2_ws/install/cartographer_ros/share/ament_index/resource_index/package_run_dependencies/cartographer_ros
[0.617s] -- Up-to-date: /home/ros2/ros2_learn/cartoros2_ws/install/cartographer_ros/share/ament_index/resource_index/parent_prefix_path/cartographer_ros
[0.617s] -- Up-to-date: /home/ros2/ros2_learn/cartoros2_ws/install/cartographer_ros/share/cartographer_ros/environment/ament_prefix_path.sh
[0.617s] -- Up-to-date: /home/ros2/ros2_learn/cartoros2_ws/install/cartographer_ros/share/cartographer_ros/environment/ament_prefix_path.dsv
[0.617s] -- Up-to-date: /home/ros2/ros2_learn/cartoros2_ws/install/cartographer_ros/share/cartographer_ros/environment/path.sh
[0.617s] -- Up-to-date: /home/ros2/ros2_learn/cartoros2_ws/install/cartographer_ros/share/cartographer_ros/environment/path.dsv
[0.617s] -- Up-to-date: /home/ros2/ros2_learn/cartoros2_ws/install/cartographer_ros/share/cartographer_ros/local_setup.bash
[0.618s] -- Up-to-date: /home/ros2/ros2_learn/cartoros2_ws/install/cartographer_ros/share/cartographer_ros/local_setup.sh
[0.618s] -- Up-to-date: /home/ros2/ros2_learn/cartoros2_ws/install/cartographer_ros/share/cartographer_ros/local_setup.zsh
[0.618s] -- Up-to-date: /home/ros2/ros2_learn/cartoros2_ws/install/cartographer_ros/share/cartographer_ros/local_setup.dsv
[0.624s] -- Installing: /home/ros2/ros2_learn/cartoros2_ws/install/cartographer_ros/share/cartographer_ros/package.dsv
[0.625s] -- Up-to-date: /home/ros2/ros2_learn/cartoros2_ws/install/cartographer_ros/share/ament_index/resource_index/packages/cartographer_ros
[0.626s] -- Up-to-date: /home/ros2/ros2_learn/cartoros2_ws/install/cartographer_ros/share/cartographer_ros/cmake/ament_cmake_export_include_directories-extras.cmake
[0.626s] -- Up-to-date: /home/ros2/ros2_learn/cartoros2_ws/install/cartographer_ros/share/cartographer_ros/cmake/ament_cmake_export_libraries-extras.cmake
[0.627s] -- Up-to-date: /home/ros2/ros2_learn/cartoros2_ws/install/cartographer_ros/share/cartographer_ros/cmake/ament_cmake_export_dependencies-extras.cmake
[0.627s] -- Up-to-date: /home/ros2/ros2_learn/cartoros2_ws/install/cartographer_ros/share/cartographer_ros/cmake/cartographer_rosConfig.cmake
[0.627s] -- Up-to-date: /home/ros2/ros2_learn/cartoros2_ws/install/cartographer_ros/share/cartographer_ros/cmake/cartographer_rosConfig-version.cmake
[0.628s] -- Up-to-date: /home/ros2/ros2_learn/cartoros2_ws/install/cartographer_ros/share/cartographer_ros/package.xml
[0.629s] Invoked command in '/home/ros2/ros2_learn/cartoros2_ws/build/cartographer_ros' returned '0': AMENT_PREFIX_PATH=/home/ros2/ros2_learn/cartoros2_ws/install/cartographer_ros_msgs:${AMENT_PREFIX_PATH} CMAKE_PREFIX_PATH=/home/ros2/ros2_learn/cartoros2_ws/install/cartographer_ros_msgs:/home/ros2/ros2_learn/cartoros2_ws/install/cartographer:/opt/ros/galactic LD_LIBRARY_PATH=/home/ros2/ros2_learn/cartoros2_ws/install/cartographer_ros_msgs/lib:${LD_LIBRARY_PATH} PATH=/home/ros2/ros2_learn/cartoros2_ws/install/cartographer/bin:${PATH} PKG_CONFIG_PATH=/home/ros2/ros2_learn/cartoros2_ws/install/cartographer/lib/x86_64-linux-gnu/pkgconfig:/home/ros2/ros2_learn/cartoros2_ws/install/cartographer/lib/pkgconfig PYTHONPATH=/home/ros2/ros2_learn/cartoros2_ws/install/cartographer_ros_msgs/lib/python3.8/site-packages:${PYTHONPATH} /usr/bin/cmake --install /home/ros2/ros2_learn/cartoros2_ws/build/cartographer_ros
