[0.027s] Invoking command in '/home/ros2/ros2_learn/fish_protocol/examples/example_ros2/example_fish_protocol/build/example_fish_protocol': CMAKE_PREFIX_PATH=/opt/ros/galactic /usr/bin/cmake --build /home/ros2/ros2_learn/fish_protocol/examples/example_ros2/example_fish_protocol/build/example_fish_protocol -- -j4 -l4
[0.073s] [35m[1mScanning dependencies of target example_fish_protocol[0m
[0.097s] [ 50%] [32mBuilding CXX object CMakeFiles/example_fish_protocol.dir/src/example_fish_protocol.cpp.o[0m
[4.165s] [100%] [32m[1mLinking CXX executable example_fish_protocol[0m
[4.300s] [100%] Built target example_fish_protocol
[4.314s] Invoked command in '/home/ros2/ros2_learn/fish_protocol/examples/example_ros2/example_fish_protocol/build/example_fish_protocol' returned '0': CMAKE_PREFIX_PATH=/opt/ros/galactic /usr/bin/cmake --build /home/ros2/ros2_learn/fish_protocol/examples/example_ros2/example_fish_protocol/build/example_fish_protocol -- -j4 -l4
[4.356s] Invoking command in '/home/ros2/ros2_learn/fish_protocol/examples/example_ros2/example_fish_protocol/build/example_fish_protocol': CMAKE_PREFIX_PATH=/opt/ros/galactic /usr/bin/cmake --install /home/ros2/ros2_learn/fish_protocol/examples/example_ros2/example_fish_protocol/build/example_fish_protocol
[4.365s] -- Install configuration: ""
[4.366s] -- Installing: /home/ros2/ros2_learn/fish_protocol/examples/example_ros2/example_fish_protocol/install/example_fish_protocol/lib/example_fish_protocol/example_fish_protocol
[4.366s] -- Set runtime path of "/home/ros2/ros2_learn/fish_protocol/examples/example_ros2/example_fish_protocol/install/example_fish_protocol/lib/example_fish_protocol/example_fish_protocol" to ""
[4.368s] -- Up-to-date: /home/ros2/ros2_learn/fish_protocol/examples/example_ros2/example_fish_protocol/install/example_fish_protocol/share/ament_index/resource_index/package_run_dependencies/example_fish_protocol
[4.368s] -- Up-to-date: /home/ros2/ros2_learn/fish_protocol/examples/example_ros2/example_fish_protocol/install/example_fish_protocol/share/ament_index/resource_index/parent_prefix_path/example_fish_protocol
[4.369s] -- Up-to-date: /home/ros2/ros2_learn/fish_protocol/examples/example_ros2/example_fish_protocol/install/example_fish_protocol/share/example_fish_protocol/environment/ament_prefix_path.sh
[4.369s] -- Up-to-date: /home/ros2/ros2_learn/fish_protocol/examples/example_ros2/example_fish_protocol/install/example_fish_protocol/share/example_fish_protocol/environment/ament_prefix_path.dsv
[4.370s] -- Up-to-date: /home/ros2/ros2_learn/fish_protocol/examples/example_ros2/example_fish_protocol/install/example_fish_protocol/share/example_fish_protocol/environment/path.sh
[4.370s] -- Up-to-date: /home/ros2/ros2_learn/fish_protocol/examples/example_ros2/example_fish_protocol/install/example_fish_protocol/share/example_fish_protocol/environment/path.dsv
[4.370s] -- Up-to-date: /home/ros2/ros2_learn/fish_protocol/examples/example_ros2/example_fish_protocol/install/example_fish_protocol/share/example_fish_protocol/local_setup.bash
[4.370s] -- Up-to-date: /home/ros2/ros2_learn/fish_protocol/examples/example_ros2/example_fish_protocol/install/example_fish_protocol/share/example_fish_protocol/local_setup.sh
[4.371s] -- Up-to-date: /home/ros2/ros2_learn/fish_protocol/examples/example_ros2/example_fish_protocol/install/example_fish_protocol/share/example_fish_protocol/local_setup.zsh
[4.372s] -- Up-to-date: /home/ros2/ros2_learn/fish_protocol/examples/example_ros2/example_fish_protocol/install/example_fish_protocol/share/example_fish_protocol/local_setup.dsv
[4.372s] -- Installing: /home/ros2/ros2_learn/fish_protocol/examples/example_ros2/example_fish_protocol/install/example_fish_protocol/share/example_fish_protocol/package.dsv
[4.372s] -- Up-to-date: /home/ros2/ros2_learn/fish_protocol/examples/example_ros2/example_fish_protocol/install/example_fish_protocol/share/ament_index/resource_index/packages/example_fish_protocol
[4.372s] -- Up-to-date: /home/ros2/ros2_learn/fish_protocol/examples/example_ros2/example_fish_protocol/install/example_fish_protocol/share/example_fish_protocol/cmake/example_fish_protocolConfig.cmake
[4.372s] -- Up-to-date: /home/ros2/ros2_learn/fish_protocol/examples/example_ros2/example_fish_protocol/install/example_fish_protocol/share/example_fish_protocol/cmake/example_fish_protocolConfig-version.cmake
[4.372s] -- Up-to-date: /home/ros2/ros2_learn/fish_protocol/examples/example_ros2/example_fish_protocol/install/example_fish_protocol/share/example_fish_protocol/package.xml
[4.379s] Invoked command in '/home/ros2/ros2_learn/fish_protocol/examples/example_ros2/example_fish_protocol/build/example_fish_protocol' returned '0': CMAKE_PREFIX_PATH=/opt/ros/galactic /usr/bin/cmake --install /home/ros2/ros2_learn/fish_protocol/examples/example_ros2/example_fish_protocol/build/example_fish_protocol
